#data counter step time
5 1 0 0.0
4 2 2 0.0
3 3 3 0.0
2 4 4 0.0
1 5 6 0.0
0 6 8 0.0
1 7 14 0.0
2 8 16 0.0
3 9 17 0.0
4 10 19 0.0
5 11 21 0.0
4 12 31 192.036206702
5 13 34 192.036206702
4 14 35 194.060434108
5 15 40 194.060434108
4 16 42 194.114655545
5 17 45 194.114655545
4 18 46 198.823413675
5 19 55 198.823413675
4 20 56 198.903912553
5 21 59 198.903912553
4 22 60 390.807916578
5 23 63 390.807916578
4 24 64 397.428919044
5 25 67 397.428919044
4 26 68 399.620737508
5 27 71 399.620737508
4 28 72 406.341777503
5 29 78 406.341777503
4 30 79 409.155168109
5 31 82 409.155168109
4 32 83 576.213969581
5 33 86 576.213969581
4 34 87 595.818555903
5 35 92 595.818555903
4 36 94 598.661769933
5 37 97 598.661769933
4 38 98 598.698936447
5 39 108 598.698936447
4 40 111 611.635970413
5 41 114 611.635970413
4 42 115 771.712895909
5 43 118 771.712895909
4 44 119 793.455108064
5 45 122 793.455108064
4 46 123 794.239346436
5 47 129 794.239346436
4 48 130 796.473398525
5 49 136 796.473398525
4 50 137 804.783321322
5 51 140 804.783321322
4 52 141 963.260852704
5 53 144 963.260852704
4 54 145 987.456290386
5 55 148 987.456290386
4 56 149 995.446772678
5 57 152 995.446772678
4 58 153 997.992786307
5 59 156 997.992786307
4 60 157 1003.16840471
5 61 160 1003.16840471
4 62 161 1167.12211056
5 63 164 1167.12211056
4 64 165 1191.30855789
5 65 168 1191.30855789
4 66 169 1201.94079585
5 67 172 1201.94079585
4 68 173 1204.12192986
5 69 176 1204.12192986
4 70 177 1205.52326426
5 71 180 1205.52326426
4 72 181 1377.61777322
5 73 184 1377.61777322
4 74 185 1387.36255284
5 75 188 1387.36255284
4 76 189 1389.35860382
5 77 192 1389.35860382
4 78 193 1395.54689873
5 79 196 1395.54689873
4 80 197 1410.82396655
5 81 200 1410.82396655
4 82 201 1579.32501723
5 83 204 1579.32501723
4 84 205 1579.60113442
5 85 208 1579.60113442
4 86 209 1585.71898952
5 87 212 1585.71898952
4 88 213 1589.22302973
5 89 216 1589.22302973
4 90 217 1605.86564436
5 91 220 1605.86564436
4 92 221 1770.58673316
5 93 224 1770.58673316
4 94 225 1779.23429506
5 95 228 1779.23429506
4 96 229 1784.93032725
5 97 232 1784.93032725
4 98 233 1798.60537667
5 99 236 1798.60537667
4 100 237 1812.5960869
5 101 240 1812.5960869
4 102 241 1982.89474781
5 103 244 1982.89474781
4 104 245 1983.47787263
5 105 248 1983.47787263
4 106 249 1989.36817199
5 107 252 1989.36817199
4 108 253 1999.53769397
5 109 256 1999.53769397
4 110 257 2015.83071793
5 111 260 2015.83071793
4 112 261 2172.90638457
5 113 264 2172.90638457
4 114 265 2191.19840724
5 115 268 2191.19840724
4 116 269 2197.29659542
5 117 272 2197.29659542
4 118 273 2199.35695208
5 119 276 2199.35695208
4 120 277 2218.13929424
5 121 280 2218.13929424
4 122 281 2378.55505276
5 123 284 2378.55505276
4 124 285 2393.10016413
5 125 288 2393.10016413
4 126 289 2396.12087226
5 127 292 2396.12087226
4 128 293 2401.02535074
5 129 296 2401.02535074
4 130 297 2415.01863881
5 131 300 2415.01863881
4 132 301 2574.42920922
5 133 304 2574.42920922
4 134 305 2595.05960502
5 135 308 2595.05960502
4 136 309 2598.70368092
5 137 312 2598.70368092
4 138 313 2601.50950809
5 139 316 2601.50950809
4 140 317 2611.52358806
5 141 320 2611.52358806
4 142 321 2783.8403175
5 143 324 2783.8403175
4 144 325 2797.44959342
5 145 328 2797.44959342
4 146 329 2799.65151338
5 147 332 2799.65151338
4 148 333 2799.65738141
5 149 336 2799.65738141
4 150 337 2812.82860291
5 151 340 2812.82860291
4 152 341 2986.88828377
5 153 344 2986.88828377
4 154 345 2998.14426284
5 155 348 2998.14426284
4 156 349 3002.92373214
5 157 352 3002.92373214
4 158 353 3003.92715299
5 159 356 3003.92715299
4 160 357 3016.3172945
5 161 360 3016.3172945
4 162 361 3180.08210301
5 163 364 3180.08210301
4 164 365 3201.19898433
5 165 368 3201.19898433
4 166 369 3206.09514056
5 167 372 3206.09514056
4 168 373 3208.23088161
5 169 376 3208.23088161
4 170 377 3214.2095041
5 171 380 3214.2095041
4 172 381 3367.09884209
5 173 384 3367.09884209
4 174 385 3402.87990977
5 175 388 3402.87990977
4 176 389 3406.21351444
5 177 392 3406.21351444
4 178 393 3413.09295288
5 179 396 3413.09295288
4 180 397 3414.00681747
5 181 400 3414.00681747
4 182 401 3559.21110577
5 183 404 3559.21110577
4 184 405 3612.27513451
5 185 408 3612.27513451
4 186 409 3613.02098887
5 187 412 3613.02098887
4 188 413 3615.21951018
5 189 416 3615.21951018
4 190 417 3620.50134045
5 191 420 3620.50134045
4 192 421 3755.01151028
5 193 424 3755.01151028
4 194 425 3807.33777252
5 195 428 3807.33777252
4 196 429 3808.17370526
5 197 432 3808.17370526
4 198 433 3813.8993476
5 199 436 3813.8993476
4 200 437 3823.81368947
5 201 440 3823.81368947
4 202 441 3949.88184614
5 203 444 3949.88184614
4 204 445 4008.72142408
5 205 448 4008.72142408
4 206 449 4009.14858841
5 207 452 4009.14858841
4 208 453 4009.64901759
5 209 456 4009.64901759
4 210 457 4028.00139743
5 211 460 4028.00139743
4 212 461 4149.05222579
5 213 464 4149.05222579
4 214 465 4201.88244684
5 215 468 4201.88244684
4 216 469 4210.87938822
5 217 472 4210.87938822
4 218 473 4211.49028336
5 219 476 4211.49028336
4 220 477 4225.94547541
5 221 480 4225.94547541
4 222 481 4353.03759215
5 223 484 4353.03759215
4 224 485 4405.97520943
5 225 488 4405.97520943
4 226 489 4410.15037875
5 227 492 4410.15037875
4 228 493 4414.16090627
5 229 496 4414.16090627
4 230 497 4430.12573935
5 231 500 4430.12573935
4 232 501 4558.50391222
5 233 504 4558.50391222
4 234 505 4605.85710262
5 235 508 4605.85710262
4 236 509 4611.52743598
5 237 512 4611.52743598
4 238 513 4616.765094
5 239 516 4616.765094
4 240 517 4626.9765322
5 241 520 4626.9765322
4 242 521 4742.12760696
5 243 524 4742.12760696
4 244 525 4806.25854557
5 245 528 4806.25854557
4 246 529 4816.35922016
5 247 532 4816.35922016
4 248 533 4822.23828799
5 249 536 4822.23828799
4 250 537 4822.46933389
5 251 540 4822.46933389
4 252 541 4947.51583153
5 253 544 4947.51583153
4 254 545 5011.45335888
5 255 548 5011.45335888
4 256 549 5016.69438138
5 257 552 5016.69438138
4 258 553 5018.60425545
5 259 556 5018.60425545
4 260 557 5021.68292936
5 261 560 5021.68292936
4 262 561 5151.06432738
5 263 564 5151.06432738
4 264 565 5215.76199954
5 265 568 5215.76199954
4 266 569 5217.70266478
5 267 572 5217.70266478
4 268 573 5219.12000984
5 269 576 5219.12000984
4 270 577 5224.48409953
5 271 580 5224.48409953
4 272 581 5350.93029222
5 273 584 5350.93029222
4 274 585 5410.38306334
5 275 588 5410.38306334
4 276 589 5422.6274527
5 277 592 5422.6274527
4 278 593 5423.0503607
5 279 596 5423.0503607
4 280 597 5424.98477827
5 281 600 5424.98477827
4 282 601 5555.88292937
5 283 604 5555.88292937
4 284 605 5610.0773312
5 285 608 5610.0773312
4 286 609 5615.85238377
5 287 612 5615.85238377
4 288 613 5618.46063948
5 289 616 5618.46063948
4 290 617 5628.54844087
5 291 620 5628.54844087
4 292 621 5753.17430331
5 293 624 5753.17430331
4 294 625 5801.88401014
5 295 628 5801.88401014
4 296 629 5805.07604552
5 297 632 5805.07604552
4 298 633 5815.19046975
5 299 636 5815.19046975
4 300 637 5822.40595295
5 301 640 5822.40595295
4 302 641 5954.8830894
5 303 644 5954.8830894
4 304 645 5999.87506203
5 305 648 5999.87506203
4 306 649 6001.83284521
5 307 652 6001.83284521
4 308 653 6017.46166
5 309 656 6017.46166
4 310 657 6022.74390292
5 311 660 6022.74390292
4 312 661 6158.47985061
5 313 664 6158.47985061
4 314 665 6185.09847297
5 315 668 6185.09847297
4 316 669 6212.26539566
5 317 672 6212.26539566
4 318 673 6221.33673127
5 319 676 6221.33673127
4 320 677 6223.34069778
5 321 680 6223.34069778
4 322 681 6354.47656049
5 323 684 6354.47656049
4 324 685 6383.82884405
5 325 688 6383.82884405
4 326 689 6398.78076694
5 327 692 6398.78076694
4 328 693 6408.73924981
5 329 696 6408.73924981
4 330 697 6424.04899391
5 331 700 6424.04899391
4 332 701 6550.40381646
5 333 704 6550.40381646
4 334 705 6593.37137224
5 335 708 6593.37137224
4 336 709 6599.47946485
5 337 712 6599.47946485
4 338 713 6604.50775689
5 339 716 6604.50775689
4 340 717 6625.28012107
5 341 720 6625.28012107
4 342 721 6749.95959807
5 343 724 6749.95959807
4 344 725 6790.45122329
5 345 728 6790.45122329
4 346 729 6803.68952307
5 347 732 6803.68952307
4 348 733 6805.42818556
5 349 736 6805.42818556
4 350 737 6822.36477896
5 351 740 6822.36477896
4 352 741 6941.3268935
5 353 744 6941.3268935
4 354 745 6985.1983681
5 355 748 6985.1983681
4 356 749 7001.50945371
5 357 752 7001.50945371
4 358 753 7010.30450161
5 359 756 7010.30450161
4 360 757 7021.12332847
5 361 760 7021.12332847
4 362 761 7150.64777235
5 363 764 7150.64777235
4 364 765 7183.12292806
5 365 768 7183.12292806
4 366 769 7200.62656067
5 367 772 7200.62656067
4 368 773 7214.74392546
5 369 776 7214.74392546
4 370 777 7216.4024266
5 371 780 7216.4024266
4 372 781 7349.63854329
5 373 784 7349.63854329
4 374 785 7387.33033131
5 375 788 7387.33033131
4 376 789 7403.25154832
5 377 792 7403.25154832
4 378 793 7419.84465173
5 379 796 7419.84465173
4 380 797 7421.89634533
5 381 800 7421.89634533
4 382 801 7549.79185699
5 383 804 7549.79185699
4 384 805 7589.18036203
5 385 808 7589.18036203
4 386 809 7592.56117669
5 387 812 7592.56117669
4 388 813 7627.54035649
5 389 816 7627.54035649
4 390 817 7628.17151931
5 391 820 7628.17151931
4 392 821 7742.39680788
5 393 824 7742.39680788
4 394 825 7782.48211758
5 395 828 7782.48211758
4 396 829 7784.48358704
5 397 832 7784.48358704
4 398 833 7818.12210274
5 399 836 7818.12210274
4 400 837 7831.11259868
5 401 840 7831.11259868
4 402 841 7946.17187461
5 403 844 7946.17187461
4 404 845 7975.19703092
5 405 848 7975.19703092
4 406 849 7990.14371688
5 407 852 7990.14371688
4 408 853 8017.05846894
5 409 856 8017.05846894
4 410 857 8036.90004829
5 411 860 8036.90004829
4 412 861 8143.77182235
5 413 864 8143.77182235
4 414 865 8174.78065011
5 415 868 8174.78065011
4 416 869 8190.29100878
5 417 872 8190.29100878
4 418 873 8216.32811513
5 419 876 8216.32811513
4 420 877 8234.92672904
5 421 880 8234.92672904
4 422 881 8350.22690178
5 423 884 8350.22690178
4 424 885 8379.9777273
5 425 888 8379.9777273
4 426 889 8398.00064101
5 427 892 8398.00064101
4 428 893 8428.14151503
5 429 896 8428.14151503
4 430 897 8436.40216125
5 431 900 8436.40216125
4 432 901 8558.96579922
5 433 904 8558.96579922
4 434 905 8577.77086154
5 435 908 8577.77086154
4 436 909 8594.30994259
5 437 912 8594.30994259
4 438 913 8619.44241151
5 439 916 8619.44241151
4 440 917 8635.88695107
5 441 920 8635.88695107
4 442 921 8760.88142939
5 443 924 8760.88142939
4 444 925 8784.56043361
5 445 928 8784.56043361
4 446 929 8792.54979541
5 447 932 8792.54979541
4 448 933 8823.70757004
5 449 936 8823.70757004
4 450 937 8829.57662607
5 451 940 8829.57662607
4 452 941 8971.64178725
5 453 944 8971.64178725
4 454 945 8991.12657075
5 455 948 8991.12657075
4 456 949 8998.87882318
5 457 952 8998.87882318
4 458 953 9021.80251989
5 459 956 9021.80251989
4 460 957 9031.331664
5 461 960 9031.331664
4 462 961 9169.72175669
5 463 964 9169.72175669
4 464 965 9185.62747263
5 465 968 9185.62747263
4 466 969 9186.9258437
5 467 972 9186.9258437
4 468 973 9219.3753686
5 469 976 9219.3753686
4 470 977 9228.75854262
5 471 980 9228.75854262
4 472 981 9363.36643795
5 473 984 9363.36643795
4 474 985 9380.60143633
5 475 988 9380.60143633
4 476 989 9381.19381403
5 477 992 9381.19381403
4 478 993 9426.24300277
5 479 996 9426.24300277
4 480 997 9430.60963352
5 481 1000 9430.60963352
4 482 1001 9574.83559251
5 483 1004 9574.83559251
4 484 1005 9581.4419465
5 485 1008 9581.4419465
4 486 1009 9586.28731199
5 487 1012 9586.28731199
4 488 1013 9616.8564014
5 489 1016 9616.8564014
4 490 1017 9634.02141785
5 491 1020 9634.02141785
4 492 1021 9776.49456769
5 493 1024 9776.49456769
4 494 1025 9782.59041166
5 495 1028 9782.59041166
4 496 1029 9784.1948082
5 497 1032 9784.1948082
4 498 1033 9821.52907095
5 499 1036 9821.52907095
4 500 1037 9833.62864487
5 501 1040 9833.62864487
4 502 1041 9975.72119201
5 503 1044 9975.72119201
4 504 1045 9986.07308911
5 505 1048 9986.07308911
4 506 1049 9994.18966613
5 507 1052 9994.18966613
4 508 1053 10022.6097402
5 509 1056 10022.6097402
4 510 1057 10036.7052231
5 511 1060 10036.7052231
4 512 1061 10164.7860845
5 513 1064 10164.7860845
4 514 1065 10184.1758563
5 515 1068 10184.1758563
4 516 1069 10190.3313892
5 517 1072 10190.3313892
4 518 1073 10221.4411966
5 519 1076 10221.4411966
4 520 1077 10228.9324168
5 521 1080 10228.9324168
4 522 1081 10357.1250623
5 523 1084 10357.1250623
4 524 1085 10379.7606953
5 525 1088 10379.7606953
4 526 1089 10390.0108784
5 527 1092 10390.0108784
4 528 1093 10421.2371608
5 529 1096 10421.2371608
4 530 1097 10438.2097629
5 531 1100 10438.2097629
4 532 1101 10563.0276748
5 533 1104 10563.0276748
4 534 1105 10576.5714919
5 535 1108 10576.5714919
4 536 1109 10592.0704887
5 537 1112 10592.0704887
4 538 1113 10620.0102494
5 539 1116 10620.0102494
4 540 1117 10640.419562
5 541 1120 10640.419562
4 542 1121 10765.0349953
5 543 1124 10765.0349953
4 544 1125 10782.7180567
5 545 1128 10782.7180567
4 546 1129 10795.4321439
5 547 1132 10795.4321439
4 548 1133 10821.0872557
5 549 1136 10821.0872557
4 550 1137 10835.4331148
5 551 1140 10835.4331148
4 552 1141 10970.7390507
5 553 1144 10970.7390507
4 554 1145 10991.4642928
5 555 1148 10991.4642928
4 556 1149 10997.9230122
5 557 1152 10997.9230122
4 558 1153 11020.0372843
5 559 1156 11020.0372843
4 560 1157 11032.6634559
5 561 1160 11032.6634559
4 562 1161 11170.1790668
5 563 1164 11170.1790668
4 564 1165 11180.3100551
5 565 1168 11180.3100551
4 566 1169 11191.9224948
5 567 1172 11191.9224948
4 568 1173 11223.5478139
5 569 1176 11223.5478139
4 570 1177 11236.5615421
5 571 1180 11236.5615421
4 572 1181 11375.7661032
5 573 1184 11375.7661032
4 574 1185 11380.1865645
5 575 1188 11380.1865645
4 576 1189 11388.8904865
5 577 1192 11388.8904865
4 578 1193 11424.2612602
5 579 1196 11424.2612602
4 580 1197 11437.3326681
5 581 1200 11437.3326681
4 582 1201 11577.6648689
5 583 1204 11577.6648689
4 584 1205 11585.2255744
5 585 1208 11585.2255744
4 586 1209 11600.4322842
5 587 1212 11600.4322842
4 588 1213 11625.6990351
5 589 1216 11625.6990351
4 590 1217 11649.9227383
5 591 1220 11649.9227383
4 592 1221 11776.7981288
5 593 1224 11776.7981288
4 594 1225 11791.6174013
5 595 1228 11791.6174013
4 596 1229 11809.7985537
5 597 1232 11809.7985537
4 598 1233 11829.7056348
5 599 1236 11829.7056348
4 600 1237 11840.841516
5 601 1240 11840.841516
4 602 1241 11971.111327
5 603 1244 11971.111327
4 604 1245 11996.2539835
5 605 1248 11996.2539835
4 606 1249 12024.9372978
5 607 1252 12024.9372978
4 608 1253 12034.3565623
5 609 1256 12034.3565623
4 610 1257 12040.3407077
5 611 1260 12040.3407077
4 612 1261 12157.1538257
5 613 1264 12157.1538257
4 614 1265 12192.3740753
5 615 1268 12192.3740753
4 616 1269 12220.316106
5 617 1272 12220.316106
4 618 1273 12234.9028811
5 619 1276 12234.9028811
4 620 1277 12240.7694197
5 621 1280 12240.7694197
4 622 1281 12352.1699535
5 623 1284 12352.1699535
4 624 1285 12391.3263604
5 625 1288 12391.3263604
4 626 1289 12424.6384516
5 627 1292 12424.6384516
4 628 1293 12435.0040377
5 629 1296 12435.0040377
4 630 1297 12437.3985604
5 631 1300 12437.3985604
4 632 1301 12554.9138823
5 633 1304 12554.9138823
4 634 1305 12598.2739529
5 635 1308 12598.2739529
4 636 1309 12628.5675077
5 637 1312 12628.5675077
4 638 1313 12629.7004737
5 639 1316 12629.7004737
4 640 1317 12640.0475425
5 641 1320 12640.0475425
4 642 1321 12751.8425717
5 643 1324 12751.8425717
4 644 1325 12800.268099
5 645 1328 12800.268099
4 646 1329 12824.1645364
5 647 1332 12824.1645364
4 648 1333 12828.0668639
5 649 1336 12828.0668639
4 650 1337 12830.0405169
5 651 1340 12830.0405169
4 652 1341 12949.6208077
5 653 1344 12949.6208077
4 654 1345 13007.272047
5 655 1348 13007.272047
4 656 1349 13019.1481404
5 657 1352 13019.1481404
4 658 1353 13034.7337032
5 659 1356 13034.7337032
4 660 1357 13035.0141848
5 661 1360 13035.0141848
4 662 1361 13159.1795323
5 663 1364 13159.1795323
4 664 1365 13206.6117701
5 665 1368 13206.6117701
4 666 1369 13227.8498888
5 667 1372 13227.8498888
4 668 1373 13233.5915611
5 669 1376 13233.5915611
4 670 1377 13244.3508351
5 671 1380 13244.3508351
4 672 1381 13368.3116339
5 673 1384 13368.3116339
4 674 1385 13406.9977065
5 675 1388 13406.9977065
4 676 1389 13427.1156168
5 677 1392 13427.1156168
4 678 1393 13432.5074683
5 679 1396 13432.5074683
4 680 1397 13448.1307253
5 681 1400 13448.1307253
4 682 1401 13565.7342013
5 683 1404 13565.7342013
4 684 1405 13614.1229203
5 685 1408 13614.1229203
4 686 1409 13617.4299465
5 687 1412 13617.4299465
4 688 1413 13636.7623568
5 689 1416 13636.7623568
4 690 1417 13642.1783541
5 691 1420 13642.1783541
4 692 1421 13774.5037345
5 693 1424 13774.5037345
4 694 1425 13808.9755483
5 695 1428 13808.9755483
4 696 1429 13809.6644428
5 697 1432 13809.6644428
4 698 1433 13828.8798392
5 699 1436 13828.8798392
4 700 1437 13844.9869697
5 701 1440 13844.9869697
4 702 1441 13982.8757052
5 703 1444 13982.8757052
4 704 1445 14007.4387456
5 705 1448 14007.4387456
4 706 1449 14011.4474002
5 707 1452 14011.4474002
4 708 1453 14024.3040581
5 709 1456 14024.3040581
4 710 1457 14048.7212075
5 711 1460 14048.7212075
4 712 1461 14182.7782787
5 713 1464 14182.7782787
4 714 1465 14200.937922
5 715 1468 14200.937922
4 716 1469 14206.7548521
5 717 1472 14206.7548521
4 718 1473 14213.2432928
5 719 1476 14213.2432928
4 720 1477 14250.0906506
5 721 1480 14250.0906506
4 722 1481 14382.4179033
5 723 1484 14382.4179033
4 724 1485 14404.1354811
5 725 1488 14404.1354811
4 726 1489 14411.1863366
5 727 1492 14411.1863366
4 728 1493 14415.6336452
5 729 1496 14415.6336452
4 730 1497 14453.5320753
5 731 1500 14453.5320753
4 732 1501 14581.028677
5 733 1504 14581.028677
4 734 1505 14607.3232585
5 735 1508 14607.3232585
4 736 1509 14614.8804484
5 737 1512 14614.8804484
4 738 1513 14625.0598134
5 739 1516 14625.0598134
4 740 1517 14651.0107987
5 741 1520 14651.0107987
4 742 1521 14780.4736722
5 743 1524 14780.4736722
4 744 1525 14798.2686939
5 745 1528 14798.2686939
4 746 1529 14825.7498999
5 747 1532 14825.7498999
4 748 1533 14828.2574088
5 749 1536 14828.2574088
4 750 1537 14845.9171166
5 751 1540 14845.9171166
4 752 1541 14975.8024972
5 753 1544 14975.8024972
4 754 1545 14999.1564706
5 755 1548 14999.1564706
4 756 1549 15019.3334358
5 757 1552 15019.3334358
4 758 1553 15035.5127006
5 759 1556 15035.5127006
4 760 1557 15058.049154
5 761 1560 15058.049154
4 762 1561 15170.9538924
5 763 1564 15170.9538924
4 764 1565 15198.1707625
5 765 1568 15198.1707625
4 766 1569 15218.4035808
5 767 1572 15218.4035808
4 768 1573 15227.9656974
5 769 1576 15227.9656974
4 770 1577 15262.0157702
5 771 1580 15262.0157702
4 772 1581 15372.2115357
5 773 1584 15372.2115357
4 774 1585 15412.1202982
5 775 1588 15412.1202982
4 776 1589 15419.4281427
5 777 1592 15419.4281427
4 778 1593 15424.8621827
5 779 1596 15424.8621827
4 780 1597 15457.1382146
5 781 1600 15457.1382146
4 782 1601 15575.5990687
5 783 1604 15575.5990687
4 784 1605 15614.6302256
5 785 1608 15614.6302256
4 786 1609 15623.7488343
5 787 1612 15623.7488343
4 788 1613 15640.1395159
5 789 1616 15640.1395159
4 790 1617 15662.3034833
5 791 1620 15662.3034833
4 792 1621 15788.6400754
5 793 1624 15788.6400754
4 794 1625 15812.986202
5 795 1628 15812.986202
4 796 1629 15817.0321104
5 797 1632 15817.0321104
4 798 1633 15841.586987
5 799 1636 15841.586987
4 800 1637 15862.2527018
5 801 1640 15862.2527018
4 802 1641 15983.6399979
5 803 1644 15983.6399979
4 804 1645 16015.1248932
5 805 1648 16015.1248932
4 806 1649 16026.9287117
5 807 1652 16026.9287117
4 808 1653 16047.8279464
5 809 1656 16047.8279464
4 810 1657 16068.946704
5 811 1660 16068.946704
4 812 1661 16176.4585127
5 813 1664 16176.4585127
4 814 1665 16215.064809
5 815 1668 16215.064809
4 816 1669 16229.9377343
5 817 1672 16229.9377343
4 818 1673 16248.9405777
5 819 1676 16248.9405777
4 820 1677 16277.6320907
5 821 1680 16277.6320907
4 822 1681 16375.4004331
5 823 1684 16375.4004331
4 824 1685 16410.3381169
5 825 1688 16410.3381169
4 826 1689 16428.3038698
5 827 1692 16428.3038698
4 828 1693 16447.1240568
5 829 1696 16447.1240568
4 830 1697 16482.1999179
5 831 1700 16482.1999179
4 832 1701 16579.0259688
5 833 1704 16579.0259688
4 834 1705 16620.8616457
5 835 1708 16620.8616457
4 836 1709 16632.2758543
5 837 1712 16632.2758543
4 838 1713 16637.5453448
5 839 1716 16637.5453448
4 840 1717 16687.1513816
5 841 1720 16687.1513816
4 842 1721 16777.9109551
5 843 1724 16777.9109551
4 844 1725 16826.5232585
5 845 1728 16826.5232585
4 846 1729 16836.7469822
5 847 1732 16836.7469822
4 848 1733 16838.1525332
5 849 1736 16838.1525332
4 850 1737 16903.4469281
5 851 1740 16903.4469281
4 852 1741 16965.2198494
5 853 1744 16965.2198494
4 854 1745 17028.6823314
5 855 1748 17028.6823314
4 856 1749 17031.9013448
5 857 1752 17031.9013448
4 858 1753 17038.2142648
5 859 1756 17038.2142648
4 860 1757 17108.7556373
5 861 1760 17108.7556373
4 862 1761 17171.5744643
5 863 1764 17171.5744643
4 864 1765 17222.8426162
5 865 1768 17222.8426162
4 866 1769 17233.2125269
5 867 1772 17233.2125269
4 868 1773 17243.9098912
5 869 1776 17243.9098912
4 870 1777 17303.0096727
5 871 1780 17303.0096727
4 872 1781 17381.2381352
5 873 1784 17381.2381352
4 874 1785 17424.1178942
5 875 1788 17424.1178942
4 876 1789 17431.8231786
5 877 1792 17431.8231786
4 878 1793 17443.2364244
5 879 1796 17443.2364244
4 880 1797 17506.1503405
5 881 1800 17506.1503405
4 882 1801 17579.6181586
5 883 1804 17579.6181586
4 884 1805 17625.7652264
5 885 1808 17625.7652264
4 886 1809 17634.3530312
5 887 1812 17634.3530312
4 888 1813 17642.0869248
5 889 1816 17642.0869248
4 890 1817 17698.2933436
5 891 1820 17698.2933436
4 892 1821 17785.3582296
5 893 1824 17785.3582296
4 894 1825 17822.4926197
5 895 1828 17822.4926197
4 896 1829 17826.37295
5 897 1832 17826.37295
4 898 1833 17838.9823489
5 899 1836 17838.9823489
4 900 1837 17889.0408037
5 901 1840 17889.0408037
4 902 1841 17983.0138357
5 903 1844 17983.0138357
4 904 1845 18016.8059359
5 905 1848 18016.8059359
4 906 1849 18020.0838438
5 907 1852 18020.0838438
4 908 1853 18035.6953329
5 909 1856 18035.6953329
4 910 1857 18096.0251348
5 911 1860 18096.0251348
4 912 1861 18174.2826346
5 913 1864 18174.2826346
4 914 1865 18218.0914603
5 915 1868 18218.0914603
4 916 1869 18225.2681865
5 917 1872 18225.2681865
4 918 1873 18229.9381858
5 919 1876 18229.9381858
4 920 1877 18294.2942424
5 921 1880 18294.2942424
4 922 1881 18385.209889
5 923 1884 18385.209889
4 924 1885 18416.7797997
5 925 1888 18416.7797997
4 926 1889 18424.0378415
5 927 1892 18424.0378415
4 928 1893 18424.3871915
5 929 1896 18424.3871915
4 930 1897 18491.5990525
5 931 1900 18491.5990525
4 932 1901 18579.4971185
5 933 1904 18579.4971185
4 934 1905 18617.924016
5 935 1908 18617.924016
4 936 1909 18620.173188
5 937 1912 18620.173188
4 938 1913 18626.6610872
5 939 1916 18626.6610872
4 940 1917 18686.9593556
5 941 1920 18686.9593556
4 942 1921 18775.9991863
5 943 1924 18775.9991863
4 944 1925 18812.7275822
5 945 1928 18812.7275822
4 946 1929 18818.0350389
5 947 1932 18818.0350389
4 948 1933 18835.5246262
5 949 1936 18835.5246262
4 950 1937 18896.051039
5 951 1940 18896.051039
4 952 1941 18978.4977813
5 953 1944 18978.4977813
4 954 1945 19010.3431778
5 955 1948 19010.3431778
4 956 1949 19023.6569459
5 957 1952 19023.6569459
4 958 1953 19036.3867098
5 959 1956 19036.3867098
4 960 1957 19078.8024026
5 961 1960 19078.8024026
4 962 1961 19186.4100167
5 963 1964 19186.4100167
4 964 1965 19198.6675333
5 965 1968 19198.6675333
4 966 1969 19215.2030024
5 967 1972 19215.2030024
4 968 1973 19235.8225856
5 969 1976 19235.8225856
4 970 1977 19275.3754946
5 971 1980 19275.3754946
4 972 1981 19382.7283238
5 973 1984 19382.7283238
4 974 1985 19399.8480925
5 975 1988 19399.8480925
4 976 1989 19413.6958467
5 977 1992 19413.6958467
4 978 1993 19428.2793831
5 979 1996 19428.2793831
4 980 1997 19477.263591
5 981 2000 19477.263591
4 982 2001 19578.1928082
5 983 2004 19578.1928082
4 984 2005 19607.8451204
5 985 2008 19607.8451204
4 986 2009 19611.7213925
5 987 2012 19611.7213925
4 988 2013 19634.9594942
5 989 2016 19634.9594942
4 990 2017 19674.3884769
5 991 2020 19674.3884769
4 992 2021 19781.6874668
5 993 2024 19781.6874668
4 994 2025 19805.9420268
5 995 2028 19805.9420268
4 996 2029 19824.4931159
5 997 2032 19824.4931159
4 998 2033 19838.7440896
5 999 2036 19838.7440896
4 1000 2037 19868.0414577
5 1001 2040 19868.0414577
4 1002 2041 19980.7531803
5 1003 2044 19980.7531803
4 1004 2045 20010.2411235
5 1005 2048 20010.2411235
4 1006 2049 20031.3299481
5 1007 2052 20031.3299481
4 1008 2053 20042.7715538
5 1009 2056 20042.7715538
4 1010 2057 20078.3002366
5 1011 2060 20078.3002366
4 1012 2061 20194.364601
5 1013 2064 20194.364601
4 1014 2065 20216.079728
5 1015 2068 20216.079728
4 1016 2069 20233.3851183
5 1017 2072 20233.3851183
4 1018 2073 20240.831374
5 1019 2076 20240.831374
4 1020 2077 20292.1102699
5 1021 2080 20292.1102699
4 1022 2081 20393.2386594
5 1023 2084 20393.2386594
4 1024 2085 20410.5492602
5 1025 2088 20410.5492602
4 1026 2089 20426.7489347
5 1027 2092 20426.7489347
4 1028 2093 20441.3135417
5 1029 2096 20441.3135417
4 1030 2097 20488.0063279
5 1031 2100 20488.0063279
4 1032 2101 20588.4205087
5 1033 2104 20588.4205087
4 1034 2105 20597.496469
5 1035 2108 20597.496469
4 1036 2109 20635.7101726
5 1037 2112 20635.7101726
4 1038 2113 20641.8172844
5 1039 2116 20641.8172844
4 1040 2117 20698.4700298
5 1041 2120 20698.4700298
4 1042 2121 20784.4247203
5 1043 2124 20784.4247203
4 1044 2125 20795.9018606
5 1045 2128 20795.9018606
4 1046 2129 20837.4435833
5 1047 2132 20837.4435833
4 1048 2133 20846.2693327
5 1049 2136 20846.2693327
4 1050 2137 20901.9391656
5 1051 2140 20901.9391656
4 1052 2141 20988.7172022
5 1053 2144 20988.7172022
4 1054 2145 20996.9511024
5 1055 2148 20996.9511024
4 1056 2149 21027.332318
5 1057 2152 21027.332318
4 1058 2153 21047.3668982
5 1059 2156 21047.3668982
4 1060 2157 21103.7878566
5 1061 2160 21103.7878566
4 1062 2161 21178.7014688
5 1063 2164 21178.7014688
4 1064 2165 21202.9682012
5 1065 2168 21202.9682012
4 1066 2169 21222.7217607
5 1067 2172 21222.7217607
4 1068 2173 21257.9462489
5 1069 2176 21257.9462489
4 1070 2177 21312.4069495
5 1071 2180 21312.4069495
4 1072 2181 21378.5368118
5 1073 2184 21378.5368118
4 1074 2185 21408.352953
5 1075 2188 21408.352953
4 1076 2189 21421.7623493
5 1077 2192 21421.7623493
4 1078 2193 21450.7684298
5 1079 2196 21450.7684298
4 1080 2197 21515.9182182
5 1081 2200 21515.9182182
4 1082 2201 21580.4638837
5 1083 2204 21580.4638837
4 1084 2205 21613.925175
5 1085 2208 21613.925175
4 1086 2209 21623.6245808
5 1087 2212 21623.6245808
4 1088 2213 21646.4912843
5 1089 2216 21646.4912843
4 1090 2217 21718.3304028
5 1091 2220 21718.3304028
4 1092 2221 21783.1436869
5 1093 2224 21783.1436869
4 1094 2225 21813.9139067
5 1095 2228 21813.9139067
4 1096 2229 21825.3834638
5 1097 2232 21825.3834638
4 1098 2233 21842.055459
5 1099 2236 21842.055459
4 1100 2237 21910.3470764
5 1101 2240 21910.3470764
4 1102 2241 21968.6962228
5 1103 2244 21968.6962228
4 1104 2245 22013.2054697
5 1105 2248 22013.2054697
4 1106 2249 22022.5824825
5 1107 2252 22022.5824825
4 1108 2253 22044.8807068
5 1109 2256 22044.8807068
4 1110 2257 22116.1444379
5 1111 2260 22116.1444379
4 1112 2261 22164.5849963
5 1113 2264 22164.5849963
4 1114 2265 22215.1044006
5 1115 2268 22215.1044006
4 1116 2269 22230.0650929
5 1117 2272 22230.0650929
4 1118 2273 22257.3182422
5 1119 2276 22257.3182422
4 1120 2277 22315.7477218
5 1121 2280 22315.7477218
4 1122 2281 22364.5386865
5 1123 2284 22364.5386865
4 1124 2285 22413.2957377
5 1125 2288 22413.2957377
4 1126 2289 22421.002865
5 1127 2292 22421.002865
4 1128 2293 22447.6309469
5 1129 2296 22447.6309469
4 1130 2297 22514.9426916
5 1131 2300 22514.9426916
4 1132 2301 22558.9151545
5 1133 2304 22558.9151545
4 1134 2305 22621.6675781
5 1135 2308 22621.6675781
4 1136 2309 22622.120078
5 1137 2312 22622.120078
4 1138 2313 22649.4558109
5 1139 2316 22649.4558109
4 1140 2317 22705.0600876
5 1141 2320 22705.0600876
4 1142 2321 22756.4161234
5 1143 2324 22756.4161234
4 1144 2325 22806.7125944
5 1145 2328 22806.7125944
4 1146 2329 22813.528089
5 1147 2332 22813.528089
4 1148 2333 22858.9289521
5 1149 2336 22858.9289521
4 1150 2337 22911.3887525
5 1151 2340 22911.3887525
4 1152 2341 22949.1002901
5 1153 2344 22949.1002901
4 1154 2345 23010.0857435
5 1155 2348 23010.0857435
4 1156 2349 23012.9724494
5 1157 2352 23012.9724494
4 1158 2353 23062.2638743
5 1159 2356 23062.2638743
4 1160 2357 23117.2272561
5 1161 2360 23117.2272561
4 1162 2361 23155.8759417
5 1163 2364 23155.8759417
4 1164 2365 23199.7362894
5 1165 2368 23199.7362894
4 1166 2369 23210.2633861
5 1167 2372 23210.2633861
4 1168 2373 23269.5560372
5 1169 2376 23269.5560372
4 1170 2377 23311.0435981
5 1171 2380 23311.0435981
4 1172 2381 23354.2057404
5 1173 2384 23354.2057404
4 1174 2385 23394.2861042
5 1175 2388 23394.2861042
4 1176 2389 23413.8785421
5 1177 2392 23413.8785421
4 1178 2393 23468.2137082
5 1179 2396 23468.2137082
4 1180 2397 23511.6878113
5 1181 2400 23511.6878113
4 1182 2401 23553.7058667
5 1183 2404 23553.7058667
4 1184 2405 23597.1683602
5 1185 2408 23597.1683602
4 1186 2409 23616.5814457
5 1187 2412 23616.5814457
4 1188 2413 23665.2864242
5 1189 2416 23665.2864242
4 1190 2417 23691.8939281
5 1191 2420 23691.8939281
4 1192 2421 23757.4020311
5 1193 2424 23757.4020311
4 1194 2425 23803.5374392
5 1195 2428 23803.5374392
4 1196 2429 23807.1493207
5 1197 2432 23807.1493207
4 1198 2433 23871.6735835
5 1199 2436 23871.6735835
4 1200 2437 23891.2684145
5 1201 2440 23891.2684145
4 1202 2441 23967.4208673
5 1203 2444 23967.4208673
4 1204 2445 23999.6055601
5 1205 2448 23999.6055601
4 1206 2449 24012.9831209
5 1207 2452 24012.9831209
4 1208 2453 24074.1203386
5 1209 2456 24074.1203386
4 1210 2457 24078.2187922
5 1211 2460 24078.2187922
4 1212 2461 24159.7335482
5 1213 2464 24159.7335482
4 1214 2465 24184.7855997
5 1215 2468 24184.7855997
4 1216 2469 24204.9064282
5 1217 2472 24204.9064282
4 1218 2473 24280.0503365
5 1219 2476 24280.0503365
4 1220 2477 24280.1076871
5 1221 2480 24280.1076871
4 1222 2481 24367.8121857
5 1223 2484 24367.8121857
4 1224 2485 24393.18471
5 1225 2488 24393.18471
4 1226 2489 24401.4146244
5 1227 2492 24401.4146244
4 1228 2493 24466.325437
5 1229 2496 24466.325437
4 1230 2497 24481.4806932
5 1231 2500 24481.4806932
4 1232 2501 24569.8163834
5 1233 2504 24569.8163834
4 1234 2505 24595.8650172
5 1235 2508 24595.8650172
4 1236 2509 24604.9788172
5 1237 2512 24604.9788172
4 1238 2513 24675.5400177
5 1239 2516 24675.5400177
4 1240 2517 24678.941229
5 1241 2520 24678.941229
4 1242 2521 24762.8767684
5 1243 2524 24762.8767684
4 1244 2525 24793.8601811
5 1245 2528 24793.8601811
4 1246 2529 24807.3885796
5 1247 2532 24807.3885796
4 1248 2533 24873.7126137
5 1249 2536 24873.7126137
4 1250 2537 24878.3170162
5 1251 2540 24878.3170162
4 1252 2541 24962.2589107
5 1253 2544 24962.2589107
4 1254 2545 24992.4419592
5 1255 2548 24992.4419592
4 1256 2549 24996.6305532
5 1257 2552 24996.6305532
4 1258 2553 25072.1034926
5 1259 2556 25072.1034926
4 1260 2557 25084.0942031
5 1261 2560 25084.0942031
4 1262 2561 25163.0483984
5 1263 2564 25163.0483984
4 1264 2565 25182.703924
5 1265 2568 25182.703924
4 1266 2569 25194.8198628
5 1267 2572 25194.8198628
4 1268 2573 25261.7718161
5 1269 2576 25261.7718161
4 1270 2577 25282.8303014
5 1271 2580 25282.8303014
4 1272 2581 25376.2846658
5 1273 2584 25376.2846658
4 1274 2585 25382.7277475
5 1275 2588 25382.7277475
4 1276 2589 25398.682322
5 1277 2592 25398.682322
4 1278 2593 25462.9954802
5 1279 2596 25462.9954802
4 1280 2597 25486.5611168
5 1281 2600 25486.5611168
4 1282 2601 25574.3750202
5 1283 2604 25574.3750202
4 1284 2605 25580.3824136
5 1285 2608 25580.3824136
4 1286 2609 25607.4680353
5 1287 2612 25607.4680353
4 1288 2613 25665.5230092
5 1289 2616 25665.5230092
4 1290 2617 25671.7821255
5 1291 2620 25671.7821255
4 1292 2621 25765.509587
5 1293 2624 25765.509587
4 1294 2625 25777.424511
5 1295 2628 25777.424511
4 1296 2629 25808.0970805
5 1297 2632 25808.0970805
4 1298 2633 25862.5287125
5 1299 2636 25862.5287125
4 1300 2637 25868.278107
5 1301 2640 25868.278107
4 1302 2641 25968.6028149
5 1303 2644 25968.6028149
4 1304 2645 25971.3161239
5 1305 2648 25971.3161239
4 1306 2649 26010.9558999
5 1307 2652 26010.9558999
4 1308 2653 26058.1821711
5 1309 2656 26058.1821711
4 1310 2657 26063.5537009
5 1311 2660 26063.5537009
4 1312 2661 26166.6782207
5 1313 2664 26166.6782207
4 1314 2665 26170.2566608
5 1315 2668 26170.2566608
4 1316 2669 26203.6732997
5 1317 2672 26203.6732997
4 1318 2673 26259.3224397
5 1319 2676 26259.3224397
4 1320 2677 26270.5945631
5 1321 2680 26270.5945631
4 1322 2681 26365.465134
5 1323 2684 26365.465134
4 1324 2685 26380.4902019
5 1325 2688 26380.4902019
4 1326 2689 26401.7525671
5 1327 2692 26401.7525671
4 1328 2693 26467.3127056
5 1329 2696 26467.3127056
4 1330 2697 26476.1493589
5 1331 2700 26476.1493589
4 1332 2701 26565.659119
5 1333 2704 26565.659119
4 1334 2705 26579.9860509
5 1335 2708 26579.9860509
4 1336 2709 26601.1842322
5 1337 2712 26601.1842322
4 1338 2713 26667.3226783
5 1339 2716 26667.3226783
4 1340 2717 26671.703017
5 1341 2720 26671.703017
4 1342 2721 26775.648045
5 1343 2724 26775.648045
4 1344 2725 26781.0572256
5 1345 2728 26781.0572256
4 1346 2729 26807.4411718
5 1347 2732 26807.4411718
4 1348 2733 26870.8119698
5 1349 2736 26870.8119698
4 1350 2737 26878.5175623
5 1351 2740 26878.5175623
4 1352 2741 26968.7757886
5 1353 2744 26968.7757886
4 1354 2745 26982.4866657
5 1355 2748 26982.4866657
4 1356 2749 27005.5573046
5 1357 2752 27005.5573046
4 1358 2753 27069.4582491
5 1359 2756 27069.4582491
4 1360 2757 27086.6731291
5 1361 2760 27086.6731291
4 1362 2761 27161.3229194
5 1363 2764 27161.3229194
4 1364 2765 27176.003009
5 1365 2768 27176.003009
4 1366 2769 27201.2617106
5 1367 2772 27201.2617106
4 1368 2773 27270.9633453
5 1369 2776 27270.9633453
4 1370 2777 27292.0588176
5 1371 2780 27292.0588176
4 1372 2781 27360.3761432
5 1373 2784 27360.3761432
4 1374 2785 27371.990254
5 1375 2788 27371.990254
4 1376 2789 27394.1777252
5 1377 2792 27394.1777252
4 1378 2793 27474.4048901
5 1379 2796 27474.4048901
4 1380 2797 27492.2815553
5 1381 2800 27492.2815553
4 1382 2801 27564.6406147
5 1383 2804 27564.6406147
4 1384 2805 27581.8394437
5 1385 2808 27581.8394437
4 1386 2809 27587.2483841
5 1387 2812 27587.2483841
4 1388 2813 27693.9893403
5 1389 2816 27693.9893403
4 1390 2817 27696.8597363
5 1391 2820 27696.8597363
4 1392 2821 27771.7372874
5 1393 2824 27771.7372874
4 1394 2825 27774.5495735
5 1395 2828 27774.5495735
4 1396 2829 27782.9122973
5 1397 2832 27782.9122973
4 1398 2833 27904.3695593
5 1399 2836 27904.3695593
4 1400 2837 27907.5161371
5 1401 2840 27907.5161371
4 1402 2841 27967.6838566
5 1403 2844 27967.6838566
4 1404 2845 27972.5921354
5 1405 2848 27972.5921354
4 1406 2849 27978.3506451
5 1407 2852 27978.3506451
4 1408 2853 28103.4590004
5 1409 2856 28103.4590004
4 1410 2857 28107.9510585
5 1411 2860 28107.9510585
4 1412 2861 28162.9168936
5 1413 2864 28162.9168936
4 1414 2865 28167.6041262
5 1415 2868 28167.6041262
4 1416 2869 28177.5778358
5 1417 2872 28177.5778358
4 1418 2873 28302.3658215
5 1419 2876 28302.3658215
4 1420 2877 28309.0457524
5 1421 2880 28309.0457524
4 1422 2881 28351.5231771
5 1423 2884 28351.5231771
4 1424 2885 28360.6972217
5 1425 2888 28360.6972217
4 1426 2889 28381.231043
5 1427 2892 28381.231043
4 1428 2893 28495.8154537
5 1429 2896 28495.8154537
4 1430 2897 28503.4981879
5 1431 2900 28503.4981879
4 1432 2901 28546.0742956
5 1433 2904 28546.0742956
4 1434 2905 28558.1586148
5 1435 2908 28558.1586148
4 1436 2909 28586.0501047
5 1437 2912 28586.0501047
4 1438 2913 28692.6231092
5 1439 2916 28692.6231092
4 1440 2917 28696.2766279
5 1441 2920 28696.2766279
4 1442 2921 28743.2826477
5 1443 2924 28743.2826477
4 1444 2925 28760.4183698
5 1445 2928 28760.4183698
4 1446 2929 28791.5581674
5 1447 2932 28791.5581674
4 1448 2933 28890.6550064
5 1449 2936 28890.6550064
4 1450 2937 28899.9450233
5 1451 2940 28899.9450233
4 1452 2941 28947.9796923
5 1453 2944 28947.9796923
4 1454 2945 28954.7475616
5 1455 2948 28954.7475616
4 1456 2949 28985.7573473
5 1457 2952 28985.7573473
4 1458 2953 29088.75967
5 1459 2956 29088.75967
4 1460 2957 29089.4002563
5 1461 2960 29089.4002563
4 1462 2961 29149.4994589
5 1463 2964 29149.4994589
4 1464 2965 29153.1354572
5 1465 2968 29153.1354572
4 1466 2969 29179.7185691
5 1467 2972 29179.7185691
4 1468 2973 29283.2184662
5 1469 2976 29283.2184662
4 1470 2977 29295.4526769
5 1471 2980 29295.4526769
4 1472 2981 29352.6114527
5 1473 2984 29352.6114527
4 1474 2985 29354.247635
5 1475 2988 29354.247635
4 1476 2989 29380.6875223
5 1477 2992 29380.6875223
4 1478 2993 29483.1222083
5 1479 2996 29483.1222083
4 1480 2997 29484.1428411
5 1481 3000 29484.1428411
4 1482 3001 29552.0228436
5 1483 3004 29552.0228436
4 1484 3005 29558.1956868
5 1485 3008 29558.1956868
4 1486 3009 29585.6779811
5 1487 3012 29585.6779811
4 1488 3013 29676.8535127
5 1489 3016 29676.8535127
4 1490 3017 29687.9222149
5 1491 3020 29687.9222149
4 1492 3021 29760.0171978
5 1493 3024 29760.0171978
4 1494 3025 29762.6604308
5 1495 3028 29762.6604308
4 1496 3029 29787.403663
5 1497 3032 29787.403663
4 1498 3033 29882.6197399
5 1499 3036 29882.6197399
4 1500 3037 29889.5508903
5 1501 3040 29889.5508903
4 1502 3041 29957.7905898
5 1503 3044 29957.7905898
4 1504 3045 29963.6331608
5 1505 3048 29963.6331608
4 1506 3049 29980.4478004
5 1507 3052 29980.4478004
4 1508 3053 30080.9563779
5 1509 3056 30080.9563779
4 1510 3057 30087.339152
5 1511 3060 30087.339152
4 1512 3061 30158.4903704
5 1513 3064 30158.4903704
4 1514 3065 30164.4438832
5 1515 3068 30164.4438832
4 1516 3069 30181.9102161
5 1517 3072 30181.9102161
4 1518 3073 30276.8219987
5 1519 3076 30276.8219987
4 1520 3077 30284.9520674
5 1521 3080 30284.9520674
4 1522 3081 30360.3300999
5 1523 3084 30360.3300999
4 1524 3085 30374.311531
5 1525 3088 30374.311531
4 1526 3089 30384.4693664
5 1527 3092 30384.4693664
4 1528 3093 30481.2880352
5 1529 3096 30481.2880352
4 1530 3097 30485.2468261
5 1531 3100 30485.2468261
4 1532 3101 30559.9308745
5 1533 3104 30559.9308745
4 1534 3105 30584.1562835
5 1535 3108 30584.1562835
4 1536 3109 30584.2679304
5 1537 3112 30584.2679304
4 1538 3113 30679.2805191
5 1539 3116 30679.2805191
4 1540 3117 30682.680564
5 1541 3120 30682.680564
4 1542 3121 30767.9055885
5 1543 3124 30767.9055885
4 1544 3125 30779.955302
5 1545 3128 30779.955302
4 1546 3129 30789.6328745
5 1547 3132 30789.6328745
4 1548 3133 30877.5223234
5 1549 3136 30877.5223234
4 1550 3137 30877.5577031
5 1551 3140 30877.5577031
4 1552 3141 30970.836058
5 1553 3144 30970.836058
4 1554 3145 30980.2105392
5 1555 3148 30980.2105392
4 1556 3149 30992.0714567
5 1557 3152 30992.0714567
4 1558 3153 31077.9278841
5 1559 3156 31077.9278841
4 1560 3157 31085.8179116
5 1561 3160 31085.8179116
4 1562 3161 31172.3273877
5 1563 3164 31172.3273877
4 1564 3165 31180.0108895
5 1565 3168 31180.0108895
4 1566 3169 31189.6726239
5 1567 3172 31189.6726239
4 1568 3173 31281.6766505
5 1569 3176 31281.6766505
4 1570 3177 31297.9255848
5 1571 3180 31297.9255848
4 1572 3181 31366.7322043
5 1573 3184 31366.7322043
4 1574 3185 31376.5969983
5 1575 3188 31376.5969983
4 1576 3189 31390.1990698
5 1577 3192 31390.1990698
4 1578 3193 31483.6739055
5 1579 3196 31483.6739055
4 1580 3197 31506.6737425
5 1581 3200 31506.6737425
4 1582 3201 31566.4812839
5 1583 3204 31566.4812839
4 1584 3205 31568.877489
5 1585 3208 31568.877489
4 1586 3209 31591.9442971
5 1587 3212 31591.9442971
4 1588 3213 31676.7053848
5 1589 3216 31676.7053848
4 1590 3217 31704.2067886
5 1591 3220 31704.2067886
4 1592 3221 31768.5072614
5 1593 3224 31768.5072614
4 1594 3225 31772.5431211
5 1595 3228 31772.5431211
4 1596 3229 31791.7234282
5 1597 3232 31791.7234282
4 1598 3233 31872.872391
5 1599 3236 31872.872391
4 1600 3237 31911.6319768
5 1601 3240 31911.6319768
4 1602 3241 31961.7414964
5 1603 3244 31961.7414964
4 1604 3245 31971.194099
5 1605 3248 31971.194099
4 1606 3249 32001.0008192
5 1607 3252 32001.0008192
4 1608 3253 32094.081043
5 1609 3256 32094.081043
4 1610 3257 32103.5658901
5 1611 3260 32103.5658901
4 1612 3261 32165.1694633
5 1613 3264 32165.1694633
4 1614 3265 32170.9259715
5 1615 3268 32170.9259715
4 1616 3269 32202.8984839
5 1617 3272 32202.8984839
4 1618 3273 32299.6622969
5 1619 3276 32299.6622969
4 1620 3277 32305.2790996
5 1621 3280 32305.2790996
4 1622 3281 32368.5043488
5 1623 3284 32368.5043488
4 1624 3285 32368.582749
5 1625 3288 32368.582749
4 1626 3289 32397.0369198
5 1627 3292 32397.0369198
4 1628 3293 32505.6850312
5 1629 3296 32505.6850312
4 1630 3297 32513.4846498
5 1631 3300 32513.4846498
4 1632 3301 32554.0130343
5 1633 3304 32554.0130343
4 1634 3305 32567.5428066
5 1635 3308 32567.5428066
4 1636 3309 32598.1159458
5 1637 3312 32598.1159458
4 1638 3313 32704.6290292
5 1639 3316 32704.6290292
4 1640 3317 32712.8873226
5 1641 3320 32712.8873226
4 1642 3321 32752.5723633
5 1643 3324 32752.5723633
4 1644 3325 32765.4098531
5 1645 3328 32765.4098531
4 1646 3329 32795.9427049
5 1647 3332 32795.9427049
4 1648 3333 32907.0288887
5 1649 3336 32907.0288887
4 1650 3337 32921.1055411
5 1651 3340 32921.1055411
4 1652 3341 32952.3260389
5 1653 3344 32952.3260389
4 1654 3345 32970.0809918
5 1655 3348 32970.0809918
4 1656 3349 32998.5766656
5 1657 3352 32998.5766656
4 1658 3353 33102.0971753
5 1659 3356 33102.0971753
4 1660 3357 33121.4732657
5 1661 3360 33121.4732657
4 1662 3361 33143.9220473
5 1663 3364 33143.9220473
4 1664 3365 33159.5139904
5 1665 3368 33159.5139904
4 1666 3369 33195.436766
5 1667 3372 33195.436766
4 1668 3373 33306.5920912
5 1669 3376 33306.5920912
4 1670 3377 33308.7753303
5 1671 3380 33308.7753303
4 1672 3381 33334.3638466
5 1673 3384 33334.3638466
4 1674 3385 33359.880872
5 1675 3388 33359.880872
4 1676 3389 33397.2868062
5 1677 3392 33397.2868062
4 1678 3393 33503.9227293
5 1679 3396 33503.9227293
4 1680 3397 33510.3995504
5 1681 3400 33510.3995504
4 1682 3401 33525.9568672
5 1683 3404 33525.9568672
4 1684 3405 33557.4708777
5 1685 3408 33557.4708777
4 1686 3409 33601.4125936
5 1687 3412 33601.4125936
4 1688 3413 33702.2874733
5 1689 3416 33702.2874733
4 1690 3417 33707.8896736
5 1691 3420 33707.8896736
4 1692 3421 33720.748533
5 1693 3424 33720.748533
4 1694 3425 33754.1763969
5 1695 3428 33754.1763969
4 1696 3429 33812.0237568
5 1697 3432 33812.0237568
4 1698 3433 33896.5241089
5 1699 3436 33896.5241089
4 1700 3437 33922.2846641
5 1701 3440 33922.2846641
4 1702 3441 33924.6907333
5 1703 3444 33924.6907333
4 1704 3445 33971.607003
5 1705 3448 33971.607003
4 1706 3449 34008.6914491
5 1707 3452 34008.6914491
4 1708 3453 34097.3431443
5 1709 3456 34097.3431443
4 1710 3457 34117.1997607
5 1711 3460 34117.1997607
4 1712 3461 34131.8736921
5 1713 3464 34131.8736921
4 1714 3465 34167.7355362
5 1715 3468 34167.7355362
4 1716 3469 34206.8792726
5 1717 3472 34206.8792726
4 1718 3473 34302.65927
5 1719 3476 34302.65927
4 1720 3477 34319.0851941
5 1721 3480 34319.0851941
4 1722 3481 34325.1086079
5 1723 3484 34325.1086079
4 1724 3485 34367.6255723
5 1725 3488 34367.6255723
4 1726 3489 34416.6709061
5 1727 3492 34416.6709061
4 1728 3493 34501.3290313
5 1729 3496 34501.3290313
4 1730 3497 34514.940601
5 1731 3500 34514.940601
4 1732 3501 34521.0848103
5 1733 3504 34521.0848103
4 1734 3505 34573.925723
5 1735 3508 34573.925723
4 1736 3509 34610.3989163
5 1737 3512 34610.3989163
4 1738 3513 34689.7503027
5 1739 3516 34689.7503027
4 1740 3517 34705.6284981
5 1741 3520 34705.6284981
4 1742 3521 34722.6229173
5 1743 3524 34722.6229173
4 1744 3525 34775.2892287
5 1745 3528 34775.2892287
4 1746 3529 34816.3277034
5 1747 3532 34816.3277034
4 1748 3533 34882.4695217
5 1749 3536 34882.4695217
4 1750 3537 34893.6273767
5 1751 3540 34893.6273767
4 1752 3541 34928.7561429
5 1753 3544 34928.7561429
4 1754 3545 34972.9171164
5 1755 3548 34972.9171164
4 1756 3549 35012.6914543
5 1757 3552 35012.6914543
4 1758 3553 35083.4868485
5 1759 3556 35083.4868485
4 1760 3557 35090.4951487
5 1761 3560 35090.4951487
4 1762 3561 35131.8355685
5 1763 3564 35131.8355685
4 1764 3565 35164.8947384
5 1765 3568 35164.8947384
4 1766 3569 35216.7880395
5 1767 3572 35216.7880395
4 1768 3573 35279.3712231
5 1769 3576 35279.3712231
4 1770 3577 35285.5917542
5 1771 3580 35285.5917542
4 1772 3581 35328.1436692
5 1773 3584 35328.1436692
4 1774 3585 35372.2987416
5 1775 3588 35372.2987416
4 1776 3589 35414.5749422
5 1777 3592 35414.5749422
4 1778 3593 35463.9172694
5 1779 3596 35463.9172694
4 1780 3597 35488.1934497
5 1781 3600 35488.1934497
4 1782 3601 35524.4240974
5 1783 3604 35524.4240974
4 1784 3605 35572.4027481
5 1785 3608 35572.4027481
4 1786 3609 35612.0533238
5 1787 3612 35612.0533238
4 1788 3613 35668.9268945
5 1789 3616 35668.9268945
4 1790 3617 35682.9310301
5 1791 3620 35682.9310301
4 1792 3621 35722.9750817
5 1793 3624 35722.9750817
4 1794 3625 35762.814999
5 1795 3628 35762.814999
4 1796 3629 35800.9362356
5 1797 3632 35800.9362356
4 1798 3633 35855.2889569
5 1799 3636 35855.2889569
4 1800 3637 35885.5905259
5 1801 3640 35885.5905259
4 1802 3641 35920.1927461
5 1803 3644 35920.1927461
4 1804 3645 35960.5219752
5 1805 3648 35960.5219752
4 1806 3649 35996.7687725
5 1807 3652 35996.7687725
4 1808 3653 36058.8416167
5 1809 3656 36058.8416167
4 1810 3657 36082.0968669
5 1811 3660 36082.0968669
4 1812 3661 36118.811633
5 1813 3664 36118.811633
4 1814 3665 36167.5968404
5 1815 3668 36167.5968404
4 1816 3669 36195.0301942
5 1817 3672 36195.0301942
4 1818 3673 36250.9933172
5 1819 3676 36250.9933172
4 1820 3677 36276.390295
5 1821 3680 36276.390295
4 1822 3681 36306.8556153
5 1823 3684 36306.8556153
4 1824 3685 36353.4228036
5 1825 3688 36353.4228036
4 1826 3689 36389.2742853
5 1827 3692 36389.2742853
4 1828 3693 36459.0480843
5 1829 3696 36459.0480843
4 1830 3697 36481.2053541
5 1831 3700 36481.2053541
4 1832 3701 36497.2640705
5 1833 3704 36497.2640705
4 1834 3705 36548.241155
5 1835 3708 36548.241155
4 1836 3709 36586.0696347
5 1837 3712 36586.0696347
4 1838 3713 36666.755863
5 1839 3716 36666.755863
4 1840 3717 36679.6772464
5 1841 3720 36679.6772464
4 1842 3721 36701.9803058
5 1843 3724 36701.9803058
4 1844 3725 36746.6247703
5 1845 3728 36746.6247703
4 1846 3729 36788.5074503
5 1847 3732 36788.5074503
4 1848 3733 36868.8069295
5 1849 3736 36868.8069295
4 1850 3737 36877.4675452
5 1851 3740 36877.4675452
4 1852 3741 36907.7401178
5 1853 3744 36907.7401178
4 1854 3745 36949.8526147
5 1855 3748 36949.8526147
4 1856 3749 36989.7820557
5 1857 3752 36989.7820557
4 1858 3753 37070.1304825
5 1859 3756 37070.1304825
4 1860 3757 37077.9516157
5 1861 3760 37077.9516157
4 1862 3761 37114.2347264
5 1863 3764 37114.2347264
4 1864 3765 37141.0520288
5 1865 3768 37141.0520288
4 1866 3769 37192.4789426
5 1867 3772 37192.4789426
4 1868 3773 37282.1913197
5 1869 3776 37282.1913197
4 1870 3777 37283.2978426
5 1871 3780 37283.2978426
4 1872 3781 37318.2877778
5 1873 3784 37318.2877778
4 1874 3785 37350.8453283
5 1875 3788 37350.8453283
4 1876 3789 37386.1902873
5 1877 3792 37386.1902873
4 1878 3793 37489.0854021
5 1879 3796 37489.0854021
4 1880 3797 37493.576372
5 1881 3800 37493.576372
4 1882 3801 37518.5869528
5 1883 3804 37518.5869528
4 1884 3805 37558.5375652
5 1885 3808 37558.5375652
4 1886 3809 37595.7882867
5 1887 3812 37595.7882867
4 1888 3813 37695.2946894
5 1889 3816 37695.2946894
4 1890 3817 37696.0666514
5 1891 3820 37696.0666514
4 1892 3821 37718.1536333
5 1893 3824 37718.1536333
4 1894 3825 37751.6767359
5 1895 3828 37751.6767359
4 1896 3829 37802.6003203
5 1897 3832 37802.6003203
4 1898 3833 37885.807346
5 1899 3836 37885.807346
4 1900 3837 37897.3732928
5 1901 3840 37897.3732928
4 1902 3841 37922.5242318
5 1903 3844 37922.5242318
4 1904 3845 37944.1800662
5 1905 3848 37944.1800662
4 1906 3849 38010.3281812
5 1907 3852 38010.3281812
4 1908 3853 38098.7999013
5 1909 3856 38098.7999013
4 1910 3857 38112.0071366
5 1911 3860 38112.0071366
4 1912 3861 38125.9398966
5 1913 3864 38125.9398966
4 1914 3865 38149.5138713
5 1915 3868 38149.5138713
4 1916 3869 38213.0590591
5 1917 3872 38213.0590591
4 1918 3873 38310.358753
5 1919 3876 38310.358753
4 1920 3877 38310.5444982
5 1921 3880 38310.5444982
4 1922 3881 38320.1094166
5 1923 3884 38320.1094166
4 1924 3885 38353.4419602
5 1925 3888 38353.4419602
4 1926 3889 38403.0622728
5 1927 3892 38403.0622728
4 1928 3893 38505.5951091
5 1929 3896 38505.5951091
4 1930 3897 38509.4692392
5 1931 3900 38509.4692392
4 1932 3901 38523.5762613
5 1933 3904 38523.5762613
4 1934 3905 38562.1213158
5 1935 3908 38562.1213158
4 1936 3909 38610.1838144
5 1937 3912 38610.1838144
4 1938 3913 38713.8053154
5 1939 3916 38713.8053154
4 1940 3917 38716.5551975
5 1941 3920 38716.5551975
4 1942 3921 38721.1224614
5 1943 3924 38721.1224614
4 1944 3925 38772.1569953
5 1945 3928 38772.1569953
4 1946 3929 38811.9789534
5 1947 3932 38811.9789534
4 1948 3933 38906.4426775
5 1949 3936 38906.4426775
4 1950 3937 38914.0731936
5 1951 3940 38914.0731936
4 1952 3941 38915.4236925
5 1953 3944 38915.4236925
4 1954 3945 38981.3273804
5 1955 3948 38981.3273804
4 1956 3949 39011.3589173
5 1957 3952 39011.3589173
4 1958 3953 39119.6791379
5 1959 3956 39119.6791379
4 1960 3957 39120.5637229
5 1961 3960 39120.5637229
4 1962 3961 39126.9950244
5 1963 3964 39126.9950244
4 1964 3965 39182.7483473
5 1965 3968 39182.7483473
4 1966 3969 39211.6872959
5 1967 3972 39211.6872959
4 1968 3973 39314.3931392
5 1969 3976 39314.3931392
4 1970 3977 39315.257239
5 1971 3980 39315.257239
4 1972 3981 39321.5613595
5 1973 3984 39321.5613595
4 1974 3985 39378.4386958
5 1975 3988 39378.4386958
4 1976 3989 39413.241225
5 1977 3992 39413.241225
4 1978 3993 39502.1273263
5 1979 3996 39502.1273263
4 1980 3997 39506.0699986
5 1981 4000 39506.0699986
4 1982 4001 39519.7187693
5 1983 4004 39519.7187693
4 1984 4005 39576.9483434
5 1985 4008 39576.9483434
4 1986 4009 39612.0736905
5 1987 4012 39612.0736905
4 1988 4013 39687.6315774
5 1989 4016 39687.6315774
4 1990 4017 39706.3355072
5 1991 4020 39706.3355072
4 1992 4021 39712.9279276
5 1993 4024 39712.9279276
4 1994 4025 39779.7075792
5 1995 4028 39779.7075792
4 1996 4029 39824.4628818
5 1997 4032 39824.4628818
4 1998 4033 39889.3393316
5 1999 4036 39889.3393316
4 2000 4037 39910.0652254
5 2001 4040 39910.0652254
4 2002 4041 39920.5357654
5 2003 4044 39920.5357654
4 2004 4045 39987.1095452
5 2005 4048 39987.1095452
4 2006 4049 40026.2901228
5 2007 4052 40026.2901228
4 2008 4053 40080.8800108
5 2009 4056 40080.8800108
4 2010 4057 40112.3127642
5 2011 4060 40112.3127642
4 2012 4061 40117.3924546
5 2013 4064 40117.3924546
4 2014 4065 40185.4872277
5 2015 4068 40185.4872277
4 2016 4069 40227.2553849
5 2017 4072 40227.2553849
4 2018 4073 40281.2926859
5 2019 4076 40281.2926859
4 2020 4077 40317.4651961
5 2021 4080 40317.4651961
4 2022 4081 40319.1807804
5 2023 4084 40319.1807804
4 2024 4085 40385.3226335
5 2025 4088 40385.3226335
4 2026 4089 40421.0911339
5 2027 4092 40421.0911339
4 2028 4093 40478.5672993
5 2029 4096 40478.5672993
4 2030 4097 40509.9243879
5 2031 4100 40509.9243879
4 2032 4101 40519.9644301
5 2033 4104 40519.9644301
4 2034 4105 40586.24286
5 2035 4108 40586.24286
4 2036 4109 40615.2582245
5 2037 4112 40615.2582245
4 2038 4113 40684.138488
5 2039 4116 40684.138488
4 2040 4117 40698.7939158
5 2041 4120 40698.7939158
4 2042 4121 40705.165345
5 2043 4124 40705.165345
4 2044 4125 40788.9635455
5 2045 4128 40788.9635455
4 2046 4129 40811.6129351
5 2047 4132 40811.6129351
4 2048 4133 40888.8103861
5 2049 4136 40888.8103861
4 2050 4137 40890.373913
5 2051 4140 40890.373913
4 2052 4141 40895.691638
5 2053 4144 40895.691638
4 2054 4145 40985.0269863
5 2055 4148 40985.0269863
4 2056 4149 41010.0440687
5 2057 4152 41010.0440687
4 2058 4153 41086.9734387
5 2059 4156 41086.9734387
4 2060 4157 41094.1343034
5 2061 4160 41094.1343034
4 2062 4161 41102.2200184
5 2063 4164 41102.2200184
4 2064 4165 41185.5953354
5 2065 4168 41185.5953354
4 2066 4169 41213.418716
5 2067 4172 41213.418716
4 2068 4173 41293.5680019
5 2069 4176 41293.5680019
4 2070 4177 41298.9227258
5 2071 4180 41298.9227258
4 2072 4181 41303.6907906
5 2073 4184 41303.6907906
4 2074 4185 41384.3386861
5 2075 4188 41384.3386861
4 2076 4189 41411.9367413
5 2077 4192 41411.9367413
4 2078 4193 41493.8635785
5 2079 4196 41493.8635785
4 2080 4197 41498.7447561
5 2081 4200 41498.7447561
4 2082 4201 41499.2047692
5 2083 4204 41499.2047692
4 2084 4205 41585.9101257
5 2085 4208 41585.9101257
4 2086 4209 41612.9985167
5 2087 4212 41612.9985167
4 2088 4213 41691.1856037
5 2089 4216 41691.1856037
4 2090 4217 41691.7490857
5 2091 4220 41691.7490857
4 2092 4221 41702.7947577
5 2093 4224 41702.7947577
4 2094 4225 41790.5070932
5 2095 4228 41790.5070932
4 2096 4229 41819.5402749
5 2097 4232 41819.5402749
4 2098 4233 41894.8619676
5 2099 4236 41894.8619676
4 2100 4237 41899.6310659
5 2101 4240 41899.6310659
4 2102 4241 41904.9042394
5 2103 4244 41904.9042394
4 2104 4245 41979.3799859
5 2105 4248 41979.3799859
4 2106 4249 42026.462392
5 2107 4252 42026.462392
4 2108 4253 42092.1221762
5 2109 4256 42092.1221762
4 2110 4257 42101.030972
5 2111 4260 42101.030972
4 2112 4261 42104.439303
5 2113 4264 42104.439303
4 2114 4265 42177.2860549
5 2115 4268 42177.2860549
4 2116 4269 42230.4705798
5 2117 4272 42230.4705798
4 2118 4273 42293.6939074
5 2119 4276 42293.6939074
4 2120 4277 42304.3987053
5 2121 4280 42304.3987053
4 2122 4281 42309.5466843
5 2123 4284 42309.5466843
4 2124 4285 42385.0888749
5 2125 4288 42385.0888749
4 2126 4289 42427.5796457
5 2127 4292 42427.5796457
4 2128 4293 42490.9267878
5 2129 4296 42490.9267878
4 2130 4297 42503.1108422
5 2131 4300 42503.1108422
4 2132 4301 42512.3634197
5 2133 4304 42512.3634197
4 2134 4305 42580.4754896
5 2135 4308 42580.4754896
4 2136 4309 42627.678188
5 2137 4312 42627.678188
4 2138 4313 42698.4260253
5 2139 4316 42698.4260253
4 2140 4317 42708.5507214
5 2141 4320 42708.5507214
4 2142 4321 42709.0612939
5 2143 4324 42709.0612939
4 2144 4325 42775.3612805
5 2145 4328 42775.3612805
4 2146 4329 42824.891216
5 2147 4332 42824.891216
4 2148 4333 42889.8865831
5 2149 4336 42889.8865831
4 2150 4337 42913.2250397
5 2151 4340 42913.2250397
4 2152 4341 42917.0136528
5 2153 4344 42917.0136528
4 2154 4345 42979.3180497
5 2155 4348 42979.3180497
4 2156 4349 43022.4131313
5 2157 4352 43022.4131313
4 2158 4353 43094.4831735
5 2159 4356 43094.4831735
4 2160 4357 43113.5629368
5 2161 4360 43113.5629368
4 2162 4361 43121.6594243
5 2163 4364 43121.6594243
4 2164 4365 43169.5980787
5 2165 4368 43169.5980787
4 2166 4369 43216.6239312
5 2167 4372 43216.6239312
4 2168 4373 43300.8473335
5 2169 4376 43300.8473335
4 2170 4377 43319.2294853
5 2171 4380 43319.2294853
4 2172 4381 43320.758448
5 2173 4384 43320.758448
4 2174 4385 43367.5851913
5 2175 4388 43367.5851913
4 2176 4389 43423.1965085
5 2177 4392 43423.1965085
4 2178 4393 43504.6689182
5 2179 4396 43504.6689182
4 2180 4397 43522.8349853
5 2181 4400 43522.8349853
4 2182 4401 43523.1579826
5 2183 4404 43523.1579826
4 2184 4405 43566.5282917
5 2185 4408 43566.5282917
4 2186 4409 43628.6151982
5 2187 4412 43628.6151982
4 2188 4413 43697.7923826
5 2189 4416 43697.7923826
4 2190 4417 43705.941205
5 2191 4420 43705.941205
4 2192 4421 43719.4029599
5 2193 4424 43719.4029599
4 2194 4425 43776.8719775
5 2195 4428 43776.8719775
4 2196 4429 43826.485058
5 2197 4432 43826.485058
4 2198 4433 43887.3266311
5 2199 4436 43887.3266311
4 2200 4437 43909.6820842
5 2201 4440 43909.6820842
4 2202 4441 43913.5473621
5 2203 4444 43913.5473621
4 2204 4445 43974.0751372
5 2205 4448 43974.0751372
4 2206 4449 44016.5651572
5 2207 4452 44016.5651572
4 2208 4453 44076.1474954
5 2209 4456 44076.1474954
4 2210 4457 44114.3960177
5 2211 4460 44114.3960177
4 2212 4461 44115.0934288
5 2213 4464 44115.0934288
4 2214 4465 44159.8556413
5 2215 4468 44159.8556413
4 2216 4469 44217.8805425
5 2217 4472 44217.8805425
4 2218 4473 44277.6292611
5 2219 4476 44277.6292611
4 2220 4477 44311.2823293
5 2221 4480 44311.2823293
4 2222 4481 44312.5047657
5 2223 4484 44312.5047657
4 2224 4485 44346.4440394
5 2225 4488 44346.4440394
4 2226 4489 44412.2785153
5 2227 4492 44412.2785153
4 2228 4493 44477.2114479
5 2229 4496 44477.2114479
4 2230 4497 44504.9306142
5 2231 4500 44504.9306142
4 2232 4501 44514.3359502
5 2233 4504 44514.3359502
4 2234 4505 44546.4793935
5 2235 4508 44546.4793935
4 2236 4509 44597.1646227
5 2237 4512 44597.1646227
4 2238 4513 44666.6623035
5 2239 4516 44666.6623035
4 2240 4517 44708.7920187
5 2241 4520 44708.7920187
4 2242 4521 44720.6338884
5 2243 4524 44720.6338884
4 2244 4525 44741.7156007
5 2245 4528 44741.7156007
4 2246 4529 44791.6223129
5 2247 4532 44791.6223129
4 2248 4533 44881.8669505
5 2249 4536 44881.8669505
4 2250 4537 44910.4689373
5 2251 4540 44910.4689373
4 2252 4541 44920.4271436
5 2253 4544 44920.4271436
4 2254 4545 44937.8446139
5 2255 4548 44937.8446139
4 2256 4549 44996.8097455
5 2257 4552 44996.8097455
4 2258 4553 45086.8850049
5 2259 4556 45086.8850049
4 2260 4557 45115.3805576
5 2261 4560 45115.3805576
4 2262 4561 45116.1762
5 2263 4564 45116.1762
4 2264 4565 45148.1824824
5 2265 4568 45148.1824824
4 2266 4569 45195.3195936
5 2267 4572 45195.3195936
4 2268 4573 45281.369045
5 2269 4576 45281.369045
4 2270 4577 45318.5309754
5 2271 4580 45318.5309754
4 2272 4581 45329.2481548
5 2273 4584 45329.2481548
4 2274 4585 45356.4007285
5 2275 4588 45356.4007285
4 2276 4589 45387.8619224
5 2277 4592 45387.8619224
4 2278 4593 45475.0769904
5 2279 4596 45475.0769904
4 2280 4597 45526.9503829
5 2281 4600 45526.9503829
4 2282 4601 45538.1537482
5 2283 4604 45538.1537482
4 2284 4605 45555.3771811
5 2285 4608 45555.3771811
4 2286 4609 45590.2212938
5 2287 4612 45590.2212938
4 2288 4613 45679.0026764
5 2289 4616 45679.0026764
4 2290 4617 45722.5156561
5 2291 4620 45722.5156561
4 2292 4621 45738.0337566
5 2293 4624 45738.0337566
4 2294 4625 45763.2796979
5 2295 4628 45763.2796979
4 2296 4629 45782.638899
5 2297 4632 45782.638899
4 2298 4633 45883.8642533
5 2299 4636 45883.8642533
4 2300 4637 45918.8048369
5 2301 4640 45918.8048369
4 2302 4641 45930.6023447
5 2303 4644 45930.6023447
4 2304 4645 45965.1374836
5 2305 4648 45965.1374836
4 2306 4649 45974.7345039
5 2307 4652 45974.7345039
4 2308 4653 46088.8383116
5 2309 4656 46088.8383116
4 2310 4657 46118.7795045
5 2311 4660 46118.7795045
4 2312 4661 46130.5506486
5 2313 4664 46130.5506486
4 2314 4665 46156.3039286
5 2315 4668 46156.3039286
4 2316 4669 46170.8825736
5 2317 4672 46170.8825736
4 2318 4673 46283.6832774
5 2319 4676 46283.6832774
4 2320 4677 46316.916798
5 2321 4680 46316.916798
4 2322 4681 46325.6381348
5 2323 4684 46325.6381348
4 2324 4685 46359.2746348
5 2325 4688 46359.2746348
4 2326 4689 46374.069374
5 2327 4692 46374.069374
4 2328 4693 46485.6262634
5 2329 4696 46485.6262634
4 2330 4697 46512.0700335
5 2331 4700 46512.0700335
4 2332 4701 46536.0058597
5 2333 4704 46536.0058597
4 2334 4705 46550.9105991
5 2335 4708 46550.9105991
4 2336 4709 46585.2455967
5 2337 4712 46585.2455967
4 2338 4713 46689.7143521
5 2339 4716 46689.7143521
4 2340 4717 46699.0898509
5 2341 4720 46699.0898509
4 2342 4721 46752.0067004
5 2343 4724 46752.0067004
4 2344 4725 46753.1757578
5 2345 4728 46753.1757578
4 2346 4729 46788.454495
5 2347 4732 46788.454495
4 2348 4733 46896.1804919
5 2349 4736 46896.1804919
4 2350 4737 46901.6154181
5 2351 4740 46901.6154181
4 2352 4741 46960.7926382
5 2353 4744 46960.7926382
4 2354 4745 46966.2343593
5 2355 4748 46966.2343593
4 2356 4749 46987.5614706
5 2357 4752 46987.5614706
4 2358 4753 47092.131346
5 2359 4756 47092.131346
4 2360 4757 47095.9697597
5 2361 4760 47095.9697597
4 2362 4761 47163.7458653
5 2363 4764 47163.7458653
4 2364 4765 47175.5459331
5 2365 4768 47175.5459331
4 2366 4769 47185.0627522
5 2367 4772 47185.0627522
4 2368 4773 47287.8293803
5 2369 4776 47287.8293803
4 2370 4777 47293.1716733
5 2371 4780 47293.1716733
4 2372 4781 47373.798882
5 2373 4784 47373.798882
4 2374 4785 47379.32053
5 2375 4788 47379.32053
4 2376 4789 47394.0419933
5 2377 4792 47394.0419933
4 2378 4793 47480.7931371
5 2379 4796 47480.7931371
4 2380 4797 47505.3510218
5 2381 4800 47505.3510218
4 2382 4801 47581.9964062
5 2383 4804 47581.9964062
4 2384 4805 47584.0830142
5 2385 4808 47584.0830142
4 2386 4809 47596.9657457
5 2387 4812 47596.9657457
4 2388 4813 47680.9973784
5 2389 4816 47680.9973784
4 2390 4817 47709.8635676
5 2391 4820 47709.8635676
4 2392 4821 47780.2314044
5 2393 4824 47780.2314044
4 2394 4825 47784.5893156
5 2395 4828 47784.5893156
4 2396 4829 47802.9390461
5 2397 4832 47802.9390461
4 2398 4833 47891.2197377
5 2399 4836 47891.2197377
4 2400 4837 47905.1189406
5 2401 4840 47905.1189406
4 2402 4841 47968.1176256
5 2403 4844 47968.1176256
4 2404 4845 47990.6790718
5 2405 4848 47990.6790718
4 2406 4849 47999.0779868
5 2407 4852 47999.0779868
4 2408 4853 48082.6450931
5 2409 4856 48082.6450931
4 2410 4857 48105.8342664
5 2411 4860 48105.8342664
4 2412 4861 48169.1043707
5 2413 4864 48169.1043707
4 2414 4865 48193.9407563
5 2415 4868 48193.9407563
4 2416 4869 48197.0868555
5 2417 4872 48197.0868555
4 2418 4873 48283.9365034
5 2419 4876 48283.9365034
4 2420 4877 48306.2776828
5 2421 4880 48306.2776828
4 2422 4881 48377.4947746
5 2423 4884 48377.4947746
4 2424 4885 48387.6856518
5 2425 4888 48387.6856518
4 2426 4889 48393.3976179
5 2427 4892 48393.3976179
4 2428 4893 48483.1784787
5 2429 4896 48483.1784787
4 2430 4897 48503.7714831
5 2431 4900 48503.7714831
4 2432 4901 48578.5726509
5 2433 4904 48578.5726509
4 2434 4905 48590.1690235
5 2435 4908 48590.1690235
4 2436 4909 48594.0415333
5 2437 4912 48594.0415333
4 2438 4913 48691.190536
5 2439 4916 48691.190536
4 2440 4917 48695.3461675
5 2441 4920 48695.3461675
4 2442 4921 48779.4607981
5 2443 4924 48779.4607981
4 2444 4925 48787.4451827
5 2445 4928 48787.4451827
4 2446 4929 48791.7100752
5 2447 4932 48791.7100752
4 2448 4933 48884.6240236
5 2449 4936 48884.6240236
4 2450 4937 48885.4902759
5 2451 4940 48885.4902759
4 2452 4941 48985.3070727
5 2453 4944 48985.3070727
4 2454 4945 48988.4364833
5 2455 4948 48988.4364833
4 2456 4949 48990.6868179
5 2457 4952 48990.6868179
4 2458 4953 49077.4664634
5 2459 4956 49077.4664634
4 2460 4957 49078.7034585
5 2461 4960 49078.7034585
4 2462 4961 49184.2904946
5 2463 4964 49184.2904946
4 2464 4965 49193.3511983
5 2465 4968 49193.3511983
4 2466 4969 49200.477869
5 2467 4972 49200.477869
4 2468 4973 49266.548305
5 2469 4976 49266.548305
4 2470 4977 49281.8240588
5 2471 4980 49281.8240588
4 2472 4981 49384.5172914
5 2473 4984 49384.5172914
4 2474 4985 49389.3281104
5 2475 4988 49389.3281104
4 2476 4989 49399.8945584
5 2477 4992 49399.8945584
4 2478 4993 49469.6081765
5 2479 4996 49469.6081765
4 2480 4997 49481.8375817
5 2481 5000 49481.8375817
4 2482 5001 49585.9802996
5 2483 5004 49585.9802996
4 2484 5005 49590.5958402
5 2485 5008 49590.5958402
4 2486 5009 49597.3009201
5 2487 5012 49597.3009201
4 2488 5013 49670.5861618
5 2489 5016 49670.5861618
4 2490 5017 49675.9740746
5 2491 5020 49675.9740746
4 2492 5021 49785.3227599
5 2493 5024 49785.3227599
4 2494 5025 49793.708125
5 2495 5028 49793.708125
4 2496 5029 49803.9321261
5 2497 5032 49803.9321261
4 2498 5033 49877.6648021
5 2499 5036 49877.6648021
4 2500 5037 49880.0254751
5 2501 5040 49880.0254751
4 2502 5041 49987.3894585
5 2503 5044 49987.3894585
4 2504 5045 49997.1303484
5 2505 5048 49997.1303484
4 2506 5049 50003.7161612
5 2507 5052 50003.7161612
4 2508 5053 50075.6839574
5 2509 5056 50075.6839574
4 2510 5057 50082.3477377
5 2511 5060 50082.3477377
4 2512 5061 50184.8330251
5 2513 5064 50184.8330251
4 2514 5065 50194.3201092
5 2515 5068 50194.3201092
4 2516 5069 50206.9597524
5 2517 5072 50206.9597524
4 2518 5073 50272.7195111
5 2519 5076 50272.7195111
4 2520 5077 50291.3371722
5 2521 5080 50291.3371722
4 2522 5081 50387.9751558
5 2523 5084 50387.9751558
4 2524 5085 50402.030676
5 2525 5088 50402.030676
4 2526 5089 50406.1055991
5 2527 5092 50406.1055991
4 2528 5093 50469.9749774
5 2529 5096 50469.9749774
4 2530 5097 50489.8106225
5 2531 5100 50489.8106225
4 2532 5101 50580.0637569
5 2533 5104 50580.0637569
4 2534 5105 50607.9946121
5 2535 5108 50607.9946121
4 2536 5109 50608.1138814
5 2537 5112 50608.1138814
4 2538 5113 50664.1762896
5 2539 5116 50664.1762896
4 2540 5117 50689.6749896
5 2541 5120 50689.6749896
4 2542 5121 50765.885475
5 2543 5124 50765.885475
4 2544 5125 50810.744558
5 2545 5128 50810.744558
4 2546 5129 50813.1028641
5 2547 5132 50813.1028641
4 2548 5133 50867.3077186
5 2549 5136 50867.3077186
4 2550 5137 50876.3052766
5 2551 5140 50876.3052766
4 2552 5141 50969.4741311
5 2553 5144 50969.4741311
4 2554 5145 51008.6919487
5 2555 5148 51008.6919487
4 2556 5149 51015.1148829
5 2557 5152 51015.1148829
4 2558 5153 51069.341647
5 2559 5156 51069.341647
4 2560 5157 51071.955
5 2561 5160 51071.955
4 2562 5161 51168.7661121
5 2563 5164 51168.7661121
4 2564 5165 51207.9819037
5 2565 5168 51207.9819037
4 2566 5169 51229.8512612
5 2567 5172 51229.8512612
4 2568 5173 51265.3232762
5 2569 5176 51265.3232762
4 2570 5177 51271.7630696
5 2571 5180 51271.7630696
4 2572 5181 51373.8238041
5 2573 5184 51373.8238041
4 2574 5185 51409.5646879
5 2575 5188 51409.5646879
4 2576 5189 51427.5224876
5 2577 5192 51427.5224876
4 2578 5193 51455.4831885
5 2579 5196 51455.4831885
4 2580 5197 51476.4457534
5 2581 5200 51476.4457534
4 2582 5201 51570.0449544
5 2583 5204 51570.0449544
4 2584 5205 51607.5694475
5 2585 5208 51607.5694475
4 2586 5209 51623.4308883
5 2587 5212 51623.4308883
4 2588 5213 51654.622619
5 2589 5216 51654.622619
4 2590 5217 51670.1573298
5 2591 5220 51670.1573298
4 2592 5221 51764.4215583
5 2593 5224 51764.4215583
4 2594 5225 51801.8577012
5 2595 5228 51801.8577012
4 2596 5229 51834.3139241
5 2597 5232 51834.3139241
4 2598 5233 51853.4791748
5 2599 5236 51853.4791748
4 2600 5237 51870.1222073
5 2601 5240 51870.1222073
4 2602 5241 51965.6005229
5 2603 5244 51965.6005229
4 2604 5245 52008.2731678
5 2605 5248 52008.2731678
4 2606 5249 52039.7205845
5 2607 5252 52039.7205845
4 2608 5253 52060.4891646
5 2609 5256 52060.4891646
4 2610 5257 52079.7343887
5 2611 5260 52079.7343887
4 2612 5261 52165.1593028
5 2613 5264 52165.1593028
4 2614 5265 52197.9058569
5 2615 5268 52197.9058569
4 2616 5269 52234.4890164
5 2617 5272 52234.4890164
4 2618 5273 52254.8524033
5 2619 5276 52254.8524033
4 2620 5277 52270.240893
5 2621 5280 52270.240893
4 2622 5281 52353.2550119
5 2623 5284 52353.2550119
4 2624 5285 52401.3900983
5 2625 5288 52401.3900983
4 2626 5289 52441.3052118
5 2627 5292 52441.3052118
4 2628 5293 52459.8285162
5 2629 5296 52459.8285162
4 2630 5297 52469.9190687
5 2631 5300 52469.9190687
4 2632 5301 52563.819071
5 2633 5304 52563.819071
4 2634 5305 52600.189477
5 2635 5308 52600.189477
4 2636 5309 52637.941491
5 2637 5312 52637.941491
4 2638 5313 52669.1869148
5 2639 5316 52669.1869148
4 2640 5317 52674.7656595
5 2641 5320 52674.7656595
4 2642 5321 52764.5553434
5 2643 5324 52764.5553434
4 2644 5325 52808.718855
5 2645 5328 52808.718855
4 2646 5329 52843.3880331
5 2647 5332 52843.3880331
4 2648 5333 52859.6967849
5 2649 5336 52859.6967849
4 2650 5337 52866.4343698
5 2651 5340 52866.4343698
4 2652 5341 52967.4341111
5 2653 5344 52967.4341111
4 2654 5345 53013.4356876
5 2655 5348 53013.4356876
4 2656 5349 53044.6805502
5 2657 5352 53044.6805502
4 2658 5353 53058.2062479
5 2659 5356 53058.2062479
4 2660 5357 53060.5221851
5 2661 5360 53060.5221851
4 2662 5361 53159.7572521
5 2663 5364 53159.7572521
4 2664 5365 53217.2837048
5 2665 5368 53217.2837048
4 2666 5369 53240.9774016
5 2667 5372 53240.9774016
4 2668 5373 53252.417759
5 2669 5376 53252.417759
4 2670 5377 53266.2453775
5 2671 5380 53266.2453775
4 2672 5381 53358.7094152
5 2673 5384 53358.7094152
4 2674 5385 53413.1602172
5 2675 5388 53413.1602172
4 2676 5389 53447.0715604
5 2677 5392 53447.0715604
4 2678 5393 53450.651217
5 2679 5396 53450.651217
4 2680 5397 53474.2546721
5 2681 5400 53474.2546721
4 2682 5401 53552.9005878
5 2683 5404 53552.9005878
4 2684 5405 53618.2244543
5 2685 5408 53618.2244543
4 2686 5409 53649.2016011
5 2687 5412 53649.2016011
4 2688 5413 53651.8523563
5 2689 5416 53651.8523563
4 2690 5417 53677.0302069
5 2691 5420 53677.0302069
4 2692 5421 53761.9326506
5 2693 5424 53761.9326506
4 2694 5425 53812.1615218
5 2695 5428 53812.1615218
4 2696 5429 53844.4680784
5 2697 5432 53844.4680784
4 2698 5433 53848.1927734
5 2699 5436 53848.1927734
4 2700 5437 53876.7119542
5 2701 5440 53876.7119542
4 2702 5441 53963.8086823
5 2703 5444 53963.8086823
4 2704 5445 54004.3706387
5 2705 5448 54004.3706387
4 2706 5449 54042.6167961
5 2707 5452 54042.6167961
4 2708 5453 54051.6106592
5 2709 5456 54051.6106592
4 2710 5457 54076.9374711
5 2711 5460 54076.9374711
4 2712 5461 54172.6820197
5 2713 5464 54172.6820197
4 2714 5465 54204.1954187
5 2715 5468 54204.1954187
4 2716 5469 54239.0044366
5 2717 5472 54239.0044366
4 2718 5473 54240.5834807
5 2719 5476 54240.5834807
4 2720 5477 54276.9900293
5 2721 5480 54276.9900293
4 2722 5481 54364.7092312
5 2723 5484 54364.7092312
4 2724 5485 54403.2526637
5 2725 5488 54403.2526637
4 2726 5489 54438.440019
5 2727 5492 54438.440019
4 2728 5493 54442.0102319
5 2729 5496 54442.0102319
4 2730 5497 54481.4884984
5 2731 5500 54481.4884984
4 2732 5501 54573.2995212
5 2733 5504 54573.2995212
4 2734 5505 54595.3150899
5 2735 5508 54595.3150899
4 2736 5509 54636.8204679
5 2737 5512 54636.8204679
4 2738 5513 54637.0055632
5 2739 5516 54637.0055632
4 2740 5517 54688.4292569
5 2741 5520 54688.4292569
4 2742 5521 54785.9244104
5 2743 5524 54785.9244104
4 2744 5525 54807.1952095
5 2745 5528 54807.1952095
4 2746 5529 54838.8345729
5 2747 5532 54838.8345729
4 2748 5533 54840.8659631
5 2749 5536 54840.8659631
4 2750 5537 54878.169916
5 2751 5540 54878.169916
4 2752 5541 54984.8496346
5 2753 5544 54984.8496346
4 2754 5545 55005.1568883
5 2755 5548 55005.1568883
4 2756 5549 55036.6362055
5 2757 5552 55036.6362055
4 2758 5553 55050.67604
5 2759 5556 55050.67604
4 2760 5557 55085.0441119
5 2761 5560 55085.0441119
4 2762 5561 55189.1934281
5 2763 5564 55189.1934281
4 2764 5565 55207.6879312
5 2765 5568 55207.6879312
4 2766 5569 55244.3926858
5 2767 5572 55244.3926858
4 2768 5573 55254.8820262
5 2769 5576 55254.8820262
4 2770 5577 55301.2956918
5 2771 5580 55301.2956918
4 2772 5581 55398.5439701
5 2773 5584 55398.5439701
4 2774 5585 55406.8233841
5 2775 5588 55406.8233841
4 2776 5589 55445.7661819
5 2777 5592 55445.7661819
4 2778 5593 55463.5783448
5 2779 5596 55463.5783448
4 2780 5597 55503.8237966
5 2781 5600 55503.8237966
4 2782 5601 55602.2358474
5 2783 5604 55602.2358474
4 2784 5605 55602.8154822
5 2785 5608 55602.8154822
4 2786 5609 55655.1560995
5 2787 5612 55655.1560995
4 2788 5613 55672.3856372
5 2789 5616 55672.3856372
4 2790 5617 55704.6621464
5 2791 5620 55704.6621464
4 2792 5621 55799.4597262
5 2793 5624 55799.4597262
4 2794 5625 55801.1300865
5 2795 5628 55801.1300865
4 2796 5629 55856.9704458
5 2797 5632 55856.9704458
4 2798 5633 55868.6320185
5 2799 5636 55868.6320185
4 2800 5637 55898.5903855
5 2801 5640 55898.5903855
4 2802 5641 55996.9485004
5 2803 5644 55996.9485004
4 2804 5645 55998.4259704
5 2805 5648 55998.4259704
4 2806 5649 56061.8588419
5 2807 5652 56061.8588419
4 2808 5653 56068.0672742
5 2809 5656 56068.0672742
4 2810 5657 56092.1514126
5 2811 5660 56092.1514126
4 2812 5661 56196.3394322
5 2813 5664 56196.3394322
4 2814 5665 56207.43889
5 2815 5668 56207.43889
4 2816 5669 56259.4762458
5 2817 5672 56259.4762458
4 2818 5673 56271.3645377
5 2819 5676 56271.3645377
4 2820 5677 56293.7553412
5 2821 5680 56293.7553412
4 2822 5681 56403.2700701
5 2823 5684 56403.2700701
4 2824 5685 56409.1606058
5 2825 5688 56409.1606058
4 2826 5689 56451.2618946
5 2827 5692 56451.2618946
4 2828 5693 56471.1233088
5 2829 5696 56471.1233088
4 2830 5697 56490.9919053
5 2831 5700 56490.9919053
4 2832 5701 56593.9641455
5 2833 5704 56593.9641455
4 2834 5705 56608.9618384
5 2835 5708 56608.9618384
4 2836 5709 56645.7210909
5 2837 5712 56645.7210909
4 2838 5713 56673.7383545
5 2839 5716 56673.7383545
4 2840 5717 56691.4033435
5 2841 5720 56691.4033435
4 2842 5721 56792.0203495
5 2843 5724 56792.0203495
4 2844 5725 56809.8972974
5 2845 5728 56809.8972974
4 2846 5729 56834.5398788
5 2847 5732 56834.5398788
4 2848 5733 56877.2445529
5 2849 5736 56877.2445529
4 2850 5737 56885.112018
5 2851 5740 56885.112018
4 2852 5741 56988.16304
5 2853 5744 56988.16304
4 2854 5745 57000.470064
5 2855 5748 57000.470064
4 2856 5749 57028.7763105
5 2857 5752 57028.7763105
4 2858 5753 57072.5235603
5 2859 5756 57072.5235603
4 2860 5757 57084.2725665
5 2861 5760 57084.2725665
4 2862 5761 57195.8280157
5 2863 5764 57195.8280157
4 2864 5765 57207.6579214
5 2865 5768 57207.6579214
4 2866 5769 57230.3888377
5 2867 5772 57230.3888377
4 2868 5773 57266.5208894
5 2869 5776 57266.5208894
4 2870 5777 57291.7249824
5 2871 5780 57291.7249824
4 2872 5781 57389.710973
5 2873 5784 57389.710973
4 2874 5785 57411.5496499
5 2875 5788 57411.5496499
4 2876 5789 57427.4627857
5 2877 5792 57427.4627857
4 2878 5793 57464.1464942
5 2879 5796 57464.1464942
4 2880 5797 57491.9480007
5 2881 5800 57491.9480007
4 2882 5801 57588.3140032
5 2883 5804 57588.3140032
4 2884 5805 57613.6276428
5 2885 5808 57613.6276428
4 2886 5809 57632.2424755
5 2887 5812 57632.2424755
4 2888 5813 57665.9860206
5 2889 5816 57665.9860206
4 2890 5817 57696.3060577
5 2891 5820 57696.3060577
4 2892 5821 57789.8885632
5 2893 5824 57789.8885632
4 2894 5825 57822.5102428
5 2895 5828 57822.5102428
4 2896 5829 57826.5250225
5 2897 5832 57826.5250225
4 2898 5833 57871.4120445
5 2899 5836 57871.4120445
4 2900 5837 57901.7295831
5 2901 5840 57901.7295831
4 2902 5841 57985.8499026
5 2903 5844 57985.8499026
4 2904 5845 58025.456716
5 2905 5848 58025.456716
4 2906 5849 58028.3630137
5 2907 5852 58028.3630137
4 2908 5853 58074.2001762
5 2909 5856 58074.2001762
4 2910 5857 58100.3187585
5 2911 5860 58100.3187585
4 2912 5861 58185.5921392
5 2913 5864 58185.5921392
4 2914 5865 58227.478855
5 2915 5868 58227.478855
4 2916 5869 58228.6807856
5 2917 5872 58228.6807856
4 2918 5873 58277.1693973
5 2919 5876 58277.1693973
4 2920 5877 58301.9330881
5 2921 5880 58301.9330881
4 2922 5881 58392.2021307
5 2923 5884 58392.2021307
4 2924 5885 58423.5403179
5 2925 5888 58423.5403179
4 2926 5889 58447.6206562
5 2927 5892 58447.6206562
4 2928 5893 58467.7766121
5 2929 5896 58467.7766121
4 2930 5897 58508.8789505
5 2931 5900 58508.8789505
4 2932 5901 58582.0775405
5 2933 5904 58582.0775405
4 2934 5905 58622.3627729
5 2935 5908 58622.3627729
4 2936 5909 58656.660206
5 2937 5912 58656.660206
4 2938 5913 58674.1728176
5 2939 5916 58674.1728176
4 2940 5917 58697.6381123
5 2941 5920 58697.6381123
4 2942 5921 58783.4809074
5 2943 5924 58783.4809074
4 2944 5925 58819.8519058
