#data counter step time
30.219208 1 48 60.8281623187
23.348706 2 49 60.9063042383
29.729666 3 58 76.9177139218
30.705846 4 60 78.6235601156
39.981359 5 79 134.617095171
49.888831 6 99 174.990578888
20.206217 7 116 199.601495351
43.018077 8 123 211.395278103
52.988580 9 167 255.739031935
46.680466 10 211 290.388994943
27.792441 11 259 326.398601718
27.077376 12 280 386.060056707
20.900883 13 308 415.367094743
26.785950 14 317 427.16217713
27.031766 15 348 469.563243532
28.899721 16 380 512.906411566
23.337150 17 391 525.004021536
20.000000 18 414 564.530685217
45.222878 19 428 596.723628175
26.359940 20 465 620.17268174
23.704073 21 475 631.515283956
29.284248 22 498 647.825373718
37.415043 23 508 658.305604213
28.883204 24 514 668.676308523
23.169816 25 519 672.461970715
30.304747 26 547 710.652598802
8.000000 27 568 724.664353276
26.101139 28 592 739.664353276
23.396193 29 622 758.193640007
28.660478 30 623 760.797447371
29.321011 31 720 890.734387988
26.750516 32 728 903.446066806
20.655180 33 758 936.962205326
26.312784 34 821 1002.51445539
28.955134 35 823 1005.46958968
11.618403 36 828 1006.35191006
29.873768 37 833 1012.35191006
17.145813 38 834 1012.37538697
26.151116 39 853 1026.35191006
33.039946 40 863 1039.29072605
37.230200 41 887 1078.00655603
31.321503 42 911 1111.40998679
45.283249 43 920 1146.98931227
34.256437 44 980 1234.61424726
28.370093 45 987 1239.98434051
32.197241 46 1090 1334.77653528
20.283728 47 1091 1336.08671181
18.148479 48 1143 1377.34021376
25.479835 49 1150 1391.51717628
11.083780 50 1210 1457.36138652
34.468369 51 1223 1469.36138652
27.194113 52 1232 1477.22604708
32.146662 53 1236 1488.00959087
77.978595 54 1314 1899.80046899
363.936131 55 1319 1902.80046899
217.466919 56 1365 1950.80046899
458.088103 57 1409 1973.27760675
208.983909 58 1424 1980.80046899
65.509033 59 1442 1986.80046899
28.465791 60 1460 1992.80046899
323.337822 61 1494 2009.03193369
406.075432 62 1496 2010.27760675
114.409733 63 1549 2036.27760675
104.458505 64 1550 2037.03193369
68.881440 65 1555 2038.27760675
449.831777 66 1569 2044.27760675
263.505796 67 1597 2062.03193369
60.592032 68 1602 2068.80046899
368.901692 69 1607 2069.27760675
361.274791 70 1608 2069.27760675
57.018711 71 1633 2097.80046899
79.230281 72 1634 2101.27760675
46.110916 73 1656 2115.27760675
39.067566 74 1672 2127.03193369
46.452750 75 1700 2165.80046899
43.098259 76 1701 2173.05669033
36.338057 77 1723 2220.48020127
31.053423 78 1726 2222.53362392
28.410675 79 1757 2267.89976032
30.512405 80 1782 2304.77930817
28.357013 81 1876 2394.15922604
35.912048 82 1882 2402.56067085
22.350644 83 1934 2462.56895362
37.170301 84 1938 2463.9307703
26.726277 85 1952 2475.77447492
26.333470 86 1963 2484.79840632
26.236605 87 1968 2491.03501169
32.063721 88 1996 2517.144785
39.854489 89 2052 2606.72713166
34.063940 90 2070 2620.88421244
26.083929 91 2080 2626.96814186
20.246967 92 2112 2649.96814186
33.375862 93 2127 2667.00778269
20.504167 94 2140 2684.92757621
39.121017 95 2144 2696.42340904
22.548517 96 2173 2733.59520053
61.699548 97 2179 2739.91682453
20.046923 98 2181 2740.82075118
16.307258 99 2201 2751.04668402
30.905599 100 2210 2759.59520053
13.839619 101 2213 2761.91682453
31.394762 102 2215 2763.82075118
30.949672 103 2225 2774.04668402
27.844729 104 2226 2776.91682453
44.646022 105 2232 2786.82075118
19.082512 106 2257 2810.82986092
30.741124 107 2264 2822.44879159
49.849071 108 2283 2853.82986092
28.510604 109 2322 2934.14551393
67.062571 110 2324 2937.63490984
54.902015 111 2339 2971.14551393
56.014018 112 2429 3071.14551393
49.229964 113 2439 3083.14551393
60.291100 114 2441 3087.63490984
66.456644 115 2461 3101.63490984
21.839609 116 2477 3121.63490984
51.976936 117 2500 3147.63490984
69.505626 118 2521 3171.14551393
40.652870 119 2547 3191.14551393
36.554527 120 2566 3204.93385935
28.689053 121 2567 3208.21727668
46.854726 122 2590 3234.14551393
41.179395 123 2605 3250.93385935
31.047481 124 2614 3265.14551393
29.000000 125 2645 3298.30022623
32.629552 126 2648 3302.15616965
25.876875 127 2651 3305.54927551
26.872846 128 2677 3341.25387366
37.010601 129 2728 3386.48267222
27.388585 130 2743 3402.60275187
33.883864 131 2759 3435.77627607
36.644811 132 2778 3480.14983533
18.872778 133 2795 3498.01961954
26.114689 134 2836 3543.67007354
41.383834 135 2840 3549.77841181
33.203096 136 2881 3596.83534868
21.442509 137 2925 3638.394578
39.131910 138 2929 3644.394578
33.444905 139 2931 3650.83534868
34.857231 140 2941 3656.394578
56.248269 141 2946 3667.83534868
44.434760 142 2951 3671.67007354
48.292911 143 2958 3685.67007354
24.803027 144 3001 3744.91084086
11.000000 145 3052 3793.84332228
15.448435 146 3076 3813.45699547
30.671213 147 3101 3830.12820891
16.964523 148 3102 3830.45699547
32.037103 149 3124 3844.00856082
33.408639 150 3131 3850.12820891
24.516059 151 3132 3850.12820891
30.210008 152 3150 3865.87927835
26.946002 153 3188 3892.41336478
30.589801 154 3211 3943.75581544
24.564656 155 3267 4014.5919888
16.312729 156 3290 4034.60538709
28.146709 157 3298 4037.5919888
16.186479 158 3306 4047.48589067
27.009325 159 3315 4063.11805524
26.600376 160 3316 4063.71843167
46.568319 161 3324 4087.28675073
35.775335 162 3367 4141.90687287
24.471706 163 3370 4146.65560047
32.959646 164 3386 4180.08603802
36.012447 165 3414 4242.51015589
32.931136 166 3439 4283.66662406
26.465906 167 3543 4442.17728457
30.767238 168 3548 4446.94452295
31.158913 169 3572 4481.67625838
39.762792 170 3583 4504.51734552
57.773256 171 3598 4521.51734552
56.468973 172 3628 4547.67625838
93.729812 173 3657 4588.67625838
38.173734 174 3668 4612.51734552
38.968738 175 3669 4622.67625838
53.596064 176 3681 4641.67159227
31.000000 177 3689 4662.90731077
40.970627 178 3699 4688.06420627
43.985052 179 3711 4713.4944542
29.974923 180 3718 4720.46937721
24.006990 181 3724 4730.4944542
26.551584 182 3745 4749.4944542
46.122772 183 3777 4793.03557271
7.905932 184 3792 4806.42085686
94.034902 185 3798 4807.4944542
25.132754 186 3814 4827.4944542
32.799466 187 3848 4868.57626989
35.005496 188 3910 4936.57626989
84.154038 189 3932 4989.42085686
50.404113 190 3951 5029.42085686
82.837488 191 3958 5043.34856355
171.214646 192 3976 5057.34856355
62.799598 193 3983 5066.42085686
18.583981 194 3987 5074.34856355
97.635247 195 4017 5114.42085686
22.646594 196 4021 5119.34856355
31.496238 197 4060 5184.79165252
23.445069 198 4061 5185.2367214
29.648512 199 4097 5222.01690193
22.772522 200 4100 5224.9748239
21.061031 201 4146 5279.74261517
52.467225 202 4188 5319.74261517
27.401238 203 4196 5325.46536106
23.981648 204 4201 5331.68158461
21.109770 205 4211 5351.80745658
23.000000 206 4241 5394.99572474
23.127849 207 4242 5398.82574125
46.746632 208 4252 5429.99572474
39.995789 209 4259 5453.72471646
30.933619 210 4294 5535.77287783
22.553568 211 4350 5604.06118866
26.473761 212 4369 5629.16439731
12.512508 213 4404 5699.62382499
50.759144 214 4406 5705.62382499
38.058482 215 4408 5711.682307
22.180521 216 4448 5776.98047922
26.678480 217 4452 5782.79995864
32.608830 218 4476 5844.23623511
26.341158 219 4499 5862.53822484
55.221006 220 4536 5894.90610198
42.364341 221 4541 5902.53822484
33.077311 222 4550 5915.19706664
54.210651 223 4569 5942.29902435
32.803996 224 4579 5963.56135498
18.278483 225 4604 6003.39756263
9.897305 226 4608 6004.78400902
30.386446 227 4623 6016.78400902
29.157716 228 4658 6068.66520297
30.843192 229 4771 6236.94333001
35.308743 230 4792 6250.85394883
26.503646 231 4803 6254.35759467
31.892739 232 4824 6280.35759467
26.073806 233 4848 6318.01905696
40.561166 234 4865 6333.49584887
30.047904 235 4877 6348.07981322
