#data counter step time
0 1 0 0.0
1 2 1 0.0
2 3 12 1.68322486913
3 4 14 11.0716088674
4 5 17 17.6941661112
5 6 19 18.9364505293
6 7 22 22.7514567199
7 8 25 28.0502243038
6 9 27 28.0716088674
5 10 29 30.6832248691
4 11 30 32.9364505293
3 12 31 37.6941661112
4 13 32 38.6334379044
3 14 35 42.7514567199
4 15 38 47.5697529289
5 16 41 55.5050241932
4 17 43 55.6334379044
5 18 44 56.0610484596
4 19 46 57.0716088674
5 20 47 60.4865790748
4 21 50 67.5697529289
5 22 53 73.4683620013
4 23 55 75.5050241932
3 24 57 85.0610484596
2 25 58 86.4865790748
3 26 59 89.9582301596
2 27 61 90.4683620013
3 28 63 100.104332699
4 29 65 102.10657605
3 30 67 103.95823016
4 31 69 109.050343017
3 32 73 123.104332699
2 33 74 126.050343017
1 34 75 128.10657605
2 35 76 130.994235883
3 36 78 136.25546158
2 37 82 150.25546158
1 38 83 156.994235883
2 39 84 159.845187836
1 40 87 176.845187836
2 41 88 179.562741649
3 42 90 180.085283255
2 43 94 194.085283255
1 44 95 202.562741649
2 45 96 209.387987487
3 46 98 210.256219586
4 47 102 219.596941306
5 48 104 220.128728102
6 49 107 223.827303227
5 50 110 224.256219586
4 51 111 228.128728102
3 52 112 233.596941306
2 53 114 235.387987487
3 54 115 235.76647518
4 55 117 237.832191305
5 56 119 239.151998874
6 57 121 239.556728187
7 58 124 241.135764256
6 59 127 246.76647518
5 60 129 246.827303227
4 61 131 251.832191305
3 62 132 253.556728187
4 63 133 254.723472203
3 64 135 256.151998874
4 65 136 256.744507292
5 66 139 262.219577321
4 67 143 268.723472203
3 68 144 269.76647518
4 69 145 270.779238101
3 70 149 273.744507292
4 71 150 277.21381485
5 72 152 278.656570324
4 73 154 278.779238101
5 74 155 278.795735042
4 75 157 282.219577321
5 76 158 283.375757214
4 77 164 292.656570324
5 78 165 292.998705177
6 79 167 293.25816354
5 80 169 295.795735042
6 81 170 296.817908416
5 82 172 297.375757214
6 83 173 298.48119103
5 84 175 300.21381485
6 85 179 308.742601649
7 86 182 311.481052023
6 87 184 312.998705177
5 88 185 315.48119103
4 89 187 316.25816354
5 90 188 321.873486472
4 91 190 322.817908416
3 92 191 325.742601649
4 93 193 330.039092733
3 94 196 332.998705177
2 95 197 338.873486472
3 96 199 342.590641625
4 97 201 345.444220274
5 98 203 345.82750977
6 99 206 350.465915538
5 100 210 353.039092733
6 101 211 353.587003475
5 102 213 353.590641625
4 103 215 356.444220274
3 104 216 359.82750977
4 105 217 362.470295568
3 106 220 364.465915538
4 107 221 367.249518923
5 108 223 369.624708307
6 109 226 375.026455748
7 110 228 375.280625583
6 111 230 376.587003475
7 112 233 382.214353537
8 113 234 382.364875449
7 114 237 383.026455748
8 115 238 385.519449611
7 116 241 386.624708307
8 117 242 388.128471543
7 118 243 388.470295568
6 119 245 390.249518923
5 120 247 393.587003475
4 121 252 402.470295568
3 122 253 403.624708307
2 123 254 406.026455748
3 124 255 407.777145049
2 125 257 410.249518923
3 126 259 424.713880547
2 127 261 424.777145049
3 128 262 427.272269136
4 129 265 432.988396149
5 130 267 433.35598648
6 131 269 435.411310006
7 132 271 435.48410852
6 133 275 438.713880547
7 134 277 442.093276478
6 135 278 444.35598648
5 136 281 446.988396149
6 137 282 449.26407662
5 138 284 450.272269136
6 139 288 455.479919369
5 140 290 457.26407662
4 141 291 458.411310006
3 142 292 461.713880547
4 143 293 463.938728553
3 144 296 467.35598648
4 145 298 469.629744394
5 146 300 470.831969381
4 147 303 475.479919369
5 148 307 478.934701619
6 149 309 478.967566927
5 150 311 480.629744394
6 151 312 480.815103624
5 152 314 484.831969381
6 153 316 485.000888117
5 154 319 489.938728553
6 155 320 490.462779609
7 156 321 491.211466121
6 157 324 494.629744394
5 158 325 498.831969381
4 159 327 498.934701619
3 160 330 503.938728553
4 161 332 511.959653347
5 162 334 515.261105991
4 163 336 515.831969381
3 164 338 517.629744394
2 165 342 528.959653347
3 166 343 531.159735426
2 167 345 532.261105991
3 168 346 535.359815542
4 169 349 544.301658625
5 170 351 547.149618976
4 171 352 548.159735426
3 172 356 558.301658625
2 173 357 558.359815542
3 174 358 559.691153143
4 175 361 564.137844177
5 176 363 565.917419238
6 177 365 569.450740734
7 178 366 570.773366909
6 179 369 574.159735426
5 180 371 579.691153143
6 181 373 584.125933806
5 182 375 584.137844177
4 183 376 585.159735426
5 184 378 586.140756108
6 185 379 586.320402885
5 186 383 593.159735426
6 187 385 593.496468756
7 188 386 594.448008827
6 189 388 595.137844177
7 190 389 595.896298291
6 191 391 596.691153143
7 192 393 597.463923832
8 193 394 599.264250342
7 194 396 601.159735426
8 195 397 601.289295359
7 196 401 612.137844177
6 197 404 615.159735426
5 198 407 622.691153143
4 199 410 623.137844177
3 200 411 626.159735426
2 201 414 637.137844177
3 202 415 637.758072777
4 203 417 640.072883775
3 204 420 648.691153143
4 205 423 651.61076078
3 206 426 657.072883775
4 207 427 658.882201746
3 208 429 660.758072777
4 209 430 663.936093261
5 210 431 664.613843471
4 211 435 683.072883775
3 212 438 686.758072777
4 213 441 690.404232256
5 214 442 691.149244837
6 215 445 699.462690113
5 216 447 700.072883775
6 217 448 701.577599014
5 218 450 705.35598648
6 219 451 706.316510491
7 220 454 712.41192139
6 221 456 713.35598648
7 222 457 713.665222466
8 223 458 716.799269698
7 224 460 717.072883775
8 225 461 717.636041467
9 226 462 719.67474131
10 227 463 721.954289283
11 228 464 722.226004987
10 229 468 727.35598648
9 230 470 734.072883775
8 231 473 735.35598648
9 232 477 744.650294085
8 233 479 745.072883775
9 234 481 749.452847877
8 235 485 755.35598648
7 236 488 759.831969381
6 237 489 765.072883775
5 238 492 766.35598648
6 239 494 766.951684489
7 240 495 769.212482731
6 241 497 773.831969381
7 242 499 774.176425258
8 243 500 776.153624657
8 244 500 776.153624657
