#data counter step time
0 1 0 0.0
1 2 1 0.0
2 3 12 1.08426450415
3 4 14 2.68121215306
4 5 16 5.24899197624
5 6 18 12.1557207901
4 7 26 24.0842645042
3 8 27 25.6812121531
2 9 30 28.2489919762
3 10 31 28.4613871658
2 11 33 32.1557207901
3 12 36 39.3217137212
4 13 39 39.7062415873
5 14 40 43.50826715
6 15 42 44.2370372688
7 16 44 45.8170658002
6 17 55 51.4613871658
5 18 56 53.3217137212
4 19 57 53.8170658002
3 20 58 54.50826715
2 21 59 55.2370372688
1 22 60 56.3217137212
2 23 62 57.8945182125
3 24 63 58.2302351753
4 25 66 61.6278357524
5 26 70 63.1749026581
6 27 74 66.1669091402
7 28 78 71.4055543659
6 29 80 71.8945182125
7 30 81 72.0920549074
6 31 83 72.2302351753
5 32 86 74.1669091402
4 33 87 75.2302351753
5 34 88 83.0182265658
4 35 90 83.1749026581
5 36 95 88.405395363
4 37 99 94.4055543659
5 38 100 96.2365699539
4 39 102 97.0182265658
3 40 105 101.092054907
4 41 108 101.840342882
3 42 110 105.405395363
2 43 111 107.236569954
1 44 114 112.840342882
2 45 115 122.930810501
3 46 117 124.599383894
4 47 119 125.563449592
5 48 121 129.324545988
4 49 129 133.563449592
5 50 130 137.722706887
4 51 132 138.599383894
5 52 133 140.414570794
4 53 135 142.930810501
5 54 142 153.709567465
4 55 144 157.414570794
3 56 145 157.722706887
4 57 146 158.241478551
3 58 148 158.324545988
4 59 153 164.718178643
3 60 155 167.709567465
2 61 156 169.241478551
3 62 157 169.502272508
4 63 160 171.732900953
5 64 163 175.104822093
6 65 165 177.862662354
7 66 168 178.293015627
6 67 169 181.718178643
7 68 174 184.506081583
6 69 183 191.732900953
5 70 184 192.104822093
4 71 185 192.104822093
3 72 186 192.502272508
2 73 187 197.862662354
3 74 188 206.408391639
2 75 190 207.506081583
3 76 191 212.34699764
2 77 195 220.34699764
1 78 198 229.408391639
2 79 199 230.547860072
3 80 202 230.635340881
4 81 203 230.769615674
5 82 205 235.106668611
6 83 212 239.020766242
7 84 214 240.260323932
6 85 216 247.547860072
5 86 217 247.769615674
6 87 220 249.563875963
5 88 222 250.547860072
4 89 227 255.106668611
3 90 230 262.020766242
2 91 231 263.260323932
3 92 232 263.998609614
2 93 234 269.563875963
1 94 237 277.998609614
2 95 238 280.897910842
3 96 242 291.686721968
4 97 244 295.074519552
5 98 246 298.340470234
4 99 250 300.897910842
5 100 251 301.266141776
4 101 257 305.686721968
5 102 258 306.56430783
6 103 260 307.342615131
5 104 266 309.074519552
6 105 267 309.325386608
5 106 271 311.56430783
4 107 272 312.340470234
5 108 273 312.369494098
4 109 277 318.266141776
3 110 278 318.342615131
2 111 281 323.325386608
3 112 282 324.645874415
4 113 284 325.434837279
5 114 286 325.675816702
4 115 288 326.369494098
3 116 293 333.434837279
4 117 294 335.149444021
3 118 298 341.645874415
2 119 301 352.149444021
1 120 302 354.675816702
2 121 303 356.548345117
3 122 306 364.488088572
4 123 307 369.276831775
3 124 313 376.548345117
2 125 314 378.488088572
1 126 317 392.276831775
2 127 318 401.671891745
3 128 320 405.691685761
2 129 324 415.671891745
3 130 327 417.938644588
4 131 329 420.075652921
3 132 335 428.691685761
2 133 336 428.938644588
3 134 337 433.787213254
2 135 339 437.075652921
3 136 340 443.62792629
4 137 346 456.788569501
3 138 348 459.787213254
2 139 349 463.62792629
3 140 352 464.675262258
4 141 356 471.953564178
3 142 358 473.788569501
4 143 359 474.743098242
3 144 361 475.675262258
4 145 366 481.146342484
5 146 368 481.421960472
4 147 370 482.743098242
5 148 371 484.43238671
6 149 373 484.885899792
5 150 377 488.953564178
4 151 380 495.421960472
3 152 385 504.43238671
2 153 386 507.146342484
1 154 387 507.885899792
2 155 389 517.721961064
1 156 392 531.721961064
2 157 393 539.033793307
3 158 395 546.627030309
2 159 401 554.627030309
3 160 402 556.460166069
2 161 406 559.033793307
3 162 407 560.86102192
2 163 409 564.460166069
3 164 412 572.439783305
2 165 414 577.86102192
1 166 417 586.439783305
2 167 418 590.570281407
3 168 420 592.806235249
2 169 424 598.570281407
1 170 427 612.806235249
2 171 428 615.765356478
3 172 432 630.694847911
4 173 434 637.976960632
3 174 438 641.765356478
4 175 440 643.562394196
3 176 447 651.562394196
2 177 448 654.976960632
1 178 449 656.694847911
2 179 450 682.96275456
3 180 452 683.367372029
2 181 458 690.96275456
1 182 459 697.367372029
2 183 461 702.90427215
1 184 466 713.90427215
2 185 467 716.206104323
1 186 471 727.206104323
2 187 472 728.810140596
3 188 476 733.35209949
2 189 478 736.810140596
3 190 479 737.063543861
4 191 481 740.503891371
5 192 485 746.301272321
6 193 488 749.428425729
7 194 491 751.623714219
6 195 493 753.35209949
5 196 497 754.503891371
4 197 498 757.063543861
5 198 500 759.279427048
4 199 503 761.35209949
3 200 509 775.35209949
2 201 510 777.063543861
1 202 511 777.503891371
2 203 512 792.893546213
3 204 514 800.278168702
2 205 520 806.893546213
3 206 522 806.981451323
4 207 524 807.531276913
3 208 526 808.278168702
4 209 527 808.745100001
3 210 533 822.278168702
2 211 537 829.981451323
1 212 538 839.278168702
2 213 539 845.044096278
3 214 541 848.765018967
4 215 543 849.149034235
5 216 544 850.803914969
6 217 545 853.493240149
7 218 550 859.639022435
6 219 554 865.765018967
7 220 557 872.515440982
6 221 558 874.044096278
5 222 563 876.765356478
6 223 565 877.713236971
7 224 567 878.196552616
6 225 571 882.765018967
7 226 576 886.362754454
8 227 577 888.63863876
7 228 580 891.044096278
6 229 581 891.044096278
7 230 582 893.256737152
6 231 583 896.765356478
5 232 585 897.044096278
4 233 588 902.765018967
5 234 591 905.598648357
6 235 596 907.911474639
7 236 597 910.268035221
6 237 599 910.765018967
5 238 600 911.044096278
4 239 603 913.765356478
5 240 607 918.929199152
4 241 609 919.044096278
5 242 611 919.2693273
4 243 620 930.765018967
3 244 621 932.929199152
4 245 624 936.107983531
3 246 628 939.765356478
4 247 629 941.201763778
5 248 631 941.327363466
4 249 632 941.765018967
5 250 634 942.283231381
4 251 635 944.107983531
5 252 639 948.59932733
6 253 642 952.320272767
7 254 643 952.940749233
6 255 647 958.107983531
7 256 648 958.641670706
6 257 650 958.765018967
5 258 651 964.201763778
6 259 657 968.886979829
5 260 658 969.765018967
6 261 662 974.902452801
5 262 664 981.107983531
4 263 665 981.201763778
3 264 671 989.201763778
4 265 674 995.217542059
3 266 676 995.765018967
2 267 678 998.107983531
3 268 681 1002.54274485
2 269 684 1006.21754206
3 270 687 1018.26247808
4 271 689 1018.78048594
3 272 691 1019.54274485
4 273 692 1022.96083404
5 274 695 1024.91635488
6 275 698 1028.4994078
7 276 701 1033.55835219
8 277 702 1033.94116708
9 278 703 1037.09217405
8 279 705 1038.26247808
7 280 711 1045.54274485
8 281 712 1045.93905125
7 282 713 1046.89354621
8 283 716 1047.30638781
7 284 718 1049.26247808
8 285 724 1053.81536061
9 286 725 1055.54723897
10 287 726 1058.37232943
9 288 728 1059.54274485
10 289 729 1060.55794743
9 290 731 1060.89354621
8 291 732 1060.89354621
9 292 734 1061.94875485
10 293 742 1067.23176708
9 294 743 1068.89354621
8 295 746 1073.54274485
7 296 748 1074.89354621
6 297 750 1075.26247808
7 298 751 1079.9979241
8 299 759 1088.75990134
7 300 760 1096.54274485
6 301 763 1097.89354621
5 302 765 1098.26247808
4 303 768 1102.54274485
5 304 769 1109.51014166
4 305 774 1113.54274485
3 306 776 1114.89354621
4 307 777 1116.02461236
5 308 779 1119.98155436
4 309 781 1121.26247808
3 310 786 1127.54274485
4 311 789 1135.49035518
3 312 793 1138.26247808
2 313 794 1139.02461236
3 314 795 1141.89796039
4 315 797 1143.78636333
5 316 799 1144.02845611
6 317 800 1148.04374396
5 318 802 1152.49035518
6 319 806 1154.76610046
5 320 808 1157.78636333
6 321 812 1161.74386869
7 322 815 1162.76834214
8 323 816 1163.21850833
9 324 817 1164.26316146
8 325 821 1167.89796039
7 326 822 1167.89796039
8 327 823 1168.18338165
7 328 824 1169.49035518
6 329 829 1174.78636333
7 330 830 1176.9114898
6 331 837 1187.89796039
5 332 841 1192.49035518
6 333 843 1193.92139017
5 334 847 1200.78636333
4 335 848 1203.49035518
3 336 851 1204.04409628
4 337 852 1208.6522097
5 338 854 1209.96430225
6 339 856 1211.10536586
5 340 860 1213.89796039
4 341 863 1217.78636333
3 342 866 1222.6522097
4 343 869 1226.02014567
3 344 871 1227.89796039
2 345 874 1232.96430225
3 346 877 1233.72361835
4 347 879 1234.22825264
5 348 882 1237.44679985
6 349 883 1237.86581934
5 350 887 1240.02014567
4 351 891 1242.22825264
3 352 894 1248.22825264
2 353 895 1250.72361835
1 354 896 1251.02014567
2 355 897 1254.76393316
3 356 901 1260.28023126
4 357 903 1262.29550524
3 358 909 1271.76393316
4 359 910 1275.7217108
5 360 912 1278.10218143
4 361 915 1282.29550524
3 362 917 1283.28023126
2 363 918 1289.7217108
3 364 919 1290.53148752
2 365 926 1301.53148752
3 366 927 1301.71980217
2 367 931 1308.29550524
1 368 933 1312.71980217
2 369 934 1312.77363265
3 370 936 1319.87887946
2 371 943 1332.77363265
3 372 944 1338.53870528
4 373 946 1344.18787367
5 374 948 1345.11592754
4 375 950 1345.87887946
3 376 955 1355.53870528
2 377 958 1362.87887946
1 378 959 1367.18787367
2 379 960 1375.69268965
3 380 964 1386.92036761
4 381 967 1389.73920875
3 382 971 1397.92036761
2 383 972 1401.69268965
1 384 973 1406.92036761
2 385 974 1420.88189964
3 386 976 1420.8996555
4 387 980 1425.30343273
5 388 984 1431.80691036
6 389 985 1431.85994243
7 390 988 1436.58825963
6 391 989 1437.8996555
5 392 992 1440.88189964
6 393 994 1441.04524398
5 394 997 1445.30343273
6 395 999 1445.95608926
7 396 1003 1450.7425382
8 397 1004 1452.03504822
7 398 1009 1454.8996555
6 399 1015 1457.88189964
7 400 1016 1460.35682033
6 401 1017 1460.88189964
5 402 1019 1462.30343273
6 403 1020 1462.81060396
7 404 1021 1463.17592222
6 405 1023 1463.89796039
5 406 1028 1466.88189964
4 407 1032 1474.8996555
3 408 1033 1476.30343273
4 409 1035 1476.74531197
5 410 1037 1478.28322211
6 411 1039 1479.09377735
7 412 1040 1479.84057499
6 413 1044 1483.89796039
5 414 1048 1486.88189964
6 415 1050 1488.29649086
5 416 1053 1490.74531197
6 417 1056 1493.19050897
7 418 1059 1494.71325407
6 419 1060 1494.88189964
5 420 1062 1495.88189964
4 421 1064 1497.89796039
3 422 1069 1505.88189964
4 423 1070 1507.00865461
3 424 1072 1513.74531197
4 425 1074 1515.94242564
5 426 1075 1516.02539468
4 427 1084 1524.00865461
3 428 1085 1526.89796039
2 429 1086 1527.00865461
3 430 1087 1528.52111492
2 431 1089 1533.02539468
3 432 1090 1537.67586645
4 433 1096 1546.69223883
3 434 1099 1548.52111492
2 435 1100 1548.67586645
3 436 1101 1549.00950109
4 437 1103 1550.28388581
5 438 1105 1551.53275907
6 439 1107 1552.68745887
5 440 1113 1557.69223883
6 441 1116 1561.04192066
5 442 1122 1566.00950109
4 443 1123 1568.53275907
3 444 1124 1568.69223883
2 445 1127 1573.28388581
1 446 1129 1577.00950109
2 447 1130 1578.9011438
1 448 1135 1592.9011438
2 449 1136 1593.90707371
3 450 1140 1595.39384315
4 451 1144 1604.64350341
5 452 1146 1604.83768913
4 453 1147 1604.90707371
5 454 1150 1605.73249084
6 455 1151 1607.10562905
7 456 1155 1611.52835044
6 457 1156 1612.39384315
5 458 1158 1612.64350341
6 459 1159 1613.14912365
7 460 1162 1615.79653808
8 461 1163 1615.82872205
7 462 1165 1618.64350341
6 463 1167 1618.90707371
7 464 1168 1621.03362999
8 465 1171 1623.21480513
9 466 1172 1624.24105236
8 467 1176 1626.39384315
9 468 1179 1638.62258134
8 469 1181 1638.90707371
7 470 1186 1641.64350341
8 471 1187 1641.83047804
7 472 1194 1646.39384315
8 473 1195 1646.77335801
7 474 1197 1646.90707371
8 475 1198 1646.97510853
7 476 1200 1649.64350341
8 477 1205 1652.30843562
9 478 1206 1652.33483072
8 479 1207 1652.64350341
9 480 1208 1652.90843777
10 481 1209 1653.07242133
11 482 1212 1656.07116574
12 483 1213 1658.97131385
13 484 1214 1659.64058198
12 485 1217 1660.90707371
11 486 1220 1663.39384315
10 487 1223 1666.64350341
11 488 1230 1668.56953961
10 489 1231 1671.39384315
9 490 1235 1674.64350341
8 491 1237 1674.90707371
7 492 1240 1677.39384315
6 493 1242 1677.90707371
7 494 1248 1680.38619274
6 495 1249 1680.64350341
7 496 1251 1680.8158783
8 497 1252 1681.04441459
9 498 1253 1687.49002308
8 499 1254 1688.90707371
7 500 1259 1691.64350341
6 501 1261 1691.90707371
5 502 1262 1694.39384315
4 503 1266 1697.39384315
5 504 1267 1697.53830562
4 505 1274 1702.64350341
3 506 1275 1705.39384315
2 507 1276 1708.90707371
3 508 1277 1712.32513595
2 509 1283 1720.32513595
3 510 1284 1720.44667834
4 511 1286 1720.89465607
5 512 1288 1720.96537601
4 513 1290 1723.30343273
5 514 1293 1725.2004774
6 515 1295 1730.54152464
5 516 1301 1731.44667834
4 517 1304 1734.96537601
5 518 1307 1739.44815626
6 519 1309 1739.66296441
7 520 1310 1742.06645538
6 521 1311 1742.2004774
5 522 1313 1742.44667834
4 523 1315 1743.89465607
5 524 1317 1744.01765989
6 525 1322 1746.64966675
5 526 1327 1753.44667834
4 527 1328 1753.44815626
3 528 1332 1757.64966675
2 529 1333 1759.2004774
1 530 1335 1765.44667834
2 531 1336 1765.57340043
3 532 1338 1772.39818604
4 533 1344 1773.41009184
3 534 1346 1777.39818604
2 535 1349 1784.41009184
1 536 1350 1785.57340043
2 537 1352 1800.95964328
3 538 1356 1810.26539339
4 539 1358 1812.27480655
3 540 1362 1814.95964328
2 541 1365 1827.26539339
1 542 1366 1829.27480655
2 543 1367 1837.71497098
1 544 1371 1851.71497098
2 545 1372 1853.12026805
3 546 1374 1862.86333302
4 547 1376 1863.25412528
5 548 1379 1865.30686385
6 549 1382 1867.13263766
5 550 1389 1871.25412528
4 551 1390 1871.25412528
3 552 1393 1876.12026805
2 553 1394 1879.86333302
1 554 1395 1884.13263766
2 555 1396 1888.96580816
1 556 1400 1902.96580816
2 557 1401 1909.79905986
1 558 1405 1926.79905986
2 559 1406 1933.81772114
3 560 1410 1943.70742549
4 561 1412 1944.03870868
3 562 1418 1949.03870868
2 563 1419 1950.81772114
1 564 1420 1954.70742549
2 565 1421 1955.36875913
3 566 1423 1955.6567474
4 567 1426 1956.47377683
5 568 1429 1960.96595015
6 569 1436 1971.30566502
5 570 1438 1972.36875913
4 571 1440 1975.6567474
5 572 1441 1976.7406695
6 573 1444 1978.21560691
5 574 1445 1978.6567474
4 575 1448 1983.96595015
3 576 1452 1990.7406695
2 577 1453 1991.30566502
1 578 1454 1991.30566502
2 579 1456 1998.77895585
3 580 1459 1999.79975357
4 581 1460 2000.88550153
5 582 1464 2004.05560506
4 583 1467 2006.77895585
5 584 1470 2010.56367277
6 585 1474 2013.64157323
5 586 1479 2018.05560506
6 587 1481 2018.58482854
5 588 1482 2022.79975357
6 589 1484 2022.9647279
5 590 1486 2024.56367277
6 591 1488 2027.92737914
5 592 1489 2029.88550153
6 593 1495 2036.2512795
5 594 1500 2041.56367277
4 595 1501 2044.05560506
3 596 1502 2044.56367277
2 597 1503 2044.56367277
1 598 1504 2045.79975357
2 599 1505 2048.88160936
3 600 1507 2053.8699908
4 601 1513 2057.58857376
3 602 1515 2058.8699908
2 603 1516 2062.88160936
3 604 1519 2065.37063733
4 605 1521 2066.42516453
3 606 1523 2068.58857376
4 607 1526 2072.9180212
3 608 1528 2076.37063733
2 609 1533 2083.42516453
1 610 1534 2083.9180212
2 611 1535 2088.81802107
3 612 1537 2099.15203632
4 613 1541 2103.78501853
5 614 1545 2109.30617407
4 615 1547 2110.15203632
3 616 1550 2114.81802107
4 617 1551 2115.55704877
5 618 1555 2118.73236521
4 619 1557 2123.78501853
5 620 1560 2128.44855176
4 621 1564 2129.30617407
5 622 1565 2130.60587835
4 623 1567 2132.73236521
3 624 1568 2135.55704877
4 625 1574 2143.97590268
5 626 1576 2145.64634223
4 627 1578 2150.60587835
3 628 1580 2151.44855176
4 629 1584 2155.87669216
5 630 1585 2159.8944281
6 631 1587 2159.93054701
7 632 1591 2162.92874355
6 633 1593 2163.97590268
7 634 1594 2167.21899032
6 635 1598 2170.60587835
5 636 1601 2174.97590268
4 637 1603 2176.60587835
5 638 1604 2176.99544392
4 639 1609 2181.60587835
5 640 1611 2182.68826734
4 641 1613 2182.97590268
5 642 1614 2183.41789363
6 643 1615 2184.39982072
7 644 1616 2185.71821259
8 645 1617 2186.74418217
7 646 1619 2188.8944281
8 647 1620 2188.99684093
7 648 1626 2199.97590268
6 649 1630 2204.60587835
7 650 1633 2208.33194225
8 651 1634 2208.55703097
9 652 1637 2210.55175045
8 653 1639 2211.8944281
7 654 1641 2213.97590268
6 655 1643 2215.60587835
7 656 1644 2217.38256
6 657 1651 2221.97590268
7 658 1656 2223.42556793
8 659 1657 2223.68112204
7 660 1661 2229.60587835
6 661 1666 2233.30566502
5 662 1667 2234.8944281
4 663 1670 2241.97590268
3 664 1671 2241.97590268
2 665 1674 2247.30566502
3 666 1675 2253.08712117
2 667 1677 2255.60587835
3 668 1679 2256.10926868
4 669 1683 2267.23513439
5 670 1685 2268.54386367
6 671 1687 2270.19617788
7 672 1689 2272.59116599
8 673 1691 2275.40759923
9 674 1694 2275.56934794
8 675 1696 2276.08712117
7 676 1699 2279.08712117
6 677 1701 2279.54386367
5 678 1707 2287.23513439
4 679 1708 2290.19617788
5 680 1709 2290.31692704
4 681 1711 2290.54386367
3 682 1715 2293.19617788
2 683 1717 2296.08712117
3 684 1721 2302.46011537
4 685 1724 2303.18585225
5 686 1725 2306.43044318
4 687 1728 2307.31692704
5 688 1731 2309.76944141
6 689 1733 2312.03029638
5 690 1738 2316.46011537
4 691 1740 2318.31692704
5 692 1741 2318.59914407
4 693 1743 2327.31692704
3 694 1744 2327.31692704
4 695 1747 2330.34667699
5 696 1748 2331.73564945
4 697 1753 2341.31692704
3 698 1754 2342.46011537
4 699 1755 2342.68145652
5 700 1758 2344.02378099
6 701 1761 2347.07049891
5 702 1766 2352.31692704
4 703 1768 2356.68145652
3 704 1771 2358.31692704
2 705 1772 2361.31692704
1 706 1774 2367.68145652
2 707 1775 2384.7958272
3 708 1779 2393.46408523
2 709 1781 2395.7958272
3 710 1784 2411.50106762
2 711 1786 2413.46408523
3 712 1787 2416.19205004
4 713 1789 2417.00679492
5 714 1791 2420.59640007
6 715 1794 2421.71400854
7 716 1795 2423.05464707
6 717 1802 2430.19205004
5 718 1804 2431.00679492
6 719 1808 2438.72544932
5 720 1810 2440.50106762
6 721 1811 2440.93758149
7 722 1813 2441.57251505
6 723 1820 2447.19205004
5 724 1821 2447.19205004
6 725 1822 2447.6343451
7 726 1823 2448.88004712
6 727 1825 2451.00679492
7 728 1828 2454.29723321
6 729 1829 2454.50106762
7 730 1830 2456.79133172
6 731 1832 2460.50106762
5 732 1838 2467.19205004
4 733 1840 2471.00679492
3 734 1841 2471.50106762
4 735 1847 2478.36099008
5 736 1848 2478.63479601
4 737 1850 2482.00679492
3 738 1854 2493.19205004
2 739 1857 2496.19205004
1 740 1858 2502.00679492
2 741 1861 2524.82363281
3 742 1865 2546.02628047
4 743 1867 2547.56172005
5 744 1869 2548.9463713
4 745 1877 2556.82363281
3 746 1878 2564.56172005
2 747 1879 2565.9463713
1 748 1880 2566.02628047
2 749 1881 2581.0748247
3 750 1883 2581.27783434
4 751 1885 2587.64533216
5 752 1891 2591.85376533
4 753 1893 2592.0748247
3 754 1896 2598.27783434
2 755 1899 2604.64533216
1 756 1900 2605.85376533
2 757 1901 2609.15787758
1 758 1905 2620.15787758
2 759 1906 2624.88910143
3 760 1910 2636.81554473
2 761 1912 2641.88910143
3 762 1915 2651.37572359
4 763 1917 2651.88480325
3 764 1921 2656.37572359
2 765 1922 2656.81554473
3 766 1923 2660.4190948
4 767 1929 2672.97273163
5 768 1931 2674.07127245
4 769 1933 2677.88480325
5 770 1935 2680.9350652
4 771 1938 2683.4190948
5 772 1939 2684.03279225
4 773 1941 2689.97273163
3 774 1945 2694.07127245
2 775 1946 2697.07127245
3 776 1947 2698.91956708
4 777 1949 2699.50635867
5 778 1951 2702.43514308
6 779 1955 2708.42814723
5 780 1960 2710.03279225
4 781 1965 2716.50635867
3 782 1968 2721.91956708
2 783 1969 2722.43514308
1 784 1970 2724.03279225
2 785 1971 2728.22731445
3 786 1975 2739.0479563
4 787 1977 2741.58545555
3 788 1979 2745.22731445
4 789 1982 2750.85334308
5 790 1986 2755.6280718
4 791 1988 2756.0479563
3 792 1991 2764.58545555
2 793 1992 2764.85334308
3 794 1993 2765.52694833
4 795 1995 2767.94386778
5 796 2003 2777.5190367
4 797 2005 2778.6280718
5 798 2006 2781.32027179
4 799 2010 2782.52694833
3 800 2011 2784.94386778
2 801 2014 2791.5190367
1 802 2015 2792.32027179
2 803 2016 2807.13270147
3 804 2018 2809.33985399
4 805 2020 2810.1069173
5 806 2022 2810.98491369
6 807 2024 2812.93959607
5 808 2034 2820.33985399
6 809 2035 2825.35464969
7 810 2039 2826.95847763
6 811 2043 2830.1069173
5 812 2044 2830.13270147
4 813 2045 2832.93959607
3 814 2046 2836.35464969
2 815 2047 2836.98491369
1 816 2051 2841.1069173
2 817 2052 2843.12315348
3 818 2055 2847.14701027
4 819 2060 2850.92436087
3 820 2064 2857.12315348
2 821 2065 2861.14701027
1 822 2066 2867.14701027
2 823 2067 2870.363242
3 824 2071 2874.365794
4 825 2073 2874.85846981
5 826 2077 2879.99006368
6 827 2079 2881.85291116
5 828 2080 2882.85846981
4 829 2082 2887.363242
5 830 2083 2887.70426612
6 831 2085 2888.68326781
5 832 2094 2900.365794
6 833 2096 2900.92989404
5 834 2098 2901.70426612
6 835 2099 2901.93240582
5 836 2100 2905.99006368
6 837 2102 2910.17411879
5 838 2106 2911.85846981
4 839 2113 2920.365794
3 840 2114 2922.85846981
2 841 2115 2925.99006368
1 842 2116 2930.70426612
2 843 2117 2931.97642498
1 844 2121 2948.97642498
2 845 2122 2956.03672091
3 846 2126 2963.25858001
2 847 2128 2964.03672091
3 848 2129 2966.23788479
4 849 2131 2967.22476732
3 850 2139 2983.23788479
2 851 2141 2983.25858001
3 852 2142 2983.41837085
2 853 2144 2984.22476732
3 854 2148 3002.0264732
2 855 2150 3003.41837085
3 856 2153 3007.08197033
2 857 2157 3013.0264732
1 858 2158 3018.08197033
2 859 2159 3038.17290645
3 860 2163 3047.57437744
2 861 2165 3052.17290645
3 862 2166 3055.76074282
4 863 2168 3057.38927429
5 864 2174 3063.48650597
6 865 2175 3063.54911971
7 866 2180 3066.28650316
8 867 2181 3066.34966189
7 868 2183 3067.57437744
6 869 2186 3071.38927429
7 870 2188 3074.19101186
6 871 2189 3075.76074282
7 872 2193 3078.72983829
6 873 2198 3081.57437744
7 874 2201 3082.55675542
8 875 2202 3086.42674382
7 876 2203 3087.57437744
6 877 2205 3088.38927429
7 878 2207 3088.56114013
8 879 2211 3089.31934702
7 880 2213 3089.72983829
8 881 2214 3091.6766114
7 882 2216 3091.98491369
6 883 2217 3094.38927429
5 884 2225 3101.57437744
4 885 2226 3101.72983829
3 886 2229 3105.98491369
2 887 2230 3108.38927429
1 888 2232 3112.72983829
2 889 2234 3114.6108496
3 890 2240 3127.79982281
2 891 2242 3131.6108496
3 892 2245 3134.61398664
2 893 2247 3135.79982281
3 894 2248 3139.4118035
4 895 2251 3140.28433971
5 896 2252 3142.06619315
4 897 2258 3148.61398664
3 898 2260 3150.4118035
4 899 2261 3152.56287169
3 900 2263 3154.61398664
4 901 2266 3160.99680013
3 902 2270 3174.61398664
4 903 2271 3175.20351523
3 904 2275 3178.56287169
4 905 2276 3179.15768187
5 906 2277 3179.45525929
6 907 2279 3180.47135868
7 908 2280 3180.64650835
6 909 2282 3185.61398664
7 910 2283 3188.09713578
8 911 2284 3191.05492915
9 912 2290 3195.56870795
8 913 2292 3199.61398664
9 914 2293 3199.72052709
8 915 2296 3201.56287169
7 916 2297 3201.56287169
8 917 2299 3211.37610025
7 918 2308 3219.61398664
6 919 2310 3221.56287169
5 920 2314 3224.56287169
4 921 2317 3225.61398664
3 922 2320 3230.61398664
2 923 2321 3231.23788479
3 924 2322 3232.92800172
4 925 2324 3234.91646573
3 926 2326 3235.56287169
2 927 2331 3243.92800172
1 928 2332 3257.91646573
2 929 2334 3261.99104343
3 930 2337 3267.04257689
4 931 2341 3269.5637305
3 932 2344 3275.99104343
4 933 2346 3276.38827542
3 934 2347 3278.04257689
2 935 2353 3289.99104343
1 936 2354 3292.04257689
2 937 2355 3293.4946788
1 938 2359 3304.4946788
2 939 2360 3307.01111957
3 940 2362 3313.29931249
4 941 2366 3314.01298977
5 942 2367 3315.62120619
6 943 2372 3321.31607034
7 944 2373 3323.62569091
6 945 2375 3324.01111957
5 946 2379 3327.29931249
6 947 2380 3329.78338464
5 948 2391 3339.38927429
6 949 2392 3340.02656159
5 950 2394 3342.38927429
6 951 2395 3343.83071418
7 952 2396 3344.74600719
8 953 2397 3345.39937612
7 954 2400 3345.72983829
6 955 2402 3346.78338464
5 956 2403 3347.01111957
6 957 2405 3351.56501711
7 958 2414 3360.35634384
6 959 2416 3362.72983829
5 960 2417 3363.78338464
4 961 2418 3365.72983829
3 962 2419 3366.78338464
2 963 2422 3368.38927429
3 964 2423 3371.88045925
4 965 2425 3376.35373394
3 966 2429 3377.35634384
4 967 2430 3381.06285372
3 968 2432 3381.35373394
4 969 2437 3388.5752241
5 970 2439 3389.00524775
4 971 2441 3391.88045925
3 972 2442 3395.06285372
4 973 2447 3400.83587913
5 974 2449 3401.29599195
6 975 2453 3405.38630769
5 976 2454 3405.5752241
4 977 2456 3409.00524775
5 978 2457 3409.03801613
4 979 2459 3411.83587913
3 980 2466 3422.5752241
4 981 2467 3424.62274022
5 982 2469 3427.25315791
4 983 2471 3427.29599195
3 984 2472 3429.03801613
4 985 2473 3429.17111889
3 986 2479 3441.62274022
4 987 2480 3441.76812118
3 988 2482 3443.17111889
2 989 2487 3449.76812118
3 990 2489 3452.60909514
4 991 2490 3456.53890207
5 992 2492 3457.35509285
4 993 2494 3459.25315791
5 994 2498 3463.94746131
4 995 2504 3472.60909514
3 996 2505 3474.35509285
2 997 2506 3476.53890207
1 998 2507 3477.35509285
2 999 2508 3481.1005875
3 1000 2513 3502.27637508
2 1001 2515 3504.1005875
3 1002 2517 3505.19932192
4 1003 2518 3506.12435673
5 1004 2521 3509.48443767
6 1005 2524 3512.53433087
7 1006 2526 3512.87850765
6 1007 2528 3514.12435673
7 1008 2535 3518.52377065
6 1009 2541 3526.87850765
5 1010 2542 3528.27637508
4 1011 2543 3529.53433087
3 1012 2544 3531.27637508
2 1013 2545 3532.87850765
1 1014 2546 3534.19932192
2 1015 2547 3534.81664045
1 1016 2551 3545.81664045
2 1017 2552 3562.511118
3 1018 2554 3569.36692953
4 1019 2557 3570.68423207
3 1020 2563 3579.511118
2 1021 2565 3582.511118
1 1022 2566 3583.36692953
2 1023 2568 3585.93360617
3 1024 2569 3586.37712163
4 1025 2571 3591.5412102
5 1026 2574 3591.86621493
4 1027 2583 3602.93360617
5 1028 2584 3603.31437212
6 1029 2586 3604.59483713
5 1030 2588 3605.5412102
4 1031 2589 3606.37712163
3 1032 2594 3611.5412102
4 1033 2595 3614.58556259
3 1034 2597 3618.59483713
4 1035 2598 3619.59937249
3 1036 2602 3623.31437212
2 1037 2605 3625.58556259
3 1038 2606 3626.92115483
4 1039 2608 3627.11322242
3 1040 2614 3636.59937249
2 1041 2615 3646.92115483
1 1042 2616 3647.11322242
2 1043 2617 3649.13498978
3 1044 2619 3663.75428953
2 1045 2625 3675.13498978
1 1046 2626 3677.75428953
2 1047 2627 3677.88259683
3 1048 2629 3686.13264043
4 1049 2631 3686.58370061
5 1050 2634 3688.43215179
6 1051 2635 3689.97448348
5 1052 2640 3697.88259683
4 1053 2647 3703.13264043
3 1054 2648 3703.88259683
4 1055 2649 3707.57045413
5 1056 2651 3707.86690135
4 1057 2653 3709.58370061
3 1058 2654 3709.97448348
4 1059 2655 3711.61608828
5 1060 2663 3718.79746048
4 1061 2665 3722.61608828
3 1062 2668 3724.57045413
2 1063 2669 3724.86690135
3 1064 2670 3726.67789557
2 1065 2672 3729.79746048
3 1066 2673 3738.27538656
4 1067 2677 3740.34909936
3 1068 2683 3755.67789557
4 1069 2684 3756.30107444
3 1070 2686 3757.34909936
2 1071 2687 3758.27538656
3 1072 2692 3771.03061989
2 1073 2694 3773.30107444
1 1074 2697 3782.03061989
2 1075 2698 3782.63995043
3 1076 2702 3787.5816694
2 1077 2704 3790.63995043
3 1078 2705 3794.3688179
2 1079 2711 3801.5816694
1 1080 2712 3805.3688179
2 1081 2714 3814.79277174
3 1082 2718 3823.44696394
4 1083 2720 3825.33811442
5 1084 2722 3827.12276335
6 1085 2724 3828.33145128
7 1086 2725 3830.20909109
6 1087 2727 3831.79277174
7 1088 2734 3837.26562468
6 1089 2736 3837.44696394
5 1090 2737 3839.33811442
4 1091 2739 3841.12276335
5 1092 2740 3841.50102366
4 1093 2746 3847.33811442
3 1094 2749 3851.79277174
2 1095 2752 3860.44696394
3 1096 2753 3861.07325078
2 1097 2755 3861.50102366
3 1098 2758 3868.08616461
4 1099 2761 3869.38761635
5 1100 2762 3870.83198825
6 1101 2764 3873.12149517
5 1102 2766 3875.07325078
4 1103 2770 3876.08616461
3 1104 2775 3881.83198825
4 1105 2776 3884.03784704
3 1106 2778 3885.08616461
2 1107 2779 3890.12149517
3 1108 2780 3892.72024498
2 1109 2786 3897.72024498
3 1110 2787 3899.73753966
4 1111 2789 3899.96641337
3 1112 2791 3901.03784704
4 1113 2792 3903.80236953
5 1114 2794 3905.62319913
6 1115 2800 3910.4554908
7 1116 2803 3912.59061193
8 1117 2804 3916.34621009
7 1118 2806 3916.73753966
6 1119 2809 3919.96641337
5 1120 2811 3922.62319913
4 1121 2813 3923.80236953
5 1122 2818 3928.7775733
4 1123 2822 3930.73753966
3 1124 2823 3933.62319913
2 1125 2825 3933.96641337
3 1126 2826 3935.24030429
4 1127 2830 3936.47637308
5 1128 2833 3940.79336974
6 1129 2834 3941.26325269
7 1130 2836 3943.86770079
8 1131 2837 3945.12642583
7 1132 2838 3948.7775733
8 1133 2847 3952.23341571
9 1134 2848 3956.26605176
8 1135 2849 3956.47637308
7 1136 2850 3956.47637308
6 1137 2852 3959.47637308
7 1138 2854 3960.94325443
6 1139 2856 3961.24030429
5 1140 2861 3965.7775733
4 1141 2864 3968.7775733
3 1142 2865 3970.47637308
2 1143 2871 3976.7775733
3 1144 2872 3979.16329423
4 1145 2874 3980.56187119
5 1146 2877 3983.68709662
6 1147 2879 3985.58203397
5 1148 2881 3987.24030429
6 1149 2882 3988.94974532
5 1150 2890 3998.24030429
4 1151 2892 3999.16329423
3 1152 2897 4006.27538656
4 1153 2898 4009.18488214
3 1154 2900 4010.16329423
2 1155 2901 4012.24030429
1 1156 2904 4023.18488214
2 1157 2905 4027.71623146
3 1158 2907 4032.15378111
4 1159 2909 4035.7661043
5 1160 2911 4039.74841102
6 1161 2914 4040.33862518
7 1162 2915 4041.98376844
8 1163 2920 4043.78836213
7 1164 2922 4046.7661043
8 1165 2923 4047.67607271
9 1166 2926 4049.0909208
8 1167 2928 4052.15378111
9 1168 2929 4053.20942648
8 1169 2931 4053.71623146
7 1170 2935 4057.7661043
8 1171 2939 4062.32245451
7 1172 2941 4064.71623146
6 1173 2942 4066.15378111
5 1174 2951 4074.7661043
4 1175 2953 4077.7661043
3 1176 2956 4083.15378111
4 1177 2958 4084.62345708
3 1178 2960 4084.71623146
2 1179 2961 4088.7661043
3 1180 2963 4089.63906705
4 1181 2969 4100.45492005
3 1182 2970 4106.63906705
2 1183 2972 4107.71623146
3 1184 2973 4117.82960982
4 1185 2975 4119.43740123
5 1186 2978 4128.30847065
6 1187 2981 4131.29746866
5 1188 2983 4137.82960982
4 1189 2984 4138.63906705
5 1190 2986 4139.65636786
6 1191 2987 4140.57653743
7 1192 2990 4150.13528775
6 1193 2994 4154.82960982
7 1194 2995 4155.57642234
8 1195 2996 4155.76024524
7 1196 2999 4158.63906705
8 1197 3002 4168.59913388
7 1198 3004 4168.82960982
8 1199 3005 4177.23385497
7 1200 3014 4184.63906705
8 1201 3015 4188.14125779
7 1202 3018 4190.63906705
8 1203 3019 4190.74468996
9 1204 3022 4194.67124961
8 1205 3024 4196.62319913
7 1206 3025 4197.82960982
6 1207 3028 4198.63906705
7 1208 3029 4200.52294035
8 1209 3030 4205.00371365
9 1210 3033 4206.07245043
10 1211 3034 4206.36099215
9 1212 3040 4209.63906705
10 1213 3041 4210.30184935
9 1214 3043 4214.82960982
10 1215 3044 4215.23387452
9 1216 3045 4216.62319913
8 1217 3055 4223.63906705
7 1218 3066 4230.62319913
6 1219 3067 4230.62319913
5 1220 3070 4234.63906705
4 1221 3071 4234.63906705
3 1222 3072 4237.82960982
2 1223 3074 4241.47637308
1 1224 3075 4241.62319913
2 1225 3077 4257.82520764
3 1226 3081 4270.30497544
2 1227 3085 4274.82520764
3 1228 3086 4275.49813819
4 1229 3090 4283.96602302
5 1230 3092 4284.03032127
4 1231 3094 4284.30497544
5 1232 3098 4288.96409721
6 1233 3099 4289.68148259
5 1234 3103 4292.49813819
4 1235 3105 4294.96602302
3 1236 3106 4295.30497544
4 1237 3107 4295.38300299
3 1238 3109 4298.30497544
4 1239 3110 4299.08880982
5 1240 3114 4301.20833116
4 1241 3119 4306.49813819
3 1242 3121 4312.38300299
2 1243 3122 4313.08880982
1 1244 3125 4317.49813819
2 1245 3126 4320.33954329
3 1246 3128 4320.68892432
2 1247 3136 4328.68892432
1 1248 3137 4334.33954329
2 1249 3138 4343.30303986
3 1250 3140 4348.07474983
4 1251 3142 4348.47348364
5 1252 3144 4348.78529315
6 1253 3145 4350.75609608
7 1254 3146 4350.84287676
8 1255 3149 4353.10237657
9 1256 3152 4354.58732323
10 1257 3155 4355.1865351
9 1258 3157 4362.47348364
8 1259 3159 4363.30303986
9 1260 3160 4368.93018389
10 1261 3164 4369.96919564
9 1262 3165 4371.07474983
10 1263 3169 4372.64703781
11 1264 3173 4375.05601989
10 1265 3179 4376.47348364
9 1266 3180 4380.30303986
8 1267 3184 4383.30303986
7 1268 3186 4385.07474983
6 1269 3187 4385.07474983
5 1270 3188 4388.07474983
6 1271 3189 4388.78017201
5 1272 3191 4390.47348364
6 1273 3198 4401.33662529
5 1274 3199 4402.07474983
6 1275 3201 4403.13928101
5 1276 3202 4403.30303986
4 1277 3204 4404.47348364
3 1278 3210 4411.30303986
4 1279 3214 4411.81668987
5 1280 3215 4413.50728695
6 1281 3216 4414.44559175
5 1282 3218 4415.47348364
6 1283 3219 4417.44433261
5 1284 3221 4419.07474983
6 1285 3222 4420.2860469
7 1286 3226 4426.40227892
8 1287 3227 4427.62463798
7 1288 3231 4435.47348364
6 1289 3232 4439.07474983
7 1290 3235 4440.27271127
8 1291 3236 4442.40982838
9 1292 3239 4442.89004227
10 1293 3243 4447.06196493
9 1294 3244 4450.07474983
8 1295 3246 4452.47348364
7 1296 3247 4456.07474983
6 1297 3255 4463.47348364
7 1298 3256 4464.07101585
6 1299 3258 4470.07474983
7 1300 3259 4472.6185276
8 1301 3260 4473.44013122
7 1302 3267 4474.47348364
6 1303 3268 4477.47348364
7 1304 3269 4480.3256617
6 1305 3276 4491.47348364
5 1306 3277 4493.07474983
6 1307 3279 4496.78015548
7 1308 3280 4498.1728788
8 1309 3281 4502.17894642
7 1310 3289 4514.47348364
6 1311 3290 4514.47348364
5 1312 3292 4516.07474983
6 1313 3293 4519.28843494
7 1314 3295 4523.53216593
8 1315 3296 4523.8545955
7 1316 3303 4528.47348364
8 1317 3304 4531.15730585
7 1318 3306 4533.07474983
6 1319 3310 4534.47348364
5 1320 3312 4536.07474983
4 1321 3319 4548.47348364
3 1322 3321 4550.07474983
2 1323 3322 4551.38923887
3 1324 3323 4553.63734739
4 1325 3325 4557.20885107
5 1326 3331 4562.47145184
6 1327 3332 4567.72081287
5 1328 3336 4570.63734739
6 1329 3337 4570.9951416
5 1330 3338 4571.47348364
6 1331 3342 4572.95628404
5 1332 3345 4581.63734739
4 1333 3348 4585.47348364
3 1334 3350 4586.20885107
4 1335 3351 4592.02800845
5 1336 3353 4595.76219669
6 1337 3354 4596.719633
7 1338 3355 4596.86349867
8 1339 3356 4597.14486705
9 1340 3360 4598.6359165
10 1341 3362 4601.47702594
9 1342 3363 4607.63734739
10 1343 3366 4607.71376597
9 1344 3369 4610.63734739
10 1345 3370 4611.30021076
11 1346 3371 4616.12111668
12 1347 3375 4619.28107286
11 1348 3380 4621.02800845
10 1349 3381 4621.63734739
9 1350 3383 4621.63734739
10 1351 3384 4628.57446148
11 1352 3392 4633.49309156
10 1353 3393 4635.02800845
9 1354 3394 4638.02800845
8 1355 3395 4638.02800845
7 1356 3396 4641.63734739
6 1357 3401 4644.02800845
7 1358 3402 4648.16468991
6 1359 3405 4649.63734739
7 1360 3408 4654.67684916
8 1361 3409 4656.628113
9 1362 3410 4660.46617982
8 1363 3412 4661.02800845
9 1364 3415 4662.16674563
8 1365 3423 4666.02800845
7 1366 3425 4666.63734739
8 1367 3426 4667.45955826
9 1368 3427 4667.57582454
10 1369 3428 4668.57725853
9 1370 3429 4669.63734739
10 1371 3436 4671.77633816
11 1372 3437 4674.98884706
10 1373 3440 4680.63734739
9 1374 3444 4681.15446629
10 1375 3446 4682.77455278
11 1376 3447 4682.80599568
10 1377 3455 4686.02800845
9 1378 3458 4688.63734739
8 1379 3460 4688.63734739
9 1380 3461 4690.65196635
10 1381 3462 4691.26225777
11 1382 3465 4693.33259843
10 1383 3466 4695.15446629
9 1384 3472 4696.63734739
8 1385 3474 4697.63734739
9 1386 3475 4701.36957194
8 1387 3476 4703.02800845
7 1388 3479 4706.02800845
8 1389 3481 4706.59722896
9 1390 3484 4710.91907127
8 1391 3485 4712.02800845
9 1392 3488 4714.89015646
8 1393 3489 4715.15446629
9 1394 3492 4720.02749297
8 1395 3494 4722.63734739
7 1396 3499 4729.02800845
6 1397 3500 4732.15446629
7 1398 3505 4738.56216068
8 1399 3506 4738.6158796
7 1400 3507 4739.63734739
8 1401 3509 4740.24244712
7 1402 3510 4741.15446629
6 1403 3516 4746.02800845
7 1404 3520 4749.09949006
6 1405 3521 4749.15446629
5 1406 3523 4755.15446629
4 1407 3527 4759.63734739
3 1408 3528 4760.02800845
2 1409 3533 4770.63734739
1 1410 3535 4772.15446629
2 1411 3537 4779.13507372
3 1412 3540 4779.65940456
4 1413 3541 4780.65744846
5 1414 3543 4781.032087
4 1415 3549 4793.13507372
3 1416 3550 4796.13507372
2 1417 3554 4803.65744846
3 1418 3555 4813.36187769
4 1419 3557 4814.40224492
3 1420 3559 4816.13507372
4 1421 3560 4816.24950486
3 1422 3567 4830.36187769
4 1423 3569 4834.84217002
5 1424 3570 4835.68478765
6 1425 3571 4837.1746897
7 1426 3572 4837.45812523
8 1427 3573 4838.71431616
9 1428 3576 4841.96898139
8 1429 3577 4842.13507372
7 1430 3580 4850.36187769
8 1431 3589 4862.27671976
7 1432 3591 4864.36187769
6 1433 3592 4865.13507372
5 1434 3594 4865.13507372
4 1435 3595 4867.36187769
5 1436 3602 4872.28125874
4 1437 3603 4872.36187769
5 1438 3605 4874.85801009
4 1439 3613 4885.13507372
3 1440 3614 4886.46166315
2 1441 3617 4892.46166315
1 1442 3618 4899.13507372
2 1443 3620 4899.17822362
3 1444 3621 4901.47453655
2 1445 3625 4910.17822362
1 1446 3628 4918.47453655
2 1447 3630 4919.18986407
3 1448 3631 4924.01164016
4 1449 3634 4927.88377327
5 1450 3639 4930.19561392
6 1451 3640 4935.48186082
5 1452 3641 4936.18986407
6 1453 3645 4940.66172815
5 1454 3647 4942.18986407
6 1455 3648 4943.43022283
5 1456 3652 4947.01164016
4 1457 3653 4950.18986407
5 1458 3657 4952.89852045
4 1459 3658 4953.01164016
3 1460 3659 4955.01164016
4 1461 3663 4961.11289556
3 1462 3667 4966.01164016
2 1463 3668 4970.18986407
3 1464 3672 4975.20557219
2 1465 3675 4980.01164016
3 1466 3678 4987.03479869
4 1467 3679 4991.20656194
3 1468 3680 4994.01164016
4 1469 3682 4999.41957526
5 1470 3685 5013.37285658
4 1471 3686 5017.01164016
5 1472 3688 5021.5910203
6 1473 3694 5028.94037004
7 1474 3695 5030.15603966
6 1475 3697 5034.01164016
7 1476 3700 5043.30567587
6 1477 3704 5048.01164016
5 1478 3705 5054.14110131
6 1479 3707 5054.64689879
7 1480 3708 5056.17318564
6 1481 3714 5071.01164016
7 1482 3715 5072.83591842
6 1483 3717 5074.14110131
7 1484 3718 5075.32814383
8 1485 3723 5083.888644
9 1486 3724 5085.41805719
10 1487 3728 5086.5875058
9 1488 3731 5091.01164016
8 1489 3733 5091.14110131
9 1490 3734 5098.03307804
8 1491 3745 5103.36187769
7 1492 3747 5105.01164016
6 1493 3750 5108.14110131
5 1494 3752 5114.01164016
4 1495 3756 5115.36187769
3 1496 3757 5116.01164016
2 1497 3758 5125.14110131
1 1498 3761 5138.36187769
2 1499 3762 5147.6055858
3 1500 3766 5163.8571681
2 1501 3770 5170.6055858
1 1502 3771 5174.8571681
2 1503 3772 5176.75062688
3 1504 3774 5187.10887833
4 1505 3779 5191.46736449
5 1506 3783 5196.6812117
4 1507 3785 5199.75062688
5 1508 3787 5202.53844453
6 1509 3792 5204.83290659
5 1510 3793 5205.46736449
4 1511 3797 5207.10887833
5 1512 3798 5211.54555977
4 1513 3800 5213.10887833
3 1514 3801 5219.6812117
4 1515 3802 5219.97752257
3 1516 3806 5222.6812117
4 1517 3809 5224.35203763
5 1518 3811 5228.93616563
4 1519 3813 5230.97752257
3 1520 3816 5237.54555977
2 1521 3819 5242.93616563
1 1522 3820 5250.35203763
2 1523 3821 5250.47342016
3 1524 3825 5260.68875939
4 1525 3827 5262.73459574
3 1526 3829 5264.47342016
4 1527 3832 5267.20408172
3 1528 3834 5268.68875939
4 1529 3839 5273.84285698
5 1530 3841 5276.15045788
6 1531 3843 5276.22770464
5 1532 3847 5279.73459574
6 1533 3848 5283.48142795
5 1534 3852 5284.15045788
6 1535 3853 5288.07401496
5 1536 3854 5290.20408172
4 1537 3856 5293.84285698
5 1538 3859 5295.26631792
6 1539 3863 5295.76553843
5 1540 3867 5301.15045788
4 1541 3868 5303.26631792
5 1542 3870 5305.94614503
6 1543 3876 5307.84761006
5 1544 3877 5310.20408172
4 1545 3878 5311.73459574
5 1546 3879 5316.61761547
6 1547 3886 5320.01326692
7 1548 3888 5322.04134123
6 1549 3892 5324.15045788
5 1550 3894 5327.15045788
4 1551 3895 5327.84761006
5 1552 3896 5328.37190438
6 1553 3905 5333.70634443
7 1554 3906 5335.75366077
6 1555 3909 5336.61761547
7 1556 3910 5337.43688035
6 1557 3912 5339.37190438
5 1558 3913 5342.04134123
4 1559 3914 5343.01326692
5 1560 3915 5346.55016524
6 1561 3920 5347.47938047
5 1562 3922 5350.61761547
6 1563 3925 5352.47872299
5 1564 3927 5356.61761547
6 1565 3928 5356.79098241
5 1566 3931 5362.37190438
4 1567 3937 5366.55016524
5 1568 3938 5368.52885384
4 1569 3940 5369.47872299
3 1570 3941 5370.47938047
2 1571 3946 5385.52885384
1 1572 3947 5388.37190438
2 1573 3948 5397.50939545
3 1574 3952 5405.2421326
4 1575 3954 5407.36446887
5 1576 3956 5407.9792846
4 1577 3960 5411.50939545
5 1578 3963 5414.52393757
6 1579 3965 5414.63682411
5 1580 3968 5418.36446887
4 1581 3972 5421.9792846
3 1582 3973 5425.2421326
4 1583 3976 5425.57152118
3 1584 3978 5431.52393757
2 1585 3979 5432.36446887
3 1586 3982 5434.51383586
4 1587 3986 5441.69688239
5 1588 3988 5442.62507272
6 1589 3990 5444.89748652
5 1590 3992 5445.57152118
6 1591 3994 5447.26771291
5 1592 3995 5451.51383586
6 1593 4003 5458.62850099
7 1594 4005 5460.31078109
6 1595 4007 5461.69688239
5 1596 4008 5461.69688239
4 1597 4011 5465.57152118
3 1598 4012 5465.62507272
2 1599 4013 5466.62850099
1 1600 4016 5472.69688239
2 1601 4017 5476.45267456
3 1602 4019 5479.07012919
4 1603 4021 5481.16341912
3 1604 4029 5493.45267456
2 1605 4030 5495.16341912
3 1606 4032 5496.06030247
2 1607 4034 5502.07012919
3 1608 4037 5507.95477483
2 1609 4039 5510.06030247
3 1610 4040 5510.63886863
4 1611 4045 5521.85935176
3 1612 4047 5521.95477483
2 1613 4050 5539.63886863
3 1614 4053 5544.06246141
4 1615 4057 5551.28431642
5 1616 4060 5554.22715596
4 1617 4062 5556.85935176
5 1618 4063 5557.00674706
6 1619 4065 5558.13696205
5 1620 4067 5561.06246141
4 1621 4076 5574.28431642
5 1622 4077 5575.15946427
4 1623 4079 5577.22715596
5 1624 4080 5578.3928865
6 1625 4084 5579.21587966
5 1626 4086 5580.00674706
4 1627 4087 5581.06246141
3 1628 4090 5586.15946427
4 1629 4093 5587.87153258
5 1630 4095 5589.82393493
4 1631 4097 5591.00674706
3 1632 4100 5592.3928865
4 1633 4101 5595.48298564
3 1634 4103 5598.87153258
2 1635 4107 5603.82393493
3 1636 4108 5605.9318388
4 1637 4113 5611.80616545
5 1638 4115 5612.94471301
6 1639 4118 5618.56624747
5 1640 4121 5619.9318388
6 1641 4122 5620.36987813
7 1642 4125 5626.42136149
6 1643 4126 5627.48298564
5 1644 4128 5628.80616545
6 1645 4137 5633.63277518
5 1646 4139 5636.9318388
6 1647 4140 5637.45785267
5 1648 4143 5638.48298564
4 1649 4145 5639.9318388
3 1650 4148 5645.80616545
4 1651 4151 5649.39810213
3 1652 4152 5649.48298564
2 1653 4154 5653.9318388
3 1654 4155 5657.9317834
4 1655 4157 5661.55977905
5 1656 4160 5664.45794723
4 1657 4162 5672.48298564
5 1658 4165 5678.28026031
6 1659 4166 5681.33113157
5 1660 4170 5683.9317834
4 1661 4172 5686.48298564
5 1662 4173 5687.57543078
4 1663 4178 5697.9317834
5 1664 4180 5702.09588054
4 1665 4182 5703.48298564
5 1666 4187 5710.08164228
4 1667 4189 5711.48298564
5 1668 4190 5717.77799658
4 1669 4192 5717.9317834
5 1670 4195 5721.36132054
4 1671 4201 5731.48298564
3 1672 4204 5737.9317834
4 1673 4206 5739.01801254
5 1674 4207 5739.10957792
4 1675 4208 5739.48298564
5 1676 4210 5740.0428758
6 1677 4211 5743.90607475
7 1678 4217 5752.18402199
8 1679 4218 5756.24424238
7 1680 4220 5756.48298564
6 1681 4222 5758.16341912
7 1682 4223 5758.91048223
8 1683 4228 5768.74221869
7 1684 4230 5770.48298564
6 1685 4232 5772.16341912
7 1686 4235 5776.2199937
6 1687 4239 5781.48298564
7 1688 4240 5784.48904888
6 1689 4244 5786.16341912
5 1690 4248 5794.16341912
4 1691 4249 5795.48298564
3 1692 4253 5802.16341912
4 1693 4257 5807.18424045
3 1694 4260 5809.48298564
2 1695 4264 5822.16341912
3 1696 4266 5827.31093511
2 1697 4268 5832.48298564
3 1698 4270 5832.75144333
4 1699 4271 5835.42986957
5 1700 4273 5837.67190465
4 1701 4280 5844.31093511
3 1702 4283 5850.31093511
2 1703 4284 5851.67190465
3 1704 4285 5852.39021667
2 1705 4288 5855.42986957
3 1706 4291 5860.31025578
2 1707 4293 5863.39021667
3 1708 4294 5863.47437734
4 1709 4298 5865.56534948
5 1710 4303 5872.35399061
4 1711 4304 5874.47437734
5 1712 4305 5874.85997872
4 1713 4310 5876.56534948
5 1714 4311 5879.45969826
4 1715 4315 5883.31025578
5 1716 4316 5886.85563951
6 1717 4318 5887.23470855
5 1718 4320 5887.45969826
4 1719 4323 5889.31025578
5 1720 4325 5891.85257532
4 1721 4330 5894.85997872
5 1722 4331 5897.2005275
4 1723 4333 5897.85563951
3 1724 4334 5901.23470855
4 1725 4337 5902.34879527
5 1726 4343 5909.66000388
6 1727 4345 5910.58004472
5 1728 4346 5911.85257532
4 1729 4348 5913.34879527
3 1730 4349 5914.2005275
4 1731 4350 5914.94071949
5 1732 4354 5918.41836701
6 1733 4360 5922.0086338
7 1734 4361 5922.90250937
6 1735 4362 5923.66000388
7 1736 4364 5924.01028021
6 1737 4368 5925.85257532
7 1738 4369 5926.20808081
8 1739 4372 5927.88325593
9 1740 4373 5928.13825583
8 1741 4375 5928.94071949
7 1742 4376 5934.66000388
8 1743 4378 5935.15943736
7 1744 4380 5935.41836701
8 1745 4385 5939.20871745
9 1746 4386 5942.04073696
8 1747 4388 5942.85257532
9 1748 4395 5949.55215437
8 1749 4397 5951.66000388
9 1750 4398 5951.78202425
8 1751 4400 5951.94071949
9 1752 4401 5951.99551067
10 1753 4402 5952.62868824
9 1754 4405 5955.41836701
8 1755 4408 5956.85257532
9 1756 4411 5958.57281392
8 1757 4419 5962.94071949
9 1758 4421 5965.38622577
8 1759 4423 5965.66000388
7 1760 4424 5969.41836701
6 1761 4425 5972.41836701
5 1762 4433 5976.66000388
4 1763 4434 5976.85257532
5 1764 4435 5977.2221006
6 1765 4439 5979.76110807
5 1766 4441 5979.85257532
6 1767 4443 5982.54058495
5 1768 4446 5988.94071949
4 1769 4448 5990.9317834
3 1770 4452 5994.2221006
2 1771 4454 5999.76110807
3 1772 4455 6005.19792429
2 1773 4457 6005.76110807
1 1774 4460 6013.19792429
2 1775 4461 6014.02233824
3 1776 4463 6014.82535088
4 1777 4465 6017.52207153
5 1778 4467 6017.60126039
6 1779 4471 6021.93810783
7 1780 4472 6023.20753174
6 1781 4478 6028.82535088
5 1782 4482 6031.52207153
4 1783 4483 6031.60126039
3 1784 4484 6037.02233824
4 1785 4485 6037.27544816
5 1786 4489 6039.06734432
6 1787 4491 6039.67081524
5 1788 4496 6045.82535088
6 1789 4500 6046.48144733
5 1790 4501 6048.27544816
6 1791 4503 6048.93252487
5 1792 4505 6051.52207153
6 1793 4506 6051.77314909
5 1794 4507 6053.06734432
4 1795 4515 6062.27544816
3 1796 4516 6062.82535088
4 1797 4517 6062.87329402
3 1798 4521 6071.52207153
2 1799 4524 6076.87329402
3 1800 4525 6077.84960831
2 1801 4527 6079.06734432
3 1802 4528 6079.95950919
4 1803 4530 6082.75913623
5 1804 4532 6085.13998643
6 1805 4540 6089.9326707
5 1806 4541 6091.84960831
4 1807 4545 6096.95950919
5 1808 4548 6101.73247317
4 1809 4550 6102.75913623
3 1810 4553 6111.84960831
4 1811 4554 6112.76733813
3 1812 4556 6114.13998643
4 1813 4557 6117.44314929
5 1814 4559 6118.91489778
4 1815 4561 6121.73247317
5 1816 4567 6124.01967537
4 1817 4571 6129.91489778
3 1818 4572 6131.44314929
2 1819 4573 6134.44314929
1 1820 4574 6135.76733813
2 1821 4575 6139.86459435
3 1822 4579 6152.9035686
2 1823 4581 6153.86459435
3 1824 4582 6157.45636413
4 1825 4584 6159.07672464
5 1826 4588 6163.90531119
4 1827 4594 6169.9035686
3 1828 4596 6173.07672464
4 1829 4597 6173.27955503
3 1830 4601 6177.45636413
4 1831 4603 6187.63185993
3 1832 4607 6192.90531119
4 1833 4608 6198.16739293
5 1834 4610 6198.1826464
4 1835 4612 6199.27955503
5 1836 4614 6199.84676549
6 1837 4618 6203.50472488
5 1838 4621 6207.63185993
4 1839 4625 6213.27955503
3 1840 4626 6213.63185993
2 1841 4627 6215.16739293
1 1842 4630 6230.27955503
2 1843 4631 6234.38867145
3 1844 4636 6241.686936
4 1845 4638 6243.30107059
5 1846 4640 6245.18551196
4 1847 4642 6245.38867145
5 1848 4645 6250.33718553
6 1849 4651 6256.91341586
5 1850 4655 6258.686936
4 1851 4656 6261.33718553
3 1852 4659 6263.30107059
2 1853 4660 6265.18551196
3 1854 4661 6266.77680529
2 1855 4663 6269.686936
1 1856 4666 6280.77680529
2 1857 4667 6284.87283128
3 1858 4669 6289.41563684
4 1859 4671 6294.10677652
5 1860 4677 6296.59643382
6 1861 4681 6298.79241462
5 1862 4682 6298.87283128
4 1863 4686 6302.10677652
3 1864 4687 6304.59643382
2 1865 4690 6306.41563684
1 1866 4691 6315.87283128
2 1867 4692 6316.84622591
3 1868 4697 6319.83162752
2 1869 4698 6327.84622591
1 1870 4703 6336.83162752
2 1871 4704 6338.29658943
3 1872 4708 6358.89682915
2 1873 4710 6361.29658943
3 1874 4711 6362.65104498
2 1875 4717 6373.65104498
3 1876 4719 6376.00648408
4 1877 4721 6377.85859928
3 1878 4723 6378.89682915
4 1879 4724 6379.17926865
3 1880 4731 6389.89682915
4 1881 4732 6391.20331725
3 1882 4734 6393.00648408
2 1883 4740 6403.89682915
1 1884 4741 6404.00648408
2 1885 4742 6405.08997893
3 1886 4746 6415.19802464
2 1887 4748 6416.08997893
3 1888 4749 6416.69831501
4 1889 4755 6431.40511997
5 1890 4757 6435.81024344
4 1891 4759 6438.19802464
5 1892 4760 6438.91858418
4 1893 4761 6439.69831501
5 1894 4765 6445.88647451
6 1895 4768 6449.19739548
7 1896 4769 6452.70125731
6 1897 4772 6454.40511997
5 1898 4775 6456.69831501
6 1899 4776 6456.96006463
7 1900 4777 6457.65356008
6 1901 4779 6464.19802464
7 1902 4780 6464.38602258
6 1903 4788 6476.69831501
5 1904 4790 6477.40511997
4 1905 4791 6478.19802464
5 1906 4797 6482.70887868
6 1907 4798 6483.11478652
5 1908 4802 6490.69831501
4 1909 4803 6491.40511997
3 1910 4805 6492.19802464
2 1911 4810 6501.69831501
3 1912 4813 6516.12867571
2 1913 4815 6517.40511997
3 1914 4816 6517.91106545
4 1915 4820 6529.48986708
3 1916 4824 6533.12867571
2 1917 4828 6543.91106545
1 1918 4829 6544.12867571
2 1919 4830 6549.71438908
3 1920 4834 6556.50055702
4 1921 4836 6556.91013669
3 1922 4838 6560.71438908
4 1923 4841 6564.13301911
5 1924 4843 6565.90573016
6 1925 4844 6567.4094563
5 1926 4846 6567.91013669
4 1927 4850 6576.50055702
5 1928 4853 6577.44604573
6 1929 4856 6580.20638435
7 1930 4857 6581.81899686
8 1931 4858 6583.69389361
7 1932 4860 6584.13301911
6 1933 4862 6584.91013669
7 1934 4868 6587.70979259
6 1935 4870 6589.91013669
7 1936 4876 6592.02990249
8 1937 4877 6593.25358105
7 1938 4879 6595.13301911
6 1939 4880 6595.13301911
7 1940 4885 6599.49906906
6 1941 4887 6599.50055702
7 1942 4888 6599.91130053
6 1943 4891 6603.13301911
5 1944 4895 6603.91013669
4 1945 4899 6610.50055702
3 1946 4900 6611.65104498
4 1947 4903 6616.51472143
3 1948 4905 6620.13301911
2 1949 4906 6623.91013669
3 1950 4909 6630.86880954
4 1951 4911 6633.42884798
5 1952 4916 6636.836118
4 1953 4917 6638.86880954
3 1954 4918 6639.51472143
4 1955 4922 6647.73493871
5 1956 4924 6648.38649438
6 1957 4929 6652.70458716
5 1958 4930 6652.73493871
4 1959 4931 6653.42884798
3 1960 4935 6656.42884798
4 1961 4936 6657.50036768
5 1962 4938 6664.08215746
4 1963 4942 6665.38649438
3 1964 4943 6668.38649438
2 1965 4946 6671.50036768
1 1966 4947 6678.08215746
2 1967 4948 6698.91973216
3 1968 4952 6700.84303642
2 1969 4956 6709.91973216
3 1970 4957 6717.00774542
2 1971 4959 6717.84303642
3 1972 4960 6721.12323804
4 1973 4963 6728.25194459
5 1974 4968 6730.46518286
6 1975 4969 6731.05803037
7 1976 4974 6733.12364093
6 1977 4978 6738.12323804
5 1978 4981 6740.00774542
4 1979 4982 6744.12323804
3 1980 4983 6745.05803037
2 1981 4984 6748.25194459
1 1982 4987 6756.12364093
2 1983 4988 6760.92817954
3 1984 4990 6761.12677267
2 1985 4994 6768.92817954
3 1986 4997 6774.37937699
2 1987 4999 6778.12677267
1 1988 5002 6785.37937699
2 1989 5003 6786.10044513
3 1990 5005 6793.46541385
4 1991 5008 6795.24227666
5 1992 5009 6796.67170561
6 1993 5011 6796.94795632
5 1994 5022 6801.46541385
4 1995 5023 6806.10044513
3 1996 5024 6807.67170561
2 1997 5025 6810.46541385
1 1998 5026 6810.94795632
2 1999 5027 6811.44358805
1 2000 5034 6822.44358805
0 2001 5035 6830.87091341
0 2002 5035 6830.87091341
