#data counter step time
0 1 0 0.0
1 2 1 0.0
2 3 12 7.08244285049
3 4 14 7.75494754013
4 5 17 8.32508867255
5 6 18 8.60694367855
6 7 20 11.7025945775
7 8 24 18.0294325329
6 9 26 21.0824428505
5 10 36 28.7025945775
4 11 37 30.7549475401
3 12 38 31.6069436786
2 13 39 33.7549475401
3 14 40 34.5733037812
2 15 42 35.0294325329
3 16 44 36.9023376135
4 17 45 37.2458709625
5 18 47 37.4921411474
6 19 51 42.914251217
5 20 57 45.5733037812
4 21 60 47.9023376135
5 22 63 54.100307814
4 23 65 54.2458709625
3 24 66 56.914251217
2 25 67 57.4921411474
3 26 68 63.1600917219
4 27 72 68.5460135919
5 28 74 70.8346605447
6 29 77 72.9526149665
7 30 80 73.4928609784
8 31 82 73.5785268453
9 32 87 78.5732524175
8 33 88 80.100307814
7 34 91 80.1600917219
6 35 95 82.5460135919
5 36 96 84.4928609784
4 37 97 84.8346605447
3 38 100 91.5460135919
2 39 103 100.160091722
1 40 104 103.100307814
2 41 105 105.109241456
3 42 107 115.790642652
4 43 109 116.647848875
5 44 115 120.474483582
6 45 117 120.7380072
7 46 119 122.39883792
6 47 120 124.647848875
5 48 122 125.109241456
4 49 127 131.474483582
3 50 132 144.647848875
2 51 133 144.790642652
1 52 134 146.7380072
2 53 135 150.296351012
3 54 139 157.946384931
2 55 141 161.296351012
3 56 142 161.921124033
4 57 148 168.082092227
5 58 150 168.489037884
4 59 152 169.921124033
5 60 153 172.408722436
4 61 155 174.946384931
3 62 160 182.489037884
2 63 161 185.082092227
1 64 164 189.408722436
2 65 165 198.516167253
3 66 167 205.492415628
4 67 173 216.143963317
3 68 175 216.492415628
2 69 176 218.516167253
3 70 179 230.307136776
4 71 181 232.677828218
3 72 183 233.143963317
4 73 184 239.439100423
5 74 190 242.184551312
6 75 194 246.202626958
7 76 200 250.496856301
8 77 201 250.715155818
7 78 203 252.677828218
6 79 204 253.307136776
5 80 206 256.439100423
4 81 209 260.202626958
5 82 210 260.890903929
4 83 212 262.184551312
5 84 215 266.690521329
4 85 217 268.890903929
3 86 220 269.677828218
4 87 221 275.564631019
5 88 225 278.860423251
6 89 227 280.596418813
5 90 229 282.307136776
6 91 230 283.151602374
5 92 232 283.690521329
6 93 234 283.744139838
7 94 239 289.144765774
6 95 243 295.860423251
7 96 249 299.316087064
8 97 251 300.378826905
7 98 253 301.564631019
8 99 254 301.96711279
9 100 255 303.355329299
8 101 257 303.596418813
9 102 258 305.404076685
8 103 260 306.144765774
7 104 262 306.151602374
6 105 269 309.151602374
5 106 274 313.316087064
4 107 275 315.564631019
3 108 276 317.144765774
4 109 277 318.894591279
3 110 279 320.596418813
2 111 280 323.151602374
3 112 283 337.973839165
2 113 285 338.894591279
3 114 286 342.92126474
4 115 290 347.308947409
3 116 292 348.973839165
4 117 297 354.781532367
5 118 300 358.698469467
6 119 301 359.704553796
5 120 303 359.92126474
4 121 304 361.308947409
5 122 305 363.377583968
4 123 312 370.704553796
3 124 315 374.781532367
4 125 316 376.810346262
3 126 318 377.377583968
2 127 319 380.781532367
3 128 320 381.661303783
4 129 322 381.690990256
5 130 326 384.119143311
6 131 328 387.42898411
5 132 334 390.810346262
4 133 337 395.690990256
5 134 338 396.825994898
4 135 340 398.119143311
3 136 341 398.661303783
2 137 346 407.825994898
1 138 347 410.42898411
2 139 348 417.483625197
3 140 351 417.844880772
4 141 352 419.46361749
5 142 354 421.997768147
4 143 361 430.46361749
3 144 364 434.483625197
2 145 365 443.483625197
1 146 366 444.997768147
2 147 367 459.163588567
3 148 369 463.496167835
4 149 373 469.092593196
3 150 377 471.496167835
2 151 380 476.163588567
1 152 381 486.092593196
2 153 382 491.909330344
3 154 384 493.09797019
4 155 386 494.526206165
5 156 392 501.053778495
4 157 394 501.09797019
3 158 395 502.909330344
4 159 400 514.415413844
5 160 402 517.386044182
6 161 404 518.708263731
7 162 406 518.887406469
6 163 408 520.526206165
5 164 409 521.053778495
6 165 412 522.611125174
7 166 414 523.168696903
8 167 415 523.552604568
7 168 426 528.415413844
6 169 427 528.526206165
5 170 428 530.611125174
4 171 429 532.708263731
3 172 430 540.386044182
4 173 434 545.819010269
5 174 436 549.330661616
6 175 438 549.648020167
5 176 444 554.415413844
4 177 445 554.415413844
5 178 446 554.795180936
6 179 450 557.957857104
7 180 452 558.003680188
6 181 455 560.330661616
7 182 458 563.434042735
8 183 459 563.582443796
9 184 461 564.852776341
8 185 463 565.819010269
7 186 467 569.648020167
6 187 471 571.795180936
5 188 472 574.330661616
6 189 473 574.506568676
7 190 476 577.887468166
6 191 477 577.957857104
5 192 483 580.330661616
4 193 484 582.506568676
3 194 485 582.506568676
2 195 486 583.957857104
1 196 487 594.819010269
2 197 488 597.214096297
3 198 492 609.752055219
4 199 494 610.495316926
3 200 496 614.214096297
4 201 499 620.65411514
5 202 501 622.64045702
6 203 503 622.813048573
7 204 509 626.444592837
6 205 510 627.64045702
5 206 514 629.752055219
6 207 517 631.496291132
5 208 519 631.65411514
6 209 522 636.250428888
5 210 524 636.813048573
6 211 525 639.731657572
5 212 529 641.64045702
4 213 532 648.495316926
5 214 533 649.272891358
4 215 537 653.250428888
3 216 538 654.496291132
2 217 541 656.731657572
1 218 542 660.272891358
2 219 543 681.602332494
3 220 545 682.587865322
2 221 549 696.587865322
1 222 552 710.602332494
2 223 553 712.503638686
3 224 555 719.508172757
4 225 561 730.019238927
5 226 563 731.872414936
6 227 565 733.34334146
5 228 567 733.508172757
4 229 572 741.503638686
5 230 575 747.430325459
6 231 577 748.028400858
7 232 579 750.084523877
6 233 581 751.872414936
5 234 584 753.019238927
4 235 585 753.34334146
5 236 586 754.549290388
6 237 589 759.912742529
7 238 590 760.035547978
8 239 596 761.983832027
7 240 597 762.028400858
6 241 602 765.549290388
5 242 605 767.430325459
4 243 606 771.872414936
3 244 607 774.035547978
4 245 608 774.632373911
3 246 610 774.872414936
4 247 613 778.651005294
5 248 615 780.476238313
4 249 619 788.028400858
3 250 624 797.476238313
2 251 625 797.632373911
3 252 626 798.153040975
2 253 628 798.651005294
3 254 629 804.725099553
2 255 633 812.725099553
3 256 636 817.336345769
4 257 638 819.239773731
3 258 640 821.153040975
4 259 641 823.085673321
5 260 643 825.455088576
6 261 649 828.744454462
7 262 657 831.802969023
6 263 659 833.455088576
5 264 660 834.085673321
4 265 661 836.239773731
3 266 662 836.744454462
4 267 663 841.349181688
3 268 665 843.336345769
2 269 670 855.349181688
1 270 671 859.455088576
2 271 672 881.526598679
3 272 674 883.012912755
2 273 678 894.012912755
3 274 681 895.02691463
2 275 683 898.526598679
3 276 686 902.717464111
2 277 688 909.02691463
3 278 691 913.354568262
4 279 694 917.749873347
5 280 695 923.888082988
4 281 697 925.717464111
5 282 698 925.891724483
6 283 703 927.785698119
5 284 705 930.354568262
4 285 706 933.354568262
5 286 707 933.487418228
6 287 717 940.309247806
5 288 719 940.888082988
4 289 720 941.487418228
5 290 721 944.46278785
4 291 723 944.785698119
5 292 724 945.529109553
4 293 726 945.891724483
3 294 731 956.529109553
2 295 732 958.46278785
3 296 735 959.526856884
4 297 737 965.026255419
3 298 739 969.309247806
4 299 740 971.63763226
3 300 748 976.63763226
4 301 749 980.238357115
5 302 751 982.075986302
4 303 753 985.526856884
5 304 756 988.003128759
4 305 758 988.026255419
5 306 760 988.501641718
6 307 761 989.462610797
5 308 763 990.075986302
4 309 766 997.238357115
5 310 767 997.554965343
6 311 769 999.315701023
7 312 772 1000.20053868
8 313 776 1002.58032323
7 314 778 1008.00312876
8 315 784 1009.37191501
7 316 785 1011.00312876
6 317 791 1016.31570102
5 318 794 1019.31570102
4 319 795 1021.4626108
3 320 796 1025.00312876
2 321 797 1026.55496534
1 322 798 1028.58032323
2 323 800 1053.47571082
3 324 801 1062.40616482
2 325 805 1067.47571082
1 326 808 1073.40616482
2 327 809 1073.84251019
3 328 813 1084.73014722
2 329 815 1087.84251019
3 330 816 1090.43417276
4 331 818 1091.19744344
5 332 824 1097.96372293
4 333 826 1098.43417276
3 334 829 1101.73014722
2 335 832 1108.19744344
3 336 833 1114.34600569
2 337 835 1114.96372293
3 338 838 1119.90980243
4 339 840 1123.09291285
3 340 842 1125.34600569
4 341 847 1140.91566215
3 342 849 1143.09291285
4 343 850 1145.7184891
3 344 852 1145.90980243
4 345 856 1147.74665981
3 346 860 1157.91566215
4 347 861 1158.20040343
5 348 863 1159.38489075
4 349 865 1160.91566215
3 350 866 1162.7184891
4 351 867 1163.58802485
3 352 875 1171.58802485
2 353 876 1175.20040343
3 354 877 1175.40970089
4 355 879 1177.08399231
5 356 881 1179.578353
4 357 885 1182.38489075
5 358 888 1183.15079112
4 359 892 1189.40970089
3 360 895 1190.578353
2 361 896 1191.08399231
1 362 897 1197.15079112
2 363 898 1200.03186968
3 364 900 1200.93124546
4 365 904 1202.60890328
3 366 906 1205.93124546
4 367 911 1217.19334872
3 368 913 1219.60890328
2 369 914 1220.03186968
1 370 917 1234.19334872
2 371 918 1247.42430885
3 372 922 1252.53497763
2 373 926 1261.42430885
3 374 927 1263.35375603
4 375 929 1266.61575963
5 376 931 1268.7315195
6 377 933 1269.17284046
7 378 937 1272.42129244
6 379 938 1272.53497763
7 380 940 1275.39497684
8 381 941 1276.06667447
9 382 942 1277.99681698
8 383 950 1280.35375603
7 384 952 1283.17284046
6 385 958 1286.61575963
7 386 960 1288.05743862
6 387 961 1288.7315195
5 388 967 1294.35375603
4 389 968 1294.61575963
3 390 969 1298.53497763
4 391 970 1298.57375534
3 392 972 1300.17284046
2 393 973 1300.61575963
1 394 976 1315.57375534
2 395 977 1326.27157741
3 396 981 1336.26574755
4 397 985 1340.5389294
5 398 987 1341.82232144
4 399 989 1344.26574755
3 400 992 1349.27157741
4 401 995 1354.04718198
5 402 997 1356.9067656
4 403 999 1360.5389294
3 404 1000 1361.82232144
2 405 1005 1368.04718198
3 406 1006 1371.71593186
2 407 1008 1373.9067656
3 408 1011 1384.75731021
2 409 1013 1385.71593186
3 410 1014 1387.6884273
4 411 1016 1390.78357262
3 412 1024 1398.75731021
2 413 1025 1401.78357262
3 414 1026 1401.98224638
2 415 1028 1404.6884273
3 416 1031 1409.96911222
4 417 1033 1414.94089342
3 418 1037 1418.98224638
2 419 1038 1420.96911222
3 420 1039 1421.48415004
4 421 1045 1429.50077312
5 422 1047 1430.4774681
4 423 1049 1434.94089342
3 424 1050 1435.48415004
4 425 1055 1442.69832445
3 426 1057 1443.50077312
2 427 1058 1444.4774681
3 428 1061 1451.39503693
4 429 1065 1455.58767156
3 430 1067 1456.39503693
2 431 1068 1456.69832445
1 432 1071 1463.58767156
2 433 1072 1464.95243663
3 434 1074 1465.01925541
4 435 1080 1475.23674399
3 436 1082 1476.01925541
4 437 1083 1479.08166878
3 438 1085 1481.95243663
2 439 1090 1492.23674399
3 440 1091 1496.04117126
2 441 1093 1496.08166878
3 442 1096 1509.64806691
2 443 1098 1513.04117126
3 444 1101 1515.5470001
4 445 1105 1526.1607724
3 446 1107 1526.5470001
2 447 1108 1529.64806691
3 448 1109 1530.75806301
4 449 1111 1536.91600153
5 450 1113 1537.10733433
6 451 1117 1538.36685487
7 452 1121 1540.82835492
8 453 1122 1545.03282472
7 454 1130 1549.1607724
6 455 1132 1549.36685487
5 456 1133 1550.75806301
6 457 1134 1551.47709755
7 458 1136 1556.07326017
6 459 1141 1556.91600153
5 460 1143 1557.10733433
6 461 1144 1557.3726413
5 462 1148 1563.1607724
4 463 1151 1565.47709755
3 464 1152 1566.36685487
2 465 1155 1570.91600153
3 466 1157 1573.97873213
2 467 1159 1574.3726413
3 468 1162 1577.91688837
2 469 1164 1581.97873213
3 470 1169 1587.41443959
2 471 1171 1588.91688837
3 472 1172 1592.42600742
4 473 1174 1592.44708445
3 474 1179 1601.41443959
4 475 1183 1602.86543385
5 476 1186 1606.99712183
4 477 1188 1609.42600742
5 478 1190 1613.28819741
4 479 1192 1618.44708445
5 480 1197 1631.03598979
6 481 1198 1633.30218426
7 482 1199 1634.62420018
6 483 1201 1638.42600742
5 484 1203 1638.44708445
6 485 1204 1640.88256357
7 486 1205 1650.53485063
8 487 1208 1655.20973507
9 488 1209 1655.48513133
10 489 1212 1667.28490205
9 490 1213 1667.42600742
8 491 1215 1673.44708445
9 492 1217 1677.85981415
10 493 1218 1681.77782718
11 494 1221 1688.68840365
12 495 1222 1691.61749974
13 496 1223 1692.29477309
12 497 1227 1699.42600742
13 498 1228 1707.56026912
14 499 1229 1709.15750115
13 500 1235 1716.42600742
12 501 1236 1719.42600742
11 502 1237 1719.42600742
12 503 1238 1723.38744217
13 504 1241 1727.08542441
12 505 1243 1736.42600742
11 506 1246 1750.42600742
12 507 1250 1751.88616796
13 508 1251 1752.87694199
14 509 1252 1755.59254806
15 510 1253 1762.51028406
14 511 1254 1764.42600742
15 512 1256 1771.88781356
16 513 1257 1788.50865558
17 514 1258 1793.77587481
18 515 1259 1805.38797532
19 516 1260 1814.67519277
20 517 1261 1821.73191019
21 518 1262 1828.38266967
22 519 1263 1832.29493447
23 520 1264 1838.51995266
24 521 1265 1849.74297949
25 522 1266 1850.90281768
26 523 1267 1856.36705723
27 524 1268 1864.7055892
28 525 1269 1868.50559366
29 526 1270 1870.24079357
30 527 1271 1880.28490523
31 528 1272 1885.69627033
32 529 1273 1896.56928897
33 530 1274 1899.40018884
34 531 1275 1911.41070285
35 532 1276 1913.12784746
36 533 1277 1923.02401587
37 534 1278 1932.37006411
38 535 1279 1935.67406858
39 536 1280 1947.04715257
40 537 1281 1961.04603164
41 538 1282 1977.27761251
42 539 1283 1980.82223194
43 540 1284 1995.65636787
44 541 1285 2004.03144675
45 542 1286 2013.89478127
46 543 1287 2029.40651668
47 544 1288 2032.21891216
48 545 1289 2035.30613361
49 546 1290 2037.51764185
50 547 1291 2060.04769286
51 548 1298 2070.04881521
52 549 1302 2073.39792241
51 550 1310 2079.97873213
50 551 1311 2079.97873213
51 552 1312 2081.04734129
50 553 1314 2081.91600153
49 554 1324 2082.97873213
48 555 1325 2082.97873213
47 556 1342 2092.91600153
46 557 1344 2093.97873213
45 558 1345 2093.97873213
44 559 1346 2093.97873213
43 560 1347 2096.41443959
42 561 1348 2096.97873213
41 562 1349 2099.41443959
42 563 1357 2101.81098193
41 564 1358 2102.41443959
42 565 1359 2102.81422278
41 566 1360 2103.91600153
42 567 1361 2105.03731591
41 568 1366 2105.41443959
40 569 1369 2106.91600153
39 570 1373 2107.97873213
38 571 1383 2109.91600153
37 572 1387 2110.41443959
36 573 1388 2115.91600153
35 574 1389 2116.41443959
36 575 1393 2117.24093704
35 576 1396 2118.97873213
34 577 1397 2118.97873213
33 578 1398 2119.41443959
32 579 1399 2121.97873213
31 580 1400 2125.41443959
32 581 1404 2126.28790977
31 582 1409 2126.91600153
32 583 1410 2128.05324699
31 584 1415 2129.91600153
30 585 1416 2129.97873213
29 586 1418 2133.41443959
28 587 1419 2133.41443959
27 588 1420 2133.41443959
26 589 1429 2138.97873213
25 590 1434 2146.91600153
24 591 1435 2146.91600153
23 592 1436 2146.91600153
22 593 1437 2146.91600153
21 594 1449 2158.97873213
20 595 1454 2160.91600153
19 596 1457 2162.41443959
18 597 1458 2163.91600153
17 598 1459 2163.91600153
16 599 1460 2163.91600153
15 600 1461 2164.97873213
16 601 1462 2165.15528085
15 602 1469 2167.97873213
14 603 1473 2171.91600153
13 604 1475 2174.91600153
12 605 1477 2176.41443959
11 606 1478 2176.41443959
12 607 1479 2177.83985662
11 608 1480 2177.91600153
10 609 1481 2177.91600153
11 610 1482 2178.54138992
10 611 1493 2185.91600153
11 612 1494 2189.43850088
10 613 1495 2190.41443959
9 614 1498 2190.97873213
10 615 1499 2191.36103591
11 616 1502 2195.51731157
10 617 1511 2201.97873213
11 618 1514 2207.71960447
10 619 1518 2208.91600153
11 620 1519 2209.22899264
10 621 1520 2209.97873213
11 622 1522 2210.08209217
10 623 1523 2210.41443959
11 624 1527 2213.15479102
10 625 1528 2214.91600153
9 626 1529 2214.91600153
10 627 1530 2215.32259453
9 628 1532 2215.41443959
8 629 1535 2217.91600153
7 630 1541 2222.91600153
6 631 1546 2228.91600153
5 632 1548 2229.97873213
6 633 1549 2230.45466721
5 634 1551 2232.41443959
6 635 1554 2236.28067314
5 636 1556 2236.91600153
4 637 1559 2237.41443959
3 638 1560 2237.91600153
2 639 1563 2240.97873213
3 640 1564 2241.39680307
4 641 1566 2242.78676694
3 642 1568 2244.91600153
4 643 1573 2254.50160187
3 644 1575 2256.78676694
2 645 1576 2258.39680307
3 646 1579 2274.16732832
4 647 1581 2275.6243539
3 648 1583 2280.50160187
4 649 1588 2288.40840315
5 650 1590 2291.80412071
6 651 1591 2294.80565438
5 652 1594 2300.16732832
4 653 1597 2301.6243539
3 654 1598 2302.40840315
4 655 1601 2306.39491323
3 656 1605 2309.6243539
4 657 1606 2312.64377511
3 658 1608 2314.16732832
4 659 1609 2315.96523862
5 660 1617 2321.00548126
4 661 1619 2323.64377511
3 662 1620 2329.39491323
2 663 1621 2329.96523862
1 664 1624 2343.64377511
2 665 1625 2346.09605519
3 666 1629 2354.18665144
2 667 1631 2357.09605519
3 668 1634 2370.5313819
4 669 1636 2373.65398277
3 670 1638 2374.18665144
4 671 1639 2374.48060498
5 672 1647 2384.45369331
4 673 1649 2384.65398277
3 674 1650 2387.5313819
4 675 1651 2389.86467618
3 676 1653 2391.48060498
4 677 1654 2393.01485522
5 678 1658 2396.84295525
6 679 1659 2397.65939063
5 680 1661 2398.65398277
6 681 1662 2398.90276123
5 682 1666 2403.86467618
6 683 1668 2406.91394744
7 684 1669 2406.99348538
8 685 1673 2409.79682971
9 686 1678 2413.65024672
8 687 1680 2416.01485522
7 688 1681 2416.01485522
6 689 1684 2418.65398277
5 690 1686 2420.86467618
4 691 1692 2427.01485522
5 692 1695 2430.0558972
4 693 1699 2434.86467618
3 694 1700 2435.65398277
4 695 1701 2436.87136291
3 696 1703 2438.65398277
2 697 1704 2441.0558972
3 698 1707 2444.76907559
4 699 1709 2446.05258251
5 700 1711 2446.58681761
6 701 1712 2447.264265
5 702 1714 2447.87136291
6 703 1716 2449.57907596
7 704 1724 2461.11431251
6 705 1725 2461.76907559
5 706 1727 2461.76907559
4 707 1729 2463.05258251
3 708 1730 2464.87136291
4 709 1731 2465.47447089
5 710 1737 2474.2276291
4 711 1740 2477.05258251
3 712 1742 2478.76907559
2 713 1743 2482.47447089
1 714 1746 2491.05258251
2 715 1747 2497.3644229
3 716 1750 2498.72516904
4 717 1751 2499.69377422
5 718 1756 2501.96443273
6 719 1758 2503.13985271
5 720 1759 2505.3644229
6 721 1760 2506.48863424
7 722 1761 2507.86042006
6 723 1768 2514.3644229
7 724 1769 2516.36748401
6 725 1771 2521.96443273
5 726 1772 2522.69377422
6 727 1777 2524.40855596
7 728 1782 2531.22982186
6 729 1783 2531.3644229
5 730 1785 2534.3644229
4 731 1788 2536.69377422
3 732 1791 2538.96443273
2 733 1792 2540.3644229
1 734 1793 2551.3644229
2 735 1794 2551.46389797
3 736 1797 2562.49414969
4 737 1802 2564.62515762
3 738 1805 2574.46389797
4 739 1808 2581.93210835
3 740 1810 2583.46389797
4 741 1811 2585.84571048
3 742 1813 2587.62515762
4 743 1814 2590.17381509
5 744 1818 2597.90970648
4 745 1822 2604.93210835
5 746 1825 2607.63916312
6 747 1829 2608.15854881
5 748 1833 2613.17381509
6 749 1834 2615.44579155
5 750 1840 2620.84571048
4 751 1841 2620.90970648
3 752 1842 2621.63916312
2 753 1843 2626.44579155
1 754 1844 2628.15854881
2 755 1845 2631.15042348
3 756 1847 2635.08218852
4 757 1851 2647.64013787
3 758 1855 2651.15042348
4 759 1858 2658.83362477
5 760 1860 2660.75803733
4 761 1862 2661.08218852
3 762 1863 2661.64013787
2 763 1868 2671.75803733
1 764 1869 2672.83362477
2 765 1870 2699.03470882
3 766 1872 2703.5086526
4 767 1874 2706.55829247
5 768 1878 2713.53459859
4 769 1882 2719.03470882
3 770 1885 2723.5086526
2 771 1888 2723.55829247
3 772 1889 2726.11962852
4 773 1892 2727.7466708
5 774 1893 2735.12573201
4 775 1900 2739.53459859
3 776 1901 2746.11962852
2 777 1902 2752.12573201
1 778 1903 2755.11962852
2 779 1904 2773.5756975
1 780 1908 2787.5756975
2 781 1909 2789.31560361
3 782 1913 2805.55350204
2 783 1917 2815.31560361
3 784 1918 2816.88358099
4 785 1920 2817.26439097
3 786 1924 2822.55350204
4 787 1925 2823.82591175
3 788 1931 2831.26439097
2 789 1932 2834.82591175
3 790 1933 2841.44456631
4 791 1935 2842.558198
3 792 1937 2842.88358099
4 793 1940 2851.47371264
3 794 1946 2865.47371264
2 795 1947 2865.558198
1 796 1948 2867.44456631
2 797 1949 2868.8162976
3 798 1951 2870.11879295
4 799 1953 2872.99991007
5 800 1955 2873.5932517
6 801 1960 2877.01355064
7 802 1963 2880.88552295
8 803 1965 2881.33940925
7 804 1966 2882.8162976
6 805 1975 2890.11879295
5 806 1976 2890.5932517
4 807 1977 2893.11879295
5 808 1978 2894.88014324
4 809 1980 2895.99991007
3 810 1983 2900.88552295
2 811 1984 2902.8162976
3 812 1985 2902.93169944
4 813 1989 2908.32068318
3 814 1993 2911.88014324
2 815 1996 2916.93169944
3 816 1997 2917.00514215
4 817 1999 2917.44650765
5 818 2001 2921.9420423
6 819 2003 2922.6322737
7 820 2005 2924.55360305
6 821 2007 2925.32068318
7 822 2008 2925.9820972
8 823 2012 2927.03808168
7 824 2017 2934.00514215
8 825 2024 2936.15371538
7 826 2025 2936.32068318
6 827 2027 2938.9420423
5 828 2028 2941.9420423
6 829 2029 2943.02092252
5 830 2033 2943.44650765
6 831 2036 2946.95631797
5 832 2040 2950.32068318
4 833 2041 2951.6322737
3 834 2044 2957.02092252
2 835 2045 2960.00514215
3 836 2046 2963.04586981
2 837 2048 2963.95631797
3 838 2049 2967.36933065
4 839 2051 2973.13358585
5 840 2055 2975.60407983
6 841 2059 2976.1645933
5 842 2063 2981.36933065
4 843 2068 2986.04586981
3 844 2070 2987.1645933
4 845 2071 2988.62698272
3 846 2073 2992.60407983
2 847 2074 2993.13358585
3 848 2075 2998.24945406
2 849 2082 3006.24945406
3 850 2083 3007.63582061
4 851 2085 3010.8521168
3 852 2087 3014.62698272
4 853 2090 3016.46431381
5 854 2092 3017.224101
4 855 2096 3021.8521168
3 856 2097 3024.63582061
4 857 2100 3029.34646932
5 858 2104 3034.89026736
4 859 2108 3036.46431381
3 860 2110 3037.224101
4 861 2111 3039.26389256
5 862 2113 3041.98219315
6 863 2114 3043.06954279
5 864 2119 3046.34646932
6 865 2124 3053.63221465
7 866 2125 3054.35375598
6 867 2127 3056.26389256
5 868 2129 3060.89026736
4 869 2131 3063.34646932
5 870 2136 3072.85108804
6 871 2137 3073.56796898
5 872 2140 3076.26389256
4 873 2143 3077.34646932
5 874 2144 3077.4058281
4 875 2149 3080.89026736
3 876 2150 3090.26389256
2 877 2153 3093.26389256
3 878 2154 3095.25699006
2 879 2156 3097.4058281
3 880 2157 3099.71654768
4 881 2163 3111.90346808
3 882 2165 3112.25699006
2 883 2166 3122.71654768
1 884 2169 3131.90346808
2 885 2170 3132.56729961
3 886 2174 3142.26411657
2 887 2176 3143.56729961
3 888 2179 3155.59904781
4 889 2181 3157.2819482
5 890 2183 3158.14268267
6 891 2188 3159.81410231
5 892 2189 3163.59904781
4 893 2191 3165.26411657
5 894 2193 3167.85120383
4 895 2195 3171.2819482
5 896 2198 3174.66775521
4 897 2204 3179.26411657
5 898 2205 3182.24025564
4 899 2206 3183.59904781
3 900 2210 3188.2819482
2 901 2215 3194.59904781
1 902 2216 3205.26411657
2 903 2217 3218.8519914
3 904 2221 3230.60954732
4 905 2223 3235.78998636
5 906 2224 3235.79270891
4 907 2226 3235.8519914
3 908 2231 3246.8519914
4 909 2233 3247.59188624
3 910 2234 3250.60954732
4 911 2238 3252.76380542
5 912 2239 3253.69813226
4 913 2242 3257.8519914
5 914 2245 3261.40702213
6 915 2249 3264.55156654
5 916 2251 3267.60954732
4 917 2254 3268.8519914
5 918 2255 3270.67380994
4 919 2256 3271.8519914
5 920 2258 3272.30893329
4 921 2262 3275.60954732
5 922 2263 3277.79164869
6 923 2264 3279.18004062
5 924 2266 3279.8519914
6 925 2267 3285.68302383
7 926 2272 3290.85687723
6 927 2273 3293.8519914
7 928 2275 3293.97445654
8 929 2276 3295.54626733
7 930 2277 3295.60954732
8 931 2281 3300.7715662
7 932 2285 3309.60954732
8 933 2286 3310.4424334
7 934 2288 3310.8519914
8 935 2289 3315.39888548
9 936 2290 3317.72749926
10 937 2294 3320.17156256
11 938 2298 3321.14128408
10 939 2299 3323.60954732
11 940 2301 3329.45007129
10 941 2303 3330.8519914
9 942 2304 3330.8519914
10 943 2309 3344.29223808
9 944 2311 3346.60954732
8 945 2312 3347.8519914
7 946 2319 3355.8519914
8 947 2320 3360.66935043
7 948 2322 3363.60954732
8 949 2323 3364.54206571
9 950 2324 3365.3313904
10 951 2327 3377.69926152
9 952 2332 3383.60954732
10 953 2333 3383.71874025
11 954 2334 3384.0260849
10 955 2338 3384.8519914
11 956 2344 3389.53296962
10 957 2347 3391.60954732
9 958 2348 3391.60954732
8 959 2351 3398.8519914
9 960 2352 3404.13448081
8 961 2356 3404.8519914
7 962 2357 3408.60954732
6 963 2362 3412.8519914
5 964 2363 3414.60954732
4 965 2364 3415.8519914
5 966 2366 3416.31694255
6 967 2369 3417.32374229
5 968 2373 3420.8519914
4 969 2374 3422.60954732
3 970 2378 3430.60954732
4 971 2384 3440.04198822
3 972 2386 3441.60954732
2 973 2387 3443.8519914
3 974 2390 3455.58291222
2 975 2392 3458.60954732
3 976 2393 3461.04367126
2 977 2399 3472.04367126
1 978 2400 3472.58291222
2 979 2401 3473.68559215
3 980 2406 3492.02910123
4 981 2408 3495.63811002
3 982 2412 3499.68559215
4 983 2413 3501.73883952
5 984 2417 3506.94334992
4 985 2418 3509.02910123
3 986 2420 3509.63811002
4 987 2423 3518.40614528
3 988 2425 3518.73883952
2 989 2431 3526.02910123
3 990 2432 3529.77937864
2 991 2436 3535.40614528
1 992 2437 3540.77937864
2 993 2438 3549.19497583
3 994 2440 3550.98659707
4 995 2444 3556.46131855
3 996 2446 3557.19497583
4 997 2451 3559.19570791
5 998 2453 3559.30810806
4 999 2455 3561.98659707
3 1000 2458 3564.46131855
4 1001 2459 3565.52664433
5 1002 2462 3568.82139376
4 1003 2468 3573.30810806
5 1004 2469 3575.45818147
4 1005 2471 3576.19570791
5 1006 2472 3579.34409624
4 1007 2474 3582.30810806
3 1008 2475 3582.52664433
4 1009 2478 3586.74058641
5 1010 2484 3591.54158225
6 1011 2486 3591.66318812
7 1012 2487 3594.02943657
6 1013 2488 3595.45818147
5 1014 2491 3597.74058641
4 1015 2492 3602.34409624
5 1016 2495 3605.12083839
4 1017 2500 3609.45818147
3 1018 2501 3612.45818147
4 1019 2502 3613.3347685
3 1020 2504 3617.54158225
4 1021 2507 3618.69014963
3 1022 2511 3625.12083839
2 1023 2515 3633.3347685
3 1024 2517 3635.62697752
4 1025 2519 3638.36947332
3 1026 2521 3638.69014963
4 1027 2524 3643.41761071
5 1028 2526 3645.84927189
6 1029 2531 3650.6710755
5 1030 2533 3652.36947332
4 1031 2535 3654.41761071
5 1032 2536 3654.95714822
6 1033 2541 3656.85445329
5 1034 2543 3658.62697752
4 1035 2545 3659.41761071
3 1036 2546 3666.36947332
2 1037 2550 3670.41761071
3 1038 2551 3670.55266831
4 1039 2555 3674.44635199
3 1040 2557 3675.62697752
4 1041 2560 3680.15979704
5 1042 2564 3681.541396
4 1043 2566 3688.44635199
5 1044 2567 3691.19216732
4 1045 2569 3693.55266831
5 1046 2572 3697.3634901
6 1047 2578 3700.86432564
5 1048 2580 3702.19216732
4 1049 2583 3704.541396
3 1050 2584 3709.15979704
2 1051 2587 3714.3634901
1 1052 2588 3722.19216732
2 1053 2589 3724.24048136
3 1054 2593 3736.85833304
2 1055 2595 3741.24048136
3 1056 2598 3746.66767826
2 1057 2602 3750.85833304
3 1058 2603 3754.79872439
4 1059 2605 3755.91379099
3 1060 2607 3760.66767826
4 1061 2612 3766.17075262
3 1062 2614 3768.79872439
2 1063 2615 3775.91379099
1 1064 2618 3783.17075262
2 1065 2619 3783.24922665
3 1066 2621 3786.70070076
4 1067 2624 3788.78571163
5 1068 2628 3796.5693704
6 1069 2633 3799.97002811
5 1070 2634 3800.24922665
4 1071 2635 3803.24922665
3 1072 2639 3803.70070076
4 1073 2640 3811.59373958
3 1074 2642 3813.5693704
2 1075 2643 3816.5693704
3 1076 2646 3826.56090939
2 1077 2648 3828.59373958
3 1078 2651 3837.86075326
4 1079 2654 3838.15922485
5 1080 2655 3840.41798492
4 1081 2657 3846.56090939
5 1082 2663 3854.31176495
6 1083 2665 3854.4807068
5 1084 2669 3857.86075326
6 1085 2672 3859.03850352
5 1086 2674 3863.86075326
6 1087 2675 3864.71298166
5 1088 2676 3865.31176495
4 1089 2678 3866.41798492
5 1090 2680 3868.14116729
4 1091 2682 3868.4807068
5 1092 2683 3870.5904265
6 1093 2686 3871.93102356
5 1094 2692 3876.31176495
6 1095 2696 3883.36154197
7 1096 2697 3884.45091337
8 1097 2700 3885.19047982
7 1098 2702 3886.86075326
6 1099 2703 3887.31176495
7 1100 2704 3889.59659654
6 1101 2706 3890.31176495
5 1102 2709 3894.4807068
6 1103 2712 3896.86656121
5 1104 2713 3897.86075326
6 1105 2716 3899.05399021
7 1106 2720 3903.24972545
6 1107 2726 3910.31176495
5 1108 2728 3911.4807068
4 1109 2729 3911.4807068
3 1110 2730 3914.86075326
2 1111 2731 3916.31176495
3 1112 2733 3919.52588296
4 1113 2734 3921.86931785
5 1114 2742 3927.07611354
6 1115 2743 3931.14483528
5 1116 2745 3932.86931785
4 1117 2746 3933.31176495
3 1118 2748 3933.52588296
2 1119 2753 3944.31176495
1 1120 2754 3946.86931785
2 1121 2755 3951.87447866
3 1122 2757 3954.11036553
2 1123 2761 3962.87447866
3 1124 2764 3966.69579102
4 1125 2768 3969.76231208
3 1126 2770 3971.11036553
4 1127 2771 3974.0833292
3 1128 2773 3974.69579102
4 1129 2776 3977.08507845
5 1130 2778 3978.31868697
4 1131 2779 3980.76231208
5 1132 2781 3981.12454593
6 1133 2786 3987.06286649
7 1134 2789 3993.88527438
6 1135 2792 3994.08507845
5 1136 2796 4000.0833292
4 1137 2798 4000.76231208
3 1138 2799 4005.08507845
2 1139 2800 4008.08507845
3 1140 2803 4022.51272344
2 1141 2805 4029.0833292
3 1142 2806 4029.6303675
4 1143 2811 4037.63871254
3 1144 2812 4039.51272344
2 1145 2816 4049.6303675
3 1146 2817 4050.59767945
4 1147 2821 4057.74548703
3 1148 2823 4058.6303675
2 1149 2826 4061.59767945
3 1150 2827 4068.27190404
2 1151 2829 4068.74548703
3 1152 2830 4070.228811
4 1153 2832 4070.30192118
5 1154 2834 4073.72943811
6 1155 2835 4076.12436356
7 1156 2838 4077.90388803
8 1157 2843 4080.41474809
7 1158 2846 4085.27190404
6 1159 2847 4090.30192118
5 1160 2850 4093.228811
6 1161 2856 4095.93389764
7 1162 2857 4097.24995025
6 1163 2859 4098.30192118
5 1164 2860 4099.27190404
6 1165 2862 4099.84646036
5 1166 2867 4105.27190404
4 1167 2870 4106.30192118
5 1168 2871 4107.1569905
4 1169 2872 4109.30192118
5 1170 2875 4112.60823228
4 1171 2877 4113.228811
5 1172 2880 4114.75109878
6 1173 2886 4120.07488173
7 1174 2889 4121.53402927
8 1175 2890 4122.49447469
7 1176 2892 4123.30192118
6 1177 2894 4125.27190404
5 1178 2895 4125.75109878
6 1179 2897 4128.04112926
5 1180 2898 4132.60823228
6 1181 2902 4134.37290465
5 1182 2908 4139.75109878
6 1183 2909 4143.16897082
7 1184 2910 4143.30998035
8 1185 2912 4143.49439493
7 1186 2913 4145.27190404
8 1187 2916 4145.85415325
7 1188 2917 4146.30192118
8 1189 2924 4148.91865825
9 1190 2927 4151.07192531
8 1191 2930 4153.75109878
9 1192 2931 4155.47732341
8 1193 2933 4157.30192118
7 1194 2937 4161.60823228
8 1195 2938 4164.20420554
7 1196 2941 4164.60823228
8 1197 2943 4164.79979017
7 1198 2947 4168.27190404
8 1199 2951 4170.12996843
7 1200 2952 4171.27190404
6 1201 2954 4171.30192118
5 1202 2955 4173.75109878
4 1203 2956 4173.75109878
5 1204 2957 4174.01183727
4 1205 2961 4178.60823228
3 1206 2964 4185.30192118
2 1207 2967 4191.27190404
1 1208 2968 4197.01183727
2 1209 2969 4201.7609169
3 1210 2973 4213.50879881
2 1211 2975 4215.7609169
3 1212 2976 4216.28102964
2 1213 2982 4230.50879881
3 1214 2983 4237.0325588
2 1215 2985 4242.28102964
3 1216 2986 4246.81718701
4 1217 2988 4249.55802269
5 1218 2996 4259.2135108
4 1219 2998 4260.81718701
5 1220 2999 4262.67100192
6 1221 3001 4264.87724709
5 1222 3003 4266.0325588
4 1223 3004 4266.55802269
5 1224 3005 4269.14083306
6 1225 3011 4273.07936808
7 1226 3012 4275.33225655
8 1227 3017 4278.27941197
7 1228 3018 4280.0325588
8 1229 3020 4280.81726928
7 1230 3024 4282.2135108
6 1231 3026 4282.67100192
5 1232 3027 4283.14083306
6 1233 3029 4283.85207255
7 1234 3030 4283.93379218
6 1235 3032 4291.0325588
7 1236 3037 4293.20078609
6 1237 3043 4302.67100192
5 1238 3044 4305.2135108
4 1239 3046 4311.0325588
3 1240 3047 4312.14083306
4 1241 3048 4312.94562499
5 1242 3054 4320.48695442
4 1243 3056 4322.2135108
5 1244 3058 4328.20020968
4 1245 3064 4331.67100192
3 1246 3065 4335.94562499
2 1247 3066 4337.48695442
1 1248 3067 4338.94562499
2 1249 3068 4340.42873046
3 1250 3071 4352.21641364
4 1251 3076 4358.0022383
5 1252 3078 4359.17016553
4 1253 3080 4360.42873046
5 1254 3081 4365.53576027
4 1255 3083 4366.42873046
5 1256 3090 4372.02885324
6 1257 3093 4372.97509379
5 1258 3094 4376.53576027
6 1259 3098 4380.12496563
5 1260 3100 4381.0022383
4 1261 3101 4385.17016553
5 1262 3102 4385.83761128
6 1263 3106 4388.53623655
5 1264 3108 4389.02885324
4 1265 3109 4389.02885324
5 1266 3110 4390.08130929
4 1267 3112 4391.12496563
5 1268 3113 4393.37802169
6 1269 3121 4400.21495301
7 1270 3123 4401.16186829
8 1271 3124 4402.06094054
7 1272 3125 4402.83761128
8 1273 3129 4407.49675335
9 1274 3130 4408.1914718
8 1275 3133 4408.53623655
7 1276 3137 4410.08130929
6 1277 3138 4411.21495301
7 1278 3139 4411.61255893
8 1279 3145 4418.19416821
7 1280 3152 4422.37802169
6 1281 3153 4424.08130929
5 1282 3154 4425.83761128
4 1283 3155 4428.53623655
3 1284 3156 4428.61255893
4 1285 3157 4429.86971992
3 1286 3161 4431.53623655
2 1287 3164 4437.86971992
3 1288 3165 4439.0628666
2 1289 3167 4439.37802169
3 1290 3168 4440.83428975
4 1291 3170 4449.39066312
5 1292 3172 4451.95746353
4 1293 3182 4463.39066312
3 1294 3183 4465.0628666
2 1295 3184 4466.83428975
1 1296 3185 4468.95746353
2 1297 3186 4475.11663606
1 1298 3190 4486.11663606
2 1299 3191 4496.22381921
3 1300 3193 4496.35195937
4 1301 3195 4499.62208037
3 1302 3201 4504.35195937
4 1303 3202 4509.67602053
5 1304 3204 4510.06319869
4 1305 3208 4516.22381921
5 1306 3209 4518.33978854
4 1307 3213 4519.62208037
5 1308 3218 4522.52537935
4 1309 3220 4523.33978854
5 1310 3221 4524.88949646
6 1311 3223 4525.2524059
7 1312 3226 4526.30280753
6 1313 3227 4527.06319869
5 1314 3235 4535.67602053
6 1315 3236 4536.32595164
5 1316 3238 4539.52537935
4 1317 3239 4541.88949646
3 1318 3240 4542.2524059
2 1319 3241 4542.52537935
3 1320 3244 4546.761765
2 1321 3246 4547.32595164
3 1322 3247 4554.83525332
4 1323 3249 4555.30552914
5 1324 3254 4557.15145236
6 1325 3255 4560.48774518
5 1326 3257 4560.761765
6 1327 3258 4561.67647987
7 1328 3264 4565.0015568
8 1329 3269 4565.33440554
7 1330 3271 4568.48774518
6 1331 3272 4568.83525332
5 1332 3273 4569.30552914
6 1333 3275 4570.72876396
5 1334 3283 4578.30552914
4 1335 3284 4579.0015568
3 1336 3285 4579.48774518
2 1337 3286 4579.48774518
3 1338 3287 4580.1767732
4 1339 3289 4582.58460191
3 1340 3295 4587.67647987
4 1341 3296 4595.35951269
3 1342 3298 4596.58460191
2 1343 3299 4597.1767732
1 1344 3302 4618.35951269
2 1345 3303 4629.77782447
3 1346 3307 4631.79598551
4 1347 3309 4633.50372826
5 1348 3312 4638.23313629
4 1349 3315 4643.77782447
5 1350 3319 4650.37927194
6 1351 3321 4652.85986611
5 1352 3323 4654.79598551
4 1353 3324 4656.50372826
5 1354 3327 4658.83387874
4 1355 3329 4659.50372826
5 1356 3330 4662.76570088
4 1357 3336 4670.37927194
3 1358 3337 4672.83387874
2 1359 3340 4675.85986611
3 1360 3341 4680.22834215
2 1361 3343 4682.76570088
3 1362 3344 4686.42614797
2 1363 3350 4697.22834215
3 1364 3351 4697.23041898
4 1365 3354 4698.22334656
3 1366 3355 4700.42614797
2 1367 3359 4717.23041898
1 1368 3360 4717.23041898
2 1369 3361 4730.64258572
1 1370 3365 4744.64258572
2 1371 3366 4748.67935389
3 1372 3368 4752.89631521
4 1373 3372 4755.60203407
5 1374 3376 4756.26656195
4 1375 3382 4760.89631521
3 1376 3383 4762.67935389
2 1377 3384 4764.26656195
1 1378 3385 4769.60203407
2 1379 3386 4780.19259331
3 1380 3388 4782.40219367
4 1381 3392 4787.38139138
5 1382 3396 4791.72015669
4 1383 3398 4794.19259331
3 1384 3403 4799.40219367
4 1385 3404 4799.58041547
5 1386 3406 4800.97385677
4 1387 3408 4807.38139138
3 1388 3412 4808.72015669
2 1389 3416 4811.97385677
1 1390 3417 4813.58041547
2 1391 3418 4817.33466956
1 1392 3422 4828.33466956
2 1393 3423 4831.90337226
3 1394 3425 4836.6185054
4 1395 3427 4837.63053246
5 1396 3429 4839.51487477
6 1397 3433 4842.39001177
7 1398 3438 4844.99535243
6 1399 3440 4845.90337226
5 1400 3442 4847.6185054
4 1401 3445 4851.63053246
5 1402 3446 4852.82116104
6 1403 3450 4856.05045711
5 1404 3451 4859.51487477
4 1405 3457 4862.90337226
5 1406 3458 4864.71321435
6 1407 3460 4865.77533526
5 1408 3465 4870.6185054
4 1409 3467 4872.82116104
3 1410 3468 4873.51487477
2 1411 3469 4875.71321435
3 1412 3470 4880.33275948
4 1413 3474 4882.59471462
3 1414 3478 4888.33275948
4 1415 3480 4888.63517552
5 1416 3484 4892.57157504
4 1417 3486 4893.59471462
3 1418 3488 4893.6185054
4 1419 3490 4895.04960111
5 1420 3492 4896.06352905
6 1421 3494 4898.89291433
5 1422 3497 4899.59471462
6 1423 3498 4901.70874647
7 1424 3499 4901.9365799
6 1425 3504 4906.04960111
5 1426 3509 4917.04960111
6 1427 3510 4918.35654844
5 1428 3512 4918.57157504
6 1429 3516 4927.35166308
7 1430 3519 4930.63182301
6 1431 3521 4931.04960111
7 1432 3522 4932.31995566
8 1433 3523 4934.96727094
7 1434 3526 4937.04960111
6 1435 3528 4938.57157504
5 1436 3530 4942.04960111
4 1437 3533 4946.57157504
5 1438 3535 4947.13215574
4 1439 3541 4959.04960111
3 1440 3542 4966.57157504
4 1441 3546 4971.53184465
3 1442 3549 4976.04960111
4 1443 3551 4976.82177582
3 1444 3553 4977.57157504
4 1445 3556 4985.7434404
5 1446 3557 4985.74605565
6 1447 3560 4991.232698
5 1448 3562 4991.57157504
6 1449 3563 4996.31703074
5 1450 3566 5002.04960111
4 1451 3570 5002.57157504
3 1452 3576 5013.04960111
4 1453 3577 5014.17233397
5 1454 3579 5015.74583905
4 1455 3580 5019.04960111
3 1456 3582 5019.57157504
2 1457 3587 5028.17233397
1 1458 3588 5030.57157504
2 1459 3589 5031.34239019
3 1460 3591 5033.00778496
2 1461 3595 5044.00778496
3 1462 3598 5049.66207171
4 1463 3602 5054.97627816
3 1464 3603 5057.34239019
4 1465 3605 5057.7129055
5 1466 3606 5066.96807745
4 1467 3610 5069.66207171
5 1468 3612 5071.66047432
4 1469 3614 5074.34239019
5 1470 3617 5085.64767492
6 1471 3621 5087.87142542
7 1472 3622 5088.01725401
6 1473 3624 5088.34239019
5 1474 3627 5092.66207171
4 1475 3629 5095.66207171
5 1476 3630 5101.18016483
4 1477 3631 5102.34239019
5 1478 3635 5105.68539336
6 1479 3638 5110.60383185
5 1480 3641 5112.66207171
4 1481 3643 5116.34239019
5 1482 3647 5117.78099039
6 1483 3648 5118.27807545
5 1484 3651 5120.66207171
4 1485 3652 5127.34239019
5 1486 3654 5129.34209196
4 1487 3656 5129.66207171
3 1488 3661 5134.66207171
4 1489 3663 5134.81293897
5 1490 3664 5135.09281103
6 1491 3665 5141.23132643
5 1492 3667 5144.34239019
6 1493 3670 5146.81338383
7 1494 3673 5149.36550388
6 1495 3675 5157.66207171
5 1496 3677 5158.34239019
6 1497 3678 5161.44882709
7 1498 3683 5165.77651302
8 1499 3684 5166.74298737
7 1500 3686 5169.34239019
8 1501 3689 5173.99060643
7 1502 3691 5174.66207171
8 1503 3692 5176.45191303
9 1504 3693 5177.38506607
10 1505 3694 5178.25762913
11 1506 3695 5180.57751105
10 1507 3697 5183.34239019
11 1508 3700 5192.15378649
10 1509 3706 5197.34239019
9 1510 3714 5200.66207171
8 1511 3715 5202.34239019
9 1512 3716 5203.84792887
8 1513 3722 5208.34239019
7 1514 3723 5208.34239019
6 1515 3724 5217.66207171
7 1516 3730 5219.21282524
6 1517 3731 5220.66207171
5 1518 3732 5220.66207171
6 1519 3733 5224.83295949
5 1520 3735 5225.34239019
4 1521 3737 5228.66207171
5 1522 3740 5233.31446887
6 1523 3741 5240.48131987
7 1524 3744 5242.03077453
6 1525 3745 5242.34239019
7 1526 3747 5242.84210619
6 1527 3750 5251.66207171
7 1528 3751 5254.75846068
8 1529 3752 5261.1603067
7 1530 3756 5265.66207171
6 1531 3757 5268.66207171
7 1532 3760 5269.03764936
8 1533 3761 5272.79840114
9 1534 3762 5274.47471735
10 1535 3763 5276.55007057
11 1536 3770 5294.06586714
10 1537 3771 5294.66207171
11 1538 3772 5294.85393925
12 1539 3773 5295.19024752
11 1540 3775 5297.66207171
12 1541 3778 5306.26464835
13 1542 3779 5311.61743882
12 1543 3782 5314.66207171
11 1544 3788 5331.66207171
10 1545 3789 5331.66207171
9 1546 3793 5345.66207171
10 1547 3794 5351.84683369
9 1548 3795 5354.66207171
10 1549 3797 5356.79223683
11 1550 3798 5357.1767053
12 1551 3799 5359.49363326
13 1552 3800 5365.30246037
14 1553 3801 5369.29348084
15 1554 3802 5370.30679688
16 1555 3803 5370.47651305
17 1556 3804 5373.76012733
18 1557 3808 5378.84970494
19 1558 3809 5379.46709343
20 1559 3810 5384.25018983
21 1560 3811 5384.6497383
22 1561 3814 5408.34237797
23 1562 3815 5409.03688896
24 1563 3816 5426.92158413
25 1564 3817 5429.60254864
26 1565 3818 5434.99270915
27 1566 3819 5435.31504292
28 1567 3820 5439.13725867
29 1568 3821 5449.12551921
30 1569 3822 5450.09448271
31 1570 3823 5450.54679426
32 1571 3824 5451.83991962
33 1572 3830 5479.50824565
34 1573 3835 5485.43563148
33 1574 3837 5487.90356081
34 1575 3838 5488.056568
35 1576 3839 5489.35802992
34 1577 3840 5490.90356081
33 1578 3841 5490.90356081
34 1579 3842 5490.97944979
35 1580 3845 5497.11776042
36 1581 3846 5500.10610318
37 1582 3847 5507.34591224
36 1583 3851 5507.90356081
37 1584 3852 5514.61219613
38 1585 3857 5515.76409509
37 1586 3858 5515.90356081
36 1587 3860 5524.90356081
35 1588 3861 5524.90356081
36 1589 3862 5526.47214698
37 1590 3865 5533.87175484
38 1591 3866 5534.6074833
37 1592 3868 5535.90356081
38 1593 3871 5547.68571029
39 1594 3872 5552.54324241
38 1595 3876 5561.90356081
37 1596 3888 5575.90356081
36 1597 3889 5575.90356081
35 1598 3890 5575.90356081
34 1599 3902 5589.19278032
35 1600 3903 5589.51909361
34 1601 3914 5592.90356081
33 1602 3915 5592.90356081
34 1603 3916 5595.52193524
35 1604 3917 5595.7202045
36 1605 3918 5596.22761648
35 1606 3919 5598.90356081
34 1607 3930 5600.90356081
33 1608 3931 5603.19278032
32 1609 3932 5603.19278032
31 1610 3937 5603.90356081
30 1611 3938 5603.90356081
29 1612 3939 5604.90356081
30 1613 3945 5608.60922923
31 1614 3946 5608.80863832
30 1615 3949 5609.19278032
29 1616 3950 5612.33799226
28 1617 3951 5612.90356081
27 1618 3960 5614.90356081
26 1619 3961 5615.19278032
25 1620 3962 5615.33799226
24 1621 3967 5617.90356081
23 1622 3969 5618.33799226
22 1623 3970 5619.90356081
21 1624 3971 5621.33799226
22 1625 3972 5621.45733073
21 1626 3979 5622.90356081
20 1627 3980 5625.90356081
21 1628 3981 5626.21275343
20 1629 3982 5626.90356081
19 1630 3991 5629.19278032
18 1631 3992 5629.19278032
17 1632 3993 5629.90356081
16 1633 4000 5631.19278032
15 1634 4001 5633.90356081
14 1635 4002 5634.19278032
13 1636 4005 5636.90356081
12 1637 4006 5637.19278032
11 1638 4007 5640.19278032
10 1639 4011 5642.90356081
9 1640 4014 5644.33799226
8 1641 4021 5650.90356081
7 1642 4025 5653.90356081
6 1643 4029 5655.90356081
5 1644 4031 5656.90356081
6 1645 4032 5657.39162864
5 1646 4033 5658.33799226
4 1647 4035 5660.19278032
3 1648 4038 5667.33799226
4 1649 4041 5671.05043181
3 1650 4043 5675.33799226
2 1651 4044 5675.90356081
3 1652 4045 5677.28390147
4 1653 4047 5678.61073536
5 1654 4051 5683.60132013
6 1655 4052 5683.94934054
5 1656 4055 5685.28390147
4 1657 4060 5691.05043181
3 1658 4061 5692.61073536
4 1659 4062 5692.61765184
3 1660 4068 5706.61765184
2 1661 4071 5711.28390147
3 1662 4072 5715.8711032
4 1663 4076 5718.89703742
3 1664 4078 5720.05043181
2 1665 4079 5723.8711032
3 1666 4082 5732.00424124
2 1667 4084 5735.89703742
3 1668 4085 5743.29876132
4 1669 4087 5748.95091214
5 1670 4093 5751.81922218
6 1671 4094 5753.0391308
5 1672 4098 5759.95091214
4 1673 4099 5760.29876132
3 1674 4101 5761.00424124
4 1675 4102 5761.70829587
5 1676 4106 5767.15104745
4 1677 4110 5769.70829587
3 1678 4115 5774.29876132
4 1679 4118 5778.92519356
3 1680 4120 5780.70829587
4 1681 4121 5787.60877564
3 1682 4123 5788.95091214
4 1683 4127 5791.76138464
3 1684 4131 5798.60877564
2 1685 4132 5804.92519356
3 1686 4133 5806.58499566
2 1687 4135 5810.92519356
3 1688 4138 5818.32599519
4 1689 4140 5821.18567958
5 1690 4143 5821.56676584
4 1691 4147 5823.58499566
5 1692 4148 5823.76015528
6 1693 4150 5825.66723971
7 1694 4151 5828.43886295
6 1695 4157 5832.32599519
5 1696 4158 5832.32599519
4 1697 4159 5835.18567958
3 1698 4161 5837.76015528
4 1699 4164 5848.13093469
3 1700 4168 5849.32599519
4 1701 4171 5856.17921772
5 1702 4173 5856.76152935
6 1703 4174 5857.14090637
7 1704 4175 5858.87552844
6 1705 4176 5859.13093469
5 1706 4181 5861.18567958
6 1707 4183 5866.06065129
5 1708 4188 5867.13093469
4 1709 4189 5870.13093469
3 1710 4190 5870.17921772
2 1711 4197 5881.18567958
3 1712 4198 5882.33758103
2 1713 4200 5884.13093469
3 1714 4201 5886.09455994
4 1715 4207 5897.61374877
5 1716 4209 5899.75316035
4 1717 4211 5900.09455994
5 1718 4212 5901.70055219
6 1719 4213 5902.99035983
7 1720 4214 5903.85027772
6 1721 4215 5905.33758103
7 1722 4218 5907.49116256
8 1723 4221 5908.55455361
7 1724 4228 5914.61374877
8 1725 4229 5914.77719909
7 1726 4231 5917.09455994
8 1727 4234 5918.92828764
7 1728 4235 5920.09455994
6 1729 4238 5922.33758103
5 1730 4242 5928.61374877
4 1731 4243 5931.09455994
5 1732 4244 5931.12966721
4 1733 4251 5936.33758103
3 1734 4252 5939.61374877
4 1735 4255 5943.03840145
3 1736 4257 5945.33758103
4 1737 4258 5946.29880905
3 1738 4260 5948.12966721
4 1739 4265 5957.42906131
5 1740 4267 5959.51724425
4 1741 4269 5963.03840145
5 1742 4270 5964.36340628
6 1743 4273 5965.61544562
5 1744 4275 5969.29880905
4 1745 4277 5971.42906131
5 1746 4279 5974.8576014
6 1747 4284 5977.17616304
7 1748 4288 5981.5502498
6 1749 4293 5985.42906131
5 1750 4294 5985.42906131
4 1751 4295 5986.03840145
3 1752 4296 5986.29880905
4 1753 4301 5999.99296166
3 1754 4303 6002.42906131
4 1755 4304 6003.42691862
3 1756 4306 6004.56854767
2 1757 4311 6016.99296166
1 1758 4312 6023.42691862
2 1759 4313 6030.19249413
3 1760 4315 6036.05850728
4 1761 4319 6040.34743575
5 1762 4321 6040.51189702
4 1763 4325 6044.19249413
5 1764 4326 6045.57250592
6 1765 4329 6045.69188835
5 1766 4330 6050.05850728
6 1767 4335 6057.16011183
5 1768 4337 6057.34743575
6 1769 4341 6059.32851464
5 1770 4345 6066.51189702
4 1771 4348 6067.32851464
3 1772 4349 6068.57250592
2 1773 4350 6071.16011183
1 1774 4353 6074.57250592
2 1775 4354 6086.7180387
3 1776 4357 6087.40366671
4 1777 4358 6099.21728911
3 1778 4363 6106.7180387
4 1779 4365 6108.74103064
3 1780 4366 6109.7180387
4 1781 4367 6112.33226935
5 1782 4372 6117.70422989
4 1783 4377 6123.33226935
5 1784 4378 6123.79898335
4 1785 4380 6125.21728911
3 1786 4381 6128.21728911
4 1787 4382 6128.53179438
5 1788 4384 6128.87522188
4 1789 4386 6131.21728911
5 1790 4392 6139.13802736
4 1791 4393 6139.53179438
5 1792 4394 6139.78395154
4 1793 4399 6145.87522188
3 1794 4400 6146.79898335
4 1795 4401 6146.85877171
5 1796 4406 6150.8348551
4 1797 4407 6151.87522188
5 1798 4411 6155.01742183
6 1799 4413 6156.81032696
7 1800 4415 6156.9665151
8 1801 4417 6159.05348663
7 1802 4418 6159.78395154
6 1803 4422 6160.85877171
7 1804 4423 6161.34387416
8 1805 4428 6164.47638884
7 1806 4432 6166.85877171
6 1807 4433 6169.01742183
5 1808 4435 6170.81032696
6 1809 4437 6172.74686998
7 1810 4438 6172.79572481
8 1811 4440 6173.55387786
9 1812 4441 6174.85086572
8 1813 4443 6176.78395154
7 1814 4444 6176.9665151
6 1815 4457 6184.78395154
5 1816 4458 6184.9665151
4 1817 4459 6189.01742183
3 1818 4460 6189.85877171
2 1819 4461 6195.79572481
1 1820 4463 6195.85877171
2 1821 4464 6198.36066607
1 1822 4468 6206.36066607
2 1823 4470 6225.39703783
3 1824 4474 6237.66708733
2 1825 4478 6242.39703783
3 1826 4479 6243.2939053
2 1827 4481 6245.66708733
1 1828 4484 6254.2939053
2 1829 4485 6265.03766287
3 1830 4487 6267.20138545
4 1831 4489 6271.66010589
5 1832 4495 6281.17699263
4 1833 4497 6282.03766287
5 1834 4498 6283.21698441
6 1835 4506 6290.82517981
5 1836 4507 6291.66010589
4 1837 4509 6293.20138545
3 1838 4510 6297.21698441
2 1839 4513 6302.66010589
3 1840 4514 6302.98514482
2 1841 4516 6304.17699263
3 1842 4519 6325.39537887
4 1843 4521 6327.50008513
3 1844 4523 6328.98514482
4 1845 4528 6339.26718786
3 1846 4530 6339.39537887
2 1847 4531 6344.50008513
3 1848 4532 6346.83732175
4 1849 4534 6347.38267741
3 1850 4540 6353.26718786
4 1851 4543 6359.36729913
5 1852 4545 6362.67071888
4 1853 4547 6363.83732175
3 1854 4548 6364.38267741
4 1855 4553 6379.68015927
3 1856 4555 6382.36729913
2 1857 4556 6382.67071888
3 1858 4559 6390.39441537
2 1859 4561 6396.68015927
3 1860 4562 6401.69717903
4 1861 4564 6405.11339334
5 1862 4569 6407.38184022
6 1863 4573 6408.93674056
5 1864 4577 6412.69717903
4 1865 4580 6413.11339334
3 1866 4581 6413.39441537
2 1867 4582 6418.69717903
1 1868 4583 6419.93674056
2 1869 4584 6428.968702
3 1870 4588 6436.77318193
4 1871 4592 6445.2446532
3 1872 4594 6448.968702
4 1873 4595 6450.60885827
3 1874 4597 6450.77318193
2 1875 4600 6462.2446532
3 1876 4603 6464.09217101
4 1877 4605 6469.13058977
3 1878 4607 6473.60885827
2 1879 4612 6480.13058977
3 1880 4613 6480.61190488
4 1881 4615 6482.11093188
3 1882 4617 6484.09217101
4 1883 4618 6485.0494877
5 1884 4621 6488.60029942
6 1885 4622 6488.86171413
7 1886 4626 6489.81468866
8 1887 4629 6492.35923344
7 1888 4636 6496.11093188
6 1889 4637 6502.86171413
7 1890 4643 6504.83492691
6 1891 4645 6505.0494877
5 1892 4646 6506.61190488
4 1893 4647 6507.11093188
3 1894 4648 6508.0494877
2 1895 4649 6510.86171413
1 1896 4652 6519.0494877
2 1897 4653 6525.18278
3 1898 4655 6531.62800052
4 1899 4657 6535.10568993
5 1900 4663 6539.45296056
4 1901 4665 6545.62800052
5 1902 4670 6552.10802678
4 1903 4672 6554.18278
3 1904 4675 6561.10568993
2 1905 4676 6562.45296056
3 1906 4677 6569.70914378
2 1907 4679 6572.10802678
1 1908 4682 6592.70914378
2 1909 4683 6594.95780939
1 1910 4687 6611.95780939
2 1911 4688 6617.59583946
3 1912 4690 6618.1787541
4 1913 4692 6622.08431742
5 1914 4695 6623.79157569
6 1915 4700 6629.35960173
7 1916 4702 6629.36586244
6 1917 4706 6634.59583946
5 1918 4708 6635.1787541
6 1919 4709 6637.3811584
7 1920 4711 6638.3091444
6 1921 4712 6639.08431742
5 1922 4718 6642.08431742
4 1923 4719 6645.3811584
5 1924 4724 6650.6446655
4 1925 4726 6652.35960173
3 1926 4727 6659.08431742
4 1927 4728 6659.93832504
3 1928 4732 6663.59583946
4 1929 4735 6667.78170817
3 1930 4737 6667.93832504
4 1931 4738 6668.29842087
5 1932 4740 6672.38610376
4 1933 4742 6676.6446655
5 1934 4745 6684.36429232
4 1935 4747 6684.78170817
5 1936 4754 6692.21615542
4 1937 4755 6692.38610376
3 1938 4756 6694.29842087
2 1939 4760 6698.36429232
3 1940 4761 6699.60120833
2 1941 4763 6704.36429232
1 1942 4766 6716.60120833
2 1943 4767 6731.09717618
3 1944 4769 6733.22206813
4 1945 4773 6742.70528298
3 1946 4777 6745.09717618
2 1947 4780 6750.22206813
3 1948 4783 6753.59855168
4 1949 4785 6756.52325971
3 1950 4787 6756.70528298
2 1951 4790 6764.59855168
1 1952 4793 6779.52325971
2 1953 4794 6784.4766281
3 1954 4798 6797.19701488
2 1955 4800 6801.4766281
3 1956 4802 6803.18387194
4 1957 4806 6810.0477165
3 1958 4811 6811.19701488
4 1959 4814 6813.66109254
3 1960 4816 6817.18387194
2 1961 4817 6818.0477165
1 1962 4820 6830.66109254
2 1963 4821 6843.49416919
3 1964 4823 6845.39650136
4 1965 4825 6848.46613633
5 1966 4827 6852.07758166
6 1967 4832 6853.27481556
7 1968 4833 6855.06147464
8 1969 4834 6855.25070091
9 1970 4835 6855.49021645
10 1971 4836 6857.10363208
9 1972 4840 6865.46613633
8 1973 4842 6866.49416919
7 1974 4843 6868.39650136
8 1975 4845 6868.88429224
9 1976 4848 6874.14304829
10 1977 4849 6875.19193056
11 1978 4854 6880.07227454
10 1979 4858 6880.49416919
11 1980 4859 6887.37126119
10 1981 4861 6888.39650136
9 1982 4863 6888.46613633
10 1983 4870 6898.9925706
9 1984 4872 6899.39650136
8 1985 4873 6900.49416919
7 1986 4878 6906.49416919
6 1987 4879 6906.49416919
5 1988 4881 6908.46613633
6 1989 4884 6910.85109845
7 1990 4885 6910.93001188
6 1991 4887 6916.39650136
7 1992 4895 6921.50656082
8 1993 4896 6923.79945885
7 1994 4898 6924.39650136
6 1995 4899 6926.49416919
5 1996 4904 6928.46613633
4 1997 4905 6929.49416919
3 1998 4911 6941.39650136
2 1999 4912 6942.46613633
1 2000 4913 6943.49416919
0 2001 4916 6961.39650136
0 2002 4918 7286.4766281
