#data counter step time
27.543871 1 57 45.5733037812
46.535989 2 122 125.109241456
38.897513 3 141 161.296351012
46.107445 4 176 218.516167253
30.079248 5 292 348.973839165
54.165820 6 380 476.163588567
33.816737 7 395 502.909330344
40.676803 8 640 821.153040975
57.177417 9 683 898.526598679
58.103796 10 805 1067.47571082
26.224861 11 1005 1368.04718198
27.041378 12 1024 1398.75731021
64.216272 13 1237 1719.42600742
80.940876 14 1243 1736.42600742
61.737604 15 1246 1750.42600742
171.978923 16 1254 1764.42600742
168.568029 17 1310 2079.97873213
42.461090 18 1311 2079.97873213
293.407346 19 1314 2081.91600153
47.672599 20 1324 2082.97873213
390.683959 21 1325 2082.97873213
63.509485 22 1342 2092.91600153
386.418463 23 1344 2093.97873213
180.850885 24 1345 2093.97873213
272.246822 25 1346 2093.97873213
268.031770 26 1347 2096.41443959
303.202857 27 1348 2096.97873213
95.382993 28 1349 2099.41443959
339.904156 29 1358 2102.41443959
253.013184 30 1360 2103.91600153
235.173646 31 1366 2105.41443959
207.515813 32 1369 2106.91600153
239.473138 33 1373 2107.97873213
213.346713 34 1383 2109.91600153
428.636612 35 1387 2110.41443959
465.381151 36 1388 2115.91600153
169.367287 37 1389 2116.41443959
233.282462 38 1396 2118.97873213
141.701120 39 1397 2118.97873213
189.608668 40 1399 2121.97873213
353.526626 41 1400 2125.41443959
113.021220 42 1409 2126.91600153
249.631096 43 1415 2129.91600153
378.092564 44 1416 2129.97873213
277.047382 45 1419 2133.41443959
158.156500 46 1429 2138.97873213
394.039060 47 1434 2146.91600153
513.613817 48 1435 2146.91600153
341.528026 49 1436 2146.91600153
41.878686 50 1437 2146.91600153
326.683798 51 1449 2158.97873213
346.240809 52 1454 2160.91600153
168.259634 53 1458 2163.91600153
82.868660 54 1459 2163.91600153
240.891986 55 1460 2163.91600153
409.386184 56 1461 2164.97873213
490.118918 57 1469 2167.97873213
462.758500 58 1473 2171.91600153
114.868309 59 1475 2174.91600153
215.368408 60 1477 2176.41443959
311.708850 61 1478 2176.41443959
145.697089 62 1480 2177.91600153
328.173022 63 1481 2177.91600153
57.862755 64 1493 2185.91600153
351.894487 65 1495 2190.41443959
73.737795 66 1498 2190.97873213
131.929917 67 1511 2201.97873213
574.291801 68 1518 2208.91600153
487.830577 69 1528 2214.91600153
287.241933 70 1541 2222.91600153
514.528559 71 1560 2237.91600153
27.823941 72 1563 2240.97873213
36.090574 73 1631 2357.09605519
28.740035 74 1700 2435.65398277
32.716493 75 1742 2478.76907559
31.136794 76 1759 2505.3644229
37.000000 77 1791 2538.96443273
58.276671 78 1882 2719.03470882
52.449965 79 1908 2787.5756975
26.386367 80 2097 3024.63582061
37.820725 81 2149 3080.89026736
31.663832 82 2176 3143.56729961
53.611736 83 2226 3235.8519914
29.300425 84 2273 3293.8519914
28.063280 85 2299 3323.60954732
74.300614 86 2311 3346.60954732
62.837981 87 2322 3363.60954732
73.167114 88 2332 3383.60954732
93.995114 89 2338 3384.8519914
71.437985 90 2347 3391.60954732
104.877535 91 2351 3398.8519914
29.133251 92 2362 3412.8519914
70.317309 93 2363 3414.60954732
31.319022 94 2373 3420.8519914
57.278157 95 2374 3422.60954732
52.910286 96 2378 3430.60954732
25.292605 97 2386 3441.60954732
41.285805 98 2392 3458.60954732
27.415597 99 2446 3557.19497583
40.376156 100 2595 3741.24048136
45.627449 101 2812 4039.51272344
27.117644 102 2816 4049.6303675
42.926890 103 2877 4113.228811
44.857156 104 2894 4125.27190404
41.749080 105 2975 4215.7609169
38.279719 106 3056 4322.2135108
34.159173 107 3190 4486.11663606
26.000000 108 3329 4659.50372826
34.462641 109 3350 4697.22834215
28.568703 110 3440 4845.90337226
28.215027 111 3533 4946.57157504
57.340855 112 3541 4959.04960111
41.082330 113 3549 4976.04960111
46.939752 114 3553 4977.57157504
41.001597 115 3641 5112.66207171
58.976886 116 3722 5208.34239019
91.319980 117 3731 5220.66207171
59.565877 118 3735 5225.34239019
90.213245 119 3750 5251.66207171
25.180752 120 3756 5265.66207171
26.631297 121 3757 5268.66207171
64.347603 122 3775 5297.66207171
72.863671 123 3793 5345.66207171
150.814143 124 3795 5354.66207171
114.143433 125 3837 5487.90356081
120.427048 126 3840 5490.90356081
55.910852 127 3841 5490.90356081
148.409928 128 3851 5507.90356081
80.588518 129 3858 5515.90356081
230.049622 130 3860 5524.90356081
230.837694 131 3861 5524.90356081
86.778042 132 3868 5535.90356081
136.766302 133 3888 5575.90356081
90.467929 134 3889 5575.90356081
61.291365 135 3890 5575.90356081
223.890320 136 3902 5589.19278032
101.924111 137 3914 5592.90356081
92.797458 138 3915 5592.90356081
190.561183 139 3919 5598.90356081
112.846993 140 3930 5600.90356081
233.899299 141 3931 5603.19278032
87.428685 142 3932 5603.19278032
174.301012 143 3937 5603.90356081
349.145100 144 3938 5603.90356081
230.343075 145 3949 5609.19278032
351.177686 146 3950 5612.33799226
162.356767 147 3951 5612.90356081
235.436467 148 3960 5614.90356081
135.684535 149 3961 5615.19278032
230.688254 150 3962 5615.33799226
261.111324 151 3967 5617.90356081
266.491159 152 3969 5618.33799226
324.713313 153 3970 5619.90356081
251.031195 154 3971 5621.33799226
198.981977 155 3980 5625.90356081
129.785800 156 3982 5626.90356081
244.942590 157 3991 5629.19278032
272.016075 158 3992 5629.19278032
318.286122 159 3993 5629.90356081
222.155891 160 4000 5631.19278032
86.217851 161 4001 5633.90356081
391.350674 162 4002 5634.19278032
40.675944 163 4005 5636.90356081
102.585297 164 4006 5637.19278032
199.063641 165 4021 5650.90356081
384.865911 166 4025 5653.90356081
103.360318 167 4029 5655.90356081
206.809078 168 4031 5656.90356081
131.865845 169 4033 5658.33799226
177.979962 170 4038 5667.33799226
80.183356 171 4044 5675.90356081
28.294520 172 4099 5760.29876132
27.571460 173 4303 6002.42906131
35.442712 174 4311 6016.99296166
40.765576 175 4325 6044.19249413
25.468223 176 4350 6071.16011183
29.000000 177 4381 6128.21728911
31.509800 178 4468 6206.36066607
38.743758 179 4497 6282.03766287
25.767103 180 4540 6353.26718786
40.601117 181 4682 6592.70914378
25.924708 182 4793 6779.52325971
52.833077 183 4842 6866.49416919
53.404662 184 4881 6908.46613633
25.403931 185 4898 6924.39650136
80.000000 186 4904 6928.46613633
72.390537 187 4905 6929.49416919
