#data counter step time
0 1 0 0.0
1 2 1 0.0
2 3 12 0.101855863031
3 4 14 5.81667401725
4 5 16 12.9341702041
5 6 24 18.5758155511
6 7 26 18.5987086528
5 8 28 20.101855863
6 9 29 21.2770762274
7 10 31 22.6536293831
6 11 33 25.8166740173
7 12 35 26.7870994333
8 13 36 26.9324618527
7 14 38 26.9341702041
6 15 43 32.5987086528
7 16 44 35.355532735
8 17 48 36.3563278865
7 18 52 38.2770762274
6 19 56 44.5758155511
5 20 59 46.9341702041
4 21 62 50.5758155511
3 22 63 51.8166740173
2 23 64 55.355532735
1 24 65 58.2770762274
2 25 66 87.7589827479
3 26 68 89.0358752991
4 27 72 92.13499991
5 28 74 92.8359328352
6 29 81 96.804688119
7 30 82 99.2313283363
6 31 84 103.035875299
5 32 87 104.758982748
4 33 90 106.13499991
5 34 91 108.472585663
4 35 93 109.835932835
3 36 94 110.804688119
4 37 99 117.126100614
3 38 101 119.472585663
2 39 104 126.035875299
3 40 105 127.241148397
4 41 107 127.829099376
5 42 109 127.953245285
6 43 115 133.355277408
5 44 117 134.126100614
4 45 118 135.829099376
5 46 119 136.30472628
6 47 121 136.442633563
5 48 125 138.241148397
6 49 126 139.926448058
5 50 132 144.355277408
6 51 133 146.34770341
7 52 135 149.668964769
6 53 139 150.442633563
5 54 140 150.953245285
6 55 141 151.332207635
5 56 145 154.34770341
6 57 150 159.534508216
5 58 152 161.442633563
4 59 153 162.926448058
3 60 158 165.30472628
2 61 159 171.332207635
1 62 160 176.534508216
2 63 161 186.240656166
3 64 163 197.983572205
4 65 167 199.319230713
5 66 173 206.804802229
6 67 175 207.596655527
5 68 177 209.240656166
6 69 180 211.967164614
5 70 182 211.983572205
4 71 183 213.319230713
5 72 184 214.01319498
4 73 190 221.596655527
3 74 193 225.967164614
4 75 194 226.521994037
3 76 196 229.804802229
2 77 199 237.01319498
3 78 200 238.07599861
2 79 202 240.521994037
3 80 203 252.441990046
2 81 209 258.07599861
3 82 210 263.899872318
2 83 212 269.441990046
3 84 213 269.855417484
4 85 215 273.563316653
5 86 217 275.85368092
6 87 221 278.55684953
5 88 229 286.855417484
4 89 232 289.899872318
5 90 233 290.112928375
4 91 235 290.563316653
3 92 236 292.55684953
2 93 237 295.85368092
3 94 238 301.249293724
4 95 240 302.567410505
5 96 244 308.303093495
4 97 246 310.112928375
3 98 251 322.567410505
4 99 254 325.595797345
3 100 256 327.249293724
4 101 257 334.619710653
5 102 261 336.237605298
4 103 263 337.303093495
5 104 266 343.384446618
4 105 268 345.595797345
3 106 273 351.619710653
2 107 274 356.237605298
1 108 275 357.384446618
2 109 276 364.637093407
3 110 278 369.043945714
4 111 282 375.492191201
5 112 286 377.920177941
6 113 289 378.621992616
5 114 290 381.637093407
6 115 294 382.494973939
5 116 296 383.043945714
4 117 297 383.492191201
5 118 299 386.947847037
6 119 302 388.572255739
5 120 307 392.492191201
6 121 308 393.012956012
5 122 310 394.920177941
4 123 311 396.494973939
3 124 312 396.494973939
4 125 313 397.540107334
5 126 317 402.841902907
6 127 321 404.658442704
5 128 323 405.572255739
6 129 326 407.154294649
5 130 334 413.012956012
4 131 335 414.540107334
3 132 336 415.154294649
2 133 337 419.841902907
1 134 338 424.658442704
2 135 339 438.70296731
3 136 341 442.937510931
2 137 345 449.70296731
3 138 348 453.916000284
4 139 350 454.97545133
5 140 353 456.219362851
4 141 354 456.937510931
5 142 360 467.880120424
6 143 362 469.741104358
7 144 364 470.028132836
6 145 368 474.97545133
5 146 371 479.916000284
6 147 374 481.094299572
5 148 376 482.916000284
6 149 377 487.106958535
7 150 380 487.62924671
6 151 381 487.880120424
5 152 385 489.741104358
4 153 386 490.028132836
5 154 388 491.044451845
4 155 389 492.094299572
5 156 393 500.797385139
4 157 395 504.094299572
3 158 396 507.106958535
2 159 397 507.106958535
3 160 398 512.863802615
4 161 402 517.262406009
3 162 404 517.797385139
4 163 409 532.192758254
3 164 413 537.262406009
2 165 414 543.192758254
1 166 415 544.863802615
2 167 416 547.312989988
3 168 420 551.617282603
4 169 422 554.206807242
3 170 426 558.312989988
4 171 427 563.897401026
3 172 429 565.206807242
4 173 430 565.30792432
5 174 434 572.793204616
4 175 440 579.30792432
3 176 443 583.617282603
4 177 444 586.590308307
3 178 446 586.897401026
4 179 449 589.126251755
5 180 452 589.660303041
4 181 453 589.793204616
5 182 457 597.096102911
4 183 459 597.590308307
5 184 461 597.879163911
4 185 463 600.126251755
3 186 466 603.126251755
4 187 470 611.511905359
3 188 472 611.879163911
4 189 473 612.045693324
5 190 475 612.46335203
4 191 477 614.096102911
5 192 484 620.821751785
4 193 486 623.045693324
3 194 487 625.511905359
2 195 488 626.46335203
3 196 489 630.625025361
4 197 493 631.942788168
3 198 499 640.821751785
2 199 500 642.942788168
3 200 501 644.467870694
4 201 503 645.39013811
5 202 505 648.238714801
4 203 507 650.625025361
5 204 515 661.262041737
4 205 516 662.238714801
3 206 518 662.39013811
2 207 521 664.467870694
3 208 526 675.490027922
2 209 527 682.238714801
3 210 529 687.674878448
4 211 530 688.470170547
5 212 531 689.495355273
6 213 534 695.570291737
7 214 535 699.702696501
6 215 537 702.238714801
7 216 538 705.505368185
6 217 541 725.238714801
7 218 543 726.636322847
8 219 546 732.273804554
9 220 547 736.947119604
10 221 548 737.51056508
9 222 551 742.238714801
10 223 552 743.777086214
11 224 553 754.542943667
10 225 559 762.238714801
9 226 560 762.238714801
10 227 561 768.255788456
11 228 565 769.634583675
12 229 566 769.903318514
11 230 567 776.238714801
10 231 569 779.238714801
11 232 571 780.13591813
12 233 572 787.698435833
11 234 576 793.238714801
10 235 579 802.238714801
11 236 580 803.277205196
12 237 588 816.693287119
11 238 589 819.238714801
10 239 592 822.238714801
9 240 597 825.590308307
8 241 598 828.590308307
9 242 601 830.518806613
10 243 605 833.804058532
11 244 606 834.13582136
10 245 609 836.590308307
9 246 613 839.238714801
8 247 614 841.590308307
7 248 616 842.238714801
6 249 618 844.590308307
7 250 623 855.831887281
6 251 624 858.590308307
7 252 628 861.95316066
6 253 629 862.238714801
7 254 631 863.798093835
8 255 632 868.531693749
9 256 633 868.710625941
8 257 641 872.590308307
7 258 643 876.238714801
6 259 646 878.590308307
5 260 651 880.590308307
4 261 652 884.590308307
5 262 653 885.005335447
6 263 657 888.311423275
7 264 659 888.365199061
8 265 661 891.324509085
7 266 670 899.005335447
6 267 672 899.238714801
5 268 674 899.311423275
4 269 675 901.625025361
3 270 676 904.625025361
2 271 677 904.625025361
3 272 678 909.804412246
4 273 682 912.516925489
3 274 685 916.005335447
4 275 686 916.766308993
3 276 694 920.804412246
4 277 695 922.421693254
3 278 697 924.766308993
2 279 698 929.516925489
3 280 699 934.553795254
4 281 705 940.03364754
5 282 707 940.154694212
4 283 708 942.553795254
3 284 712 948.421693254
2 285 713 954.03364754
3 286 716 957.075806623
4 287 718 958.448138749
3 288 722 968.553795254
4 289 725 970.550296082
5 290 727 972.454496349
4 291 731 975.448138749
3 292 734 980.075806623
2 293 735 984.550296082
1 294 736 986.448138749
2 295 737 987.54721864
3 296 739 989.339575805
2 297 745 1001.54721864
1 298 746 1003.3395758
2 299 747 1013.09281826
1 300 751 1024.09281826
2 301 753 1031.02848268
3 302 755 1032.16652687
4 303 757 1036.84388527
5 304 759 1037.76498692
4 305 767 1042.02848268
3 306 770 1047.84388527
4 307 771 1048.47581205
3 308 773 1048.76498692
4 309 774 1049.00067114
5 310 776 1052.02991137
4 311 778 1052.16652687
5 312 779 1053.0143337
6 313 783 1058.88491261
7 314 788 1060.75082894
8 315 789 1064.29421226
9 316 790 1064.73520421
8 317 794 1066.00067114
7 318 796 1068.47581205
6 319 798 1070.0143337
7 320 799 1071.06928158
6 321 807 1078.02991137
5 322 808 1079.47581205
4 323 810 1081.0143337
3 324 813 1086.00067114
2 325 816 1092.02991137
3 326 817 1095.76215175
4 327 819 1099.22843057
3 328 823 1102.47581205
4 329 825 1102.98903049
5 330 826 1103.01613584
4 331 830 1104.22843057
3 332 834 1114.01613584
2 333 835 1115.76215175
3 334 836 1116.02876022
4 335 838 1116.25913199
5 336 841 1116.72509018
6 337 842 1117.74269538
5 338 844 1118.76215175
6 339 845 1119.86266451
7 340 854 1129.4550633
6 341 856 1133.02876022
5 342 857 1133.02876022
4 343 858 1133.25913199
3 344 861 1133.86266451
2 345 864 1137.74269538
3 346 865 1139.35782581
2 347 867 1144.02876022
3 348 868 1144.37223828
4 349 870 1147.57389505
3 350 878 1158.37223828
4 351 879 1159.05569881
3 352 881 1159.35782581
2 353 882 1161.57389505
3 354 883 1162.72115484
2 355 887 1170.05569881
3 356 890 1176.79356811
4 357 892 1183.20608592
3 358 896 1185.72115484
2 359 897 1193.79356811
3 360 900 1209.28040475
2 361 902 1215.20608592
3 362 905 1230.071339
4 363 907 1231.73658818
3 364 909 1232.28040475
4 365 912 1238.43244953
5 366 916 1240.18176596
6 367 918 1240.73765759
7 368 919 1242.04455589
6 369 922 1245.73658818
7 370 923 1245.92918066
6 371 929 1250.071339
5 372 933 1254.18176596
4 373 934 1258.43244953
5 374 935 1258.93363601
6 375 937 1259.59234169
5 376 939 1259.73658818
4 377 940 1259.73658818
3 378 947 1267.071339
4 379 948 1268.62185638
3 380 950 1269.93363601
4 381 955 1282.14349273
3 382 956 1282.59234169
4 383 957 1284.94352111
3 384 963 1293.14349273
2 385 964 1294.62185638
1 386 965 1295.94352111
2 387 966 1306.84489552
3 388 968 1311.46954627
4 389 970 1312.08476959
5 390 976 1317.52841437
4 391 980 1319.46954627
3 392 981 1320.84489552
2 393 983 1326.08476959
3 394 987 1329.08626533
2 395 989 1331.52841437
3 396 990 1335.26531456
4 397 992 1336.10756623
5 398 994 1339.41750511
4 399 1002 1347.41750511
3 400 1005 1350.10756623
2 401 1006 1355.08626533
3 402 1007 1355.12907152
4 403 1009 1355.92523088
5 404 1011 1356.43875131
6 405 1013 1356.72247176
5 406 1018 1363.12907152
4 407 1022 1364.26531456
5 408 1023 1369.71022528
4 409 1025 1369.92523088
5 410 1027 1370.20519736
4 411 1033 1379.43875131
3 412 1034 1383.12907152
2 413 1035 1383.12907152
1 414 1036 1383.71022528
2 415 1037 1384.75654206
3 416 1039 1390.09537362
4 417 1043 1391.85057338
5 418 1045 1395.75563965
4 419 1047 1395.75654206
5 420 1052 1400.79765121
6 421 1054 1401.26501993
5 422 1057 1403.75563965
4 423 1059 1404.09537362
5 424 1061 1405.16365703
6 425 1064 1410.08626879
5 426 1066 1414.85057338
6 427 1067 1417.72418627
5 428 1069 1417.79765121
6 429 1076 1426.63440733
7 430 1080 1430.2135256
6 431 1081 1431.79765121
5 432 1083 1431.85057338
4 433 1085 1434.79765121
3 434 1086 1438.75563965
4 435 1087 1439.40746212
5 436 1093 1448.29769542
6 437 1094 1449.24438035
5 438 1097 1451.79765121
4 439 1099 1451.85057338
5 440 1101 1455.79613491
4 441 1103 1456.40746212
5 442 1108 1464.3353294
6 443 1111 1466.59360632
7 444 1112 1466.65495054
8 445 1113 1467.98546795
9 446 1114 1468.71507473
10 447 1115 1469.3649484
9 448 1117 1470.40746212
8 449 1118 1471.79765121
7 450 1120 1471.85057338
8 451 1124 1476.32728423
9 452 1127 1480.49231004
8 453 1130 1481.40746212
7 454 1136 1482.85057338
8 455 1138 1487.23107276
7 456 1141 1494.79765121
6 457 1143 1495.40746212
7 458 1144 1495.7191902
8 459 1145 1498.39119459
7 460 1147 1501.40746212
8 461 1148 1502.75098276
9 462 1149 1504.63185645
8 463 1154 1505.85057338
9 464 1160 1514.75435963
10 465 1161 1516.37074993
9 466 1165 1516.85057338
8 467 1167 1517.79765121
7 468 1168 1521.40746212
8 469 1171 1524.24882367
7 470 1174 1525.85057338
6 471 1175 1531.79765121
5 472 1186 1536.85057338
4 473 1187 1538.40746212
3 474 1189 1542.85057338
2 475 1190 1545.85057338
1 476 1191 1548.85057338
2 477 1193 1560.38461376
3 478 1195 1566.31393867
4 479 1199 1569.01331136
5 480 1200 1573.13146927
4 481 1201 1574.38461376
5 482 1203 1575.25441893
6 483 1204 1576.82185532
7 484 1209 1590.00067342
8 485 1210 1590.5430975
9 486 1211 1590.90310959
10 487 1212 1592.90965638
11 488 1213 1599.92918613
12 489 1214 1599.93210841
11 490 1218 1601.31393867
12 491 1219 1602.605116
11 492 1221 1603.38461376
12 493 1222 1603.83010147
13 494 1223 1606.58522153
14 495 1226 1611.78926548
15 496 1227 1614.00116624
14 497 1232 1614.38461376
13 498 1235 1621.31393867
14 499 1236 1621.49365987
13 500 1237 1624.31393867
12 501 1243 1627.31393867
11 502 1245 1631.38461376
12 503 1246 1631.941079
11 504 1250 1634.38461376
10 505 1257 1639.38461376
11 506 1258 1643.71604545
12 507 1259 1644.28458822
11 508 1260 1644.31393867
12 509 1263 1647.25720061
11 510 1265 1647.31393867
12 511 1266 1650.35240373
11 512 1269 1653.38461376
10 513 1278 1658.38461376
9 514 1279 1661.09537362
8 515 1281 1661.31393867
7 516 1283 1664.09537362
8 517 1285 1666.0096779
9 518 1286 1666.04643347
8 519 1289 1667.38461376
7 520 1296 1675.09537362
6 521 1297 1678.31393867
5 522 1298 1678.31393867
6 523 1307 1686.00978838
5 524 1308 1687.38461376
4 525 1310 1692.31393867
3 526 1311 1693.38461376
2 527 1312 1695.09537362
1 528 1315 1707.38461376
2 529 1317 1715.50611462
3 530 1320 1716.64998415
2 531 1326 1727.64998415
3 532 1327 1728.41539372
2 533 1329 1729.50611462
1 534 1332 1745.41539372
2 535 1333 1747.65406648
3 536 1335 1751.49000485
4 537 1337 1753.0931126
5 538 1338 1757.58252725
6 539 1341 1759.47588597
7 540 1342 1763.0141302
8 541 1345 1767.19462187
7 542 1347 1770.65406648
8 543 1348 1771.15298286
7 544 1350 1771.49000485
6 545 1354 1775.65406648
5 546 1358 1782.49000485
6 547 1361 1784.97805816
7 548 1362 1786.87038058
8 549 1365 1790.88183433
9 550 1366 1793.76524617
8 551 1367 1798.65406648
7 552 1370 1799.49000485
8 553 1373 1805.58224498
9 554 1376 1807.16794456
10 555 1377 1807.63739842
11 556 1380 1810.20714248
12 557 1381 1810.21698526
11 558 1383 1810.49000485
12 559 1386 1817.69749599
11 560 1389 1818.49000485
10 561 1391 1818.65406648
9 562 1401 1826.49000485
8 563 1403 1826.65406648
7 564 1406 1829.49000485
6 565 1408 1832.40746212
7 566 1416 1838.67994044
6 567 1418 1840.40746212
7 568 1421 1843.17799625
6 569 1423 1843.49000485
5 570 1426 1844.79765121
6 571 1427 1845.8645743
5 572 1429 1848.40746212
4 573 1430 1849.40746212
3 574 1431 1849.65406648
2 575 1434 1854.49000485
3 576 1437 1874.74394437
2 577 1439 1874.8645743
3 578 1440 1877.15461278
2 579 1446 1888.74394437
3 580 1447 1888.76788164
4 581 1449 1890.85696266
5 582 1451 1892.05971713
4 583 1455 1897.15461278
5 584 1458 1903.24338953
4 585 1460 1904.85696266
5 586 1463 1909.63465711
4 587 1467 1911.24338953
3 588 1468 1911.76788164
4 589 1471 1913.97780116
3 590 1473 1915.05971713
4 591 1474 1917.82514368
5 592 1476 1920.57298469
4 593 1478 1920.63465711
5 594 1481 1924.34207859
6 595 1483 1925.4434823
7 596 1490 1934.34777442
6 597 1492 1935.34207859
5 598 1494 1936.97780116
4 599 1495 1937.82514368
5 600 1496 1938.70520199
6 601 1498 1939.83436224
5 602 1500 1940.57298469
4 603 1507 1946.34207859
5 604 1508 1947.59286375
6 605 1512 1953.93740801
5 606 1514 1953.97780116
6 607 1517 1955.17216756
5 608 1518 1955.70520199
4 609 1523 1960.57298469
3 610 1525 1961.59286375
2 611 1526 1961.97780116
3 612 1529 1964.29541317
4 613 1531 1969.44844049
3 614 1533 1969.70520199
4 615 1534 1970.93647133
5 616 1536 1973.16391887
6 617 1547 1980.68104846
5 618 1548 1981.16391887
4 619 1550 1984.29541317
3 620 1551 1986.44844049
2 621 1552 1987.93647133
1 622 1555 1998.16391887
2 623 1556 2000.91719354
3 624 1558 2001.33516108
4 625 1560 2005.22775575
5 626 1562 2005.54237648
4 627 1572 2019.22775575
3 628 1573 2020.91719354
2 629 1574 2028.54237648
1 630 1575 2030.33516108
2 631 1576 2033.55743431
3 632 1578 2035.26828506
4 633 1582 2040.57690138
3 634 1586 2047.55743431
2 635 1587 2049.26828506
1 636 1590 2057.57690138
2 637 1591 2070.5431711
3 638 1593 2071.25083939
4 639 1595 2078.41601249
5 640 1601 2088.03624988
4 641 1603 2091.25083939
5 642 1606 2091.69325419
4 643 1608 2093.5431711
3 644 1609 2095.41601249
4 645 1610 2097.86753238
5 646 1614 2100.83240188
4 647 1620 2108.03624988
3 648 1621 2108.69325419
2 649 1622 2108.86753238
3 650 1623 2116.22217482
2 651 1627 2123.83240188
3 652 1630 2129.15180741
2 653 1632 2133.22217482
1 654 1635 2146.15180741
2 655 1636 2166.66063491
3 656 1638 2175.8498601
4 657 1642 2184.80334433
5 658 1644 2184.98928876
6 659 1647 2185.19256462
7 660 1649 2187.2213351
6 661 1650 2189.66063491
5 662 1659 2198.80334433
4 663 1660 2198.8498601
3 664 1661 2201.80334433
2 665 1663 2201.98928876
3 666 1664 2202.74551189
2 667 1667 2204.80334433
3 668 1668 2206.41590767
4 669 1670 2206.72478725
5 670 1675 2208.54372121
4 671 1681 2216.74551189
5 672 1683 2223.31473757
4 673 1685 2223.41590767
3 674 1686 2223.72478725
4 675 1687 2226.02206214
3 676 1689 2226.72478725
4 677 1694 2236.28219844
3 678 1696 2237.02206214
4 679 1697 2243.2082305
3 680 1699 2243.31473757
4 681 1700 2244.37452672
5 682 1703 2245.67134456
6 683 1706 2252.13028259
5 684 1708 2253.28219844
6 685 1715 2257.3478732
5 686 1719 2261.37452672
4 687 1720 2263.13028259
3 688 1721 2264.37452672
2 689 1722 2266.13028259
1 690 1723 2266.2082305
2 691 1724 2272.38608299
3 692 1728 2283.21434282
2 693 1730 2283.38608299
3 694 1731 2284.02365919
4 695 1734 2286.92684798
5 696 1736 2287.21133367
4 697 1743 2291.21434282
3 698 1744 2292.02365919
2 699 1745 2295.02365919
3 700 1746 2295.18939725
2 701 1748 2298.02365919
1 702 1751 2303.18939725
2 703 1752 2306.53053337
3 704 1756 2307.72786702
4 705 1758 2311.65301489
3 706 1762 2317.53053337
4 707 1763 2317.98551002
3 708 1767 2321.72786702
4 709 1768 2321.78284933
5 710 1772 2325.61799366
4 711 1774 2325.65301489
5 712 1775 2326.24344761
4 713 1779 2332.78284933
3 714 1782 2334.98551002
2 715 1785 2340.24344761
3 716 1786 2346.36737744
4 717 1788 2347.96402114
3 718 1790 2348.61799366
4 719 1793 2356.43529072
5 720 1797 2359.94851419
6 721 1801 2363.16150929
5 722 1802 2363.36737744
6 723 1806 2367.0728015
7 724 1807 2368.94981765
6 725 1810 2370.94851419
7 726 1811 2373.19112337
6 727 1814 2373.43529072
5 728 1816 2373.96402114
4 729 1823 2381.94851419
3 730 1824 2381.94851419
2 731 1826 2383.36737744
3 732 1827 2384.57649839
4 733 1829 2389.46373522
5 734 1831 2389.49819396
4 735 1832 2390.43529072
5 736 1834 2391.14659515
4 737 1837 2395.57649839
5 738 1843 2397.76816482
6 739 1844 2399.67081459
5 740 1845 2400.46373522
4 741 1848 2410.43529072
3 742 1855 2417.46373522
4 743 1856 2422.59068403
3 744 1860 2424.57649839
2 745 1861 2427.59068403
3 746 1862 2430.29938155
2 747 1864 2430.43529072
3 748 1868 2431.98039002
4 749 1871 2435.72640689
5 750 1874 2436.52466746
6 751 1879 2445.90464532
5 752 1880 2445.98039002
6 753 1882 2449.68409879
5 754 1883 2449.72640689
4 755 1885 2450.29938155
3 756 1891 2460.72640689
2 757 1892 2465.98039002
3 758 1893 2469.28670459
2 759 1899 2473.29938155
3 760 1900 2478.43155419
2 761 1902 2480.28670459
3 762 1903 2481.85741904
2 763 1909 2492.43155419
1 764 1910 2492.85741904
2 765 1911 2493.18222861
3 766 1913 2499.62704953
4 767 1915 2499.77506588
5 768 1917 2501.51554327
4 769 1922 2507.77506588
3 770 1928 2516.18222861
2 771 1929 2521.77506588
1 772 1930 2522.62704953
2 773 1931 2532.81979149
3 774 1935 2545.02935542
4 775 1937 2546.13172446
3 776 1941 2549.81979149
4 777 1942 2556.57461425
5 778 1946 2560.4300266
4 779 1948 2562.02935542
3 780 1949 2566.13172446
4 781 1954 2569.18526785
3 782 1956 2570.57461425
4 783 1957 2572.42125507
5 784 1959 2573.02318637
6 785 1962 2573.79079554
7 786 1964 2576.61492657
6 787 1969 2582.02935542
5 788 1971 2583.18526785
6 789 1972 2584.67062358
5 790 1973 2586.42125507
6 791 1976 2592.19763445
7 792 1977 2592.31262125
6 793 1978 2592.42125507
5 794 1983 2596.02935542
4 795 1984 2597.42125507
3 796 1991 2607.02935542
2 797 1995 2609.18526785
1 798 1996 2611.42125507
2 799 1998 2620.09109704
1 800 2002 2643.09109704
2 801 2003 2657.92123159
3 802 2005 2665.17457132
4 803 2007 2666.4248241
5 804 2010 2666.62938961
6 805 2013 2670.0448914
7 806 2017 2671.65597101
8 807 2020 2673.32939324
7 808 2022 2674.4248241
8 809 2025 2679.68128945
7 810 2027 2680.92123159
8 811 2028 2682.2517919
7 812 2029 2683.4248241
8 813 2032 2684.62023241
7 814 2034 2685.17457132
6 815 2036 2688.4248241
7 816 2041 2692.06937615
8 817 2042 2693.02316431
9 818 2043 2693.62773808
10 819 2046 2694.84531689
9 820 2048 2697.92123159
8 821 2050 2701.43529072
7 822 2052 2702.17457132
8 823 2056 2707.71330518
9 824 2061 2711.63531095
10 825 2062 2713.32541488
11 826 2063 2714.56948393
12 827 2064 2715.68013917
11 828 2068 2717.92123159
12 829 2072 2719.22896579
13 830 2073 2719.9851479
12 831 2074 2720.92123159
11 832 2078 2723.4248241
10 833 2080 2725.17457132
9 834 2082 2725.92123159
8 835 2085 2727.43529072
9 836 2091 2729.55247606
8 837 2092 2731.17457132
7 838 2097 2735.43529072
6 839 2099 2735.43529072
5 840 2100 2736.17457132
6 841 2103 2738.06329967
5 842 2104 2739.92123159
6 843 2105 2740.92311055
7 844 2107 2742.96199907
6 845 2111 2743.4248241
7 846 2115 2749.76107645
6 847 2116 2750.17457132
5 848 2121 2754.92311055
4 849 2123 2756.17457132
3 850 2124 2758.43529072
2 851 2127 2760.4248241
3 852 2129 2760.85050861
2 853 2131 2762.92311055
3 854 2134 2770.48586819
2 855 2136 2771.85050861
3 856 2138 2774.31610421
4 857 2140 2775.32886924
3 858 2148 2785.31610421
4 859 2149 2787.47214043
5 860 2151 2788.4561694
4 861 2153 2789.32886924
3 862 2154 2790.48586819
4 863 2157 2797.27104385
5 864 2163 2805.27430329
4 865 2165 2806.32886924
3 866 2166 2807.47214043
2 867 2167 2811.27104385
1 868 2170 2826.32886924
2 869 2171 2838.89057335
3 870 2174 2847.03784697
4 871 2175 2848.82249986
5 872 2180 2850.09263915
6 873 2183 2853.10590577
5 874 2187 2855.89057335
4 875 2188 2858.89057335
5 876 2189 2859.42790623
6 877 2191 2860.87107747
5 878 2196 2864.09263915
4 879 2198 2868.82249986
3 880 2199 2870.10590577
4 881 2204 2874.11242177
3 882 2206 2876.42790623
2 883 2207 2881.09263915
3 884 2210 2890.64079075
2 885 2212 2897.11242177
1 886 2215 2913.64079075
2 887 2216 2932.28308319
3 888 2220 2935.79734603
2 889 2222 2940.28308319
3 890 2225 2953.07666007
4 891 2227 2954.52843843
5 892 2230 2956.52204206
4 893 2233 2958.79734603
5 894 2238 2962.03301521
6 895 2243 2965.38700588
7 896 2244 2966.16130856
6 897 2245 2967.07666007
7 898 2246 2968.64354919
6 899 2248 2970.03301521
5 900 2250 2970.07666007
4 901 2252 2971.52843843
5 902 2254 2972.55036044
4 903 2260 2984.07666007
3 904 2261 2984.07666007
2 905 2264 2988.52843843
1 906 2265 2990.03301521
2 907 2266 2996.60007181
3 908 2270 3014.14798659
4 909 2272 3016.44699255
3 910 2274 3016.60007181
4 911 2278 3025.05284239
3 912 2282 3031.14798659
4 913 2285 3035.82968443
3 914 2287 3036.05284239
4 915 2288 3039.15913857
3 916 2290 3039.44699255
4 917 2293 3047.95601437
3 918 2295 3049.82968443
4 919 2296 3053.56750265
5 920 2300 3056.32944759
4 921 2304 3061.95601437
3 922 2307 3065.15913857
4 923 2310 3070.67236565
5 924 2312 3070.84904936
4 925 2314 3073.56750265
5 926 2315 3074.49334703
6 927 2321 3075.33051885
7 928 2322 3076.40392521
8 929 2323 3076.57537514
7 930 2324 3079.32944759
8 931 2328 3083.18707419
9 932 2329 3083.35180164
8 933 2331 3084.67236565
9 934 2332 3084.69486428
8 935 2336 3087.84904936
7 936 2339 3091.49334703
6 937 2342 3092.67236565
7 938 2348 3098.94738245
6 939 2349 3099.32944759
7 940 2350 3100.31373408
6 941 2354 3102.49334703
7 942 2355 3106.56644775
8 943 2358 3107.99405827
7 944 2360 3108.49334703
6 945 2365 3110.84904936
7 946 2366 3110.92930571
8 947 2367 3111.32668853
7 948 2368 3112.67236565
6 949 2371 3115.67236565
5 950 2373 3117.31373408
6 951 2377 3124.12700405
5 952 2379 3124.84904936
6 953 2383 3128.06250866
7 954 2384 3128.4884524
6 955 2386 3128.49334703
7 956 2387 3130.22031962
8 957 2392 3132.82864338
7 958 2394 3134.31373408
6 959 2399 3136.49334703
5 960 2402 3138.84904936
4 961 2403 3138.84904936
5 962 2404 3142.39600469
4 963 2408 3147.49334703
3 964 2409 3147.67236565
2 965 2410 3148.31373408
3 966 2412 3151.40046485
4 967 2418 3156.12156712
3 968 2419 3159.39600469
4 969 2420 3161.39356097
5 970 2422 3163.57647958
6 971 2424 3165.96481835
7 972 2430 3173.40569338
8 973 2433 3175.84444972
7 974 2436 3177.40046485
6 975 2438 3180.57647958
5 976 2440 3183.40046485
4 977 2445 3190.39356097
5 978 2446 3190.48783973
6 979 2452 3198.20600697
5 980 2454 3200.57647958
4 981 2455 3201.79734603
3 982 2456 3206.40046485
4 983 2458 3207.08087588
3 984 2460 3213.48783973
2 985 2465 3220.57647958
3 986 2467 3222.18094148
4 987 2469 3223.42987948
5 988 2472 3225.75369131
4 989 2476 3233.08087588
5 990 2479 3236.31704207
4 991 2481 3237.42987948
5 992 2482 3240.37252923
4 993 2484 3240.42987948
3 994 2485 3242.18094148
2 995 2488 3250.31704207
3 996 2489 3253.02897438
4 997 2493 3257.04469225
3 998 2495 3257.37252923
4 999 2496 3258.75893499
5 1000 2499 3259.74501599
6 1001 2500 3261.03750581
5 1002 2508 3268.04469225
6 1003 2509 3268.45372322
5 1004 2511 3270.02897438
4 1005 2512 3274.04469225
3 1006 2514 3275.75893499
4 1007 2517 3283.54601292
5 1008 2521 3284.40740721
4 1009 2523 3287.02897438
5 1010 2526 3291.965398
6 1011 2529 3293.69961419
5 1012 2531 3294.04469225
4 1013 2533 3295.02897438
3 1014 2534 3297.54601292
2 1015 2537 3305.04469225
3 1016 2539 3307.46731601
4 1017 2543 3322.08909231
3 1018 2545 3324.02897438
2 1019 2546 3327.02897438
3 1020 2548 3327.89092827
4 1021 2549 3328.41689955
3 1022 2556 3336.08909231
2 1023 2557 3336.08909231
1 1024 2559 3339.41689955
2 1025 2560 3347.63801676
3 1026 2566 3366.41171688
4 1027 2568 3366.77652549
3 1028 2570 3367.63801676
4 1029 2572 3373.95270496
5 1030 2573 3375.70418532
6 1031 2575 3377.7201462
7 1032 2576 3378.73547035
8 1033 2579 3381.67010453
9 1034 2580 3382.11966794
8 1035 2586 3383.41171688
7 1036 2590 3389.77652549
8 1037 2591 3390.90418709
9 1038 2592 3392.57542196
10 1039 2596 3395.33416593
9 1040 2598 3395.70418532
8 1041 2599 3395.77652549
7 1042 2602 3397.41171688
8 1043 2603 3400.89831029
7 1044 2605 3403.41171688
6 1045 2609 3406.77652549
7 1046 2610 3410.41091783
6 1047 2611 3412.70418532
7 1048 2617 3417.80104561
8 1049 2618 3419.44312833
7 1050 2622 3420.41171688
6 1051 2624 3420.77652549
7 1052 2625 3421.18466122
8 1053 2626 3421.40604083
9 1054 2627 3423.40581293
8 1055 2630 3423.70418532
9 1056 2632 3423.72581402
8 1057 2641 3431.70418532
7 1058 2643 3434.41171688
6 1059 2645 3434.77652549
7 1060 2646 3436.76121675
6 1061 2647 3437.70418532
7 1062 2649 3438.3675556
6 1063 2650 3440.77652549
7 1064 2657 3451.89729441
8 1065 2658 3452.17891965
7 1066 2659 3454.41171688
6 1067 2662 3454.70418532
5 1068 2665 3457.77652549
6 1069 2667 3463.57072397
7 1070 2675 3467.75841104
8 1071 2678 3468.556823
9 1072 2680 3469.19249923
10 1073 2681 3471.48542153
9 1074 2684 3474.41171688
8 1075 2685 3474.41171688
7 1076 2686 3474.77652549
6 1077 2691 3480.70418532
7 1078 2696 3486.27565083
6 1079 2698 3486.57072397
5 1080 2699 3489.57072397
4 1081 2701 3491.41171688
3 1082 2702 3492.57072397
4 1083 2703 3493.12773431
3 1084 2707 3494.41171688
2 1085 2710 3497.27565083
1 1086 2711 3501.12773431
2 1087 2712 3504.47992738
3 1088 2714 3506.52929784
4 1089 2716 3506.64852655
5 1090 2718 3510.54126112
6 1091 2721 3512.39904107
5 1092 2727 3517.64852655
4 1093 2728 3524.47992738
3 1094 2730 3526.52929784
4 1095 2733 3532.80689315
3 1096 2739 3540.64852655
2 1097 2740 3543.80689315
3 1098 2742 3543.82313813
2 1099 2744 3544.47992738
3 1100 2745 3548.36774028
2 1101 2749 3554.82313813
3 1102 2751 3558.85274243
4 1103 2755 3564.93565494
5 1104 2758 3570.07707091
4 1105 2762 3571.36774028
3 1106 2763 3575.85274243
4 1107 2764 3577.90645961
5 1108 2766 3579.1912332
6 1109 2775 3587.25611006
5 1110 2777 3591.90645961
6 1111 2778 3593.22469738
5 1112 2780 3596.1912332
4 1113 2781 3597.08909231
3 1114 2784 3600.08909231
4 1115 2787 3606.49646104
3 1116 2789 3608.90645961
2 1117 2790 3610.1912332
3 1118 2793 3610.69603983
4 1119 2795 3611.145106
5 1120 2799 3616.70820757
4 1121 2800 3617.49646104
3 1122 2804 3618.69603983
4 1123 2805 3623.15660954
5 1124 2808 3627.21009003
6 1125 2811 3627.91894093
5 1126 2812 3628.145106
6 1127 2817 3630.56002585
7 1128 2818 3632.9953883
6 1129 2820 3634.49646104
5 1130 2822 3640.15660954
4 1131 2825 3643.15660954
3 1132 2830 3648.145106
2 1133 2831 3654.15660954
3 1134 2832 3656.49616884
4 1135 2834 3658.93084438
3 1136 2838 3660.49646104
4 1137 2841 3668.83484811
3 1138 2843 3669.93084438
4 1139 2844 3670.64714781
5 1140 2846 3672.12566517
6 1141 2847 3673.27393207
5 1142 2848 3673.49616884
6 1143 2850 3674.15929217
7 1144 2851 3678.132472
8 1145 2854 3682.01540444
9 1146 2857 3686.38065301
10 1147 2860 3689.66445517
9 1148 2862 3691.83484811
8 1149 2864 3693.49616884
7 1150 2866 3693.64714781
8 1151 2871 3701.18553313
9 1152 2874 3702.06047203
8 1153 2876 3704.49616884
7 1154 2877 3704.64714781
8 1155 2879 3707.03113299
7 1156 2881 3708.83484811
8 1157 2882 3709.2816784
9 1158 2883 3710.41772389
10 1159 2888 3712.53814698
9 1160 2893 3718.49616884
10 1161 2894 3718.52767418
11 1162 2897 3721.37926241
10 1163 2902 3724.64714781
9 1164 2906 3726.49616884
8 1165 2907 3726.49616884
7 1166 2908 3728.83484811
8 1167 2914 3731.9586508
7 1168 2916 3732.64714781
6 1169 2917 3733.83484811
5 1170 2922 3739.83484811
6 1171 2924 3741.48377746
7 1172 2925 3743.44229976
8 1173 2926 3743.68965324
9 1174 2927 3744.97028303
10 1175 2928 3745.79874939
9 1176 2929 3746.49616884
8 1177 2934 3746.64714781
9 1178 2943 3759.10958415
8 1179 2944 3760.49616884
7 1180 2946 3762.83484811
6 1181 2948 3763.49616884
5 1182 2949 3763.64714781
4 1183 2951 3766.64714781
3 1184 2959 3774.49616884
2 1185 2960 3776.83484811
3 1186 2961 3778.77864955
2 1187 2965 3783.64714781
3 1188 2967 3785.62864612
2 1189 2970 3792.77864955
3 1190 2971 3803.775264
2 1191 2977 3817.775264
1 1192 2978 3823.62864612
2 1193 2979 3830.57593723
3 1194 2981 3832.07089008
4 1195 2983 3833.41175613
5 1196 2985 3836.51602306
6 1197 2988 3838.1694511
7 1198 2991 3842.59931307
8 1199 2992 3846.81371226
7 1200 2994 3847.57593723
6 1201 2996 3849.07089008
5 1202 3003 3853.41175613
4 1203 3006 3860.07089008
5 1204 3008 3862.69172059
6 1205 3013 3869.47883495
5 1206 3014 3873.41175613
4 1207 3015 3873.57593723
3 1208 3018 3879.41175613
4 1209 3021 3886.52403396
3 1210 3024 3893.57593723
2 1211 3026 3896.41175613
3 1212 3027 3899.81677847
4 1213 3033 3908.22160084
5 1214 3034 3908.92429041
4 1215 3035 3910.57593723
3 1216 3038 3910.81677847
4 1217 3039 3912.51984354
3 1218 3045 3921.81677847
4 1219 3048 3926.81755597
5 1220 3054 3933.82911281
4 1221 3055 3936.57593723
3 1222 3059 3942.41969481
2 1223 3060 3943.81755597
1 1224 3063 3950.57593723
2 1225 3064 3960.49068657
3 1226 3066 3969.5917336
4 1227 3068 3971.47153929
5 1228 3071 3980.91662917
6 1229 3074 3985.74886288
5 1230 3076 3986.49068657
6 1231 3077 3987.26237725
5 1232 3079 3989.5917336
6 1233 3080 3990.46300331
7 1234 3081 3992.09636229
8 1235 3082 3992.73463604
9 1236 3085 3994.35465235
8 1237 3090 4003.49068657
7 1238 3091 4003.5917336
8 1239 3094 4006.45174759
9 1240 3099 4007.62594318
8 1241 3104 4017.49068657
7 1242 3105 4017.49068657
8 1243 3107 4018.96621824
7 1244 3110 4023.5917336
6 1245 3111 4023.5917336
5 1246 3113 4023.5917336
4 1247 3115 4025.49068657
5 1248 3116 4028.70152424
6 1249 3119 4033.44776941
5 1250 3121 4036.49068657
4 1251 3124 4040.5917336
5 1252 3126 4040.70459791
6 1253 3129 4041.6669263
7 1254 3132 4048.79869696
6 1255 3136 4053.49068657
5 1256 3137 4060.5917336
6 1257 3143 4066.91860211
5 1258 3147 4067.64714781
6 1259 3150 4071.66107003
5 1260 3151 4075.64714781
4 1261 3153 4076.49068657
3 1262 3155 4077.5917336
2 1263 3160 4083.64714781
1 1264 3163 4099.49068657
2 1265 3164 4106.16912471
3 1266 3166 4111.88372476
4 1267 3168 4115.54714827
3 1268 3176 4126.16912471
2 1269 3177 4131.88372476
3 1270 3178 4133.0758055
2 1271 3182 4138.54714827
3 1272 3183 4142.78588952
2 1273 3185 4144.0758055
3 1274 3187 4150.49243969
4 1275 3190 4155.36765157
5 1276 3194 4159.34016454
4 1277 3196 4161.49243969
5 1278 3200 4164.1924809
4 1279 3204 4165.78588952
3 1280 3205 4169.36765157
4 1281 3206 4169.74611955
5 1282 3210 4171.79192906
6 1283 3215 4175.64314792
5 1284 3219 4178.36765157
4 1285 3220 4178.49243969
3 1286 3221 4180.74611955
2 1287 3222 4185.79192906
3 1288 3223 4186.79493333
4 1289 3227 4191.56385701
3 1290 3229 4191.79192906
4 1291 3232 4198.19421751
5 1292 3236 4202.19709043
4 1293 3238 4203.79493333
3 1294 3239 4205.56385701
4 1295 3240 4207.02952108
5 1296 3242 4210.94260312
4 1297 3245 4215.19421751
5 1298 3249 4220.18702191
4 1299 3251 4226.79493333
3 1300 3252 4227.02952108
4 1301 3255 4228.74612714
5 1302 3257 4230.48697648
6 1303 3260 4238.78602525
5 1304 3264 4243.79493333
4 1305 3265 4244.19421751
5 1306 3269 4250.17195424
4 1307 3270 4251.79493333
3 1308 3274 4254.74612714
4 1309 3275 4260.07285
3 1310 3277 4261.19421751
4 1311 3279 4264.18466016
5 1312 3283 4271.32748976
4 1313 3285 4274.79493333
5 1314 3286 4275.88862057
4 1315 3290 4280.07285
5 1316 3291 4286.88313247
4 1317 3301 4300.07285
3 1318 3303 4305.73955551
4 1319 3304 4306.26572231
3 1320 3308 4309.79493333
4 1321 3310 4313.44840025
3 1322 3312 4317.07285
4 1323 3318 4324.67754289
5 1324 3319 4324.88867737
4 1325 3322 4326.26572231
5 1326 3323 4328.03058655
4 1327 3324 4331.07285
5 1328 3326 4332.20676569
4 1329 3333 4339.07285
5 1330 3334 4339.19728425
4 1331 3335 4340.26572231
5 1332 3337 4342.84210986
4 1333 3338 4343.26572231
3 1334 3344 4357.26572231
4 1335 3345 4357.40083493
3 1336 3346 4359.07285
4 1337 3354 4364.59051738
3 1338 3356 4374.26572231
4 1339 3357 4376.24569241
3 1340 3361 4379.07285
2 1341 3364 4384.59051738
3 1342 3365 4386.53029118
2 1343 3367 4387.24569241
1 1344 3370 4400.53029118
2 1345 3371 4401.29336607
3 1346 3373 4402.25702965
4 1347 3377 4407.69688115
3 1348 3383 4412.29336607
4 1349 3384 4413.80443186
3 1350 3386 4416.25702965
4 1351 3387 4417.45881608
3 1352 3389 4421.69688115
2 1353 3394 4427.80443186
3 1354 3395 4428.0262017
4 1355 3398 4433.30637548
3 1356 3399 4434.45881608
4 1357 3403 4439.68829507
5 1358 3405 4443.54112314
6 1359 3407 4444.11689573
7 1360 3408 4444.18374218
6 1361 3410 4445.0262017
5 1362 3411 4445.0262017
6 1363 3418 4456.94243835
5 1364 3420 4457.54112314
4 1365 3421 4465.0262017
3 1366 3423 4465.68829507
4 1367 3426 4476.23364875
3 1368 3430 4483.54112314
4 1369 3433 4489.81887492
3 1370 3435 4491.0262017
4 1371 3436 4493.71548865
3 1372 3438 4496.23364875
4 1373 3444 4501.42214297
3 1374 3446 4506.81887492
4 1375 3449 4507.5555201
3 1376 3452 4510.71548865
4 1377 3453 4511.05771854
3 1378 3458 4524.71548865
2 1379 3460 4529.81887492
1 1380 3464 4538.71548865
2 1381 3465 4549.42253804
3 1382 3467 4551.02487741
2 1383 3471 4557.42253804
1 1384 3474 4568.02487741
2 1385 3475 4574.72822162
3 1386 3477 4577.16783623
4 1387 3481 4580.40958629
5 1388 3483 4580.4139472
4 1389 3485 4582.72822162
3 1390 3490 4591.40958629
4 1391 3493 4598.81308496
5 1392 3495 4602.33757397
6 1393 3496 4603.00436963
5 1394 3498 4603.16783623
6 1395 3499 4603.88058096
7 1396 3500 4606.51071348
6 1397 3504 4608.72822162
7 1398 3507 4616.23779104
6 1399 3509 4617.16783623
5 1400 3511 4618.81308496
6 1401 3514 4623.81902077
7 1402 3515 4624.25645976
8 1403 3516 4626.31343379
9 1404 3517 4626.70638433
8 1405 3520 4628.72822162
9 1406 3526 4629.80613855
10 1407 3529 4630.46585275
11 1408 3530 4630.69033358
10 1409 3531 4633.72822162
9 1410 3534 4639.72822162
10 1411 3535 4640.92391256
9 1412 3537 4641.81308496
10 1413 3539 4642.50287811
9 1414 3545 4643.16783623
8 1415 3546 4643.81308496
7 1416 3554 4649.81308496
8 1417 3557 4651.24195012
7 1418 3559 4653.72822162
6 1419 3560 4654.16783623
7 1420 3561 4654.55503223
6 1421 3562 4656.72822162
5 1422 3563 4657.81308496
4 1423 3566 4660.16783623
5 1424 3567 4662.94381013
4 1425 3571 4667.72822162
5 1426 3574 4669.18214628
4 1427 3579 4677.16783623
3 1428 3583 4683.81308496
2 1429 3584 4684.72822162
1 1430 3586 4685.16783623
2 1431 3588 4702.14156191
3 1432 3590 4703.97623268
2 1433 3596 4713.14156191
1 1434 3599 4717.97623268
2 1435 3600 4723.39019122
3 1436 3602 4723.44364923
4 1437 3608 4729.04031368
5 1438 3610 4729.05157909
6 1439 3613 4730.85175982
5 1440 3615 4734.44364923
4 1441 3618 4743.39019122
3 1442 3620 4746.04031368
2 1443 3625 4754.44364923
3 1444 3626 4757.52145402
4 1445 3628 4758.40517678
3 1446 3632 4763.39019122
4 1447 3633 4771.02922521
5 1448 3635 4771.97648704
4 1449 3638 4774.52145402
5 1450 3644 4786.19969056
4 1451 3646 4787.40517678
3 1452 3647 4788.02922521
2 1453 3648 4788.52145402
3 1454 3649 4789.64824949
2 1455 3653 4798.40517678
3 1456 3657 4804.92587103
2 1457 3658 4806.64824949
3 1458 3659 4807.56265846
4 1459 3661 4807.79512936
5 1460 3663 4808.91618303
6 1461 3667 4813.48026365
5 1462 3673 4818.56265846
6 1463 3675 4818.84962297
5 1464 3676 4821.79512936
4 1465 3678 4821.92587103
3 1466 3679 4824.56265846
4 1467 3680 4826.27855374
5 1468 3684 4830.01751723
4 1469 3688 4835.79512936
3 1470 3693 4844.56265846
2 1471 3694 4849.27855374
1 1472 3695 4849.79512936
2 1473 3698 4861.80960912
1 1474 3702 4866.80960912
2 1475 3703 4875.74198575
3 1476 3705 4876.92689253
4 1477 3707 4879.78920081
5 1478 3710 4882.67314337
4 1479 3713 4886.74198575
3 1480 3715 4887.92689253
4 1481 3717 4890.61352502
5 1482 3718 4890.61425823
4 1483 3723 4901.92689253
5 1484 3725 4902.85802497
4 1485 3729 4909.74198575
3 1486 3730 4918.92689253
2 1487 3738 4929.92689253
3 1488 3739 4931.26968647
2 1489 3744 4938.74198575
1 1490 3745 4951.26968647
2 1491 3746 4958.93350205
3 1492 3748 4962.41268223
4 1493 3752 4970.53514541
3 1494 3758 4978.53514541
4 1495 3759 4979.87468981
5 1496 3761 4982.69607023
6 1497 3763 4983.95958984
5 1498 3764 4984.93350205
4 1499 3766 4985.41268223
5 1500 3769 4990.39815972
6 1501 3771 4990.57788034
5 1502 3774 4999.87468981
6 1503 3780 5002.76070969
7 1504 3781 5005.0477258
6 1505 3783 5005.69607023
7 1506 3786 5008.07396288
6 1507 3787 5010.87468981
7 1508 3789 5010.88087393
8 1509 3792 5013.5028597
7 1510 3794 5013.93350205
6 1511 3795 5016.39815972
5 1512 3798 5019.69607023
4 1513 3806 5030.39815972
3 1514 3807 5030.39815972
2 1515 3808 5030.93350205
3 1516 3810 5034.4816773
4 1517 3812 5035.1268985
5 1518 3815 5035.47525564
4 1519 3816 5036.87468981
5 1520 3817 5040.50092233
4 1521 3825 5049.1268985
5 1522 3826 5049.15758917
4 1523 3830 5054.4816773
3 1524 3831 5057.4816773
2 1525 3832 5057.50092233
3 1526 3835 5069.43855331
2 1527 3839 5072.15758917
3 1528 3840 5074.45580108
2 1529 3842 5077.43855331
3 1530 3843 5083.58877498
2 1531 3850 5091.58877498
3 1532 3851 5093.88595102
2 1533 3855 5100.45580108
3 1534 3856 5101.53627774
2 1535 3858 5107.88595102
3 1536 3861 5109.21136499
2 1537 3863 5112.53627774
3 1538 3866 5113.50859339
2 1539 3870 5118.50859339
1 1540 3871 5123.21136499
2 1541 3872 5148.22811937
3 1542 3874 5154.38171984
4 1543 3880 5162.14536582
3 1544 3882 5168.38171984
4 1545 3885 5169.45672214
3 1546 3887 5171.22811937
4 1547 3888 5171.40864215
3 1548 3892 5176.14536582
4 1549 3896 5178.75900965
5 1550 3897 5178.88294485
6 1551 3899 5179.11909175
7 1552 3900 5179.52253197
6 1553 3902 5180.45672214
7 1554 3903 5180.73501701
8 1555 3904 5182.18806052
7 1556 3908 5185.40864215
6 1557 3915 5188.45672214
5 1558 3916 5192.75900965
6 1559 3918 5193.40328615
7 1560 3922 5197.93580674
8 1561 3927 5201.32491568
7 1562 3929 5202.40864215
6 1563 3930 5202.45672214
7 1564 3931 5204.41640119
8 1565 3933 5204.594289
7 1566 3935 5204.88294485
6 1567 3938 5205.40864215
7 1568 3939 5207.59650146
6 1569 3940 5211.45672214
5 1570 3943 5214.93580674
4 1571 3949 5218.41640119
5 1572 3950 5223.76791354
4 1573 3952 5225.40864215
3 1574 3955 5230.88294485
2 1575 3958 5237.76791354
1 1576 3959 5243.93580674
2 1577 3960 5246.12180231
3 1578 3962 5248.17415236
4 1579 3966 5253.10703135
5 1580 3968 5253.27020211
6 1581 3972 5256.37748216
5 1582 3974 5257.12180231
4 1583 3977 5262.17415236
3 1584 3978 5264.10703135
2 1585 3982 5268.12180231
3 1586 3987 5280.65635578
2 1587 3989 5285.27020211
3 1588 3990 5285.73757996
4 1589 3993 5287.9254606
5 1590 3997 5290.1520844
6 1591 4003 5291.58331576
5 1592 4005 5294.65635578
4 1593 4006 5296.73757996
3 1594 4007 5298.1520844
4 1595 4010 5299.48614999
5 1596 4012 5300.38430078
4 1597 4014 5302.73757996
5 1598 4015 5305.5055561
6 1599 4019 5306.80470452
5 1600 4022 5308.58331576
6 1601 4024 5310.63326199
5 1602 4028 5316.5055561
6 1603 4029 5320.27186569
5 1604 4035 5322.48614999
6 1605 4036 5323.33245914
5 1606 4037 5323.38430078
6 1607 4039 5323.76543985
5 1608 4041 5325.58331576
4 1609 4042 5327.5055561
5 1610 4045 5334.03533929
4 1611 4049 5337.38430078
3 1612 4050 5339.48614999
2 1613 4055 5345.03533929
3 1614 4056 5352.49456528
4 1615 4058 5352.76138241
5 1616 4060 5353.93564552
4 1617 4064 5360.58331576
3 1618 4067 5364.93564552
2 1619 4070 5372.49456528
1 1620 4071 5372.76138241
2 1621 4072 5375.19089352
3 1622 4076 5384.62668145
2 1623 4080 5386.19089352
1 1624 4081 5389.62668145
2 1625 4082 5395.80411543
3 1626 4086 5403.13449276
4 1627 4088 5405.08306645
5 1628 4090 5408.4148972
4 1629 4092 5409.80411543
5 1630 4096 5411.37799767
6 1631 4097 5411.70951536
7 1632 4099 5414.86418124
6 1633 4102 5417.13449276
7 1634 4109 5419.07012069
6 1635 4110 5422.4148972
5 1636 4112 5422.70951536
6 1637 4113 5424.97749374
5 1638 4115 5425.08306645
4 1639 4116 5425.08306645
5 1640 4123 5430.58660597
4 1641 4127 5435.97749374
3 1642 4128 5436.4148972
2 1643 4129 5437.13449276
3 1644 4130 5440.08918582
2 1645 4134 5441.58660597
3 1646 4135 5445.93515003
4 1647 4137 5450.40947977
3 1648 4139 5454.08918582
2 1649 4144 5461.40947977
3 1650 4145 5463.68836964
2 1651 4147 5465.93515003
3 1652 4150 5481.54517314
2 1653 4152 5483.68836964
3 1654 4156 5485.81431308
4 1655 4160 5497.10449404
3 1656 4162 5498.54517314
2 1657 4163 5499.81431308
3 1658 4164 5502.48716947
2 1659 4168 5508.10449404
3 1660 4169 5509.39578827
2 1661 4173 5513.48716947
3 1662 4174 5515.588573
2 1663 4180 5526.39578827
3 1664 4182 5526.52400426
4 1665 4184 5527.20649008
5 1666 4186 5535.5313323
4 1667 4188 5535.588573
3 1668 4192 5540.52400426
4 1669 4193 5540.59343677
3 1670 4202 5549.5313323
4 1671 4203 5550.74436246
3 1672 4205 5553.20649008
2 1673 4209 5560.59343677
3 1674 4210 5567.54668223
2 1675 4212 5567.74436246
3 1676 4213 5568.46958945
4 1677 4217 5577.62080313
5 1678 4219 5581.94743713
4 1679 4223 5585.46958945
5 1680 4224 5591.26315391
4 1681 4228 5593.54668223
5 1682 4231 5595.75457594
4 1683 4235 5602.46958945
3 1684 4236 5603.62080313
4 1685 4237 5607.33164214
3 1686 4239 5607.54668223
4 1687 4240 5608.64368091
5 1688 4242 5608.95683559
6 1689 4243 5613.27965536
7 1690 4250 5622.13845821
8 1691 4251 5623.35129852
7 1692 4253 5624.33164214
6 1693 4257 5631.46958945
5 1694 4259 5631.64368091
4 1695 4262 5635.33164214
5 1696 4268 5642.0497491
4 1697 4270 5645.46958945
5 1698 4271 5647.15299241
6 1699 4272 5647.92864793
5 1700 4273 5648.64368091
6 1701 4275 5650.63724377
5 1702 4278 5658.33164214
4 1703 4284 5666.33164214
5 1704 4286 5666.95986476
4 1705 4288 5668.46958945
3 1706 4289 5671.64368091
4 1707 4291 5671.99128611
5 1708 4292 5677.20257573
6 1709 4298 5683.97191546
5 1710 4299 5685.46958945
6 1711 4301 5692.24071949
5 1712 4303 5692.33164214
6 1713 4308 5702.47187242
5 1714 4310 5706.33164214
4 1715 4312 5708.46958945
5 1716 4315 5717.16968295
4 1717 4319 5723.33164214
3 1718 4322 5728.46958945
2 1719 4326 5734.33164214
1 1720 4327 5739.46958945
2 1721 4328 5740.17566204
3 1722 4330 5748.20400698
4 1723 4332 5748.30702955
5 1724 4335 5752.38778816
6 1725 4338 5755.71014736
5 1726 4340 5760.17566204
4 1727 4344 5762.20400698
5 1728 4352 5770.95412749
4 1729 4354 5771.17566204
3 1730 4355 5775.39578827
4 1731 4356 5778.46378946
3 1732 4362 5787.95412749
2 1733 4363 5788.20400698
1 1734 4365 5789.46378946
2 1735 4366 5791.07301337
3 1736 4370 5795.38847942
4 1737 4372 5795.74389143
5 1738 4375 5798.32182722
4 1739 4376 5799.07301337
3 1740 4384 5809.38847942
2 1741 4385 5809.74389143
1 1742 4386 5816.07301337
2 1743 4387 5835.12563705
3 1744 4389 5847.34011752
4 1745 4391 5848.38681725
3 1746 4397 5859.38681725
4 1747 4398 5860.46001331
5 1748 4400 5862.7357958
4 1749 4401 5864.12563705
5 1750 4403 5865.28235347
6 1751 4406 5867.65228149
7 1752 4407 5869.95686326
6 1753 4411 5876.34011752
7 1754 4415 5876.86571682
6 1755 4419 5881.12563705
5 1756 4421 5887.34011752
4 1757 4422 5887.34011752
5 1758 4424 5888.10565615
6 1759 4425 5888.77360593
5 1760 4429 5892.46001331
6 1761 4432 5897.88320002
5 1762 4433 5898.12563705
4 1763 4435 5901.34011752
3 1764 4441 5906.12563705
4 1765 4442 5907.25312526
5 1766 4446 5908.81543277
6 1767 4447 5916.32793831
7 1768 4450 5917.59778159
6 1769 4451 5918.34011752
5 1770 4454 5921.25312526
4 1771 4457 5924.46001331
5 1772 4461 5926.82989528
4 1773 4463 5932.34011752
5 1774 4471 5946.47333601
4 1775 4472 5947.25312526
5 1776 4474 5948.14516319
4 1777 4475 5952.34011752
5 1778 4478 5952.72612278
4 1779 4479 5955.64368091
3 1780 4485 5963.34011752
2 1781 4486 5966.34011752
1 1782 4487 5970.25312526
2 1783 4488 5972.68528799
3 1784 4490 5976.73415766
2 1785 4496 5986.68528799
3 1786 4497 5986.94439273
2 1787 4499 5987.73415766
3 1788 4501 5991.25895522
2 1789 4505 6003.94439273
3 1790 4506 6004.49577728
4 1791 4508 6007.30595695
3 1792 4510 6009.94439273
4 1793 4515 6015.73074508
5 1794 4517 6018.76239195
4 1795 4520 6021.30595695
3 1796 4523 6026.73074508
2 1797 4524 6027.49577728
3 1798 4527 6044.09287329
2 1799 4531 6047.30595695
3 1800 4532 6051.63352386
2 1801 4534 6052.09287329
3 1802 4535 6052.57567441
4 1803 4541 6061.72625372
5 1804 4543 6062.21014353
6 1805 4545 6062.51460967
5 1806 4546 6063.57567441
4 1807 4548 6065.63352386
5 1808 4553 6069.78096542
6 1809 4557 6071.43622988
7 1810 4558 6072.01311351
6 1811 4560 6073.21014353
5 1812 4562 6075.72625372
4 1813 4563 6077.57567441
5 1814 4564 6077.62485487
6 1815 4572 6083.9779835
5 1816 4576 6086.78096542
4 1817 4577 6087.21014353
5 1818 4578 6088.84668187
6 1819 4580 6094.20952533
5 1820 4581 6094.62485487
6 1821 4589 6096.91692607
5 1822 4590 6101.72625372
4 1823 4592 6103.78096542
3 1824 4593 6111.62485487
2 1825 4596 6111.84668187
3 1826 4597 6113.14985301
4 1827 4601 6121.44987766
3 1828 4603 6121.72625372
2 1829 4604 6124.14985301
3 1830 4607 6126.45906238
4 1831 4609 6127.7327502
3 1832 4616 6135.44987766
4 1833 4617 6136.37292945
3 1834 4619 6138.7327502
4 1835 4620 6142.11781188
3 1836 4622 6149.45906238
4 1837 4623 6150.67701352
5 1838 4627 6153.03069583
4 1839 4633 6159.37292945
5 1840 4634 6159.97320839
4 1841 4636 6162.11781188
3 1842 4639 6167.67701352
4 1843 4642 6172.50086824
5 1844 4644 6173.39885881
6 1845 4647 6174.75199808
5 1846 4648 6176.03069583
4 1847 4654 6179.97320839
5 1848 4655 6180.1187095
4 1849 4657 6184.39885881
3 1850 4658 6186.50086824
4 1851 4659 6187.94514059
3 1852 4665 6192.50086824
4 1853 4666 6201.51307869
3 1854 4668 6203.1187095
2 1855 4670 6204.94514059
3 1856 4671 6210.15121984
4 1857 4674 6211.38031268
3 1858 4681 6227.51307869
2 1859 4682 6227.51307869
3 1860 4684 6227.99743919
2 1861 4688 6236.15121984
3 1862 4690 6237.67836964
2 1863 4692 6241.99743919
3 1864 4693 6242.04503014
4 1865 4695 6243.82601067
5 1866 4697 6244.62785317
4 1867 4702 6248.82601067
3 1868 4706 6253.04503014
4 1869 4707 6253.33483716
3 1870 4709 6254.67836964
4 1871 4710 6257.92291939
3 1872 4714 6262.82601067
2 1873 4719 6274.92291939
1 1874 4720 6279.33483716
2 1875 4721 6279.92653738
3 1876 4723 6281.28404228
4 1877 4725 6285.88457596
5 1878 4731 6293.86853193
4 1879 4733 6293.92653738
5 1880 4736 6296.3288496
6 1881 4737 6299.88468118
5 1882 4739 6301.28404228
4 1883 4742 6302.88457596
5 1884 4745 6303.86148011
4 1885 4746 6306.28404228
5 1886 4750 6307.93845758
6 1887 4754 6309.69842348
5 1888 4757 6310.92653738
4 1889 4759 6312.93845758
3 1890 4760 6313.88457596
2 1891 4761 6313.92653738
3 1892 4762 6316.52285369
2 1893 4766 6321.92653738
3 1894 4769 6327.94742461
4 1895 4771 6331.82961567
3 1896 4775 6333.52285369
4 1897 4776 6335.67785502
3 1898 4780 6335.94742461
4 1899 4781 6341.87150206
3 1900 4785 6345.82961567
4 1901 4788 6349.15466201
3 1902 4790 6349.87150206
4 1903 4791 6353.17797319
3 1904 4795 6358.67785502
2 1905 4796 6360.15466201
3 1906 4797 6360.81661211
4 1907 4801 6363.34423048
3 1908 4807 6371.34423048
4 1909 4808 6373.04215307
3 1910 4810 6376.17797319
2 1911 4813 6377.81661211
3 1912 4814 6377.89917046
4 1913 4816 6381.00127281
3 1914 4818 6387.04215307
4 1915 4823 6391.84311319
3 1916 4825 6394.89917046
2 1917 4828 6401.00127281
3 1918 4829 6405.75814628
2 1919 4831 6405.84311319
3 1920 4832 6414.21193945
4 1921 4834 6414.28475027
5 1922 4842 6421.46607927
4 1923 4843 6425.21193945
3 1924 4845 6425.28475027
2 1925 4846 6425.75814628
3 1926 4847 6428.58576263
4 1927 4849 6432.78040977
5 1928 4852 6436.8173133
6 1929 4854 6439.85531087
7 1930 4855 6440.59919402
8 1931 4860 6441.89308984
9 1932 4863 6447.66223643
8 1933 4867 6451.21193945
7 1934 4868 6451.58576263
8 1935 4870 6452.26599531
7 1936 4873 6452.78040977
6 1937 4876 6453.8173133
7 1938 4883 6462.02299871
8 1939 4884 6463.64961511
7 1940 4886 6465.21193945
6 1941 4887 6466.51307869
5 1942 4895 6473.8173133
4 1943 4896 6474.58576263
5 1944 4897 6475.50511996
4 1945 4899 6476.21193945
3 1946 4903 6481.78040977
2 1947 4904 6483.51307869
3 1948 4905 6484.02570943
4 1949 4907 6485.69288852
5 1950 4912 6489.19596092
6 1951 4916 6491.55223469
7 1952 4917 6493.21121904
8 1953 4920 6496.29836849
9 1954 4921 6497.52423114
8 1955 4923 6498.02570943
9 1956 4926 6498.77083296
8 1957 4930 6500.19596092
7 1958 4931 6501.50511996
8 1959 4933 6502.52013556
7 1960 4936 6502.69288852
6 1961 4937 6509.02570943
7 1962 4945 6514.13773792
8 1963 4949 6515.53346334
7 1964 4950 6517.19596092
6 1965 4951 6518.50511996
5 1966 4956 6519.69288852
6 1967 4957 6521.12652925
5 1968 4959 6522.69288852
6 1969 4960 6523.6183657
7 1970 4962 6523.95279299
8 1971 4965 6526.54094
7 1972 4968 6529.02570943
6 1973 4969 6529.02570943
7 1974 4971 6530.14857865
6 1975 4972 6532.02570943
5 1976 4978 6535.12652925
6 1977 4979 6536.15320053
5 1978 4984 6543.6183657
4 1979 4986 6543.95279299
3 1980 4987 6546.95279299
4 1981 4988 6548.950938
5 1982 4992 6553.42135965
4 1983 4995 6556.950938
3 1984 4997 6557.6183657
2 1985 4998 6558.12652925
3 1986 5002 6565.42071841
2 1987 5005 6570.950938
3 1988 5006 6570.95715652
4 1989 5008 6574.42150366
5 1990 5011 6579.63378237
4 1991 5015 6587.95715652
5 1992 5016 6589.64808974
4 1993 5018 6591.42071841
3 1994 5022 6595.95715652
4 1995 5025 6601.14024544
5 1996 5026 6601.82463533
4 1997 5028 6602.42071841
3 1998 5034 6609.95715652
2 1999 5036 6619.42071841
1 2000 5041 6630.42071841
0 2001 5042 6635.95715652
0 2002 5045 6786.12652925
