#data counter step time
34.333334 1 48 38.2699051217
23.588593 2 64 47.0170483912
30.112417 3 94 73.0170483912
21.218470 4 102 85.9528607985
35.189899 5 107 90.7343904514
25.484607 6 108 91.4374674572
24.608128 7 130 111.635838052
19.517110 8 131 112.098243288
39.957022 9 159 177.385345472
27.343932 10 166 184.349087128
25.207594 11 170 196.155220041
14.677745 12 204 226.536404271
11.846234 13 222 235.106878076
55.256517 14 260 303.283907036
33.547700 15 285 325.414780341
13.563366 16 291 335.363554734
17.960215 17 292 338.363554734
36.098920 18 296 346.403339322
43.796097 19 308 368.71368748
31.729757 20 313 374.443444685
36.625726 21 370 461.333004666
29.896978 22 465 657.598002566
25.396546 23 492 683.885900937
32.356871 24 495 686.598002566
24.791163 25 529 723.381228117
28.873198 26 531 725.960578085
46.000000 27 540 735.381228117
12.101934 28 544 739.960578085
39.559713 29 547 745.960578085
28.984871 30 565 765.960578085
29.587512 31 577 783.381228117
44.941257 32 580 790.960578085
51.988789 33 601 824.960578085
6.505546 34 609 828.381228117
27.131119 35 619 840.381228117
91.686894 36 628 848.381228117
101.857057 37 631 851.381228117
22.737474 38 638 865.381228117
45.496867 39 665 894.960578085
33.230681 40 684 918.701024839
31.000000 41 726 961.393842123
28.133321 42 768 1020.35847866
20.613079 43 854 1173.10761491
72.263649 44 855 1173.7436625
30.338315 45 878 1218.88454191
31.964407 46 926 1268.98012523
26.017792 47 934 1274.67217512
27.247251 48 952 1334.21977312
14.000000 49 961 1352.0603831
39.839385 50 962 1364.0603831
28.335885 51 996 1407.7273938
32.294517 52 1010 1432.31539001
40.257754 53 1017 1445.69484316
29.951278 54 1038 1495.3790555
33.239810 55 1049 1512.50090858
44.411673 56 1117 1606.73974094
17.666316 57 1164 1682.85861968
72.732782 58 1182 1709.25913429
49.192073 59 1207 1755.25913429
21.603817 60 1244 1791.25913429
36.890429 61 1246 1791.85861968
39.001921 62 1267 1817.95343001
46.817517 63 1271 1822.85861968
45.616097 64 1296 1839.85861968
39.141004 65 1325 1864.12384298
34.766571 66 1329 1876.95343001
31.588826 67 1386 1956.0377418
27.241858 68 1399 1980.90443577
21.919925 69 1421 2022.09338794
31.456549 70 1454 2056.55767249
30.273677 71 1457 2062.10112335
48.337550 72 1475 2088.82744669
31.890646 73 1493 2110.05919466
30.702205 74 1540 2154.20975752
32.696253 75 1541 2156.05919466
34.921901 76 1556 2172.13165844
31.635940 77 1592 2211.50187104
34.183428 78 1624 2277.35120346
20.343251 79 1650 2305.75353545
34.955036 80 1656 2311.41028467
32.018128 81 1662 2317.77166353
22.620062 82 1665 2325.41028467
38.029118 83 1726 2432.18713638
31.547585 84 1765 2470.7926566
27.486411 85 1768 2471.09038429
33.870913 86 1775 2478.06913582
31.625123 87 1781 2482.09038429
35.616063 88 1793 2494.09038429
30.156764 89 1798 2496.09038429
50.232359 90 1807 2506.06913582
33.322618 91 1828 2539.09038429
35.303324 92 1875 2649.1233786
47.080636 93 1891 2667.20401487
27.432615 94 1922 2701.63718513
24.991665 95 1953 2765.54228893
45.184401 96 1954 2766.55062428
35.969142 97 1986 2826.24203247
34.541584 98 1994 2840.59188423
23.216442 99 2022 2885.99912903
35.831894 100 2044 2919.56549473
30.651777 101 2050 2939.07583745
55.019222 102 2064 2974.09505935
31.882343 103 2146 3049.69099672
33.338060 104 2148 3051.46343783
39.120368 105 2181 3091.46343783
24.305273 106 2222 3139.92439595
23.660464 107 2251 3173.99017044
35.008188 108 2331 3250.60724538
16.798042 109 2341 3263.43336836
28.201958 110 2342 3263.6353268
24.425278 111 2348 3272.94247621
27.490892 112 2357 3283.43336836
24.900294 113 2381 3326.17899667
46.547971 114 2382 3327.3922496
26.935190 115 2413 3371.90398723
49.617633 116 2431 3395.52162064
27.315869 117 2454 3419.8587996
41.433129 118 2464 3438.62609243
36.631029 119 2471 3445.8587996
44.446095 120 2480 3456.61771626
31.555812 121 2506 3494.56813723
22.352357 122 2524 3511.33841279
32.336982 123 2545 3540.69548162
31.563315 124 2587 3577.7135349
25.077458 125 2599 3592.87303786
34.487351 126 2609 3615.15582862
36.438546 127 2627 3639.45849145
40.216946 128 2639 3660.90623668
37.280557 129 2689 3724.86408725
53.066657 130 2702 3739.08508303
32.959055 131 2737 3776.08508303
24.860281 132 2747 3788.41163503
22.379051 133 2793 3828.74318602
34.188761 134 2812 3840.41163503
33.217960 135 2819 3847.06321141
26.066403 136 2822 3849.22287443
39.266504 137 2848 3875.41163503
39.249283 138 2854 3881.06321141
32.659658 139 2879 3919.23207255
34.000000 140 2881 3928.32911681
43.664142 141 2914 3973.76589961
26.345677 142 2915 3976.12365715
40.078211 143 2944 4010.12365715
25.584795 144 2952 4027.12365715
15.982180 145 2980 4067.22154894
43.000000 146 2985 4079.22154894
30.462568 147 2986 4085.6466672
29.971525 148 3020 4122.49177334
32.729872 149 3039 4137.57874785
32.799442 150 3070 4167.84887556
26.377102 151 3102 4198.84887556
35.275246 152 3107 4208.00299956
33.696713 153 3110 4214.41163503
31.578685 154 3116 4225.49138761
29.366507 155 3117 4231.85789466
31.430133 156 3197 4342.42774865
29.060185 157 3216 4356.42774865
56.150724 158 3221 4362.42774865
50.619104 159 3250 4402.99197609
44.482914 160 3280 4441.42774865
52.549757 161 3313 4481.42774865
54.775824 162 3380 4570.88614186
78.022778 163 3418 4611.04880146
50.321281 164 3443 4645.04880146
74.715509 165 3474 4675.88614186
40.522745 166 3478 4676.05535187
91.833619 167 3481 4679.04880146
32.831254 168 3511 4709.88614186
27.709803 169 3512 4710.04880146
12.767727 170 3548 4738.01268726
27.232273 171 3552 4745.24496074
31.992329 172 3563 4765.24496074
25.109043 173 3574 4778.43141375
50.338072 174 3576 4785.32237058
38.779624 175 3601 4818.43141375
51.781369 176 3621 4844.43141375
42.693392 177 3631 4861.32237058
36.361824 178 3639 4864.43141375
37.567630 179 3674 4910.43141375
61.936841 180 3714 4953.43141375
37.896245 181 3720 4961.82563889
31.696020 182 3728 4974.32237058
32.201157 183 3762 5027.8844119
29.100736 184 3777 5046.0234597
35.871981 185 3821 5096.92272418
28.552025 186 3829 5103.0234597
37.589095 187 3873 5164.55649369
28.723110 188 3928 5246.35137462
25.044969 189 3952 5279.33442488
18.446581 190 3986 5322.3389228
10.631523 191 3991 5325.77673576
34.270737 192 3996 5329.89234185
28.995680 193 4037 5381.42036351
26.529811 194 4044 5395.42468395
29.696231 195 4082 5445.95758815
41.085645 196 4121 5496.22032787
37.031048 197 4129 5504.21215179
27.104402 198 4134 5519.58081784
49.909525 199 4150 5551.02165762
32.515806 200 4179 5568.8445912
17.482613 201 4186 5573.28295466
19.855302 202 4200 5591.06812493
22.603389 203 4228 5625.65658572
22.716658 204 4229 5631.47694961
26.127113 205 4278 5707.85563704
43.584240 206 4281 5713.72852385
32.016686 207 4287 5718.50390238
31.038898 208 4295 5738.01807226
34.222680 209 4309 5756.254093
22.912927 210 4315 5768.71262819
28.986046 211 4344 5804.18370969
30.162353 212 4362 5818.25322412
21.508908 213 4389 5846.18370969
44.274259 214 4397 5858.18370969
14.317532 215 4414 5874.64670399
27.484932 216 4419 5886.64670399
35.509501 217 4436 5922.4455478
44.852979 218 4439 5938.60040464
32.915691 219 4539 6090.74308229
41.214132 220 4587 6169.20958694
41.856727 221 4603 6185.06631413
34.217493 222 4647 6243.86893112
38.002758 223 4676 6275.65143825
46.216793 224 4737 6352.69949226
28.348489 225 4754 6370.05767884
29.530102 226 4759 6379.58778087
42.054657 227 4802 6467.98779527
41.726387 228 4813 6486.7141821
20.447841 229 4823 6495.83829978
41.432921 230 4858 6544.72876082
27.615028 231 4919 6634.98961725
34.199131 232 4927 6640.62864725
20.475443 233 4941 6659.42951623
31.750002 234 4949 6665.42951623
26.104623 235 4976 6706.41529518
42.153324 236 4997 6725.56861951
20.469571 237 5003 6735.41456675
