#data counter step time
0 1 0 0.0
1 2 1 0.0
2 3 12 13.6517562744
3 4 14 16.0672034895
4 5 16 17.4418959292
5 6 21 24.6530924425
6 7 26 26.5743018526
5 8 27 30.6517562744
4 9 28 33.0672034895
3 10 32 36.0672034895
2 11 33 43.4418959292
1 12 34 46.4418959292
2 13 35 49.2609820326
3 14 37 50.9975809591
4 15 40 55.4448003029
3 16 46 70.9975809591
4 17 47 72.0148767094
3 18 49 75.2609820326
2 19 52 84.2609820326
3 20 53 84.6050458216
4 21 55 85.9773907755
3 22 57 86.0148767094
4 23 62 99.2446285259
3 24 64 104.605045822
2 25 67 111.977390775
3 26 68 114.604017372
4 27 70 115.874325529
3 28 72 116.244628526
2 29 75 123.874325529
3 30 77 124.22991232
4 31 81 133.291071209
5 32 83 137.229943602
4 33 85 137.604017372
3 34 86 143.604017372
4 35 91 146.672072104
5 36 93 154.722592632
4 37 95 156.291071209
3 38 98 157.229943602
2 39 99 163.672072104
3 40 100 164.610501908
4 41 104 164.739219542
3 42 108 171.722592632
2 43 111 175.739219542
3 44 112 175.771821278
4 45 114 179.290764612
3 46 116 181.610501908
2 47 121 186.771821278
3 48 122 192.988854811
2 49 124 193.290764612
3 50 125 196.413738604
4 51 127 199.193179489
3 52 135 206.988854811
2 53 136 210.413738604
3 54 137 215.061717185
4 55 139 218.644001417
3 56 143 219.193179489
4 57 144 222.070931142
5 58 148 225.690008837
4 59 150 226.061717185
5 60 153 228.327371479
6 61 155 228.378067978
5 62 159 230.070931142
4 63 162 235.644001417
5 64 165 236.28194344
4 65 167 239.378067978
3 66 168 239.690008837
2 67 171 244.28194344
1 68 172 245.327371479
2 69 173 253.944100497
1 70 177 285.944100497
2 71 178 291.033673034
3 72 181 299.714182124
4 73 182 302.624329745
5 74 187 305.548054035
6 75 190 308.855684174
5 76 193 311.033673034
6 77 194 311.948743961
7 78 201 316.802127878
6 79 203 317.033673034
5 80 204 319.548054035
4 81 205 319.624329745
3 82 206 322.548054035
2 83 209 328.948743961
1 84 210 336.802127878
2 85 211 337.530887268
3 86 213 338.886997177
4 87 215 345.711499646
3 88 221 351.530887268
2 89 224 358.886997177
3 90 225 360.127595516
4 91 229 364.643018428
5 92 231 370.208567878
4 93 233 371.127595516
5 94 237 372.543894526
6 95 238 373.998817364
5 96 240 374.711499646
6 97 244 380.258551595
7 98 248 381.072056367
6 99 250 381.643018428
5 100 251 384.208567878
4 101 254 387.208567878
5 102 257 388.297854544
4 103 259 393.998817364
5 104 262 396.842849624
4 105 264 397.258551595
3 106 265 398.072056367
4 107 266 399.753147953
3 108 270 402.297854544
4 109 271 405.866911413
5 110 276 413.519181388
4 111 277 413.753147953
3 112 278 413.842849624
4 113 279 415.339137176
3 114 286 425.866911413
4 115 287 427.761563108
5 116 289 428.545821024
4 117 291 428.866911413
3 118 292 432.339137176
4 119 295 433.753502635
5 120 299 438.093147557
4 121 305 442.545821024
3 122 306 444.753502635
2 123 307 446.093147557
1 124 308 447.761563108
2 125 309 450.594565004
1 126 313 464.594565004
2 127 314 471.779879758
3 128 316 474.83511086
4 129 318 480.042080538
5 130 324 487.188030989
6 131 326 488.591209242
5 132 328 488.83511086
4 133 331 491.779879758
5 134 336 497.549599681
6 135 338 499.572447454
5 136 340 506.042080538
4 137 341 507.188030989
3 138 344 508.591209242
2 139 347 513.572447454
3 140 348 516.572474645
2 141 350 520.549599681
1 142 353 527.572474645
2 143 354 534.579747762
3 144 356 538.511782613
4 145 359 540.201524693
5 146 360 544.381170869
6 147 365 546.863434431
5 148 369 548.579747762
6 149 370 551.264629509
5 150 374 552.511782613
6 151 375 553.314592859
7 152 379 554.117466744
8 153 380 554.270466253
7 154 382 554.579747762
8 155 383 558.292977753
7 156 385 558.381170869
8 157 390 564.101425541
7 158 392 564.314592859
8 159 393 564.437651312
7 160 397 566.863434431
6 161 399 568.264629509
7 162 402 570.775488055
6 163 403 571.579747762
7 164 409 577.581416044
8 165 410 577.819351242
7 166 412 579.264629509
8 167 415 581.114359233
9 168 416 581.285923467
8 169 420 584.314592859
7 170 422 584.381170869
6 171 423 585.579747762
5 172 427 586.863434431
4 173 428 593.264629509
5 174 433 597.180431328
4 175 437 599.579747762
3 176 438 601.381170869
4 177 439 601.848365948
5 178 444 604.827084558
6 179 445 606.274958097
7 180 447 609.35005415
8 181 449 609.888242095
7 182 450 610.314592859
6 183 452 611.180431328
7 184 453 611.808923337
6 185 462 618.848365948
5 186 468 624.848365948
4 187 469 626.274958097
3 188 470 629.35005415
2 189 472 631.808923337
3 190 473 635.647789951
4 191 475 636.285796191
3 192 477 639.314592859
4 193 480 642.504011739
5 194 482 642.993223333
6 195 486 647.110195104
5 196 489 650.993223333
6 197 491 654.382145912
5 198 495 656.285796191
4 199 498 658.647789951
3 200 500 658.993223333
2 201 504 674.504011739
3 202 505 676.236368364
2 203 507 676.285796191
1 204 510 693.236368364
2 205 511 703.19546179
3 206 513 706.534660887
4 207 515 712.549655027
5 208 522 716.707398327
4 209 526 720.534660887
3 210 528 720.549655027
2 211 529 726.19546179
3 212 531 728.114291645
2 213 536 729.534660887
3 214 537 731.208246117
2 215 538 736.114291645
3 216 542 749.001538376
4 217 543 751.706855491
5 218 544 755.373382557
4 219 546 756.114291645
5 220 548 759.164127568
6 221 549 759.480248733
7 222 550 765.221090911
8 223 554 768.873586431
9 224 555 769.196559218
8 225 557 776.114291645
7 226 558 782.114291645
6 227 561 787.114291645
7 228 563 791.170342296
8 229 566 794.29364854
9 230 567 796.012490887
10 231 568 796.478793595
9 232 570 801.114291645
10 233 573 816.167027053
11 234 574 817.575316241
12 235 575 818.521517348
11 236 577 821.114291645
12 237 578 824.177686924
13 238 581 831.883651511
14 239 582 832.240864615
15 240 583 838.438069278
16 241 584 839.955454667
17 242 585 840.846857413
16 243 588 841.114291645
17 244 592 849.449003801
18 245 593 851.179114319
19 246 599 868.024871205
18 247 604 875.848365948
17 248 606 876.114291645
16 249 607 879.114291645
15 250 617 889.647789951
16 251 618 892.627664538
15 252 620 892.848365948
14 253 621 893.114291645
13 254 627 895.848365948
14 255 631 900.6401427
13 256 636 903.647789951
12 257 637 903.647789951
11 258 639 904.114291645
10 259 640 907.114291645
9 260 642 915.848365948
8 261 648 923.647789951
7 262 649 924.114291645
6 263 656 926.647789951
5 264 659 929.114291645
6 265 662 933.028541696
7 266 663 935.596090559
8 267 664 937.509030489
7 268 665 938.114291645
8 269 668 940.754792354
7 270 673 941.848365948
8 271 674 942.267672999
9 272 675 943.059520156
8 273 677 943.647789951
9 274 681 947.256218637
10 275 682 948.781191389
11 276 685 951.091960886
10 277 686 952.19546179
9 278 693 955.19546179
10 279 694 957.98658678
11 280 695 958.49400611
10 281 697 960.647789951
9 282 699 961.114291645
8 283 700 961.114291645
7 284 701 964.848365948
8 285 707 971.645038182
9 286 710 974.110352562
10 287 711 974.746866168
9 288 713 975.114291645
8 289 714 975.19546179
9 290 717 976.243001454
10 291 721 981.65461152
11 292 724 982.188956663
10 293 727 984.848365948
11 294 730 985.085863781
10 295 732 986.114291645
9 296 734 986.647789951
8 297 735 987.848365948
7 298 737 989.19546179
8 299 743 996.582477688
9 300 745 997.352356376
8 301 752 1000.64778995
9 302 753 1001.00089743
10 303 754 1003.33632523
9 304 755 1004.84836595
8 305 757 1006.19546179
9 306 758 1006.47742393
8 307 762 1007.84836595
9 308 763 1007.90355931
8 309 764 1009.19546179
9 310 765 1010.9368345
8 311 770 1015.11429164
9 312 772 1016.66830627
8 313 774 1017.64778995
9 314 776 1020.49430583
10 315 777 1021.4932404
9 316 778 1023.19546179
8 317 781 1024.84836595
7 318 788 1028.64778995
6 319 791 1032.11429164
5 320 793 1038.84836595
4 321 800 1043.11429164
3 322 802 1043.64778995
2 323 803 1045.64778995
3 324 804 1047.47350687
4 325 806 1048.22111685
3 326 809 1049.19546179
4 327 810 1053.4185208
3 328 814 1059.22111685
4 329 815 1059.84627299
5 330 823 1066.65413007
4 331 826 1067.47350687
3 332 827 1070.4185208
4 333 828 1077.01329009
3 334 832 1079.84627299
2 335 835 1086.84836595
1 336 836 1091.01329009
2 337 837 1099.26253831
3 338 841 1112.20636456
4 339 843 1113.37348192
3 340 845 1116.26253831
4 341 848 1129.25917517
5 342 852 1133.1224316
4 343 854 1138.20636456
3 344 857 1142.37348192
4 345 860 1143.58866715
3 346 862 1149.25917517
4 347 865 1152.58943261
3 348 867 1153.1224316
4 349 868 1153.2049983
5 350 870 1155.9858724
4 351 874 1157.58866715
5 352 875 1158.19225431
6 353 881 1166.66270929
5 354 882 1166.9858724
4 355 886 1170.2049983
3 356 887 1172.19225431
4 357 890 1178.57176434
3 358 892 1181.58943261
4 359 893 1183.5084489
3 360 895 1186.9858724
4 361 896 1189.55679234
5 362 902 1193.76389803
6 363 904 1194.8323013
5 364 906 1195.57176434
6 365 907 1197.50423168
7 366 910 1200.42904988
8 367 911 1201.6226187
7 368 914 1203.5084489
6 369 919 1206.55679234
5 370 921 1206.57176434
6 371 922 1206.8624898
7 372 925 1211.56385559
8 373 927 1211.81658485
9 374 929 1213.02641523
8 375 931 1213.76389803
9 376 935 1219.81559803
8 377 936 1220.5084489
7 378 941 1224.76389803
6 379 945 1229.55679234
5 380 946 1229.57176434
4 381 947 1229.57176434
5 382 951 1230.77956181
6 383 952 1231.19690141
5 384 953 1234.5084489
4 385 958 1235.55679234
3 386 959 1241.76389803
2 387 965 1251.5084489
3 388 966 1252.87527638
2 389 968 1255.55679234
3 390 970 1265.8372655
2 391 974 1269.87527638
3 392 976 1275.16519569
4 393 981 1275.94189494
3 394 982 1282.8372655
4 395 983 1283.25550348
5 396 985 1284.34099137
4 397 991 1294.25550348
3 398 993 1295.16519569
4 399 994 1295.911608
5 400 996 1298.32281945
4 401 997 1301.16519569
3 402 1002 1308.25550348
4 403 1004 1308.28291381
5 404 1006 1309.69419291
4 405 1007 1309.911608
5 406 1009 1311.26278958
6 407 1010 1312.45793875
5 408 1017 1322.25550348
4 409 1018 1323.911608
3 410 1020 1325.25550348
4 411 1021 1325.61140399
5 412 1022 1326.81961273
6 413 1025 1328.6647265
5 414 1027 1331.911608
6 415 1030 1341.40319414
7 416 1031 1344.55454839
6 417 1034 1345.25550348
7 418 1037 1346.73011611
6 419 1042 1351.911608
5 420 1044 1356.25550348
4 421 1045 1356.25550348
3 422 1049 1364.25550348
4 423 1054 1372.96730492
5 424 1055 1374.40908676
6 425 1056 1374.76127209
5 426 1058 1380.911608
4 427 1060 1381.25550348
5 428 1061 1381.63553868
6 429 1066 1392.25204944
5 430 1067 1395.25550348
4 431 1072 1397.911608
3 432 1074 1403.25550348
4 433 1077 1408.04344776
3 434 1078 1408.911608
4 435 1081 1409.47360675
5 436 1085 1414.38813388
4 437 1086 1417.25550348
3 438 1088 1420.25550348
2 439 1093 1431.911608
3 440 1095 1434.07198066
2 441 1097 1437.25550348
3 442 1098 1440.32595287
4 443 1099 1444.13207744
5 444 1102 1462.04495596
4 445 1104 1463.25550348
5 446 1105 1463.69793572
6 447 1112 1469.92339088
7 448 1113 1471.81130973
8 449 1114 1472.66325629
7 450 1124 1482.57176434
6 451 1125 1483.11429164
5 452 1127 1483.25550348
6 453 1128 1484.19580943
7 454 1129 1486.34836659
8 455 1130 1487.76407377
7 456 1132 1489.11429164
8 457 1133 1489.29174071
9 458 1140 1496.78635117
8 459 1145 1500.11429164
9 460 1147 1501.77408052
8 461 1151 1505.57176434
9 462 1152 1508.78838887
8 463 1154 1509.25550348
7 464 1157 1511.57176434
8 465 1158 1512.26253246
9 466 1162 1513.61568941
8 467 1165 1514.11429164
7 468 1166 1516.57176434
8 469 1168 1519.54659901
7 470 1169 1523.55679234
6 471 1172 1526.55679234
5 472 1179 1538.25550348
4 473 1183 1539.57176434
3 474 1184 1540.11429164
4 475 1185 1543.52314899
3 476 1188 1546.55679234
2 477 1189 1549.11429164
3 478 1192 1555.46925638
4 479 1196 1556.89715832
3 480 1198 1560.52314899
2 481 1201 1566.46925638
1 482 1202 1570.89715832
2 483 1203 1576.38471631
3 484 1205 1577.35810816
4 485 1211 1584.88630003
3 486 1213 1593.38471631
2 487 1214 1594.35810816
1 488 1217 1607.88630003
2 489 1218 1611.17452733
3 490 1220 1620.05646906
4 491 1226 1626.37019431
5 492 1228 1627.14320964
6 493 1229 1630.93813105
5 494 1233 1634.05646906
4 495 1235 1634.17452733
3 496 1240 1645.05646906
2 497 1241 1652.37019431
1 498 1242 1654.17452733
2 499 1243 1665.2261696
3 500 1245 1667.82412877
4 501 1247 1668.76514277
5 502 1249 1670.85145119
6 503 1250 1671.34693139
7 504 1251 1671.83184304
8 505 1254 1675.5855041
9 506 1257 1676.06510242
10 507 1258 1676.24192961
9 508 1260 1679.76514277
10 509 1263 1686.09147699
9 510 1267 1687.82412877
8 511 1269 1688.2261696
7 512 1278 1698.82412877
6 513 1279 1701.82412877
5 514 1281 1702.76514277
4 515 1283 1704.82412877
3 516 1284 1705.2261696
4 517 1287 1707.34164827
5 518 1289 1709.02032795
4 519 1290 1710.76514277
3 520 1298 1721.76514277
4 521 1299 1723.3372263
3 522 1301 1724.82412877
4 523 1302 1726.09421344
3 524 1304 1727.34164827
4 525 1307 1733.01715764
5 526 1309 1736.48554987
4 527 1314 1740.3372263
5 528 1315 1742.44672543
6 529 1317 1744.18998444
5 530 1318 1746.09421344
6 531 1322 1747.29539081
7 532 1323 1747.40999994
8 533 1324 1747.7739667
9 534 1331 1754.95035086
8 535 1332 1756.01715764
7 536 1335 1756.44672543
6 537 1336 1757.09421344
7 538 1338 1758.43985457
8 539 1339 1759.12926556
9 540 1341 1762.47027499
8 541 1342 1762.57176434
9 542 1345 1765.36676406
10 543 1346 1766.37437353
9 544 1357 1773.57176434
8 545 1359 1774.09421344
9 546 1360 1774.76193967
8 547 1362 1776.01715764
7 548 1363 1777.09421344
6 549 1365 1779.01715764
5 550 1367 1779.44672543
6 551 1372 1783.70255815
5 552 1375 1787.01715764
6 553 1377 1788.86873281
5 554 1381 1790.57176434
6 555 1382 1793.09796403
5 556 1384 1796.44672543
4 557 1387 1800.09421344
5 558 1388 1801.62309259
6 559 1392 1805.17332171
7 560 1393 1806.4865501
6 561 1397 1807.01715764
5 562 1398 1807.44672543
6 563 1402 1811.116045
7 564 1404 1812.43729133
8 565 1405 1812.58732474
9 566 1407 1813.89479677
8 567 1416 1818.01715764
9 568 1420 1820.45030476
8 569 1421 1821.01715764
7 570 1422 1821.62309259
8 571 1426 1822.47409435
7 572 1428 1822.57176434
6 573 1429 1823.58732474
5 574 1430 1824.01715764
4 575 1431 1824.44672543
3 576 1434 1829.01715764
4 577 1435 1829.85506383
5 578 1439 1835.79323526
4 579 1441 1838.62309259
3 580 1442 1839.57176434
4 581 1447 1840.23388708
5 582 1449 1843.98311634
4 583 1453 1846.79323526
3 584 1454 1846.85506383
2 585 1456 1848.23388708
3 586 1459 1852.47129547
4 587 1462 1855.59336223
5 588 1464 1857.75116078
4 589 1472 1863.98311634
3 590 1473 1865.75116078
4 591 1474 1866.32843993
3 592 1476 1866.59336223
2 593 1477 1869.47129547
1 594 1482 1880.32843993
2 595 1483 1883.18053543
3 596 1485 1885.20370246
4 597 1487 1890.02518551
5 598 1491 1890.59120504
6 599 1496 1895.83211117
5 600 1498 1899.20370246
4 601 1499 1900.18053543
3 602 1501 1901.02518551
4 603 1504 1903.72005981
5 604 1508 1910.44145371
4 605 1509 1916.20370246
5 606 1513 1920.04906327
4 607 1514 1920.18053543
3 608 1518 1929.72005981
4 609 1519 1934.1005113
5 610 1521 1935.33332282
4 611 1525 1939.20370246
5 612 1529 1942.94654581
4 613 1530 1945.1005113
3 614 1534 1955.18053543
4 615 1536 1957.55998237
3 616 1538 1959.20370246
4 617 1539 1959.21246081
3 618 1542 1962.20370246
4 619 1543 1965.73900157
3 620 1548 1979.20370246
4 621 1550 1980.34932851
3 622 1552 1980.55998237
4 623 1553 1983.10866284
5 624 1554 1988.3875544
6 625 1555 1989.48840162
7 626 1560 1994.85136725
6 627 1562 1997.55998237
7 628 1563 1999.10568718
6 629 1565 1999.20370246
7 630 1566 2000.07636469
8 631 1569 2010.38962631
9 632 1570 2013.25258727
10 633 1571 2016.87646656
11 634 1574 2019.66919737
10 635 1578 2020.55998237
9 636 1585 2025.55998237
8 637 1587 2028.20370246
7 638 1588 2028.55998237
6 639 1592 2034.55998237
7 640 1593 2035.2576424
8 641 1595 2037.06273845
9 642 1596 2040.51680681
10 643 1600 2041.6409806
11 644 1601 2042.44725239
10 645 1603 2042.55998237
9 646 1604 2042.55998237
8 647 1605 2045.20370246
7 648 1612 2048.20370246
8 649 1613 2048.28754523
7 650 1620 2050.55998237
6 651 1621 2053.20370246
7 652 1622 2053.48228213
6 653 1625 2056.20370246
7 654 1628 2058.63072283
6 655 1629 2059.20370246
5 656 1630 2059.20370246
4 657 1633 2061.55998237
5 658 1637 2072.06544026
6 659 1639 2073.35932655
7 660 1642 2078.8234183
6 661 1644 2079.20370246
5 662 1645 2079.20370246
4 663 1646 2080.85506383
5 664 1648 2084.14232169
4 665 1657 2088.85506383
5 666 1658 2091.44774379
4 667 1660 2093.20370246
5 668 1662 2093.39151793
4 669 1665 2095.06544026
5 670 1667 2096.6727158
4 671 1668 2097.47129547
5 672 1674 2108.1003939
4 673 1676 2109.06544026
3 674 1682 2114.44774379
2 675 1683 2114.47129547
3 676 1684 2121.08624297
4 677 1686 2124.32746667
5 678 1688 2125.71238275
4 679 1689 2126.06544026
5 680 1691 2130.7997367
6 681 1696 2135.15499555
7 682 1697 2137.69582094
6 683 1699 2138.08624297
5 684 1701 2138.32746667
6 685 1702 2141.83625665
7 686 1709 2145.78271029
8 687 1710 2148.30724687
7 688 1712 2149.32746667
8 689 1714 2152.46509131
7 690 1716 2155.08624297
6 691 1717 2158.06544026
5 692 1725 2166.08624297
4 693 1728 2169.32746667
5 694 1731 2173.12175977
4 695 1733 2175.06544026
3 696 1734 2175.32746667
2 697 1735 2177.08624297
1 698 1738 2189.06544026
2 699 1739 2192.19312461
3 700 1741 2195.34120523
4 701 1743 2196.39358694
5 702 1745 2196.54015378
4 703 1752 2203.34120523
5 704 1753 2204.00367789
4 705 1759 2215.19312461
3 706 1762 2221.00367789
2 707 1764 2222.39358694
1 708 1765 2226.18053543
2 709 1767 2232.94887071
3 710 1769 2237.70987853
2 711 1775 2246.94887071
1 712 1776 2251.70987853
2 713 1777 2251.76665755
1 714 1781 2262.76665755
2 715 1782 2262.87752533
3 716 1784 2263.01334744
4 717 1786 2265.21939896
5 718 1788 2266.0857583
6 719 1795 2272.6491921
5 720 1798 2274.01334744
4 721 1799 2276.87752533
5 722 1803 2281.41910403
4 723 1805 2282.21939896
5 724 1806 2284.14485201
6 725 1810 2290.18953453
5 726 1811 2294.01334744
4 727 1813 2295.41910403
3 728 1814 2297.01334744
4 729 1815 2299.26116849
5 730 1819 2301.05408521
6 731 1820 2301.36452154
5 732 1825 2307.14485201
4 733 1831 2313.26116849
3 734 1832 2314.01334744
2 735 1833 2321.14485201
3 736 1834 2324.11911277
2 737 1836 2330.14485201
3 738 1840 2346.4409605
4 739 1842 2349.84657169
3 740 1844 2350.11911277
4 741 1847 2352.24311427
5 742 1849 2352.73159759
6 743 1853 2362.31408984
5 744 1855 2363.24311427
4 745 1856 2363.84657169
3 746 1861 2372.4409605
4 747 1864 2374.21214193
3 748 1868 2375.73159759
2 749 1869 2383.24311427
1 750 1870 2385.21214193
2 751 1871 2386.97485711
3 752 1875 2390.91775917
2 753 1877 2391.97485711
3 754 1879 2394.00494839
4 755 1880 2395.75719182
5 756 1887 2404.61947996
4 757 1889 2406.75719182
3 758 1890 2407.91775917
4 759 1891 2409.20156222
5 760 1893 2412.30229338
4 761 1897 2416.91775917
5 762 1898 2419.08510181
4 763 1904 2426.20156222
3 764 1905 2426.30229338
2 765 1906 2427.61947996
1 766 1909 2436.08510181
2 767 1911 2460.36653411
3 768 1913 2465.70615332
4 769 1915 2466.57035308
3 770 1921 2477.36653411
4 771 1922 2479.9144069
3 772 1926 2482.70615332
4 773 1927 2482.77219376
3 774 1931 2487.77219376
2 775 1934 2495.57035308
1 776 1935 2499.9144069
2 777 1936 2502.65733267
1 778 1940 2522.65733267
2 779 1941 2524.15171899
3 780 1943 2528.13598245
2 781 1947 2536.13598245
3 782 1950 2538.68765411
4 783 1954 2542.0423578
5 784 1956 2543.48143629
4 785 1958 2543.68765411
3 786 1959 2544.15171899
4 787 1960 2549.32089962
5 788 1964 2556.73059282
4 789 1966 2557.48143629
5 790 1969 2561.13659149
6 791 1973 2565.8981952
5 792 1979 2571.0423578
6 793 1980 2572.23699781
5 794 1984 2575.32089962
4 795 1985 2576.73059282
5 796 1986 2578.02790575
4 797 1988 2578.13659149
3 798 1991 2582.8981952
4 799 1992 2583.15408565
3 800 1994 2586.23699781
2 801 2001 2600.15408565
3 802 2002 2600.61921695
4 803 2004 2601.06514152
5 804 2006 2602.49775415
4 805 2008 2604.02790575
5 806 2011 2607.01927473
6 807 2015 2609.9780832
5 808 2016 2610.49775415
6 809 2018 2610.89296475
5 810 2020 2611.61921695
6 811 2022 2612.32574818
5 812 2032 2618.06514152
4 813 2033 2621.06514152
3 814 2034 2622.61921695
4 815 2035 2624.46897022
5 816 2037 2625.29858867
4 817 2039 2627.01927473
3 818 2040 2627.49775415
4 819 2041 2628.90806378
5 820 2045 2631.11146945
6 821 2047 2633.9488155
5 822 2048 2636.29858867
6 823 2052 2637.67113816
7 824 2053 2638.16322997
8 825 2054 2639.4434765
9 826 2059 2642.04868271
10 827 2060 2646.18225781
11 828 2063 2647.37961563
10 829 2065 2647.46897022
9 830 2067 2648.11146945
8 831 2069 2650.29858867
9 832 2070 2651.94481895
8 833 2078 2657.90806378
7 834 2079 2664.46897022
6 835 2084 2667.29858867
5 836 2085 2668.11146945
6 837 2089 2677.00265688
5 838 2093 2678.46897022
4 839 2094 2680.90806378
5 840 2100 2686.42977386
4 841 2101 2687.29858867
5 842 2104 2690.92400086
4 843 2108 2694.11146945
5 844 2109 2694.58320999
4 845 2110 2698.46897022
3 846 2116 2704.29858867
4 847 2117 2705.56768384
5 848 2119 2705.99045635
4 849 2121 2714.11146945
3 850 2122 2715.46897022
4 851 2124 2715.57864623
5 852 2125 2717.49519736
6 853 2130 2718.91451596
5 854 2133 2722.56768384
6 855 2134 2724.05453514
7 856 2135 2724.48638493
6 857 2137 2725.11146945
7 858 2139 2725.37693228
8 859 2145 2737.84492491
7 860 2146 2739.11146945
6 861 2148 2742.56768384
5 862 2153 2745.11146945
4 863 2155 2750.56768384
3 864 2159 2756.11146945
2 865 2160 2756.11146945
3 866 2161 2757.81200448
4 867 2166 2761.97008021
5 868 2167 2764.04303494
6 869 2171 2768.85036949
5 870 2173 2770.56768384
4 871 2175 2771.81200448
3 872 2178 2774.81200448
2 873 2179 2778.56768384
3 874 2180 2779.01434206
4 875 2183 2779.75769827
3 876 2186 2788.81200448
2 877 2190 2799.01434206
1 878 2191 2805.01434206
2 879 2193 2812.67736478
3 880 2197 2817.4441514
2 881 2199 2817.67736478
1 882 2202 2834.4441514
2 883 2203 2856.20286446
3 884 2205 2858.99499804
2 885 2211 2869.99499804
3 886 2212 2875.49959563
2 887 2214 2876.20286446
1 888 2218 2886.49959563
2 889 2220 2893.27898024
3 890 2224 2907.42185528
4 891 2226 2908.42824262
5 892 2227 2908.95878072
6 893 2228 2914.02573814
5 894 2232 2916.27898024
6 895 2235 2918.62735622
7 896 2236 2919.07870767
6 897 2239 2924.42185528
5 898 2246 2933.27898024
6 899 2252 2936.35994496
5 900 2254 2938.42185528
4 901 2255 2941.27898024
3 902 2256 2941.42185528
4 903 2257 2941.87114963
3 904 2259 2941.90806378
4 905 2264 2948.88512284
5 906 2266 2949.66210106
6 907 2268 2951.93321643
5 908 2269 2953.35994496
4 909 2271 2955.87114963
3 910 2276 2959.88512284
2 911 2280 2966.66210106
1 912 2282 2973.35994496
2 913 2283 2977.35124211
3 914 2286 2984.41498994
4 915 2291 2994.4883394
3 916 2293 2998.41498994
2 917 2296 3009.35124211
3 918 2297 3009.77652898
4 919 2300 3010.00901195
5 920 2301 3011.3660036
6 921 2304 3015.31475757
5 922 2306 3017.4883394
4 923 2308 3018.00901195
5 924 2309 3020.16572916
6 925 2310 3020.31160556
5 926 2317 3032.77652898
4 927 2319 3037.4883394
3 928 2323 3041.00901195
4 929 2326 3045.62852256
3 930 2328 3049.77652898
2 931 2329 3051.4883394
3 932 2332 3060.96682901
2 933 2336 3071.96682901
3 934 2337 3072.52582962
4 935 2339 3073.35296685
3 936 2341 3074.62852256
2 937 2346 3083.52582962
1 938 2347 3084.35296685
2 939 2348 3089.96693736
3 940 2350 3090.68184696
2 941 2355 3100.96693736
1 942 2358 3110.68184696
2 943 2359 3123.08524866
3 944 2361 3129.52134189
4 945 2367 3136.54688086
5 946 2369 3138.79730047
4 947 2371 3143.08524866
3 948 2372 3143.52134189
2 949 2377 3155.79730047
1 950 2378 3156.54688086
2 951 2379 3156.65417588
3 952 2383 3161.084296
4 953 2387 3171.90739939
3 954 2389 3173.65417588
4 955 2390 3177.15582815
3 956 2392 3178.084296
4 957 2395 3179.7221569
5 958 2397 3180.90500268
6 959 2399 3181.00644675
5 960 2404 3185.90739939
6 961 2406 3186.45259704
5 962 2412 3191.15582815
4 963 2413 3191.90500268
5 964 2415 3192.76735829
6 965 2416 3193.63662316
7 966 2418 3193.8242179
8 967 2420 3194.20952244
9 968 2422 3196.34145575
8 969 2423 3196.7221569
7 970 2426 3199.7221569
8 971 2434 3202.70633802
7 972 2438 3203.88512284
6 973 2441 3204.63662316
5 974 2442 3204.8242179
4 975 2443 3207.7221569
3 976 2444 3209.88512284
2 977 2445 3213.7221569
1 978 2446 3214.20952244
2 979 2447 3220.4666351
3 980 2449 3225.15762803
4 981 2451 3226.07212273
5 982 2454 3228.91683946
6 983 2460 3233.91497967
7 984 2462 3234.21904052
6 985 2468 3240.4666351
7 986 2469 3242.07439598
6 987 2470 3243.07212273
5 988 2472 3243.4666351
4 989 2475 3244.91497967
3 990 2476 3245.15762803
4 991 2477 3245.28758865
5 992 2481 3254.54935447
4 993 2483 3257.21904052
5 994 2486 3261.72172267
4 995 2490 3268.28758865
3 996 2493 3272.07212273
2 997 2494 3274.54935447
1 998 2495 3275.72172267
2 999 2496 3282.24418019
3 1000 2498 3285.24490505
4 1001 2500 3290.25093414
5 1002 2502 3293.94922015
6 1003 2508 3297.53109828
5 1004 2512 3302.24490505
4 1005 2515 3304.94922015
3 1006 2516 3305.24418019
4 1007 2519 3308.43448932
5 1008 2521 3311.27575577
4 1009 2523 3311.53109828
3 1010 2524 3313.25093414
2 1011 2529 3322.43448932
3 1012 2530 3324.61981323
4 1013 2533 3327.49038473
3 1014 2534 3331.27575577
4 1015 2538 3340.81330438
5 1016 2540 3341.52527913
6 1017 2542 3344.65957173
5 1018 2544 3347.61981323
4 1019 2545 3347.61981323
5 1020 2548 3349.34340738
6 1021 2550 3350.90923874
5 1022 2560 3355.90923874
4 1023 2561 3357.34340738
3 1024 2562 3357.81330438
4 1025 2563 3358.40628515
3 1026 2565 3358.65957173
4 1027 2567 3363.34054038
3 1028 2568 3364.52527913
4 1029 2572 3370.91687121
5 1030 2574 3371.60853285
4 1031 2576 3372.40628515
3 1032 2577 3375.40628515
4 1033 2578 3376.06139328
5 1034 2580 3377.54764196
4 1035 2588 3382.54764196
5 1036 2590 3385.66244479
6 1037 2591 3385.87812779
5 1038 2595 3388.60853285
6 1039 2596 3389.60477071
7 1040 2600 3391.86857619
6 1041 2603 3393.06139328
5 1042 2605 3393.91687121
4 1043 2606 3396.87812779
3 1044 2612 3402.66244479
2 1045 2614 3406.60477071
1 1046 2615 3407.06139328
2 1047 2616 3407.65796528
3 1048 2618 3416.06309586
4 1049 2620 3418.64792301
5 1050 2628 3428.08658277
4 1051 2632 3433.65796528
5 1052 2633 3433.78493788
6 1053 2635 3434.01394684
5 1054 2637 3435.64792301
4 1055 2638 3436.06309586
3 1056 2639 3442.08658277
4 1057 2641 3443.68115672
5 1058 2642 3446.62862499
4 1059 2649 3450.78493788
3 1060 2652 3456.78493788
4 1061 2653 3458.14748806
5 1062 2655 3459.05682253
6 1063 2658 3459.39113395
7 1064 2659 3459.69212004
6 1065 2660 3460.62862499
5 1066 2662 3461.64792301
6 1067 2666 3462.25473674
5 1068 2668 3466.14748806
6 1069 2673 3473.4333045
5 1070 2675 3474.14748806
4 1071 2676 3474.62862499
5 1072 2677 3474.94031289
6 1073 2684 3477.85900309
7 1074 2685 3479.55904325
8 1075 2691 3484.52009007
7 1076 2692 3485.14748806
6 1077 2693 3488.05682253
5 1078 2695 3491.05682253
4 1079 2697 3491.14748806
3 1080 2698 3491.94031289
4 1081 2700 3495.04540348
3 1082 2704 3502.05682253
4 1083 2705 3502.63646269
5 1084 2707 3502.70621849
6 1085 2708 3503.22990173
5 1086 2714 3508.14748806
6 1087 2715 3510.00268128
5 1088 2718 3517.14748806
4 1089 2720 3519.05682253
5 1090 2723 3522.70429685
4 1091 2725 3524.05682253
5 1092 2728 3527.73392406
6 1093 2731 3531.34214111
5 1094 2732 3534.14748806
4 1095 2734 3535.05682253
5 1096 2736 3535.21111612
4 1097 2741 3542.14748806
5 1098 2744 3547.74547831
4 1099 2748 3552.05682253
3 1100 2750 3556.14748806
4 1101 2752 3556.17733172
3 1102 2753 3559.14748806
4 1103 2754 3559.61687991
5 1104 2757 3562.81038441
6 1105 2758 3563.74972849
7 1106 2765 3570.35701988
6 1107 2767 3570.61687991
5 1108 2769 3572.05682253
4 1109 2770 3572.05682253
3 1110 2773 3573.61687991
4 1111 2776 3585.88213307
3 1112 2778 3586.05682253
4 1113 2779 3592.97947138
5 1114 2780 3593.42522819
4 1115 2781 3593.61687991
5 1116 2787 3604.16796162
6 1117 2788 3605.82630814
7 1118 2789 3606.68323362
6 1119 2791 3609.05682253
5 1120 2795 3616.61687991
6 1121 2796 3618.00513352
7 1122 2797 3620.12395175
8 1123 2804 3627.29223948
7 1124 2806 3627.87812779
8 1125 2807 3631.21248902
7 1126 2810 3633.61687991
6 1127 2813 3635.05682253
7 1128 2814 3641.03600501
6 1129 2816 3644.87812779
5 1130 2824 3655.05682253
4 1131 2825 3655.87812779
5 1132 2827 3657.62929933
4 1133 2831 3662.61687991
5 1134 2834 3666.91004056
4 1135 2836 3669.87812779
3 1136 2837 3672.05682253
4 1137 2839 3672.83884369
3 1138 2843 3679.61687991
4 1139 2847 3683.33950386
3 1140 2850 3686.87812779
2 1141 2853 3693.61687991
3 1142 2855 3694.13171933
4 1143 2857 3694.85993651
3 1144 2863 3702.13171933
2 1145 2865 3709.87812779
3 1146 2869 3717.5032628
4 1147 2872 3722.64836613
3 1148 2873 3725.13171933
2 1149 2877 3743.5032628
1 1150 2878 3743.5032628
2 1151 2879 3749.56992238
3 1152 2881 3757.71723654
4 1153 2883 3759.77085126
3 1154 2889 3768.71723654
4 1155 2892 3772.76659409
3 1156 2894 3773.77085126
2 1157 2897 3784.56992238
1 1158 2898 3792.76659409
2 1159 2899 3793.38326461
3 1160 2901 3796.07724419
4 1161 2905 3799.64857675
5 1162 2907 3801.96412537
6 1163 2908 3802.90500969
5 1164 2914 3810.38326461
4 1165 2915 3810.64857675
3 1166 2917 3813.07724419
2 1167 2922 3821.64857675
1 1168 2923 3827.38326461
2 1169 2924 3830.99438792
3 1170 2926 3831.39410155
4 1171 2928 3834.39664742
5 1172 2934 3838.33931972
6 1173 2937 3838.67756929
5 1174 2938 3839.39410155
6 1175 2941 3842.55273971
5 1176 2945 3847.39410155
6 1177 2947 3848.13913324
7 1178 2950 3848.43611641
6 1179 2952 3850.99438792
5 1180 2954 3851.39664742
4 1181 2955 3853.39410155
5 1182 2956 3856.84039331
4 1183 2957 3858.39410155
5 1184 2961 3865.11720421
4 1185 2964 3868.39664742
5 1186 2968 3871.70309397
4 1187 2969 3873.99438792
3 1188 2971 3875.39410155
4 1189 2972 3884.16037523
5 1190 2978 3893.91338426
4 1191 2981 3894.39664742
3 1192 2983 3901.16037523
2 1193 2986 3902.99438792
3 1194 2987 3908.07309354
4 1195 2989 3909.98536824
5 1196 2991 3910.91561235
4 1197 2992 3911.39664742
5 1198 2996 3920.83145249
6 1199 2998 3920.84544652
5 1200 2999 3920.98536824
6 1201 3004 3921.31353766
7 1202 3006 3922.25576945
6 1203 3012 3928.39664742
5 1204 3014 3928.98536824
4 1205 3015 3931.07309354
3 1206 3018 3934.07309354
4 1207 3019 3939.3365211
3 1208 3021 3940.98536824
2 1209 3024 3945.39664742
3 1210 3025 3947.49022412
4 1211 3027 3947.57188199
5 1212 3031 3953.64721062
4 1213 3037 3961.49022412
3 1214 3038 3962.3365211
2 1215 3039 3964.57188199
3 1216 3040 3966.70596348
4 1217 3044 3972.3459765
5 1218 3047 3974.17654048
6 1219 3050 3974.94412997
5 1220 3051 3975.49022412
6 1221 3052 3977.33303659
7 1222 3057 3984.71886779
6 1223 3066 3988.17654048
5 1224 3067 3989.3459765
4 1225 3068 3989.70596348
5 1226 3069 3991.55084559
4 1227 3071 3994.17654048
3 1228 3072 3994.33303659
4 1229 3073 3998.61099973
3 1230 3075 4001.3459765
4 1231 3078 4005.37642433
5 1232 3080 4006.32557274
4 1233 3082 4008.55084559
3 1234 3087 4015.61099973
2 1235 3090 4019.37642433
1 1236 3091 4020.32557274
2 1237 3092 4036.11192707
3 1238 3094 4050.17032736
4 1239 3098 4052.64182254
3 1240 3102 4056.11192707
4 1241 3105 4064.0252641
3 1242 3107 4064.17032736
2 1243 3109 4066.64182254
3 1244 3111 4070.70571617
2 1245 3115 4075.70571617
1 1246 3118 4087.0252641
2 1247 3119 4098.62687714
3 1248 3121 4104.79060253
4 1249 3127 4116.13035012
3 1250 3131 4118.79060253
4 1251 3132 4121.08453394
3 1252 3134 4121.62687714
2 1253 3135 4124.13035012
3 1254 3136 4126.86099258
4 1255 3140 4128.75507372
5 1256 3146 4138.78762057
6 1257 3148 4139.27183374
5 1258 3149 4141.08453394
4 1259 3151 4143.86099258
5 1260 3155 4150.02338488
6 1261 3161 4157.39099488
5 1262 3163 4157.75507372
4 1263 3164 4158.78762057
3 1264 3165 4161.08453394
4 1265 3167 4161.27186959
3 1266 3171 4164.78762057
4 1267 3172 4167.19461565
3 1268 3174 4168.39099488
4 1269 3177 4172.07100695
3 1270 3179 4174.39099488
2 1271 3182 4181.19461565
3 1272 3183 4186.07212213
2 1273 3187 4192.07100695
3 1274 3188 4192.30274824
4 1275 3190 4195.35309464
5 1276 3194 4205.23388567
4 1277 3198 4206.30274824
3 1278 3199 4209.07212213
2 1279 3202 4209.35309464
1 1280 3203 4213.23388567
2 1281 3204 4223.55247665
3 1282 3206 4226.58549959
4 1283 3208 4227.8543479
5 1284 3212 4235.54666457
6 1285 3216 4237.05918978
7 1286 3217 4240.48248132
6 1287 3219 4240.55247665
5 1288 3220 4243.58549959
4 1289 3228 4249.54666457
3 1290 3231 4253.8543479
2 1291 3232 4257.55247665
3 1292 3234 4259.74764609
2 1293 3236 4260.58549959
3 1294 3238 4261.16764285
2 1295 3246 4276.74764609
3 1296 3247 4277.45227247
2 1297 3249 4278.16764285
3 1298 3251 4278.67093536
4 1299 3252 4279.53365428
5 1300 3259 4285.63966017
4 1301 3263 4288.45227247
3 1302 3266 4296.45227247
2 1303 3267 4296.53365428
1 1304 3268 4297.45227247
2 1305 3269 4298.94892269
3 1306 3271 4302.43801537
4 1307 3276 4306.88760929
3 1308 3280 4318.94892269
2 1309 3281 4319.43801537
1 1310 3282 4324.94892269
2 1311 3283 4333.90883469
3 1312 3285 4335.13522067
4 1313 3287 4337.17986569
5 1314 3290 4339.42282781
6 1315 3293 4344.81538141
5 1316 3294 4349.13522067
4 1317 3298 4350.90883469
5 1318 3302 4353.63094003
6 1319 3303 4354.77991707
5 1320 3304 4357.13522067
6 1321 3307 4361.3430812
5 1322 3309 4363.13522067
6 1323 3310 4365.67183503
5 1324 3313 4367.90883469
6 1325 3316 4370.85135373
5 1326 3321 4383.13522067
4 1327 3322 4384.90883469
3 1328 3323 4384.90883469
4 1329 3327 4389.14424674
5 1330 3328 4390.38504641
6 1331 3331 4393.16524572
7 1332 3332 4394.35580689
8 1333 3333 4396.08583924
7 1334 3334 4397.13522067
6 1335 3336 4398.90883469
7 1336 3339 4405.86335592
8 1337 3345 4407.29360985
7 1338 3346 4409.90883469
8 1339 3350 4415.63746418
7 1340 3351 4415.90883469
8 1341 3352 4417.81422404
9 1342 3353 4418.83426168
8 1343 3354 4420.13522067
9 1344 3356 4423.64494806
8 1345 3359 4429.90883469
7 1346 3363 4434.13522067
8 1347 3366 4437.98931876
9 1348 3370 4442.04857502
10 1349 3371 4442.10800413
9 1350 3374 4442.13522067
8 1351 3376 4443.90883469
9 1352 3377 4445.74803622
8 1353 3378 4446.90883469
7 1354 3385 4457.90883469
6 1355 3389 4459.13522067
5 1356 3390 4459.13522067
6 1357 3392 4461.47373882
5 1358 3393 4465.90883469
6 1359 3398 4466.21551512
7 1360 3399 4467.22092423
6 1361 3403 4473.13522067
5 1362 3404 4476.90883469
4 1363 3413 4485.13522067
5 1364 3419 4489.55130658
4 1365 3420 4490.13522067
5 1366 3421 4496.88758805
6 1367 3426 4498.46211421
5 1368 3427 4501.36316064
4 1369 3428 4502.90883469
3 1370 3432 4507.36316064
2 1371 3433 4513.88758805
3 1372 3436 4516.05460731
4 1373 3438 4519.61239102
5 1374 3440 4522.27047638
6 1375 3442 4522.413533
7 1376 3443 4522.78975684
6 1377 3447 4528.90883469
7 1378 3451 4532.1312886
6 1379 3453 4533.05460731
5 1380 3456 4536.61239102
6 1381 3459 4537.94841778
7 1382 3460 4539.39922873
6 1383 3461 4539.61239102
7 1384 3463 4541.81995522
6 1385 3465 4542.90883469
7 1386 3468 4545.42945977
6 1387 3470 4547.05460731
7 1388 3472 4548.0465161
6 1389 3474 4550.61239102
7 1390 3478 4554.05791767
6 1391 3481 4561.05460731
5 1392 3484 4562.90883469
4 1393 3485 4562.90883469
5 1394 3488 4564.48748518
6 1395 3489 4567.8926256
5 1396 3491 4570.61239102
6 1397 3496 4573.87195666
5 1398 3499 4579.90883469
4 1399 3503 4581.05460731
3 1400 3505 4581.61239102
2 1401 3506 4584.90883469
3 1402 3510 4590.11288094
4 1403 3514 4594.59898263
3 1404 3516 4601.05460731
2 1405 3518 4604.11288094
1 1406 3521 4624.05460731
2 1407 3523 4627.63858987
3 1408 3526 4635.70719497
4 1409 3527 4639.07778434
5 1410 3530 4641.6378208
4 1411 3532 4644.63858987
5 1412 3533 4645.00735439
6 1413 3536 4653.4416758
7 1414 3537 4654.60951173
8 1415 3538 4658.26974257
7 1416 3540 4658.63858987
8 1417 3541 4660.56643087
9 1418 3544 4666.6602642
8 1419 3550 4669.63858987
9 1420 3551 4672.42670028
10 1421 3554 4678.94923894
11 1422 3555 4679.62382451
10 1423 3561 4684.56236854
9 1424 3562 4686.63858987
8 1425 3571 4689.56236854
9 1426 3573 4690.48245607
10 1427 3574 4692.10451308
9 1428 3580 4695.63858987
8 1429 3583 4696.28528554
7 1430 3584 4699.28528554
6 1431 3587 4703.63858987
5 1432 3589 4704.56236854
6 1433 3590 4705.02440324
7 1434 3591 4708.97800713
8 1435 3597 4711.00455498
7 1436 3598 4713.28528554
6 1437 3599 4715.56236854
5 1438 3602 4719.28528554
4 1439 3604 4720.63858987
5 1440 3605 4721.20686153
6 1441 3608 4722.21209394
7 1442 3615 4728.06951323
6 1443 3617 4729.56236854
5 1444 3618 4729.56236854
6 1445 3619 4732.51700262
5 1446 3620 4732.56236854
6 1447 3623 4734.57515075
7 1448 3624 4736.26927479
8 1449 3625 4736.29082861
7 1450 3627 4738.20686153
6 1451 3628 4739.28528554
5 1452 3637 4755.56236854
4 1453 3639 4758.20686153
3 1454 3640 4759.28528554
4 1455 3645 4762.85769502
5 1456 3647 4764.95908293
4 1457 3649 4769.56236854
3 1458 3652 4772.20686153
4 1459 3653 4774.13364907
5 1460 3657 4777.52408991
6 1461 3659 4780.77122675
7 1462 3660 4783.42168612
8 1463 3661 4784.50005164
7 1464 3663 4785.85769502
6 1465 3664 4786.56236854
7 1466 3670 4790.9805364
8 1467 3671 4791.83912342
9 1468 3672 4796.25367496
8 1469 3673 4797.13364907
7 1470 3676 4800.13364907
8 1471 3682 4802.68605754
9 1472 3683 4803.29385302
10 1473 3687 4808.62557381
9 1474 3689 4808.85769502
8 1475 3691 4809.56236854
9 1476 3693 4810.00407176
8 1477 3695 4811.13364907
7 1478 3696 4811.13364907
6 1479 3697 4812.56236854
7 1480 3698 4813.79757528
6 1481 3706 4825.85769502
5 1482 3708 4829.56236854
4 1483 3711 4831.13364907
3 1484 3715 4832.56236854
4 1485 3716 4838.53885326
3 1486 3718 4839.13364907
2 1487 3720 4839.85769502
3 1488 3721 4842.41142939
2 1489 3728 4855.53885326
3 1490 3729 4858.9515811
2 1491 3731 4862.41142939
3 1492 3732 4863.64394617
4 1493 3738 4875.77395837
3 1494 3739 4875.9515811
2 1495 3741 4883.64394617
3 1496 3742 4883.86821736
4 1497 3748 4891.06871041
5 1498 3749 4891.70149327
4 1499 3750 4897.86821736
3 1500 3752 4898.9515811
4 1501 3754 4899.49048978
5 1502 3757 4905.40850415
6 1503 3764 4911.74570252
7 1504 3765 4911.85403531
6 1505 3768 4915.05460731
7 1506 3770 4917.48367063
8 1507 3772 4920.40214918
7 1508 3774 4920.86821736
6 1509 3775 4921.9515811
5 1510 3783 4929.05460731
6 1511 3784 4934.64529839
5 1512 3787 4935.05460731
6 1513 3788 4937.86852539
7 1514 3789 4940.44657655
8 1515 3791 4941.88196804
9 1516 3795 4942.72662425
8 1517 3796 4943.05460731
7 1518 3799 4943.86821736
6 1519 3801 4947.9515811
7 1520 3802 4950.97825107
8 1521 3805 4952.67951682
7 1522 3808 4958.05460731
6 1523 3810 4958.9515811
5 1524 3815 4966.86821736
6 1525 3817 4968.68670337
5 1526 3819 4969.05460731
6 1527 3820 4975.58931008
5 1528 3822 4975.9515811
6 1529 3827 4977.27758331
5 1530 3829 4980.05460731
4 1531 3830 4980.86821736
5 1532 3832 4983.42532426
4 1533 3837 4991.86821736
5 1534 3842 4994.79496646
6 1535 3843 4997.13318198
5 1536 3848 4998.9515811
6 1537 3849 4999.60154098
7 1538 3850 5002.75771403
6 1539 3852 5003.05460731
5 1540 3853 5005.86821736
4 1541 3859 5011.86821736
3 1542 3860 5012.9515811
4 1543 3862 5014.509996
5 1544 3863 5016.43498924
4 1545 3865 5017.05460731
5 1546 3866 5017.06423314
4 1547 3870 5022.86821736
5 1548 3872 5023.33389751
4 1549 3879 5033.86821736
3 1550 3881 5036.86821736
4 1551 3882 5038.3266644
3 1552 3883 5043.05460731
4 1553 3885 5045.94531903
5 1554 3886 5047.95455434
6 1555 3891 5054.93148612
5 1556 3895 5056.86821736
6 1557 3898 5058.36730288
5 1558 3900 5061.86821736
4 1559 3901 5063.05460731
5 1560 3906 5068.38009678
4 1561 3912 5076.13364907
3 1562 3913 5078.86821736
2 1563 3914 5078.86821736
1 1564 3917 5089.05460731
2 1565 3918 5091.51255588
3 1566 3923 5103.77496789
4 1567 3927 5108.38290083
5 1568 3929 5108.60215715
6 1569 3931 5109.33834413
5 1570 3932 5111.51255588
4 1571 3935 5117.51255588
3 1572 3937 5122.38290083
4 1573 3938 5124.03990706
5 1574 3940 5124.15483458
6 1575 3945 5136.34989753
7 1576 3948 5138.41455126
8 1577 3949 5140.08508233
7 1578 3950 5143.51255588
6 1579 3953 5143.60215715
5 1580 3954 5147.03990706
4 1581 3959 5152.03990706
3 1582 3964 5157.60215715
4 1583 3965 5161.94507351
3 1584 3967 5163.51255588
4 1585 3968 5167.0952623
3 1586 3974 5175.94507351
4 1587 3977 5182.43254434
3 1588 3979 5184.03990706
4 1589 3982 5187.95502511
5 1590 3984 5188.40316609
4 1591 3985 5190.0952623
5 1592 3987 5191.75383666
6 1593 3988 5192.1642511
7 1594 3991 5198.81618228
6 1595 3994 5199.43254434
5 1596 3998 5201.95502511
6 1597 4004 5203.89563171
5 1598 4006 5204.43254434
6 1599 4007 5205.33164775
5 1600 4009 5207.0952623
6 1601 4012 5208.56671574
5 1602 4013 5209.95502511
4 1603 4019 5215.43254434
5 1604 4020 5215.85838266
4 1605 4022 5216.43254434
3 1606 4025 5217.95502511
2 1607 4026 5221.0952623
3 1608 4027 5222.75893831
4 1609 4029 5226.02754424
3 1610 4031 5226.85838266
4 1611 4032 5229.95950198
5 1612 4034 5230.78069918
6 1613 4041 5239.81352632
7 1614 4042 5239.98768648
8 1615 4043 5241.94002116
7 1616 4045 5243.95950198
6 1617 4048 5245.75893831
7 1618 4049 5245.86613267
6 1619 4053 5255.02754424
5 1620 4060 5260.95950198
4 1621 4061 5265.75893831
5 1622 4063 5266.9220465
4 1623 4065 5269.02754424
5 1624 4069 5271.41268243
4 1625 4070 5271.75893831
5 1626 4076 5282.66739207
6 1627 4078 5282.72969561
5 1628 4079 5286.02754424
6 1629 4080 5288.29876659
5 1630 4082 5289.02754424
6 1631 4083 5289.32985495
5 1632 4085 5289.95950198
6 1633 4086 5291.70704755
7 1634 4087 5292.25215721
8 1635 4088 5294.30547175
9 1636 4091 5296.71466282
10 1637 4092 5298.52680462
9 1638 4096 5303.02754424
8 1639 4103 5311.66739207
9 1640 4104 5313.67790806
10 1641 4105 5319.22027795
9 1642 4107 5320.02754424
8 1643 4110 5321.95950198
7 1644 4115 5331.66739207
6 1645 4123 5334.66739207
7 1646 4125 5335.58507342
6 1647 4131 5342.66739207
5 1648 4132 5343.02754424
4 1649 4133 5344.95950198
3 1650 4134 5344.95950198
4 1651 4135 5345.01394682
3 1652 4139 5349.86821736
4 1653 4140 5350.62874649
3 1654 4142 5351.66739207
2 1655 4145 5362.01394682
1 1656 4146 5367.62874649
2 1657 4147 5368.62560801
3 1658 4149 5375.96295323
4 1659 4151 5376.68440415
3 1660 4157 5382.62560801
4 1661 4158 5385.53472137
3 1662 4162 5387.68440415
4 1663 4163 5390.02284239
5 1664 4165 5395.92471753
4 1665 4171 5398.96295323
3 1666 4174 5403.92471753
2 1667 4175 5405.53472137
1 1668 4176 5407.02284239
2 1669 4177 5408.81297724
3 1670 4181 5423.16096212
2 1671 4183 5425.81297724
3 1672 4184 5428.07541146
2 1673 4188 5437.16096212
3 1674 4189 5440.93595382
4 1675 4195 5449.11198532
3 1676 4197 5454.07541146
4 1677 4198 5454.78006226
5 1678 4201 5459.60016638
6 1679 4204 5462.98374894
7 1680 4206 5463.02934124
6 1681 4207 5463.93595382
5 1682 4212 5465.78006226
4 1683 4213 5466.11198532
3 1684 4214 5472.11198532
2 1685 4219 5485.98374894
1 1686 4221 5486.93595382
2 1687 4223 5489.36487545
3 1688 4225 5489.86659778
4 1689 4229 5496.0950329
5 1690 4233 5497.56280346
6 1691 4235 5502.48171895
7 1692 4236 5504.24733069
8 1693 4241 5509.23753135
7 1694 4243 5509.36487545
6 1695 4244 5509.36487545
7 1696 4245 5515.26240438
6 1697 4246 5515.86659778
5 1698 4253 5520.36487545
6 1699 4254 5520.65457683
7 1700 4259 5523.084518
8 1701 4260 5527.88175966
7 1702 4263 5529.86659778
6 1703 4265 5531.36487545
7 1704 4266 5531.49674109
8 1705 4270 5534.24524267
7 1706 4272 5534.75893831
8 1707 4275 5539.30043632
7 1708 4277 5540.86659778
6 1709 4282 5542.36487545
5 1710 4283 5543.86659778
6 1711 4286 5546.00495172
7 1712 4287 5547.63334105
8 1713 4288 5550.19639447
7 1714 4289 5551.75893831
6 1715 4293 5551.86659778
7 1716 4297 5555.67787828
6 1717 4299 5556.36487545
5 1718 4304 5559.36487545
4 1719 4307 5562.75893831
3 1720 4308 5565.75893831
4 1721 4309 5567.31951717
3 1722 4311 5568.75893831
2 1723 4312 5569.67787828
1 1724 4315 5578.31951717
2 1725 4316 5578.66574819
3 1726 4320 5583.50908974
4 1727 4322 5592.46355208
3 1728 4326 5595.66574819
2 1729 4327 5597.50908974
3 1730 4328 5599.9351598
2 1731 4332 5606.46355208
3 1732 4333 5606.76205431
4 1733 4335 5607.10655193
5 1734 4337 5609.82890183
4 1735 4344 5619.9351598
5 1736 4346 5626.57589748
4 1737 4349 5627.10655193
3 1738 4351 5629.76205431
4 1739 4354 5636.67990903
3 1740 4356 5636.9351598
2 1741 4359 5644.10655193
1 1742 4360 5647.67990903
2 1743 4361 5658.48746258
3 1744 4365 5662.87577091
2 1745 4367 5666.48746258
3 1746 4370 5667.3545027
2 1747 4372 5670.87577091
3 1748 4373 5672.31829799
4 1749 4375 5672.87314195
3 1750 4383 5680.31829799
4 1751 4384 5682.38370011
5 1752 4386 5686.09195832
4 1753 4390 5686.87314195
3 1754 4391 5687.3545027
2 1755 4392 5690.38370011
3 1756 4395 5697.12769665
2 1757 4397 5700.87314195
1 1758 4401 5714.12769665
2 1759 4402 5714.42553601
3 1760 4406 5722.82990086
2 1761 4409 5728.42553601
3 1762 4410 5732.74104786
4 1763 4414 5735.33638484
3 1764 4418 5739.82990086
4 1765 4419 5742.69601786
3 1766 4421 5746.74104786
4 1767 4426 5752.61511325
3 1768 4428 5755.33638484
2 1769 4431 5756.69601786
1 1770 4432 5760.61511325
2 1771 4433 5765.81340007
3 1772 4437 5781.1816449
4 1773 4441 5784.77831756
3 1774 4443 5786.1816449
4 1775 4444 5789.74558003
5 1776 4446 5791.44891434
4 1777 4450 5794.81340007
3 1778 4456 5798.77831756
2 1779 4457 5799.44891434
1 1780 4459 5806.74558003
2 1781 4460 5809.56503176
3 1782 4464 5823.30683677
2 1783 4466 5826.56503176
3 1784 4467 5828.64072719
4 1785 4473 5835.51199492
5 1786 4475 5836.2028183
4 1787 4477 5840.30683677
5 1788 4478 5842.15827266
4 1789 4480 5842.64072719
5 1790 4482 5844.85517015
6 1791 4486 5847.32547879
5 1792 4490 5849.51199492
4 1793 4491 5855.51199492
5 1794 4492 5856.85120157
4 1795 4500 5862.2028183
5 1796 4501 5863.23444421
4 1797 4505 5864.32547879
3 1798 4506 5867.85120157
2 1799 4507 5868.23444421
3 1800 4508 5871.70388595
4 1801 4510 5872.50703699
3 1802 4512 5874.15827266
4 1803 4516 5879.33899017
3 1804 4521 5883.50703699
2 1805 4522 5885.70388595
3 1806 4523 5885.984198
4 1807 4525 5888.17727312
3 1808 4529 5893.33899017
4 1809 4532 5895.79768155
3 1810 4534 5899.17727312
2 1811 4535 5899.984198
3 1812 4537 5903.22563872
4 1813 4544 5909.73979812
5 1814 4546 5910.83377866
4 1815 4547 5917.22563872
3 1816 4549 5918.79768155
2 1817 4554 5926.73979812
3 1818 4555 5928.47696452
4 1819 4557 5934.32218446
3 1820 4559 5937.22563872
2 1821 4564 5942.47696452
3 1822 4565 5942.54551433
2 1823 4569 5945.32218446
3 1824 4570 5946.74233621
2 1825 4572 5947.54551433
3 1826 4574 5949.82765094
4 1827 4578 5951.87790524
3 1828 4580 5954.74233621
4 1829 4583 5958.91889749
3 1830 4585 5962.87790524
2 1831 4588 5969.74233621
3 1832 4589 5971.81191267
2 1833 4591 5975.91889749
3 1834 4593 5978.37408636
2 1835 4597 5982.81191267
3 1836 4598 5983.62023789
2 1837 4600 5985.81191267
3 1838 4601 5991.86576649
4 1839 4605 6001.37107441
5 1840 4609 6003.19862439
6 1841 4610 6006.12479284
5 1842 4612 6006.62023789
6 1843 4615 6009.03122856
7 1844 4618 6011.626396
6 1845 4620 6011.86576649
7 1846 4621 6014.80656667
6 1847 4623 6015.37107441
7 1848 4624 6017.6257659
6 1849 4626 6020.62023789
7 1850 4628 6023.44109162
8 1851 4631 6025.79023652
7 1852 4639 6031.86576649
8 1853 4640 6032.48814429
9 1854 4641 6033.33824746
8 1855 4645 6037.86576649
7 1856 4646 6038.37107441
6 1857 4649 6040.62023789
5 1858 4651 6040.81340007
6 1859 4654 6042.58883539
7 1860 4663 6048.9606248
6 1861 4665 6050.58883539
5 1862 4666 6052.37107441
4 1863 4667 6054.62023789
5 1864 4669 6055.56773081
4 1865 4670 6058.37107441
3 1866 4674 6060.86576649
4 1867 4676 6064.29045646
5 1868 4680 6066.21584203
4 1869 4681 6070.58883539
3 1870 4685 6072.37107441
4 1871 4686 6078.00977776
5 1872 4688 6080.18533783
4 1873 4691 6081.29045646
3 1874 4693 6084.58883539
2 1875 4698 6098.00977776
3 1876 4699 6102.88239608
4 1877 4701 6103.65303443
3 1878 4705 6104.29045646
4 1879 4706 6104.498688
3 1880 4712 6116.88239608
2 1881 4713 6120.65303443
3 1882 4714 6120.90015568
2 1883 4717 6127.498688
3 1884 4720 6129.7079205
2 1885 4722 6134.90015568
3 1886 4725 6145.81224669
2 1887 4727 6146.7079205
3 1888 4730 6157.65105173
2 1889 4732 6159.81224669
3 1890 4733 6163.32909512
4 1891 4737 6165.11331007
5 1892 4739 6167.80636869
4 1893 4747 6174.65105173
3 1894 4748 6175.80636869
2 1895 4749 6180.32909512
3 1896 4750 6181.35862124
2 1897 4752 6182.11331007
3 1898 4753 6186.34895197
4 1899 4759 6195.5848565
3 1900 4761 6197.34895197
2 1901 4762 6198.35862124
3 1902 4763 6198.40279979
4 1903 4765 6203.20336525
5 1904 4771 6207.72346705
4 1905 4773 6209.40279979
5 1906 4778 6212.99139535
4 1907 4780 6215.5848565
3 1908 4781 6217.20336525
2 1909 4782 6218.72346705
3 1910 4783 6219.71824463
4 1911 4787 6229.8003157
3 1912 4793 6235.99139535
4 1913 4794 6239.34634708
3 1914 4796 6239.71824463
2 1915 4797 6240.8003157
3 1916 4800 6254.02130126
2 1917 4802 6259.34634708
3 1918 4803 6259.57925097
2 1919 4807 6271.02130126
1 1920 4810 6282.57925097
2 1921 4811 6286.63439286
3 1922 4813 6294.08552725
2 1923 4820 6303.63439286
3 1924 4821 6304.08394751
2 1925 4823 6311.08552725
3 1926 4826 6317.73175234
4 1927 4828 6317.80111027
5 1928 4830 6318.41436084
6 1929 4832 6318.69541167
5 1930 4836 6321.08394751
6 1931 4839 6322.52911297
7 1932 4843 6322.84961706
8 1933 4844 6323.26396748
7 1934 4846 6325.73175234
6 1935 4848 6326.69541167
5 1936 4855 6333.52911297
4 1937 4858 6335.41436084
5 1938 4859 6339.66495496
4 1939 4861 6339.73175234
3 1940 4862 6340.80111027
4 1941 4863 6346.27692021
3 1942 4867 6346.69541167
4 1943 4868 6348.41480995
3 1944 4870 6350.66495496
4 1945 4871 6352.76936727
5 1946 4877 6356.15732932
4 1947 4879 6359.41480995
5 1948 4881 6362.90316373
6 1949 4885 6364.42486339
5 1950 4891 6369.27692021
4 1951 4892 6372.76936727
5 1952 4894 6373.73742056
4 1953 4896 6375.76936727
3 1954 4897 6376.15732932
2 1955 4899 6376.90316373
3 1956 4900 6378.58097152
2 1957 4906 6389.58097152
1 1958 4909 6396.73742056
2 1959 4910 6411.08040986
3 1960 4914 6415.93669625
4 1961 4918 6420.34890687
3 1962 4922 6425.08040986
4 1963 4923 6426.13195891
5 1964 4925 6427.85412332
4 1965 4927 6429.93669625
5 1966 4930 6432.67984522
4 1967 4931 6434.34890687
5 1968 4934 6434.67045359
4 1969 4937 6437.93669625
3 1970 4941 6445.34890687
2 1971 4942 6448.34890687
1 1972 4943 6449.13195891
2 1973 4944 6460.73707913
3 1974 4948 6466.2523319
4 1975 4950 6467.02251627
5 1976 4953 6467.754335
6 1977 4954 6468.22470212
5 1978 4956 6471.73707913
6 1979 4957 6472.28293754
7 1980 4963 6478.61839531
6 1981 4966 6480.2523319
5 1982 4969 6480.2523319
6 1983 4970 6481.20389829
5 1984 4971 6485.73707913
4 1985 4976 6494.2523319
3 1986 4977 6496.02251627
4 1987 4978 6497.20136743
3 1988 4980 6497.2523319
4 1989 4983 6500.69049724
5 1990 4985 6505.90217741
6 1991 4986 6506.50452052
7 1992 4987 6506.86584487
6 1993 4988 6508.73707913
7 1994 4990 6510.04802678
6 1995 4996 6514.20136743
5 1996 5004 6516.73707913
4 1997 5005 6519.20136743
3 1998 5007 6520.69049724
2 1999 5012 6528.73707913
1 2000 5013 6530.20136743
0 2001 5014 6542.73707913
0 2002 5019 6757.73707913
