#data counter step time
0 1 0 0.0
1 2 1 0.0
2 3 12 0.82003489316
3 4 15 1.99411142656
4 5 16 7.57588328153
5 6 19 7.61215254777
6 7 23 16.5330220205
5 8 27 18.9941114266
6 9 30 20.8334331764
7 10 32 22.3074245615
8 11 35 22.6455885869
9 12 37 24.4418724314
8 13 43 26.8200348932
7 14 44 27.5758832815
6 15 45 27.9941114266
7 16 46 29.1804368707
8 17 51 30.414439475
7 18 53 30.5330220205
8 19 54 31.6182380307
9 20 56 31.6192661205
8 21 57 33.5330220205
7 22 59 34.8334331764
6 23 60 36.3074245615
5 24 61 36.3074245615
6 25 62 37.4119751787
7 26 68 41.2742752573
8 27 73 45.1884674572
7 28 77 47.414439475
8 29 78 47.5893832628
7 30 80 48.6182380307
6 31 82 49.1804368707
5 32 83 54.8334331764
6 33 87 56.5940089012
5 34 88 57.4119751787
4 35 91 60.1804368707
5 36 92 62.9714550519
6 37 97 63.7293360136
5 38 101 65.6182380307
4 39 102 67.414439475
3 40 103 67.9714550519
4 41 104 69.3292918021
3 42 106 70.414439475
2 43 109 77.7293360136
3 44 110 80.3557546088
4 45 112 84.2384655665
5 46 116 85.4669547645
6 47 124 92.612014221
7 48 126 96.2572211051
6 49 129 98.2384655665
5 50 131 98.3292918021
6 51 132 100.157271813
5 52 134 102.466954765
4 53 135 103.355754609
5 54 138 104.825842881
6 55 142 105.948727969
5 56 144 106.612014221
6 57 145 109.148917355
5 58 151 112.238465566
6 59 153 114.307530557
5 60 154 115.825842881
4 61 155 120.157271813
5 62 159 122.156454649
6 63 161 125.398070812
5 64 163 125.948727969
4 65 164 126.148917355
3 66 167 132.148917355
4 67 170 135.970650006
3 68 172 136.156454649
4 69 173 137.766995807
3 70 175 139.398070812
4 71 178 144.354078752
3 72 180 149.970650006
4 73 185 166.652536444
3 74 187 167.354078752
4 75 188 169.023990522
3 76 190 169.766995807
2 77 195 183.652536444
1 78 196 192.023990522
2 79 197 194.705608161
3 80 201 196.611448185
2 81 205 214.705608161
1 82 206 216.611448185
2 83 207 227.62853921
3 84 211 248.569184059
2 85 213 253.62853921
3 86 216 263.895978783
2 87 220 271.569184059
1 88 221 271.895978783
2 89 222 278.870279102
3 90 226 287.634883306
2 91 230 295.870279102
3 92 231 296.570847744
4 93 235 300.728361959
3 94 237 301.570847744
2 95 238 304.634883306
3 96 239 305.491515039
4 97 241 310.423660539
5 98 243 311.456350243
6 99 251 320.541277178
5 100 253 320.728361959
4 101 254 322.491515039
3 102 259 328.541277178
4 103 260 332.672898202
3 104 262 333.423660539
2 105 263 334.456350243
3 106 264 335.676925646
4 107 268 347.118878925
5 108 272 350.048629673
6 109 274 351.190803587
7 110 277 353.037606455
8 111 278 353.504723793
7 112 281 358.672898202
6 113 283 358.676925646
5 114 289 364.048629673
4 115 290 365.190803587
5 116 293 366.35351274
4 117 295 367.118878925
5 118 296 369.516970376
4 119 298 369.672898202
5 120 301 371.26334192
4 121 303 373.048629673
3 122 304 374.35351274
4 123 305 374.560084172
3 124 311 380.516970376
4 125 314 382.307026968
3 126 316 385.26334192
4 127 319 386.90199026
5 128 323 394.151835584
4 129 325 394.560084172
5 130 326 395.64981512
4 131 328 396.307026968
5 132 329 397.613709368
4 133 331 397.90199026
5 134 332 398.261450066
6 135 340 408.702572769
7 136 344 413.409500704
6 137 345 415.261450066
5 138 347 415.64981512
4 139 352 417.151835584
3 140 353 420.613709368
2 141 354 425.702572769
1 142 355 429.261450066
2 143 356 433.630876841
3 144 358 435.567960821
4 145 362 447.238136451
5 146 366 450.4910738
6 147 368 452.736608555
7 148 370 453.980467998
6 149 374 455.567960821
7 150 379 462.415410844
6 151 380 464.238136451
5 152 382 464.4910738
4 153 383 465.630876841
3 154 386 466.567960821
4 155 389 468.598683814
5 156 391 471.279368864
6 157 394 471.858746986
5 158 395 472.238136451
6 159 396 474.319647688
5 160 398 475.736608555
6 161 399 478.025386309
7 162 401 479.296308225
6 163 414 488.279368864
5 164 415 488.319647688
4 165 416 489.025386309
3 166 417 491.598683814
2 167 418 494.279368864
1 168 419 502.296308225
2 169 420 508.051191394
3 170 422 508.533733539
2 171 428 522.533733539
3 172 429 523.896464838
4 173 431 524.028393377
3 174 433 528.051191394
4 175 436 532.24697075
3 176 442 537.24697075
2 177 443 540.896464838
1 178 444 547.028393377
2 179 445 555.837580481
3 180 447 555.924072911
4 181 451 561.617197659
5 182 453 565.340762013
4 183 459 572.837580481
3 184 460 575.924072911
4 185 461 578.406729089
5 186 463 579.454736455
4 187 467 581.617197659
5 188 468 586.309657801
6 189 474 589.467630352
5 190 476 591.340762013
4 191 479 595.406729089
5 192 480 596.403233817
4 193 482 597.309657801
3 194 487 601.403233817
2 195 488 602.454736455
3 196 489 604.324469992
4 197 491 606.686574727
3 198 495 609.467630352
4 199 496 611.398213651
3 200 498 618.324469992
4 201 499 622.271288056
5 202 503 625.390491583
6 203 511 635.157815993
5 204 513 636.271288056
6 205 514 637.050127949
5 206 516 638.686574727
4 207 517 639.390491583
3 208 518 640.398213651
4 209 519 640.824590946
5 210 527 652.396005921
4 211 529 654.050127949
5 212 530 659.591425129
4 213 532 660.824590946
3 214 533 661.157815993
4 215 538 668.700210438
5 216 540 670.469592366
4 217 542 673.591425129
5 218 545 680.917476275
4 219 547 681.396005921
5 220 548 681.423022338
4 221 550 685.700210438
5 222 551 686.101636102
4 223 559 692.423022338
5 224 562 694.05844914
4 225 564 699.469592366
5 226 565 699.956461466
4 227 567 700.917476275
3 228 568 703.101636102
4 229 573 712.113825472
3 230 577 719.956461466
2 231 578 720.05844914
1 232 579 723.113825472
2 233 580 727.675315191
3 234 582 734.189763765
4 235 586 737.897543213
5 236 590 738.730169854
6 237 592 739.30513276
7 238 594 740.362242206
8 239 595 741.480802615
9 240 598 742.994856605
8 241 602 745.189763765
9 242 603 747.119401042
8 243 605 747.30513276
7 244 607 747.675315191
6 245 608 749.730169854
5 246 616 760.897543213
4 247 621 764.30513276
5 248 622 765.119792847
4 249 624 766.730169854
5 250 625 767.217621165
4 251 627 767.675315191
5 252 628 768.870594129
4 253 632 774.189763765
5 254 635 774.873766901
6 255 639 777.95075695
7 256 642 778.503193724
6 257 643 779.119792847
7 258 644 779.986856513
6 259 646 781.217621165
7 260 649 784.69746406
6 261 653 785.870594129
5 262 654 788.873766901
6 263 655 789.642098482
7 264 658 790.605619141
8 265 662 792.493138074
7 266 667 793.986856513
6 267 668 794.95075695
7 268 669 795.509649982
6 269 671 797.642098482
5 270 676 803.642098482
4 271 677 803.95075695
5 272 680 806.349096794
4 273 682 807.69746406
3 274 683 809.493138074
4 275 684 814.06903299
5 276 686 815.050085809
4 277 688 815.509649982
5 278 689 817.291698369
6 279 691 818.227472036
5 280 701 823.227472036
4 281 702 825.06903299
3 282 705 829.050085809
4 283 706 830.51265349
3 284 710 835.349096794
4 285 711 837.399002834
3 286 713 840.291698369
4 287 716 844.417433017
3 288 718 844.51265349
4 289 719 844.641632947
5 290 721 845.3584157
4 291 723 845.399002834
5 292 724 846.978095743
6 293 727 848.252747142
7 294 737 856.856971088
6 295 739 857.978095743
5 296 740 858.417433017
4 297 741 859.3584157
5 298 742 864.299691416
4 299 744 864.641632947
3 300 749 868.3584157
4 301 750 876.153087399
3 302 752 876.856971088
2 303 755 881.299691416
1 304 756 887.153087399
2 305 757 887.566807074
3 306 761 892.060399441
2 307 763 895.566807074
3 308 766 898.314233877
4 309 768 900.680046156
5 310 770 900.956196475
6 311 778 907.865329183
7 312 780 908.300446691
6 313 781 912.060399441
5 314 783 914.680046156
4 315 786 915.314233877
3 316 787 917.956196475
4 317 788 919.357759173
3 318 790 921.865329183
4 319 791 922.051483875
3 320 795 929.060399441
2 321 800 936.051483875
1 322 801 942.357759173
2 323 802 950.412476176
3 324 804 951.475382293
4 325 808 957.082996771
5 326 810 958.024771947
4 327 812 961.412476176
3 328 819 971.082996771
2 329 820 971.475382293
3 330 821 975.532369373
2 331 823 978.024771947
1 332 826 986.532369373
2 333 827 990.86193196
3 334 829 996.962254132
4 335 833 997.887991089
3 336 839 1004.86193196
2 337 840 1005.88799109
1 338 841 1010.96225413
2 339 842 1015.56355516
3 340 845 1019.01872563
4 341 850 1029.9829103
3 342 852 1030.01872563
4 343 853 1031.21728747
3 344 857 1032.56355516
2 345 858 1036.21728747
1 346 861 1043.9829103
2 347 862 1050.77262419
3 348 864 1053.8013567
4 349 866 1056.44713524
5 350 872 1058.28843216
6 351 876 1064.08126179
5 352 878 1064.44713524
4 353 881 1067.77262419
5 354 882 1069.66634427
4 355 884 1070.8013567
3 356 885 1072.28843216
4 357 890 1076.05406083
5 358 892 1076.35977198
4 359 898 1081.08126179
5 360 899 1083.31820553
4 361 901 1083.66634427
3 362 902 1087.35977198
2 363 905 1094.31820553
1 364 906 1096.05406083
2 365 907 1130.06717015
3 366 909 1132.69647212
4 367 911 1135.67343285
5 368 913 1138.73715179
6 369 916 1138.91861735
7 370 917 1139.61329278
8 371 921 1142.02776468
7 372 925 1144.06717015
8 373 933 1146.40028858
7 374 937 1149.67343285
6 375 938 1149.69647212
5 376 939 1149.73715179
4 377 940 1152.73715179
3 378 941 1155.06717015
2 379 944 1160.67343285
3 380 945 1161.51212034
4 381 947 1163.58990621
3 382 949 1165.61329278
4 383 950 1167.04376432
5 384 958 1179.30123012
4 385 960 1183.58990621
5 386 961 1184.03480969
6 387 963 1184.04263705
5 388 965 1184.51212034
4 389 966 1187.04376432
5 390 969 1190.58817401
4 391 973 1196.30123012
3 392 976 1198.04263705
4 393 977 1203.36866214
5 394 981 1203.86836838
4 395 983 1210.58817401
3 396 984 1213.03480969
4 397 989 1220.15825386
3 398 991 1220.36866214
2 399 992 1220.86836838
3 400 993 1222.80089905
2 401 997 1227.80089905
1 402 1000 1237.15825386
2 403 1001 1242.03567995
1 404 1005 1253.03567995
2 405 1006 1256.41111998
3 406 1010 1262.45408597
2 407 1014 1267.41111998
1 408 1015 1276.45408597
2 409 1019 1297.60209533
3 410 1021 1301.59484866
2 411 1025 1305.60209533
3 412 1027 1306.73985875
2 413 1030 1311.60209533
3 414 1031 1320.5922513
2 415 1033 1326.73985875
1 416 1036 1331.5922513
2 417 1037 1338.61919388
3 418 1039 1349.27620237
4 419 1043 1356.74841459
5 420 1045 1357.72908788
6 421 1049 1361.88188137
7 422 1050 1362.88908259
6 423 1053 1364.61919388
5 424 1058 1369.27620237
4 425 1061 1371.72908788
5 426 1064 1374.87679822
4 427 1066 1375.61919388
3 428 1068 1376.74841459
4 429 1073 1382.64527685
3 430 1074 1383.27620237
2 431 1077 1385.87679822
3 432 1078 1386.87232145
2 433 1084 1394.27620237
3 434 1085 1397.7096965
2 435 1087 1403.87232145
3 436 1090 1404.80478832
4 437 1092 1405.58777657
3 438 1094 1411.7096965
4 439 1096 1413.81073665
5 440 1097 1415.25262785
6 441 1098 1417.38343452
5 442 1105 1421.80478832
6 443 1106 1422.84070984
5 444 1107 1428.7096965
4 445 1111 1437.7096965
3 446 1112 1438.80478832
4 447 1116 1448.85081054
3 448 1119 1454.7096965
2 449 1121 1455.80478832
3 450 1123 1455.90893245
2 451 1127 1468.7096965
3 452 1128 1468.99526533
4 453 1129 1472.43100718
5 454 1130 1479.72039599
6 455 1133 1488.20203178
7 456 1134 1497.39171028
8 457 1135 1497.56613724
7 458 1137 1497.7096965
8 459 1140 1513.32694955
7 460 1143 1520.7096965
8 461 1144 1529.37703711
9 462 1148 1533.77211185
8 463 1149 1534.7096965
9 464 1150 1536.16286727
8 465 1152 1537.7096965
7 466 1156 1548.7096965
8 467 1157 1552.62230281
9 468 1158 1554.55640825
10 469 1159 1556.28851844
11 470 1162 1566.8450494
10 471 1164 1571.7096965
11 472 1167 1583.4910743
10 473 1168 1591.7096965
11 474 1170 1595.0116352
12 475 1171 1609.80329625
13 476 1172 1610.04421404
14 477 1173 1616.31335163
15 478 1174 1619.46126255
16 479 1175 1633.6250162
17 480 1176 1637.92647427
18 481 1177 1643.73199715
19 482 1178 1666.17722193
20 483 1179 1669.13646403
21 484 1180 1680.89323632
22 485 1181 1682.37578342
23 486 1182 1684.41100155
24 487 1183 1696.86553681
25 488 1184 1704.78740989
26 489 1185 1715.14576645
27 490 1186 1720.26759907
28 491 1191 1733.00259355
29 492 1192 1733.51348813
28 493 1196 1744.45408597
29 494 1197 1752.28269539
28 495 1202 1753.45408597
29 496 1203 1755.36571098
30 497 1204 1761.91798741
31 498 1205 1763.52088094
32 499 1206 1763.97338578
33 500 1212 1770.61178656
32 501 1213 1773.45408597
31 502 1214 1782.45408597
30 503 1219 1782.45408597
29 504 1220 1782.45408597
30 505 1226 1789.75946656
29 506 1227 1793.45408597
30 507 1228 1793.46188204
31 508 1229 1796.63167048
32 509 1230 1797.55674656
31 510 1231 1799.45408597
32 511 1232 1801.99692195
31 512 1233 1802.45408597
30 513 1236 1805.45408597
31 514 1240 1813.21403439
32 515 1245 1816.40596389
31 516 1247 1816.45408597
30 517 1251 1819.45408597
31 518 1255 1823.9894932
30 519 1264 1830.45408597
29 520 1268 1830.61919388
28 521 1269 1830.61919388
27 522 1278 1834.74841459
26 523 1279 1836.61919388
27 524 1284 1841.20821023
26 525 1287 1841.61919388
25 526 1288 1841.61919388
24 527 1292 1844.45408597
23 528 1293 1844.45408597
22 529 1296 1846.74841459
21 530 1297 1847.45408597
22 531 1298 1847.56455522
21 532 1299 1850.45408597
22 533 1303 1854.43947128
21 534 1308 1856.61919388
22 535 1312 1857.6303697
23 536 1313 1858.12524516
22 537 1314 1858.61919388
21 538 1315 1861.45408597
20 539 1320 1861.61919388
19 540 1321 1863.74841459
20 541 1325 1865.37116798
19 542 1331 1866.61919388
18 543 1335 1867.45408597
17 544 1336 1867.45408597
16 545 1337 1869.61919388
15 546 1338 1869.74841459
14 547 1339 1875.61919388
13 548 1343 1875.61919388
14 549 1344 1878.77654137
15 550 1354 1880.64507041
14 551 1356 1881.45408597
15 552 1362 1883.74760189
14 553 1363 1883.74841459
13 554 1366 1886.61919388
12 555 1367 1886.61919388
11 556 1369 1886.74841459
10 557 1370 1887.45408597
11 558 1371 1888.1192157
10 559 1373 1889.45408597
9 560 1374 1889.61919388
8 561 1375 1889.61919388
7 562 1378 1889.74841459
6 563 1379 1890.45408597
7 564 1381 1896.32995771
8 565 1384 1897.84826921
7 566 1390 1900.61919388
6 567 1395 1906.45408597
5 568 1397 1906.74841459
4 569 1398 1908.61919388
3 570 1399 1909.74841459
2 571 1400 1912.74841459
3 572 1403 1923.05825144
2 573 1405 1923.45408597
3 574 1406 1931.56474137
4 575 1410 1933.90050944
3 576 1416 1941.90050944
2 577 1417 1943.05825144
1 578 1418 1948.56474137
2 579 1419 1959.0594505
3 580 1421 1967.94500439
4 581 1423 1968.05661826
5 582 1429 1975.38407656
4 583 1432 1982.0594505
5 584 1434 1986.16590425
4 585 1435 1991.05661826
3 586 1441 1999.94500439
4 587 1442 2001.22624099
3 588 1444 2002.0594505
2 589 1445 2005.05661826
3 590 1447 2008.73801029
4 591 1448 2014.40489452
5 592 1450 2016.14661028
6 593 1455 2019.41694651
7 594 1458 2020.18557734
8 595 1460 2026.83215102
7 596 1462 2027.22624099
6 597 1467 2030.14661028
5 598 1468 2030.22624099
4 599 1469 2031.40489452
5 600 1470 2032.17929932
4 601 1474 2034.40489452
5 602 1475 2038.81317603
4 603 1479 2047.22624099
5 604 1482 2047.5285383
6 605 1483 2049.21553341
7 606 1484 2049.98310765
6 607 1488 2051.40489452
7 608 1490 2052.0533718
8 609 1494 2057.52009435
7 610 1496 2059.40489452
6 611 1500 2061.22624099
7 612 1501 2061.73479732
6 613 1503 2062.14661028
5 614 1504 2062.40489452
6 615 1505 2064.2476684
7 616 1506 2067.33100168
8 617 1507 2068.24032072
9 618 1509 2068.34075602
10 619 1510 2068.78217486
9 620 1512 2070.40489452
10 621 1515 2075.16091534
11 622 1521 2078.15302777
10 623 1523 2081.22624099
9 624 1525 2081.40489452
10 625 1527 2086.50465614
9 626 1528 2088.14661028
8 627 1530 2088.14661028
7 628 1540 2095.22624099
6 629 1541 2099.14661028
7 630 1545 2101.13529697
8 631 1546 2101.73377381
9 632 1547 2103.10647511
8 633 1549 2104.40489452
7 634 1550 2104.40489452
8 635 1554 2109.08460211
7 636 1555 2113.14661028
6 637 1557 2115.22624099
7 638 1560 2116.59450947
8 639 1561 2116.92680619
9 640 1562 2118.72414336
8 641 1568 2121.22624099
9 642 1569 2123.75052085
8 643 1571 2127.14661028
7 644 1572 2127.40489452
8 645 1575 2129.36508899
7 646 1577 2130.40489452
6 647 1579 2132.22624099
7 648 1581 2137.01228083
8 649 1584 2138.2684866
9 650 1585 2141.86794315
8 651 1592 2147.14661028
7 652 1593 2147.40489452
8 653 1594 2148.09529808
9 654 1596 2149.00633497
8 655 1602 2155.22624099
9 656 1606 2159.05244722
8 657 1608 2159.40489452
7 658 1609 2161.14661028
6 659 1611 2161.14661028
7 660 1614 2166.57655218
6 661 1616 2169.22624099
5 662 1619 2172.22624099
6 663 1620 2173.53884622
7 664 1621 2177.2564499
6 665 1623 2179.40489452
7 666 1624 2179.42646258
6 667 1628 2184.14661028
7 668 1633 2195.17420277
6 669 1635 2195.22624099
5 670 1638 2199.40489452
4 671 1640 2201.14661028
5 672 1642 2205.50112982
4 673 1644 2206.22624099
5 674 1649 2213.44359439
4 675 1652 2218.14661028
3 676 1654 2219.40489452
4 677 1655 2219.53570327
3 678 1659 2223.22624099
2 679 1662 2230.53570327
3 680 1664 2231.60113864
4 681 1666 2232.11959511
3 682 1668 2232.14661028
4 683 1673 2236.84145641
3 684 1675 2239.60113864
4 685 1676 2241.29817051
5 686 1678 2242.55408864
4 687 1680 2246.11959511
3 688 1685 2250.55408864
4 689 1686 2253.94818445
5 690 1690 2258.78799273
4 691 1692 2259.84145641
3 692 1693 2261.29817051
4 693 1695 2262.60532932
3 694 1701 2270.94818445
4 695 1702 2275.49284784
3 696 1706 2278.78799273
4 697 1707 2281.81721157
5 698 1711 2286.47252539
6 699 1715 2292.13664532
5 700 1717 2292.49284784
6 701 1718 2294.08228282
5 702 1720 2294.60532932
4 703 1725 2298.81721157
3 704 1726 2300.13664532
2 705 1727 2306.47252539
3 706 1731 2308.5088219
4 707 1734 2313.63053684
5 708 1740 2321.99621106
6 709 1742 2322.04181068
5 710 1744 2326.08228282
4 711 1745 2328.5088219
3 712 1748 2332.99621106
2 713 1749 2333.63053684
1 714 1752 2352.08228282
2 715 1753 2366.09365286
3 716 1757 2371.52145512
4 717 1759 2372.7352094
3 718 1765 2380.09365286
2 719 1766 2380.7352094
3 720 1767 2385.51514942
2 721 1769 2385.52145512
1 722 1772 2396.51514942
2 723 1773 2399.07005837
3 724 1775 2402.56630402
4 725 1777 2403.57003827
5 726 1779 2406.43476922
6 727 1781 2408.95447091
7 728 1782 2409.95437353
8 729 1783 2410.44881819
7 730 1793 2414.57003827
6 731 1795 2416.07005837
7 732 1796 2417.62064281
6 733 1797 2419.56630402
7 734 1800 2422.07651331
8 735 1801 2422.65540924
7 736 1805 2423.43476922
8 737 1808 2424.13355863
9 738 1812 2427.75111114
10 739 1813 2428.4268842
9 740 1818 2431.57003827
10 741 1819 2433.01118818
11 742 1820 2434.36140454
10 743 1822 2436.56630402
9 744 1823 2437.57003827
8 745 1829 2439.07005837
9 746 1830 2439.83966652
8 747 1831 2440.43476922
9 748 1835 2441.82970514
8 749 1839 2445.57003827
7 750 1844 2448.43476922
6 751 1845 2448.57003827
5 752 1848 2450.56630402
4 753 1851 2453.07005837
3 754 1852 2456.07005837
2 755 1853 2456.57003827
3 756 1854 2458.55832366
2 757 1858 2466.55832366
1 758 1859 2468.43476922
2 759 1860 2488.03511987
3 760 1862 2493.475888
4 761 1866 2499.94061646
5 762 1870 2500.48439959
6 763 1873 2501.94665864
5 764 1874 2502.03511987
4 765 1875 2504.475888
5 766 1877 2505.48002119
6 767 1882 2507.31800044
7 768 1883 2509.28694308
6 769 1889 2510.94061646
5 770 1890 2511.48439959
4 771 1893 2513.94061646
5 772 1894 2514.41785274
4 773 1896 2514.48439959
5 774 1897 2518.35948089
4 775 1899 2520.28694308
3 776 1904 2523.48439959
4 777 1905 2524.41459622
3 778 1907 2525.41785274
4 779 1908 2527.30577807
3 780 1910 2529.35948089
4 781 1911 2531.89435891
5 782 1917 2537.91964287
4 783 1919 2541.30577807
3 784 1924 2547.41459622
2 785 1925 2548.89435891
1 786 1927 2551.91964287
2 787 1929 2561.92939616
3 788 1931 2563.02758393
2 789 1937 2574.02758393
3 790 1938 2577.77416726
2 791 1940 2581.92939616
3 792 1941 2583.27867673
4 793 1943 2585.36174387
5 794 1945 2586.17749928
6 795 1952 2593.39099891
7 796 1953 2595.04033107
6 797 1956 2596.36174387
7 798 1957 2599.09073253
6 799 1958 2600.27867673
5 800 1963 2600.77416726
4 801 1967 2607.36174387
3 802 1968 2607.36174387
2 803 1969 2611.27867673
3 804 1970 2613.38940335
2 805 1974 2620.77416726
1 806 1977 2630.38940335
2 807 1978 2631.53792965
3 808 1980 2633.93402491
4 809 1982 2636.18748901
5 810 1985 2639.47178148
6 811 1990 2645.19273771
7 812 1991 2646.79742309
8 813 1995 2652.99227746
7 814 1997 2653.93402491
6 815 1999 2654.53792965
5 816 2002 2659.18748901
4 817 2004 2659.53792965
5 818 2007 2666.37455626
4 819 2009 2668.18748901
5 820 2012 2669.75002797
4 821 2016 2673.18748901
3 822 2017 2673.93402491
2 823 2018 2674.37455626
3 824 2021 2678.29052542
4 825 2023 2679.78402106
5 826 2025 2681.77119005
4 827 2026 2684.18748901
5 828 2032 2687.39228004
4 829 2036 2695.29052542
3 830 2037 2696.78402106
4 831 2038 2696.79337072
5 832 2040 2701.05723768
4 833 2041 2704.18748901
5 834 2049 2712.45379085
4 835 2051 2715.29052542
5 836 2052 2719.29170099
6 837 2053 2719.40486865
5 838 2056 2721.18748901
4 839 2057 2722.79337072
5 840 2058 2724.02080305
6 841 2060 2724.84935152
7 842 2062 2725.15687534
6 843 2068 2735.18748901
5 844 2073 2738.29052542
4 845 2075 2741.18748901
3 846 2076 2747.02080305
2 847 2077 2750.02080305
3 848 2080 2755.81772017
2 849 2082 2761.29052542
1 850 2087 2766.81772017
2 851 2088 2796.34079695
3 852 2090 2798.73844911
4 853 2092 2798.85032638
5 854 2094 2801.38346162
6 855 2095 2803.31960025
7 856 2096 2803.65386641
6 857 2105 2809.85032638
5 858 2106 2812.73844911
4 859 2110 2816.34079695
5 860 2114 2822.06103887
4 861 2116 2823.73844911
3 862 2117 2823.85032638
2 863 2118 2826.85032638
3 864 2121 2830.16669263
4 865 2123 2831.58843478
5 866 2127 2835.63860662
4 867 2128 2836.06103887
5 868 2132 2841.24603636
4 869 2133 2844.16669263
3 870 2135 2845.58843478
2 871 2140 2852.16669263
1 872 2141 2853.06103887
2 873 2142 2859.10682281
3 874 2144 2860.32515178
4 875 2146 2864.003346
5 876 2151 2866.88590927
4 877 2152 2868.32515178
5 878 2154 2870.82251457
4 879 2159 2872.003346
3 880 2162 2876.10682281
4 881 2163 2876.89515305
5 882 2165 2877.84294517
6 883 2167 2878.08250827
7 884 2168 2880.75689331
6 885 2170 2884.003346
5 886 2171 2884.003346
6 887 2174 2885.20881465
5 888 2179 2896.89515305
4 889 2181 2897.84294517
3 890 2183 2901.003346
2 891 2188 2911.84294517
3 892 2189 2914.25861852
2 893 2191 2919.89515305
1 894 2194 2934.25861852
2 895 2195 2937.99154084
3 896 2197 2942.09338732
4 897 2199 2942.91414087
3 898 2203 2948.99154084
4 899 2206 2952.35769335
5 900 2210 2958.04213063
6 901 2211 2958.77225503
7 902 2214 2960.76117817
6 903 2216 2962.91414087
5 904 2217 2965.09338732
4 905 2220 2969.35769335
5 906 2221 2972.97141061
6 907 2224 2976.65323046
7 908 2227 2982.80697252
6 909 2232 2989.35769335
5 910 2235 2991.91414087
6 911 2236 2994.59580962
7 912 2237 2995.12990664
6 913 2242 3000.09338732
5 914 2245 3002.89435891
6 915 2248 3005.16364326
5 916 2251 3008.91414087
4 917 2253 3009.35769335
3 918 2256 3014.09338732
4 919 2257 3014.12087699
5 920 2259 3018.74531761
4 921 2263 3019.89435891
3 922 2264 3022.91414087
4 923 2269 3030.36279012
3 924 2271 3031.12087699
4 925 2272 3031.29990387
3 926 2274 3035.74531761
4 927 2275 3040.95405863
5 928 2281 3047.28813118
4 929 2285 3051.29990387
3 930 2286 3057.95405863
2 931 2287 3059.36279012
1 932 2290 3067.28813118
2 933 2291 3070.83129902
3 934 2293 3075.22849912
4 935 2295 3075.68833742
3 936 2303 3081.83129902
2 937 2304 3086.22849912
3 938 2305 3086.95629126
4 939 2307 3088.42016131
3 940 2309 3089.68833742
4 941 2310 3095.61452722
3 942 2316 3100.61452722
2 943 2317 3103.95629126
3 944 2320 3107.91014173
2 945 2324 3115.91014173
1 946 2325 3117.42016131
2 947 2326 3119.47715266
3 948 2330 3127.39793147
2 949 2332 3127.47715266
1 950 2335 3141.39793147
2 951 2336 3146.87479574
3 952 2338 3154.31636306
2 953 2344 3168.31636306
3 954 2345 3168.36013005
2 955 2347 3169.87479574
3 956 2350 3179.16627843
2 957 2352 3179.36013005
3 958 2353 3179.69975728
4 959 2355 3182.52836078
5 960 2357 3182.92492911
4 961 2365 3196.16627843
5 962 2369 3200.40247992
4 963 2371 3202.69975728
5 964 2372 3203.39969919
4 965 2374 3205.52836078
3 966 2375 3205.92492911
2 967 2378 3214.39969919
3 968 2381 3219.22029825
4 969 2383 3220.03672054
5 970 2386 3221.04963832
6 971 2387 3222.26714072
5 972 2392 3228.03672054
4 973 2395 3229.40247992
5 974 2396 3230.19308326
4 975 2402 3236.26714072
3 976 2403 3237.03672054
2 977 2404 3242.22029825
1 978 2405 3244.19308326
2 979 2406 3246.73434709
3 980 2410 3255.75593789
2 981 2412 3257.73434709
3 982 2413 3263.80399758
2 983 2419 3271.80399758
1 984 2420 3275.75593789
2 985 2421 3280.29671006
3 986 2423 3283.59513621
4 987 2426 3285.68065871
5 988 2427 3292.29208524
4 989 2436 3300.29671006
3 990 2437 3300.59513621
4 991 2438 3302.12296968
3 992 2440 3303.29671006
4 993 2441 3303.45033364
3 994 2443 3306.29208524
4 995 2446 3309.86191508
5 996 2448 3310.40266237
6 997 2450 3311.67294604
7 998 2458 3318.9373164
6 999 2459 3319.12296968
5 1000 2461 3320.86191508
6 1001 2464 3324.06745344
5 1002 2466 3324.40266237
6 1003 2469 3329.32196094
5 1004 2471 3329.45033364
6 1005 2472 3331.53898553
5 1006 2474 3331.67294604
4 1007 2475 3333.12296968
3 1008 2480 3340.32196094
2 1009 2483 3344.06745344
1 1010 2484 3345.53898553
2 1011 2485 3347.58631487
3 1012 2487 3360.31714403
4 1013 2491 3365.11425749
5 1014 2493 3367.13017371
6 1015 2496 3367.52845458
5 1016 2497 3367.58631487
4 1017 2505 3384.13017371
3 1018 2506 3384.13017371
2 1019 2508 3386.31714403
1 1020 2509 3391.11425749
2 1021 2510 3392.21392023
1 1022 2515 3403.21392023
2 1023 2516 3410.81382368
3 1024 2518 3412.73803474
4 1025 2520 3419.17543373
3 1026 2528 3427.17543373
2 1027 2529 3432.73803474
3 1028 2530 3434.79656219
4 1029 2532 3436.4658568
5 1030 2534 3441.73137703
4 1031 2536 3442.81382368
3 1032 2543 3449.73137703
2 1033 2544 3454.79656219
3 1034 2545 3456.01014363
4 1035 2548 3456.11492143
3 1036 2549 3459.4658568
4 1037 2553 3466.61568595
3 1038 2555 3467.01014363
2 1039 2556 3476.01014363
3 1040 2557 3479.54764154
2 1041 2563 3489.61568595
3 1042 2564 3491.91609718
2 1043 2566 3502.54764154
3 1044 2568 3503.56617392
4 1045 2571 3508.73979173
3 1046 2573 3508.91609718
4 1047 2574 3509.43848316
5 1048 2576 3512.66117803
6 1049 2584 3517.22899719
5 1050 2585 3517.56617392
6 1051 2587 3519.57461817
7 1052 2590 3523.05244561
6 1053 2592 3525.73979173
5 1054 2594 3526.43848316
6 1055 2599 3530.75847977
7 1056 2600 3531.51800978
6 1057 2602 3532.66117803
7 1058 2603 3533.53754549
6 1059 2605 3534.56617392
5 1060 2610 3537.43848316
4 1061 2612 3539.73979173
5 1062 2613 3543.56853293
4 1063 2615 3543.66117803
5 1064 2618 3545.01773847
6 1065 2620 3545.43046314
7 1066 2621 3545.98500219
8 1067 2622 3546.35743524
7 1068 2626 3551.43848316
8 1069 2629 3555.90453071
7 1070 2633 3557.56617392
8 1071 2634 3560.96590853
7 1072 2639 3563.56853293
6 1073 2642 3565.43848316
5 1074 2644 3568.01773847
4 1075 2647 3574.56617392
5 1076 2648 3578.22238967
4 1077 2653 3582.43848316
3 1078 2654 3583.56853293
4 1079 2658 3590.62757159
3 1080 2660 3592.56853293
4 1081 2661 3593.2903878
3 1082 2664 3601.22238967
2 1083 2669 3607.62757159
1 1084 2670 3616.2903878
2 1085 2671 3641.98838974
3 1086 2673 3644.20077714
4 1087 2679 3649.55990839
5 1088 2681 3650.63963122
4 1089 2684 3655.20077714
5 1090 2686 3655.53235643
4 1091 2687 3655.98838974
3 1092 2691 3660.55990839
4 1093 2694 3662.3941362
3 1094 2696 3666.98838974
4 1095 2697 3667.85141129
3 1096 2703 3678.20077714
2 1097 2704 3679.3941362
1 1098 2705 3681.85141129
2 1099 2706 3693.77806353
3 1100 2708 3696.26924921
2 1101 2714 3704.77806353
3 1102 2715 3713.46536339
4 1103 2717 3715.53482617
5 1104 2719 3716.10646545
4 1105 2721 3716.26924921
3 1106 2726 3720.53482617
4 1107 2727 3720.64902782
5 1108 2731 3722.09257572
4 1109 2734 3724.46536339
3 1110 2738 3725.64902782
4 1111 2739 3728.63137758
3 1112 2741 3732.46536339
4 1113 2742 3733.11753474
3 1114 2744 3733.26924921
4 1115 2745 3733.56074701
5 1116 2751 3745.25776791
4 1117 2752 3745.63137758
5 1118 2756 3746.42089391
4 1119 2758 3747.56074701
5 1120 2761 3750.96417568
6 1121 2762 3751.74391924
5 1122 2763 3753.11753474
4 1123 2766 3753.63137758
5 1124 2768 3755.91687627
6 1125 2771 3758.4323
5 1126 2777 3767.11753474
4 1127 2779 3767.56074701
5 1128 2780 3768.2414107
4 1129 2782 3770.63137758
5 1130 2785 3773.84636168
6 1131 2788 3775.66160429
5 1132 2790 3776.2414107
4 1133 2791 3776.63137758
3 1134 2793 3778.11753474
4 1135 2798 3787.51502994
3 1136 2800 3790.2414107
2 1137 2801 3790.63137758
3 1138 2802 3799.41275303
2 1139 2806 3804.51502994
3 1140 2809 3807.73885593
4 1141 2811 3811.65982126
3 1142 2817 3819.41275303
4 1143 2818 3821.48807165
3 1144 2820 3821.73885593
2 1145 2824 3825.65982126
3 1146 2825 3828.63910544
4 1147 2829 3834.39207466
3 1148 2831 3835.48807165
4 1149 2832 3836.9977439
5 1150 2834 3838.90489814
4 1151 2836 3842.63910544
5 1152 2838 3843.16522942
6 1153 2839 3844.04211271
5 1154 2848 3851.39207466
6 1155 2852 3854.94590006
5 1156 2854 3856.9977439
4 1157 2855 3857.39207466
5 1158 2856 3860.16195522
6 1159 2857 3861.06395145
5 1160 2859 3861.90489814
4 1161 2862 3864.04211271
3 1162 2869 3875.04211271
2 1163 2870 3881.90489814
3 1164 2871 3884.14274283
2 1165 2873 3885.9977439
3 1166 2874 3889.6408864
4 1167 2878 3891.49451717
5 1168 2880 3891.92478665
6 1169 2883 3895.42895063
5 1170 2887 3898.14274283
4 1171 2888 3899.49451717
3 1172 2892 3906.6408864
2 1173 2893 3909.14274283
3 1174 2894 3912.32505671
4 1175 2898 3913.46613023
3 1176 2902 3919.49451717
4 1177 2905 3929.82840147
5 1178 2907 3931.36179003
6 1179 2908 3932.02922037
5 1180 2909 3932.32505671
4 1181 2912 3933.46613023
5 1182 2917 3937.58798747
4 1183 2918 3940.32505671
3 1184 2920 3946.82840147
4 1185 2925 3951.61856864
3 1186 2927 3954.32505671
2 1187 2930 3959.46613023
3 1188 2931 3960.39927256
4 1189 2933 3967.25557069
3 1190 2935 3968.61856864
4 1191 2938 3973.68929951
5 1192 2942 3976.88739334
6 1193 2943 3979.05119474
5 1194 2945 3980.39927256
4 1195 2947 3981.25557069
5 1196 2948 3985.69701358
4 1197 2956 3996.68929951
5 1198 2957 3998.30184172
4 1199 2958 4001.25557069
3 1200 2960 4003.39927256
4 1201 2963 4008.92107822
5 1202 2967 4011.37783068
6 1203 2968 4013.00360181
7 1204 2969 4014.2211597
6 1205 2970 4018.25557069
7 1206 2976 4025.33747313
6 1207 2978 4025.68929951
5 1208 2980 4029.25557069
6 1209 2985 4031.83291483
5 1210 2987 4033.68929951
6 1211 2988 4034.89440095
5 1212 2989 4034.92107822
6 1213 2994 4039.28375715
5 1214 2995 4040.25557069
4 1215 2998 4045.92107822
3 1216 3002 4047.68929951
4 1217 3005 4052.12218292
3 1218 3007 4056.68929951
4 1219 3008 4057.52473559
3 1220 3012 4064.56853293
2 1221 3015 4072.12218292
3 1222 3016 4076.27966154
2 1223 3018 4077.52473559
3 1224 3019 4077.69957115
4 1225 3025 4086.60114924
5 1226 3027 4094.13912295
4 1227 3031 4097.69957115
3 1228 3032 4099.27966154
2 1229 3035 4106.60114924
3 1230 3036 4114.4489015
4 1231 3039 4114.60024428
5 1232 3040 4117.89873483
4 1233 3042 4120.13912295
5 1234 3043 4120.95448846
6 1235 3047 4124.06114994
5 1236 3053 4131.60024428
4 1237 3054 4134.4489015
3 1238 3057 4140.95448846
2 1239 3058 4143.89873483
1 1240 3061 4154.60024428
2 1241 3063 4163.96042097
3 1242 3066 4167.69247952
4 1243 3068 4168.1999182
3 1244 3074 4177.96042097
2 1245 3077 4181.69247952
3 1246 3078 4183.93928251
2 1247 3082 4191.1999182
3 1248 3084 4194.13508116
2 1249 3087 4197.93928251
3 1250 3088 4199.89706435
2 1251 3094 4205.13508116
1 1252 3095 4210.89706435
2 1253 3096 4215.1287386
3 1254 3098 4219.75277184
4 1255 3104 4222.24799526
3 1256 3106 4227.75277184
2 1257 3107 4229.1287386
3 1258 3108 4237.9923294
2 1259 3112 4247.75277184
1 1260 3115 4260.9923294
2 1261 3116 4261.75678249
3 1262 3120 4270.83861982
2 1263 3122 4272.75678249
1 1264 3125 4281.83861982
2 1265 3126 4283.06463562
1 1266 3130 4291.06463562
2 1267 3131 4294.3612384
3 1268 3133 4299.53224606
4 1269 3136 4300.04324778
5 1270 3142 4301.4411666
6 1271 3143 4301.66439354
5 1272 3146 4307.53224606
6 1273 3148 4310.71242308
7 1274 3151 4311.63771188
6 1275 3152 4314.3612384
5 1276 3154 4317.3612384
4 1277 3155 4321.53224606
3 1278 3160 4328.3612384
4 1279 3161 4331.62142452
5 1280 3166 4337.41302616
4 1281 3168 4338.53224606
5 1282 3169 4339.50201313
4 1283 3170 4342.3612384
3 1284 3176 4355.53224606
2 1285 3180 4363.53224606
1 1286 3181 4365.3612384
2 1287 3182 4371.52875915
3 1288 3186 4387.24052885
4 1289 3188 4388.41601245
3 1290 3190 4391.52875915
4 1291 3191 4393.43583387
3 1292 3197 4401.24052885
2 1293 3198 4402.52875915
3 1294 3199 4404.10939893
4 1295 3202 4405.01287057
5 1296 3203 4406.52983679
6 1297 3206 4408.78830009
7 1298 3210 4411.60152749
6 1299 3211 4418.10939893
5 1300 3213 4418.24052885
4 1301 3215 4418.24052885
5 1302 3216 4420.6429898
6 1303 3219 4427.63380981
5 1304 3224 4435.24052885
6 1305 3225 4435.39412099
7 1306 3226 4435.65266124
8 1307 3230 4437.11764273
7 1308 3231 4440.24052885
6 1309 3233 4441.10939893
5 1310 3236 4452.24052885
6 1311 3238 4452.47470489
7 1312 3241 4458.33510459
6 1313 3244 4461.10939893
7 1314 3246 4464.53149392
6 1315 3247 4466.24052885
7 1316 3249 4467.86051784
8 1317 3254 4468.37824391
7 1318 3257 4474.24052885
6 1319 3260 4475.10939893
7 1320 3264 4479.50072267
6 1321 3265 4481.10939893
5 1322 3266 4482.24052885
4 1323 3268 4484.10939893
5 1324 3269 4485.03957496
4 1325 3270 4485.24052885
5 1326 3272 4485.40912641
6 1327 3277 4502.36018082
7 1328 3281 4503.70387063
8 1329 3283 4504.93815676
7 1330 3285 4507.10939893
6 1331 3291 4514.24052885
5 1332 3293 4514.36637694
6 1333 3296 4514.38961842
7 1334 3297 4517.98645413
6 1335 3301 4520.36637694
5 1336 3302 4524.10939893
4 1337 3304 4525.36637694
5 1338 3305 4527.62270647
4 1339 3306 4528.36637694
3 1340 3314 4542.36637694
2 1341 3315 4544.10939893
1 1342 3316 4546.24052885
2 1343 3317 4550.47586627
3 1344 3319 4551.86177171
4 1345 3321 4557.21514359
3 1346 3329 4561.47586627
4 1347 3330 4564.31733376
5 1348 3334 4566.54129736
4 1349 3335 4568.86177171
5 1350 3337 4570.0208536
6 1351 3338 4572.07194422
5 1352 3340 4572.31733376
6 1353 3341 4573.52658898
7 1354 3342 4573.84017758
6 1355 3345 4577.21514359
7 1356 3346 4578.67702215
6 1357 3352 4585.21514359
7 1358 3355 4590.29052314
8 1359 3356 4593.39424609
7 1360 3358 4594.21514359
8 1361 3359 4596.38529108
7 1362 3361 4597.86177171
6 1363 3363 4598.31733376
5 1364 3370 4608.86177171
4 1365 3373 4611.21514359
3 1366 3374 4612.31733376
2 1367 3381 4619.21514359
1 1368 3382 4622.86177171
2 1369 3385 4643.90568488
1 1370 3389 4651.90568488
2 1371 3390 4657.8018754
3 1372 3394 4668.09924617
2 1373 3398 4674.8018754
3 1374 3399 4678.42335802
4 1375 3401 4679.77047831
5 1376 3403 4681.33345141
4 1377 3405 4682.09924617
3 1378 3408 4687.77047831
2 1379 3413 4698.42335802
1 1380 3414 4714.09924617
2 1381 3415 4719.13445512
3 1382 3419 4722.58745674
2 1383 3421 4724.13445512
3 1384 3422 4728.03224719
4 1385 3424 4728.7161737
3 1386 3430 4742.58745674
2 1387 3431 4742.7161737
3 1388 3434 4753.42142891
2 1389 3436 4754.03224719
3 1390 3437 4754.77160034
4 1391 3441 4758.97964136
5 1392 3445 4762.39677026
4 1393 3449 4766.97964136
5 1394 3450 4769.72373171
4 1395 3452 4770.42142891
3 1396 3453 4771.77160034
4 1397 3455 4772.95270264
5 1398 3461 4774.63317127
6 1399 3463 4777.77741523
7 1400 3466 4778.69200958
6 1401 3467 4780.97964136
5 1402 3468 4781.42142891
6 1403 3470 4784.25426676
5 1404 3472 4786.97964136
4 1405 3475 4788.63317127
5 1406 3479 4792.20277857
6 1407 3482 4793.96320004
7 1408 3483 4798.84828942
6 1409 3485 4800.97964136
5 1410 3486 4801.42142891
6 1411 3489 4802.35239159
5 1412 3491 4805.63317127
6 1413 3494 4814.13759756
5 1414 3495 4815.42142891
6 1415 3503 4818.89451952
5 1416 3509 4825.63317127
4 1417 3510 4826.42142891
3 1418 3513 4826.97964136
2 1419 3514 4829.97964136
3 1420 3516 4831.16135433
4 1421 3519 4833.32580549
3 1422 3521 4835.42142891
4 1423 3524 4844.42267665
5 1424 3526 4847.06679373
4 1425 3530 4847.32580549
5 1426 3533 4850.85527598
4 1427 3539 4857.16135433
3 1428 3540 4858.42267665
2 1429 3541 4861.06679373
3 1430 3542 4862.41773899
2 1431 3546 4864.85527598
3 1432 3547 4869.70334301
2 1433 3549 4873.41773899
3 1434 3550 4874.60043332
2 1435 3556 4889.70334301
3 1436 3557 4891.09025238
2 1437 3559 4900.60043332
3 1438 3560 4900.9235984
4 1439 3564 4907.11443728
3 1440 3568 4914.9235984
4 1441 3571 4920.64704146
3 1442 3573 4923.09025238
2 1443 3574 4927.11443728
1 1444 3577 4940.64704146
2 1445 3578 4956.23183508
3 1446 3580 4956.48859886
2 1447 3586 4970.23183508
3 1448 3587 4972.49197559
2 1449 3589 4976.48859886
3 1450 3592 4982.23385126
4 1451 3594 4985.22096846
3 1452 3596 4986.49197559
4 1453 3599 4993.11823368
3 1454 3601 4996.23385126
2 1455 3606 5002.22096846
3 1456 3607 5004.95036208
4 1457 3610 5013.21330341
3 1458 3614 5016.11823368
4 1459 3615 5017.85893465
5 1460 3617 5021.71695007
4 1461 3619 5021.95036208
3 1462 3620 5021.95036208
4 1463 3623 5025.15455834
5 1464 3627 5029.36214511
4 1465 3631 5033.15455834
5 1466 3634 5039.86453436
4 1467 3636 5040.85893465
3 1468 3638 5044.71695007
2 1469 3639 5046.36214511
3 1470 3641 5048.04367376
2 1471 3645 5059.86453436
3 1472 3646 5061.78049702
2 1473 3652 5074.04367376
1 1474 3653 5075.78049702
2 1475 3654 5080.76396398
3 1476 3656 5085.29215579
4 1477 3662 5099.20613506
3 1478 3664 5100.76396398
2 1479 3665 5102.29215579
3 1480 3666 5102.46901498
4 1481 3670 5108.98050503
5 1482 3674 5115.41969185
4 1483 3675 5116.20613506
3 1484 3677 5116.46901498
4 1485 3679 5121.8747516
3 1486 3685 5130.20613506
4 1487 3686 5133.74086984
5 1488 3688 5135.69821136
4 1489 3689 5137.98050503
3 1490 3691 5139.20613506
4 1491 3694 5147.36916158
3 1492 3698 5150.74086984
2 1493 3699 5154.98050503
3 1494 3700 5156.01940196
4 1495 3704 5160.94911762
5 1496 3706 5162.63898252
4 1497 3708 5164.36916158
5 1498 3711 5170.78501864
6 1499 3716 5173.30635849
5 1500 3717 5176.01940196
4 1501 3721 5178.36916158
3 1502 3723 5180.94911762
2 1503 3726 5187.01940196
3 1504 3727 5194.79916915
4 1505 3729 5197.0789908
3 1506 3731 5198.36916158
4 1507 3732 5202.11284663
5 1508 3738 5205.7857216
4 1509 3741 5211.0789908
5 1510 3743 5212.63624548
4 1511 3745 5214.79916915
3 1512 3746 5216.11284663
4 1513 3747 5216.16207697
5 1514 3749 5216.7542588
6 1515 3756 5225.69668818
5 1516 3758 5225.79916915
4 1517 3759 5228.0789908
5 1518 3763 5234.55527412
6 1519 3764 5234.69435139
5 1520 3768 5236.16207697
6 1521 3769 5236.89848269
5 1522 3773 5242.79916915
6 1523 3775 5244.03426732
5 1524 3777 5245.0789908
6 1525 3778 5247.51370723
7 1526 3780 5248.14625944
8 1527 3784 5249.32134872
7 1528 3785 5250.16207697
6 1529 3791 5256.0789908
7 1530 3794 5257.32701253
6 1531 3795 5262.0789908
5 1532 3797 5262.79916915
4 1533 3798 5265.79916915
3 1534 3801 5267.16207697
4 1535 3802 5268.80327367
3 1536 3806 5273.79916915
2 1537 3807 5276.0789908
3 1538 3810 5285.31279161
2 1539 3812 5285.80327367
1 1540 3817 5311.31279161
2 1541 3818 5311.58064233
3 1542 3820 5320.16530392
4 1543 3822 5320.61051503
5 1544 3828 5325.49940788
6 1545 3829 5325.55274453
7 1546 3830 5327.60863225
8 1547 3833 5327.96754728
7 1548 3835 5328.58064233
6 1549 3837 5331.16530392
7 1550 3838 5335.012395
8 1551 3841 5336.80227517
7 1552 3843 5337.61051503
8 1553 3844 5338.42548646
7 1554 3846 5339.16530392
8 1555 3847 5339.33828102
9 1556 3854 5345.90601618
8 1557 3856 5348.61051503
7 1558 3857 5350.16530392
6 1559 3861 5351.58064233
7 1560 3864 5356.04332693
8 1561 3867 5359.51343029
9 1562 3868 5360.57685344
8 1563 3870 5362.58064233
7 1564 3871 5362.61051503
8 1565 3878 5368.07949134
9 1566 3879 5368.78932424
8 1567 3883 5373.16530392
7 1568 3885 5373.61051503
8 1569 3887 5374.01644756
7 1570 3888 5376.16530392
6 1571 3890 5376.58064233
5 1572 3898 5384.58064233
6 1573 3900 5387.27536532
7 1574 3901 5387.38421081
6 1575 3902 5390.61051503
5 1576 3906 5396.61051503
4 1577 3910 5399.16530392
5 1578 3911 5399.40910208
6 1579 3912 5401.12048915
5 1580 3914 5404.58064233
6 1581 3915 5407.08341686
7 1582 3916 5407.31726161
6 1583 3918 5407.61051503
7 1584 3922 5411.73108638
6 1585 3930 5418.58064233
5 1586 3931 5418.61051503
6 1587 3932 5419.23594274
5 1588 3937 5421.58064233
4 1589 3938 5422.16530392
3 1590 3941 5423.58064233
2 1591 3942 5432.58064233
3 1592 3944 5435.85967051
2 1593 3946 5436.23594274
3 1594 3947 5436.94893427
2 1595 3954 5447.94893427
3 1596 3955 5450.8816481
2 1597 3957 5452.85967051
3 1598 3958 5452.97025396
4 1599 3961 5455.28056164
5 1600 3967 5466.8473609
4 1601 3968 5469.97025396
3 1602 3970 5470.8816481
4 1603 3971 5472.96854683
3 1604 3972 5473.8816481
4 1605 3974 5474.07889511
5 1606 3980 5483.60775272
6 1607 3981 5483.74446509
5 1608 3982 5484.8816481
6 1609 3987 5487.98326693
7 1610 3988 5492.38359771
8 1611 3989 5493.38980281
7 1612 3993 5498.97025396
8 1613 3994 5501.08142842
7 1614 3995 5501.97025396
6 1615 3997 5504.8816481
7 1616 4003 5508.15601036
6 1617 4005 5509.97025396
7 1618 4007 5509.99205092
8 1619 4010 5515.45641148
7 1620 4016 5525.70293131
6 1621 4019 5526.97025396
7 1622 4020 5528.00020877
6 1623 4021 5528.70293131
5 1624 4023 5530.8816481
6 1625 4024 5530.97191066
5 1626 4031 5541.8816481
4 1627 4034 5543.97025396
3 1628 4035 5545.70293131
4 1629 4036 5546.69256524
5 1630 4038 5549.04065869
4 1631 4044 5558.8816481
5 1632 4045 5559.015779
4 1633 4051 5560.97025396
3 1634 4052 5563.8816481
2 1635 4055 5566.69256524
3 1636 4056 5567.18096686
2 1637 4058 5568.97025396
3 1638 4059 5572.32762746
4 1639 4065 5582.92218212
3 1640 4067 5587.18096686
4 1641 4068 5588.95850805
5 1642 4070 5590.73053343
4 1643 4074 5598.32762746
3 1644 4079 5602.95850805
4 1645 4080 5604.98088058
3 1646 4082 5608.92218212
4 1647 4085 5610.11700127
5 1648 4087 5615.03827034
4 1649 4088 5615.32762746
5 1650 4090 5615.48505289
6 1651 4091 5617.03093804
7 1652 4092 5617.07632624
6 1653 4093 5618.98088058
7 1654 4098 5621.35375239
6 1655 4104 5629.98088058
7 1656 4105 5632.10282282
6 1657 4107 5632.98088058
5 1658 4108 5633.11700127
6 1659 4111 5635.7099072
5 1660 4113 5638.32762746
4 1661 4117 5644.11700127
5 1662 4120 5645.8656384
6 1663 4123 5651.47590867
7 1664 4124 5651.57993779
6 1665 4126 5652.32762746
5 1666 4128 5653.11700127
4 1667 4129 5658.98088058
3 1668 4135 5666.32762746
4 1669 4136 5670.69968477
3 1670 4138 5673.11700127
4 1671 4139 5674.06367751
5 1672 4146 5676.5182571
6 1673 4152 5680.37146207
5 1674 4154 5682.06367751
6 1675 4155 5686.75488967
5 1676 4157 5688.06367751
4 1677 4158 5690.69968477
3 1678 4159 5690.98088058
4 1679 4164 5701.9493347
3 1680 4168 5706.37146207
2 1681 4169 5714.06367751
3 1682 4170 5714.93498176
4 1683 4172 5717.42686119
5 1684 4174 5718.30634917
4 1685 4178 5721.9493347
5 1686 4179 5723.43379196
6 1687 4183 5726.85738158
7 1688 4186 5730.19326764
6 1689 4189 5734.42686119
5 1690 4191 5734.93498176
4 1691 4193 5735.30634917
5 1692 4194 5735.43090651
4 1693 4198 5740.43379196
3 1694 4201 5748.42686119
2 1695 4203 5749.43090651
3 1696 4207 5754.53836041
2 1697 4209 5760.93498176
3 1698 4210 5760.9495921
2 1699 4214 5765.9495921
3 1700 4217 5769.98956982
2 1701 4219 5777.53836041
3 1702 4220 5777.65945211
4 1703 4224 5780.23440085
3 1704 4228 5783.98956982
2 1705 4231 5791.23440085
3 1706 4232 5795.3289537
2 1707 4234 5797.65945211
3 1708 4237 5803.79509701
2 1709 4239 5806.3289537
3 1710 4242 5813.78906216
4 1711 4244 5816.73580658
3 1712 4246 5817.79509701
4 1713 4249 5823.79263353
5 1714 4255 5832.44809743
6 1715 4256 5833.32370342
5 1716 4258 5833.78906216
4 1717 4259 5836.73580658
3 1718 4261 5843.79263353
2 1719 4268 5850.73580658
1 1720 4269 5850.78906216
2 1721 4270 5865.89836598
1 1722 4274 5891.89836598
2 1723 4275 5893.42709207
3 1724 4280 5908.44994056
2 1725 4282 5910.42709207
3 1726 4283 5916.80973502
4 1727 4289 5926.75212166
5 1728 4291 5927.69540463
6 1729 4292 5929.29729857
7 1730 4294 5929.93790647
6 1731 4296 5930.80973502
5 1732 4301 5934.44994056
6 1733 4302 5935.09769584
7 1734 4303 5935.48479207
8 1735 4306 5940.33670725
9 1736 4307 5941.57679893
8 1737 4308 5943.75212166
7 1738 4310 5943.75212166
6 1739 4316 5951.44994056
5 1740 4320 5954.75212166
6 1741 4321 5954.93431306
5 1742 4323 5956.44994056
4 1743 4325 5956.80973502
3 1744 4330 5962.75212166
2 1745 4331 5964.80973502
3 1746 4334 5975.08049281
2 1747 4336 5976.44994056
1 1748 4339 5992.08049281
2 1749 4341 6000.17026592
3 1750 4344 6007.2729843
2 1751 4348 6014.17026592
1 1752 4349 6015.2729843
2 1753 4350 6016.33709561
3 1754 4352 6019.32130885
4 1755 4354 6019.50516856
3 1756 4362 6027.33709561
2 1757 4363 6030.32130885
3 1758 4364 6038.66317271
2 1759 4366 6042.50516856
3 1760 4369 6054.77667518
2 1761 4371 6055.66317271
1 1762 4374 6068.77667518
2 1763 4375 6070.79012869
3 1764 4377 6071.37900489
4 1765 4379 6072.42179927
5 1766 4381 6076.46252142
6 1767 4384 6082.71827808
7 1768 4385 6084.15709096
8 1769 4388 6084.45988521
7 1770 4392 6087.79012869
6 1771 4394 6091.37900489
7 1772 4395 6091.56693977
6 1773 4400 6095.42179927
7 1774 4402 6096.32433033
6 1775 4405 6099.37900489
7 1776 4406 6099.94671514
8 1777 4407 6101.09798164
7 1778 4410 6104.79012869
8 1779 4412 6105.2480868
7 1780 4417 6109.42179927
8 1781 4418 6110.03398361
9 1782 4422 6114.64426031
8 1783 4424 6115.79012869
7 1784 4430 6122.37900489
6 1785 4432 6123.42179927
5 1786 4434 6125.37900489
4 1787 4435 6126.79012869
3 1788 4438 6129.42179927
2 1789 4441 6134.42179927
1 1790 4442 6142.37900489
2 1791 4443 6143.86408828
3 1792 4445 6148.30252806
4 1793 4449 6153.9273886
3 1794 4453 6160.86408828
4 1795 4456 6166.22951495
5 1796 4460 6169.96833125
4 1797 4461 6170.9273886
3 1798 4463 6171.30252806
2 1799 4464 6174.22951495
3 1800 4465 6180.11231963
4 1801 4467 6180.75633671
5 1802 4472 6183.21519558
4 1803 4479 6193.9273886
3 1804 4480 6197.11231963
4 1805 4481 6197.24525411
3 1806 4483 6200.75633671
4 1807 4484 6202.88167818
3 1808 4486 6203.75633671
4 1809 4489 6205.85449647
5 1810 4495 6213.95205933
6 1811 4498 6214.91667492
5 1812 4499 6216.85449647
4 1813 4500 6217.24525411
5 1814 4501 6221.47127689
4 1815 4503 6222.88167818
5 1816 4504 6224.96479767
6 1817 4509 6225.5377088
7 1818 4516 6229.20602318
8 1819 4519 6229.38000937
7 1820 4520 6229.47127689
6 1821 4521 6233.95205933
5 1822 4522 6233.95205933
4 1823 4523 6238.96479767
5 1824 4527 6241.15617647
4 1825 4529 6243.20602318
3 1826 4530 6244.96479767
4 1827 4533 6247.30874505
3 1828 4535 6249.20602318
4 1829 4536 6254.39756441
3 1830 4538 6255.15617647
4 1831 4541 6261.44667669
3 1832 4547 6269.44667669
2 1833 4548 6273.30874505
1 1834 4549 6274.39756441
2 1835 4550 6285.23271491
3 1836 4553 6287.62038111
4 1837 4555 6292.12316257
5 1838 4560 6295.39088753
6 1839 4561 6296.00124149
5 1840 4563 6296.23271491
6 1841 4568 6299.52529261
7 1842 4574 6303.47716433
6 1843 4576 6306.12316257
5 1844 4577 6307.62038111
4 1845 4578 6309.12316257
3 1846 4581 6313.62038111
2 1847 4582 6316.00124149
3 1848 4583 6316.29083253
4 1849 4585 6319.67803758
3 1850 4587 6320.47716433
4 1851 4588 6324.18038637
3 1852 4594 6330.29083253
2 1853 4595 6333.67803758
3 1854 4598 6336.12061747
2 1855 4600 6344.18038637
3 1856 4601 6344.47128688
4 1857 4603 6345.93051786
5 1858 4605 6348.33832251
4 1859 4615 6358.47128688
5 1860 4616 6359.44062688
4 1861 4618 6362.12061747
3 1862 4619 6368.33832251
2 1863 4620 6371.93051786
3 1864 4623 6376.90452762
2 1865 4627 6379.44062688
1 1866 4628 6384.90452762
2 1867 4629 6389.04334336
3 1868 4631 6391.54245311
4 1869 4633 6398.03034496
5 1870 4637 6399.35598501
6 1871 4639 6399.82969149
7 1872 4642 6401.85840257
6 1873 4645 6408.54245311
5 1874 4651 6412.04334336
6 1875 4652 6412.35843996
5 1876 4656 6415.03034496
6 1877 4657 6416.6671988
7 1878 4659 6418.26185186
6 1879 4661 6419.35598501
5 1880 4662 6422.35598501
4 1881 4663 6425.82969149
5 1882 4670 6428.47680315
6 1883 4672 6428.82951322
5 1884 4674 6432.26185186
4 1885 4675 6435.35843996
3 1886 4680 6436.6671988
2 1887 4681 6442.47680315
1 1888 4682 6442.82951322
2 1889 4683 6443.64337421
3 1890 4685 6444.71868322
4 1891 4687 6445.35753594
5 1892 4692 6450.48948341
4 1893 4696 6456.35753594
5 1894 4697 6457.6213839
6 1895 4701 6457.9328653
5 1896 4705 6460.64337421
6 1897 4707 6462.17595824
5 1898 4708 6462.6213839
4 1899 4709 6463.64337421
5 1900 4710 6463.64921944
6 1901 4715 6469.44835871
7 1902 4719 6471.19382986
6 1903 4721 6473.71868322
5 1904 4722 6474.64921944
4 1905 4723 6474.9328653
3 1906 4724 6474.9328653
4 1907 4726 6478.19179545
3 1908 4733 6485.19382986
2 1909 4734 6492.19179545
1 1910 4735 6495.44835871
2 1911 4736 6516.34192555
3 1912 4738 6520.0930665
4 1913 4744 6524.20004672
5 1914 4746 6524.86455204
4 1915 4748 6527.34192555
3 1916 4753 6532.86455204
2 1917 4754 6540.0930665
3 1918 4756 6541.83895882
2 1919 4758 6547.20004672
3 1920 4760 6554.11522469
4 1921 4762 6554.56651338
3 1922 4766 6561.83895882
4 1923 4767 6564.61963454
5 1924 4773 6570.72500701
4 1925 4775 6571.11522469
3 1926 4776 6571.56651338
4 1927 4777 6572.42468482
3 1928 4781 6581.61963454
4 1929 4786 6583.83295969
5 1930 4788 6583.84165301
4 1931 4790 6589.42468482
5 1932 4793 6594.39802941
4 1933 4795 6599.72500701
3 1934 4798 6600.84165301
4 1935 4799 6606.52801435
3 1936 4801 6606.83295969
4 1937 4806 6614.37604775
3 1938 4808 6614.39802941
2 1939 4809 6617.52801435
3 1940 4810 6622.24680622
4 1941 4814 6624.93117593
5 1942 4816 6627.09752882
6 1943 4818 6629.13484023
5 1944 4821 6631.37604775
4 1945 4827 6636.24680622
5 1946 4828 6637.63919486
4 1947 4832 6641.09752882
3 1948 4833 6642.37604775
2 1949 4836 6644.93117593
3 1950 4837 6648.07268163
4 1951 4839 6652.33540362
3 1952 4841 6654.63919486
4 1953 4842 6654.70053718
3 1954 4850 6665.70053718
2 1955 4851 6666.33540362
3 1956 4852 6667.15925647
2 1957 4854 6668.07268163
3 1958 4855 6669.82897813
4 1959 4859 6676.57560823
3 1960 4863 6681.15925647
2 1961 4864 6686.82897813
3 1962 4867 6694.62680235
2 1963 4871 6708.57560823
1 1964 4872 6708.62680235
2 1965 4873 6711.21083501
3 1966 4877 6721.86687476
4 1967 4879 6723.17096144
3 1968 4881 6728.21083501
4 1969 4884 6729.93648611
5 1970 4886 6731.631639
6 1971 4888 6731.68090285
7 1972 4889 6732.57955549
8 1973 4894 6739.33740141
9 1974 4896 6740.85180994
8 1975 4898 6740.93648611
7 1976 4903 6741.86687476
8 1977 4904 6742.09326268
7 1978 4907 6745.631639
6 1979 4910 6746.17096144
5 1980 4911 6746.86687476
4 1981 4914 6748.631639
5 1982 4915 6750.17882376
6 1983 4917 6751.1557751
5 1984 4918 6751.93648611
6 1985 4922 6754.51654289
7 1986 4925 6758.04150738
6 1987 4930 6762.631639
5 1988 4932 6766.17096144
4 1989 4934 6767.17882376
5 1990 4936 6768.80886741
4 1991 4937 6768.93648611
5 1992 4938 6775.40836682
6 1993 4942 6781.65485243
7 1994 4945 6781.96217113
6 1995 4951 6785.631639
5 1996 4953 6786.17096144
4 1997 4958 6789.17096144
3 1998 4959 6789.40836682
2 1999 4963 6798.65485243
1 2000 4964 6800.58294831
0 2001 4965 6801.65485243
0 2002 4967 7230.631639
