#data counter step time
0 1 0 0.0
1 2 1 0.0
2 3 12 1.58140560832
3 4 14 7.13628442809
4 5 16 13.6374071049
5 6 21 23.4720565381
4 7 24 24.5814056083
5 8 28 26.4259157613
6 9 30 27.4498365009
5 10 32 30.1362844281
4 11 33 33.1362844281
3 12 36 33.6374071049
4 13 39 41.3840706334
3 14 41 46.4259157613
4 15 42 50.5250858438
3 16 44 53.4498365009
2 17 49 67.5250858438
3 18 50 69.712906608
4 19 52 71.0933439239
5 20 54 74.426695584
4 21 56 76.3840706334
5 22 59 82.0083085479
6 23 66 85.1387998813
5 24 67 86.712906608
6 25 71 90.1753659939
5 26 73 91.426695584
4 27 74 94.0933439239
5 28 75 96.8118651903
6 29 77 98.0708848058
5 30 79 99.0083085479
4 31 80 99.0083085479
5 32 81 100.144516362
6 33 85 109.6504136
5 34 91 113.175365994
6 35 96 115.731287146
7 36 98 120.014221783
6 37 100 120.144516362
7 38 102 120.673065185
8 39 103 121.039828145
7 40 105 121.070884806
6 41 106 122.81186519
7 42 107 123.423711951
6 43 109 123.6504136
5 44 117 135.070884806
4 45 118 135.731287146
5 46 119 135.859050181
6 47 121 137.170541904
5 48 125 140.144516362
4 49 126 143.144516362
3 50 129 146.423711951
4 51 132 153.879825255
3 52 134 157.170541904
2 53 137 161.859050181
1 54 138 167.879825255
2 55 139 183.458459214
3 56 143 190.890695006
4 57 145 192.079345183
5 58 147 193.689996789
6 59 149 196.858523956
5 60 151 197.458459214
6 61 157 198.00635138
7 62 158 199.459261264
6 63 160 201.890695006
7 64 164 204.700610436
6 65 166 204.858523956
7 66 169 206.197407099
6 67 173 210.689996789
5 68 178 215.079345183
4 69 179 216.459261264
3 70 180 216.689996789
2 71 181 220.197407099
3 72 182 220.464617915
4 73 184 226.145928329
3 74 186 227.700610436
2 75 189 234.464617915
3 76 190 235.291506987
4 77 196 248.826707905
3 78 198 252.145928329
2 79 199 252.291506987
3 80 202 261.960959183
4 81 204 265.249306839
3 82 206 265.826707905
4 83 211 276.136278997
5 84 213 278.01687645
4 85 215 278.960959183
5 86 216 279.997530731
6 87 218 283.578262896
7 88 222 284.42826251
6 89 226 287.997530731
5 90 227 288.249306839
6 91 230 289.342812763
5 92 238 296.136278997
4 93 239 297.342812763
3 94 240 298.01687645
2 95 241 300.578262896
1 96 242 301.997530731
2 97 243 314.025295718
3 98 247 323.307702413
2 99 249 325.025295718
3 100 250 330.018782514
4 101 252 332.09816368
5 102 256 334.854090138
4 103 262 340.307702413
3 104 265 345.854090138
4 105 266 349.108257285
3 106 268 355.09816368
2 107 269 356.018782514
3 108 270 356.687183264
4 109 272 358.173300027
5 110 276 362.023127982
4 111 280 366.108257285
3 112 285 372.173300027
2 113 286 373.023127982
3 114 287 374.592159217
4 115 289 375.109883937
3 116 295 385.687183264
4 117 296 386.12321225
5 118 298 386.674077111
4 119 300 389.109883937
3 120 303 391.592159217
4 121 304 392.284258534
3 122 306 394.674077111
2 123 311 406.12321225
3 124 312 409.118364898
2 125 314 412.284258534
3 126 317 415.385905963
2 127 319 417.118364898
3 128 322 426.288565678
2 129 324 429.385905963
1 130 327 437.288565678
2 131 328 454.524393305
3 132 330 459.850407097
4 133 334 468.460902708
3 134 336 468.524393305
4 135 338 468.627259664
5 136 342 469.87188088
6 137 344 472.291281228
7 138 348 472.985154392
6 139 350 473.850407097
5 140 351 476.460902708
6 141 352 477.472876851
7 142 354 477.987202983
6 143 356 479.850407097
5 144 367 492.87188088
4 145 368 492.985154392
5 146 369 494.373359576
4 147 371 495.291281228
3 148 372 497.472876851
4 149 373 497.869494398
3 150 375 497.987202983
2 151 380 508.373359576
1 152 381 511.869494398
2 153 382 522.360854771
3 154 384 527.438569045
4 155 386 528.553169635
3 156 392 536.360854771
4 157 395 539.133677783
3 158 397 541.438569045
4 159 399 541.895089988
3 160 400 545.553169635
2 161 404 550.133677783
1 162 405 553.133677783
2 163 406 582.006522309
3 164 408 592.31285052
4 165 412 598.700138011
3 166 418 603.31285052
4 167 419 605.356976467
5 168 421 605.995976994
4 169 423 608.006522309
3 170 428 615.700138011
4 171 429 619.777107651
5 172 431 621.258745142
4 173 433 622.356976467
3 174 434 622.995976994
4 175 435 625.060542459
3 176 443 630.060542459
2 177 444 632.258745142
1 178 445 633.777107651
2 179 446 635.157937117
3 180 450 637.412210455
2 181 454 640.157937117
1 182 455 648.412210455
2 183 456 649.589808793
3 184 458 650.747618957
4 185 461 652.932700928
5 186 463 654.57214298
6 187 464 654.870741931
7 188 471 660.872814007
8 189 475 662.720953518
7 190 478 667.747618957
8 191 480 669.069080053
7 192 482 669.932700928
6 193 485 671.870741931
5 194 486 672.932700928
4 195 487 674.872814007
3 196 488 675.589808793
4 197 489 676.166731835
5 198 493 678.920195811
4 199 497 684.747618957
5 200 502 689.253234203
4 201 504 692.932700928
3 202 505 696.166731835
2 203 506 698.920195811
1 204 509 706.253234203
2 205 510 713.983312884
1 206 514 718.983312884
2 207 515 722.9766607
3 208 517 724.722570154
4 209 520 729.305472927
5 210 526 732.830583794
6 211 528 732.942082214
7 212 531 736.1470753
8 213 532 736.202982886
7 214 537 736.9766607
6 215 538 738.722570154
5 216 539 741.722570154
6 217 542 743.452518612
5 218 544 743.942082214
4 219 547 747.202982886
3 220 548 749.942082214
2 221 551 757.452518612
1 222 552 758.830583794
2 223 553 761.991182601
3 224 555 768.803774613
4 225 558 769.400159646
5 226 562 772.663637003
6 227 567 777.902505524
5 228 568 778.991182601
4 229 569 779.803774613
5 230 570 780.826693007
6 231 572 781.842132987
5 232 577 783.663637003
4 233 580 787.991182601
5 234 581 788.054881068
4 235 583 791.826693007
3 236 586 792.663637003
4 237 587 795.021838477
5 238 591 800.563371053
4 239 593 801.842132987
3 240 596 805.054881068
2 241 599 817.563371053
1 242 600 821.021838477
2 243 601 835.509740405
3 244 603 844.624747616
4 245 607 846.446181882
5 246 611 853.867554217
6 247 613 855.10027513
5 248 615 855.509740405
4 249 616 857.446181882
5 250 617 859.610308886
6 251 625 867.05963451
7 252 629 869.286550464
6 253 631 870.610308886
5 254 634 873.867554217
6 255 637 877.767364569
5 256 639 878.05963451
4 257 640 878.10027513
5 258 642 878.975862147
4 259 643 882.624747616
3 260 647 890.610308886
4 261 648 891.497648527
3 262 650 894.767364569
2 263 651 897.767364569
3 264 652 904.351990182
4 265 656 908.027452589
5 266 658 911.351463461
6 267 660 915.004585154
5 268 666 917.497648527
4 269 669 922.027452589
3 270 670 924.351990182
2 271 671 925.351463461
1 272 674 932.004585154
2 273 675 936.192545055
3 274 677 943.170789107
4 275 679 948.717877104
5 276 681 949.323513172
6 277 687 955.476714335
7 278 691 957.736619626
6 279 695 963.323513172
5 280 696 965.192545055
4 281 699 965.717877104
3 282 700 969.170789107
4 283 703 975.06978093
3 284 705 975.476714335
2 285 706 977.323513172
3 286 707 978.483857081
4 287 709 978.937830301
5 288 711 979.432973904
6 289 714 981.686633143
7 290 721 990.63959444
6 291 723 992.06978093
5 292 727 992.937830301
6 293 730 998.32871592
5 294 732 1001.48385708
4 295 733 1002.4329739
5 296 734 1005.53271417
6 297 736 1006.17348325
5 298 738 1007.63959444
4 299 741 1008.4329739
3 300 744 1018.32871592
2 301 747 1020.17348325
3 302 748 1021.90746431
4 303 750 1026.44804812
5 304 753 1033.95652118
4 305 754 1034.53271417
3 306 758 1040.44804812
2 307 761 1044.90746431
1 308 762 1046.44804812
2 309 763 1047.90824582
3 310 765 1049.57350243
4 311 768 1056.53940478
5 312 774 1063.14679541
4 313 776 1066.57350243
3 314 777 1066.57350243
2 315 778 1067.90824582
1 316 781 1083.14679541
2 317 782 1097.77806536
3 318 784 1100.65565153
4 319 786 1103.25452226
5 320 794 1110.9434475
4 321 796 1111.65565153
5 322 797 1115.62156101
6 323 799 1116.11357812
5 324 801 1117.25452226
4 325 804 1120.77806536
3 326 807 1123.62156101
2 327 808 1127.9434475
1 328 811 1136.11357812
2 329 812 1173.94305985
3 330 814 1173.94964422
4 331 818 1178.71284041
5 332 822 1184.432681
6 333 824 1184.57725952
5 334 826 1184.94964422
4 335 829 1193.94305985
5 336 834 1195.072864
6 337 836 1196.18981497
5 338 838 1201.432681
4 339 841 1204.57725952
5 340 842 1206.49892657
6 341 845 1207.30749692
5 342 849 1207.71284041
4 343 852 1212.072864
3 344 853 1213.18981497
4 345 854 1215.22092723
5 346 856 1217.51969819
6 347 858 1219.95666212
5 348 860 1220.49892657
4 349 863 1223.49892657
5 350 868 1229.59475921
6 351 871 1230.04621749
5 352 872 1230.95666212
6 353 873 1231.33249903
5 354 878 1234.51969819
4 355 881 1238.22092723
3 356 882 1240.59475921
4 357 883 1242.90482383
5 358 885 1243.34878464
4 359 887 1243.59475921
3 360 888 1245.33249903
4 361 889 1249.20774843
5 362 891 1249.92284921
6 363 899 1253.60871372
7 364 905 1257.68323639
6 365 907 1260.20774843
5 366 908 1260.34878464
4 367 909 1262.90482383
3 368 910 1263.92284921
4 369 913 1271.86134443
3 370 915 1273.60871372
2 371 918 1280.20774843
1 372 919 1282.86134443
2 373 920 1283.24926364
3 374 922 1290.97447831
4 375 926 1293.53716111
3 376 932 1298.97447831
2 377 933 1303.24926364
1 378 934 1304.53716111
2 379 935 1310.85262234
3 380 937 1311.22456915
4 381 939 1317.45904709
5 382 945 1318.76551054
6 383 947 1324.00404595
5 384 953 1332.00404595
4 385 954 1333.85262234
3 386 955 1334.22456915
2 387 956 1334.45904709
1 388 959 1347.76551054
2 389 960 1347.80703807
3 390 964 1352.72018514
4 391 966 1354.96205237
3 392 968 1355.80703807
4 393 971 1360.89577495
3 394 975 1366.72018514
2 395 978 1374.89577495
3 396 979 1375.27886553
2 397 981 1377.96205237
1 398 984 1386.27886553
2 399 985 1387.48710343
3 400 987 1393.86412585
2 401 993 1401.48710343
3 402 994 1401.85561059
4 403 996 1402.13083736
3 404 998 1404.86412585
4 405 999 1405.78152221
5 406 1005 1409.35549724
6 407 1007 1410.6955135
5 408 1009 1412.85561059
4 409 1014 1416.13083736
5 410 1015 1417.27823591
4 411 1017 1419.78152221
3 412 1018 1423.35549724
4 413 1023 1430.96759789
3 414 1025 1433.6955135
4 415 1026 1436.53195539
3 416 1032 1441.96759789
2 417 1033 1443.27823591
1 418 1034 1450.53195539
2 419 1035 1468.29343223
3 420 1037 1469.83698758
4 421 1039 1472.88844363
5 422 1045 1478.04145188
6 423 1047 1479.34657123
5 424 1049 1480.83698758
4 425 1052 1485.29343223
5 426 1057 1489.13027967
4 427 1059 1489.88844363
3 428 1060 1490.34657123
2 429 1061 1495.04145188
3 430 1064 1499.91641253
4 431 1067 1500.28863663
5 432 1068 1502.33926872
4 433 1070 1503.13027967
5 434 1074 1505.20736411
4 435 1080 1513.33926872
3 436 1081 1513.91641253
2 437 1082 1516.20736411
3 438 1083 1516.53178904
2 439 1085 1516.91641253
3 440 1087 1520.41470666
4 441 1093 1524.51756915
3 442 1095 1528.41470666
4 443 1097 1529.12064953
3 444 1099 1530.53178904
4 445 1104 1545.30610247
5 446 1106 1546.11002818
4 447 1108 1546.12064953
5 448 1109 1549.13095156
4 449 1111 1550.51756915
3 450 1116 1556.30610247
2 451 1119 1560.11002818
3 452 1120 1562.01685046
4 453 1122 1562.13366529
5 454 1124 1566.66012386
6 455 1132 1573.93813947
7 456 1133 1574.63048013
8 457 1134 1574.77746558
7 458 1136 1577.66012386
6 459 1137 1578.13095156
5 460 1140 1579.13366529
6 461 1143 1582.82355283
5 462 1144 1585.01685046
6 463 1146 1586.54290658
5 464 1149 1590.13366529
4 465 1155 1594.66012386
5 466 1158 1597.22219855
6 467 1160 1597.53433337
7 468 1162 1597.76423045
6 469 1166 1599.01685046
5 470 1168 1599.22219855
4 471 1169 1602.22219855
3 472 1170 1607.13095156
2 473 1174 1610.13366529
3 474 1176 1614.40938655
2 475 1180 1619.01685046
3 476 1183 1621.23840957
2 477 1185 1625.40938655
1 478 1188 1632.23840957
2 479 1190 1646.57712936
3 480 1192 1647.63889594
4 481 1193 1648.55328646
5 482 1194 1649.39414326
6 483 1195 1651.82049182
7 484 1198 1653.6496253
8 485 1199 1656.8249256
9 486 1200 1665.85708725
8 487 1203 1666.57712936
9 488 1204 1671.86484283
10 489 1205 1672.27452795
9 490 1209 1680.57712936
8 491 1210 1686.57712936
9 492 1212 1688.30390453
10 493 1215 1697.31704854
11 494 1216 1698.67503086
10 495 1218 1700.57712936
11 496 1219 1702.98798152
12 497 1220 1711.94971018
13 498 1223 1716.06775766
14 499 1224 1716.93760561
15 500 1225 1719.44566061
16 501 1226 1719.88196461
15 502 1229 1720.57712936
16 503 1230 1725.97010328
15 504 1236 1734.57712936
16 505 1240 1737.52871432
15 506 1241 1737.57712936
14 507 1243 1748.57712936
13 508 1244 1748.57712936
14 509 1245 1756.61208241
15 510 1246 1757.47778283
16 511 1249 1758.74256362
17 512 1250 1760.55647149
16 513 1252 1762.57712936
17 514 1253 1762.71736149
18 515 1256 1765.50523725
17 516 1257 1767.57712936
18 517 1259 1779.27311114
17 518 1262 1784.57712936
16 519 1266 1795.57712936
17 520 1268 1798.41016703
18 521 1269 1813.4356966
19 522 1270 1817.1679176
20 523 1271 1819.6193367
21 524 1272 1838.45206637
22 525 1273 1891.66612806
23 526 1274 1891.85345771
24 527 1275 1895.38023683
25 528 1276 1899.87783676
26 529 1277 1909.057735
27 530 1278 1919.73643048
28 531 1279 1928.80230193
29 532 1280 1933.45514216
30 533 1281 1937.74332946
31 534 1282 1938.04455662
32 535 1283 1953.21046513
33 536 1284 1956.96062751
34 537 1285 1957.34541541
35 538 1286 1957.68158149
36 539 1287 1961.92645711
37 540 1288 1967.59527195
38 541 1289 1970.05487301
39 542 1290 1971.27605636
40 543 1291 1974.5980785
41 544 1292 1977.8253696
42 545 1293 1984.29187182
43 546 1294 1994.23008159
44 547 1295 2003.6490823
45 548 1296 2008.29597855
46 549 1297 2008.45797959
47 550 1302 2013.19901135
48 551 1303 2014.85480555
49 552 1304 2015.71452308
48 553 1312 2031.91641253
47 554 1313 2034.91641253
48 555 1314 2041.03730595
49 556 1320 2042.83032324
50 557 1321 2044.65434222
51 558 1322 2050.94801944
50 559 1323 2051.91641253
49 560 1324 2051.91641253
50 561 1325 2055.33896346
49 562 1330 2057.91641253
48 563 1331 2057.91641253
49 564 1337 2072.37000576
50 565 1338 2072.85736394
51 566 1339 2073.84115217
50 567 1344 2074.91641253
49 568 1345 2074.91641253
50 569 1346 2075.42297325
49 570 1347 2077.91641253
50 571 1348 2078.69782311
51 572 1349 2079.0811189
50 573 1350 2080.91641253
51 574 1356 2083.92238909
52 575 1357 2085.54384644
53 576 1358 2093.04899538
54 577 1359 2094.18363085
53 578 1364 2094.91641253
52 579 1365 2094.91641253
51 580 1366 2094.91641253
52 581 1367 2096.43693935
53 582 1368 2097.20741345
52 583 1369 2097.91641253
51 584 1379 2102.91641253
50 585 1380 2105.91641253
49 586 1381 2105.91641253
50 587 1382 2106.53074202
51 588 1389 2108.36724548
50 589 1390 2111.91641253
51 590 1391 2112.25755208
50 591 1402 2119.91641253
49 592 1403 2119.91641253
48 593 1413 2122.91641253
47 594 1414 2122.91641253
46 595 1415 2124.13366529
47 596 1416 2124.32440327
46 597 1417 2130.13366529
45 598 1422 2130.13366529
46 599 1423 2131.57221791
45 600 1429 2133.13366529
46 601 1435 2135.87366955
45 602 1436 2136.91641253
44 603 1446 2141.13095156
43 604 1447 2141.13095156
42 605 1448 2141.13095156
43 606 1449 2141.54521555
42 607 1454 2142.91641253
43 608 1455 2143.44075074
42 609 1456 2144.13366529
41 610 1462 2145.91641253
40 611 1463 2147.13095156
39 612 1464 2147.13366529
40 613 1465 2148.43229359
39 614 1466 2148.91641253
40 615 1467 2149.85782824
41 616 1468 2150.91565539
40 617 1472 2152.13095156
39 618 1473 2152.13095156
38 619 1482 2153.13366529
37 620 1483 2153.13366529
36 621 1484 2155.13095156
35 622 1485 2155.13095156
36 623 1486 2158.78960304
35 624 1494 2159.91641253
34 625 1495 2159.91641253
33 626 1496 2162.91641253
32 627 1497 2163.13095156
31 628 1506 2165.91641253
30 629 1509 2166.13095156
29 630 1510 2166.13095156
28 631 1511 2167.13366529
27 632 1513 2167.91641253
28 633 1514 2169.59784919
27 634 1516 2170.13366529
28 635 1518 2170.49427531
27 636 1522 2173.91641253
26 637 1528 2176.13366529
25 638 1529 2176.91641253
24 639 1530 2177.13095156
23 640 1531 2178.91641253
24 641 1532 2179.79065284
23 642 1536 2181.13366529
22 643 1539 2183.13095156
23 644 1540 2183.13126832
22 645 1543 2184.91641253
21 646 1550 2191.13095156
22 647 1551 2192.44061267
21 648 1552 2194.13095156
20 649 1568 2195.13366529
21 650 1569 2197.17446754
20 651 1570 2198.13366529
19 652 1572 2199.13095156
20 653 1573 2199.97746096
19 654 1574 2201.13366529
18 655 1575 2202.13095156
17 656 1578 2205.13095156
16 657 1583 2207.91641253
15 658 1584 2207.91641253
14 659 1591 2210.13095156
15 660 1592 2213.05878354
14 661 1593 2215.13366529
13 662 1594 2215.13366529
12 663 1603 2218.13366529
11 664 1604 2218.91641253
12 665 1605 2219.50722114
11 666 1606 2221.13366529
12 667 1607 2223.99322584
11 668 1610 2224.13095156
10 669 1611 2224.91641253
9 670 1614 2227.91641253
8 671 1615 2227.91641253
7 672 1624 2235.13095156
8 673 1625 2237.57189984
7 674 1627 2238.13366529
8 675 1628 2239.73752262
7 676 1630 2241.13095156
6 677 1631 2241.91641253
5 678 1633 2244.91641253
4 679 1641 2255.13366529
3 680 1642 2258.13095156
4 681 1643 2258.22099654
3 682 1645 2261.91641253
2 683 1650 2269.13366529
3 684 1651 2273.69674567
2 685 1653 2275.22099654
3 686 1654 2277.17142337
2 687 1660 2291.17142337
1 688 1661 2299.69674567
2 689 1662 2303.57580193
3 690 1664 2307.51936445
4 691 1666 2309.80409528
5 692 1668 2312.0791184
4 693 1676 2323.57580193
3 694 1677 2324.51936445
2 695 1678 2332.80409528
3 696 1679 2333.61993858
4 697 1683 2334.64257549
5 698 1685 2335.42851056
6 699 1688 2337.65090874
5 700 1689 2343.57580193
6 701 1692 2343.57737668
5 702 1696 2345.64257549
6 703 1698 2346.70605393
5 704 1700 2347.61993858
4 705 1703 2353.64257549
5 706 1705 2354.25773567
4 707 1708 2354.64257549
5 708 1709 2354.98807679
4 709 1714 2358.61993858
3 710 1717 2360.57580193
4 711 1718 2364.12718736
3 712 1722 2365.98807679
2 713 1723 2369.57580193
3 714 1724 2372.6993431
2 715 1726 2375.12718736
3 716 1727 2375.5353908
4 717 1729 2377.86354848
5 718 1733 2382.47280508
6 719 1738 2390.5666211
5 720 1740 2391.86354848
6 721 1743 2393.21596062
7 722 1744 2395.20760461
6 723 1746 2395.5353908
5 724 1747 2395.6993431
4 725 1753 2405.86354848
3 726 1755 2409.5353908
2 727 1756 2409.6993431
3 728 1757 2411.30672351
4 729 1761 2418.3020033
5 730 1767 2424.88142234
4 731 1769 2426.3020033
3 732 1770 2428.30672351
2 733 1771 2428.86354848
3 734 1774 2434.65164151
2 735 1778 2446.3020033
1 736 1779 2451.65164151
2 737 1780 2453.04557355
3 738 1782 2458.7111
2 739 1788 2467.04557355
3 740 1789 2468.46718839
4 741 1791 2476.11132486
3 742 1795 2478.7111
4 743 1797 2484.70126461
3 744 1799 2485.46718839
4 745 1802 2493.71071507
3 746 1806 2499.11132486
4 747 1807 2503.5406731
3 748 1811 2507.70126461
4 749 1814 2510.45899411
5 750 1817 2512.62180275
4 751 1821 2514.5406731
3 752 1822 2521.45899411
2 753 1823 2522.71071507
3 754 1824 2524.33691368
4 755 1826 2524.80424395
3 756 1828 2527.45899411
4 757 1829 2527.70319751
5 758 1831 2528.80133162
6 759 1841 2538.79616431
5 760 1842 2541.70319751
4 761 1844 2544.80424395
3 762 1845 2545.80133162
2 763 1846 2547.33691368
3 764 1849 2551.30779172
2 765 1851 2552.70319751
3 766 1854 2568.08947232
2 767 1858 2577.30779172
1 768 1859 2579.08947232
2 769 1860 2583.8892934
3 770 1862 2585.31819724
2 771 1868 2597.8892934
1 772 1869 2599.31819724
2 773 1871 2610.35514196
3 774 1873 2615.10984207
4 775 1875 2615.80873944
3 776 1881 2620.10984207
2 777 1884 2620.80873944
3 778 1885 2628.39820327
2 779 1887 2633.35514196
3 780 1890 2644.91432182
4 781 1892 2648.20727302
3 782 1894 2648.39820327
4 783 1899 2661.85754788
3 784 1901 2664.91432182
2 785 1904 2668.20727302
3 786 1906 2673.28201186
4 787 1909 2676.60506445
3 788 1910 2681.85754788
4 789 1915 2697.61215336
5 790 1917 2698.95881764
4 791 1919 2699.28201186
5 792 1920 2701.09003767
4 793 1922 2702.28201186
5 794 1923 2703.59143097
6 795 1931 2709.16057854
7 796 1934 2710.87961173
6 797 1936 2714.59143097
5 798 1938 2714.61215336
6 799 1940 2714.7362785
5 800 1941 2715.09003767
4 801 1942 2715.95881764
5 802 1946 2719.36740837
6 803 1948 2721.15227516
5 804 1952 2725.59143097
6 805 1953 2727.02540866
5 806 1957 2728.59143097
4 807 1958 2728.61215336
3 808 1961 2732.02540866
2 809 1964 2739.36740837
3 810 1965 2743.20947643
2 811 1967 2744.15227516
3 812 1970 2754.08508525
2 813 1972 2760.20947643
3 814 1973 2760.68456894
4 815 1977 2766.68506055
3 816 1983 2771.68456894
4 817 1984 2773.20771409
5 818 1986 2774.74180335
4 819 1988 2777.08508525
3 820 1989 2777.68506055
4 821 1990 2779.29103717
3 822 1996 2785.74180335
4 823 1997 2787.03187835
3 824 1999 2787.20771409
4 825 2003 2794.62321933
5 826 2004 2796.4442945
4 827 2006 2799.29103717
3 828 2012 2807.03187835
2 829 2013 2810.03187835
1 830 2014 2816.4442945
2 831 2015 2823.85942238
3 832 2017 2825.12801284
4 833 2019 2826.19747614
5 834 2025 2832.2670873
6 835 2027 2832.7051706
5 836 2029 2834.85942238
4 837 2036 2840.19747614
5 838 2037 2842.80080121
6 839 2041 2845.24004151
5 840 2043 2845.85942238
4 841 2044 2846.2670873
3 842 2047 2853.80080121
2 843 2048 2853.85942238
3 844 2049 2854.04182674
2 845 2051 2854.12801284
3 846 2054 2868.19715689
2 847 2056 2874.04182674
3 848 2059 2885.16672162
4 849 2063 2899.12121343
3 850 2065 2899.16672162
4 851 2066 2899.71676199
3 852 2068 2900.19715689
4 853 2069 2903.91826122
3 854 2073 2910.71676199
4 855 2074 2910.73398254
3 856 2082 2920.91826122
2 857 2083 2924.73398254
1 858 2084 2925.12121343
2 859 2085 2928.01673972
3 860 2087 2940.71729575
4 861 2089 2941.64038728
5 862 2093 2942.7109697
4 863 2101 2951.71729575
3 864 2102 2952.64038728
2 865 2103 2956.7109697
1 866 2104 2960.01673972
2 867 2105 2972.78876798
3 868 2107 2974.88055231
4 869 2109 2975.79873631
5 870 2113 2979.42063322
6 871 2117 2983.3665209
5 872 2118 2983.78876798
4 873 2124 2987.42063322
5 874 2125 2988.37051036
6 875 2127 2988.37149829
5 876 2128 2988.88055231
4 877 2130 2989.79873631
5 878 2131 2992.72779786
6 879 2137 3000.32696586
5 880 2140 3002.88055231
4 881 2142 3003.78876798
5 882 2144 3005.79050321
4 883 2150 3013.88055231
3 884 2151 3014.37051036
2 885 2152 3016.88055231
1 886 2153 3021.72779786
2 887 2154 3023.86320892
3 888 2156 3029.32755325
2 889 2162 3037.86320892
3 890 2163 3041.12940306
2 891 2165 3046.32755325
3 892 2166 3048.9717352
4 893 2168 3050.95695983
3 894 2176 3058.12940306
2 895 2177 3065.9717352
1 896 2178 3067.95695983
2 897 2179 3069.99750638
3 898 2183 3084.03504584
2 899 2185 3086.99750638
1 900 2188 3095.03504584
2 901 2189 3098.20148298
3 902 2191 3100.46295345
4 903 2197 3109.15101119
3 904 2199 3111.46295345
4 905 2200 3114.24947018
5 906 2204 3118.94794614
4 907 2206 3120.15101119
3 908 2207 3121.20148298
4 909 2209 3122.86289424
5 910 2210 3125.83556816
4 911 2216 3129.94794614
5 912 2217 3130.07664632
6 913 2222 3134.91215148
7 914 2225 3136.33079557
6 915 2226 3136.83556816
5 916 2227 3137.24947018
6 917 2230 3137.55186709
7 918 2231 3138.69727745
8 919 2233 3139.29575065
9 920 2234 3140.60000232
8 921 2243 3145.91215148
7 922 2245 3146.24947018
6 923 2246 3147.07664632
5 924 2249 3150.07664632
4 925 2250 3152.69727745
3 926 2256 3160.91215148
2 927 2257 3161.07664632
3 928 2258 3165.69447034
2 929 2260 3165.91215148
3 930 2263 3183.69768715
2 931 2265 3185.69447034
1 932 2268 3191.69768715
2 933 2269 3193.02336827
3 934 2271 3201.25077318
4 935 2273 3205.38369305
5 936 2277 3207.55429522
4 937 2281 3216.02336827
3 938 2286 3224.25077318
2 939 2287 3225.38369305
1 940 2288 3227.55429522
2 941 2289 3232.06839052
3 942 2291 3232.08924366
4 943 2293 3233.8310914
5 944 2297 3240.7043305
4 945 2303 3246.06839052
3 946 2304 3249.08924366
2 947 2307 3250.8310914
3 948 2308 3254.42733351
4 949 2310 3258.74178653
3 950 2312 3260.7043305
4 951 2315 3267.20189687
5 952 2321 3271.78935753
6 953 2323 3273.08917513
5 954 2324 3274.42733351
4 955 2326 3278.74178653
3 956 2329 3281.20189687
4 957 2330 3284.5033036
3 958 2334 3288.78935753
4 959 2336 3292.04000378
3 960 2338 3294.42733351
2 961 2344 3307.5033036
3 962 2345 3308.5226816
4 963 2347 3310.36173613
5 964 2349 3312.79635597
4 965 2351 3315.04000378
5 966 2352 3320.32268206
4 967 2358 3324.36173613
5 968 2359 3324.43170443
4 969 2362 3331.5226816
3 970 2364 3332.04000378
4 971 2367 3338.05791301
3 972 2373 3344.36173613
2 973 2374 3346.05791301
1 974 2375 3348.5226816
2 975 2376 3356.20993115
3 976 2380 3370.64668374
2 977 2382 3373.20993115
3 978 2383 3375.38468768
4 979 2385 3379.702188
5 980 2391 3388.50012181
6 981 2393 3390.71191431
5 982 2395 3392.38468768
4 983 2401 3393.64668374
5 984 2402 3395.06671158
4 985 2404 3399.702188
3 986 2405 3400.38468768
2 987 2406 3402.702188
3 988 2407 3403.38669176
4 989 2409 3403.44294159
5 990 2415 3408.25618672
6 991 2416 3408.33948145
5 992 2420 3415.06671158
6 993 2421 3415.41198129
5 994 2423 3417.44294159
6 995 2426 3419.09021301
7 996 2427 3422.55726103
6 997 2428 3423.38669176
7 998 2431 3428.36377318
8 999 2432 3428.41864374
9 1000 2433 3428.9855147
8 1001 2440 3432.06671158
9 1002 2441 3433.70081189
10 1003 2444 3436.52334482
11 1004 2445 3437.00364534
10 1005 2447 3437.44294159
9 1006 2448 3440.38669176
8 1007 2451 3443.06671158
7 1008 2452 3443.38669176
8 1009 2454 3444.34640888
7 1010 2463 3451.06671158
8 1011 2464 3451.31735183
9 1012 2465 3451.99307691
10 1013 2466 3455.2688943
9 1014 2467 3460.06671158
8 1015 2470 3460.44294159
9 1016 2471 3460.53288563
10 1017 2475 3461.49173925
11 1018 2476 3462.21881064
10 1019 2479 3463.38669176
9 1020 2483 3465.44294159
10 1021 2484 3465.50339136
11 1022 2485 3465.61900987
12 1023 2491 3470.84802948
11 1024 2493 3471.06671158
12 1025 2494 3471.13326528
11 1026 2495 3471.44294159
12 1027 2496 3475.76826484
13 1028 2497 3476.44027698
12 1029 2499 3476.44294159
11 1030 2500 3477.38669176
10 1031 2503 3477.38669176
9 1032 2511 3485.06671158
8 1033 2514 3487.44294159
7 1034 2516 3491.38669176
6 1035 2517 3491.38669176
5 1036 2524 3493.06671158
6 1037 2528 3498.70563817
5 1038 2529 3499.38669176
6 1039 2531 3501.22594129
5 1040 2532 3501.44294159
6 1041 2535 3502.50985229
5 1042 2538 3505.06671158
4 1043 2544 3507.06671158
3 1044 2545 3507.38669176
2 1045 2546 3510.06671158
1 1046 2547 3512.44294159
2 1047 2548 3518.91357785
3 1048 2550 3520.5875581
4 1049 2554 3528.71844112
5 1050 2556 3528.934556
6 1051 2559 3533.26012382
7 1052 2562 3536.13367475
6 1053 2564 3540.5875581
5 1054 2565 3541.91357785
4 1055 2568 3542.71844112
5 1056 2571 3544.94196138
6 1057 2576 3546.96990824
5 1058 2577 3549.91357785
4 1059 2579 3549.91357785
5 1060 2580 3550.11955892
6 1061 2583 3556.37647765
5 1062 2588 3557.5875581
4 1063 2589 3558.94196138
5 1064 2590 3559.15096853
4 1065 2594 3566.91357785
5 1066 2595 3567.27415999
6 1067 2597 3569.61996052
5 1068 2604 3574.5875581
4 1069 2605 3575.27415999
3 1070 2606 3576.15096853
4 1071 2607 3578.20405932
3 1072 2611 3583.5875581
4 1073 2614 3585.67812307
3 1074 2616 3591.5875581
4 1075 2617 3592.87848956
3 1076 2619 3595.20405932
2 1077 2624 3614.67812307
1 1078 2625 3615.87848956
2 1079 2626 3619.69704662
3 1080 2628 3619.83568765
4 1081 2630 3621.40206926
3 1082 2635 3627.69704662
4 1083 2636 3631.13262958
5 1084 2641 3639.72323493
6 1085 2644 3641.24030361
7 1086 2649 3645.76618281
6 1087 2652 3648.83568765
5 1088 2654 3651.13262958
4 1089 2655 3652.24030361
3 1090 2656 3656.40206926
2 1091 2657 3657.13262958
3 1092 2660 3662.93903814
2 1093 2662 3671.83568765
3 1094 2663 3672.99881322
4 1095 2665 3675.57046474
5 1096 2671 3677.60248487
4 1097 2677 3683.99881322
3 1098 2678 3685.93903814
2 1099 2679 3688.60248487
1 1100 2680 3689.57046474
2 1101 2681 3694.70011915
3 1102 2683 3695.8187394
4 1103 2685 3698.49480776
5 1104 2687 3701.05894099
6 1105 2693 3704.55184302
5 1106 2696 3705.70011915
6 1107 2698 3705.72376609
7 1108 2699 3705.93404698
8 1109 2702 3708.31796416
7 1110 2703 3709.49480776
6 1111 2707 3715.05894099
5 1112 2710 3717.49480776
4 1113 2713 3718.8187394
3 1114 2716 3722.70011915
4 1115 2718 3723.90566328
5 1116 2719 3724.27406017
6 1117 2721 3725.59800108
5 1118 2723 3726.05894099
6 1119 2727 3731.26259323
7 1120 2735 3740.84247177
6 1121 2737 3741.27406017
5 1122 2738 3742.59800108
6 1123 2739 3742.87497297
5 1124 2741 3743.49480776
4 1125 2742 3743.49480776
3 1126 2743 3748.26259323
4 1127 2748 3754.11144143
3 1128 2750 3758.27406017
4 1129 2751 3758.3382481
5 1130 2753 3762.77139373
4 1131 2755 3765.87497297
5 1132 2761 3771.25747634
4 1133 2765 3773.77139373
3 1134 2767 3777.11144143
2 1135 2770 3781.3382481
3 1136 2773 3786.08983348
4 1137 2775 3787.80553323
3 1138 2777 3793.77139373
2 1139 2783 3806.08983348
3 1140 2784 3810.53311192
2 1141 2786 3810.80553323
3 1142 2787 3818.37310969
4 1143 2789 3822.25283439
3 1144 2797 3838.37310969
2 1145 2798 3839.25283439
1 1146 2799 3839.53311192
2 1147 2800 3845.8180263
3 1148 2802 3846.70367686
4 1149 2804 3847.30447222
5 1150 2808 3851.99393961
6 1151 2809 3853.72167353
7 1152 2812 3856.2400032
6 1153 2816 3857.70367686
5 1154 2820 3859.8180263
4 1155 2822 3862.70367686
5 1156 2823 3866.24841142
6 1157 2826 3870.88026342
7 1158 2827 3871.90098971
6 1159 2829 3873.30447222
5 1160 2833 3879.8180263
4 1161 2835 3888.70367686
3 1162 2842 3899.30447222
2 1163 2843 3902.70367686
3 1164 2844 3908.44285591
4 1165 2846 3909.00860085
3 1166 2848 3911.8180263
2 1167 2851 3919.44285591
3 1168 2854 3925.11098804
4 1169 2857 3928.41658252
5 1170 2861 3930.3656428
4 1171 2862 3932.00860085
5 1172 2863 3932.7973148
4 1173 2865 3933.11098804
5 1174 2868 3937.88415364
4 1175 2873 3940.7973148
3 1176 2874 3945.41658252
2 1177 2877 3948.41658252
3 1178 2878 3951.72266341
2 1179 2880 3954.88415364
3 1180 2881 3956.67185177
4 1181 2885 3962.70011097
5 1182 2887 3962.75451578
4 1183 2890 3973.67185177
3 1184 2892 3974.72266341
4 1185 2896 3979.87033965
3 1186 2900 3985.70011097
2 1187 2901 3987.67185177
3 1188 2902 3988.04946882
2 1189 2904 3990.67185177
1 1190 2907 3999.04946882
2 1191 2908 4001.40345274
3 1192 2912 4010.5364827
2 1193 2916 4021.40345274
3 1194 2917 4022.06031513
4 1195 2919 4025.05023916
5 1196 2923 4026.54205682
4 1197 2924 4027.5364827
3 1198 2928 4033.06031513
4 1199 2931 4041.21544925
3 1200 2933 4042.05023916
4 1201 2935 4042.11297188
5 1202 2936 4043.25122761
4 1203 2939 4050.5364827
3 1204 2942 4055.21544925
2 1205 2948 4063.21544925
3 1206 2949 4063.3526415
4 1207 2951 4066.8346873
3 1208 2955 4070.5364827
2 1209 2958 4083.3526415
1 1210 2959 4084.5364827
2 1211 2960 4092.50161927
3 1212 2962 4096.49975805
2 1213 2968 4106.50161927
1 1214 2969 4116.49975805
2 1215 2970 4121.8849289
3 1216 2974 4132.39554436
4 1217 2976 4132.43676848
3 1218 2978 4132.8849289
4 1219 2979 4133.09469042
5 1220 2984 4154.35078357
4 1221 2986 4155.8849289
3 1222 2988 4161.39554436
4 1223 2989 4166.81062063
5 1224 2994 4176.52257655
4 1225 2996 4178.8849289
3 1226 2997 4181.39554436
4 1227 3002 4186.83878149
3 1228 3006 4195.39554436
2 1229 3007 4198.8849289
1 1230 3008 4201.8849289
2 1231 3009 4204.78688399
3 1232 3011 4207.17628958
4 1233 3013 4212.44016838
5 1234 3014 4212.47153122
6 1235 3015 4216.98376084
7 1236 3018 4221.37042922
8 1237 3021 4224.25965952
9 1238 3022 4226.80087677
10 1239 3023 4227.76246136
9 1240 3025 4227.78688399
10 1241 3026 4228.02750316
9 1242 3030 4239.17628958
10 1243 3031 4242.26821373
9 1244 3033 4247.78688399
10 1245 3036 4249.33568081
11 1246 3037 4249.52325949
12 1247 3038 4249.63630192
13 1248 3039 4251.03976646
14 1249 3041 4253.62198339
13 1250 3046 4255.78688399
14 1251 3047 4256.03850746
15 1252 3048 4256.51752715
14 1253 3049 4259.17628958
15 1254 3050 4264.04326891
14 1255 3057 4268.17628958
13 1256 3072 4279.17628958
12 1257 3074 4281.78688399
11 1258 3075 4285.17628958
10 1259 3084 4289.78688399
9 1260 3086 4290.17628958
8 1261 3087 4290.17628958
7 1262 3089 4290.3382481
8 1263 3090 4290.86499311
7 1264 3092 4290.87497297
6 1265 3093 4290.87497297
7 1266 3094 4292.07763555
6 1267 3096 4293.3382481
5 1268 3097 4293.87497297
6 1269 3102 4297.05762552
7 1270 3105 4300.7284867
6 1271 3108 4304.17628958
5 1272 3111 4306.07763555
6 1273 3113 4309.25887873
7 1274 3114 4310.03140422
6 1275 3120 4312.78688399
7 1276 3121 4312.79040384
6 1277 3127 4316.86499311
5 1278 3128 4318.17628958
4 1279 3129 4321.03140422
3 1280 3130 4323.79040384
2 1281 3131 4324.17628958
1 1282 3132 4324.17628958
2 1283 3133 4342.99811594
1 1284 3137 4356.99811594
2 1285 3138 4357.93787985
3 1286 3140 4361.77767153
4 1287 3145 4369.08149051
3 1288 3149 4380.93787985
2 1289 3150 4381.77767153
3 1290 3151 4384.51389548
2 1291 3153 4384.77767153
3 1292 3154 4390.24771102
2 1293 3160 4407.51389548
3 1294 3161 4408.44958805
4 1295 3163 4409.78901955
5 1296 3165 4413.49201421
6 1297 3168 4415.09645834
7 1298 3171 4416.00668414
8 1299 3172 4416.01118166
7 1300 3174 4416.24771102
8 1301 3175 4418.19620343
9 1302 3176 4418.96237012
8 1303 3177 4419.44958805
9 1304 3180 4419.79463303
10 1305 3183 4421.96228514
11 1306 3187 4428.45709224
10 1307 3191 4430.49201421
9 1308 3196 4432.78901955
8 1309 3198 4433.24771102
9 1310 3199 4438.10215442
8 1311 3200 4438.78901955
7 1312 3201 4439.44958805
8 1313 3203 4439.67074266
9 1314 3208 4440.73302756
10 1315 3209 4442.54700771
9 1316 3211 4444.49201421
10 1317 3212 4446.12784304
9 1318 3216 4446.78901955
10 1319 3218 4448.24367519
9 1320 3219 4448.44958805
10 1321 3222 4449.70502871
9 1322 3227 4453.24771102
10 1323 3230 4455.57494861
9 1324 3232 4459.44958805
10 1325 3233 4460.99591174
9 1326 3234 4461.49201421
8 1327 3236 4462.44958805
9 1328 3237 4466.06484237
8 1329 3241 4466.78901955
7 1330 3242 4470.24771102
8 1331 3248 4477.55428799
7 1332 3250 4478.49201421
6 1333 3252 4479.44958805
7 1334 3261 4491.41813435
6 1335 3263 4496.24771102
5 1336 3265 4496.44958805
6 1337 3266 4496.97402114
5 1338 3267 4498.78901955
4 1339 3269 4501.49201421
5 1340 3272 4505.61164261
4 1341 3278 4509.78901955
3 1342 3281 4513.44958805
2 1343 3282 4516.24771102
1 1344 3283 4516.61164261
2 1345 3284 4516.68525896
3 1346 3286 4517.96055424
4 1347 3288 4518.36386464
5 1348 3296 4531.48478956
4 1349 3300 4537.96055424
5 1350 3303 4539.03505426
6 1351 3305 4539.81135214
5 1352 3307 4541.36386464
4 1353 3308 4542.48478956
3 1354 3309 4542.68525896
4 1355 3314 4549.5900233
3 1356 3316 4550.03505426
2 1357 3317 4555.36386464
3 1358 3320 4563.01570067
4 1359 3322 4563.87531825
3 1360 3324 4569.5900233
4 1361 3327 4573.34349289
3 1362 3331 4577.87531825
4 1363 3332 4580.03156817
5 1364 3334 4580.27690881
6 1365 3336 4582.73447658
5 1366 3338 4583.01570067
6 1367 3345 4589.44621183
5 1368 3346 4591.01570067
4 1369 3350 4594.03156817
3 1370 3351 4596.34349289
4 1371 3354 4603.13506866
3 1372 3358 4606.27690881
4 1373 3359 4606.55667536
3 1374 3361 4608.01570067
4 1375 3362 4610.06581617
5 1376 3364 4612.61901002
4 1377 3368 4614.13506866
3 1378 3369 4618.06581617
4 1379 3372 4620.1599301
5 1380 3377 4623.05196187
4 1381 3381 4628.1599301
3 1382 3382 4635.55667536
2 1383 3383 4635.61901002
3 1384 3384 4637.28863535
2 1385 3386 4638.61901002
3 1386 3388 4641.2029456
4 1387 3390 4645.40968752
5 1388 3395 4652.64503705
4 1389 3400 4660.28863535
3 1390 3402 4662.40968752
4 1391 3403 4666.00500906
3 1392 3405 4667.2029456
4 1393 3410 4676.46570532
3 1394 3412 4680.00500906
2 1395 3413 4680.28863535
3 1396 3416 4688.10995931
2 1397 3420 4696.46570532
1 1398 3421 4711.10995931
2 1399 3422 4711.63190124
3 1400 3426 4726.60906327
4 1401 3428 4731.22101041
5 1402 3430 4731.87310471
4 1403 3434 4737.63190124
5 1404 3441 4739.96088545
4 1405 3443 4745.22101041
3 1406 3444 4745.63190124
2 1407 3445 4749.60906327
3 1408 3446 4750.78111508
4 1409 3448 4751.55894917
5 1410 3450 4753.04769195
6 1411 3458 4761.41108344
5 1412 3459 4762.55894917
6 1413 3463 4764.43913884
5 1414 3464 4764.78111508
6 1415 3467 4766.32538372
5 1416 3468 4768.96088545
4 1417 3472 4770.04769195
3 1418 3475 4773.55894917
2 1419 3476 4778.78111508
1 1420 3477 4782.55894917
2 1421 3478 4786.53001324
3 1422 3480 4787.97957115
2 1423 3486 4797.53001324
3 1424 3487 4797.87744665
2 1425 3489 4798.97957115
3 1426 3492 4806.64280558
4 1427 3494 4808.55472264
5 1428 3499 4812.62423094
6 1429 3500 4812.82564747
5 1430 3501 4816.55472264
4 1431 3505 4817.87744665
5 1432 3509 4821.74538985
4 1433 3510 4824.55472264
3 1434 3514 4829.62423094
4 1435 3515 4830.44294971
5 1436 3517 4830.75548386
4 1437 3519 4835.62423094
3 1438 3520 4835.64280558
2 1439 3525 4847.44294971
1 1440 3527 4847.75548386
2 1441 3528 4861.49305214
1 1442 3533 4875.49305214
2 1443 3534 4884.43697537
3 1444 3538 4891.5113437
4 1445 3540 4891.87822927
3 1446 3542 4895.43697537
4 1447 3545 4897.86138306
3 1448 3549 4902.5113437
4 1449 3552 4910.08348075
5 1450 3554 4911.8293689
4 1451 3556 4914.87822927
5 1452 3557 4915.88651897
6 1453 3558 4916.78682679
5 1454 3561 4917.86138306
6 1455 3564 4918.85597619
7 1456 3565 4923.56137778
8 1457 3566 4923.93571571
9 1458 3570 4926.12639226
8 1459 3571 4927.08348075
9 1460 3578 4928.92388504
8 1461 3579 4931.87822927
7 1462 3584 4934.87822927
6 1463 3586 4937.86138306
5 1464 3587 4937.87822927
6 1465 3588 4938.8659497
5 1466 3590 4941.08348075
4 1467 3595 4947.08348075
3 1468 3596 4948.87822927
2 1469 3599 4951.86138306
3 1470 3600 4958.69808368
4 1471 3602 4959.38077241
5 1472 3604 4960.63757912
4 1473 3605 4961.08348075
5 1474 3609 4967.97095446
4 1475 3613 4972.08348075
3 1476 3616 4976.38077241
4 1477 3617 4977.81823646
3 1478 3619 4981.69808368
4 1479 3624 4984.87798149
5 1480 3626 4987.05949258
4 1481 3628 4991.81823646
3 1482 3631 4992.08348075
4 1483 3632 4996.36280701
3 1484 3634 4998.87798149
4 1485 3639 5005.2697344
5 1486 3642 5007.00263365
4 1487 3643 5008.81823646
5 1488 3647 5009.60103222
4 1489 3649 5010.36280701
3 1490 3650 5013.2697344
2 1491 3651 5013.2697344
1 1492 3654 5023.60103222
2 1493 3655 5023.74983334
1 1494 3659 5034.74983334
2 1495 3660 5042.52979081
3 1496 3663 5042.56411687
4 1497 3667 5057.1711203
3 1498 3669 5059.52979081
4 1499 3670 5060.54370366
5 1500 3674 5063.34432355
4 1501 3678 5065.52979081
3 1502 3681 5068.54370366
2 1503 3682 5071.1711203
1 1504 3683 5077.34432355
2 1505 3684 5082.07077256
3 1506 3688 5094.12223135
2 1507 3690 5096.07077256
3 1508 3692 5096.30168193
4 1509 3693 5096.42074198
5 1510 3695 5096.59046401
6 1511 3697 5100.03276391
7 1512 3702 5104.80390442
8 1513 3706 5107.7624833
7 1514 3707 5110.59046401
6 1515 3711 5113.42074198
7 1516 3712 5117.24944914
8 1517 3713 5117.86272724
9 1518 3714 5118.59927951
8 1519 3716 5120.12223135
7 1520 3722 5123.12223135
6 1521 3723 5124.59046401
7 1522 3726 5126.8820035
6 1523 3727 5127.59046401
5 1524 3734 5133.42074198
4 1525 3739 5143.12223135
3 1526 3740 5144.59046401
4 1527 3741 5145.33828704
3 1528 3743 5150.42074198
2 1529 3744 5150.59046401
3 1530 3745 5150.98482402
4 1531 3749 5153.26149644
3 1532 3751 5156.33828704
4 1533 3754 5169.07368295
5 1534 3758 5169.95673595
6 1535 3760 5173.11095795
5 1536 3762 5173.98482402
4 1537 3766 5182.26149644
5 1538 3767 5182.98266426
4 1539 3769 5183.07368295
3 1540 3770 5189.07368295
4 1541 3773 5191.42876731
3 1542 3777 5193.98482402
4 1543 3778 5196.71069183
3 1544 3782 5199.98266426
4 1545 3783 5203.03585245
5 1546 3785 5205.22379864
4 1547 3789 5208.42876731
5 1548 3790 5208.66179035
6 1549 3791 5208.95021279
7 1550 3792 5210.1028439
8 1551 3794 5212.92911455
9 1552 3798 5214.59514462
10 1553 3801 5215.76018919
9 1554 3803 5219.71069183
8 1555 3806 5220.03585245
7 1556 3807 5220.03585245
8 1557 3808 5220.92767928
7 1558 3809 5222.42876731
6 1559 3818 5236.42876731
5 1560 3820 5237.03585245
4 1561 3822 5242.71069183
3 1562 3823 5246.03585245
2 1563 3828 5253.71069183
3 1564 3829 5255.33795724
4 1565 3831 5256.361071
5 1566 3833 5257.35211094
4 1567 3835 5265.42876731
5 1568 3840 5273.37935191
6 1569 3841 5275.30472885
5 1570 3843 5275.33795724
4 1571 3846 5276.361071
3 1572 3848 5282.42876731
4 1573 3849 5286.49388396
5 1574 3852 5288.02939516
6 1575 3856 5290.70821774
5 1576 3857 5292.33795724
4 1577 3865 5298.33795724
3 1578 3866 5299.361071
2 1579 3867 5303.49388396
1 1580 3868 5306.33795724
2 1581 3870 5310.91202785
3 1582 3872 5311.57188339
4 1583 3874 5314.50219593
5 1584 3875 5314.96535363
6 1585 3878 5320.881438
5 1586 3883 5325.57188339
6 1587 3886 5327.18702586
7 1588 3887 5328.26841869
8 1589 3888 5328.8524558
9 1590 3889 5329.00559082
8 1591 3894 5336.57188339
9 1592 3895 5339.26224222
8 1593 3901 5342.91202785
7 1594 3905 5346.09135621
6 1595 3910 5347.91202785
7 1596 3911 5348.64437137
8 1597 3912 5350.18498779
7 1598 3914 5353.57188339
8 1599 3915 5354.95386702
9 1600 3918 5360.66421033
8 1601 3924 5366.09135621
7 1602 3925 5367.91202785
8 1603 3931 5374.2878103
9 1604 3932 5374.82503501
10 1605 3933 5374.95552683
11 1606 3935 5376.22499897
10 1607 3936 5376.91202785
9 1608 3943 5382.57188339
8 1609 3945 5389.09135621
7 1610 3946 5389.09135621
6 1611 3949 5395.09135621
5 1612 3950 5398.09135621
6 1613 3953 5401.67298966
5 1614 3955 5402.57188339
6 1615 3956 5404.45596894
5 1616 3958 5406.09135621
6 1617 3961 5414.2157784
5 1618 3965 5423.09135621
4 1619 3968 5425.57188339
5 1620 3969 5427.20148976
6 1621 3973 5429.92292869
7 1622 3976 5433.29688004
6 1623 3978 5433.57188339
5 1624 3979 5436.57188339
6 1625 3980 5436.89811719
7 1626 3981 5438.5203052
8 1627 3982 5439.32056041
7 1628 3985 5440.09135621
8 1629 3986 5440.76801613
9 1630 3992 5445.73660324
8 1631 3993 5451.09135621
7 1632 3995 5454.09135621
6 1633 3998 5456.57188339
7 1634 3999 5456.77708021
8 1635 4000 5458.38192373
7 1636 4008 5473.57188339
8 1637 4009 5474.9393533
9 1638 4010 5476.18575093
10 1639 4011 5476.20778888
11 1640 4012 5477.63243807
12 1641 4013 5480.52330119
11 1642 4017 5482.57188339
10 1643 4018 5487.57188339
9 1644 4020 5489.09135621
8 1645 4022 5490.57188339
7 1646 4028 5503.09135621
8 1647 4030 5505.65736629
7 1648 4032 5507.57188339
8 1649 4033 5507.78131033
9 1650 4034 5507.95412465
8 1651 4042 5514.09135621
7 1652 4043 5514.09135621
6 1653 4046 5515.57188339
7 1654 4053 5530.04773661
6 1655 4055 5531.09135621
5 1656 4057 5532.57188339
4 1657 4058 5532.57188339
5 1658 4061 5535.96449066
4 1659 4062 5537.09135621
5 1660 4063 5538.39733335
4 1661 4065 5539.09135621
5 1662 4073 5544.12499173
6 1663 4074 5547.19390205
7 1664 4075 5549.2745878
6 1665 4077 5549.57188339
5 1666 4081 5553.09135621
4 1667 4082 5556.60949548
5 1668 4084 5558.20802234
4 1669 4091 5564.09135621
5 1670 4095 5568.65859175
4 1671 4097 5572.57188339
5 1672 4098 5573.15513944
4 1673 4099 5573.60949548
5 1674 4101 5576.54283648
6 1675 4102 5578.32624732
5 1676 4105 5581.09135621
4 1677 4107 5586.57188339
5 1678 4112 5588.63626481
6 1679 4118 5594.79995996
5 1680 4119 5595.09135621
4 1681 4121 5596.60949548
3 1682 4122 5600.57188339
2 1683 4126 5603.57188339
3 1684 4128 5605.12074108
2 1685 4130 5606.09135621
3 1686 4131 5608.45605786
4 1687 4137 5615.97383578
3 1688 4139 5616.45605786
2 1689 4140 5619.12074108
3 1690 4141 5620.36537494
4 1691 4144 5628.35316856
5 1692 4147 5630.10765555
6 1693 4151 5630.56296898
7 1694 4152 5632.16447128
8 1695 4153 5634.72536824
7 1696 4155 5639.45605786
6 1697 4156 5640.36537494
5 1698 4157 5643.36537494
6 1699 4162 5648.30335351
7 1700 4163 5648.6365449
6 1701 4165 5650.45605786
7 1702 4166 5651.74104473
8 1703 4170 5657.65443422
7 1704 4171 5663.36537494
6 1705 4173 5666.36537494
7 1706 4174 5668.91179533
8 1707 4177 5670.82914902
9 1708 4180 5678.96765982
8 1709 4182 5683.36537494
7 1710 4184 5685.45605786
8 1711 4186 5687.35480463
9 1712 4187 5691.17333528
8 1713 4193 5696.45605786
9 1714 4195 5696.49517263
8 1715 4196 5699.45605786
7 1716 4199 5703.36537494
6 1717 4205 5720.36537494
5 1718 4207 5722.45605786
4 1719 4209 5726.36537494
5 1720 4212 5727.70684578
6 1721 4215 5734.77421328
5 1722 4217 5737.36537494
4 1723 4221 5745.45605786
3 1724 4222 5751.36537494
4 1725 4226 5753.69348322
3 1726 4228 5756.45605786
2 1727 4233 5774.36537494
3 1728 4234 5778.20189787
2 1729 4236 5779.45605786
3 1730 4237 5784.96983046
4 1731 4241 5788.66132191
3 1732 4242 5792.20189787
4 1733 4245 5794.7164246
5 1734 4249 5797.47649838
4 1735 4250 5798.96983046
3 1736 4256 5801.96983046
4 1737 4257 5807.43696377
3 1738 4258 5809.20189787
4 1739 4263 5810.8641386
3 1740 4264 5815.96983046
4 1741 4268 5821.19426628
3 1742 4270 5823.20189787
4 1743 4271 5824.76254532
3 1744 4273 5832.20189787
4 1745 4274 5835.42099147
5 1746 4277 5838.92314443
4 1747 4280 5846.20189787
3 1748 4282 5850.19426628
4 1749 4286 5856.65282104
5 1750 4287 5857.12845382
4 1751 4289 5860.20189787
5 1752 4292 5866.77194549
6 1753 4295 5868.92473371
7 1754 4298 5870.72055712
6 1755 4300 5873.19426628
5 1756 4303 5877.20189787
6 1757 4305 5877.26686263
5 1758 4307 5881.19426628
6 1759 4308 5883.03620305
7 1760 4311 5891.1589306
6 1761 4315 5897.20189787
5 1762 4317 5898.19426628
6 1763 4322 5911.12560932
5 1764 4324 5912.19426628
4 1765 4326 5914.20189787
5 1766 4327 5914.67570575
4 1767 4332 5923.19426628
3 1768 4336 5928.20189787
2 1769 4338 5931.19426628
3 1770 4341 5941.60799153
4 1771 4343 5942.99759365
5 1772 4344 5943.61860623
4 1773 4346 5948.20189787
5 1774 4349 5954.36146785
6 1775 4350 5956.59941197
5 1776 4354 5961.60799153
6 1777 4355 5961.84529899
7 1778 4356 5965.319944
6 1779 4360 5968.20189787
5 1780 4361 5972.60799153
4 1781 4368 5980.60799153
5 1782 4369 5983.30732502
6 1783 4370 5983.60675215
5 1784 4372 5985.20189787
6 1785 4374 5989.39591218
7 1786 4380 5997.17917932
6 1787 4383 5997.60799153
5 1788 4384 5997.60799153
6 1789 4385 5997.81538299
5 1790 4390 6002.20189787
6 1791 4391 6002.36776844
5 1792 4395 6005.60799153
4 1793 4396 6008.60799153
5 1794 4400 6010.28888233
6 1795 4401 6011.80961376
5 1796 4405 6016.04657821
4 1797 4406 6016.20189787
5 1798 4412 6023.13026609
6 1799 4415 6031.05342237
5 1800 4417 6033.04657821
4 1801 4419 6034.60799153
3 1802 4422 6039.20189787
4 1803 4423 6041.00526041
3 1804 4425 6044.04657821
4 1805 4428 6045.69455619
5 1806 4431 6045.78570352
6 1807 4432 6046.45857108
5 1808 4438 6057.60799153
4 1809 4440 6059.69455619
3 1810 4441 6061.00526041
4 1811 4442 6062.22208455
3 1812 4446 6065.69455619
4 1813 4447 6067.62338694
3 1814 4449 6068.60799153
4 1815 4453 6072.80701153
5 1816 4460 6080.60286606
4 1817 4462 6081.62338694
3 1818 4464 6085.22208455
2 1819 4469 6095.62338694
1 1820 4470 6095.80701153
2 1821 4471 6102.72647136
3 1822 4473 6105.73876222
4 1823 4475 6106.07902776
5 1824 4479 6107.97596644
6 1825 4481 6109.29023081
5 1826 4484 6110.72647136
6 1827 4486 6116.04172991
7 1828 4491 6119.38521098
8 1829 4492 6120.21066412
9 1830 4493 6121.55533793
8 1831 4495 6121.72647136
7 1832 4496 6122.73876222
8 1833 4498 6122.94986966
9 1834 4499 6123.91807234
10 1835 4502 6127.49470996
11 1836 4503 6128.18872751
10 1837 4506 6129.07902776
9 1838 4511 6130.97596644
8 1839 4515 6135.72647136
7 1840 4516 6136.73876222
8 1841 4521 6139.48494026
7 1842 4522 6141.97596644
8 1843 4524 6142.43920099
7 1844 4530 6147.97596644
6 1845 4535 6152.72647136
7 1846 4537 6152.88907965
8 1847 4538 6153.78113421
9 1848 4539 6154.9044929
8 1849 4541 6155.07902776
7 1850 4542 6158.07902776
8 1851 4543 6158.15533045
9 1852 4544 6158.44857699
8 1853 4548 6161.97596644
7 1854 4550 6162.73876222
6 1855 4552 6163.07902776
7 1856 4556 6167.61202733
8 1857 4557 6170.01145142
9 1858 4560 6170.89752975
10 1859 4561 6171.0735274
9 1860 4568 6178.72647136
8 1861 4570 6178.97596644
7 1862 4571 6178.97596644
6 1863 4573 6180.07902776
7 1864 4574 6180.18323765
6 1865 4578 6185.73876222
7 1866 4579 6191.97091937
6 1867 4583 6192.72647136
5 1868 4586 6195.97596644
6 1869 4590 6197.74667861
7 1870 4593 6202.46364038
6 1871 4595 6203.07902776
7 1872 4596 6205.99040667
6 1873 4598 6206.72647136
5 1874 4599 6208.73876222
6 1875 4605 6210.24310401
5 1876 4606 6212.97596644
4 1877 4612 6222.73876222
3 1878 4615 6223.07902776
2 1879 4616 6223.72647136
1 1880 4617 6229.97596644
2 1881 4618 6235.68363527
1 1882 4622 6243.68363527
2 1883 4623 6252.63259504
3 1884 4627 6262.28124848
4 1885 4630 6265.10081371
5 1886 4631 6266.454503
4 1887 4636 6269.63259504
3 1888 4637 6273.28124848
4 1889 4640 6274.05741256
3 1890 4642 6276.28124848
4 1891 4643 6279.80449208
5 1892 4645 6280.21244366
4 1893 4647 6283.454503
3 1894 4654 6290.80449208
4 1895 4655 6291.60488238
3 1896 4657 6297.21244366
2 1897 4658 6300.05741256
3 1898 4659 6301.03896982
2 1899 4665 6309.03896982
3 1900 4666 6310.83074274
2 1901 4668 6314.60488238
3 1902 4669 6315.39695962
4 1903 4671 6317.43669336
5 1904 4673 6318.94337061
6 1905 4681 6326.78513949
5 1906 4684 6329.94337061
4 1907 4686 6332.39695962
3 1908 4687 6334.43669336
4 1909 4688 6338.20415234
3 1910 4690 6339.83074274
4 1911 4695 6353.95985826
3 1912 4697 6358.20415234
2 1913 4698 6358.94337061
3 1914 4701 6361.79962708
4 1915 4703 6363.82930979
3 1916 4705 6364.95985826
4 1917 4708 6369.83259114
3 1918 4710 6371.82930979
4 1919 4711 6374.20650079
3 1920 4715 6378.79962708
4 1921 4718 6382.38490585
5 1922 4722 6385.04658883
6 1923 4724 6385.66900745
7 1924 4726 6385.7587699
6 1925 4727 6388.20650079
5 1926 4736 6392.83259114
6 1927 4737 6393.14931086
5 1928 4739 6393.38490585
6 1929 4742 6398.6702011
7 1930 4745 6401.20196076
6 1931 4746 6402.20650079
5 1932 4750 6403.6702011
4 1933 4751 6404.14931086
3 1934 4752 6405.04658883
2 1935 4753 6405.04658883
1 1936 4754 6409.6702011
2 1937 4755 6415.77566649
3 1938 4759 6433.72299523
4 1939 4761 6434.94500254
5 1940 4763 6435.75093367
4 1941 4767 6441.77566649
5 1942 4770 6447.39292475
4 1943 4772 6449.75093367
3 1944 4773 6450.72299523
2 1945 4777 6454.94500254
1 1946 4781 6464.39292475
2 1947 4782 6471.24617981
3 1948 4784 6472.08896504
4 1949 4790 6477.74578158
3 1950 4792 6480.08896504
4 1951 4793 6480.96007737
3 1952 4795 6482.24617981
4 1953 4796 6485.11203953
5 1954 4798 6485.23017
6 1955 4803 6494.10449007
5 1956 4804 6494.74578158
4 1957 4808 6497.96007737
5 1958 4810 6499.14726017
4 1959 4815 6505.74578158
3 1960 4817 6508.11203953
2 1961 4818 6514.96007737
3 1962 4821 6521.39624999
2 1963 4823 6525.74578158
3 1964 4824 6533.33621188
2 1965 4828 6538.39624999
3 1966 4829 6539.4553931
4 1967 4832 6540.43085142
5 1968 4833 6541.57515763
6 1969 4841 6550.88307288
5 1970 4845 6553.33621188
6 1971 4846 6557.24630705
5 1972 4847 6558.57515763
4 1973 4849 6559.33621188
5 1974 4850 6559.93240287
6 1975 4853 6561.23319229
5 1976 4854 6562.4553931
4 1977 4859 6570.88307288
5 1978 4863 6572.93925903
6 1979 4865 6573.76841557
5 1980 4867 6573.93240287
4 1981 4868 6575.57515763
5 1982 4869 6577.11013168
4 1983 4871 6579.93240287
5 1984 4876 6580.84794942
6 1985 4878 6583.69540998
7 1986 4879 6583.87568445
6 1987 4881 6583.93925903
7 1988 4882 6585.28905887
8 1989 4885 6589.49103305
7 1990 4889 6590.76841557
8 1991 4890 6591.64355708
9 1992 4891 6592.57819528
8 1993 4897 6594.11013168
7 1994 4902 6600.84794942
6 1995 4904 6600.93925903
5 1996 4908 6604.76841557
4 1997 4913 6607.76841557
3 1998 4914 6610.76841557
2 1999 4915 6614.84794942
1 2000 4916 6614.93925903
0 2001 4917 6620.11013168
0 2002 4918 6938.72299523
