#data counter step time
22.953859 1 41 46.4259157613
27.023921 2 44 53.4498365009
48.934234 3 56 76.3840706334
20.333352 4 73 91.426695584
28.036566 5 91 113.175365994
32.636499 6 106 122.81186519
38.435338 7 137 161.859050181
19.831473 8 180 216.689996789
28.241349 9 186 227.700610436
31.681310 10 198 252.145928329
26.288348 11 227 288.249306839
21.880597 12 240 298.01687645
25.079381 13 268 355.09816368
32.711080 14 269 356.018782514
36.578926 15 295 385.687183264
14.517725 16 300 389.109883937
66.111432 17 423 608.006522309
23.387287 18 428 615.700138011
23.656838 19 433 622.356976467
22.185082 20 486 672.932700928
38.177598 21 488 675.589808793
30.211747 22 504 692.932700928
29.525111 23 552 758.830583794
44.538664 24 580 787.991182601
32.966957 25 600 821.021838477
47.115007 26 643 882.624747616
23.550674 27 647 890.610308886
50.187960 28 696 965.192545055
32.978244 29 700 969.170789107
26.414076 30 732 1001.48385708
25.952961 31 738 1007.63959444
29.495144 32 741 1008.4329739
36.203998 33 754 1034.53271417
26.607391 34 781 1083.14679541
33.763196 35 849 1207.71284041
27.309112 36 863 1223.49892657
30.913430 37 881 1238.22092723
23.685865 38 915 1273.60871372
40.315461 39 954 1333.85262234
23.371947 40 955 1334.22456915
30.306463 41 959 1347.76551054
25.241867 42 981 1377.96205237
32.582722 43 1033 1443.27823591
19.564357 44 1034 1450.53195539
32.020923 45 1137 1578.13095156
35.885899 46 1144 1585.01685046
33.192812 47 1170 1607.13095156
27.310112 48 1174 1610.13366529
45.338720 49 1203 1666.57712936
31.639524 50 1244 1748.57712936
67.321141 51 1313 2034.91641253
43.061607 52 1330 2057.91641253
161.461270 53 1366 2094.91641253
456.522269 54 1380 2105.91641253
69.086089 55 1390 2111.91641253
28.732782 56 1413 2122.91641253
485.095921 57 1436 2136.91641253
378.413590 58 1446 2141.13095156
403.602237 59 1448 2141.13095156
168.318334 60 1454 2142.91641253
442.928431 61 1462 2145.91641253
448.455921 62 1463 2147.13095156
259.750715 63 1484 2155.13095156
24.475662 64 1513 2167.91641253
33.273123 65 1539 2183.13095156
15.318563 66 1543 2184.91641253
481.946309 67 1584 2207.91641253
326.280208 68 1603 2218.13366529
549.268822 69 1606 2221.13366529
43.956484 70 1630 2241.13095156
38.623730 71 1642 2258.13095156
41.475749 72 1661 2299.69674567
25.284731 73 1678 2332.80409528
35.540820 74 1700 2347.61993858
23.390743 75 1753 2405.86354848
33.099119 76 1770 2428.30672351
28.000000 77 1778 2446.3020033
25.665526 78 1795 2478.7111
30.644136 79 1806 2499.11132486
31.589940 80 1811 2507.70126461
38.009450 81 1823 2522.71071507
23.918321 82 1828 2527.45899411
18.098134 83 1845 2545.80133162
34.715111 84 1846 2547.33691368
48.036945 85 1887 2633.35514196
23.292951 86 1904 2668.20727302
33.650275 87 1910 2681.85754788
37.424464 88 1919 2699.28201186
24.784867 89 1967 2744.15227516
21.821075 90 2014 2816.4442945
30.268590 91 2051 2854.12801284
28.801785 92 2056 2874.04182674
46.155330 93 2068 2900.19715689
49.282757 94 2104 2960.01673972
31.003989 95 2151 3014.37051036
18.985225 96 2178 3067.95695983
37.166437 97 2207 3121.20148298
9.581356 98 2243 3145.91215148
37.098459 99 2245 3146.24947018
30.835505 100 2256 3160.91215148
31.227405 101 2286 3224.25077318
33.723003 102 2324 3274.42733351
30.536700 103 2351 3315.04000378
28.623770 104 2440 3432.06671158
31.976499 105 2463 3451.06671158
23.543367 106 2467 3460.06671158
52.103460 107 2470 3460.44294159
29.685880 108 2479 3463.38669176
21.096533 109 2483 3465.44294159
15.894953 110 2503 3477.38669176
21.933446 111 2524 3493.06671158
39.447702 112 2538 3505.06671158
21.673980 113 2564 3540.5875581
28.653002 114 2588 3557.5875581
36.617650 115 2611 3583.5875581
24.313398 116 2616 3591.5875581
36.474064 117 2624 3614.67812307
29.138641 118 2652 3648.83568765
36.566382 119 2656 3656.40206926
35.730560 120 2657 3657.13262958
30.595384 121 2662 3671.83568765
24.118620 122 2713 3718.8187394
35.176844 123 2741 3743.49480776
37.560761 124 2742 3743.49480776
25.032501 125 2755 3765.87497297
31.000000 126 2777 3793.77139373
24.715700 127 2786 3810.80553323
51.727579 128 2799 3839.53311192
26.600795 129 2829 3873.30447222
26.096353 130 2833 3879.8180263
36.709737 131 2835 3888.70367686
40.937763 132 2848 3911.8180263
36.838510 133 2892 3974.72266341
33.353984 134 2916 4021.40345274
26.133030 135 2924 4027.5364827
19.989924 136 2933 4042.05023916
25.486244 137 2939 4050.5364827
40.101414 138 2958 4083.3526415
23.998139 139 2969 4116.49975805
39.510615 140 2988 4161.39554436
34.389406 141 3030 4239.17628958
30.803123 142 3033 4247.78688399
51.148786 143 3072 4279.17628958
69.315353 144 3074 4281.78688399
35.840609 145 3075 4285.17628958
51.606759 146 3097 4293.87497297
85.024423 147 3120 4312.78688399
52.821724 148 3127 4316.86499311
37.939764 149 3149 4380.93787985
38.432405 150 3160 4407.51389548
31.733816 151 3174 4416.24771102
19.297005 152 3196 4432.78901955
30.339431 153 3200 4438.78901955
20.487218 154 3201 4439.44958805
33.353130 155 3219 4448.44958805
20.758987 156 3234 4461.49201421
24.242012 157 3241 4466.78901955
46.542682 158 3263 4496.24771102
35.453676 159 3265 4496.44958805
43.214071 160 3267 4498.78901955
61.821272 161 3269 4501.49201421
23.403310 162 3307 4541.36386464
37.073616 163 3309 4542.68525896
29.778671 164 3324 4569.5900233
33.425677 165 3338 4583.01570067
26.245341 166 3358 4606.27690881
32.421607 167 3382 4635.55667536
18.459080 168 3386 4638.61901002
37.236673 169 3400 4660.28863535
29.914310 170 3405 4667.2029456
30.460696 171 3420 4696.46570532
34.644254 172 3421 4711.10995931
49.521942 173 3434 4737.63190124
18.119810 174 3477 4782.55894917
29.897876 175 3505 4817.87744665
37.765359 176 3520 4835.64280558
23.366886 177 3556 4914.87822927
15.091402 178 3579 4931.87822927
21.974864 179 3586 4937.86138306
28.227505 180 3595 4947.08348075
41.779957 181 3678 5065.52979081
41.051459 182 3722 5123.12223135
28.616838 183 3734 5133.42074198
27.341015 184 3740 5144.59046401
31.276672 185 3766 5182.26149644
13.116947 186 3769 5183.07368295
35.812187 187 3770 5189.07368295
28.281925 188 3803 5219.71069183
37.374062 189 3823 5246.03585245
50.833623 190 3835 5265.42876731
52.203810 191 3901 5342.91202785
47.906437 192 3936 5376.91202785
33.927512 193 3943 5382.57188339
44.906368 194 3949 5395.09135621
81.690445 195 3955 5402.57188339
46.866357 196 3965 5423.09135621
29.370394 197 3998 5456.57188339
49.275003 198 4017 5482.57188339
48.323340 199 4020 5489.09135621
52.051578 200 4022 5490.57188339
23.310046 201 4055 5531.09135621
60.883567 202 4062 5537.09135621
34.174550 203 4097 5572.57188339
31.816768 204 4105 5581.09135621
22.245636 205 4122 5600.57188339
37.152704 206 4184 5685.45605786
87.730690 207 4207 5722.45605786
76.544263 208 4221 5745.45605786
83.192040 209 4233 5774.36537494
44.681845 210 4236 5779.45605786
21.253406 211 4264 5815.96983046
39.330128 212 4282 5850.19426628
50.935035 213 4336 5928.20189787
37.076289 214 4346 5948.20189787
46.932286 215 4354 5961.60799153
36.792609 216 4419 6034.60799153
34.477725 217 4438 6057.60799153
29.951838 218 4441 6061.00526041
20.000000 219 4446 6065.69455619
20.012291 220 4496 6122.73876222
23.340266 221 4506 6129.07902776
34.160955 222 4542 6158.07902776
33.787239 223 4548 6161.97596644
39.788893 224 4550 6162.73876222
39.241531 225 4568 6178.72647136
30.834269 226 4578 6185.73876222
25.332349 227 4615 6223.07902776
33.602910 228 4658 6300.05741256
34.392439 229 4668 6314.60488238
38.791773 230 4690 6339.83074274
40.000000 231 4698 6358.94337061
29.003281 232 4736 6392.83259114
22.661683 233 4752 6405.04658883
40.573706 234 4767 6441.77566649
27.151962 235 4817 6508.11203953
29.848038 236 4818 6514.96007737
29.119181 237 4854 6562.4553931
28.466575 238 4917 6620.11013168
