#data counter step time
0 1 0 0.0
1 2 1 0.0
2 3 7 2.81341980148
3 4 8 3.21211471147
4 5 9 23.7749412913
5 6 10 24.3367867419
6 7 11 41.0245531684
7 8 12 45.9864275018
8 9 13 56.1939132518
9 10 14 80.1477450519
10 11 15 81.9717172946
11 12 16 86.8868152136
12 13 17 93.6318437954
13 14 18 97.8171180518
14 15 19 111.598448229
15 16 20 113.637471027
16 17 21 128.185522617
17 18 22 134.452459914
18 19 23 136.024876072
19 20 24 145.115269838
20 21 25 148.200364368
21 22 26 164.722238436
22 23 27 171.117122641
23 24 28 194.838803743
24 25 29 201.699692045
25 26 30 211.097361437
26 27 31 214.093159368
27 28 32 220.682410376
28 29 33 264.546364606
29 30 34 279.240015286
30 31 35 290.152972092
31 32 36 290.539922395
32 33 37 291.78646334
33 34 38 294.193184237
34 35 39 310.420141476
35 36 40 313.642797409
36 37 41 317.454940325
37 38 42 321.853557223
38 39 43 337.977177534
39 40 44 339.452539423
40 41 45 350.507068098
41 42 46 381.437761889
42 43 47 393.193507887
43 44 48 402.568406523
44 45 49 404.84396928
45 46 50 422.087329647
46 47 51 424.826184485
47 48 52 428.981566469
48 49 53 435.689318684
49 50 54 437.184872067
50 51 55 440.458185267
51 52 56 448.326042857
52 53 57 448.897854655
53 54 58 463.669472702
54 55 59 468.298396417
55 56 60 472.438956957
56 57 61 478.815455646
57 58 62 480.222500778
58 59 63 486.401092304
59 60 64 493.660275307
60 61 65 494.616169548
61 62 66 501.997341483
62 63 67 511.464640707
63 64 68 512.148162108
64 65 69 512.543707826
65 66 70 517.301163517
66 67 71 521.917902921
67 68 72 522.852484405
68 69 73 524.683849213
69 70 74 531.469170185
70 71 75 533.741509778
71 72 76 534.952613544
72 73 77 537.374106833
73 74 78 546.843638059
74 75 79 550.966890711
75 76 80 552.303517103
76 77 81 559.567094005
77 78 82 572.830306071
78 79 83 577.535414821
79 80 84 585.390595989
80 81 85 587.278806542
81 82 86 594.73592253
82 83 87 602.972425959
83 84 88 603.987408804
84 85 89 610.45039054
85 86 90 613.965203281
86 87 91 623.003780186
87 88 92 632.849401092
88 89 93 640.759723978
89 90 94 656.00811813
90 91 95 667.191596146
91 92 96 672.149880275
92 93 97 676.615105311
93 94 98 677.638016443
94 95 99 685.731141124
95 96 100 696.802333656
96 97 101 696.860599075
97 98 102 701.856150664
98 99 103 724.146562484
99 100 104 729.861947848
100 101 105 731.885412307
101 102 106 732.333495918
102 103 107 734.341238579
103 104 108 748.142763218
104 105 109 756.894005102
105 106 110 764.251114991
106 107 111 771.518065073
107 108 112 780.116415913
108 109 113 786.088565448
109 110 114 791.112646574
110 111 115 803.667436874
111 112 116 809.731707603
112 113 117 816.701208217
113 114 118 828.098731321
114 115 119 828.683925077
115 116 120 836.35216835
116 117 121 836.421157922
117 118 122 837.69307987
118 119 123 838.116981608
119 120 124 841.768775692
120 121 125 841.95143457
121 122 126 842.030116119
122 123 127 843.684920799
123 124 128 845.027485133
124 125 129 858.097579428
125 126 130 864.52979243
126 127 131 881.782466022
127 128 132 882.607514152
128 129 133 884.842074998
129 130 134 889.025625151
130 131 135 894.467345525
131 132 136 902.08800235
132 133 137 915.746941378
133 134 138 922.780121969
134 135 139 968.531303796
135 136 140 979.566364324
136 137 141 985.65321157
137 138 142 990.515248768
138 139 143 994.737279367
139 140 144 995.490900967
140 141 145 995.636959961
141 142 146 999.348318989
142 143 147 1001.53593566
143 144 148 1012.49007127
144 145 149 1014.48299783
145 146 150 1016.86616266
146 147 151 1022.67926598
147 148 152 1043.45164178
148 149 153 1044.35770342
149 150 154 1058.50518683
150 151 155 1063.69754996
151 152 156 1074.26261536
152 153 157 1077.07612191
153 154 158 1078.57760517
154 155 159 1080.78289429
155 156 160 1089.94573847
156 157 161 1106.3609679
157 158 162 1114.73272876
158 159 163 1117.99359948
159 160 164 1122.96969571
160 161 165 1132.98067073
161 162 166 1152.34709948
162 163 167 1155.86507259
163 164 168 1159.64325242
164 165 169 1160.56619871
165 166 170 1172.44709251
166 167 171 1177.84202988
167 168 172 1181.32165159
168 169 173 1184.32661173
169 170 174 1186.84102229
170 171 175 1186.99396105
171 172 176 1189.40695277
172 173 177 1204.16542006
173 174 178 1217.20766607
174 175 179 1224.53648867
175 176 180 1244.12885177
176 177 181 1247.17930506
177 178 182 1266.16970928
178 179 183 1271.00766632
179 180 184 1272.3286869
180 181 185 1277.78668328
181 182 186 1287.94251607
182 183 187 1294.48056224
183 184 188 1304.43509151
184 185 189 1304.6504591
185 186 190 1311.8879149
186 187 191 1319.0771416
187 188 192 1322.88407279
188 189 193 1323.42394037
189 190 194 1324.41048715
190 191 195 1325.77225884
191 192 196 1327.55990795
192 193 197 1345.36494865
193 194 198 1348.79523461
194 195 199 1352.97662345
195 196 200 1360.04737942
196 197 201 1375.47493094
197 198 202 1378.44462801
198 199 203 1386.00208914
199 200 204 1396.71842787
200 201 205 1410.4102834
201 202 206 1413.55683951
202 203 207 1422.96936465
203 204 208 1427.82865839
204 205 209 1428.80765934
205 206 210 1440.98839533
206 207 211 1444.83501826
207 208 212 1447.41755908
208 209 213 1460.37422289
209 210 214 1471.88882524
210 211 215 1473.47641476
211 212 216 1484.56493897
212 213 217 1487.22242715
213 214 218 1487.31442299
214 215 219 1488.76888604
215 216 220 1496.37920585
216 217 221 1501.71170613
217 218 222 1502.18516699
218 219 223 1509.9713294
219 220 224 1512.99363863
220 221 225 1513.46798892
221 222 226 1523.19863458
222 223 227 1533.1235413
223 224 228 1534.42060207
224 225 229 1535.28293306
225 226 230 1544.37123906
226 227 231 1544.50852419
227 228 232 1558.5218583
228 229 233 1561.87994469
229 230 234 1564.61452196
230 231 235 1567.29830984
231 232 236 1569.6738182
232 233 237 1570.4907134
233 234 238 1571.90640373
234 235 239 1573.15199652
235 236 240 1575.8050371
236 237 241 1580.54792503
237 238 242 1585.37268335
238 239 243 1585.93649648
239 240 244 1590.00804276
240 241 245 1601.28547763
241 242 246 1607.72984745
242 243 247 1613.6935624
243 244 248 1626.19382003
244 245 249 1630.93727008
245 246 250 1632.49975795
246 247 251 1632.7209331
247 248 252 1642.33358861
248 249 253 1657.31897103
249 250 254 1665.42236685
250 251 255 1670.08742295
251 252 256 1679.6650905
252 253 257 1697.8716272
253 254 258 1718.42559639
254 255 259 1718.75081238
255 256 260 1721.37157849
256 257 261 1736.00666337
257 258 262 1738.79660821
258 259 263 1741.13820091
259 260 264 1743.36347941
260 261 265 1753.25751172
261 262 266 1758.29555595
262 263 267 1761.464759
263 264 268 1763.07782518
264 265 269 1764.07791846
265 266 270 1768.49945196
266 267 271 1776.02496398
267 268 272 1786.620242
268 269 273 1809.48967274
269 270 274 1814.58532159
270 271 275 1816.16315134
271 272 276 1820.51225782
272 273 277 1822.48769156
273 274 278 1829.83547979
274 275 279 1842.90783373
275 276 280 1846.59025804
276 277 281 1850.92101581
277 278 282 1852.1902084
278 279 283 1855.58356055
279 280 284 1865.91285654
280 281 285 1888.65394606
281 282 286 1900.46728029
282 283 287 1907.2138274
283 284 288 1920.21458941
284 285 289 1929.86532259
285 286 290 1935.66564058
286 287 291 1939.96418796
287 288 292 1948.89884353
288 289 293 1954.99000239
289 290 294 1968.91101906
290 291 295 1975.00122541
291 292 296 1991.29322189
292 293 297 2001.79556231
293 294 298 2009.41828593
294 295 299 2014.50493072
295 296 300 2021.45150216
296 297 301 2025.54585796
297 298 302 2042.67193615
298 299 303 2050.8001851
299 300 304 2051.27198442
300 301 305 2062.15926068
301 302 306 2065.52568121
302 303 307 2098.07560178
303 304 308 2102.754019
304 305 309 2106.75684865
305 306 310 2110.812941
306 307 311 2118.39498767
307 308 312 2127.02386559
308 309 313 2136.64454098
309 310 314 2144.32133211
310 311 315 2156.29982922
311 312 316 2167.77927476
312 313 317 2170.71927488
313 314 318 2179.94833335
314 315 319 2180.04388438
315 316 320 2210.51919155
316 317 321 2211.52871673
317 318 322 2224.15199409
318 319 323 2236.34356845
319 320 324 2248.92774617
320 321 325 2263.64656035
321 322 326 2275.65346746
322 323 327 2284.15784141
323 324 328 2295.03894911
324 325 329 2297.88886387
325 326 330 2298.23737547
326 327 331 2313.36854332
327 328 332 2316.18959078
328 329 333 2322.73718076
329 330 334 2333.19467962
330 331 335 2334.20880581
331 332 336 2344.11159563
332 333 337 2349.35096573
333 334 338 2367.10282343
334 335 339 2367.1568122
335 336 340 2381.7669395
336 337 341 2383.97716863
337 338 342 2391.17624955
338 339 343 2405.41801984
339 340 344 2428.70658985
340 341 345 2429.38050386
341 342 346 2431.57137865
342 343 347 2439.63658101
343 344 348 2451.69649047
344 345 349 2461.96548445
345 346 350 2465.92146565
346 347 351 2471.51183566
347 348 352 2474.66323908
348 349 353 2477.59427141
349 350 354 2479.36876846
350 351 355 2486.19934026
351 352 356 2489.39199068
352 353 357 2500.19375946
353 354 358 2514.74721852
354 355 359 2515.8647289
355 356 360 2540.08440329
356 357 361 2545.45660437
357 358 362 2559.02220881
358 359 363 2579.33284718
359 360 364 2580.23825524
360 361 365 2584.20437735
361 362 366 2591.2421639
362 363 367 2591.52852463
363 364 368 2593.05181364
364 365 369 2610.62348451
365 366 370 2617.19864913
366 367 371 2627.00744819
367 368 372 2630.27523886
368 369 373 2631.67280966
369 370 374 2634.29787472
370 371 375 2635.61117985
371 372 376 2642.78314891
372 373 377 2649.09149739
373 374 378 2661.82673789
374 375 379 2663.04013886
375 376 380 2663.83679376
376 377 381 2665.14629712
377 378 382 2676.47814847
378 379 383 2690.39248965
379 380 384 2695.02745266
380 381 385 2695.36776715
381 382 386 2698.39249543
382 383 387 2716.47215712
383 384 388 2725.31234386
384 385 389 2733.40013179
385 386 390 2744.40451372
386 387 391 2753.4079126
387 388 392 2764.58124198
388 389 393 2773.18081619
389 390 394 2777.06846829
390 391 395 2777.83608675
391 392 396 2780.87585822
392 393 397 2798.92051593
393 394 398 2809.94138655
394 395 399 2818.79169327
395 396 400 2823.18832995
396 397 401 2825.90269306
397 398 402 2831.47580494
398 399 403 2836.91652194
399 400 404 2842.44804795
400 401 405 2842.50868078
401 402 406 2846.06371526
402 403 407 2848.18590806
403 404 408 2859.88281066
404 405 409 2860.64545712
405 406 410 2862.47021721
406 407 411 2862.64019787
407 408 412 2862.87406014
408 409 413 2867.86135792
409 410 414 2868.83089928
410 411 415 2871.41110363
411 412 416 2884.99682497
412 413 417 2891.21184658
413 414 418 2906.80529767
414 415 419 2910.95427261
415 416 420 2938.78600878
416 417 421 2939.51154271
417 418 422 2957.04625133
418 419 423 2970.92989481
419 420 424 2982.63552005
420 421 425 2999.84864856
421 422 426 3005.04157531
422 423 427 3008.98318937
423 424 428 3014.72124629
424 425 429 3018.77205349
425 426 430 3022.62928709
426 427 431 3025.00574865
427 428 432 3035.52593086
428 429 433 3035.53626425
429 430 434 3051.05860411
430 431 435 3074.0263133
431 432 436 3080.03001014
432 433 437 3095.79051733
433 434 438 3107.9054876
434 435 439 3112.85033769
435 436 440 3116.19057515
436 437 441 3117.47783699
437 438 442 3130.26031456
438 439 443 3141.47883914
439 440 444 3141.77305829
440 441 445 3142.33492569
441 442 446 3165.35171612
442 443 447 3171.04775264
443 444 448 3176.37528041
444 445 449 3180.24027697
445 446 450 3182.09975794
446 447 451 3183.47658176
447 448 452 3183.56596086
448 449 453 3192.07759736
449 450 454 3208.99144089
450 451 455 3217.65129067
451 452 456 3218.69631119
452 453 457 3220.46038205
453 454 458 3225.88483182
454 455 459 3229.58163068
455 456 460 3231.65163287
456 457 461 3232.17631424
457 458 462 3252.45112129
458 459 463 3262.5432181
459 460 464 3265.32828505
460 461 465 3267.02163481
461 462 466 3271.59635487
462 463 467 3271.90792325
463 464 468 3279.48884319
464 465 469 3290.70622066
465 466 470 3295.39894623
466 467 471 3297.6495065
467 468 472 3299.00050262
468 469 473 3300.14843988
469 470 474 3303.8805068
470 471 475 3304.47550805
471 472 476 3306.05203893
472 473 477 3321.65988628
473 474 478 3348.1229574
474 475 479 3350.4464672
475 476 480 3352.44334871
476 477 481 3359.7817624
477 478 482 3403.60157788
478 479 483 3412.35080869
479 480 484 3414.73914422
480 481 485 3422.06526648
481 482 486 3429.63970109
482 483 487 3435.17872803
483 484 488 3437.06468836
484 485 489 3440.6261233
485 486 490 3448.95848028
486 487 491 3472.15315611
487 488 492 3481.67116879
488 489 493 3501.08458098
489 490 494 3519.1306281
490 491 495 3519.42349559
491 492 496 3531.50110534
492 493 497 3532.31161444
493 494 498 3532.33129997
494 495 499 3534.80611667
495 496 500 3540.57665186
496 497 501 3563.90954958
497 498 502 3568.88410244
498 499 503 3587.01072266
499 500 504 3593.74038131
500 501 505 3596.72619811
501 502 506 3602.92359445
502 503 507 3606.27202312
503 504 508 3613.27087614
504 505 509 3623.41263714
505 506 510 3636.68650724
506 507 511 3638.13581102
507 508 512 3640.13759926
508 509 513 3650.87097807
509 510 514 3655.43883034
510 511 515 3658.19617394
511 512 516 3660.00589501
512 513 517 3662.03753816
513 514 518 3663.73478707
514 515 519 3664.36101169
515 516 520 3672.68323831
516 517 521 3679.45273012
517 518 522 3692.06642935
518 519 523 3693.42838763
519 520 524 3699.84365911
520 521 525 3706.53463665
521 522 526 3715.02637071
522 523 527 3729.45573444
523 524 528 3732.41396974
524 525 529 3733.93497885
525 526 530 3737.03636368
526 527 531 3744.44049003
527 528 532 3757.56956067
528 529 533 3763.02792913
529 530 534 3764.47011607
530 531 535 3778.17245536
531 532 536 3788.30257248
532 533 537 3792.04295807
533 534 538 3792.26606709
534 535 539 3796.32953078
535 536 540 3806.04791053
536 537 541 3811.63098117
537 538 542 3815.29820717
538 539 543 3819.2596917
539 540 544 3820.85509707
540 541 545 3822.96045358
541 542 546 3823.08687191
542 543 547 3824.16206999
543 544 548 3837.05149042
544 545 549 3839.51641552
545 546 550 3843.10537255
546 547 551 3844.61830327
547 548 552 3846.21189078
548 549 553 3853.74866405
549 550 554 3878.22949476
550 551 555 3890.85108418
551 552 556 3892.29908553
552 553 557 3898.89496973
553 554 558 3900.54942235
554 555 559 3905.08304457
555 556 560 3915.92716407
556 557 561 3915.98076211
557 558 562 3932.47485389
558 559 563 3940.19087348
559 560 564 3940.40410941
560 561 565 3944.80481836
561 562 566 3951.49036858
562 563 567 3959.58333665
563 564 568 3967.45230375
564 565 569 3986.51043315
565 566 570 3990.46400187
566 567 571 3992.06132744
567 568 572 3992.51393641
568 569 573 4006.33320603
569 570 574 4009.7050947
570 571 575 4011.9826188
571 572 576 4015.70721032
572 573 577 4018.44766912
573 574 578 4019.42186381
574 575 579 4023.02994699
575 576 580 4024.89249221
576 577 581 4024.94797449
577 578 582 4031.13828737
578 579 583 4033.95856419
579 580 584 4036.89388344
580 581 585 4038.17329062
581 582 586 4044.02972093
582 583 587 4048.03612911
583 584 588 4051.36996731
584 585 589 4055.01454368
585 586 590 4059.97786601
586 587 591 4064.81068574
587 588 592 4081.47238606
588 589 593 4082.14288868
589 590 594 4087.32111175
590 591 595 4091.13939086
591 592 596 4092.56140176
592 593 597 4138.3115835
593 594 598 4149.25284155
594 595 599 4169.77495748
595 596 600 4172.36832707
596 597 601 4174.91193449
597 598 602 4176.71684261
598 599 603 4177.00940431
599 600 604 4177.7215293
600 601 605 4186.0734375
601 602 606 4186.6993153
602 603 607 4203.52662132
603 604 608 4205.22656874
604 605 609 4208.03668437
605 606 610 4214.34531845
606 607 611 4215.27810752
607 608 612 4217.93898668
608 609 613 4226.79440879
609 610 614 4242.53331354
610 611 615 4249.9946142
611 612 616 4251.12726699
612 613 617 4251.73127861
613 614 618 4265.80690879
614 615 619 4272.00626088
615 616 620 4274.7746153
616 617 621 4279.74663164
617 618 622 4295.4657689
618 619 623 4313.40651554
619 620 624 4313.6288184
620 621 625 4318.25425742
621 622 626 4318.8073942
622 623 627 4330.13291923
623 624 628 4350.0578057
624 625 629 4350.54610599
625 626 630 4353.26843995
626 627 631 4368.13248498
627 628 632 4383.07480349
628 629 633 4383.97169744
629 630 634 4394.02091793
630 631 635 4397.61380284
631 632 636 4420.52403166
632 633 637 4435.47042475
633 634 638 4437.16784394
634 635 639 4440.82662095
635 636 640 4442.14062575
636 637 641 4442.84494771
637 638 642 4443.56577803
638 639 643 4446.30111864
639 640 644 4452.49272329
640 641 645 4459.1496181
641 642 646 4460.18596177
642 643 647 4466.27297791
643 644 648 4474.05089029
644 645 649 4488.54780759
645 646 650 4505.96781173
646 647 651 4513.70206671
647 648 652 4517.98070594
648 649 653 4521.46974988
649 650 654 4525.03507374
650 651 655 4528.95756811
651 652 656 4544.76268604
652 653 657 4548.74907716
653 654 658 4557.70529716
654 655 659 4569.59947459
655 656 660 4571.13430519
656 657 661 4595.06249485
657 658 662 4598.8661782
658 659 663 4603.00112684
659 660 664 4603.15446034
660 661 665 4605.26561763
661 662 666 4612.14071847
662 663 667 4617.41692908
663 664 668 4618.06570174
664 665 669 4619.07213372
665 666 670 4620.34053785
666 667 671 4629.9233095
667 668 672 4672.79708978
668 669 673 4673.12857117
669 670 674 4675.41255099
670 671 675 4695.25755501
671 672 676 4705.05180382
672 673 677 4723.27933432
673 674 678 4727.00164046
674 675 679 4727.32444582
675 676 680 4732.85759599
676 677 681 4743.41637156
677 678 682 4743.98459254
678 679 683 4750.41094864
679 680 684 4752.76316377
680 681 685 4753.14006742
681 682 686 4756.17347509
682 683 687 4766.50995986
683 684 688 4778.14233966
684 685 689 4786.83118683
685 686 690 4787.34782699
686 687 691 4789.6257948
687 688 692 4791.27937117
688 689 693 4801.25732258
689 690 694 4803.70941461
690 691 695 4804.49465719
691 692 696 4813.45269413
692 693 697 4813.64103775
693 694 698 4827.98773403
694 695 699 4828.99818742
695 696 700 4841.73619013
696 697 701 4843.23958605
697 698 702 4844.05479699
698 699 703 4848.06032884
699 700 704 4849.41472135
700 701 705 4850.26918988
701 702 706 4853.59327569
702 703 707 4858.72011671
703 704 708 4866.73837451
704 705 709 4869.88656729
705 706 710 4872.48257414
706 707 711 4883.51408025
707 708 712 4897.66082118
708 709 713 4900.18411374
709 710 714 4902.78029789
710 711 715 4903.55488675
711 712 716 4923.5088446
712 713 717 4933.93718635
713 714 718 4943.22752014
714 715 719 4949.45706935
715 716 720 4951.84419236
716 717 721 4956.97725592
717 718 722 4977.98693187
718 719 723 4982.16789381
719 720 724 4982.71337705
720 721 725 4983.62974417
721 722 726 4987.5515563
722 723 727 5007.9584906
723 724 728 5015.96624939
724 725 729 5019.50595651
725 726 730 5026.13212532
726 727 731 5031.33389324
727 728 732 5038.46189261
728 729 733 5045.87229114
729 730 734 5046.33949752
730 731 735 5046.76403295
731 732 736 5063.0680672
732 733 737 5066.99038235
733 734 738 5074.12332749
734 735 739 5094.08826819
735 736 740 5095.49894696
736 737 741 5125.58779281
737 738 742 5131.38588544
738 739 743 5132.27587396
739 740 744 5138.70672418
740 741 745 5145.09891433
741 742 746 5148.17853587
742 743 747 5150.09369138
743 744 748 5155.60428314
744 745 749 5179.93523214
745 746 750 5179.96050645
746 747 751 5182.17430523
747 748 752 5182.84423613
748 749 753 5184.68887339
749 750 754 5203.88102934
750 751 755 5214.88177267
751 752 756 5238.94504723
752 753 757 5252.39300915
753 754 758 5259.31901391
754 755 759 5260.29386053
755 756 760 5272.18091341
756 757 761 5273.46883721
757 758 762 5275.14907421
758 759 763 5292.27359922
759 760 764 5295.70005931
760 761 765 5304.01550942
761 762 766 5312.65640583
762 763 767 5313.15096833
763 764 768 5331.13434212
764 765 769 5334.09849212
765 766 770 5343.12127833
766 767 771 5347.492369
767 768 772 5347.6480644
768 769 773 5348.06287932
769 770 774 5348.12232979
770 771 775 5352.40443347
771 772 776 5386.28588133
772 773 777 5386.43857624
773 774 778 5394.60734613
774 775 779 5396.03337307
775 776 780 5397.07714287
776 777 781 5402.38112748
777 778 782 5411.05413396
778 779 783 5412.52959864
779 780 784 5412.62973423
780 781 785 5415.24409106
781 782 786 5415.30682258
782 783 787 5421.93404471
783 784 788 5426.88885572
784 785 789 5429.55998622
785 786 790 5429.60716387
786 787 791 5447.40715639
787 788 792 5452.21854492
788 789 793 5461.28155828
789 790 794 5468.26592645
790 791 795 5495.24934035
791 792 796 5499.65251521
792 793 797 5511.84892053
793 794 798 5522.99882362
794 795 799 5529.39904014
795 796 800 5530.24821563
796 797 801 5538.28523781
797 798 802 5544.07346709
798 799 803 5552.20671236
799 800 804 5562.7330101
800 801 805 5564.15400777
801 802 806 5583.36233389
802 803 807 5584.18965561
803 804 808 5586.8254761
804 805 809 5590.22074416
805 806 810 5597.8928972
806 807 811 5598.84048866
807 808 812 5604.94892316
808 809 813 5607.44798013
809 810 814 5612.49385545
810 811 815 5619.20520022
811 812 816 5623.99356583
812 813 817 5629.03173132
813 814 818 5633.95326327
814 815 819 5637.16539087
815 816 820 5637.83403933
816 817 821 5640.51204015
817 818 822 5646.1488573
818 819 823 5656.40037379
819 820 824 5678.97192928
820 821 825 5682.07603095
821 822 826 5703.29427752
822 823 827 5716.25188769
823 824 828 5717.45136127
824 825 829 5735.48323999
825 826 830 5742.25277537
826 827 831 5756.89747627
827 828 832 5757.26658495
828 829 833 5770.8956402
829 830 834 5784.4398059
830 831 835 5796.71165526
831 832 836 5799.01957534
832 833 837 5804.81303403
833 834 838 5806.56572236
834 835 839 5812.5847482
835 836 840 5818.43212436
836 837 841 5841.3167876
837 838 842 5851.7562964
838 839 843 5858.83710379
839 840 844 5866.26145022
840 841 845 5872.95809513
841 842 846 5893.48453097
842 843 847 5905.25376498
843 844 848 5911.39314623
844 845 849 5915.20809016
845 846 850 5919.31377779
846 847 851 5922.07440033
847 848 852 5929.82725176
848 849 853 5930.98044873
849 850 854 5936.17193276
850 851 855 5946.23575686
851 852 856 5952.06553155
852 853 857 5956.64849485
853 854 858 5961.10412402
854 855 859 5970.99331915
855 856 860 5980.45259169
856 857 861 5981.89012397
857 858 862 5985.92424852
858 859 863 5991.23834016
859 860 864 5992.77577731
860 861 865 5994.03019539
861 862 866 6002.03897578
862 863 867 6003.4171832
863 864 868 6015.65411543
864 865 869 6017.37846674
865 866 870 6026.8049631
866 867 871 6027.56658833
867 868 872 6047.92393338
868 869 873 6057.47064058
869 870 874 6059.82146758
870 871 875 6066.01576383
871 872 876 6068.49114358
872 873 877 6073.8943556
873 874 878 6081.47819702
874 875 879 6082.77440798
875 876 880 6085.80775612
876 877 881 6093.68214039
877 878 882 6094.68408305
878 879 883 6099.04535745
879 880 884 6100.45274022
880 881 885 6102.73676294
881 882 886 6102.90512539
882 883 887 6103.43629696
883 884 888 6147.49119728
884 885 889 6153.08212067
885 886 890 6178.60927297
886 887 891 6188.2840577
887 888 892 6200.66736606
888 889 893 6208.72012054
889 890 894 6212.80327422
890 891 895 6219.99003946
891 892 896 6222.58894205
892 893 897 6231.53298122
893 894 898 6242.19435757
894 895 899 6257.9284877
895 896 900 6262.95777374
896 897 901 6263.04139382
897 898 902 6267.14572902
898 899 903 6271.78001257
899 900 904 6273.24254281
900 901 905 6294.28201588
901 902 906 6302.48256244
902 903 907 6310.28054486
903 904 908 6316.94765183
904 905 909 6323.44776098
905 906 910 6334.4355754
906 907 911 6342.22067076
907 908 912 6347.21775509
908 909 913 6357.61358114
909 910 914 6362.36182162
910 911 915 6363.26298738
911 912 916 6364.32933224
912 913 917 6381.75136465
913 914 918 6382.1843748
914 915 919 6395.04441388
915 916 920 6399.95742761
916 917 921 6400.84230205
917 918 922 6404.04331425
918 919 923 6415.42465757
919 920 924 6422.82049434
920 921 925 6445.90356606
921 922 926 6461.49639076
922 923 927 6463.96665702
923 924 928 6471.71020599
924 925 929 6483.08095977
925 926 930 6494.05114041
926 927 931 6494.71977195
927 928 932 6497.02483964
928 929 933 6501.77078814
929 930 934 6504.11264247
930 931 935 6513.27668643
931 932 936 6520.91640716
932 933 937 6522.26252372
933 934 938 6523.3406043
934 935 939 6523.41704511
935 936 940 6530.69719179
936 937 941 6546.25693953
937 938 942 6547.69713196
938 939 943 6559.79824039
939 940 944 6571.10946674
940 941 945 6573.75194672
941 942 946 6581.05901751
942 943 947 6587.93491618
943 944 948 6589.97263786
944 945 949 6594.33172124
945 946 950 6596.93947292
946 947 951 6607.3279816
947 948 952 6613.73933319
948 949 953 6626.72775088
949 950 954 6629.22349768
950 951 955 6640.3239278
951 952 956 6640.52458794
952 953 957 6655.59685136
953 954 958 6667.53014266
954 955 959 6677.71827044
955 956 960 6680.8489469
956 957 961 6692.31904252
957 958 962 6693.2086893
958 959 963 6706.69665648
959 960 964 6707.31853266
960 961 965 6717.26074426
961 962 966 6717.47704228
962 963 967 6734.43738211
963 964 968 6734.68220244
964 965 969 6735.01679889
965 966 970 6743.64477129
966 967 971 6744.62002553
967 968 972 6753.01636443
968 969 973 6753.1910844
969 970 974 6759.69113256
970 971 975 6768.92668952
971 972 976 6769.81104809
972 973 977 6771.70136094
973 974 978 6778.72115757
974 975 979 6780.51814522
975 976 980 6793.56019157
976 977 981 6799.59257789
977 978 982 6801.23207693
978 979 983 6802.36455384
979 980 984 6810.74294819
980 981 985 6811.85377122
981 982 986 6821.63740669
982 983 987 6831.1319078
983 984 988 6838.60708163
984 985 989 6844.27971789
985 986 990 6847.92211981
986 987 991 6850.87729922
987 988 992 6853.00887381
988 989 993 6874.3486323
989 990 994 6880.20334482
990 991 995 6887.27398162
991 992 996 6897.92295762
992 993 997 6903.47170362
993 994 998 6919.14152741
994 995 999 6919.44643914
995 996 1000 6928.21927121
996 997 1001 6930.72862088
997 998 1002 6933.08420907
998 999 1003 6933.14744848
999 1000 1004 6947.95021413
1000 1001 1005 6948.62346595
1000 1002 1005 6958.66780089
