#data counter step time
0 1 0 0.0
1 2 1 0.0
2 3 7 0.281982153199
3 4 8 7.82900840664
4 5 9 10.3990076762
5 6 10 14.2564470605
6 7 11 20.211965073
7 8 12 23.6012576234
8 9 13 30.5842623843
9 10 14 40.6127153814
10 11 15 50.5068184489
11 12 16 56.1472973059
12 13 17 65.2406031214
13 14 18 67.1639264558
14 15 19 86.7626142114
15 16 20 88.4050302907
16 17 21 102.800573158
17 18 22 107.252106671
18 19 23 111.715116854
19 20 24 113.990676969
20 21 25 130.831724317
21 22 26 130.955171235
22 23 27 142.912846246
23 24 28 143.374019992
24 25 29 162.383720007
25 26 30 165.312338938
26 27 31 167.926529145
27 28 32 176.60983738
28 29 33 178.755081446
29 30 34 192.908066642
30 31 35 194.480817192
31 32 36 197.968991978
32 33 37 198.805083118
33 34 38 208.23861014
34 35 39 211.937110527
35 36 40 220.556172324
36 37 41 242.942091355
37 38 42 243.757503711
38 39 43 259.009546817
39 40 44 268.336923446
40 41 45 278.021059059
41 42 46 281.159473375
42 43 47 306.516407654
43 44 48 307.894888876
44 45 49 311.2966897
45 46 50 316.640369582
46 47 51 324.946538683
47 48 52 355.921002473
48 49 53 371.984931066
49 50 54 378.860824349
50 51 55 380.85469407
51 52 56 381.243516867
52 53 57 387.428348663
53 54 58 401.82849844
54 55 59 413.820113565
55 56 60 416.407541443
56 57 61 417.822454915
57 58 62 423.828730811
58 59 63 429.105140636
59 60 64 431.685682129
60 61 65 435.615595128
61 62 66 437.657385463
62 63 67 437.69593308
63 64 68 441.338111822
64 65 69 441.553200119
65 66 70 468.473506009
66 67 71 475.453382528
67 68 72 475.507696996
68 69 73 483.518268194
69 70 74 488.795810519
70 71 75 495.140116473
71 72 76 513.600022722
72 73 77 514.669766344
73 74 78 516.125347984
74 75 79 534.659057604
75 76 80 547.681867499
76 77 81 555.631346979
77 78 82 579.633482084
78 79 83 586.1172066
79 80 84 587.686809596
80 81 85 588.860349106
81 82 86 592.681594531
82 83 87 596.091125145
83 84 88 597.696306465
84 85 89 603.546556516
85 86 90 629.281112861
86 87 91 630.064651249
87 88 92 648.346222124
88 89 93 650.887718549
89 90 94 657.247269634
90 91 95 666.67745418
91 92 96 669.800040127
92 93 97 670.450960663
93 94 98 670.650835451
94 95 99 697.758067627
95 96 100 720.425602855
96 97 101 726.577537687
97 98 102 726.700642034
98 99 103 756.608658728
99 100 104 760.310427457
100 101 105 764.234656658
101 102 106 766.903139167
102 103 107 772.218059147
103 104 108 773.268057634
104 105 109 789.506521901
105 106 110 808.518820859
106 107 111 817.441158759
107 108 112 821.402474062
108 109 113 846.637753553
109 110 114 848.048531765
110 111 115 849.467529687
111 112 116 863.946872674
112 113 117 876.829897298
113 114 118 899.00026559
114 115 119 906.325456981
115 116 120 921.40569884
116 117 121 940.324119151
117 118 122 952.930547603
118 119 123 956.428563701
119 120 124 966.402978473
120 121 125 968.840896324
121 122 126 972.558839706
122 123 127 982.287479386
123 124 128 988.341448558
124 125 129 989.71867296
125 126 130 1001.64761446
126 127 131 1020.80911012
127 128 132 1024.36120145
128 129 133 1041.94425613
129 130 134 1049.94313287
130 131 135 1057.22539654
131 132 136 1065.14273583
132 133 137 1067.52572463
133 134 138 1069.64021431
134 135 139 1078.66690451
135 136 140 1078.84120863
136 137 141 1085.05846513
137 138 142 1085.90979593
138 139 143 1090.04951869
139 140 144 1094.44433451
140 141 145 1116.54215115
141 142 146 1141.63095899
142 143 147 1147.70893865
143 144 148 1152.94933459
144 145 149 1153.70383943
145 146 150 1153.71291486
146 147 151 1163.0106187
147 148 152 1164.70360005
148 149 153 1174.75777723
149 150 154 1176.15916343
150 151 155 1176.79785795
151 152 156 1178.08146749
152 153 157 1180.36865131
153 154 158 1187.64599896
154 155 159 1192.74296903
155 156 160 1202.27170301
156 157 161 1206.11502892
157 158 162 1213.35723237
158 159 163 1221.42684
159 160 164 1222.51186047
160 161 165 1234.18923433
161 162 166 1239.48737195
162 163 167 1240.02663683
163 164 168 1249.10440143
164 165 169 1250.63258132
165 166 170 1258.64601495
166 167 171 1267.1002096
167 168 172 1269.45146986
168 169 173 1272.53086501
169 170 174 1287.3181992
170 171 175 1299.66028073
171 172 176 1302.64656938
172 173 177 1305.65209751
173 174 178 1307.3402117
174 175 179 1309.63904796
175 176 180 1313.30181061
176 177 181 1336.22613408
177 178 182 1336.55987
178 179 183 1343.99781405
179 180 184 1358.36914914
180 181 185 1361.67075945
181 182 186 1362.74722578
182 183 187 1368.29998079
183 184 188 1370.64634041
184 185 189 1378.95046013
185 186 190 1383.61941264
186 187 191 1390.29846482
187 188 192 1398.11824694
188 189 193 1405.73381658
189 190 194 1415.76904125
190 191 195 1421.45757678
191 192 196 1426.14003237
192 193 197 1430.61904275
193 194 198 1444.90619796
194 195 199 1449.70943944
195 196 200 1459.52476725
196 197 201 1460.79246856
197 198 202 1463.1986319
198 199 203 1481.47565578
199 200 204 1487.13766612
200 201 205 1513.14065198
201 202 206 1515.37221894
202 203 207 1515.95215654
203 204 208 1522.00042746
204 205 209 1525.34024523
205 206 210 1530.47463637
206 207 211 1535.17680462
207 208 212 1535.41473002
208 209 213 1538.4545886
209 210 214 1538.94924727
210 211 215 1540.08394429
211 212 216 1543.68672434
212 213 217 1548.01513797
213 214 218 1548.65537072
214 215 219 1556.32620667
215 216 220 1556.88849696
216 217 221 1576.11037713
217 218 222 1576.43961386
218 219 223 1594.16449348
219 220 224 1595.7849753
220 221 225 1605.14102335
221 222 226 1611.31145104
222 223 227 1616.13317969
223 224 228 1619.34678259
224 225 229 1622.61512877
225 226 230 1622.91585427
226 227 231 1630.82466178
227 228 232 1639.59346479
228 229 233 1645.45079147
229 230 234 1648.74289161
230 231 235 1654.29840735
231 232 236 1656.86580937
232 233 237 1696.43945454
233 234 238 1698.43067301
234 235 239 1699.26111393
235 236 240 1701.09355682
236 237 241 1709.03176879
237 238 242 1711.77512305
238 239 243 1733.22213198
239 240 244 1739.81053865
240 241 245 1741.3589853
241 242 246 1742.11992212
242 243 247 1745.66302907
243 244 248 1752.79642474
244 245 249 1755.56951318
245 246 250 1758.74105368
246 247 251 1772.25860632
247 248 252 1798.37955944
248 249 253 1801.10802244
249 250 254 1802.02295108
250 251 255 1804.37049016
251 252 256 1814.98168838
252 253 257 1816.24417086
253 254 258 1820.40740969
254 255 259 1822.12795952
255 256 260 1825.33993759
256 257 261 1838.64419385
257 258 262 1846.33182201
258 259 263 1850.58184707
259 260 264 1854.27225783
260 261 265 1854.49201461
261 262 266 1857.06633103
262 263 267 1868.36433145
263 264 268 1869.75324489
264 265 269 1877.48191205
265 266 270 1877.83359455
266 267 271 1881.77563407
267 268 272 1883.00739917
268 269 273 1887.5851399
269 270 274 1901.39466784
270 271 275 1903.65736789
271 272 276 1921.21240202
272 273 277 1927.20459866
273 274 278 1928.05916356
274 275 279 1934.26412647
275 276 280 1950.83422016
276 277 281 1963.58668121
277 278 282 1969.95341935
278 279 283 1978.71706814
279 280 284 1979.33859516
280 281 285 2004.05634586
281 282 286 2026.83175779
282 283 287 2035.15376134
283 284 288 2039.46234977
284 285 289 2068.61123206
285 286 290 2070.11350664
286 287 291 2083.62388876
287 288 292 2089.54022214
288 289 293 2103.11368742
289 290 294 2108.51972131
290 291 295 2120.67921015
291 292 296 2130.53189365
292 293 297 2140.27230499
293 294 298 2144.93552877
294 295 299 2149.17968692
295 296 300 2155.58743496
296 297 301 2158.82598298
297 298 302 2159.15736835
298 299 303 2159.56929898
299 300 304 2161.11874071
300 301 305 2161.73812344
301 302 306 2162.23729787
302 303 307 2169.74437378
303 304 308 2178.57848473
304 305 309 2185.1558588
305 306 310 2197.67412294
306 307 311 2202.18008699
307 308 312 2206.33168077
308 309 313 2211.25235544
309 310 314 2214.12998303
310 311 315 2217.43225938
311 312 316 2218.67334349
312 313 317 2236.73570541
313 314 318 2247.79048034
314 315 319 2248.56187447
315 316 320 2259.63091509
316 317 321 2284.15991581
317 318 322 2306.68268714
318 319 323 2307.71109744
319 320 324 2312.88256922
320 321 325 2319.21722927
321 322 326 2324.46071781
322 323 327 2331.57686123
323 324 328 2334.95594836
324 325 329 2336.44230276
325 326 330 2352.926163
326 327 331 2357.48239063
327 328 332 2363.25473396
328 329 333 2377.79835248
329 330 334 2380.57371221
330 331 335 2381.607126
331 332 336 2383.98874316
332 333 337 2397.13434687
333 334 338 2400.49506758
334 335 339 2403.25440127
335 336 340 2408.51774595
336 337 341 2411.87268041
337 338 342 2417.13616358
338 339 343 2422.52023491
339 340 344 2424.11056187
340 341 345 2425.82679225
341 342 346 2464.13781462
342 343 347 2474.01460156
343 344 348 2480.78285734
344 345 349 2489.28391344
345 346 350 2493.45461807
346 347 351 2495.670569
347 348 352 2520.16061577
348 349 353 2524.11933048
349 350 354 2527.15602632
350 351 355 2527.35957744
351 352 356 2545.28174869
352 353 357 2557.00223823
353 354 358 2560.58869723
354 355 359 2565.70311637
355 356 360 2567.09265034
356 357 361 2587.10918914
357 358 362 2596.13396668
358 359 363 2606.22650524
359 360 364 2612.13210094
360 361 365 2620.67654794
361 362 366 2643.79728399
362 363 367 2659.75997253
363 364 368 2662.87793792
364 365 369 2674.26528557
365 366 370 2677.94155744
366 367 371 2683.50685045
367 368 372 2683.60115485
368 369 373 2699.45980973
369 370 374 2700.10134126
370 371 375 2706.99425254
371 372 376 2712.13529954
372 373 377 2714.14814522
373 374 378 2717.08935295
374 375 379 2725.1764944
375 376 380 2727.77516525
376 377 381 2730.58366783
377 378 382 2750.58783665
378 379 383 2751.87075353
379 380 384 2764.7872494
380 381 385 2766.34519732
381 382 386 2766.41157461
382 383 387 2774.16905663
383 384 388 2785.25025609
384 385 389 2796.53249848
385 386 390 2809.58434468
386 387 391 2810.29422215
387 388 392 2817.18109872
388 389 393 2818.05559279
389 390 394 2823.32426883
390 391 395 2827.80981893
391 392 396 2830.05203564
392 393 397 2831.67292625
393 394 398 2837.13732998
394 395 399 2852.18243153
395 396 400 2858.89074792
396 397 401 2867.42120095
397 398 402 2868.5238453
398 399 403 2871.67704712
399 400 404 2872.94582823
400 401 405 2878.19642638
401 402 406 2889.11790405
402 403 407 2891.01338477
403 404 408 2894.68973688
404 405 409 2902.33472164
405 406 410 2905.78447617
406 407 411 2913.63382656
407 408 412 2922.04340054
408 409 413 2926.66307943
409 410 414 2938.58801516
410 411 415 2940.50124326
411 412 416 2958.06228115
412 413 417 2965.84287126
413 414 418 2995.78530381
414 415 419 2999.39215434
415 416 420 3003.25247876
416 417 421 3010.42900369
417 418 422 3015.4443941
418 419 423 3020.65365307
419 420 424 3022.99883189
420 421 425 3029.5415493
421 422 426 3030.93974871
422 423 427 3037.14781595
423 424 428 3086.98065731
424 425 429 3087.73994218
425 426 430 3096.06148053
426 427 431 3097.0511624
427 428 432 3120.53243128
428 429 433 3132.63251348
429 430 434 3135.96845649
430 431 435 3142.6160362
431 432 436 3147.06937211
432 433 437 3158.28764031
433 434 438 3175.41661745
434 435 439 3177.49738685
435 436 440 3192.29944934
436 437 441 3207.86003816
437 438 442 3211.28552571
438 439 443 3213.19439586
439 440 444 3221.44706914
440 441 445 3252.47287438
441 442 446 3253.71567699
442 443 447 3258.54988078
443 444 448 3264.76318044
444 445 449 3266.20713579
445 446 450 3270.17768084
446 447 451 3280.52044967
447 448 452 3281.95159159
448 449 453 3286.75003829
449 450 454 3301.79469923
450 451 455 3306.65056155
451 452 456 3329.51767303
452 453 457 3332.311454
453 454 458 3339.13082846
454 455 459 3340.9412828
455 456 460 3348.27897471
456 457 461 3351.62360184
457 458 462 3364.85249396
458 459 463 3370.70386456
459 460 464 3371.81116497
460 461 465 3374.00628501
461 462 466 3377.17159126
462 463 467 3378.0365677
463 464 468 3383.78497637
464 465 469 3388.07628469
465 466 470 3389.33368599
466 467 471 3404.87471646
467 468 472 3410.74521366
468 469 473 3411.89531072
469 470 474 3443.56530427
470 471 475 3444.95782233
471 472 476 3445.17421411
472 473 477 3446.24885058
473 474 478 3453.35924485
474 475 479 3456.87152781
475 476 480 3484.70394119
476 477 481 3485.6316371
477 478 482 3487.19208399
478 479 483 3512.47432131
479 480 484 3528.27162303
480 481 485 3534.31336849
481 482 486 3543.66164232
482 483 487 3553.5900049
483 484 488 3554.64960836
484 485 489 3559.23840897
485 486 490 3572.96388192
486 487 491 3575.1064272
487 488 492 3597.19298011
488 489 493 3615.14935277
489 490 494 3623.75428814
490 491 495 3624.96085923
491 492 496 3636.09093133
492 493 497 3637.43652295
493 494 498 3637.93334795
494 495 499 3639.44926677
495 496 500 3640.86879789
496 497 501 3663.72420595
497 498 502 3666.8518461
498 499 503 3667.1601967
499 500 504 3690.77517593
500 501 505 3702.16103777
501 502 506 3711.21379254
502 503 507 3741.42917734
503 504 508 3742.16726699
504 505 509 3743.36863262
505 506 510 3758.78901654
506 507 511 3764.27661044
507 508 512 3770.15573142
508 509 513 3771.31657518
509 510 514 3778.92905979
510 511 515 3781.24721981
511 512 516 3790.99746839
512 513 517 3793.04867095
513 514 518 3796.49255039
514 515 519 3810.6690796
515 516 520 3813.45279379
516 517 521 3841.09381475
517 518 522 3845.51221016
518 519 523 3851.73416441
519 520 524 3861.78192659
520 521 525 3867.89819985
521 522 526 3869.46301563
522 523 527 3876.62354101
523 524 528 3886.16678897
524 525 529 3887.7301634
525 526 530 3898.30518513
526 527 531 3902.94273067
527 528 532 3905.26073635
528 529 533 3909.80810314
529 530 534 3912.29035427
530 531 535 3916.41913082
531 532 536 3923.77061557
532 533 537 3944.38609514
533 534 538 3945.82581239
534 535 539 3959.7184385
535 536 540 3966.96537069
536 537 541 3975.57354361
537 538 542 3979.13805911
538 539 543 3981.08405916
539 540 544 3986.64763922
540 541 545 3987.66797274
541 542 546 3988.75428608
542 543 547 3994.6145516
543 544 548 3998.78088291
544 545 549 4002.12431973
545 546 550 4002.45751429
546 547 551 4005.64317979
547 548 552 4022.14922894
548 549 553 4023.98456934
549 550 554 4025.66813666
550 551 555 4029.33965044
551 552 556 4036.69713286
552 553 557 4061.0535057
553 554 558 4068.88209276
554 555 559 4074.22375854
555 556 560 4078.042728
556 557 561 4079.29621925
557 558 562 4089.12162562
558 559 563 4089.19090378
559 560 564 4103.94392052
560 561 565 4106.78715124
561 562 566 4107.40014205
562 563 567 4111.36280785
563 564 568 4124.17522266
564 565 569 4142.22170249
565 566 570 4143.04929367
566 567 571 4160.19852941
567 568 572 4161.71938242
568 569 573 4162.12306208
569 570 574 4170.92184265
570 571 575 4183.74346356
571 572 576 4186.54632055
572 573 577 4193.25938208
573 574 578 4193.90630301
574 575 579 4211.0409824
575 576 580 4214.20158878
576 577 581 4223.98651659
577 578 582 4228.76875495
578 579 583 4228.79365937
579 580 584 4231.7520845
580 581 585 4236.5220559
581 582 586 4253.28219042
582 583 587 4257.69781064
583 584 588 4257.72561709
584 585 589 4264.00270138
585 586 590 4265.42103593
586 587 591 4270.59891883
587 588 592 4270.8754578
588 589 593 4276.67137482
589 590 594 4288.42620782
590 591 595 4291.38521647
591 592 596 4295.39708069
592 593 597 4311.95413353
593 594 598 4312.58538268
594 595 599 4313.96673593
595 596 600 4315.99915472
596 597 601 4323.2360938
597 598 602 4324.88298666
598 599 603 4332.29104336
599 600 604 4333.17295426
600 601 605 4346.54257742
601 602 606 4347.12943347
602 603 607 4351.80386114
603 604 608 4356.05717782
604 605 609 4366.87636503
605 606 610 4372.84126558
606 607 611 4373.30093895
607 608 612 4377.03992048
608 609 613 4377.15613126
609 610 614 4377.16958083
610 611 615 4385.33750156
611 612 616 4390.87333858
612 613 617 4399.99732278
613 614 618 4400.07334469
614 615 619 4406.62171181
615 616 620 4411.59054209
616 617 621 4412.28240815
617 618 622 4432.09098902
618 619 623 4432.29454045
619 620 624 4450.29093267
620 621 625 4456.18785981
621 622 626 4464.44057777
622 623 627 4464.59619389
623 624 628 4478.04873895
624 625 629 4479.44924679
625 626 630 4481.87066655
626 627 631 4488.49891233
627 628 632 4492.84888139
628 629 633 4496.11536054
629 630 634 4497.34750703
630 631 635 4499.65227567
631 632 636 4524.56757998
632 633 637 4525.82195513
633 634 638 4532.0977723
634 635 639 4551.54874842
635 636 640 4552.37080757
636 637 641 4559.46150114
637 638 642 4561.68697672
638 639 643 4562.59128291
639 640 644 4562.8083863
640 641 645 4576.81878954
641 642 646 4581.27843671
642 643 647 4601.80122402
643 644 648 4605.22020506
644 645 649 4609.28082138
645 646 650 4622.95494644
646 647 651 4629.16825879
647 648 652 4630.71776817
648 649 653 4632.4079447
649 650 654 4634.90358145
650 651 655 4641.36955366
651 652 656 4643.44734801
652 653 657 4647.07870575
653 654 658 4649.0725126
654 655 659 4667.83935289
655 656 660 4667.89438947
656 657 661 4672.46093157
657 658 662 4679.99396335
658 659 663 4697.42773488
659 660 664 4699.33014897
660 661 665 4704.27938936
661 662 666 4711.42276989
662 663 667 4734.83797347
663 664 668 4746.70530369
664 665 669 4756.56954015
665 666 670 4760.22282297
666 667 671 4761.65106035
667 668 672 4768.22952992
668 669 673 4782.1714554
669 670 674 4783.29255262
670 671 675 4789.20755415
671 672 676 4793.67216198
672 673 677 4796.52219902
673 674 678 4798.45982409
674 675 679 4810.79322704
675 676 680 4826.7180187
676 677 681 4832.38564192
677 678 682 4832.55197992
678 679 683 4833.43244247
679 680 684 4841.03789409
680 681 685 4847.62082784
681 682 686 4848.0988575
682 683 687 4851.11495705
683 684 688 4852.14291899
684 685 689 4857.84623038
685 686 690 4860.66042905
686 687 691 4863.46001335
687 688 692 4865.19779639
688 689 693 4875.25298943
689 690 694 4884.72974351
690 691 695 4898.19027259
691 692 696 4912.19506844
692 693 697 4921.4147805
693 694 698 4922.09615289
694 695 699 4923.49614078
695 696 700 4925.37908105
696 697 701 4933.30937592
697 698 702 4935.31844553
698 699 703 4938.09298546
699 700 704 4948.35557167
700 701 705 4972.55912601
701 702 706 4976.70740702
702 703 707 4977.03086
703 704 708 4977.81306901
704 705 709 5000.80813245
705 706 710 5012.07912244
706 707 711 5018.43754109
707 708 712 5025.58000949
708 709 713 5026.92400182
709 710 714 5037.35513649
710 711 715 5039.08201382
711 712 716 5046.17121288
712 713 717 5072.87646912
713 714 718 5083.17951639
714 715 719 5095.74097952
715 716 720 5096.94245867
716 717 721 5097.93678531
717 718 722 5098.05778687
718 719 723 5109.14372084
719 720 724 5109.7428706
720 721 725 5118.48945113
721 722 726 5123.10968869
722 723 727 5128.2338556
723 724 728 5133.9882562
724 725 729 5146.41471587
725 726 730 5154.36003965
726 727 731 5164.77373537
727 728 732 5199.01604654
728 729 733 5205.71279242
729 730 734 5206.0318939
730 731 735 5214.22252841
731 732 736 5217.32467685
732 733 737 5231.23037921
733 734 738 5241.42070731
734 735 739 5247.22539219
735 736 740 5247.79195485
736 737 741 5258.39761145
737 738 742 5260.96199768
738 739 743 5273.20296961
739 740 744 5286.27352975
740 741 745 5296.51764774
741 742 746 5315.94308269
742 743 747 5321.98958289
743 744 748 5327.98457058
744 745 749 5354.82856614
745 746 750 5356.18936785
746 747 751 5358.10234402
747 748 752 5362.13562999
748 749 753 5365.50784978
749 750 754 5375.97462419
750 751 755 5376.12692116
751 752 756 5384.86922057
752 753 757 5390.78500157
753 754 758 5393.12806476
754 755 759 5407.50637993
755 756 760 5411.36570064
756 757 761 5413.22333742
757 758 762 5420.86306267
758 759 763 5422.23892568
759 760 764 5422.58700104
760 761 765 5435.59958051
761 762 766 5435.718863
762 763 767 5441.42332177
763 764 768 5447.10172203
764 765 769 5453.53831528
765 766 770 5454.46767446
766 767 771 5466.75231867
767 768 772 5470.48098955
768 769 773 5472.0021895
769 770 774 5481.34474187
770 771 775 5482.96856369
771 772 776 5485.64476436
772 773 777 5490.85625462
773 774 778 5504.37866092
774 775 779 5510.48864708
775 776 780 5524.43433143
776 777 781 5527.12447675
777 778 782 5552.53434383
778 779 783 5553.95084064
779 780 784 5564.9835852
780 781 785 5569.3341491
781 782 786 5570.54539207
782 783 787 5576.59730158
783 784 788 5577.24664813
784 785 789 5581.20571459
785 786 790 5594.05722955
786 787 791 5597.27037972
787 788 792 5604.96797235
788 789 793 5608.37930724
789 790 794 5626.54739172
790 791 795 5632.11605773
791 792 796 5640.18671815
792 793 797 5659.19187945
793 794 798 5666.9711313
794 795 799 5685.53649195
795 796 800 5697.77434396
796 797 801 5703.88571967
797 798 802 5706.04456507
798 799 803 5712.61313992
799 800 804 5718.26851542
800 801 805 5730.02404888
801 802 806 5737.27159648
802 803 807 5739.16943075
803 804 808 5752.87122421
804 805 809 5759.0504889
805 806 810 5761.76416627
806 807 811 5765.38495526
807 808 812 5777.11285402
808 809 813 5784.04528036
809 810 814 5797.32049822
810 811 815 5804.56270297
811 812 816 5812.65701231
812 813 817 5820.64235707
813 814 818 5823.68858489
814 815 819 5825.32047219
815 816 820 5826.79474476
816 817 821 5833.19466928
817 818 822 5845.35819156
818 819 823 5848.97944001
819 820 824 5853.59217665
820 821 825 5854.20691319
821 822 826 5858.11883675
822 823 827 5859.03409079
823 824 828 5859.08540656
824 825 829 5860.87408106
825 826 830 5876.2720078
826 827 831 5892.43878001
827 828 832 5909.57413065
828 829 833 5914.30692469
829 830 834 5914.50371607
830 831 835 5918.79984048
831 832 836 5923.94471686
832 833 837 5932.4230856
833 834 838 5936.24569995
834 835 839 5939.02934717
835 836 840 5952.8523713
836 837 841 5958.86561952
837 838 842 5966.44764181
838 839 843 5974.61384213
839 840 844 5976.87912958
840 841 845 5982.32835765
841 842 846 5982.5625177
842 843 847 5984.45702289
843 844 848 5990.23815557
844 845 849 5991.69440004
845 846 850 5993.84969079
846 847 851 5995.037627
847 848 852 6003.4191822
848 849 853 6007.10121462
849 850 854 6023.13528093
850 851 855 6034.42162531
851 852 856 6044.18529223
852 853 857 6044.96656353
853 854 858 6058.87139226
854 855 859 6063.60250452
855 856 860 6083.28813077
856 857 861 6095.70379512
857 858 862 6099.7464645
858 859 863 6101.93803396
859 860 864 6122.93034978
860 861 865 6128.56777445
861 862 866 6132.45850603
862 863 867 6136.24057778
863 864 868 6143.91654792
864 865 869 6145.2281438
865 866 870 6146.17847751
866 867 871 6151.8120567
867 868 872 6154.01950952
868 869 873 6161.05399159
869 870 874 6162.07684993
870 871 875 6168.01018783
871 872 876 6172.45774542
872 873 877 6175.37047617
873 874 878 6180.71581568
874 875 879 6186.61651323
875 876 880 6193.27113491
876 877 881 6193.4870179
877 878 882 6209.80193916
878 879 883 6221.9652412
879 880 884 6224.62457583
880 881 885 6225.54585343
881 882 886 6226.89606673
882 883 887 6232.27962239
883 884 888 6238.97974847
884 885 889 6240.20059733
885 886 890 6248.08351567
886 887 891 6257.21183227
887 888 892 6267.82133938
888 889 893 6270.22187215
889 890 894 6270.69158951
890 891 895 6288.98761649
891 892 896 6296.65372178
892 893 897 6299.06703022
893 894 898 6302.99616701
894 895 899 6304.3221789
895 896 900 6316.33555353
896 897 901 6319.99430886
897 898 902 6321.05632423
898 899 903 6328.28806743
899 900 904 6338.76291935
900 901 905 6340.85693028
901 902 906 6342.47871529
902 903 907 6345.05301645
903 904 908 6355.46892402
904 905 909 6356.68825539
905 906 910 6361.58851884
906 907 911 6370.77553321
907 908 912 6373.45737875
908 909 913 6373.68806792
909 910 914 6385.81942534
910 911 915 6387.7753814
911 912 916 6389.52279354
912 913 917 6392.94381667
913 914 918 6397.99124178
914 915 919 6402.15987232
915 916 920 6406.66218898
916 917 921 6417.13619439
917 918 922 6428.76401697
918 919 923 6437.09752652
919 920 924 6447.95462347
920 921 925 6452.00452822
921 922 926 6453.50705974
922 923 927 6456.73103718
923 924 928 6461.15013896
924 925 929 6466.08440889
925 926 930 6474.03764373
926 927 931 6486.63028237
927 928 932 6487.57205156
928 929 933 6503.98225509
929 930 934 6510.55447936
930 931 935 6510.57866451
931 932 936 6516.06826738
932 933 937 6527.03906902
933 934 938 6530.43877209
934 935 939 6533.66276105
935 936 940 6538.31726693
936 937 941 6543.80092527
937 938 942 6545.5574651
938 939 943 6545.74970113
939 940 944 6548.879449
940 941 945 6551.86484896
941 942 946 6570.05655736
942 943 947 6574.62101858
943 944 948 6574.85542373
944 945 949 6587.13443263
945 946 950 6588.3521631
946 947 951 6589.6062136
947 948 952 6607.68993442
948 949 953 6611.31507072
949 950 954 6612.61704556
950 951 955 6614.76634634
951 952 956 6616.82866678
952 953 957 6633.67703678
953 954 958 6638.38719279
954 955 959 6660.15189899
955 956 960 6662.73474059
956 957 961 6665.81522909
957 958 962 6672.33186126
958 959 963 6676.92712397
959 960 964 6677.19650599
960 961 965 6680.00500798
961 962 966 6699.88165368
962 963 967 6713.22808058
963 964 968 6714.39208036
964 965 969 6717.12403003
965 966 970 6736.76982022
966 967 971 6741.89861287
967 968 972 6766.65906531
968 969 973 6773.41409444
969 970 974 6779.98014994
970 971 975 6781.46360531
971 972 976 6782.08064606
972 973 977 6790.48463723
973 974 978 6795.1933762
974 975 979 6796.6975408
975 976 980 6803.83115974
976 977 981 6808.91924383
977 978 982 6811.65358697
978 979 983 6830.45385233
979 980 984 6831.07864163
980 981 985 6834.86401009
981 982 986 6838.10460581
982 983 987 6839.73137966
983 984 988 6840.73734686
984 985 989 6841.97888526
985 986 990 6856.15067728
986 987 991 6872.08168834
987 988 992 6872.20788174
988 989 993 6878.25657148
989 990 994 6889.69058677
990 991 995 6898.78015413
991 992 996 6910.85987192
992 993 997 6939.27993427
993 994 998 6941.54790897
994 995 999 6944.56745537
995 996 1000 6951.66125485
996 997 1001 6980.20028863
997 998 1002 6985.42285553
998 999 1003 6991.93006085
999 1000 1004 6997.26988736
1000 1001 1005 7000.21183296
1000 1002 1005 7015.25720425
