#data counter step time
0 1 0 0.0
1 2 1 0.0
2 3 12 9.33676850448
3 4 14 15.7455615124
4 5 16 19.0632965201
5 6 21 30.937515793
4 7 23 35.3367685045
3 8 24 35.7455615124
4 9 25 39.2080140976
5 10 27 39.3419726516
4 11 31 42.0632965201
5 12 33 47.3860387984
4 13 35 50.2080140976
3 14 36 50.937515793
2 15 37 53.3419726516
3 16 39 62.8212125411
4 17 41 64.9199808894
3 18 44 70.3860387984
2 19 46 75.9199808894
1 20 47 82.8212125411
2 21 48 84.0743943976
3 22 50 87.4242941291
2 23 54 95.0743943976
1 24 55 98.4242941291
2 25 56 102.01167341
3 26 60 113.63072411
2 27 61 116.01167341
3 28 63 125.484380453
2 29 65 130.63072411
3 30 67 143.234756139
2 31 69 145.484380453
3 32 71 152.39593282
2 33 73 157.234756139
3 34 75 165.022401655
4 35 77 165.396279362
5 36 79 166.784149328
4 37 82 169.39593282
5 38 83 172.236331785
6 39 85 174.816225091
5 40 88 176.022401655
6 41 90 177.574630636
7 42 92 177.586171981
6 43 94 186.236331785
5 44 96 186.784149328
4 45 99 188.396279362
5 46 101 195.088055144
4 47 103 197.574630636
3 48 104 200.236331785
2 49 105 203.816225091
3 50 107 207.677177816
2 51 110 212.088055144
3 52 111 217.953556415
2 53 113 218.677177816
3 54 114 221.888119985
4 55 118 231.163856112
5 56 120 235.093661567
6 57 122 235.894233878
5 58 124 237.953556415
4 59 125 238.888119985
3 60 129 249.093661567
2 61 130 249.894233878
1 62 131 251.163856112
2 63 132 251.334094707
3 64 134 255.253703604
4 65 138 269.13062972
3 66 140 269.253703604
2 67 141 274.334094707
3 68 143 277.264588427
4 69 145 279.885405913
3 70 148 286.13062972
2 71 150 287.885405913
1 72 151 291.264588427
2 73 152 304.495224837
3 74 154 305.547930349
4 75 157 313.977551485
3 76 161 324.495224837
2 77 162 324.977551485
3 78 163 325.121251507
2 79 165 328.547930349
3 80 166 332.500146354
4 81 170 345.580479421
5 82 172 347.649925729
6 83 174 348.003851526
5 84 176 348.121251507
4 85 177 349.500146354
5 86 179 358.254001335
4 87 182 359.003851526
5 88 183 359.946252326
6 89 186 362.872829888
7 90 188 362.974290449
6 91 190 364.649925729
5 92 192 367.946252326
6 93 194 369.066095303
5 94 196 371.580479421
6 95 198 374.090777353
5 96 202 377.066095303
4 97 203 378.254001335
3 98 204 378.649925729
4 99 205 379.569907962
5 100 208 381.224709227
6 101 210 382.512715748
7 102 212 385.857811399
6 103 215 388.872829888
5 104 217 391.090777353
6 105 218 391.583980195
5 106 220 395.224709227
4 107 222 399.512715748
5 108 223 401.667560153
4 109 226 402.569907962
5 110 228 407.804589099
6 111 230 408.316043856
7 112 233 410.166029677
8 113 234 411.074374447
7 114 236 414.583980195
6 115 238 414.872829888
5 116 242 418.667560153
4 117 244 422.583980195
5 118 245 425.331989047
4 119 248 430.331989047
3 120 249 430.804589099
2 121 250 431.872829888
3 122 251 433.565242823
2 123 253 434.316043856
3 124 255 443.007695444
2 125 257 450.565242823
3 126 259 458.297048283
2 127 261 460.007695444
3 128 262 461.00034575
4 129 264 461.257895792
5 130 268 472.25576
4 131 271 475.297048283
5 132 274 477.970222055
6 133 275 480.112480073
7 134 277 483.992656215
6 135 278 484.00034575
5 136 280 484.257895792
4 137 282 486.25576
5 138 283 490.214965295
6 139 285 491.136092872
5 140 289 498.00034575
4 141 291 503.112480073
5 142 292 504.05220274
6 143 295 504.514137902
5 144 298 506.970222055
6 145 299 513.146332868
5 146 301 513.214965295
6 147 302 513.538485309
5 148 304 514.136092872
4 149 306 515.05220274
5 150 307 517.949174422
4 151 309 518.514137902
5 152 312 524.128354831
6 153 314 526.046629581
5 154 316 527.538485309
6 155 318 529.914374619
7 156 320 530.724803641
6 157 324 534.949174422
5 158 325 536.146332868
6 159 327 542.400651448
5 160 329 543.046629581
4 161 330 543.914374619
3 162 331 547.128354831
4 163 334 556.411426061
3 164 336 562.400651448
4 165 337 562.569684224
3 166 339 563.949174422
4 167 340 565.435037606
5 168 342 568.133756747
6 169 345 571.158993685
5 170 348 573.411426061
4 171 352 579.133756747
3 172 353 579.158993685
4 173 354 580.31668229
3 174 356 582.569684224
2 175 357 585.435037606
3 176 359 586.767788666
4 177 361 587.073483738
3 178 364 592.073483738
4 179 366 593.339237469
5 180 368 593.640179744
6 181 371 595.243064613
7 182 372 595.573987562
6 183 374 597.31668229
5 184 379 606.767788666
4 185 381 607.339237469
3 186 382 607.640179744
2 187 383 611.31668229
3 188 384 616.43823251
4 189 387 620.248879454
5 190 389 623.204642892
6 191 392 624.826400588
7 192 393 626.891259004
6 193 396 629.767788666
5 194 398 630.43823251
4 195 399 631.248879454
5 196 401 632.996543562
6 197 403 633.971356691
7 198 407 643.470516309
6 199 409 643.767788666
5 200 411 646.204642892
6 201 412 648.171212606
7 202 413 649.703375605
6 203 414 650.43823251
7 204 416 656.720996151
8 205 418 659.308763833
9 206 421 669.146517891
8 207 423 669.204642892
9 208 424 670.240159772
8 209 426 670.43823251
9 210 427 671.790592624
10 211 428 672.212790446
9 212 430 672.767788666
10 213 431 675.718919191
9 214 436 683.767788666
8 215 438 684.43823251
7 216 440 686.204642892
8 217 441 688.023215259
9 218 443 690.367851682
10 219 446 697.686308714
11 220 447 699.444847075
10 221 449 700.204642892
9 222 451 706.767788666
8 223 453 707.43823251
9 224 456 713.927653657
8 225 458 717.767788666
9 226 461 726.840094441
8 227 462 729.204642892
7 228 464 731.767788666
6 229 468 733.43823251
7 230 469 735.547206457
6 231 471 740.204642892
7 232 473 741.413348319
8 233 474 747.675905466
7 234 477 753.43823251
6 235 480 757.767788666
7 236 482 762.824376296
6 237 485 769.204642892
5 238 487 774.767788666
4 239 488 776.43823251
5 240 490 776.725362001
6 241 491 779.078125346
7 242 492 779.232061182
6 243 496 786.204642892
7 244 497 788.439929243
8 245 500 794.350053316
8 246 500 794.350053316
