#data counter step time
0 1 0 0.0
1 2 1 0.0
2 3 12 11.2426910841
3 4 14 14.4911764444
4 5 17 18.0263559616
3 6 23 28.4911764444
2 7 24 31.2426910841
1 8 25 31.2426910841
2 9 26 35.7877027914
3 10 30 43.6210777926
4 11 32 45.8368921152
3 12 36 52.7877027914
4 13 38 54.5591418627
3 14 39 57.6210777926
2 15 43 65.8368921152
1 16 44 71.8368921152
2 17 45 71.9156543577
3 18 49 82.6662593076
4 19 51 84.0782908399
3 20 53 85.9156543577
4 21 56 93.0430663973
5 22 60 97.2326259326
4 23 62 98.0430663973
3 24 63 99.6662593076
4 25 66 103.823844447
3 26 70 110.07829084
4 27 73 116.281514933
3 28 75 117.232625933
2 29 76 117.823844447
1 30 79 130.281514933
2 31 80 133.10862667
3 32 82 134.475504008
4 33 86 142.154431309
5 34 91 147.303478487
6 35 95 152.971315711
5 36 97 153.10862667
6 37 98 154.942824668
5 38 102 157.475504008
6 39 103 157.651585108
7 40 106 159.047704388
6 41 107 159.154431309
7 42 108 162.12443677
6 43 110 163.971315711
5 44 116 165.651585108
4 45 117 168.154431309
5 46 118 169.568674807
6 47 120 170.149241478
7 48 122 170.434266512
6 49 124 171.651585108
5 50 127 174.942824668
4 51 128 179.12443677
3 52 135 183.568674807
2 53 136 190.149241478
1 54 137 190.434266512
2 55 138 203.351844217
3 56 140 207.612708828
4 57 144 219.52469131
3 58 146 220.351844217
4 59 151 229.159917851
5 60 153 232.110415841
4 61 155 233.612708828
3 62 156 236.52469131
4 63 159 240.515937196
5 64 163 246.649586036
4 65 167 249.159917851
3 66 168 252.110415841
4 67 171 254.282925905
5 68 173 254.709789201
6 69 175 258.046505234
5 70 177 260.649586036
4 71 182 263.515937196
3 72 185 266.046505234
4 73 186 269.09531773
5 74 189 270.88945899
6 75 190 274.26327538
5 76 192 274.282925905
6 77 193 275.852757404
5 78 198 277.09531773
4 79 199 277.709789201
5 80 200 281.265263013
6 81 202 281.811193733
7 82 205 282.999705309
6 83 209 286.09531773
5 84 216 295.852757404
4 85 217 298.265263013
3 86 218 298.852757404
4 87 219 300.136444493
3 88 221 300.26327538
2 89 224 307.811193733
3 90 225 310.174879565
2 91 227 311.136444493
3 92 228 313.298699102
4 93 231 313.531107693
5 94 232 313.551973894
6 95 234 315.583863471
7 96 243 323.223067601
6 97 247 324.174879565
5 98 248 324.298699102
4 99 249 330.174879565
5 100 252 333.001764939
4 101 256 336.551973894
3 102 257 338.583863471
2 103 258 340.223067601
1 104 259 344.001764939
2 105 260 347.231917324
3 106 264 351.711355518
2 107 268 355.231917324
3 108 269 355.494029194
4 109 271 360.705113516
3 110 273 362.711355518
4 111 274 364.119848618
5 112 276 364.523778795
6 113 280 367.134584502
5 114 290 377.705113516
4 115 291 378.494029194
3 116 292 381.119848618
2 117 293 384.134584502
1 118 294 387.523778795
2 119 295 392.618401555
3 120 297 395.490356663
4 121 299 396.378590492
5 122 303 406.008213409
6 123 306 406.130064659
5 124 310 406.618401555
4 125 315 413.378590492
3 126 316 418.490356663
2 127 317 419.378590492
1 128 318 420.008213409
2 129 319 421.694157017
3 130 321 423.726024432
4 131 327 430.556013837
3 132 331 434.726024432
2 133 332 438.694157017
3 134 333 443.354407342
2 135 335 444.556013837
3 136 336 452.139883328
2 137 340 460.354407342
3 138 343 465.687744095
2 139 345 466.139883328
3 140 346 466.154112014
4 141 350 466.857348363
3 142 352 473.687744095
4 143 355 473.89669783
5 144 357 477.466753971
6 145 361 481.036878302
5 146 365 483.857348363
6 147 370 485.863930034
5 148 372 488.466753971
4 149 375 492.154112014
3 150 376 495.036878302
2 151 377 496.89669783
3 152 378 500.081749876
2 153 380 502.863930034
3 154 381 510.389441914
4 155 385 513.267252135
5 156 389 521.056132848
4 157 393 524.389441914
5 158 394 525.643441511
4 159 396 526.081749876
3 160 399 533.267252135
2 161 400 538.056132848
1 162 403 548.643441511
2 163 404 553.383345386
3 164 406 557.520106412
4 165 411 561.83683558
3 166 412 564.383345386
4 167 416 570.257302191
5 168 418 572.459050917
4 169 420 574.520106412
3 170 421 574.520106412
4 171 422 575.379437724
3 172 430 589.379437724
2 173 431 589.459050917
1 174 432 596.257302191
2 175 433 600.585107833
3 176 435 604.811007827
4 177 439 606.953171511
5 178 441 609.040950047
4 179 445 612.811007827
3 180 448 617.585107833
2 181 449 617.953171511
3 182 450 618.947204586
4 183 452 623.925986282
3 184 460 631.925986282
2 185 461 635.040950047
1 186 464 638.947204586
2 187 465 650.24854452
3 188 467 654.044834741
2 189 473 662.044834741
1 190 474 667.24854452
2 191 475 673.195560873
1 192 479 684.195560873
2 193 480 686.513108895
3 194 482 688.488665059
2 195 488 699.488665059
3 196 489 703.571113962
4 197 491 708.538996827
3 198 493 709.513108895
2 199 496 717.571113962
1 200 499 725.538996827
2 201 500 731.184143786
3 202 502 739.065019767
4 203 504 740.265290391
5 204 510 746.467799059
4 205 512 750.065019767
5 206 515 750.806855146
4 207 517 751.184143786
5 208 519 751.309842241
4 209 520 754.265290391
5 210 524 756.641660048
4 211 525 758.806855146
5 212 528 758.991109801
6 213 531 760.244052987
5 214 539 765.265290391
6 215 540 766.887045465
7 216 541 768.531408609
6 217 544 769.467799059
5 218 548 771.265290391
4 219 549 772.806855146
3 220 551 774.467799059
4 221 553 776.714694582
3 222 557 788.265290391
2 223 559 789.806855146
3 224 561 795.442004554
2 225 564 798.806855146
1 226 567 812.442004554
2 227 568 818.191441325
3 228 570 823.263537662
4 229 573 828.550804637
5 230 574 836.636169536
4 231 575 838.191441325
3 232 583 852.191441325
4 233 588 866.53079164
5 234 589 866.784163492
4 235 591 869.191441325
3 236 592 873.040950047
4 237 594 875.250810218
5 238 595 876.198467762
6 239 598 885.27709956
5 240 602 892.191441325
6 241 603 894.982778358
7 242 604 895.604042539
6 243 606 896.040950047
7 244 608 898.743088481
6 245 615 903.191441325
5 246 617 913.040950047
4 247 622 918.191441325
3 248 623 921.040950047
4 249 625 922.034448714
3 250 627 923.191441325
4 251 629 924.541587681
5 252 632 928.956424604
4 253 634 935.040950047
3 254 640 940.191441325
2 255 641 949.191441325
1 256 643 952.040950047
2 257 644 958.339202692
3 258 646 965.16007344
4 259 647 971.184050286
5 260 650 977.992993209
4 261 652 978.339202692
5 262 658 987.924774597
6 263 659 988.589320855
7 264 660 988.681198822
6 265 664 995.339202692
7 266 665 1004.34638944
6 267 667 1008.18414379
5 268 673 1015.33920269
4 269 677 1019.18414379
5 270 680 1021.54069104
4 271 681 1029.33920269
3 272 685 1036.18414379
4 273 686 1038.17548943
5 274 692 1042.4425953
6 275 693 1043.2692512
5 276 697 1046.33920269
4 277 701 1052.17548943
3 278 702 1053.26529039
4 279 704 1055.93492908
3 280 708 1060.17548943
2 281 709 1060.33920269
1 282 711 1069.17548943
2 283 712 1076.10449772
1 284 716 1084.10449772
2 285 717 1089.89372048
1 286 721 1094.89372048
2 287 722 1100.41743702
3 288 726 1112.91874678
2 289 728 1114.41743702
3 290 731 1129.50228275
2 291 733 1132.91874678
3 292 736 1137.37790382
4 293 738 1138.05899299
5 294 742 1143.36158801
6 295 744 1144.42192067
7 296 745 1144.81807532
6 297 747 1148.37790382
5 298 749 1149.50228275
4 299 758 1162.37790382
5 300 759 1164.66043924
6 301 761 1168.37516481
7 302 762 1169.31253129
6 303 764 1169.50228275
5 304 765 1170.05899299
6 305 767 1171.84235326
5 306 768 1172.36158801
6 307 775 1177.26440081
5 308 776 1178.66043924
4 309 780 1184.05899299
5 310 783 1186.33766828
6 311 785 1188.65809971
5 312 787 1192.36158801
4 313 790 1195.50228275
3 314 793 1198.36158801
4 315 794 1199.35237474
3 316 796 1200.33766828
2 317 797 1205.65809971
3 318 799 1206.81161062
4 319 803 1210.87213374
3 320 805 1213.35237474
4 321 808 1219.96401188
3 322 812 1221.87213374
2 323 813 1222.35237474
3 324 814 1222.62408462
4 325 816 1225.75549784
3 326 820 1236.96401188
2 327 823 1248.75549784
3 328 824 1251.24026278
2 329 826 1254.62408462
3 330 827 1254.6808228
2 331 833 1265.24026278
3 332 834 1269.97951419
2 333 838 1274.6808228
3 334 840 1278.54830564
2 335 842 1280.97951419
1 336 845 1292.54830564
2 337 846 1316.86305655
3 338 848 1327.70525591
4 339 850 1328.07156663
5 340 852 1329.7821995
6 341 856 1330.66777727
5 342 866 1339.07156663
4 343 867 1342.86305655
3 344 868 1343.7821995
2 345 869 1344.70525591
1 346 870 1347.66777727
2 347 871 1348.0927381
3 348 875 1354.365706
4 349 879 1355.40204522
5 350 883 1361.33196513
4 351 885 1362.0927381
3 352 886 1365.365706
2 353 887 1366.40204522
3 354 890 1381.09094198
2 355 892 1384.33196513
3 356 893 1386.2270069
4 357 897 1390.2969642
3 358 899 1392.09094198
4 359 901 1397.20144879
3 360 907 1406.2270069
2 361 908 1407.2969642
1 362 910 1409.2270069
2 363 911 1412.89144445
1 364 916 1420.89144445
2 365 917 1429.60001375
3 366 921 1441.87697159
4 367 923 1444.69078755
3 368 929 1452.60001375
4 369 930 1453.00221777
3 370 932 1455.87697159
2 371 933 1458.69078755
3 372 936 1464.09008086
4 373 938 1464.16076953
3 374 940 1467.00221777
4 375 941 1467.48251374
3 376 949 1478.16076953
2 377 950 1487.09008086
1 378 951 1487.48251374
2 379 952 1488.66101154
3 380 954 1495.53899894
4 381 958 1496.54596067
5 382 960 1499.09037188
4 383 964 1502.66101154
5 384 965 1505.49330104
4 385 969 1509.53899894
5 386 972 1514.42548132
4 387 976 1516.09037188
3 388 977 1516.54596067
2 389 978 1522.49330104
1 390 981 1534.42548132
2 391 982 1536.0586258
3 392 984 1539.23079929
4 393 988 1552.21672166
3 394 992 1553.0586258
4 395 993 1555.75206987
3 396 995 1556.23079929
4 397 996 1557.07415269
5 398 1002 1566.22476589
6 399 1004 1566.86674694
5 400 1005 1569.75206987
4 401 1009 1574.07415269
5 402 1011 1574.2376622
4 403 1013 1575.21672166
5 404 1014 1575.73182564
6 405 1019 1581.82203316
5 406 1023 1586.22476589
4 407 1026 1586.75206987
3 408 1029 1595.21672166
4 409 1032 1598.20412272
3 410 1034 1600.22476589
4 411 1035 1603.15116436
5 412 1037 1603.28822691
6 413 1038 1605.96622276
5 414 1040 1606.75206987
6 415 1046 1611.47439013
7 416 1047 1613.87487235
6 417 1048 1615.20412272
5 418 1053 1617.15116436
4 419 1060 1626.20412272
3 420 1061 1626.75206987
2 421 1064 1631.15116436
1 422 1065 1632.75206987
2 423 1066 1639.78667593
3 424 1068 1644.88040833
2 425 1074 1662.78667593
3 426 1075 1666.87152354
4 427 1077 1666.91869736
3 428 1081 1670.88040833
2 429 1082 1680.87152354
3 430 1085 1683.86336405
2 431 1089 1691.86336405
1 432 1090 1695.91869736
2 433 1091 1699.6126159
3 434 1093 1700.68069503
4 435 1099 1707.44430483
3 436 1101 1711.68069503
4 437 1102 1711.74088078
5 438 1104 1712.69343277
4 439 1106 1713.6126159
5 440 1107 1716.07761649
4 441 1111 1725.74088078
5 442 1116 1732.73979202
4 443 1120 1733.6126159
5 444 1122 1734.18790849
4 445 1123 1736.74088078
3 446 1124 1739.44430483
2 447 1129 1741.6126159
3 448 1130 1747.31382686
4 449 1132 1751.23021441
5 450 1134 1754.33757114
6 451 1136 1755.00104601
5 452 1139 1756.6126159
6 453 1140 1760.8074693
5 454 1142 1762.23021441
4 455 1148 1773.31382686
5 456 1149 1777.28053703
6 457 1150 1778.60354156
5 458 1152 1779.23021441
6 459 1155 1785.50023472
5 460 1157 1787.31382686
4 461 1163 1792.31382686
3 462 1168 1799.23021441
4 463 1171 1802.92325754
3 464 1173 1803.07415269
4 465 1174 1804.82437183
5 466 1176 1805.2921425
6 467 1180 1808.51132653
7 468 1181 1808.84569114
8 469 1185 1810.10095956
7 470 1186 1812.31382686
6 471 1190 1812.82437183
5 472 1191 1813.92325754
6 473 1192 1814.30606043
7 474 1195 1818.47145469
8 475 1196 1819.40924527
7 476 1198 1819.92325754
8 477 1201 1821.24294127
9 478 1202 1821.83978825
8 479 1204 1824.92325754
9 480 1208 1825.79244302
8 481 1210 1829.82437183
7 482 1213 1835.31382686
6 483 1215 1835.92325754
5 484 1218 1838.31382686
6 485 1224 1844.78497455
5 486 1225 1846.92325754
4 487 1233 1854.75206987
3 488 1234 1855.82437183
4 489 1235 1856.56883047
3 490 1237 1858.31382686
2 491 1238 1863.92325754
1 492 1241 1873.56883047
2 493 1242 1873.92815792
3 494 1244 1876.59513487
4 495 1246 1876.67195963
5 496 1250 1883.06395871
6 497 1252 1884.42532475
7 498 1255 1887.88970268
6 499 1256 1890.92815792
7 500 1262 1893.80990038
6 501 1264 1894.06395871
5 502 1268 1904.92815792
4 503 1269 1905.67195963
5 504 1272 1907.77230776
4 505 1274 1908.59513487
5 506 1275 1913.23343129
6 507 1281 1915.18892304
5 508 1282 1917.06395871
6 509 1287 1918.17592103
5 510 1288 1918.92815792
4 511 1293 1921.77230776
5 512 1294 1922.83159382
6 513 1296 1922.96743835
5 514 1298 1924.23343129
6 515 1299 1925.70754107
5 516 1300 1928.06395871
6 517 1305 1930.93857173
7 518 1308 1933.85404492
8 519 1309 1933.87265306
7 520 1310 1934.06395871
6 521 1315 1939.83159382
7 522 1316 1940.24867107
6 523 1321 1944.23343129
5 524 1323 1945.06395871
4 525 1324 1947.83159382
5 526 1325 1948.87078182
6 527 1327 1949.40777316
5 528 1328 1950.83159382
6 529 1332 1953.77603752
7 530 1338 1956.45786802
8 531 1339 1956.5155077
7 532 1341 1964.23343129
6 533 1342 1965.06395871
5 534 1344 1965.87078182
4 535 1346 1968.06395871
3 536 1349 1978.23343129
4 537 1353 1979.87601494
3 538 1357 1985.87078182
4 539 1358 1986.87148069
3 540 1362 1994.06395871
2 541 1363 1996.87601494
3 542 1364 1997.31650051
4 543 1370 2002.84282403
5 544 1372 2005.14733029
6 545 1375 2009.91473354
5 546 1376 2011.31650051
4 547 1382 2015.87148069
3 548 1383 2016.14733029
4 549 1384 2019.37313925
5 550 1386 2026.66376778
4 551 1388 2028.14733029
3 552 1390 2028.84282403
4 553 1393 2036.38458729
5 554 1395 2036.3846221
6 555 1398 2036.99673453
5 556 1400 2039.37313925
6 557 1402 2040.82866022
5 558 1406 2043.66376778
6 559 1407 2045.92984741
5 560 1412 2050.37313925
4 561 1415 2053.38458729
5 562 1416 2054.01596235
4 563 1422 2057.66376778
3 564 1423 2058.37313925
4 565 1424 2059.385356
3 566 1428 2064.38458729
4 567 1430 2067.64874837
3 568 1434 2074.66376778
2 569 1435 2079.385356
3 570 1436 2079.51056052
4 571 1439 2083.10021816
5 572 1440 2084.85748636
4 573 1442 2088.385356
5 574 1443 2088.67024042
6 575 1445 2091.5480027
5 576 1449 2096.51056052
6 577 1450 2097.84042424
7 578 1453 2099.76254725
6 579 1458 2102.51056052
5 580 1459 2104.85748636
6 581 1462 2107.53350489
7 582 1464 2111.16011967
6 583 1465 2111.67024042
5 584 1473 2113.51056052
6 585 1474 2113.89710313
7 586 1476 2116.70677671
6 587 1478 2119.51056052
5 588 1479 2121.85748636
4 589 1482 2124.85748636
3 590 1483 2128.51056052
4 591 1486 2130.96666029
3 592 1488 2133.70677671
4 593 1489 2134.22374952
3 594 1491 2139.89710313
4 595 1496 2142.11407957
3 596 1498 2145.22374952
4 597 1500 2146.41255117
5 598 1505 2153.19056209
4 599 1507 2156.96666029
3 600 1509 2159.11407957
4 601 1510 2159.73408524
3 602 1518 2167.73408524
2 603 1519 2173.96666029
1 604 1520 2176.92815792
2 605 1521 2179.74349381
1 606 1525 2190.74349381
2 607 1526 2191.93155277
3 608 1528 2195.55174915
2 609 1534 2214.93155277
3 610 1535 2217.17225077
4 611 1537 2218.02830349
3 612 1539 2218.55174915
2 613 1542 2228.17225077
3 614 1543 2232.74585855
4 615 1549 2237.156499
3 616 1551 2240.74585855
4 617 1552 2242.3473809
5 618 1554 2242.91573589
4 619 1560 2247.02830349
3 620 1562 2251.156499
2 621 1563 2253.3473809
3 622 1566 2260.32409988
4 623 1568 2265.16004699
3 624 1570 2267.02830349
4 625 1573 2273.92029413
3 626 1577 2277.32409988
2 627 1579 2279.16004699
3 628 1581 2284.09629102
4 629 1585 2292.52690106
5 630 1589 2297.38033302
6 631 1590 2297.46849981
5 632 1594 2299.92029413
6 633 1595 2305.95468865
5 634 1600 2307.09629102
4 635 1604 2309.52690106
3 636 1605 2310.92029413
2 637 1606 2312.09629102
1 638 1607 2318.09629102
2 639 1608 2328.57225726
3 640 1610 2331.26539437
2 641 1616 2339.57225726
1 642 1617 2342.26539437
2 643 1619 2381.32593142
3 644 1621 2385.18319522
4 645 1624 2387.9795445
3 646 1627 2398.32593142
4 647 1632 2402.39573159
5 648 1633 2407.27040331
4 649 1637 2411.18319522
3 650 1638 2411.18319522
4 651 1641 2417.81429754
3 652 1643 2419.39573159
4 653 1644 2420.72521581
3 654 1648 2424.27040331
2 655 1649 2425.81429754
3 656 1650 2426.95953058
4 657 1652 2427.06584087
5 658 1656 2432.80780192
4 659 1664 2437.80780192
5 660 1665 2439.14381444
4 661 1667 2440.72521581
3 662 1668 2441.06584087
2 663 1669 2443.95953058
1 664 1672 2450.14381444
2 665 1673 2452.35085604
1 666 1677 2463.35085604
2 667 1678 2473.93563012
3 668 1680 2479.3503802
4 669 1687 2485.2902627
5 670 1689 2487.24936672
6 671 1691 2488.14848452
5 672 1693 2490.3503802
4 673 1694 2493.93563012
5 674 1697 2495.29110127
6 675 1699 2497.77623857
7 676 1705 2501.87267383
6 677 1708 2504.24936672
5 678 1712 2508.14848452
6 679 1713 2511.24570461
7 680 1715 2512.19025739
6 681 1719 2514.2902627
5 682 1724 2518.29110127
4 683 1725 2520.77623857
3 684 1726 2524.24936672
2 685 1727 2528.24570461
1 686 1728 2528.2902627
2 687 1729 2538.20331131
3 688 1733 2549.11840632
4 689 1735 2549.88506438
5 690 1737 2551.51698243
4 691 1739 2552.20331131
5 692 1743 2553.51605503
4 693 1747 2557.88506438
3 694 1749 2560.11840632
4 695 1754 2562.66322762
3 696 1758 2570.51605503
2 697 1759 2571.51698243
1 698 1760 2573.66322762
2 699 1761 2577.35218496
3 700 1764 2581.86101026
4 701 1765 2582.75233302
5 702 1769 2588.06347956
4 703 1773 2595.86101026
3 704 1774 2597.35218496
4 705 1779 2601.32915416
5 706 1781 2604.29444124
4 707 1783 2605.75233302
5 708 1786 2609.9859909
4 709 1790 2612.32915416
3 710 1791 2617.06347956
4 711 1792 2618.93254013
3 712 1794 2621.29444124
4 713 1795 2622.976028
5 714 1801 2626.42007429
6 715 1805 2627.3516027
5 716 1806 2629.93254013
4 717 1808 2632.9859909
5 718 1809 2633.10240646
6 719 1812 2633.23828014
7 720 1816 2636.74328172
6 721 1821 2636.976028
7 722 1822 2637.95146451
8 723 1824 2639.33333661
9 724 1825 2641.92399472
8 725 1828 2643.42007429
7 726 1830 2643.93254013
6 727 1834 2648.95146451
7 728 1835 2649.90748445
6 729 1836 2649.93254013
5 730 1837 2649.93254013
4 731 1839 2653.10240646
3 732 1846 2668.95146451
4 733 1847 2670.26609561
3 734 1849 2672.42007429
2 735 1852 2678.93254013
3 736 1853 2686.52069026
2 737 1855 2690.26609561
3 738 1856 2691.4671531
4 739 1858 2694.11392917
3 740 1866 2708.4671531
2 741 1867 2711.11392917
3 742 1868 2711.56835405
4 743 1870 2712.13737626
3 744 1872 2712.52069026
4 745 1873 2716.30473026
5 746 1879 2726.15985458
6 747 1881 2727.43314134
5 748 1887 2731.56835405
4 749 1888 2732.13737626
3 750 1891 2737.15985458
2 751 1892 2739.56835405
1 752 1894 2742.30473026
2 753 1895 2742.38799814
3 754 1898 2747.07900291
4 755 1900 2748.10770385
5 756 1903 2749.30105526
6 757 1904 2749.90474562
7 758 1905 2750.92474222
8 759 1909 2754.61921183
7 760 1915 2762.10770385
6 761 1917 2762.38799814
5 762 1920 2764.07900291
4 763 1922 2764.07900291
5 764 1924 2770.05084295
4 765 1926 2770.38799814
5 766 1932 2773.26525236
4 767 1934 2778.07900291
3 768 1935 2779.10770385
4 769 1937 2780.0785745
3 770 1939 2781.07900291
4 771 1941 2789.30495961
5 772 1944 2791.91286211
6 773 1945 2792.21580269
7 774 1946 2792.24695035
6 775 1952 2796.26525236
5 776 1955 2800.0785745
4 777 1957 2805.26525236
3 778 1959 2809.30495961
4 779 1964 2812.70639597
3 780 1966 2819.26525236
2 781 1967 2820.0785745
3 782 1970 2831.27321064
4 783 1972 2831.74031329
3 784 1974 2832.70639597
4 785 1977 2843.18103452
3 786 1981 2845.74031329
4 787 1984 2853.76353229
5 788 1986 2856.82185584
4 789 1987 2857.27321064
5 790 1991 2860.89961969
4 791 1992 2861.76353229
5 792 1994 2863.33158658
6 793 1995 2863.65084806
7 794 1996 2864.26945846
6 795 2000 2866.18103452
7 796 2001 2866.71084043
8 797 2003 2870.88345757
7 798 2008 2877.27321064
6 799 2010 2878.76353229
5 800 2011 2878.76353229
6 801 2016 2883.85118943
5 802 2017 2886.76353229
4 803 2021 2892.18103452
5 804 2023 2895.7986139
4 805 2027 2897.27321064
5 806 2028 2905.01688282
6 807 2031 2906.3650935
5 808 2033 2906.76353229
6 809 2036 2910.30922037
7 810 2039 2910.82981582
8 811 2040 2915.09703606
7 812 2042 2915.18103452
8 813 2043 2917.18568279
7 814 2044 2917.27321064
6 815 2047 2917.76353229
7 816 2051 2920.24632366
8 817 2052 2921.24068751
9 818 2054 2921.93441063
10 819 2056 2923.014108
9 820 2065 2925.76353229
10 821 2066 2927.19063157
11 822 2067 2927.97862711
10 823 2068 2928.27321064
9 824 2072 2929.18103452
8 825 2075 2932.18103452
7 826 2076 2934.27321064
6 827 2077 2935.18103452
5 828 2084 2940.18103452
6 829 2085 2942.08380968
5 830 2086 2945.76353229
6 831 2091 2949.1940128
7 832 2095 2951.05089815
6 833 2096 2951.27321064
7 834 2097 2952.99315587
6 835 2098 2954.18103452
5 836 2101 2954.27321064
6 837 2104 2958.20855144
5 838 2108 2959.76353229
6 839 2110 2961.26519065
5 840 2113 2968.18103452
4 841 2115 2969.1940128
3 842 2116 2971.27321064
4 843 2117 2971.37422948
3 844 2122 2976.76353229
4 845 2125 2980.70712091
5 846 2129 2982.2125262
6 847 2131 2983.23372322
7 848 2132 2983.29890742
6 849 2133 2985.76353229
5 850 2137 2991.37422948
4 851 2138 2991.70712091
5 852 2141 2991.88041714
4 853 2146 3002.37422948
5 854 2150 3005.46347424
4 855 2152 3008.70712091
5 856 2155 3014.10278737
4 857 2159 3019.46347424
3 858 2160 3020.10770385
2 859 2161 3020.70712091
1 860 2164 3031.10278737
2 861 2165 3039.49162419
1 862 2169 3053.49162419
2 863 2170 3093.24723171
3 864 2172 3097.77595225
4 865 2174 3103.11646106
5 866 2178 3104.02422146
6 867 2181 3110.17752293
5 868 2186 3113.24723171
6 869 2187 3113.45360358
5 870 2188 3114.77595225
4 871 2195 3123.11646106
3 872 2196 3124.24723171
2 873 2197 3128.77595225
1 874 2198 3130.24723171
2 875 2199 3133.41770062
3 876 2201 3133.9934353
4 877 2207 3151.1420016
5 878 2209 3151.65128283
6 879 2210 3153.05383362
5 880 2212 3153.9934353
6 881 2213 3157.1913919
5 882 2214 3159.41770062
6 883 2218 3162.59406101
7 884 2219 3163.07707704
8 885 2220 3163.11160331
9 886 2223 3166.38652265
10 887 2224 3167.57481036
9 888 2226 3167.9934353
8 889 2230 3171.1420016
9 890 2231 3171.60747319
10 891 2232 3176.79940357
11 892 2235 3179.1246229
12 893 2238 3181.41002604
11 894 2241 3181.9934353
10 895 2246 3182.41770062
11 896 2250 3185.88274139
10 897 2256 3192.9934353
9 898 2258 3192.9934353
8 899 2260 3193.41770062
7 900 2262 3194.1420016
8 901 2264 3196.18555783
7 902 2265 3199.41770062
6 903 2268 3202.41770062
7 904 2271 3204.76741142
6 905 2272 3205.41770062
7 906 2274 3205.53275727
8 907 2279 3207.73478478
7 908 2281 3209.9934353
6 909 2282 3213.41770062
5 910 2284 3214.1420016
4 911 2286 3216.41770062
3 912 2288 3219.41770062
4 913 2289 3220.75401315
5 914 2290 3224.2671763
6 915 2295 3226.57469239
5 916 2299 3229.9934353
4 917 2301 3230.41770062
5 918 2309 3239.78066284
4 919 2311 3241.41770062
3 920 2312 3243.18103452
2 921 2313 3243.9934353
3 922 2314 3245.68629604
4 923 2320 3255.23709384
3 924 2322 3256.68629604
2 925 2323 3256.78066284
3 926 2324 3264.89411134
4 927 2328 3267.389698
5 928 2330 3272.4834049
4 929 2336 3278.23709384
3 930 2339 3283.4834049
2 931 2340 3284.89411134
1 932 2341 3287.389698
2 933 2342 3290.54927185
3 934 2345 3293.98440741
2 935 2349 3298.54927185
3 936 2350 3303.33530393
2 937 2352 3304.54927185
3 938 2353 3306.78622843
4 939 2355 3310.71594783
3 940 2359 3317.33530393
2 941 2364 3329.78622843
1 942 2366 3330.71594783
2 943 2368 3343.53902549
3 944 2372 3351.97058271
4 945 2374 3353.38609347
3 946 2380 3362.97058271
2 947 2381 3363.53902549
3 948 2382 3364.33858939
2 949 2384 3367.38609347
3 950 2385 3368.40868556
4 951 2391 3380.39755291
5 952 2393 3381.6383451
6 953 2395 3384.26228546
5 954 2397 3384.33858939
6 955 2398 3386.38064451
5 956 2403 3391.40868556
4 957 2406 3397.39755291
5 958 2407 3397.77273356
4 959 2409 3401.33858939
3 960 2412 3403.39755291
4 961 2413 3403.83188741
3 962 2415 3405.40868556
4 963 2416 3407.86981041
5 964 2422 3417.55603986
4 965 2424 3418.33858939
3 966 2425 3418.86981041
4 967 2428 3423.89170433
5 968 2434 3428.83125343
6 969 2435 3429.057023
5 970 2437 3429.33858939
4 971 2439 3429.83188741
3 972 2443 3437.89170433
2 973 2446 3443.33858939
1 974 2447 3443.83188741
2 975 2448 3445.10895123
1 976 2452 3459.10895123
2 977 2453 3460.65512174
3 978 2457 3473.40318191
2 979 2461 3480.65512174
3 980 2462 3496.29126527
2 981 2464 3496.40318191
3 982 2465 3496.78674345
4 983 2467 3497.2379167
5 984 2471 3501.96641156
4 985 2475 3507.29126527
5 986 2476 3510.16580354
4 987 2478 3511.2379167
5 988 2485 3522.2773409
6 989 2487 3523.05624211
5 990 2488 3525.78674345
6 991 2492 3528.90937202
5 992 2493 3530.96641156
4 993 2497 3533.16580354
3 994 2498 3533.2773409
2 995 2499 3536.78674345
3 996 2503 3564.21928714
2 997 2505 3565.96641156
3 998 2507 3569.76790168
4 999 2512 3579.31549146
3 1000 2516 3587.21928714
4 1001 2517 3591.12573061
5 1002 2521 3593.54275237
4 1003 2527 3604.76790168
3 1004 2528 3605.12573061
2 1005 2529 3605.31549146
3 1006 2530 3612.32695065
2 1007 2532 3613.54275237
3 1008 2533 3619.35856972
4 1009 2537 3625.97766876
3 1010 2539 3626.32695065
2 1011 2544 3636.35856972
1 1012 2545 3642.97766876
2 1013 2546 3644.82521387
3 1014 2548 3646.60040115
2 1015 2554 3664.82521387
1 1016 2555 3666.60040115
2 1017 2556 3669.60747711
3 1018 2560 3679.97053833
4 1019 2562 3680.30285685
5 1020 2566 3682.57222788
4 1021 2568 3683.60747711
3 1022 2573 3693.97053833
4 1023 2574 3695.71692861
5 1024 2576 3696.24651639
4 1025 2580 3697.30285685
5 1026 2581 3698.91020789
4 1027 2583 3699.57222788
5 1028 2586 3703.22475218
4 1029 2588 3703.71692861
3 1030 2591 3710.24651639
4 1031 2594 3715.39291304
5 1032 2596 3717.88676913
4 1033 2598 3718.91020789
5 1034 2599 3723.10276697
6 1035 2601 3723.51697526
5 1036 2605 3726.22475218
6 1037 2608 3729.30339044
5 1038 2613 3734.22475218
4 1039 2615 3734.88676913
3 1040 2616 3735.39291304
4 1041 2617 3739.58816849
3 1042 2619 3740.10276697
2 1043 2624 3750.58816849
1 1044 2625 3754.22475218
2 1045 2626 3768.42024246
3 1046 2630 3776.56142864
2 1047 2632 3782.42024246
3 1048 2633 3784.7517583
4 1049 2635 3785.80441519
5 1050 2644 3792.14029063
4 1051 2646 3792.7517583
3 1052 2647 3793.80441519
4 1053 2650 3800.84217225
5 1054 2652 3800.87359446
4 1055 2656 3805.56142864
5 1056 2658 3807.686981
4 1057 2659 3809.14029063
3 1058 2663 3814.87359446
2 1059 2664 3817.84217225
3 1060 2665 3818.67855298
4 1061 2667 3823.52798511
3 1062 2669 3823.87359446
4 1063 2670 3824.61015644
3 1064 2674 3832.67855298
4 1065 2675 3833.77020304
5 1066 2679 3834.67080267
4 1067 2683 3841.61015644
5 1068 2688 3850.48816754
6 1069 2690 3853.36917238
5 1070 2692 3855.52798511
4 1071 2694 3856.77020304
3 1072 2695 3857.67080267
4 1073 2701 3868.90014082
5 1074 2703 3869.60739334
4 1075 2705 3870.48816754
3 1076 2708 3876.36917238
4 1077 2709 3878.09655382
5 1078 2712 3878.5533923
4 1079 2716 3879.90014082
3 1080 2718 3883.60739334
2 1081 2719 3883.60739334
3 1082 2722 3888.89741629
2 1083 2727 3899.89741629
1 1084 2728 3901.09655382
2 1085 2729 3902.30277426
3 1086 2731 3904.12516797
4 1087 2737 3908.81504281
3 1088 2739 3915.12516797
2 1089 2742 3916.30277426
3 1090 2743 3917.71008071
2 1091 2745 3919.81504281
3 1092 2746 3920.37427025
4 1093 2748 3922.90185793
5 1094 2756 3931.24296489
4 1095 2758 3931.71008071
5 1096 2759 3933.56847961
4 1097 2761 3933.90185793
3 1098 2762 3934.37427025
4 1099 2767 3944.79160785
3 1100 2769 3945.71008071
4 1101 2771 3946.34219073
5 1102 2772 3949.32877551
4 1103 2774 3950.90185793
3 1104 2780 3960.32877551
4 1105 2781 3961.48807996
3 1106 2783 3961.79160785
2 1107 2784 3964.79160785
3 1108 2785 3969.44114204
4 1109 2791 3977.85393641
3 1110 2793 3980.44114204
2 1111 2794 3981.48807996
3 1112 2797 3988.64387443
2 1113 2799 3997.85393641
1 1114 2802 4002.64387443
2 1115 2803 4010.50589301
3 1116 2807 4019.30474571
2 1117 2809 4024.50589301
1 1118 2812 4033.30474571
2 1119 2813 4034.80801298
3 1120 2815 4036.6805559
2 1121 2819 4042.80801298
1 1122 2822 4056.6805559
2 1123 2823 4065.63985092
1 1124 2828 4079.63985092
2 1125 2829 4091.38478975
3 1126 2831 4098.79614853
4 1127 2836 4112.17812039
3 1128 2838 4114.38478975
4 1129 2839 4114.48497851
3 1130 2845 4118.79614853
4 1131 2848 4122.35385133
3 1132 2852 4126.17812039
2 1133 2853 4128.48497851
3 1134 2854 4135.95981132
2 1135 2856 4136.35385133
3 1136 2857 4138.13656236
4 1137 2860 4139.03294234
5 1138 2863 4146.04840983
6 1139 2865 4149.75817011
5 1140 2867 4149.95981132
4 1141 2872 4158.13656236
3 1142 2875 4165.03294234
2 1143 2880 4172.04840983
3 1144 2881 4174.08955322
4 1145 2883 4174.31159564
3 1146 2887 4178.75817011
2 1147 2888 4185.08955322
3 1148 2891 4187.80749597
4 1149 2893 4196.96720151
3 1150 2899 4203.31159564
2 1151 2900 4210.96720151
3 1152 2901 4212.93544274
2 1153 2903 4213.80749597
3 1154 2906 4220.11420787
2 1155 2910 4223.93544274
3 1156 2911 4224.14450269
4 1157 2913 4226.39039072
3 1158 2915 4231.11420787
4 1159 2920 4237.28329179
3 1160 2922 4238.14450269
4 1161 2923 4238.55014652
3 1162 2925 4240.39039072
4 1163 2926 4243.81196811
5 1164 2930 4250.88479139
4 1165 2936 4254.28329179
5 1166 2938 4259.05937414
4 1167 2942 4261.55014652
5 1168 2944 4263.67861987
4 1169 2945 4263.81196811
5 1170 2947 4265.93597205
4 1171 2949 4267.88479139
5 1172 2950 4268.85336964
6 1173 2951 4269.75913922
7 1174 2954 4271.5888247
8 1175 2957 4275.37002231
7 1176 2960 4275.55014652
6 1177 2963 4278.88479139
7 1178 2965 4279.19493936
6 1179 2970 4283.81196811
7 1180 2971 4285.40679247
6 1181 2974 4286.55014652
5 1182 2976 4289.55014652
6 1183 2979 4294.91920504
5 1184 2980 4295.88479139
6 1185 2984 4300.26740225
5 1186 2986 4300.81196811
4 1187 2988 4300.88479139
5 1188 2995 4311.49815792
4 1189 2996 4314.81196811
3 1190 2998 4317.88479139
2 1191 2999 4318.55014652
3 1192 3002 4321.89357001
4 1193 3004 4324.1661964
3 1194 3006 4325.81196811
4 1195 3007 4331.7557481
3 1196 3015 4338.89357001
4 1197 3016 4342.28563173
5 1198 3018 4342.70012322
6 1199 3019 4344.5934648
5 1200 3020 4347.1661964
6 1201 3022 4347.77326557
5 1202 3024 4351.7557481
6 1203 3029 4357.51023705
5 1204 3033 4359.28563173
4 1205 3034 4361.1661964
5 1206 3036 4361.94947689
4 1207 3039 4362.7557481
5 1208 3041 4368.13548631
6 1209 3042 4368.52817058
5 1210 3046 4372.1661964
6 1211 3049 4377.5663911
5 1212 3051 4379.28563173
6 1213 3054 4382.73962131
5 1214 3056 4382.7557481
6 1215 3063 4389.76966551
7 1216 3064 4391.64670032
6 1217 3067 4395.1661964
7 1218 3069 4396.34983497
8 1219 3070 4398.15738205
9 1220 3071 4398.85044034
8 1221 3075 4402.7557481
7 1222 3077 4404.03294234
6 1223 3080 4405.28563173
7 1224 3082 4405.79064707
6 1225 3088 4412.03294234
5 1226 3089 4412.1661964
4 1227 3090 4412.1661964
3 1228 3093 4415.1661964
2 1229 3094 4415.1661964
3 1230 3095 4416.35139488
4 1231 3097 4417.08978616
3 1232 3101 4425.7557481
4 1233 3103 4429.44545767
3 1234 3107 4430.35139488
4 1235 3108 4438.92312717
5 1236 3113 4442.61911852
4 1237 3114 4443.08978616
5 1238 3117 4443.31829328
6 1239 3118 4447.6248859
5 1240 3122 4449.44545767
6 1241 3125 4450.56188083
5 1242 3126 4452.92312717
4 1243 3132 4455.92312717
3 1244 3133 4460.08978616
2 1245 3134 4460.44545767
1 1246 3135 4463.08978616
2 1247 3136 4465.09964394
3 1248 3140 4472.37699964
2 1249 3144 4476.09964394
3 1250 3145 4477.57253596
4 1251 3149 4481.69810784
3 1252 3151 4483.37699964
4 1253 3152 4484.32519382
5 1254 3156 4490.52548591
6 1255 3159 4492.66315846
7 1256 3160 4493.23582048
6 1257 3164 4498.32519382
5 1258 3167 4500.57253596
4 1259 3170 4501.69810784
3 1260 3171 4503.32519382
4 1261 3172 4505.85301123
5 1262 3176 4510.72242935
6 1263 3181 4514.41613385
5 1264 3182 4516.85301123
4 1265 3184 4518.69810784
3 1266 3186 4520.57253596
4 1267 3189 4525.00879731
5 1268 3193 4531.45216513
4 1269 3195 4532.69810784
5 1270 3200 4538.08989599
4 1271 3202 4539.85301123
5 1272 3203 4540.66048331
4 1273 3205 4542.00879731
3 1274 3208 4543.69810784
4 1275 3211 4544.57945756
3 1276 3213 4553.00879731
2 1277 3214 4553.85301123
1 1278 3219 4564.57945756
2 1279 3220 4573.68483495
3 1280 3224 4584.09492853
4 1281 3226 4584.68116244
3 1282 3228 4584.68483495
4 1283 3229 4585.185074
5 1284 3232 4593.24984387
4 1285 3234 4595.68483495
5 1286 3235 4598.01771972
6 1287 3236 4600.78352144
7 1288 3239 4603.049367
8 1289 3242 4608.47378556
9 1290 3243 4611.77694879
8 1291 3245 4613.09492853
7 1292 3247 4615.68483495
8 1293 3248 4616.807377
9 1294 3251 4619.84818402
10 1295 3252 4625.69975838
9 1296 3256 4627.09492853
10 1297 3259 4628.75044649
11 1298 3261 4631.28386257
10 1299 3268 4638.09492853
9 1300 3270 4638.68483495
10 1301 3271 4640.14766949
9 1302 3272 4641.09492853
8 1303 3273 4644.09492853
9 1304 3274 4644.93001759
10 1305 3277 4645.92918848
9 1306 3280 4650.09492853
10 1307 3281 4650.44032169
11 1308 3282 4650.98295766
10 1309 3286 4652.68483495
9 1310 3289 4655.09492853
10 1311 3290 4656.22238641
9 1312 3296 4663.68483495
8 1313 3297 4663.68483495
7 1314 3303 4672.68483495
6 1315 3304 4674.68483495
5 1316 3306 4675.09492853
4 1317 3312 4678.09492853
3 1318 3318 4691.68483495
2 1319 3322 4693.87868614
3 1320 3323 4694.34937719
2 1321 3326 4698.09492853
3 1322 3329 4701.82076332
4 1323 3331 4705.90925116
3 1324 3333 4711.34937719
2 1325 3336 4721.82076332
3 1326 3337 4723.69245313
4 1327 3341 4729.08375918
5 1328 3344 4731.78955779
6 1329 3345 4733.52335412
7 1330 3346 4733.92966849
6 1331 3348 4734.69245313
5 1332 3352 4737.34937719
4 1333 3354 4739.69245313
3 1334 3360 4748.34937719
2 1335 3361 4753.69245313
3 1336 3363 4754.35395559
4 1337 3366 4764.0522719
3 1338 3368 4768.34937719
4 1339 3370 4773.28428961
3 1340 3374 4782.34937719
4 1341 3375 4787.83422144
5 1342 3376 4788.88602214
6 1343 3381 4798.90974999
7 1344 3382 4799.74633263
6 1345 3384 4808.34937719
7 1346 3385 4812.17803946
8 1347 3388 4821.56483086
7 1348 3391 4825.34937719
8 1349 3392 4828.48090153
9 1350 3396 4830.54782243
10 1351 3397 4833.95865233
11 1352 3398 4835.22491051
12 1353 3399 4837.66597091
11 1354 3401 4839.34937719
10 1355 3404 4842.34937719
9 1356 3406 4850.34937719
10 1357 3407 4853.31307805
11 1358 3410 4858.5047759
12 1359 3411 4858.67071615
13 1360 3412 4859.75827743
14 1361 3413 4861.6383603
15 1362 3414 4863.84820354
14 1363 3417 4867.34937719
15 1364 3421 4885.84806869
14 1365 3422 4890.34937719
13 1366 3427 4896.34937719
14 1367 3433 4897.74110801
13 1368 3434 4901.34937719
12 1369 3440 4904.34937719
11 1370 3442 4904.34937719
12 1371 3444 4906.2926872
11 1372 3449 4913.34937719
10 1373 3450 4915.76729672
9 1374 3451 4915.76729672
8 1375 3455 4921.34937719
7 1376 3456 4921.34937719
6 1377 3460 4927.76729672
7 1378 3461 4928.47424678
8 1379 3465 4936.32525382
9 1380 3466 4936.34282347
10 1381 3467 4936.44983553
11 1382 3470 4938.9183115
10 1383 3471 4941.34937719
11 1384 3472 4944.70920793
10 1385 3474 4944.76729672
11 1386 3475 4949.66239579
10 1387 3478 4950.34937719
11 1388 3481 4952.91910007
12 1389 3482 4953.61098538
11 1390 3488 4958.34937719
10 1391 3489 4958.34937719
9 1392 3491 4958.76729672
8 1393 3496 4966.34937719
7 1394 3497 4966.34937719
6 1395 3505 4975.76729672
5 1396 3506 4977.34937719
6 1397 3509 4985.59671383
5 1398 3522 5001.76729672
4 1399 3524 5003.34937719
3 1400 3525 5003.34937719
4 1401 3527 5009.8610566
3 1402 3530 5013.79675374
4 1403 3533 5015.32963991
5 1404 3534 5020.40014142
4 1405 3536 5021.76729672
5 1406 3541 5027.80813483
6 1407 3542 5028.29997518
5 1408 3544 5029.76729672
6 1409 3545 5034.2378657
7 1410 3547 5035.68390799
6 1411 3551 5039.79675374
7 1412 3553 5043.04373891
6 1413 3556 5043.76729672
5 1414 3557 5046.76729672
4 1415 3564 5056.79675374
3 1416 3565 5057.76729672
2 1417 3566 5060.76729672
3 1418 3567 5061.67083991
4 1419 3569 5066.18401117
3 1420 3572 5073.79675374
4 1421 3574 5073.9208181
5 1422 3577 5078.42872752
4 1423 3579 5090.67083991
3 1424 3584 5096.79675374
2 1425 3586 5098.67083991
3 1426 3587 5098.81772296
4 1427 3589 5104.23354437
5 1428 3594 5114.54954892
4 1429 3595 5115.81772296
3 1430 3600 5122.79675374
4 1431 3601 5126.17266642
3 1432 3602 5129.81772296
4 1433 3606 5132.83435283
5 1434 3609 5138.84206646
6 1435 3610 5138.95287857
5 1436 3612 5143.81772296
4 1437 3613 5145.79675374
5 1438 3615 5146.73317202
6 1439 3620 5156.17155779
7 1440 3621 5159.64779672
8 1441 3622 5162.15244504
9 1442 3623 5163.51728482
8 1443 3624 5163.81772296
7 1444 3629 5165.79675374
8 1445 3630 5168.34517751
7 1446 3643 5182.79675374
6 1447 3644 5182.79675374
5 1448 3645 5183.81772296
6 1449 3647 5184.22358319
5 1450 3653 5186.81772296
4 1451 3654 5188.27586049
5 1452 3657 5192.99764016
6 1453 3659 5194.02294516
5 1454 3664 5199.79675374
4 1455 3666 5202.16861793
3 1456 3667 5203.81772296
4 1457 3668 5206.96320069
3 1458 3670 5209.99764016
4 1459 3675 5220.22714738
3 1460 3677 5222.79675374
4 1461 3680 5229.76270424
3 1462 3682 5231.22714738
2 1463 3683 5232.96320069
3 1464 3685 5235.29881275
4 1465 3687 5235.58545958
3 1466 3696 5246.29881275
2 1467 3697 5249.76270424
3 1468 3698 5250.43658374
4 1469 3700 5253.46456764
5 1470 3702 5254.40711237
4 1471 3703 5255.58545958
5 1472 3710 5260.61160312
6 1473 3712 5264.57496463
5 1474 3714 5267.43658374
4 1475 3717 5269.58545958
5 1476 3720 5275.99824711
4 1477 3722 5276.46456764
3 1478 3725 5280.61160312
4 1479 3728 5288.81340157
3 1480 3730 5290.43658374
2 1481 3731 5292.99824711
3 1482 3734 5308.55581865
2 1483 3736 5308.81340157
3 1484 3737 5311.50987914
4 1485 3743 5315.72051858
3 1486 3745 5322.55581865
2 1487 3746 5325.50987914
3 1488 3749 5329.76546953
4 1489 3751 5330.97979708
5 1490 3753 5331.33247816
4 1491 3759 5338.72051858
3 1492 3760 5340.76546953
4 1493 3763 5342.87594942
5 1494 3765 5344.11488448
4 1495 3767 5347.97979708
5 1496 3770 5348.15033484
6 1497 3772 5351.23323614
5 1498 3774 5351.33247816
6 1499 3777 5355.15350488
5 1500 3781 5359.87594942
4 1501 3784 5361.11488448
3 1502 3787 5365.15033484
4 1503 3788 5365.80520856
3 1504 3790 5370.87594942
2 1505 3793 5377.33247816
1 1506 3794 5382.80520856
2 1507 3796 5387.21409077
1 1508 3800 5395.21409077
2 1509 3801 5395.75187719
3 1510 3803 5398.12768985
4 1511 3806 5405.16612545
5 1512 3812 5411.49758086
6 1513 3815 5415.13547792
5 1514 3817 5419.16612545
4 1515 3819 5421.12768985
5 1516 3821 5425.68994119
4 1517 3822 5427.75187719
5 1518 3828 5438.11219781
4 1519 3830 5438.12768985
5 1520 3831 5438.41335668
4 1521 3832 5439.16612545
3 1522 3838 5444.12768985
4 1523 3839 5447.24108921
3 1524 3841 5449.11219781
4 1525 3842 5450.05279761
3 1526 3844 5450.16612545
4 1527 3845 5451.86003321
5 1528 3850 5456.52660144
4 1529 3852 5458.05279761
5 1530 3856 5463.58003472
4 1531 3862 5467.24108921
3 1532 3863 5468.86003321
4 1533 3864 5473.00743621
3 1534 3866 5473.52660144
2 1535 3867 5479.52660144
3 1536 3870 5480.30370342
4 1537 3872 5485.33527393
3 1538 3874 5487.00743621
4 1539 3879 5493.79646125
3 1540 3881 5494.30370342
4 1541 3882 5495.81338087
3 1542 3884 5499.33527393
4 1543 3889 5512.78552064
3 1544 3891 5512.81338087
2 1545 3892 5513.79646125
3 1546 3893 5516.08028408
4 1547 3897 5523.11677622
3 1548 3899 5527.08028408
2 1549 3902 5535.78552064
3 1550 3905 5538.95412478
4 1551 3908 5539.45381815
3 1552 3911 5543.11677622
2 1553 3914 5547.45381815
1 1554 3915 5552.95412478
2 1555 3916 5553.77992683
3 1556 3918 5554.21129742
2 1557 3924 5564.77992683
1 1558 3925 5565.21129742
2 1559 3926 5594.05856865
3 1560 3928 5594.6727741
4 1561 3930 5596.39583733
5 1562 3932 5598.38509193
6 1563 3934 5602.46717639
7 1564 3935 5603.95899275
6 1565 3942 5611.05856865
5 1566 3947 5616.39583733
4 1567 3948 5617.6727741
3 1568 3949 5618.38509193
4 1569 3950 5618.47631236
5 1570 3957 5629.16438601
4 1571 3963 5633.39583733
5 1572 3964 5634.04367419
4 1573 3966 5634.16438601
3 1574 3967 5637.05856865
4 1575 3968 5637.30217064
3 1576 3970 5638.47631236
2 1577 3975 5648.30217064
3 1578 3976 5650.60789791
4 1579 3978 5652.01198945
5 1580 3982 5658.07384935
6 1581 3984 5659.56864646
5 1582 3986 5663.04367419
4 1583 3989 5667.60789791
5 1584 3994 5673.17684622
6 1585 3996 5673.27557793
5 1586 3998 5673.56864646
4 1587 3999 5678.01198945
3 1588 4002 5681.07384935
4 1589 4005 5686.13669083
3 1590 4007 5687.27557793
2 1591 4010 5690.17684622
1 1592 4011 5694.13669083
2 1593 4012 5702.6360438
3 1594 4014 5713.72621021
4 1595 4016 5714.54111456
5 1596 4021 5724.3585991
6 1597 4024 5728.03594643
7 1598 4026 5728.91244183
6 1599 4033 5731.6360438
5 1600 4035 5733.03594643
4 1601 4036 5733.72621021
3 1602 4037 5734.54111456
2 1603 4041 5739.72621021
1 1604 4042 5739.91244183
2 1605 4043 5748.96906352
3 1606 4045 5759.54111939
2 1607 4049 5768.96906352
3 1608 4052 5781.85615636
2 1609 4056 5788.54111939
3 1610 4057 5792.23770058
2 1611 4059 5792.85615636
1 1612 4062 5806.23770058
2 1613 4063 5808.21533942
3 1614 4067 5820.1080392
2 1615 4071 5825.21533942
3 1616 4073 5825.86623969
2 1617 4076 5834.1080392
1 1618 4077 5836.86623969
2 1619 4078 5840.10245651
3 1620 4080 5842.54624701
4 1621 4084 5849.76611263
3 1622 4088 5853.54624701
4 1623 4089 5856.93368224
3 1624 4091 5860.10245651
2 1625 4096 5867.93368224
3 1626 4097 5868.60955578
2 1627 4101 5875.76611263
3 1628 4102 5883.26308768
2 1629 4104 5885.60955578
3 1630 4106 5888.49071573
4 1631 4108 5892.4001343
3 1632 4113 5897.26308768
4 1633 4115 5898.92434418
5 1634 4119 5906.54258005
4 1635 4123 5911.49071573
3 1636 4126 5917.49071573
2 1637 4127 5917.54258005
3 1638 4128 5923.64736322
2 1639 4130 5924.4001343
3 1640 4131 5929.00665097
4 1641 4133 5931.64253878
5 1642 4139 5936.44249202
4 1643 4143 5940.00665097
3 1644 4144 5943.64736322
4 1645 4145 5945.47987046
3 1646 4147 5945.64253878
2 1647 4153 5953.47987046
1 1648 4154 5960.00665097
2 1649 4157 5976.18297619
3 1650 4159 5976.78131542
4 1651 4165 5990.42712031
3 1652 4167 5990.78131542
2 1653 4168 5993.18297619
3 1654 4169 5993.37442427
4 1655 4171 5998.80396217
5 1656 4173 5999.52526739
6 1657 4174 6003.00311543
5 1658 4180 6010.42712031
6 1659 4181 6011.39354118
5 1660 4184 6018.80396217
6 1661 4188 6021.77390296
5 1662 4190 6022.37442427
6 1663 4193 6023.95574718
5 1664 4194 6026.80396217
6 1665 4197 6026.88287339
5 1666 4200 6030.42712031
4 1667 4207 6039.37442427
3 1668 4208 6040.80396217
4 1669 4210 6042.59868096
5 1670 4212 6043.54272486
4 1671 4213 6046.80396217
3 1672 4215 6047.42712031
2 1673 4221 6055.42712031
3 1674 4222 6057.24769989
2 1675 4226 6062.59868096
3 1676 4227 6063.99444276
4 1677 4229 6064.23841765
5 1678 4230 6064.26450779
6 1679 4231 6066.84895676
7 1680 4232 6067.63358194
8 1681 4233 6070.62201061
7 1682 4237 6074.24769989
8 1683 4238 6081.35694119
9 1684 4239 6083.5442307
10 1685 4240 6085.14882507
11 1686 4241 6088.84042838
10 1687 4244 6089.99444276
9 1688 4249 6097.24769989
10 1689 4250 6098.31034953
11 1690 4259 6106.32298772
12 1691 4260 6107.12983609
11 1692 4262 6108.24769989
10 1693 4263 6108.24769989
9 1694 4267 6112.99444276
8 1695 4270 6115.99444276
7 1696 4272 6116.24769989
8 1697 4275 6120.49907769
7 1698 4277 6128.60955578
6 1699 4280 6133.24769989
5 1700 4285 6135.99444276
4 1701 4290 6140.99444276
5 1702 4292 6141.09064769
4 1703 4294 6144.24769989
5 1704 4295 6144.78035868
6 1705 4296 6144.91762299
5 1706 4301 6145.60955578
4 1707 4307 6154.99444276
5 1708 4309 6156.60804326
4 1709 4310 6158.24769989
5 1710 4312 6158.70380733
4 1711 4316 6159.60955578
3 1712 4317 6159.60955578
4 1713 4319 6162.49256667
5 1714 4322 6164.13022179
6 1715 4323 6169.23964236
5 1716 4325 6169.24769989
6 1717 4326 6172.03035548
5 1718 4329 6173.60955578
6 1719 4333 6177.6186121
7 1720 4336 6178.12841763
8 1721 4337 6181.63838877
7 1722 4339 6184.60955578
6 1723 4341 6186.24769989
7 1724 4342 6186.99543072
6 1725 4350 6197.24769989
7 1726 4351 6197.55523903
6 1727 4352 6198.00665097
5 1728 4354 6201.60955578
6 1729 4359 6203.98625391
5 1730 4365 6212.60955578
6 1731 4366 6213.9209371
5 1732 4367 6214.24769989
4 1733 4370 6215.00665097
3 1734 4371 6218.60955578
2 1735 4374 6223.00665097
3 1736 4375 6223.13423694
4 1737 4377 6223.3534009
3 1738 4381 6231.24769989
4 1739 4384 6237.54933858
5 1740 4386 6239.03930412
6 1741 4389 6240.27900691
7 1742 4390 6240.64436013
6 1743 4393 6246.13423694
5 1744 4397 6249.3534009
4 1745 4401 6254.13423694
3 1746 4402 6254.54933858
2 1747 4405 6257.13423694
3 1748 4406 6260.8622309
2 1749 4411 6269.3534009
1 1750 4412 6271.8622309
2 1751 4413 6272.38990778
3 1752 4415 6272.99544896
4 1753 4417 6276.23485616
5 1754 4421 6279.4088343
4 1755 4425 6283.99544896
5 1756 4428 6286.94483727
4 1757 4430 6289.38990778
5 1758 4431 6289.79691438
6 1759 4439 6295.85372352
5 1760 4440 6296.23485616
6 1761 4442 6296.34921836
7 1762 4443 6297.08447708
6 1763 4445 6300.79691438
5 1764 4446 6300.94483727
4 1765 4448 6305.4088343
5 1766 4451 6307.94016154
6 1767 4459 6317.30052813
5 1768 4460 6318.94016154
4 1769 4462 6319.23485616
5 1770 4463 6319.51988059
6 1771 4465 6320.24429255
7 1772 4468 6323.67978543
6 1773 4470 6323.94483727
7 1774 4471 6325.9660668
8 1775 4472 6326.33286807
9 1776 4477 6329.64873291
8 1777 4478 6329.79691438
7 1778 4481 6335.94016154
6 1779 4483 6336.51988059
5 1780 4488 6343.94483727
4 1781 4492 6346.94016154
3 1782 4495 6349.79691438
4 1783 4496 6353.25387529
3 1784 4498 6353.51988059
4 1785 4499 6353.88317062
3 1786 4503 6360.94483727
2 1787 4504 6361.25387529
3 1788 4505 6362.53759654
4 1789 4509 6366.03917242
5 1790 4511 6366.53078473
6 1791 4515 6366.91851483
7 1792 4516 6367.02669737
6 1793 4517 6367.53759654
7 1794 4519 6368.50114236
6 1795 4531 6379.88317062
5 1796 4532 6380.53078473
4 1797 4535 6383.03917242
3 1798 4537 6385.99444276
2 1799 4538 6387.53759654
1 1800 4539 6387.88317062
2 1801 4540 6390.47528559
3 1802 4542 6393.97194696
4 1803 4549 6403.47714556
5 1804 4551 6404.74459648
4 1805 4555 6410.47528559
3 1806 4556 6410.97194696
4 1807 4559 6414.94676395
5 1808 4561 6415.3843072
4 1809 4563 6418.74459648
5 1810 4564 6420.15514056
4 1811 4566 6423.47714556
3 1812 4573 6434.15514056
2 1813 4574 6440.94676395
1 1814 4575 6441.3843072
2 1815 4576 6446.02548024
3 1816 4578 6448.91795045
4 1817 4581 6454.97059947
3 1818 4587 6459.91795045
2 1819 4588 6459.91795045
1 1820 4589 6460.02548024
2 1821 4590 6467.42213172
3 1822 4593 6472.32839729
2 1823 4597 6475.42213172
1 1824 4598 6481.42213172
2 1825 4599 6502.37076464
3 1826 4601 6504.4561871
4 1827 4604 6508.38176361
5 1828 4607 6509.96012029
6 1829 4612 6514.90451097
5 1830 4616 6519.37076464
4 1831 4619 6524.4561871
5 1832 4620 6527.25182908
4 1833 4622 6527.4561871
3 1834 4623 6529.96012029
4 1835 4624 6531.14457589
5 1836 4628 6533.15598036
4 1837 4634 6537.90451097
3 1838 4635 6539.14457589
4 1839 4636 6540.74623527
5 1840 4638 6543.74178607
4 1841 4640 6544.15598036
5 1842 4643 6545.48910254
6 1843 4645 6547.11083323
5 1844 4646 6547.25182908
6 1845 4650 6548.70751797
5 1846 4652 6548.74623527
4 1847 4653 6554.74178607
5 1848 4660 6559.44743469
4 1849 4662 6565.48910254
3 1850 4664 6567.25182908
2 1851 4665 6568.74623527
3 1852 4668 6570.13887512
4 1853 4670 6571.89092036
5 1854 4672 6574.78571259
6 1855 4675 6577.95348723
5 1856 4676 6579.44743469
4 1857 4682 6584.13887512
3 1858 4685 6593.44743469
2 1859 4688 6597.89092036
1 1860 4689 6601.13887512
2 1861 4690 6604.50283296
3 1862 4692 6608.32376233
2 1863 4699 6622.32376233
1 1864 4700 6624.50283296
2 1865 4701 6628.47749284
3 1866 4705 6644.79001489
2 1867 4707 6645.47749284
3 1868 4708 6647.27582775
2 1869 4712 6652.79001489
3 1870 4713 6653.88001674
2 1871 4719 6673.27582775
1 1872 4720 6682.88001674
2 1873 4721 6695.23247549
1 1874 4725 6709.23247549
2 1875 4726 6712.42214438
3 1876 4729 6712.58122378
4 1877 4731 6715.48547585
3 1878 4734 6723.58122378
4 1879 4735 6725.35519778
3 1880 4740 6726.42214438
4 1881 4741 6731.09897511
3 1882 4745 6735.42214438
4 1883 4746 6736.37644933
5 1884 4748 6741.49735356
4 1885 4752 6745.35519778
5 1886 4754 6751.23347639
4 1887 4758 6754.09897511
3 1888 4761 6758.49735356
2 1889 4762 6758.49735356
1 1890 4763 6762.37644933
2 1891 4766 6780.18739309
3 1892 4770 6790.9526295
4 1893 4774 6796.42938828
3 1894 4777 6800.18739309
4 1895 4778 6802.43761525
3 1896 4780 6804.9526295
4 1897 4783 6807.66472446
3 1898 4789 6816.42938828
4 1899 4790 6820.17967663
5 1900 4792 6821.73143973
4 1901 4794 6822.43761525
3 1902 4795 6824.66472446
4 1903 4798 6829.98820583
3 1904 4800 6832.73143973
2 1905 4805 6843.17967663
1 1906 4807 6843.98820583
2 1907 4809 6858.14579429
3 1908 4813 6864.80890402
2 1909 4815 6869.14579429
1 1910 4818 6878.80890402
2 1911 4819 6881.16525345
1 1912 4823 6895.16525345
2 1913 4824 6897.44780853
1 1914 4828 6905.44780853
2 1915 4829 6905.70330415
3 1916 4831 6906.08663476
4 1917 4833 6912.17543598
5 1918 4839 6916.70921227
4 1919 4840 6919.70330415
3 1920 4844 6926.08663476
2 1921 4847 6932.17543598
1 1922 4848 6936.70330415
2 1923 4849 6959.30624376
3 1924 4853 6972.9513264
4 1925 4855 6973.80413238
3 1926 4857 6979.30624376
4 1927 4858 6982.32093228
5 1928 4866 6987.73855163
4 1929 4868 6990.32093228
3 1930 4869 6990.80413238
2 1931 4870 6992.9513264
3 1932 4872 6998.35630679
4 1933 4878 7003.63643592
5 1934 4880 7009.18745075
4 1935 4882 7010.32093228
3 1936 4884 7012.35630679
4 1937 4885 7012.49262118
5 1938 4891 7018.68069627
6 1939 4892 7019.49822712
5 1940 4894 7020.63643592
6 1941 4900 7025.66909975
5 1942 4901 7026.49262118
4 1943 4903 7031.63643592
3 1944 4905 7038.18745075
2 1945 4910 7045.63643592
3 1946 4911 7046.82000477
2 1947 4915 7052.49262118
1 1948 4916 7054.82000477
2 1949 4917 7054.93127211
3 1950 4919 7058.23658586
2 1951 4924 7068.93127211
3 1952 4925 7069.81688511
4 1953 4931 7076.26959018
5 1954 4933 7082.01157321
4 1955 4935 7083.81688511
3 1956 4936 7084.23658586
4 1957 4939 7088.76405228
5 1958 4943 7091.06095307
4 1959 4945 7093.01157321
3 1960 4946 7093.26959018
2 1961 4951 7108.06095307
1 1962 4952 7108.76405228
2 1963 4953 7115.94685157
3 1964 4955 7119.11597834
4 1965 4957 7119.78279067
5 1966 4961 7120.9546212
6 1967 4968 7133.06866283
5 1968 4969 7133.78279067
6 1969 4970 7134.07922507
7 1970 4972 7134.67767515
8 1971 4976 7135.56365427
7 1972 4977 7135.94685157
6 1973 4979 7142.11597834
5 1974 4983 7143.9546212
6 1975 4987 7146.6155179
5 1976 4988 7151.11597834
4 1977 4992 7152.94685157
5 1978 4993 7154.81431459
4 1979 4995 7157.07922507
5 1980 4996 7158.20067357
4 1981 4998 7159.11597834
5 1982 5000 7159.77221739
6 1983 5002 7159.85224248
5 1984 5005 7162.11597834
6 1985 5006 7165.19411292
7 1986 5010 7172.53702347
6 1987 5015 7175.20067357
5 1988 5016 7176.77221739
4 1989 5018 7177.81431459
5 1990 5022 7182.38262989
4 1991 5024 7186.20067357
5 1992 5027 7190.11302036
4 1993 5029 7190.77221739
5 1994 5032 7193.70444551
4 1995 5034 7195.20067357
3 1996 5039 7202.38262989
2 1997 5040 7204.70444551
3 1998 5041 7205.38669119
2 1999 5043 7210.11302036
1 2000 5049 7225.38669119
0 2001 5050 7233.11717786
0 2002 5052 7384.11597834
