#data counter step time
0 1 0 0.0
1 2 1 0.0
2 3 12 11.7409328148
3 4 14 14.3091813429
4 5 16 18.250562029
5 6 19 20.1803081167
6 7 21 20.3959680634
7 8 23 23.4983640844
8 9 25 25.5646912056
9 10 27 28.000375741
8 11 28 28.3091813429
7 12 30 31.7409328148
8 13 32 33.083834001
7 14 36 37.1803081167
6 15 39 37.3959680634
5 16 40 39.3091813429
4 17 43 48.3959680634
5 18 44 48.7341644742
4 19 47 50.250562029
5 20 48 51.3332308658
6 21 50 51.4386744105
5 22 52 54.7409328148
6 23 53 55.2688659279
7 24 55 55.8076213946
8 25 58 61.353031394
7 26 61 63.1803081167
8 27 62 63.2531688089
9 28 63 64.9366852312
8 29 66 65.7341644742
9 30 67 67.5461592798
8 31 70 74.3332308658
7 32 72 74.4386744105
6 33 74 75.2688659279
7 34 75 75.9576287985
6 35 80 85.3332308658
7 36 82 88.8171695197
6 37 84 89.1803081167
7 38 85 91.5634298108
6 39 87 91.7341644742
5 40 89 94.4386744105
4 41 90 95.2688659279
5 42 93 102.304303259
4 43 95 102.333230866
3 44 96 102.734164474
2 45 97 103.180308117
3 46 98 104.508220339
4 47 101 106.603385878
5 48 104 109.324048053
6 49 106 110.011300213
7 50 109 114.73557015
6 51 111 116.304303259
7 52 112 119.007664453
6 53 115 120.603385878
5 54 116 121.508220339
4 55 118 123.324048053
3 56 120 127.011300213
4 57 122 127.84256942
5 58 124 128.99607991
6 59 126 130.502218758
5 60 129 133.304303259
4 61 130 134.603385878
5 62 131 136.830455666
4 63 133 136.99607991
5 64 135 139.032772533
6 65 137 142.227816698
5 66 142 144.84256942
6 67 143 147.264934091
7 68 145 149.472379541
6 69 146 150.032772533
5 70 148 150.502218758
4 71 152 155.264934091
3 72 153 156.227816698
4 73 154 156.257154842
3 74 156 156.830455666
2 75 158 164.257154842
3 76 159 166.726871548
2 77 161 167.032772533
3 78 162 172.376565971
4 79 165 180.38077377
3 80 168 183.726871548
4 81 170 188.76279444
3 82 172 192.376565971
2 83 173 194.38077377
3 84 174 198.240922837
2 85 178 205.76279444
1 86 179 206.240922837
2 87 180 206.391806465
1 88 183 220.391806465
2 89 185 223.094328164
3 90 186 229.009635664
2 91 189 237.094328164
3 92 191 239.923800885
2 93 193 243.009635664
3 94 195 246.971072422
4 95 197 249.946654658
5 96 199 251.030107007
6 97 202 255.39947671
5 98 204 256.923800885
4 99 207 260.946654658
5 100 208 265.375474822
4 101 211 266.39947671
5 102 212 266.880587436
4 103 214 266.971072422
5 104 216 272.304317115
4 105 219 276.375474822
5 106 220 278.789610729
4 107 222 283.030107007
3 108 223 283.880587436
4 109 224 286.95043152
5 110 228 289.307946724
4 111 230 292.304317115
5 112 231 292.842449405
4 113 234 294.95043152
3 114 235 298.789610729
2 115 238 309.307946724
1 116 239 309.842449405
2 117 240 310.437368869
3 118 243 323.260228729
2 119 246 333.437368869
3 120 247 334.055255179
4 121 249 338.849480685
3 122 252 346.260228729
4 123 254 347.345660925
5 124 256 347.502751518
6 125 259 351.873100428
7 126 261 352.24417049
6 127 262 355.849480685
5 128 264 357.055255179
6 129 265 357.231301008
5 130 267 358.345660925
4 131 271 370.502751518
3 132 273 371.873100428
4 133 274 375.588141228
3 134 276 380.231301008
4 135 277 381.373458463
3 136 279 384.849480685
4 137 280 387.913458122
5 138 284 394.400586209
4 139 286 395.588141228
3 140 288 398.373458463
4 141 289 398.430271567
5 142 292 402.399489831
4 143 294 407.913458122
3 144 297 411.400586209
2 145 298 415.430271567
1 146 299 419.399489831
2 147 300 421.96790566
3 148 302 422.92991634
2 149 306 436.92991634
3 150 307 445.336932145
2 151 309 450.96790566
3 152 311 473.386953235
2 153 313 477.336932145
3 154 314 478.915255222
4 155 316 483.119395015
5 156 318 484.414961312
6 157 320 484.628460551
7 158 322 485.495039497
8 159 323 486.265154113
7 160 328 493.386953235
6 161 330 495.915255222
5 162 334 501.628460551
4 163 335 503.119395015
5 164 336 506.006812591
4 165 339 507.414961312
5 166 340 507.993531762
4 167 342 509.915255222
3 168 344 516.386953235
4 169 345 516.742022926
3 170 347 518.993531762
4 171 350 527.429480212
5 172 352 528.954614114
4 173 354 529.006812591
3 174 355 533.742022926
4 175 357 535.326491915
3 176 360 541.429480212
4 177 361 543.681617686
3 178 364 545.954614114
4 179 365 547.206278919
5 180 367 550.092710717
4 181 371 558.326491915
5 182 373 559.480749692
6 183 376 563.069211141
5 184 377 563.681617686
4 185 380 567.206278919
5 186 382 567.380093871
6 187 383 567.460822365
7 188 385 569.782953574
6 189 387 573.092710717
5 190 391 573.480749692
4 191 394 574.681617686
3 192 396 578.480749692
4 193 397 581.005525371
3 194 399 588.681617686
2 195 402 596.092710717
1 196 404 598.005525371
2 197 406 600.45813244
3 198 408 603.240552729
2 199 411 608.240552729
3 200 413 615.575412997
2 201 415 617.45813244
3 202 417 620.050336145
4 203 418 626.631566044
5 204 420 630.867332728
6 205 421 634.708249756
7 206 422 636.682258913
8 207 423 636.713756956
7 208 425 638.575412997
8 209 427 648.493390153
9 210 428 649.198054273
8 211 430 649.575412997
9 212 432 663.11167181
8 213 434 663.575412997
9 214 435 665.236687351
8 215 438 677.575412997
9 216 440 692.515616533
8 217 442 694.575412997
9 218 443 695.99838482
10 219 444 696.384893289
11 220 445 697.268739516
12 221 446 698.121276525
13 222 447 699.019085328
14 223 449 709.289667538
15 224 450 711.739012783
16 225 451 714.432905749
17 226 452 716.521698816
16 227 454 720.575412997
17 228 455 723.283194101
18 229 457 728.488599713
17 230 459 731.575412997
16 231 462 739.575412997
17 232 463 741.286561856
18 233 464 746.946075803
19 234 465 749.232229887
20 235 467 760.959868793
19 236 469 762.575412997
20 237 470 766.039073203
21 238 475 781.805794366
22 239 477 784.3751923
23 240 480 787.907820497
24 241 481 789.018133002
23 242 483 789.326491915
22 243 486 794.575412997
23 244 487 796.710976994
22 245 491 800.326491915
23 246 492 803.223988711
24 247 493 803.650359986
25 248 494 805.437855655
24 249 497 808.575412997
23 250 499 811.206278919
24 251 500 812.192522373
24 252 500 812.192522373
