#data counter step time
22.965713 1 26 33.1857588607
39.220046 2 34 39.2200457316
21.774705 3 46 47.9515510516
12.568015 4 50 51.8218204619
26.982970 5 54 55.2036678884
24.050137 6 61 62.253804984
24.366633 7 62 65.253804984
25.355026 8 63 66.1768461151
29.143378 9 70 71.0201973147
9.980382 10 81 80.5187013696
22.015177 11 82 84.2684464394
25.782363 12 91 101.301064484
21.355082 13 109 131.276726257
36.567108 14 114 153.843833945
42.865874 15 121 182.709707556
32.581602 16 126 201.291309369
29.489471 17 131 210.780779898
28.429441 18 140 225.21022065
24.211369 19 148 232.421589613
14.000000 20 151 232.807901682
22.975243 21 163 242.77877305
18.722012 22 173 256.74332569
23.261984 23 174 261.021313228
27.493779 24 182 270.23710444
27.357155 25 190 290.010772325
28.899518 26 197 301.910290517
19.288259 27 202 307.198549964
14.663183 28 207 319.798131744
33.634092 29 221 339.43222361
15.297112 30 222 340.343377234
19.614041 31 225 342.046264854
26.326002 32 228 355.669379294
21.315817 33 248 384.457239686
10.009275 34 249 387.568844376
47.472043 35 250 389.141422523
26.111605 36 251 390.568844376
29.182572 37 263 408.461380813
26.437634 38 267 419.266417206
27.305222 39 272 429.571639554
11.860344 40 288 445.743349764
26.311366 41 291 447.88300585
16.139656 42 292 450.88300585
17.890807 43 293 455.615516334
25.164019 44 296 466.77953543
42.797817 45 313 489.577352505
17.719306 46 325 496.871849288
22.414441 47 326 499.152543219
22.728704 48 334 505.600553733
17.870328 49 337 509.470881735
20.473123 50 344 514.732709378
21.461637 51 359 531.839199967
30.957719 52 381 550.689779742
20.799064 53 382 551.550562986
23.061719 54 384 553.75149905
16.966229 55 385 553.75149905
17.201706 56 395 565.550562986
22.332060 57 398 567.689779742
30.000432 58 408 579.417027524
17.619204 59 413 583.03623137
13.144658 60 416 586.46178578
27.280896 61 421 593.317127298
18.839996 62 431 601.483198824
18.533274 63 443 616.282442977
26.864397 64 446 617.347596214
16.564245 65 458 630.300266603
26.000000 66 464 638.806443297
26.105588 67 470 642.405854852
20.904756 68 471 643.310610985
35.785941 69 481 662.761466675
35.208996 70 493 675.686661135
19.519544 71 496 681.890693656
21.442203 72 505 692.332896397
20.000000 73 508 695.332896397
18.171692 74 513 697.312495053
20.321435 75 516 703.633930509
17.683214 76 529 714.201245989
26.884101 77 532 716.518031802
13.309346 78 539 721.718980085
14.802087 79 540 725.521067384
16.680179 80 541 728.201245989
25.208388 81 542 728.409634272
35.143888 82 553 748.793250776
17.474207 83 556 755.267457876
19.179969 84 557 760.447426866
38.066781 85 570 781.514207666
11.933951 86 571 783.759369509
24.348737 87 577 797.108106076
34.037314 88 592 820.145419629
17.021762 89 597 823.167181719
15.446075 90 598 824.613256332
18.935004 91 604 839.434745661
28.821489 92 605 839.434745661
21.064996 93 606 840.499741321
34.749725 94 621 855.515783336
11.291408 95 624 858.359715316
25.682198 96 641 873.041913764
20.548254 97 655 886.531032703
27.016733 98 656 888.982779022
17.610239 99 659 890.141271562
26.401275 100 666 902.542546768
26.450422 101 669 905.992968377
24.108784 102 674 913.101752793
23.317487 103 681 922.419240086
24.320133 104 686 929.73937319
17.299935 105 687 933.039307809
30.647353 106 696 946.686660786
19.539111 107 702 955.055556001
28.829784 108 703 955.516444575
17.000000 109 704 961.055556001
18.576767 110 718 988.654054408
18.423233 111 719 990.077287676
25.199524 112 723 999.951820426
29.112774 113 732 1012.06459481
20.454591 114 738 1024.00396862
14.531223 115 753 1038.94883908
25.413647 116 756 1041.41761583
15.739916 117 757 1044.19203419
23.714820 118 763 1053.90685429
23.045643 119 768 1068.95249775
9.685419 120 785 1084.52443605
24.038550 121 788 1084.99104745
14.847970 122 789 1085.83901718
14.231869 123 790 1090.7563054
27.988495 124 797 1104.74480088
20.696812 125 798 1105.44161299
10.629570 126 809 1119.85383766
27.196320 127 810 1121.6379328
18.586334 128 817 1126.22426729
22.250924 129 822 1134.10476184
15.721639 130 835 1149.1428774
28.489783 131 837 1153.42123846
10.849941 132 862 1168.30444974
34.425994 133 869 1174.14942896
20.155021 134 870 1174.30444974
15.799414 135 871 1175.10291554
15.797856 136 872 1176.90077152
23.150059 137 878 1180.45450919
16.403678 138 879 1182.30444974
23.768002 139 887 1191.14942896
17.373413 140 913 1226.9907901
33.465046 141 916 1229.61737698
20.135651 142 919 1233.12644145
20.823754 143 924 1247.81077255
23.363374 144 944 1275.04000158
18.201919 145 947 1276.24192008
11.899719 146 967 1289.03669803
8.000000 147 968 1289.03669803
26.927352 148 972 1290.66585068
17.840319 149 975 1293.3226726
20.814307 150 976 1297.13697922
30.816503 151 977 1298.48235331
28.942188 152 994 1338.63577923
21.397689 153 1001 1348.21103013
21.761266 154 1007 1355.97229592
18.455577 155 1008 1357.42787246
28.517690 156 1015 1368.94556237
13.565292 157 1034 1380.88257177
23.371717 158 1036 1381.31727974
5.404323 159 1039 1383.20575796
14.000000 160 1040 1383.88257177
12.622243 161 1045 1385.80143516
18.927097 162 1054 1397.1328551
18.184425 163 1055 1398.31727974
17.942032 164 1056 1398.4093663
15.145793 165 1057 1399.55515892
32.014274 166 1070 1417.56943279
26.726138 167 1075 1427.29557046
17.858412 168 1076 1427.65411493
38.594506 169 1093 1452.24862123
22.022964 170 1098 1457.2715854
15.045262 171 1104 1460.2715854
8.450348 172 1106 1460.41452203
21.954738 173 1109 1462.22632369
18.883980 174 1112 1465.96417397
16.187444 175 1123 1474.2715854
18.745357 176 1124 1478.10356327
28.669619 177 1129 1481.08414139
19.558361 178 1130 1483.66192464
20.799834 179 1131 1490.46175903
48.706917 180 1146 1522.16867635
14.650195 181 1154 1530.32068811
29.881065 182 1156 1535.67049292
20.183751 183 1157 1536.50443908
34.739917 184 1167 1554.24435559
13.863918 185 1174 1565.82534629
31.717073 186 1177 1568.96142859
44.323207 187 1189 1599.14855288
19.324060 188 1191 1601.47261301
16.399784 189 1199 1609.47261301
34.675940 190 1207 1619.14855288
22.087228 191 1208 1619.14855288
37.217186 192 1210 1623.47261301
27.768668 193 1217 1633.14855288
30.404048 194 1218 1634.47261301
39.241829 195 1231 1650.14855288
19.419383 196 1238 1664.14855288
21.051921 197 1239 1667.14855288
29.257373 198 1244 1670.14855288
53.475073 199 1257 1698.14855288
43.245285 200 1268 1712.14855288
43.126949 201 1275 1729.14855288
50.950341 202 1281 1740.14855288
226.668414 203 1334 2021.78942761
269.288547 204 1344 2024.78942761
66.707892 205 1345 2024.78942761
117.560229 206 1346 2027.78942761
133.890305 207 1347 2028.16867635
111.526096 208 1357 2032.78942761
324.519854 209 1370 2038.78942761
310.612007 210 1376 2041.78942761
127.775933 211 1377 2043.78942761
362.256173 212 1378 2044.78942761
324.065271 213 1383 2046.78942761
107.550993 214 1384 2046.78942761
264.436106 215 1404 2057.16867635
360.781982 216 1407 2060.16867635
176.679979 217 1408 2060.78942761
46.833290 218 1414 2061.82534629
252.544882 219 1415 2063.16867635
270.074056 220 1416 2063.78942761
282.707227 221 1420 2063.78942761
185.461665 222 1421 2063.78942761
395.707134 223 1427 2064.82534629
101.534474 224 1428 2065.16867635
420.585182 225 1429 2066.16867635
326.941603 226 1435 2068.16867635
407.612483 227 1436 2071.16867635
345.760794 228 1446 2074.16867635
44.459175 229 1454 2077.78942761
54.594929 230 1458 2079.16867635
331.939883 231 1467 2080.78942761
176.105204 232 1473 2082.16867635
406.314516 233 1474 2082.16867635
35.817968 234 1476 2084.82534629
223.114115 235 1477 2085.16867635
439.972922 236 1478 2087.16867635
384.464602 237 1488 2092.82534629
416.344397 238 1490 2093.16867635
278.099586 239 1491 2095.82534629
436.410732 240 1494 2097.78942761
225.254087 241 1495 2097.78942761
77.937598 242 1499 2098.82534629
393.632134 243 1505 2100.78942761
365.116411 244 1506 2100.78942761
29.813424 245 1510 2104.16867635
139.793431 246 1520 2111.78942761
320.563942 247 1524 2114.78942761
296.454510 248 1525 2114.78942761
312.584916 249 1535 2117.78942761
50.890388 250 1539 2118.16867635
54.722302 251 1542 2118.82534629
416.815290 252 1543 2121.82534629
65.080663 253 1547 2124.82534629
415.301994 254 1548 2125.78942761
164.709403 255 1560 2129.82534629
96.490511 256 1561 2132.16867635
309.398148 257 1565 2135.16867635
25.004378 258 1573 2139.78942761
18.447591 259 1578 2141.16867635
300.493502 260 1579 2146.82534629
36.652355 261 1590 2153.78942761
531.816760 262 1595 2155.82534629
125.187932 263 1596 2156.78942761
281.040527 264 1598 2156.78942761
56.731101 265 1600 2158.16867635
51.297363 266 1610 2167.78942761
42.467724 267 1617 2169.16867635
23.083630 268 1624 2172.82534629
40.874531 269 1625 2175.78942761
35.399812 270 1626 2175.82534629
29.885786 271 1627 2178.82534629
38.237727 272 1628 2178.82534629
28.327756 273 1632 2181.78942761
17.794565 274 1633 2181.78942761
28.412093 275 1640 2189.16867635
96.219204 276 1645 2195.82534629
28.663608 277 1650 2199.36690015
16.203170 278 1654 2203.16867635
13.661026 279 1664 2214.16867635
33.458446 280 1668 2215.82534629
27.361370 281 1669 2216.36690015
32.380090 282 1682 2230.36690015
19.954102 283 1683 2231.16867635
21.989243 284 1688 2232.82534629
32.963936 285 1689 2234.16867635
14.471923 286 1698 2243.82534629
19.653084 287 1701 2246.82534629
17.174476 288 1702 2247.36690015
35.590055 289 1703 2247.36690015
17.837875 290 1720 2271.05137867
41.564103 291 1733 2296.64006129
26.747250 292 1745 2310.64006129
26.750724 293 1753 2323.89281104
34.526736 294 1758 2333.76267732
20.379410 295 1759 2337.14208721
16.956162 296 1775 2360.31493682
21.972592 297 1776 2363.35877456
11.160134 298 1787 2377.01850941
20.439609 299 1788 2379.85837508
18.891106 300 1805 2404.86100696
41.391679 301 1808 2407.41018859
30.951950 302 1820 2429.51469572
20.000000 303 1824 2439.87401301
25.008041 304 1836 2450.4826715
10.799005 305 1837 2452.58216212
13.186206 306 1867 2496.59461124
25.234448 307 1875 2503.40840477
17.122926 308 1877 2508.09844003
22.243170 309 1878 2509.78942761
29.666155 310 1892 2526.76459502
15.141440 311 1893 2527.90603519
24.819140 312 1905 2538.72517532
21.311847 313 1913 2543.037022
12.687851 314 1917 2545.09779215
15.627383 315 1922 2552.72517532
21.332658 316 1932 2560.037022
18.950663 317 1937 2562.29488041
29.744089 318 1942 2571.09779215
15.865928 319 1951 2577.90227564
14.794798 320 1952 2578.69707342
22.414632 321 1959 2590.111705
26.772986 322 1964 2605.88469097
29.773077 323 1982 2635.84599715
13.016458 324 1990 2642.04144893
16.870486 325 1991 2643.02499141
31.625473 326 2000 2669.24504826
16.642228 327 2014 2690.2543222
26.357772 328 2020 2693.61209457
12.825751 329 2026 2703.50412201
24.023943 330 2027 2704.67837151
29.000000 331 2044 2747.98484872
31.386874 332 2047 2750.99762315
27.391519 333 2061 2770.38914261
23.157850 334 2064 2773.54699219
21.033531 335 2067 2774.5805233
12.955404 336 2079 2786.41047641
13.999727 337 2080 2789.41020308
31.829680 338 2081 2789.41020308
29.485874 339 2105 2806.35679839
8.884966 340 2106 2807.82682091
14.000000 341 2107 2809.02993419
23.680366 342 2108 2810.03716415
17.413302 343 2109 2812.02993419
23.000000 344 2114 2813.03716415
22.828974 345 2119 2822.65579455
22.212561 346 2127 2834.97169472
30.317818 347 2138 2845.28951261
20.262632 348 2145 2851.41897585
12.863340 349 2157 2858.54683808
21.514038 350 2162 2861.93301434
20.750484 351 2163 2862.68349787
20.270548 352 2173 2871.15634419
22.122010 353 2178 2873.93710299
20.581055 354 2179 2880.51815839
30.638186 355 2191 2894.15634419
27.856688 356 2194 2897.41897585
19.572058 357 2196 2900.41897585
37.982916 358 2211 2922.24448473
31.205887 359 2219 2939.24448473
30.704657 360 2224 2948.24448473
37.274594 361 2234 2964.43630823
38.977616 362 2241 2982.24448473
20.374536 363 2254 3004.04631779
28.481997 364 2261 3021.04631779
26.762608 365 2264 3026.67178147
36.361783 366 2267 3039.67170686
36.408653 367 2283 3085.07743891
21.129071 368 2288 3096.07743891
30.178515 369 2292 3113.07743891
37.301461 370 2301 3130.86776248
14.668919 371 2302 3131.53668183
33.368354 372 2313 3150.9050358
18.565713 373 2315 3155.47074874
17.434593 374 2325 3166.47074874
26.434287 375 2331 3170.9050358
15.851976 376 2332 3174.47074874
26.646029 377 2337 3177.47074874
14.909877 378 2338 3178.9050358
24.520085 379 2347 3194.23756783
23.037222 380 2353 3200.27478998
22.696161 381 2361 3217.27478998
23.525536 382 2366 3220.23756783
33.410616 383 2375 3237.23756783
11.599750 384 2383 3245.23756783
56.608555 385 2392 3271.27478998
25.873547 386 2400 3285.27478998
97.219340 387 2411 3296.27478998
63.524391 388 2413 3297.23756783
24.992300 389 2424 3311.23756783
13.797740 390 2425 3314.23756783
48.654377 391 2432 3322.27478998
35.305168 392 2443 3331.23756783
33.086239 393 2445 3336.27478998
20.781578 394 2447 3339.27478998
18.450681 395 2455 3345.23756783
35.875566 396 2468 3356.27478998
17.016150 397 2469 3356.68349787
36.314403 398 2470 3359.23756783
28.961810 399 2476 3365.68349787
33.918367 400 2479 3368.68349787
39.538476 401 2482 3370.27478998
23.163375 402 2489 3378.14852404
15.619578 403 2494 3380.96278269
21.194681 404 2497 3382.34320518
10.120362 405 2505 3390.26589469
28.150001 406 2513 3398.11278413
12.114156 407 2514 3398.75124073
18.371190 408 2517 3400.63708504
23.000000 409 2518 3401.11278413
26.658635 410 2533 3414.40987575
12.842832 411 2538 3419.00680237
17.540121 412 2539 3420.16397064
18.652173 413 2550 3436.36403978
29.000000 414 2553 3441.69651029
6.500509 415 2568 3449.28436683
32.779341 416 2571 3455.14338094
15.499491 417 2572 3456.78385807
29.140986 418 2575 3458.28436683
19.184190 419 2578 3464.22591732
23.324711 420 2587 3476.74020502
8.986167 421 2594 3480.97624572
11.297596 422 2607 3491.00031523
35.249874 423 2614 3494.99007915
17.632244 424 2622 3499.00031523
21.776879 425 2634 3516.00031523
32.254272 426 2635 3517.99007915
29.099673 427 2643 3535.31224639
25.747904 428 2658 3550.81413098
26.753981 429 2659 3551.06622722
16.869132 430 2664 3553.68326296
18.781680 431 2671 3558.46494251
14.349188 432 2673 3558.81413098
15.122495 433 2683 3569.81413098
27.599729 434 2684 3574.62020136
20.777432 435 2685 3575.46494251
20.778137 436 2705 3596.49098751
17.472116 437 2708 3596.96310371
41.179296 438 2709 3598.71285017
24.820614 439 2719 3615.74678387
28.672489 440 2722 3616.96310371
34.268059 441 2723 3619.49098751
21.302367 442 2734 3638.15774688
14.146669 443 2739 3645.44103397
27.136618 444 2742 3648.29436516
31.091262 445 2748 3662.53229639
32.948095 446 2753 3681.48039172
11.000000 447 2768 3707.5032888
14.287208 448 2770 3710.5032888
17.160826 449 2776 3715.5032888
21.624184 450 2780 3716.21608066
56.111505 451 2783 3720.59189681
9.272075 452 2786 3724.21608066
13.133798 453 2791 3728.98873056
28.239594 454 2797 3749.22832407
16.294660 455 2818 3787.32058908
23.109055 456 2845 3827.40457897
10.588722 457 2858 3838.295524
33.995847 458 2859 3841.295524
30.784167 459 2873 3855.295524
27.165898 460 2874 3855.97542813
24.053160 461 2875 3858.295524
13.975483 462 2876 3858.295524
28.412391 463 2883 3875.22803151
15.731019 464 2893 3889.56358288
8.382463 465 2906 3898.88235286
25.936307 466 2911 3904.4998899
16.617537 467 2912 3907.4998899
12.820863 468 2919 3914.51047117
19.584737 469 2920 3915.68960813
25.776862 470 2932 3929.28733322
21.500333 471 2936 3930.78766628
24.607976 472 2944 3941.39564213
23.392024 473 2946 3941.78766628
25.169053 474 2950 3946.28733322
30.201454 475 2957 3949.28733322
22.309969 476 2964 3959.1825157
15.505880 477 2979 3972.78766628
19.436935 478 2984 3977.4154945
25.770895 479 2987 3984.05899695
24.319610 480 2993 3996.95353707
30.264045 481 3006 4016.21758212
9.449311 482 3007 4017.66689362
10.144042 483 3010 4019.81093595
24.852168 484 3015 4036.66310353
18.776521 485 3022 4054.17367911
33.065464 486 3030 4073.23914327
37.765151 487 3054 4104.57779262
15.414922 488 3056 4105.26070741
17.299717 489 3063 4108.56042463
31.267993 490 3067 4112.84578533
15.700283 491 3069 4113.26070741
11.786097 492 3073 4115.57779262
15.295791 493 3074 4119.56042463
13.953552 494 3085 4123.57779262
14.401679 495 3088 4128.90209526
21.394174 496 3089 4129.84578533
32.272738 497 3091 4133.26070741
26.317740 498 3105 4152.28106618
17.334292 499 3106 4152.61535821
17.512608 500 3109 4162.12796636
23.541235 501 3125 4185.73464926
12.614685 502 3132 4190.44175081
17.092416 503 3133 4191.82706544
14.970503 504 3146 4202.65877806
11.137187 505 3147 4203.30154214
20.505577 506 3152 4209.16435493
20.768422 507 3155 4213.06996372
31.246524 508 3156 4213.68827476
24.684500 509 3159 4223.75446341
47.171104 510 3170 4259.92556745
29.890593 511 3187 4279.26167106
11.852997 512 3192 4283.86026352
13.594693 513 3195 4289.45495664
27.279598 514 3200 4292.0072663
11.002979 515 3206 4301.11196827
19.997021 516 3207 4304.10898928
38.103740 517 3217 4328.67091089
24.128201 518 3229 4343.28636931
17.072741 519 3234 4346.35911074
19.824194 520 3235 4352.18330498
24.902575 521 3238 4360.08588021
36.262171 522 3247 4382.34805101
32.636679 523 3261 4407.7548933
17.039120 524 3262 4407.79401368
32.614371 525 3269 4423.40838424
20.887448 526 3270 4424.29583179
18.639087 527 3290 4455.0812508
24.292978 528 3302 4465.23093288
17.180805 529 3317 4479.41452228
21.747918 530 3319 4482.23371764
22.710729 531 3324 4488.12525079
27.720034 532 3325 4495.84528433
34.907456 533 3340 4507.44973516
14.454472 534 3343 4511.51878195
15.850362 535 3348 4513.36914391
29.390428 536 3372 4528.75957159
12.253133 537 3373 4528.80403814
15.579931 538 3376 4533.5509048
21.791333 539 3377 4533.5509048
16.062826 540 3378 4533.8668645
16.484389 541 3379 4540.33750437
25.422067 542 3390 4551.75957159
28.380698 543 3393 4555.90003418
17.985399 544 3394 4559.88543293
51.666096 545 3417 4602.57720014
31.015298 546 3427 4614.30639021
24.735209 547 3433 4618.06199758
19.229095 548 3444 4626.29109218
9.852790 549 3447 4629.09675587
15.914456 550 3451 4633.24396565
26.619429 551 3455 4637.32950994
35.002427 552 3474 4683.05394223
17.853392 553 3477 4689.90733391
22.091539 554 3489 4738.56410167
32.430221 555 3503 4758.56410167
19.410540 556 3508 4769.56410167
30.314718 557 3524 4792.56410167
31.111809 558 3529 4805.4725631
54.644046 559 3537 4825.4725631
50.981835 560 3543 4829.56410167
94.359658 561 3550 4842.4725631
19.661980 562 3556 4846.56410167
101.453829 563 3561 4854.56410167
19.179107 564 3563 4856.4725631
85.139177 565 3564 4857.56410167
84.570269 566 3578 4870.4725631
15.641421 567 3588 4879.56410167
26.414364 568 3598 4887.4725631
8.159216 569 3600 4887.56410167
16.843607 570 3601 4890.56410167
44.536276 571 3610 4904.4725631
11.547503 572 3615 4912.4725631
26.411807 573 3631 4929.4725631
41.901786 574 3632 4933.56410167
32.250180 575 3641 4946.4725631
73.785488 576 3648 4953.56410167
17.030474 577 3656 4964.56410167
22.744645 578 3657 4966.4725631
24.332337 579 3665 4969.4725631
60.759717 580 3668 4975.56410167
13.474785 581 3675 4980.4725631
65.865511 582 3676 4983.4725631
59.777279 583 3678 4986.56410167
73.562715 584 3688 4994.4725631
28.570915 585 3692 5000.56410167
32.909602 586 3703 5011.4725631
59.016260 587 3714 5019.4725631
51.754471 588 3717 5020.56410167
46.283408 589 3725 5036.4725631
132.111418 590 3726 5040.56410167
41.810399 591 3728 5042.4725631
93.559961 592 3733 5046.56410167
130.271680 593 3738 5050.4725631
52.551605 594 3745 5058.4725631
52.468139 595 3755 5068.56410167
85.851598 596 3757 5072.4725631
77.937475 597 3759 5075.4725631
72.244453 598 3764 5079.56410167
21.275697 599 3773 5086.4725631
23.279649 600 3776 5090.56410167
59.395657 601 3781 5095.56410167
18.128301 602 3789 5106.56410167
31.574751 603 3803 5126.56410167
25.385926 604 3807 5132.4725631
44.909619 605 3815 5143.4725631
46.168955 606 3821 5154.4725631
46.155888 607 3829 5171.4725631
22.988767 608 3844 5208.4725631
94.315046 609 3845 5208.4725631
48.521990 610 3867 5295.33380128
98.324985 611 3868 5298.33380128
118.145057 612 3873 5306.33380128
151.214066 613 3887 5327.94122256
21.677939 614 3889 5327.94122256
71.488456 615 3903 5341.94122256
150.191199 616 3916 5349.33380128
94.621632 617 3922 5352.33380128
132.251694 618 3924 5352.94122256
44.517862 619 3925 5352.94122256
136.974652 620 3931 5355.94122256
222.704433 621 3934 5358.94122256
190.854760 622 3938 5360.33380128
23.487585 623 3939 5360.33380128
71.540945 624 3943 5363.33380128
101.621486 625 3954 5373.34633657
250.973727 626 3955 5376.34633657
41.826758 627 3956 5377.33380128
25.113394 628 3959 5378.94122256
153.715315 629 3963 5380.33380128
33.349848 630 3965 5380.33380128
111.817711 631 3974 5386.94122256
21.009444 632 3976 5389.94122256
222.166069 633 3977 5390.34633657
292.293368 634 3985 5397.33380128
61.284538 635 3988 5397.94122256
38.293067 636 3992 5404.34633657
31.253550 637 4000 5411.94122256
23.255281 638 4003 5415.34633657
98.517946 639 4008 5420.33380128
65.609359 640 4012 5422.94122256
20.066096 641 4018 5434.33380128
22.214806 642 4037 5453.24324994
20.186853 643 4047 5462.33380128
24.295459 644 4048 5463.53870859
26.163054 645 4049 5467.24324994
29.545350 646 4050 5470.24324994
11.875784 647 4064 5482.64867569
31.964514 648 4066 5484.77289155
14.250520 649 4067 5485.89919598
15.749480 650 4072 5490.64867569
20.098992 651 4075 5500.39164287
27.843631 652 4082 5517.2352736
21.288749 653 4093 5532.7694369
28.245414 654 4094 5534.48068768
30.058940 655 4121 5575.31892365
14.264487 656 4128 5580.31892365
17.343831 657 4140 5596.32182635
25.892033 658 4144 5597.31892365
27.479975 659 4148 5600.0082141
22.997097 660 4155 5611.31892365
17.710361 661 4159 5614.31892365
27.931052 662 4162 5616.32182635
22.668922 663 4163 5619.31892365
12.247229 664 4177 5638.64121098
40.136618 665 4180 5643.39398217
21.741995 666 4186 5658.26242929
20.550654 667 4193 5667.81308372
19.667805 668 4217 5740.61893992
86.171164 669 4223 5745.99861413
28.332195 670 4227 5751.95113483
28.405437 671 4234 5762.99861413
26.914155 672 4244 5774.61893992
39.314520 673 4246 5774.95113483
30.738019 674 4249 5779.99861413
22.746467 675 4258 5791.61893992
39.154626 676 4265 5797.95113483
28.173351 677 4268 5799.99861413
12.544556 678 4277 5804.99861413
18.260427 679 4280 5808.61893992
26.024454 680 4282 5811.95113483
31.521353 681 4295 5821.99861413
26.012903 682 4300 5825.61893992
30.989969 683 4303 5825.95113483
17.781729 684 4305 5829.99861413
32.551208 685 4318 5839.61893992
51.902250 686 4329 5845.95113483
26.848548 687 4332 5846.99861413
11.675102 688 4334 5849.99861413
16.324149 689 4337 5850.36055864
25.716563 690 4354 5861.36055864
26.788194 691 4356 5865.95113483
24.740862 692 4358 5866.99861413
25.132421 693 4361 5867.36055864
16.633879 694 4374 5878.12754807
39.430970 695 4375 5879.61893992
20.584992 696 4377 5879.95113483
30.096169 697 4378 5881.36055864
39.470250 698 4381 5882.61893992
12.782467 699 4384 5886.12754807
21.543446 700 4401 5914.57721513
28.776606 701 4409 5928.93160109
33.541135 702 4414 5942.4727364
11.267363 703 4435 5966.4951005
29.986631 704 4449 5973.6152291
13.404441 705 4450 5974.4951005
21.612509 706 4451 5975.22773766
24.958340 707 4456 5980.45344009
16.400434 708 4466 5987.03911554
27.787849 709 4467 5987.6152291
26.486894 710 4470 5992.22773766
23.600097 711 4477 6005.63921301
22.271568 712 4478 6007.910781
30.510382 713 4485 6021.42116275
22.433559 714 4488 6023.85472142
19.778580 715 4501 6035.63330121
12.060701 716 4508 6042.90464705
20.469089 717 4511 6046.6487811
21.195164 718 4514 6047.84394556
8.391240 719 4533 6066.10903712
22.341322 720 4534 6066.83120544
24.886592 721 4537 6071.71779701
19.619953 722 4538 6077.72898975
24.743255 723 4541 6085.47224481
29.820477 724 4553 6118.15392371
36.785056 725 4569 6137.93897962
17.000000 726 4573 6141.02755723
22.048057 727 4580 6148.14423448
17.070426 728 4581 6149.79225418
33.227658 729 4604 6191.78141294
14.607026 730 4607 6194.56118293
25.172744 731 4611 6199.95415724
11.000000 732 4614 6201.86292931
24.301746 733 4617 6204.86292931
32.933666 734 4628 6224.84932739
30.161586 735 4633 6236.04669771
53.925510 736 4638 6263.97220806
27.478441 737 4652 6286.45064912
20.386530 738 4653 6288.82008392
12.561236 739 4664 6302.6079994
16.288220 740 4669 6307.89621928
21.346959 741 4677 6318.24317807
17.658354 742 4686 6328.74554348
26.844012 743 4689 6334.08718964
11.000000 744 4696 6342.24271435
28.875980 745 4697 6351.24271435
30.719432 746 4717 6395.82064462
19.451025 747 4720 6401.89377912
28.647995 748 4740 6465.15220997
17.779417 749 4754 6472.45031282
8.000000 750 4755 6474.84055753
10.390245 751 4756 6474.84055753
11.997485 752 4772 6506.68523338
42.725640 753 4773 6509.68523338
52.841897 754 4799 6566.77103866
17.305483 755 4802 6572.23986116
30.707465 756 4805 6574.47850371
19.531177 757 4810 6580.77103866
29.851844 758 4814 6591.40881502
11.528848 759 4833 6608.39238985
28.198721 760 4834 6608.60753578
19.738948 761 4838 6614.60753578
18.629599 762 4843 6622.39238985
29.370401 763 4844 6626.76279036
11.214876 764 4854 6639.3349276
36.363984 765 4855 6642.3349276
45.029979 766 4863 6676.78600123
27.669327 767 4867 6687.45532839
42.312931 768 4883 6712.76825928
23.116204 769 4885 6715.88446349
26.882905 770 4894 6726.76825928
31.450356 771 4896 6732.88446349
32.173584 772 4902 6743.88446349
36.742005 773 4906 6746.76825928
30.242071 774 4909 6749.76825928
52.883796 775 4913 6751.76825928
44.986689 776 4914 6754.88446349
47.726768 777 4915 6763.88446349
