#data counter step time
0 1 0 0.0
1 2 1 0.0
2 3 12 2.1136711161
3 4 14 3.97286449178
4 5 18 10.802370184
3 6 20 13.1136711161
4 7 21 14.3845477125
5 8 24 16.2548810161
4 9 30 23.9728644918
5 10 31 26.8623693734
4 11 33 26.9728644918
3 12 36 27.802370184
4 13 37 28.8939105281
5 14 40 29.1315347103
6 15 41 35.8931425992
5 16 43 37.3845477125
6 17 46 42.7970230739
7 18 51 45.819486007
8 19 55 48.3439225625
7 20 56 48.8939105281
6 21 60 49.8623693734
7 22 61 50.6407876513
6 23 63 52.8623693734
5 24 66 55.8931425992
4 25 69 59.7970230739
3 26 70 59.8939105281
2 27 71 65.819486007
3 28 74 66.9299139847
4 29 76 68.0860875164
3 30 80 73.6407876513
4 31 83 79.7223965377
3 32 85 80.9299139847
2 33 86 82.0860875164
3 34 89 83.8848983998
4 35 91 85.6647659819
3 36 93 93.7223965377
2 37 98 100.8848984
1 38 99 102.664765982
2 39 100 109.730507415
3 40 102 109.976987979
4 41 104 110.41654538
5 42 109 112.270703263
6 43 111 112.719945194
5 44 118 124.41654538
4 45 119 124.41654538
3 46 120 126.976987979
2 47 121 127.41654538
1 48 122 132.730507415
2 49 123 137.816046865
3 50 125 138.011306721
4 51 131 147.096160774
3 52 133 148.816046865
2 53 136 155.011306721
3 54 137 157.531602336
4 55 140 162.227371825
5 56 141 162.747454296
6 57 143 164.952274
5 58 148 170.096160774
4 59 149 171.531602336
3 60 150 171.531602336
4 61 155 180.244652505
5 62 157 180.999986104
4 63 159 187.952274
3 64 162 188.747454296
4 65 163 194.113601393
5 66 165 194.726839247
6 67 167 194.807602164
5 68 169 194.999986104
6 69 172 197.991210116
5 70 176 203.244652505
6 71 179 206.195975473
5 72 183 211.726839247
4 73 188 214.807602164
5 74 189 216.938442788
6 75 191 217.533150991
5 76 197 222.533150991
6 77 198 222.692342083
5 78 200 223.113601393
4 79 201 223.195975473
3 80 202 224.938442788
4 81 204 225.696144936
3 82 205 226.991210116
4 83 209 229.810987686
3 84 211 230.692342083
2 85 214 234.810987686
1 86 215 236.692342083
2 87 216 239.741631732
3 88 218 243.703930384
4 89 221 246.512803583
5 90 226 252.026128877
4 91 230 256.741631732
3 92 231 260.703930384
2 93 234 275.026128877
1 94 235 275.512803583
2 95 236 280.395544178
3 96 240 284.438553382
4 97 242 293.600057036
5 98 244 293.993799962
6 99 246 295.874581562
5 100 248 297.395544178
6 101 253 302.094717018
5 102 257 307.438553382
4 103 260 309.874581562
3 104 261 310.993799962
2 105 264 319.094717018
1 106 265 322.600057036
2 107 266 326.543132676
3 108 268 335.506847463
4 109 274 345.258593301
5 110 276 346.269251953
4 111 278 346.506847463
3 112 279 346.543132676
4 113 280 348.59641837
3 114 288 356.59641837
4 115 289 357.636914864
5 116 292 357.767471931
4 117 293 359.258593301
3 118 294 360.269251953
4 119 295 360.481907584
3 120 300 365.636914864
4 121 301 368.24477284
5 122 303 368.584608903
4 123 305 368.636914864
5 124 306 370.27123023
6 125 310 373.466556517
5 126 316 376.584608903
4 127 321 378.27123023
3 128 322 381.466556517
2 129 323 383.481907584
1 130 324 391.24477284
2 131 325 396.479153435
3 132 327 398.262286959
4 133 329 400.210067932
3 134 337 406.262286959
2 135 338 411.210067932
3 136 339 415.982707436
2 137 341 416.479153435
3 138 342 424.735085499
4 139 346 428.60078595
5 140 348 430.386949548
6 141 351 430.915210537
7 142 352 432.864300584
8 143 360 435.856461933
7 144 363 438.982707436
6 145 364 439.60078595
5 146 368 444.735085499
6 147 369 446.345295924
5 148 371 447.386949548
4 149 372 448.60078595
3 150 373 449.864300584
4 151 376 452.585737223
5 152 378 453.098302482
4 153 380 455.864300584
3 154 383 457.345295924
4 155 386 464.663410461
3 156 388 466.585737223
2 157 391 472.663410461
3 158 392 477.109760421
2 159 394 479.098302482
3 160 395 481.64122255
4 161 398 481.96391198
5 162 399 484.211531125
4 163 406 495.64122255
5 164 409 500.239170951
6 165 411 503.035806615
5 166 413 503.109760421
4 167 414 504.64122255
5 168 416 505.994210743
4 169 420 507.211531125
5 170 423 510.316846222
4 171 427 514.035806615
3 172 428 514.035806615
4 173 429 514.840802021
3 174 431 517.239170951
4 175 432 519.059390887
5 176 434 523.80773901
4 177 436 524.316846222
5 178 439 525.814106823
6 179 441 528.363337531
5 180 451 536.363337531
4 181 452 537.80773901
3 182 453 539.814106823
2 183 454 540.840802021
3 184 455 542.690030413
4 185 457 544.48547923
3 186 459 545.059390887
2 187 462 553.690030413
3 188 465 560.244752251
2 189 469 564.48547923
1 190 471 565.244752251
2 191 472 565.468670993
3 192 474 566.769979011
4 193 481 582.002303863
3 194 483 585.468670993
4 195 485 589.360328543
5 196 487 593.094250715
4 197 492 595.769979011
3 198 493 602.002303863
4 199 494 602.406287551
5 200 496 603.814145394
4 201 498 605.002303863
3 202 499 605.002303863
4 203 500 605.784348967
5 204 508 620.725693711
4 205 510 622.406287551
3 206 511 628.784348967
2 207 512 629.814145394
3 208 516 634.02728117
2 209 521 642.02728117
3 210 522 643.681361487
2 211 524 646.725693711
3 212 526 649.293501005
4 213 528 649.600537632
3 214 532 660.681361487
4 215 534 661.178574497
5 216 537 667.49397308
4 217 541 669.293501005
5 218 544 676.639001376
4 219 547 680.681361487
5 220 548 681.484160882
4 221 549 686.293501005
3 222 556 697.681361487
2 223 557 700.681361487
3 224 559 701.595249696
2 225 560 703.293501005
3 226 562 707.946978577
4 227 563 709.083154717
5 228 566 714.402288891
4 229 569 726.293501005
5 230 570 731.813294221
6 231 572 731.860333363
7 232 577 737.749411138
6 233 579 740.293501005
7 234 580 742.914428502
6 235 581 743.293501005
7 236 582 743.810785078
6 237 583 746.293501005
7 238 586 749.911381425
8 239 587 753.398435615
7 240 589 757.293501005
8 241 590 757.367569521
9 242 593 769.203596693
8 243 596 771.293501005
9 244 598 772.414474648
10 245 599 773.534469993
11 246 600 775.444356795
12 247 605 782.035302466
11 248 607 782.293501005
10 249 608 782.293501005
11 250 613 787.981486882
10 251 614 791.293501005
11 252 620 797.676241127
10 253 622 803.48547923
9 254 623 803.48547923
10 255 624 804.636119117
9 256 626 805.293501005
10 257 627 806.850741865
11 258 632 812.669419198
10 259 634 817.48547923
9 260 639 822.293501005
10 261 640 824.324953985
9 262 649 834.48547923
8 263 650 836.293501005
7 264 653 839.293501005
6 265 654 839.293501005
5 266 655 839.293501005
6 267 656 843.519409306
7 268 659 844.492432398
6 269 663 848.48547923
5 270 667 856.293501005
6 271 668 858.420610549
5 272 677 865.48547923
4 273 679 866.814145394
3 274 680 868.293501005
4 275 684 870.920942878
3 276 686 873.48547923
2 277 687 874.725693711
3 278 688 876.070949724
4 279 695 883.854490992
3 280 697 884.070949724
4 281 698 886.299923414
3 282 702 890.920942878
4 283 703 891.206470755
5 284 707 893.875319429
6 285 708 895.078568742
5 286 712 900.299923414
4 287 713 900.854490992
3 288 715 902.206470755
4 289 718 907.740769517
5 290 720 914.460690344
6 291 723 917.955449035
5 292 724 918.740769517
4 293 729 923.299923414
3 294 732 932.740769517
4 295 735 935.341304573
5 296 737 937.789471878
4 297 738 938.854490992
5 298 740 939.99791956
4 299 742 940.299923414
5 300 744 943.943044848
6 301 745 948.131708718
7 302 749 951.825106939
8 303 754 954.727072076
9 304 755 955.079432389
10 305 756 955.479972944
11 306 759 958.017578184
10 307 760 958.341304573
9 308 763 960.299923414
8 309 764 963.299923414
7 310 765 963.299923414
6 311 771 975.341304573
7 312 772 975.960117853
6 313 774 976.854490992
7 314 775 978.761176091
6 315 779 980.299923414
7 316 780 986.044301455
8 317 783 989.719488465
7 318 787 990.854490992
6 319 788 992.341304573
5 320 793 1000.29992341
4 321 797 1003.34130457
3 322 798 1007.85449099
4 323 804 1022.03527051
3 324 806 1023.29992341
2 325 807 1029.34130457
3 326 810 1035.28356696
4 327 812 1037.97314901
5 328 814 1038.18902737
4 329 816 1042.03527051
3 330 823 1052.18902737
4 331 824 1053.69513828
3 332 826 1060.97314901
2 333 827 1061.28356696
1 334 830 1067.69513828
2 335 831 1073.62945488
3 336 833 1075.81524934
4 337 836 1080.55216486
5 338 837 1081.47570441
6 339 839 1082.38459481
7 340 844 1082.91460921
8 341 845 1085.46753843
9 342 848 1087.14962117
10 343 851 1092.13687785
11 344 854 1092.73763651
10 345 855 1092.81524934
9 346 856 1095.81524934
10 347 860 1096.37828434
9 348 861 1096.62945488
8 349 865 1098.47570441
7 350 866 1102.38459481
6 351 874 1106.81524934
5 352 875 1106.81524934
6 353 876 1107.21091107
5 354 878 1107.62945488
6 355 881 1109.49879492
5 356 883 1110.62945488
4 357 886 1115.81524934
3 358 887 1118.47570441
2 359 890 1121.21091107
3 360 891 1125.67773317
2 361 893 1132.49879492
3 362 896 1132.76887538
2 363 898 1139.67773317
3 364 899 1140.26177791
4 365 901 1141.1561529
5 366 905 1143.07177247
6 367 909 1146.90094692
5 368 910 1152.76887538
6 369 912 1153.68535367
5 370 915 1154.26177791
6 371 917 1157.74681047
7 372 919 1157.88299101
8 373 922 1159.06398419
9 374 926 1159.91540027
8 375 927 1162.26177791
7 376 931 1163.07177247
8 377 932 1166.93575601
7 378 934 1169.07177247
6 379 939 1169.76887538
5 380 940 1170.1561529
6 381 944 1175.63783352
7 382 946 1176.63869539
8 383 947 1177.67794318
7 384 948 1179.26177791
6 385 950 1180.76887538
5 386 956 1186.63783352
4 387 957 1186.76887538
3 388 961 1189.07177247
4 389 964 1189.81138733
5 390 966 1190.58578302
4 391 968 1191.63783352
3 392 969 1193.26177791
4 393 970 1195.46801889
3 394 979 1205.63783352
2 395 980 1209.46801889
1 396 981 1209.81138733
2 397 982 1216.09129229
3 398 984 1216.75372691
4 399 986 1218.38401643
5 400 989 1218.76669838
6 401 990 1219.18289134
7 402 992 1221.18014561
8 403 993 1224.16631148
9 404 994 1225.36823799
10 405 998 1225.89672203
9 406 1006 1230.75372691
8 407 1007 1230.75372691
7 408 1008 1230.75372691
6 409 1009 1232.38401643
5 410 1012 1233.75372691
6 411 1013 1235.72913195
5 412 1015 1236.09129229
6 413 1016 1236.15694803
7 414 1021 1242.90323747
6 415 1025 1244.75372691
7 416 1029 1249.38989639
8 417 1031 1249.42364888
7 418 1033 1253.09129229
8 419 1035 1253.49612305
9 420 1037 1254.06758477
10 421 1038 1254.65081202
9 422 1043 1255.38401643
10 423 1044 1255.82340642
9 424 1049 1258.75372691
8 425 1050 1258.75372691
9 426 1052 1259.76381124
8 427 1054 1260.293501
7 428 1055 1260.293501
6 429 1061 1266.293501
5 430 1062 1270.09129229
4 431 1065 1272.38401643
5 432 1068 1274.60330357
6 433 1070 1275.94069677
7 434 1071 1277.75637075
6 435 1073 1279.09129229
5 436 1075 1281.75372691
6 437 1078 1284.88209732
5 438 1081 1288.60330357
4 439 1085 1292.293501
5 440 1086 1292.97515607
4 441 1088 1293.09129229
5 442 1093 1302.50870328
4 443 1095 1304.75372691
5 444 1096 1305.36950116
4 445 1097 1308.60330357
3 446 1101 1315.97515607
4 447 1104 1319.46139261
3 448 1110 1324.75372691
4 449 1112 1325.41085466
5 450 1113 1326.49011627
4 451 1115 1328.60330357
3 452 1117 1330.46139261
4 453 1118 1331.59751789
3 454 1124 1341.46139261
2 455 1126 1342.60330357
3 456 1129 1357.15107728
2 457 1131 1358.46139261
3 458 1132 1358.88696884
4 459 1134 1359.71105211
5 460 1136 1360.74891013
6 461 1142 1373.49852164
7 462 1143 1378.81258834
8 463 1144 1380.11552796
7 464 1146 1380.15107728
8 465 1147 1382.19685597
7 466 1148 1383.15107728
6 467 1150 1384.88696884
7 468 1155 1398.90035826
6 469 1157 1403.15107728
5 470 1158 1404.88696884
6 471 1161 1409.34864879
7 472 1162 1411.61643882
8 473 1163 1411.83834983
9 474 1169 1417.15400116
8 475 1170 1418.88696884
7 476 1172 1421.88696884
6 477 1178 1426.15107728
5 478 1179 1432.88696884
6 479 1187 1441.84454812
7 480 1188 1443.84109398
8 481 1189 1444.11854966
7 482 1191 1446.15107728
6 483 1193 1446.76887538
5 484 1195 1449.88696884
6 485 1200 1454.42996655
5 486 1202 1454.88696884
6 487 1205 1457.36633766
5 488 1207 1463.76887538
4 489 1211 1466.15107728
3 490 1214 1468.88696884
4 491 1217 1471.36702187
5 492 1219 1475.64177225
6 493 1220 1477.59959204
5 494 1221 1477.76887538
4 495 1224 1480.15107728
5 496 1227 1486.14286522
6 497 1230 1487.19749444
5 498 1234 1488.76887538
4 499 1235 1494.15107728
5 500 1239 1499.44362995
4 501 1241 1500.36702187
3 502 1244 1502.76887538
2 503 1247 1508.15107728
1 504 1249 1511.36702187
2 505 1252 1518.41458273
3 506 1253 1525.31998502
2 507 1260 1532.41458273
1 508 1261 1533.31998502
2 509 1262 1533.97461136
3 510 1264 1539.25346418
4 511 1266 1540.01410906
3 512 1270 1547.97461136
4 513 1271 1549.4920128
5 514 1273 1555.09687198
6 515 1276 1556.08853144
7 516 1279 1558.00598172
6 517 1283 1562.25346418
5 518 1285 1563.4920128
6 519 1288 1572.50925513
5 520 1293 1578.01410906
6 521 1298 1581.98260839
5 522 1299 1582.25346418
4 523 1300 1583.01410906
3 524 1301 1583.4920128
4 525 1302 1592.49687902
3 526 1309 1599.75372691
2 527 1310 1602.75372691
3 528 1311 1609.05834747
4 529 1313 1609.2306724
3 530 1315 1615.49687902
4 531 1317 1618.97877979
5 532 1320 1619.04755959
6 533 1327 1626.12112557
7 534 1328 1629.03884058
6 535 1329 1629.2306724
5 536 1333 1632.05834747
4 537 1335 1632.2306724
5 538 1337 1635.91369032
6 539 1339 1638.49038973
5 540 1340 1638.97877979
4 541 1347 1643.2306724
3 542 1348 1646.05834747
2 543 1349 1646.2306724
3 544 1350 1652.96921418
2 545 1352 1655.2306724
3 546 1355 1661.12479851
4 547 1357 1664.65333298
5 548 1359 1665.28367735
6 549 1360 1666.14478603
7 550 1362 1666.46252075
8 551 1363 1670.30088398
7 552 1368 1672.96921418
6 553 1371 1675.65333298
5 554 1372 1675.65333298
6 555 1376 1677.2105631
5 556 1378 1678.12479851
6 557 1379 1682.58449649
5 558 1383 1686.65333298
4 559 1385 1689.96921418
5 560 1388 1693.95319545
4 561 1392 1701.12479851
3 562 1395 1703.96921418
4 563 1396 1707.17425111
3 564 1400 1712.12479851
2 565 1401 1715.65333298
3 566 1402 1719.95811768
4 567 1404 1722.63738108
3 568 1408 1727.17425111
4 569 1411 1730.53471141
3 570 1417 1736.63738108
2 571 1418 1742.95811768
3 572 1419 1744.6979337
4 573 1421 1747.21131121
3 574 1423 1747.53471141
4 575 1424 1749.0667128
5 576 1430 1752.83591038
4 577 1431 1755.21131121
5 578 1433 1755.22352759
6 579 1434 1758.68274497
5 580 1438 1764.6979337
4 581 1441 1769.21131121
5 582 1444 1772.09535057
6 583 1445 1780.0587659
5 584 1447 1781.0667128
6 585 1453 1786.78433839
5 586 1454 1789.21131121
4 587 1455 1789.21131121
5 588 1459 1792.99538545
4 589 1462 1796.6979337
3 590 1465 1801.0667128
2 591 1466 1806.21131121
1 592 1469 1810.6979337
2 593 1470 1814.25340952
3 594 1472 1814.57724064
4 595 1474 1814.67182923
5 596 1476 1820.96592862
4 597 1484 1828.25340952
3 598 1487 1831.57724064
2 599 1488 1831.67182923
1 600 1489 1834.96592862
2 601 1490 1836.04572669
1 602 1495 1844.04572669
2 603 1496 1847.66127949
3 604 1498 1849.86265727
4 605 1502 1857.56822497
3 606 1508 1864.66127949
4 607 1509 1866.50942114
3 608 1511 1869.86265727
2 609 1512 1874.56822497
3 610 1515 1883.35135493
2 611 1517 1883.50942114
3 612 1518 1884.83227509
2 613 1524 1897.35135493
1 614 1525 1910.83227509
2 615 1526 1916.03851848
3 616 1528 1920.99192458
4 617 1532 1927.95621499
5 618 1534 1929.42754879
4 619 1536 1933.03851848
5 620 1539 1937.451957
6 621 1541 1937.68941604
7 622 1543 1939.49000923
6 623 1551 1946.99192458
7 624 1554 1949.40016379
6 625 1555 1952.42754879
5 626 1557 1956.95621499
4 627 1558 1957.68941604
5 628 1560 1958.79604093
4 629 1562 1960.451957
5 630 1563 1960.76513082
6 631 1574 1971.90520673
5 632 1575 1972.79604093
4 633 1577 1972.99192458
3 634 1578 1978.42754879
2 635 1579 1980.76513082
3 636 1582 1991.23143611
2 637 1584 1992.79604093
3 638 1587 2001.69372437
2 639 1589 2008.23143611
3 640 1590 2008.96365213
4 641 1593 2010.86662494
5 642 1594 2016.63624764
6 643 1596 2016.64846201
5 644 1600 2021.69372437
6 645 1605 2022.99030265
5 646 1606 2025.96365213
6 647 1609 2028.14750946
7 648 1611 2028.53602284
6 649 1612 2031.96365213
5 650 1619 2039.63624764
4 651 1620 2039.63624764
3 652 1622 2039.64846201
4 653 1623 2042.22113703
5 654 1625 2043.57206618
6 655 1626 2043.70837017
5 656 1630 2045.14750946
6 657 1632 2047.89987285
5 658 1634 2048.96365213
6 659 1636 2049.6858588
7 660 1644 2058.5698395
6 661 1646 2059.22113703
5 662 1647 2062.22113703
4 663 1648 2065.96365213
3 664 1654 2068.14750946
2 665 1657 2073.96365213
3 666 1658 2081.78187646
2 667 1660 2082.22113703
3 668 1661 2082.66014333
2 669 1667 2092.78187646
3 670 1668 2095.29145106
2 671 1670 2099.66014333
3 672 1673 2110.54729859
4 673 1677 2119.34018912
3 674 1678 2121.29145106
4 675 1682 2133.38071723
3 676 1684 2133.54729859
4 677 1685 2144.21802597
3 678 1686 2144.29145106
4 679 1690 2150.70420411
5 680 1691 2156.00937562
6 681 1692 2156.53085593
5 682 1694 2156.54729859
6 683 1697 2161.51395152
7 684 1699 2162.41433208
8 685 1700 2166.12455409
7 686 1706 2170.29145106
8 687 1708 2172.95642827
7 688 1713 2175.29145106
8 689 1714 2178.42087743
7 690 1715 2179.54729859
6 691 1718 2181.29145106
5 692 1721 2182.54729859
4 693 1722 2187.29145106
5 694 1728 2197.79683949
4 695 1730 2201.68941604
3 696 1731 2204.29145106
4 697 1732 2206.71822925
3 698 1734 2207.29145106
4 699 1737 2218.14591298
3 700 1741 2220.79683949
4 701 1744 2231.25193745
5 702 1746 2234.63437266
4 703 1747 2235.71822925
5 704 1749 2236.73999768
4 705 1751 2238.14591298
5 706 1754 2241.52768252
4 707 1760 2245.25193745
3 708 1763 2249.14591298
4 709 1764 2249.43673069
3 710 1766 2249.71822925
2 711 1767 2253.25193745
1 712 1772 2260.43673069
2 713 1773 2265.97378123
3 714 1777 2278.44558028
4 715 1781 2282.25769681
5 716 1784 2286.18893167
6 717 1788 2286.94672017
5 718 1790 2288.97378123
6 719 1792 2289.93016427
5 720 1793 2290.25769681
4 721 1794 2291.97378123
3 722 1801 2297.18893167
4 723 1803 2300.42184983
3 724 1805 2300.94672017
4 725 1806 2301.1320855
5 726 1808 2305.14292546
6 727 1816 2309.83532851
5 728 1817 2312.94672017
4 729 1819 2313.14292546
3 730 1822 2318.1320855
2 731 1823 2320.42184983
1 732 1824 2321.14292546
2 733 1825 2324.25129496
3 734 1829 2328.28795192
4 735 1831 2328.46415869
5 736 1833 2330.42942911
6 737 1836 2337.79595973
5 738 1839 2338.25129496
4 739 1842 2339.46415869
5 740 1843 2342.96936718
4 741 1848 2348.28795192
3 742 1849 2349.25129496
2 743 1850 2355.25129496
3 744 1851 2355.91747865
4 745 1855 2364.3668617
3 746 1859 2365.96936718
2 747 1862 2372.3668617
1 748 1863 2375.91747865
2 749 1864 2378.42239624
3 750 1866 2382.14719923
4 751 1870 2388.9913622
3 752 1874 2392.42239624
2 753 1877 2396.14719923
3 754 1878 2396.35554155
2 755 1880 2399.9913622
3 756 1881 2402.06158369
4 757 1886 2404.13878892
5 758 1887 2406.86815877
6 759 1889 2413.73954328
7 760 1893 2415.25997718
8 761 1896 2416.92992509
7 762 1898 2419.35554155
6 763 1900 2420.86815877
5 764 1901 2422.06158369
4 765 1903 2425.06158369
5 766 1906 2428.47920451
4 767 1910 2431.86815877
3 768 1913 2436.06158369
2 769 1914 2436.35554155
3 770 1915 2438.29957316
4 771 1919 2438.95606394
5 772 1925 2447.10059928
6 773 1926 2448.57382814
5 774 1928 2448.86815877
4 775 1930 2452.29957316
3 776 1931 2452.95606394
4 777 1932 2453.40904134
3 778 1938 2462.86815877
4 779 1941 2465.47915441
5 780 1943 2465.55896895
6 781 1944 2465.74605101
5 782 1946 2466.29957316
4 783 1953 2473.40904134
3 784 1954 2476.47915441
4 785 1955 2476.70931338
3 786 1957 2477.29957316
4 787 1962 2485.18662021
3 788 1964 2488.25193745
2 789 1967 2490.70931338
3 790 1968 2492.88844875
2 791 1970 2499.18662021
3 792 1971 2502.62475423
4 793 1975 2503.28507871
5 794 1977 2506.93756916
6 795 1979 2507.20890666
7 796 1980 2507.5791625
6 797 1981 2509.88844875
7 798 1987 2513.59192206
8 799 1988 2514.90403589
7 800 1990 2514.93756916
8 801 1992 2516.40322866
7 802 2001 2520.28507871
6 803 2004 2522.62475423
5 804 2005 2522.93756916
6 805 2006 2524.19641695
5 806 2012 2525.62475423
4 807 2013 2526.88844875
3 808 2016 2529.19641695
2 809 2017 2534.28507871
3 810 2018 2538.05104414
2 811 2020 2538.97378123
3 812 2021 2544.91739438
4 813 2027 2552.40429562
5 814 2029 2553.92201519
4 815 2031 2555.05104414
3 816 2032 2555.91739438
4 817 2038 2564.47353152
3 818 2039 2566.40429562
4 819 2040 2566.99108207
5 820 2042 2570.79624049
4 821 2044 2570.92201519
5 822 2047 2576.26106602
6 823 2051 2579.27410715
7 824 2055 2581.20154852
6 825 2057 2581.47353152
5 826 2058 2583.99108207
6 827 2065 2589.18736268
5 828 2067 2593.27410715
4 829 2068 2593.79624049
3 830 2069 2595.47353152
2 831 2072 2596.26106602
3 832 2073 2597.78561299
4 833 2075 2602.7035276
5 834 2077 2602.88456231
6 835 2079 2603.20391589
7 836 2083 2605.67526744
6 837 2084 2609.18736268
7 838 2088 2611.29818114
6 839 2092 2613.88456231
7 840 2095 2620.09424944
8 841 2097 2620.24506615
7 842 2099 2620.78561299
8 843 2103 2620.94030321
7 844 2107 2624.88456231
6 845 2108 2626.18736268
5 846 2109 2626.20391589
6 847 2111 2626.63610798
7 848 2112 2629.02621239
6 849 2114 2630.88456231
5 850 2115 2631.7035276
6 851 2123 2638.90981977
5 852 2125 2643.02621239
4 853 2126 2643.78561299
5 854 2127 2644.28066052
4 855 2131 2646.78561299
5 856 2132 2647.03745103
6 857 2134 2649.59483869
5 858 2136 2650.88456231
4 859 2139 2652.90981977
3 860 2144 2658.28066052
2 861 2145 2660.59483869
3 862 2146 2662.76343553
4 863 2148 2667.25590399
5 864 2150 2668.46394052
4 865 2154 2670.03745103
3 866 2160 2679.76343553
4 867 2161 2682.67052183
3 868 2163 2684.25590399
4 869 2164 2686.15478225
5 870 2169 2688.36994369
4 871 2171 2691.46394052
5 872 2172 2693.73983683
6 873 2177 2695.85642765
5 874 2180 2696.67052183
4 875 2181 2699.36994369
5 876 2182 2701.7275512
4 877 2186 2706.15478225
3 878 2190 2710.73983683
2 879 2191 2712.7275512
3 880 2192 2712.92145339
2 881 2194 2713.73983683
3 882 2195 2716.87393677
4 883 2201 2725.00591017
5 884 2203 2737.47138057
4 885 2207 2738.92145339
3 886 2209 2742.00591017
2 887 2210 2742.87393677
1 888 2215 2754.47138057
2 889 2217 2759.92549201
3 890 2219 2760.92516974
4 891 2223 2766.8206596
5 892 2226 2768.42374292
4 893 2228 2771.92516974
5 894 2229 2772.30959386
4 895 2231 2773.92549201
5 896 2232 2778.10247001
6 897 2233 2784.49200591
5 898 2239 2793.92549201
6 899 2240 2795.39064201
7 900 2241 2795.40158474
8 901 2244 2799.13868093
7 902 2246 2800.92516974
8 903 2247 2801.625638
7 904 2252 2804.92549201
8 905 2253 2807.88712957
7 906 2255 2808.92516974
6 907 2261 2818.92549201
7 908 2263 2820.42045734
8 909 2264 2822.96782512
7 910 2265 2824.92549201
6 911 2269 2828.92516974
5 912 2271 2829.92549201
6 913 2272 2830.75977743
5 914 2278 2837.92549201
4 915 2280 2845.92516974
5 916 2281 2846.50038418
6 917 2282 2847.0527062
5 918 2288 2863.92549201
6 919 2291 2865.218535
7 920 2292 2866.61811468
6 921 2294 2868.92516974
7 922 2295 2870.19957899
8 923 2296 2871.65563092
7 924 2297 2871.92549201
6 925 2306 2885.92516974
5 926 2308 2885.92549201
6 927 2309 2886.22956325
5 928 2310 2888.92549201
4 929 2316 2902.92516974
3 930 2318 2902.92549201
2 931 2324 2922.92516974
3 932 2325 2923.08345084
2 933 2327 2925.92549201
3 934 2330 2926.00561349
4 935 2332 2939.04792254
3 936 2339 2943.08345084
2 937 2340 2943.08345084
1 938 2341 2944.04792254
2 939 2342 2946.84420854
3 940 2344 2949.24614683
4 941 2348 2954.32601768
3 942 2349 2960.84420854
4 943 2351 2962.13471241
5 944 2352 2962.23579257
4 945 2357 2969.24614683
5 946 2359 2969.40965001
6 947 2361 2971.19453888
7 948 2369 2977.78775114
6 949 2370 2977.84420854
5 950 2374 2981.87393677
4 951 2377 2983.24614683
3 952 2378 2983.84420854
4 953 2379 2986.17349317
5 954 2383 2989.91598229
4 955 2385 2989.92145339
5 956 2386 2990.27111599
4 957 2390 2994.84420854
5 958 2395 2997.44605307
6 959 2397 2998.63086077
7 960 2398 2999.63687041
8 961 2399 3001.66126643
7 962 2401 3003.17349317
6 963 2402 3006.91598229
5 964 2406 3010.27111599
6 965 2408 3012.19061031
5 966 2414 3017.44605307
4 967 2415 3017.91598229
3 968 2416 3020.17349317
4 969 2420 3022.29727776
3 970 2422 3024.27111599
4 971 2423 3026.13144102
3 972 2432 3033.29727776
4 973 2433 3034.21172456
5 974 2435 3035.49012385
4 975 2437 3037.13144102
3 976 2438 3037.44605307
4 977 2441 3040.05164701
3 978 2445 3042.13144102
4 979 2446 3042.48387872
5 980 2452 3047.24477262
4 981 2454 3048.21172456
5 982 2457 3056.19066806
6 983 2458 3056.33714887
5 984 2459 3057.05164701
4 985 2461 3059.48387872
5 986 2463 3060.47289159
6 987 2464 3061.15783452
7 988 2465 3063.33148119
8 989 2470 3067.93205702
7 990 2471 3068.21172456
6 991 2474 3073.48387872
5 992 2479 3077.05164701
6 993 2481 3077.20629317
7 994 2482 3081.86675705
8 995 2484 3081.9802707
7 996 2486 3082.21172456
8 997 2489 3084.87925888
9 998 2490 3086.43756179
8 999 2495 3088.05164701
7 1000 2496 3088.21172456
6 1001 2499 3093.48387872
5 1002 2501 3093.48387872
6 1003 2502 3094.86106634
7 1004 2507 3098.8445695
6 1005 2510 3099.05164701
5 1006 2512 3099.21172456
6 1007 2516 3107.88549237
7 1008 2519 3110.24418047
6 1009 2522 3110.48387872
5 1010 2523 3113.05164701
6 1011 2524 3114.6157514
5 1012 2528 3116.05164701
4 1013 2529 3119.21172456
5 1014 2533 3121.65651705
4 1015 2535 3122.6157514
3 1016 2538 3127.48387872
4 1017 2539 3128.79224247
3 1018 2541 3130.48387872
4 1019 2542 3131.71862654
3 1020 2544 3138.65651705
4 1021 2548 3139.81700694
3 1022 2552 3142.79224247
2 1023 2553 3145.71862654
1 1024 2554 3148.71862654
2 1025 2555 3149.01083662
3 1026 2557 3156.37312074
2 1027 2562 3172.01083662
1 1028 2565 3179.37312074
2 1029 2566 3186.68333682
3 1030 2570 3194.81452788
4 1031 2572 3196.84403594
5 1032 2575 3198.93617894
4 1033 2576 3200.68333682
5 1034 2580 3209.28174678
4 1035 2584 3211.81452788
3 1036 2585 3213.84403594
4 1037 2586 3217.1656696
3 1038 2588 3217.81452788
4 1039 2593 3222.09500156
3 1040 2597 3229.28174678
2 1041 2598 3231.1656696
3 1042 2599 3231.70567344
2 1043 2601 3236.09500156
3 1044 2604 3239.94950505
2 1045 2606 3242.70567344
3 1046 2607 3244.78940162
4 1047 2610 3250.0196433
5 1048 2612 3253.97891571
6 1049 2615 3254.98354052
7 1050 2618 3257.1008281
6 1051 2629 3265.94950505
5 1052 2630 3267.97891571
6 1053 2631 3270.17813849
5 1054 2633 3270.78940162
4 1055 2634 3271.1008281
5 1056 2635 3271.58310297
4 1057 2637 3273.0196433
5 1058 2640 3274.68944498
4 1059 2642 3276.0196433
5 1060 2643 3279.24490685
6 1061 2647 3285.45655679
5 1062 2653 3290.17813849
6 1063 2654 3290.90493061
7 1064 2656 3291.49390728
6 1065 2657 3291.68944498
7 1066 2661 3294.64271887
6 1067 2662 3296.24490685
7 1068 2665 3296.95140561
6 1069 2666 3297.58310297
5 1070 2672 3301.90493061
4 1071 2673 3305.45655679
3 1072 2676 3307.90493061
2 1073 2677 3311.68944498
3 1074 2678 3315.96916321
2 1075 2680 3319.24490685
3 1076 2681 3321.13626754
4 1077 2685 3326.43616053
5 1078 2688 3326.95101314
6 1079 2689 3327.93341691
7 1080 2691 3329.52397572
6 1081 2693 3332.96916321
5 1082 2701 3335.13626754
6 1083 2704 3337.25657621
5 1084 2706 3337.52397572
4 1085 2707 3338.13626754
5 1086 2708 3338.4519294
6 1087 2710 3340.72540922
5 1088 2712 3341.93341691
6 1089 2715 3342.24380288
7 1090 2716 3343.2627781
6 1091 2717 3343.43616053
7 1092 2719 3344.9566297
8 1093 2727 3349.24166769
7 1094 2732 3351.25657621
6 1095 2733 3352.4519294
5 1096 2735 3357.43616053
4 1097 2736 3357.72540922
3 1098 2737 3358.4519294
4 1099 2740 3363.30768131
5 1100 2746 3370.33954864
4 1101 2748 3374.30768131
3 1102 2749 3377.25657621
2 1103 2750 3377.43616053
3 1104 2752 3382.85995674
4 1105 2756 3385.44075726
3 1106 2760 3393.33954864
2 1107 2761 3399.33954864
1 1108 2762 3399.44075726
2 1109 2764 3399.97984916
3 1110 2766 3400.27512487
4 1111 2771 3406.70097889
3 1112 2773 3411.27512487
2 1113 2778 3417.70097889
3 1114 2779 3417.94894907
2 1115 2781 3422.97984916
3 1116 2784 3430.9439121
2 1117 2786 3434.94894907
3 1118 2789 3438.42680824
2 1119 2793 3449.42680824
1 1120 2795 3450.9439121
2 1121 2796 3454.96460302
3 1122 2798 3454.982996
4 1123 2801 3455.51017277
5 1124 2803 3464.50064332
6 1125 2806 3467.31927824
7 1126 2810 3474.36773174
6 1127 2811 3474.96460302
7 1128 2812 3477.72557548
6 1129 2815 3477.96460302
5 1130 2817 3480.982996
4 1131 2824 3485.96460302
3 1132 2825 3488.96460302
2 1133 2828 3497.982996
3 1134 2829 3500.45285096
2 1135 2831 3502.96460302
3 1136 2834 3507.76205866
2 1137 2836 3511.45285096
3 1138 2837 3511.67739162
2 1139 2843 3515.76205866
1 1140 2844 3522.67739162
2 1141 2845 3526.87545883
3 1142 2849 3537.54381694
2 1143 2851 3537.87545883
3 1144 2852 3541.79331751
4 1145 2856 3550.46231142
5 1146 2859 3554.32862984
6 1147 2860 3555.06849616
7 1148 2861 3556.20110259
6 1149 2862 3557.54381694
5 1150 2864 3558.79331751
4 1151 2873 3566.79331751
3 1152 2874 3571.54381694
2 1153 2879 3578.93341691
3 1154 2880 3585.83940664
2 1155 2882 3586.79331751
3 1156 2885 3590.1313598
4 1157 2887 3590.29137961
3 1158 2889 3596.83940664
4 1159 2892 3597.42657249
3 1160 2898 3605.42657249
2 1161 2899 3607.1313598
1 1162 2900 3607.29137961
2 1163 2901 3612.42286752
3 1164 2906 3618.96502833
4 1165 2908 3626.24212126
3 1166 2910 3626.42286752
4 1167 2911 3628.7968857
5 1168 2913 3631.85648775
4 1169 2921 3635.96502833
5 1170 2922 3636.33482415
6 1171 2924 3636.43597491
5 1172 2925 3640.24212126
4 1173 2927 3642.7968857
5 1174 2934 3648.37439554
4 1175 2938 3653.33482415
3 1176 2939 3656.37439554
2 1177 2940 3657.85648775
1 1178 2941 3660.24212126
2 1179 2942 3668.19469832
3 1180 2945 3673.65929487
4 1181 2947 3674.42574195
5 1182 2951 3683.55938433
6 1183 2953 3685.17247538
7 1184 2958 3686.56532082
6 1185 2963 3691.19469832
7 1186 2967 3694.60726517
6 1187 2971 3696.17247538
5 1188 2972 3696.65929487
6 1189 2973 3696.97515222
5 1190 2975 3697.55938433
4 1191 2976 3700.55938433
3 1192 2978 3702.60726517
2 1193 2979 3703.42574195
3 1194 2981 3704.95383295
4 1195 2987 3707.21631152
5 1196 2989 3712.28708695
4 1197 2993 3713.97515222
3 1198 2994 3715.95383295
2 1199 2999 3727.21631152
1 1200 3000 3730.97515222
2 1201 3001 3744.14223609
3 1202 3003 3746.01464189
4 1203 3007 3754.70403953
5 1204 3013 3758.73040492
4 1205 3014 3764.14223609
3 1206 3016 3766.01464189
2 1207 3017 3771.70403953
3 1208 3018 3773.04307748
4 1209 3020 3773.64422236
5 1210 3024 3776.08120848
4 1211 3028 3784.14223609
5 1212 3031 3786.91202568
6 1213 3032 3790.20173085
5 1214 3034 3793.64422236
4 1215 3038 3799.04307748
3 1216 3043 3804.64422236
4 1217 3044 3804.83344432
3 1218 3046 3807.04307748
4 1219 3047 3808.12847842
5 1220 3049 3808.58119157
6 1221 3051 3809.41589836
5 1222 3053 3810.14223609
6 1223 3059 3817.25883946
5 1224 3060 3818.83344432
4 1225 3061 3819.12847842
3 1226 3065 3824.83344432
4 1227 3066 3826.03844433
3 1228 3072 3830.14223609
2 1229 3073 3833.12847842
3 1230 3074 3841.27206509
4 1231 3076 3841.27998345
3 1232 3080 3843.03844433
2 1233 3083 3852.27998345
3 1234 3084 3854.05941627
2 1235 3086 3858.27206509
3 1236 3087 3861.66981265
4 1237 3091 3867.98736482
3 1238 3093 3868.05941627
2 1239 3098 3878.66981265
1 1240 3099 3878.98736482
2 1241 3100 3880.65678595
3 1242 3102 3883.73463691
4 1243 3106 3887.66030642
5 1244 3108 3890.44137475
4 1245 3112 3894.65678595
5 1246 3113 3896.61888041
6 1247 3118 3902.40454221
5 1248 3120 3906.73463691
4 1249 3121 3908.65678595
3 1250 3125 3913.66030642
2 1251 3128 3919.65678595
1 1252 3130 3923.73463691
2 1253 3131 3931.87416931
3 1254 3135 3934.60794428
2 1255 3141 3951.60794428
1 1256 3142 3951.87416931
2 1257 3143 3966.82149011
3 1258 3147 3977.07844161
2 1259 3149 3989.82149011
3 1260 3152 3993.70175482
4 1261 3154 3994.13815904
3 1262 3156 3997.07844161
2 1263 3159 4005.13815904
3 1264 3160 4006.10926242
2 1265 3164 4013.70175482
3 1266 3165 4014.51170351
4 1267 3169 4017.88347747
5 1268 3171 4018.69617556
4 1269 3179 4026.10926242
3 1270 3180 4028.51170351
4 1271 3181 4032.24158125
5 1272 3185 4034.18524365
4 1273 3187 4034.88347747
5 1274 3188 4035.49441552
6 1275 3191 4036.44111511
5 1276 3194 4041.69617556
4 1277 3195 4043.24158125
5 1278 3196 4043.58730375
6 1279 3198 4046.94988
7 1280 3200 4048.08499528
8 1281 3204 4050.4905511
7 1282 3207 4051.18524365
6 1283 3211 4054.94988
5 1284 3213 4055.49441552
4 1285 3216 4058.49441552
3 1286 3217 4062.18524365
2 1287 3218 4063.58730375
3 1288 3219 4064.18265858
4 1289 3223 4068.26975582
5 1290 3225 4068.50481092
6 1291 3229 4072.088859
5 1292 3230 4074.94988
4 1293 3236 4079.26975582
3 1294 3237 4079.50481092
2 1295 3238 4081.18265858
1 1296 3241 4091.94988
2 1297 3242 4104.67371646
3 1298 3244 4106.01362616
4 1299 3246 4109.51216191
5 1300 3252 4114.82767401
4 1301 3256 4120.01362616
3 1302 3259 4125.82767401
4 1303 3260 4126.20385553
5 1304 3262 4128.58379112
4 1305 3264 4129.51216191
3 1306 3270 4133.67371646
2 1307 3274 4143.20385553
3 1308 3275 4144.19741701
2 1309 3279 4145.58379112
3 1310 3281 4147.52179494
2 1311 3284 4158.19741701
1 1312 3287 4173.52179494
2 1313 3288 4174.04956823
3 1314 3292 4177.51751488
2 1315 3296 4185.04956823
1 1316 3297 4191.51751488
2 1317 3298 4194.70731072
3 1318 3300 4195.03649424
2 1319 3306 4202.70731072
3 1320 3307 4205.88523407
2 1321 3309 4206.03649424
3 1322 3310 4208.3155889
4 1323 3314 4210.09549213
5 1324 3316 4210.37612849
6 1325 3317 4214.24515729
5 1326 3322 4219.88523407
4 1327 3325 4221.09549213
3 1328 3330 4228.3155889
2 1329 3332 4230.88523407
3 1330 3333 4231.3138097
2 1331 3335 4235.09549213
3 1332 3336 4235.63807747
4 1333 3339 4242.45749719
5 1334 3340 4244.63814494
6 1335 3342 4246.0219553
7 1336 3345 4248.18656946
8 1337 3349 4248.93097501
9 1338 3350 4251.799756
8 1339 3351 4255.63807747
7 1340 3353 4258.63807747
6 1341 3356 4260.3138097
7 1342 3362 4270.25803066
6 1343 3363 4271.3138097
5 1344 3365 4275.63807747
4 1345 3367 4277.3138097
5 1346 3372 4284.88124231
4 1347 3374 4288.3138097
3 1348 3376 4295.63807747
2 1349 3381 4311.3138097
1 1350 3382 4312.63807747
2 1351 3383 4313.18331694
1 1352 3387 4333.18331694
2 1353 3388 4346.30830968
3 1354 3390 4348.11308635
4 1355 3398 4358.59685916
3 1356 3399 4359.11308635
2 1357 3405 4366.30830968
1 1358 3406 4367.11308635
2 1359 3407 4369.74631665
3 1360 3409 4373.20941964
4 1361 3414 4380.83440801
5 1362 3418 4383.74888518
4 1363 3420 4386.74631665
5 1364 3421 4387.01331673
6 1365 3422 4387.10120997
7 1366 3423 4387.38160971
6 1367 3424 4390.20941964
5 1368 3427 4396.20941964
6 1369 3429 4401.02341581
7 1370 3430 4401.34495911
6 1371 3432 4403.74631665
7 1372 3433 4406.61894775
8 1373 3434 4412.05699104
9 1374 3439 4417.93123124
10 1375 3440 4418.38887536
9 1376 3442 4419.20941964
8 1377 3445 4420.74631665
9 1378 3446 4425.90067481
10 1379 3452 4431.96375787
9 1380 3453 4434.74631665
10 1381 3456 4435.86543948
9 1382 3457 4440.74631665
8 1383 3459 4445.20941964
9 1384 3460 4446.23852231
10 1385 3464 4449.63486997
11 1386 3465 4452.15219935
12 1387 3468 4452.51200666
11 1388 3473 4460.74631665
10 1389 3474 4460.74631665
11 1390 3475 4462.4164224
12 1391 3476 4466.4975643
11 1392 3478 4468.20941964
10 1393 3482 4474.74631665
11 1394 3485 4482.92429099
10 1395 3488 4483.74631665
11 1396 3489 4484.41874328
12 1397 3490 4485.72212516
13 1398 3491 4487.05440112
12 1399 3496 4494.20941964
11 1400 3497 4494.74631665
12 1401 3500 4495.57205137
13 1402 3501 4496.68320211
14 1403 3502 4500.86507717
15 1404 3503 4503.30618733
14 1405 3506 4503.74631665
13 1406 3510 4508.20941964
12 1407 3518 4517.74631665
11 1408 3519 4519.20941964
10 1409 3522 4523.74631665
9 1410 3525 4525.20941964
8 1411 3529 4528.20941964
9 1412 3530 4534.11776907
8 1413 3535 4537.74631665
7 1414 3537 4539.20941964
6 1415 3538 4540.74631665
5 1416 3541 4542.20941964
6 1417 3542 4546.66939324
5 1418 3543 4548.74631665
6 1419 3549 4549.82729542
7 1420 3550 4554.95248726
6 1421 3555 4556.20941964
5 1422 3560 4562.74631665
6 1423 3561 4564.8843307
7 1424 3565 4565.81567297
8 1425 3566 4567.06253609
7 1426 3574 4573.74631665
6 1427 3575 4575.79472614
5 1428 3579 4581.38203465
4 1429 3581 4582.20941964
3 1430 3583 4582.74631665
2 1431 3586 4589.79472614
3 1432 3587 4591.19532343
4 1433 3593 4598.14973417
3 1434 3594 4599.19532343
2 1435 3597 4601.38203465
3 1436 3598 4601.87027759
4 1437 3600 4606.64569317
3 1438 3606 4612.87027759
4 1439 3607 4613.06891346
5 1440 3608 4615.27840748
6 1441 3610 4617.98758125
5 1442 3611 4625.19532343
6 1443 3616 4632.1996983
7 1444 3617 4632.6930237
6 1445 3620 4632.87027759
7 1446 3621 4633.02957417
8 1447 3622 4636.30104395
7 1448 3628 4644.87027759
6 1449 3629 4646.87027759
7 1450 3630 4649.17213396
6 1451 3632 4651.19532343
5 1452 3637 4652.87027759
6 1453 3638 4655.03023887
7 1454 3641 4656.54692613
6 1455 3645 4659.19532343
5 1456 3646 4663.87027759
6 1457 3648 4665.27343441
5 1458 3657 4675.7152452
6 1459 3658 4677.15029961
5 1460 3659 4677.87027759
4 1461 3666 4682.19532343
3 1462 3667 4686.7152452
2 1463 3668 4686.7152452
3 1464 3669 4689.29409678
2 1465 3671 4691.87027759
3 1466 3672 4692.20089764
2 1467 3678 4703.20089764
1 1468 3679 4706.29409678
2 1469 3680 4708.69397488
3 1470 3682 4712.90766808
2 1471 3688 4723.90766808
1 1472 3689 4731.69397488
2 1473 3690 4734.87246459
3 1474 3692 4739.83906116
4 1475 3696 4743.58844132
3 1476 3698 4748.87246459
2 1477 3701 4753.83906116
3 1478 3704 4761.86245552
4 1479 3706 4762.39889727
5 1480 3708 4763.94820002
4 1481 3713 4769.58844132
3 1482 3715 4770.39889727
4 1483 3718 4775.13396932
3 1484 3720 4775.86245552
4 1485 3722 4781.36755307
3 1486 3723 4783.58844132
4 1487 3724 4783.68631013
3 1488 3729 4786.13396932
2 1489 3732 4792.13396932
1 1490 3733 4794.68631013
2 1491 3734 4795.41250417
1 1492 3738 4806.41250417
2 1493 3739 4810.96047835
3 1494 3741 4813.30508025
2 1495 3745 4818.30508025
3 1496 3746 4819.50372067
4 1497 3748 4826.17817413
5 1498 3754 4829.946294
6 1499 3757 4839.49042505
5 1500 3759 4839.96047835
4 1501 3761 4842.50372067
3 1502 3762 4846.17817413
4 1503 3765 4848.54682884
5 1504 3769 4851.52219424
4 1505 3774 4853.50372067
3 1506 3775 4859.54682884
4 1507 3776 4862.31976994
3 1508 3778 4865.96047835
4 1509 3783 4872.69848476
3 1510 3785 4875.20941964
4 1511 3786 4876.12480171
5 1512 3790 4880.71042901
4 1513 3794 4888.31976994
3 1514 3797 4889.69848476
2 1515 3798 4891.71042901
3 1516 3799 4893.74205111
2 1517 3801 4902.12480171
3 1518 3804 4906.79794989
4 1519 3806 4912.1373429
3 1520 3814 4922.74205111
2 1521 3815 4923.1373429
3 1522 3816 4925.56779547
4 1523 3818 4934.45961566
3 1524 3820 4935.79794989
4 1525 3821 4935.85265642
5 1526 3823 4936.53538324
6 1527 3828 4938.5285452
5 1528 3832 4942.56779547
6 1529 3835 4947.49955058
5 1530 3837 4947.53538324
4 1531 3838 4948.56779547
3 1532 3841 4952.85265642
4 1533 3842 4953.04729911
3 1534 3844 4954.45961566
4 1535 3849 4964.18855199
5 1536 3853 4968.88551227
4 1537 3855 4970.49955058
3 1538 3856 4973.04729911
4 1539 3857 4974.33502883
5 1540 3861 4977.275205
6 1541 3863 4977.49684296
5 1542 3865 4978.18855199
4 1543 3870 4982.88551227
3 1544 3871 4985.275205
2 1545 3872 4988.33502883
3 1546 3875 4991.9903184
2 1547 3879 5001.18855199
1 1548 3880 5008.9903184
2 1549 3882 5010.14702114
3 1550 3886 5017.4998165
4 1551 3888 5017.8519209
5 1552 3891 5021.84466153
4 1553 3892 5024.14702114
5 1554 3898 5026.74074845
4 1555 3902 5034.4998165
5 1556 3903 5034.86803968
6 1557 3904 5037.79373515
5 1558 3905 5037.8519209
4 1559 3908 5041.14702114
5 1560 3909 5043.69107974
6 1561 3912 5044.72100256
5 1562 3915 5054.4998165
6 1563 3917 5055.23331708
5 1564 3920 5057.8519209
4 1565 3927 5067.14702114
5 1566 3929 5070.26012344
4 1567 3930 5071.4998165
3 1568 3931 5071.8519209
4 1569 3932 5080.02444381
5 1570 3937 5084.55919049
6 1571 3939 5086.35828024
5 1572 3944 5093.14702114
4 1573 3945 5093.14702114
3 1574 3947 5094.02444381
4 1575 3948 5101.10007919
3 1576 3950 5101.55919049
4 1577 3952 5102.86228914
3 1578 3958 5110.14702114
2 1579 3960 5112.10007919
1 1580 3961 5113.14702114
2 1581 3965 5125.70752706
3 1582 3968 5130.77299186
4 1583 3972 5139.77293034
3 1584 3974 5142.70752706
4 1585 3977 5145.06942952
3 1586 3979 5145.70752706
4 1587 3980 5146.67597872
5 1588 3982 5148.89949208
4 1589 3985 5153.77293034
5 1590 3988 5154.94999002
4 1591 3992 5160.67597872
3 1592 3993 5161.77293034
4 1593 3994 5162.12476143
5 1594 3996 5162.25773757
6 1595 4000 5164.48870196
5 1596 4005 5173.77293034
4 1597 4007 5174.06942952
3 1598 4008 5176.12476143
2 1599 4009 5182.25773757
1 1600 4012 5197.06942952
2 1601 4015 5215.59414643
3 1602 4019 5227.02861272
2 1603 4024 5238.59414643
3 1604 4025 5246.81093176
2 1605 4027 5247.02861272
3 1606 4028 5252.90868475
4 1607 4032 5258.04823373
5 1608 4036 5262.89259489
4 1609 4037 5263.90868475
3 1610 4041 5269.81093176
2 1611 4042 5271.90868475
1 1612 4045 5278.04823373
2 1613 4046 5288.62191875
3 1614 4050 5300.43181286
4 1615 4052 5301.55493297
3 1616 4054 5305.62191875
4 1617 4059 5315.66872562
3 1618 4061 5317.43181286
4 1619 4062 5317.90040372
5 1620 4064 5320.12700337
6 1621 4065 5321.20707514
7 1622 4066 5323.25386496
6 1623 4067 5324.55493297
7 1624 4069 5325.17331373
6 1625 4075 5331.90040372
7 1626 4076 5332.21073327
8 1627 4081 5340.73464333
7 1628 4082 5341.66872562
6 1629 4085 5344.55493297
7 1630 4086 5346.15828689
6 1631 4088 5348.90040372
7 1632 4089 5351.13174909
8 1633 4096 5357.80998131
7 1634 4098 5359.90040372
6 1635 4100 5361.66872562
5 1636 4101 5364.55493297
6 1637 4107 5375.59251275
5 1638 4108 5378.55493297
6 1639 4110 5379.41090332
5 1640 4111 5379.90040372
6 1641 4115 5382.29057136
5 1642 4117 5384.66872562
6 1643 4122 5390.81769071
5 1644 4124 5390.90040372
4 1645 4129 5401.55493297
3 1646 4131 5401.66872562
4 1647 4132 5401.95153644
3 1648 4141 5413.90040372
2 1649 4142 5421.95153644
1 1650 4143 5424.14702114
2 1651 4144 5427.88913474
1 1652 4149 5432.88913474
2 1653 4150 5442.26386623
3 1654 4152 5445.53463389
4 1655 4156 5455.4583629
5 1656 4160 5460.16073207
6 1657 4162 5462.40571675
7 1658 4163 5463.75553819
6 1659 4166 5465.26386623
5 1660 4171 5468.53463389
4 1661 4172 5469.4583629
5 1662 4176 5473.0078912
4 1663 4178 5474.16073207
3 1664 4181 5481.0078912
4 1665 4182 5481.69791183
3 1666 4184 5485.26386623
2 1667 4185 5485.26386623
1 1668 4188 5492.69791183
2 1669 4189 5495.84319827
3 1670 4193 5509.61997738
2 1671 4195 5509.84319827
3 1672 4198 5520.48164811
2 1673 4200 5523.61997738
3 1674 4203 5529.06751112
2 1675 4205 5531.48164811
3 1676 4208 5544.56687402
4 1677 4210 5546.72307509
3 1678 4212 5549.06751112
2 1679 4217 5555.56687402
3 1680 4218 5558.12963852
4 1681 4220 5559.7861163
3 1682 4222 5563.72307509
4 1683 4223 5563.91021583
5 1684 4228 5566.58202563
6 1685 4231 5567.67654351
7 1686 4236 5568.18408364
8 1687 4237 5569.1983712
9 1688 4238 5570.05359323
10 1689 4239 5570.43176206
11 1690 4240 5573.46298429
10 1691 4242 5574.91021583
11 1692 4243 5575.84926448
12 1693 4244 5576.2252183
11 1694 4246 5576.7861163
12 1695 4247 5577.01821477
13 1696 4248 5577.20120137
12 1697 4251 5578.12963852
11 1698 4255 5583.91021583
10 1699 4261 5587.67654351
11 1700 4262 5588.38588108
10 1701 4264 5588.91021583
11 1702 4265 5589.02356448
10 1703 4269 5592.12963852
9 1704 4273 5593.7861163
8 1705 4276 5596.91021583
7 1706 4278 5601.67654351
8 1707 4280 5602.61007102
7 1708 4289 5612.12963852
6 1709 4291 5613.91021583
5 1710 4294 5615.12963852
4 1711 4295 5615.12963852
5 1712 4296 5615.96584148
6 1713 4298 5618.90129994
5 1714 4300 5619.7861163
6 1715 4303 5622.31446156
5 1716 4305 5624.91021583
6 1717 4308 5630.10154135
5 1718 4310 5630.67654351
6 1719 4311 5630.68138915
5 1720 4317 5633.7861163
6 1721 4318 5633.97072546
7 1722 4321 5636.56542272
6 1723 4327 5638.91021583
5 1724 4328 5638.96584148
6 1725 4329 5642.33313455
5 1726 4331 5644.67654351
4 1727 4334 5647.7861163
3 1728 4339 5652.91021583
2 1729 4340 5657.55493297
1 1730 4341 5662.33313455
2 1731 4342 5667.16582485
3 1732 4344 5667.9533002
2 1733 4350 5675.9533002
3 1734 4351 5676.43569264
4 1735 4353 5678.65046093
3 1736 4355 5684.16582485
4 1737 4361 5691.04392231
3 1738 4364 5695.65046093
4 1739 4365 5699.29158605
3 1740 4367 5699.43569264
4 1741 4368 5701.89720976
5 1742 4370 5703.14800887
6 1743 4375 5704.37375159
5 1744 4383 5711.04392231
4 1745 4384 5712.89720976
3 1746 4385 5719.29158605
2 1747 4387 5720.14800887
3 1748 4388 5721.23135819
2 1749 4390 5723.14800887
3 1750 4391 5724.4105877
4 1751 4398 5738.3232224
3 1752 4400 5738.4105877
2 1753 4403 5744.23135819
1 1754 4404 5746.3232224
2 1755 4405 5760.36281124
3 1756 4409 5765.79813299
4 1757 4411 5771.16597529
3 1758 4413 5774.36281124
2 1759 4418 5782.79813299
1 1760 4419 5788.16597529
2 1761 4420 5793.13735242
3 1762 4423 5794.18992051
4 1763 4424 5797.85362407
5 1764 4426 5800.57208413
6 1765 4431 5804.18061024
5 1766 4436 5810.13735242
4 1767 4437 5814.57208413
3 1768 4439 5817.85362407
4 1769 4440 5819.03885286
3 1770 4442 5819.13735242
4 1771 4444 5821.5114744
3 1772 4447 5828.57208413
4 1773 4451 5831.38173072
3 1774 4453 5833.03885286
2 1775 4454 5842.03885286
3 1776 4457 5845.75418822
4 1777 4459 5854.25118475
5 1778 4463 5860.37855348
4 1779 4465 5860.38173072
3 1780 4470 5862.75418822
4 1781 4471 5863.47788647
5 1782 4473 5867.22601278
6 1783 4474 5868.21410527
5 1784 4476 5868.25118475
4 1785 4480 5871.38173072
5 1786 4481 5873.27369888
4 1787 4484 5877.47788647
5 1788 4490 5884.79610356
4 1789 4491 5888.25118475
5 1790 4493 5893.29067659
4 1791 4494 5897.38173072
3 1792 4496 5897.47788647
4 1793 4501 5907.99754048
3 1794 4503 5908.25118475
4 1795 4507 5912.61893852
3 1796 4511 5917.38173072
2 1797 4514 5926.61893852
1 1798 4515 5930.99754048
2 1799 4516 5948.3380756
3 1800 4518 5956.0678547
2 1801 4525 5964.0678547
1 1802 4526 5965.3380756
2 1803 4527 5973.99575917
1 1804 4531 5984.99575917
2 1805 4532 5985.3646334
1 1806 4536 5993.3646334
2 1807 4537 6004.39258786
3 1808 4539 6004.61851308
4 1809 4541 6006.87929575
5 1810 4543 6011.46244251
6 1811 4553 6019.94231326
5 1812 4554 6020.87929575
4 1813 4556 6021.39258786
5 1814 4557 6024.55463609
4 1815 4561 6025.46244251
3 1816 4562 6027.61851308
4 1817 4563 6030.15048772
3 1818 4567 6031.87929575
4 1819 4568 6032.96002507
5 1820 4574 6040.11510571
6 1821 4576 6040.57716667
7 1822 4577 6040.70437259
6 1823 4579 6041.15048772
7 1824 4580 6041.31342224
6 1825 4582 6043.96002507
5 1826 4585 6044.55463609
6 1827 4589 6044.98345889
5 1828 4591 6048.96002507
6 1829 4592 6049.95919496
7 1830 4597 6052.80073381
6 1831 4599 6054.11510571
7 1832 4600 6055.29340774
6 1833 4606 6058.15048772
7 1834 4607 6059.89644951
6 1835 4609 6061.55463609
5 1836 4612 6062.96002507
4 1837 4616 6065.11510571
3 1838 4617 6067.96002507
2 1839 4620 6072.15048772
3 1840 4621 6073.16443761
4 1841 4625 6074.32304668
3 1842 4629 6084.16443761
2 1843 4630 6084.55463609
1 1844 4631 6085.32304668
2 1845 4632 6096.63263089
3 1846 4634 6099.00467003
4 1847 4637 6099.0616189
5 1848 4638 6101.0002669
4 1849 4645 6110.00467003
5 1850 4646 6110.63907181
4 1851 4650 6113.63263089
5 1852 4653 6115.10397135
4 1853 4655 6119.63263089
3 1854 4656 6121.0002669
4 1855 4659 6123.68753738
5 1856 4661 6126.08788441
4 1857 4663 6127.63907181
3 1858 4666 6129.10397135
2 1859 4669 6134.68753738
3 1860 4671 6135.16674098
2 1861 4675 6143.08788441
3 1862 4678 6151.34033995
2 1863 4680 6152.16674098
3 1864 4681 6155.41040307
4 1865 4687 6165.79599693
5 1866 4689 6166.24257481
4 1867 4693 6171.34033995
5 1868 4695 6174.91006084
4 1869 4696 6175.41040307
5 1870 4697 6178.34550615
4 1871 4702 6179.79599693
5 1872 4703 6179.99001021
4 1873 4705 6183.24257481
3 1874 4707 6185.79599693
2 1875 4713 6192.34550615
1 1876 4714 6193.99001021
2 1877 4715 6206.80720755
1 1878 4719 6214.80720755
2 1879 4720 6228.0746508
3 1880 4722 6228.32126723
4 1881 4724 6231.65509842
5 1882 4728 6235.17739396
4 1883 4732 6239.0746508
5 1884 4735 6247.56743187
4 1885 4737 6248.65509842
5 1886 4740 6250.52640966
4 1887 4742 6251.32126723
5 1888 4743 6253.95727497
6 1889 4746 6256.6925178
7 1890 4747 6260.57807874
8 1891 4748 6261.83834721
7 1892 4750 6262.0746508
6 1893 4752 6262.65509842
5 1894 4760 6274.32126723
6 1895 4761 6275.10899646
7 1896 4762 6275.66785004
8 1897 4763 6275.76344151
9 1898 4764 6276.39101743
8 1899 4766 6279.65509842
7 1900 4768 6282.0746508
8 1901 4771 6287.11396404
9 1902 4772 6288.75491697
10 1903 4773 6288.82666254
11 1904 4774 6288.92202795
10 1905 4778 6290.65509842
11 1906 4781 6293.9859506
10 1907 4783 6294.32126723
9 1908 4789 6302.0746508
8 1909 4792 6304.65509842
9 1910 4795 6311.11650303
8 1911 4799 6313.0746508
9 1912 4802 6316.82526104
8 1913 4806 6317.32126723
9 1914 4808 6318.09855981
8 1915 4809 6318.65509842
7 1916 4810 6318.65509842
6 1917 4812 6321.0746508
5 1918 4816 6324.0746508
4 1919 4818 6325.32126723
3 1920 4825 6332.65509842
4 1921 4826 6334.82267294
5 1922 4828 6335.21397848
6 1923 4829 6339.57555741
5 1924 4831 6341.0746508
4 1925 4832 6342.32126723
5 1926 4834 6345.51456735
6 1927 4839 6348.41642068
5 1928 4846 6354.82267294
4 1929 4848 6356.32126723
3 1930 4849 6358.0746508
4 1931 4852 6362.05234451
5 1932 4854 6362.90756325
6 1933 4856 6363.23427691
5 1934 4860 6367.10397135
4 1935 4861 6368.82267294
3 1936 4864 6376.05234451
4 1937 4865 6378.81290803
3 1938 4869 6382.90756325
2 1939 4871 6390.10397135
3 1940 4872 6390.72793113
4 1941 4874 6391.08073149
5 1942 4876 6391.82639685
6 1943 4877 6393.12292175
7 1944 4878 6393.21122972
8 1945 4879 6393.68116455
9 1946 4884 6397.60706681
8 1947 4886 6401.81290803
9 1948 4892 6404.92800032
10 1949 4895 6407.45623359
9 1950 4899 6408.08073149
8 1951 4900 6408.08073149
7 1952 4903 6412.81290803
6 1953 4905 6413.72793113
7 1954 4912 6419.03976688
8 1955 4914 6419.44351649
7 1956 4915 6422.24257481
6 1957 4921 6428.08073149
5 1958 4922 6429.81290803
4 1959 4923 6431.08073149
3 1960 4924 6431.08073149
4 1961 4928 6434.62549498
3 1962 4930 6439.03976688
4 1963 4932 6441.02369241
5 1964 4934 6442.27380446
4 1965 4937 6445.24257481
5 1966 4941 6451.22543996
4 1967 4942 6452.02369241
3 1968 4946 6454.62549498
2 1969 4947 6459.24257481
3 1970 4950 6462.2969285
4 1971 4952 6463.39304951
5 1972 4954 6467.87728977
4 1973 4955 6469.02369241
5 1974 4962 6474.05066611
6 1975 4963 6478.14608578
5 1976 4965 6480.02369241
6 1977 4967 6481.24963497
7 1978 4968 6481.85081648
6 1979 4969 6482.2969285
7 1980 4975 6485.15076181
6 1981 4978 6491.02369241
7 1982 4980 6491.23146503
6 1983 4984 6492.39304951
7 1984 4985 6493.62032116
6 1985 4988 6495.39304951
5 1986 4989 6495.39304951
4 1987 4991 6499.02369241
5 1988 4994 6499.42073929
4 1989 4997 6503.39304951
5 1990 4999 6505.2207548
4 1991 5000 6505.2969285
5 1992 5002 6506.34348304
6 1993 5003 6506.66603017
5 1994 5008 6510.02369241
4 1995 5011 6516.2969285
3 1996 5015 6517.39304951
2 1997 5016 6518.02369241
3 1998 5017 6526.07717529
2 1999 5019 6527.02369241
1 2000 5023 6543.07717529
0 2001 5026 6549.53550173
0 2002 5028 6648.08073149
