#data counter step time
18.753174 1 24 35.519615963
37.965862 2 31 37.9658622957
23.957915 3 49 47.1082272596
16.149796 4 57 52.2580234069
15.220553 5 61 53.4785760283
18.821323 6 64 58.8027522564
20.502854 7 65 59.9814295868
22.675824 8 72 64.4785760283
21.221993 9 76 67.1082272596
16.333763 10 77 68.3636129976
25.623766 11 78 72.2580234069
24.409924 12 79 75.2580234069
17.288235 13 100 128.230392632
14.000000 14 101 128.230392632
22.700410 15 112 146.940704409
23.287411 16 113 147.240294567
50.304789 17 124 183.245493136
8.763176 18 133 188.462773405
12.031241 19 139 192.494014864
23.248522 20 140 195.494014864
21.205582 21 141 196.699597153
18.282057 22 142 202.445233483
34.932522 23 153 223.377755963
9.550330 24 161 226.756625652
26.378870 25 162 232.756625652
21.449670 26 163 234.206296007
21.857961 27 179 248.33426765
18.621414 28 188 256.423154447
19.942872 29 191 259.366026531
17.763200 30 198 265.945299296
22.968241 31 203 268.33426765
18.813636 32 212 279.95803922
17.000000 33 214 282.95803922
31.632230 34 215 283.577529364
11.577213 35 228 308.845991025
20.487996 36 237 320.970611305
31.405771 37 246 341.376382748
27.101858 38 247 345.478240436
40.776506 39 263 378.966990306
20.417923 40 266 385.406697533
30.215411 41 272 398.622108429
25.352118 42 277 406.97422664
19.960954 43 280 415.935181011
24.979888 44 289 429.915069074
10.391645 45 300 439.419540289
17.650646 46 301 442.565714669
20.462181 47 304 446.027895709
27.320534 48 316 458.740074648
17.334230 49 326 461.740074648
14.508704 50 327 464.955195774
21.371385 51 328 467.446491354
17.223730 52 333 478.576042481
27.397117 53 334 481.352312713
14.000000 54 342 497.282638025
41.706596 55 351 503.282638025
11.976358 56 365 511.087992498
23.086937 57 368 513.11163447
14.765793 58 369 514.853785103
19.199029 59 374 520.052814545
17.902823 60 377 520.955637904
17.000000 61 378 523.955637904
19.973859 62 385 530.209244866
16.251954 63 386 532.461198625
21.646807 64 389 540.10800549
27.295054 65 396 553.403059716
15.490741 66 409 559.692496168
16.660250 67 410 562.35274593
11.648678 68 413 566.001423646
27.798696 69 414 567.201755552
21.553113 70 427 579.554536215
17.067611 71 432 586.068371918
15.539688 72 433 587.608059463
26.446225 73 436 589.000760821
21.181695 74 437 594.78975475
40.280836 75 456 621.070590268
12.953351 76 457 621.603561081
9.181406 77 463 622.650210264
21.579620 78 466 625.650210264
11.143233 79 467 625.71216626
19.865243 80 470 630.468804339
7.506362 81 487 642.55384354
29.358424 82 490 644.070590268
13.033851 83 493 646.047481879
30.311513 84 498 649.516631422
14.516747 85 500 652.070590268
17.979253 86 502 656.55384354
57.932390 87 514 696.790344535
17.959721 88 515 700.750065763
16.313548 89 529 730.222822778
10.057287 90 536 735.222822778
22.942713 91 539 742.165535448
27.426831 92 552 753.909274721
29.084584 93 553 756.165535448
29.172504 94 554 758.222822778
36.183720 95 567 782.909274721
21.971559 96 571 785.096447228
31.000000 97 586 802.096447228
25.174674 98 591 809.124888544
25.506711 99 596 817.124888544
33.561310 100 598 819.096447228
30.643391 101 605 831.124888544
31.185426 102 619 847.096447228
25.213469 103 629 859.124888544
70.501444 104 632 861.096447228
22.628855 105 643 870.124888544
19.583298 106 648 875.096447228
89.802189 107 655 883.516631422
54.551027 108 660 887.070590268
29.456536 109 662 892.096447228
8.198464 110 675 903.854147646
42.666872 111 677 909.65568413
24.011693 112 690 925.156684613
23.399984 113 703 942.156684613
24.886613 114 710 950.156684613
38.541665 115 711 956.156684613
52.825330 116 717 966.854147646
48.848647 117 727 976.156684613
31.953531 118 728 977.098355638
25.417703 119 739 996.156684613
27.640201 120 749 1006.09835564
33.345494 121 752 1007.15668461
29.436050 122 755 1012.09835564
40.989536 123 762 1024.15668461
37.061852 124 777 1041.15668461
66.865410 125 783 1046.09835564
55.547421 126 784 1052.15668461
25.819566 127 786 1052.15668461
33.629658 128 797 1059.90927472
22.275128 129 799 1063.09835564
30.888003 130 803 1066.15668461
43.977258 131 813 1076.90927472
37.093903 132 814 1079.90927472
80.732698 133 821 1086.09835564
23.934310 134 824 1089.09835564
22.160092 135 825 1090.90927472
11.881182 136 842 1114.56665093
14.000000 137 845 1117.56665093
35.093835 138 846 1119.68546911
20.000000 139 852 1133.10235656
26.436941 140 859 1140.46227558
19.330994 141 862 1148.79327005
14.381899 142 883 1198.53187706
39.041767 143 886 1204.14997855
21.528131 144 889 1206.06000758
26.122890 145 890 1212.1828975
33.510696 146 901 1225.69359363
19.935668 147 911 1236.21566055
30.875769 148 912 1236.5693629
24.591301 149 913 1238.16066436
27.318901 150 923 1255.53456186
23.000000 151 924 1261.53456186
35.342269 152 942 1288.05539708
20.408202 153 952 1300.29500492
34.831406 154 959 1302.88680303
18.428361 155 960 1303.29500492
18.383550 156 963 1304.74679089
21.571639 157 964 1304.86664365
23.993929 158 974 1319.88680303
33.296444 159 979 1326.29500492
35.548214 160 980 1326.29500492
20.720562 161 984 1333.22133742
29.644832 162 993 1351.86616981
17.286667 163 994 1352.15283658
32.733409 164 999 1367.88624598
26.496072 165 1009 1380.38231778
15.106453 166 1015 1384.48877031
14.173618 167 1018 1387.66238855
17.719929 168 1023 1394.38231778
19.632046 169 1024 1397.09852228
13.534949 170 1038 1420.19831057
14.071595 171 1043 1423.2699056
10.069350 172 1048 1431.2699056
24.928405 173 1053 1437.19831057
22.218176 174 1069 1458.29537453
20.160197 175 1078 1467.07719862
19.630497 176 1080 1469.29537453
32.974531 177 1085 1474.2699056
20.931985 178 1088 1475.07719862
20.010693 179 1095 1480.07509985
19.398444 180 1107 1491.47354341
20.472746 181 1111 1494.94628897
11.999708 182 1121 1502.07509985
18.611603 183 1123 1502.47354341
28.249551 184 1124 1506.86194029
20.987967 185 1140 1522.07509985
23.913885 186 1144 1525.24939355
19.508270 187 1146 1527.75766353
24.504899 188 1158 1539.07509985
27.397408 189 1161 1542.24939355
33.329470 190 1162 1544.0871333
39.372469 191 1173 1555.74023511
23.740662 192 1174 1556.4808967
17.743426 193 1175 1557.9776808
53.582682 194 1193 1600.56036254
21.886434 195 1197 1605.44679616
25.588183 196 1211 1614.26355825
14.317430 197 1213 1616.44679616
14.922977 198 1214 1617.35304794
21.865808 199 1217 1619.12936586
15.910510 200 1218 1625.26355825
26.928956 201 1231 1640.08674335
8.900286 202 1238 1643.9870297
13.710464 203 1248 1652.62471608
19.090910 204 1253 1660.9870297
25.000000 205 1259 1666.62471608
34.133455 206 1270 1677.63978911
14.320698 207 1271 1680.27919255
23.000000 208 1280 1694.25091466
26.509620 209 1287 1703.15299019
17.695541 210 1300 1714.64554954
32.382020 211 1302 1715.53501046
28.000000 212 1317 1734.64554954
28.107438 213 1319 1735.53501046
5.000000 214 1329 1748.00550672
22.330267 215 1332 1751.00550672
25.464363 216 1333 1751.64554954
20.872301 217 1348 1766.18527296
15.460743 218 1354 1777.18527296
30.598563 219 1368 1786.18527296
25.715355 220 1369 1789.58670977
17.840145 221 1371 1791.18527296
33.199246 222 1372 1792.58670977
30.555776 223 1383 1804.23425441
23.629784 224 1384 1806.58670977
14.000000 225 1392 1811.53018481
21.148235 226 1407 1828.53018481
22.104388 227 1411 1833.38195003
30.352371 228 1422 1850.23425441
25.665311 229 1429 1854.13869448
15.892184 230 1431 1856.03087893
22.203375 231 1441 1864.23425441
18.456135 232 1444 1871.13869448
27.549778 233 1453 1885.13869448
30.171366 234 1455 1887.23425441
24.921338 235 1465 1899.03087893
41.444150 236 1467 1899.03087893
44.253436 237 1474 1913.23425441
53.970911 238 1476 1916.03087893
17.897035 239 1497 1936.38766266
49.398369 240 1498 1938.49062755
20.863252 241 1500 1940.25091466
12.366745 242 1504 1944.38766266
27.496214 243 1505 1947.49062755
36.131531 244 1515 1957.25091466
35.326414 245 1523 1971.25091466
25.452348 246 1526 1981.38766266
35.139045 247 1531 1991.18118649
35.476184 248 1545 2004.22102571
17.057517 249 1546 2004.27854289
11.568410 250 1548 2007.84695276
18.431590 251 1555 2015.27854289
27.015672 252 1563 2024.22102571
24.439006 253 1572 2036.97652803
24.244498 254 1576 2041.22102571
34.610714 255 1586 2053.97652803
28.211794 256 1592 2058.22102571
14.435959 257 1604 2072.53752235
50.267091 258 1606 2075.22102571
25.384765 259 1608 2076.97652803
42.123360 260 1612 2081.53752235
36.777532 261 1619 2089.53752235
37.577192 262 1623 2092.22102571
29.064049 263 1625 2093.97652803
27.065426 264 1628 2097.53752235
23.473774 265 1634 2104.97652803
25.636173 266 1641 2111.53752235
32.480564 267 1650 2118.22102571
31.195342 268 1655 2127.22581801
20.000000 269 1659 2130.22581801
17.462606 270 1664 2132.22102571
27.397918 271 1670 2137.75841953
23.603845 272 1677 2143.22102571
18.113169 273 1681 2146.22102571
23.273092 274 1685 2147.22581801
36.995905 275 1689 2151.75841953
21.902014 276 1697 2160.22102571
32.318909 277 1700 2162.75841953
28.202371 278 1702 2167.22581801
32.141761 279 1708 2174.13869448
23.147230 280 1709 2175.17434963
31.387765 281 1721 2192.56211427
8.992914 282 1724 2194.85320226
21.298174 283 1725 2199.86028835
33.000082 284 1730 2219.8532846
11.656958 285 1743 2233.499579
17.235748 286 1748 2238.84262057
38.753588 287 1759 2247.60687217
15.989282 288 1761 2248.24981567
29.760954 289 1766 2252.26053325
21.010718 290 1771 2258.26053325
19.056014 291 1772 2261.60687217
15.461183 292 1773 2261.61073501
17.263295 293 1785 2286.02697304
41.152943 294 1794 2291.76367799
5.770813 295 1797 2295.23457004
11.525233 296 1809 2306.51367336
21.753870 297 1812 2311.98844047
23.597430 298 1822 2320.86854068
26.906599 299 1823 2322.42027261
30.318277 300 1835 2337.18681815
22.972124 301 1839 2340.47475262
18.037074 302 1843 2347.51182697
18.333275 303 1855 2367.82788699
37.758473 304 1857 2369.49461184
32.959725 305 1861 2383.78761248
10.259443 306 1873 2399.71718215
31.914893 307 1886 2426.63207564
37.718164 308 1902 2455.96411536
8.677097 309 1916 2468.15794641
28.746717 310 1921 2470.48084902
13.322903 311 1923 2473.48084902
17.599808 312 1931 2482.38266634
14.864915 313 1932 2483.2475813
17.245016 314 1939 2490.38266634
20.108124 315 1942 2497.91070099
10.131383 316 1960 2541.10467906
17.861189 317 1963 2546.28672977
21.182051 318 1966 2554.28672977
10.015771 319 1984 2575.55344722
39.165795 320 1988 2578.55344722
12.130406 321 1989 2578.87625042
17.984229 322 1994 2582.53767625
13.029543 323 1995 2583.55344722
28.484381 324 2005 2602.53767625
29.644844 325 2011 2606.67961619
14.000000 326 2021 2616.5674262
35.887810 327 2024 2619.5674262
14.888327 328 2031 2630.67588128
33.660172 329 2038 2650.33605358
44.345580 330 2046 2683.68163388
38.576928 331 2060 2702.25856188
19.794259 332 2064 2708.35975542
36.682075 333 2080 2731.56549689
11.936491 334 2090 2745.19622816
45.131985 335 2094 2751.19622816
27.089295 336 2095 2756.25973686
39.144856 337 2100 2772.60857395
35.908126 338 2109 2794.51670029
38.398463 339 2119 2820.64747593
22.393627 340 2120 2823.0411034
14.371222 341 2130 2838.2821377
30.520440 342 2147 2872.2594292
33.169672 343 2158 2888.42910138
25.900462 344 2165 2900.32956362
17.196570 345 2166 2900.78279319
23.256659 346 2171 2903.58622305
29.255131 347 2172 2913.03792463
18.524565 348 2192 2945.40135107
15.928334 349 2196 2949.21570286
50.838861 350 2199 2952.87678587
9.649444 351 2200 2953.40135107
16.097157 352 2215 2969.9634363
28.821320 353 2216 2973.63994915
13.237518 354 2228 2998.32951769
43.128563 355 2229 2999.09199967
42.299183 356 2241 3043.53134343
31.240703 357 2250 3057.77204634
18.023494 358 2251 3058.79553997
21.472590 359 2258 3069.26813039
20.560328 360 2265 3072.82845884
21.935680 361 2272 3080.76413922
12.656319 362 2273 3082.42045779
19.246983 363 2280 3091.7386294
36.795336 364 2302 3121.30591931
15.775852 365 2304 3123.63160035
22.394883 366 2305 3126.70080206
25.674319 367 2308 3135.30591931
36.971946 368 2316 3148.50620244
24.494930 369 2327 3162.00113237
15.889008 370 2340 3171.24608659
27.355946 371 2342 3172.35707848
19.613948 372 2346 3178.19503647
19.537792 373 2351 3180.73282823
19.570911 374 2352 3185.24608659
25.624250 375 2355 3189.35707848
26.326727 376 2362 3200.28417992
19.257567 377 2374 3210.55343936
31.011693 378 2375 3211.29587284
15.634783 379 2384 3218.51289235
17.378724 380 2389 3219.87810928
34.945946 381 2396 3228.4993853
19.385928 382 2403 3238.9525493
19.405330 383 2424 3260.09471705
32.240417 384 2442 3280.09471705
14.746231 385 2445 3281.40715707
34.105937 386 2448 3282.31032198
12.375020 387 2458 3292.40715707
24.455840 388 2463 3296.31032198
23.094874 389 2474 3303.68938717
28.701731 390 2475 3310.31032198
17.563135 391 2476 3310.31032198
37.084926 392 2486 3326.09471705
31.649820 393 2489 3333.40979942
21.123644 394 2492 3343.53344376
23.653973 395 2502 3378.29235858
26.475800 396 2536 3426.32699487
35.240680 397 2539 3429.42451311
25.363907 398 2544 3434.32699487
46.000000 399 2546 3434.95102941
25.508015 400 2553 3440.42451311
34.582314 401 2556 3445.32699487
32.379410 402 2557 3445.42451311
54.691432 403 2560 3448.32699487
31.993260 404 2569 3457.95102941
14.400601 405 2579 3466.24562798
37.201597 406 2582 3469.24562798
19.561113 407 2586 3477.24562798
22.601449 408 2594 3488.24562798
14.582130 409 2597 3489.9525493
26.536458 410 2609 3515.31360646
30.243854 411 2619 3529.31360646
33.463542 412 2621 3531.77714882
12.433202 413 2624 3540.31360646
44.051718 414 2646 3573.31032198
68.096465 415 2648 3574.77714882
17.021736 416 2657 3583.31360646
22.951573 417 2658 3587.31032198
59.453678 418 2665 3600.31360646
34.841993 419 2666 3604.31032198
50.347785 420 2671 3625.16624489
39.896803 421 2682 3651.06304827
18.429263 422 2684 3652.49231093
18.814103 423 2692 3663.3064138
28.873477 424 2700 3682.19138996
26.181823 425 2708 3697.37321327
25.105563 426 2709 3699.47877639
19.132427 427 2724 3710.611203
14.000000 428 2727 3713.611203
11.000000 429 2735 3721.15130467
22.852038 430 2738 3723.81042868
18.272495 431 2743 3727.15130467
25.068381 432 2748 3728.8788097
17.476527 433 2749 3729.55671291
13.811056 434 2759 3738.44883911
26.081070 435 2763 3741.63778323
15.429971 436 2765 3742.8788097
14.831574 437 2775 3752.44883911
25.996166 438 2778 3754.61726481
18.959312 439 2784 3758.63778323
20.169456 440 2786 3760.44883911
27.730716 441 2791 3765.8788097
18.466726 442 2794 3768.61726481
25.068320 443 2801 3778.63778323
23.825287 444 2810 3790.49084909
34.031766 445 2828 3813.522615
32.203221 446 2831 3819.72583625
25.883814 447 2832 3820.97990244
26.256063 448 2837 3827.59664227
13.789476 449 2851 3846.42983511
11.210524 450 2852 3846.64035865
42.043716 451 2853 3855.64035865
22.619350 452 2860 3862.96921004
11.935806 453 2873 3876.80079153
22.371546 454 2876 3881.86498593
33.120940 455 2889 3898.92173184
14.000000 456 2890 3901.92166267
35.457699 457 2901 3923.70734554
26.305406 458 2907 3943.64382944
33.350672 459 2910 3953.99450192
23.769414 460 2924 3991.99191773
21.199346 461 2931 3999.1912642
20.381436 462 2932 4002.57270046
14.403351 463 2945 4021.8785077
30.187318 464 2946 4024.47515625
17.000000 465 2967 4045.78416972
40.905662 466 2970 4048.78416972
20.747072 467 2972 4049.76680061
16.756297 468 2976 4052.52309778
15.606334 469 2979 4054.12943136
19.654738 470 2988 4062.78416972
23.535500 471 2993 4066.76680061
20.037030 472 2996 4069.52309778
23.654671 473 3009 4083.76680061
15.978564 474 3016 4093.78416972
27.800228 475 3017 4094.80560548
29.646847 476 3024 4108.27179731
23.460522 477 3037 4119.6509448
20.000000 478 3041 4128.6509448
25.534304 479 3044 4134.40970404
29.953964 480 3049 4147.36366803
26.329919 481 3061 4156.69358686
15.915662 482 3063 4158.60924889
27.139008 483 3076 4178.60924889
36.652485 484 3080 4190.13478402
24.809493 485 3081 4193.13478402
21.402331 486 3093 4219.95185644
52.219741 487 3094 4221.54952556
21.597669 488 3097 4224.54952556
17.817324 489 3115 4243.37998253
32.494185 490 3117 4244.48780657
26.665225 491 3129 4259.56265873
32.972509 492 3132 4260.37998253
21.702732 493 3146 4271.37998253
12.047678 494 3151 4275.48780657
25.599417 495 3152 4276.56265873
38.079490 496 3165 4281.48780657
6.976594 497 3169 4285.37998253
33.643909 498 3171 4286.28783805
26.637086 499 3173 4291.11404176
27.243964 500 3174 4291.37998253
11.175072 501 3189 4303.35251125
19.000000 502 3202 4311.35251125
14.097832 503 3207 4319.35251125
16.354717 504 3220 4327.35251125
27.031993 505 3224 4333.37998253
24.042021 506 3231 4342.45815018
29.829688 507 3240 4355.28783805
14.837216 508 3248 4363.28783805
32.430457 509 3256 4377.28783805
25.905622 510 3257 4378.85738134
33.768777 511 3264 4391.28783805
40.712205 512 3273 4395.85738134
15.124099 513 3274 4395.85738134
45.780863 514 3278 4405.28783805
23.902008 515 3286 4412.85738134
23.243811 516 3290 4422.28783805
35.915107 517 3294 4430.28783805
45.441191 518 3305 4453.96901071
12.234928 519 3315 4461.28783805
24.318827 520 3316 4467.28783805
13.739730 521 3317 4467.90461993
27.950623 522 3326 4484.8552431
18.324180 523 3341 4503.82794511
28.021382 524 3355 4525.50376502
25.135025 525 3357 4526.82794511
32.675820 526 3359 4528.50376502
25.492730 527 3360 4528.50376502
34.502524 528 3377 4560.17328871
21.166069 529 3388 4574.17328871
10.419715 530 3394 4579.17328871
32.046814 531 3404 4588.17328871
18.916540 532 3407 4590.00721997
24.020874 533 3420 4604.00721997
26.612365 534 3424 4608.17328871
20.569374 535 3430 4621.00721997
47.049823 536 3435 4631.17328871
36.842170 537 3438 4634.17328871
70.082743 538 3445 4644.00721997
20.713914 539 3449 4651.17328871
24.484341 540 3456 4661.00721997
64.021866 541 3460 4665.17328871
76.131898 542 3465 4672.00721997
30.089248 543 3471 4679.17328871
40.003356 544 3474 4683.00721997
34.476753 545 3482 4702.17328871
10.240075 546 3497 4716.17328871
52.932980 547 3500 4719.17328871
39.997205 548 3506 4726.00721997
71.300874 549 3520 4746.00721997
40.265163 550 3526 4750.17328871
52.177544 551 3532 4755.0165657
26.020575 552 3537 4758.17328871
29.853973 553 3540 4760.80579399
71.520037 554 3545 4769.0165657
29.898864 555 3547 4778.17328871
19.468571 556 3567 4831.87612367
25.000000 557 3581 4842.87612367
20.648718 558 3583 4843.40755238
21.372318 559 3590 4854.40755238
26.863808 560 3596 4862.87612367
40.609708 561 3602 4868.40755238
39.891460 562 3614 4881.40693131
31.397888 563 3615 4882.87612367
24.757264 564 3620 4884.40693131
23.935943 565 3621 4884.78405497
12.904116 566 3622 4887.87612367
27.622876 567 3629 4898.40693131
28.511717 568 3632 4907.72353125
27.336319 569 3637 4918.05985034
31.078420 570 3640 4938.13827038
20.179675 571 3657 4959.59623082
15.719789 572 3663 4967.55334271
20.595297 573 3664 4968.83355405
33.579900 574 3669 4990.13324272
31.230627 575 3674 5004.36386925
29.250844 576 3683 5019.6147135
14.917454 577 3684 5020.53216723
27.253841 578 3696 5036.78600822
21.064316 579 3705 5045.82494448
29.174751 580 3713 5060.87568928
25.861330 581 3723 5072.73701956
10.266696 582 3733 5080.73701956
29.946429 583 3734 5085.6834486
19.736628 584 3743 5094.73701956
27.270452 585 3749 5099.6834486
23.761794 586 3750 5099.73701956
18.662790 587 3764 5123.20011714
40.708077 588 3769 5127.53732727
25.468744 589 3772 5131.66886131
26.354004 590 3783 5144.02286566
14.730695 591 3786 5144.46617246
19.712611 592 3787 5146.735477
19.493635 593 3795 5158.46617246
35.429205 594 3807 5175.46617246
20.142763 595 3818 5195.02286566
34.481050 596 3822 5195.46617246
41.384288 597 3827 5203.46617246
37.866506 598 3838 5221.02286566
25.967386 599 3847 5232.02286566
44.183142 600 3858 5240.46617246
52.045436 601 3859 5240.46617246
49.360917 602 3872 5257.22950963
23.887448 603 3874 5257.46617246
21.236406 604 3880 5269.02286566
9.131492 605 3898 5279.46617246
44.600585 606 3903 5283.22950963
17.005776 607 3908 5290.21396275
37.551895 608 3910 5290.21396275
19.363469 609 3913 5290.46617246
20.715697 610 3918 5297.22950963
30.200081 611 3927 5307.21396275
25.530989 612 3933 5312.06615522
38.311122 613 3936 5313.46617246
15.433183 614 3943 5319.49933852
20.970347 615 3947 5326.46968529
20.142050 616 3955 5338.22820599
22.806877 617 3962 5356.28337539
32.964267 618 3973 5378.2476427
25.764763 619 3978 5384.01240539
29.573183 620 3987 5393.58558798
11.163690 621 3992 5395.16324026
27.413962 622 4000 5403.99954988
12.350917 623 4006 5406.16324026
4.456682 624 4011 5408.99954988
26.422348 625 4012 5410.58558798
26.932459 626 4020 5417.99954988
20.835446 627 4021 5420.16324026
26.164488 628 4029 5425.99954988
33.163300 629 4032 5427.58558798
17.721852 630 4034 5431.16324026
29.366524 631 4047 5445.16324026
19.110623 632 4058 5456.16324026
36.435537 633 4069 5468.99954988
29.419845 634 4071 5470.58558798
40.150324 635 4077 5479.58558798
41.846246 636 4088 5493.16324026
25.614141 637 4092 5496.16324026
37.954346 638 4097 5504.16324026
38.090712 639 4109 5541.39817762
30.686136 640 4127 5571.78489781
21.598504 641 4156 5611.62733006
15.121838 642 4160 5612.89850161
21.910575 643 4170 5625.85773015
15.040771 644 4171 5626.89850161
28.048653 645 4172 5629.94715506
35.481844 646 4177 5647.98300655
17.154008 647 4191 5676.04153486
28.360756 648 4201 5687.40229082
17.087788 649 4206 5693.49007905
12.222475 650 4207 5694.71255423
11.837305 651 4231 5729.89535388
23.913942 652 4237 5742.8092955
18.343274 653 4250 5761.31894125
40.166372 654 4251 5762.97566701
23.397490 655 4264 5776.98493756
15.923785 656 4265 5778.90872221
21.203159 657 4278 5797.40900894
29.232038 658 4285 5815.64104658
17.250395 659 4303 5834.93824513
21.649629 660 4306 5837.68784987
30.749605 661 4319 5848.68784987
25.252207 662 4321 5850.03822041
28.996649 663 4322 5851.93824513
21.967744 664 4328 5862.68784987
21.152409 665 4335 5876.68784987
45.740315 666 4343 5886.93824513
39.100554 667 4352 5898.40774084
15.185577 668 4367 5915.40774084
13.834337 669 4380 5926.40774084
11.647485 670 4381 5926.40774084
35.972872 671 4384 5929.40774084
28.277816 672 4389 5937.40774084
32.391462 673 4396 5950.82090719
21.852474 674 4399 5958.82090719
39.631047 675 4402 5960.40774084
46.837744 676 4406 5969.82090719
15.749601 677 4421 5996.60951739
56.216995 678 4422 6000.85991601
17.483045 679 4429 6014.08874651
30.996184 680 4434 6016.60570104
22.068467 681 4439 6028.15721301
19.304692 682 4444 6033.46190511
23.262333 683 4455 6039.72423815
14.721227 684 4464 6048.50171464
24.197382 685 4469 6052.92162037
25.222524 686 4477 6059.72423815
19.265627 687 4480 6060.92162037
21.423798 688 4481 6062.50171464
40.547839 689 4497 6076.78048811
35.571399 690 4502 6079.72423815
13.920274 691 4507 6084.78048811
29.846031 692 4518 6096.72423815
29.851160 693 4520 6098.78048811
26.706514 694 4522 6099.72423815
28.761469 695 4524 6100.92162037
46.167648 696 4540 6118.78048811
39.553382 697 4541 6121.07051775
46.951650 698 4546 6125.72423815
28.709970 699 4554 6129.78048811
31.596712 700 4561 6136.72423815
17.900138 701 4570 6147.72423815
35.546034 702 4582 6161.07051775
33.913808 703 4590 6166.49770875
15.381919 704 4593 6170.87962729
16.539183 705 4603 6179.96228103
19.946231 706 4604 6180.42309836
18.904398 707 4614 6193.86667881
21.435328 708 4621 6200.39017288
11.246299 709 4628 6209.8795228
30.006429 710 4634 6218.63322399
31.987156 711 4640 6233.86667881
51.661200 712 4651 6260.1743977
21.619078 713 4673 6292.1218081
14.330455 714 4677 6295.18455815
22.908888 715 4691 6306.1218081
16.477300 716 4692 6307.9123161
36.372850 717 4696 6310.50171464
49.000000 718 4697 6311.52256591
32.826068 719 4717 6338.22905073
23.348664 720 4719 6338.57771483
20.334601 721 4720 6338.9123161
24.500721 722 4725 6343.1218081
32.623032 723 4732 6355.22905073
28.114031 724 4745 6368.20178995
21.087018 725 4755 6377.36311739
28.074310 726 4758 6379.27609974
30.198333 727 4778 6397.36311739
16.814051 728 4784 6399.20178995
29.493166 729 4786 6402.27609974
23.512037 730 4794 6410.20178995
18.037936 731 4797 6413.20178995
19.310821 732 4799 6413.27609974
12.132920 733 4807 6421.27609974
27.877487 734 4810 6423.36311739
36.983991 735 4813 6433.20178995
43.742216 736 4834 6456.85895914
20.864957 737 4838 6458.67450368
23.950588 738 4842 6460.80954666
33.080597 739 4853 6476.85895914
19.463860 740 4858 6483.67450368
36.252308 741 4869 6493.85895914
17.557816 742 4872 6494.80954666
13.400849 743 4874 6497.80954666
15.242496 744 4883 6505.80954666
34.191542 745 4885 6509.67450368
24.346467 746 4894 6523.67450368
34.317417 747 4895 6528.80954666
36.267475 748 4903 6553.18253829
31.508893 749 4908 6576.69143089
8.323188 750 4924 6591.25204436
12.347451 751 4930 6595.59949535
43.237425 752 4933 6596.92885612
15.942822 753 4941 6605.25204436
22.182019 754 4947 6610.92885612
25.103353 755 4950 6615.59949535
32.967047 756 4958 6629.2733516
15.524072 757 4965 6637.2733516
31.875235 758 4967 6641.14858631
35.388269 759 4973 6651.2733516
25.206689 760 5000 6689.85488779
22.779395 761 5005 6697.2733516
33.232871 762 5013 6706.08775868
25.487543 763 5015 6706.85488779
31.380349 764 5021 6710.64819833
24.009690 765 5032 6723.07025609
28.610385 766 5034 6723.08775868
22.203096 767 5043 6731.2733516
23.325584 768 5044 6734.07025609
19.420950 769 5049 6742.2733516
29.924718 770 5050 6746.08775868
