#data counter step time
0 1 0 0.0
1 2 1 0.0
2 3 12 3.20375846776
3 4 14 3.82519015173
4 5 18 13.3046374468
3 6 22 17.8251901517
4 7 23 18.0522475761
3 8 25 20.2037584678
4 9 28 20.9116596482
3 10 32 26.0522475761
4 11 33 27.2118733175
3 12 35 27.3046374468
4 13 40 41.8068006165
3 14 42 44.2118733175
2 15 43 49.9116596482
1 16 46 58.8068006165
2 17 47 64.9871174586
3 18 49 71.5993522784
4 19 52 76.5905527604
3 20 56 81.9871174586
2 21 57 84.9871174586
3 22 59 86.8558115328
4 23 62 90.5275006518
3 24 66 97.5993522784
2 25 69 101.527500652
3 26 70 107.515303496
4 27 72 112.224323719
3 28 74 112.855811533
4 29 75 117.581224104
5 30 82 124.307781072
4 31 83 127.515303496
5 32 88 129.076954408
4 33 92 134.581224104
3 34 93 135.224323719
2 35 94 137.076954408
1 36 95 138.307781072
2 37 96 147.456198831
3 38 98 148.96634935
4 39 102 155.925403793
3 40 104 156.96634935
4 41 107 161.280486275
5 42 109 167.145747088
4 43 115 172.925403793
3 44 116 173.456198831
4 45 119 174.915874502
3 46 121 178.280486275
2 47 122 184.145747088
3 48 124 184.618154588
4 49 128 185.21617829
5 50 130 186.270897113
6 51 132 186.483668326
5 52 134 188.915874502
4 53 135 188.915874502
5 54 138 189.393090809
6 55 142 190.68533669
7 56 145 191.892247644
6 57 146 193.21617829
7 58 149 196.839681081
8 59 156 201.350006056
9 60 157 201.649271837
10 61 158 203.073429794
11 62 161 206.003005874
10 63 164 206.270897113
9 64 165 206.393090809
8 65 167 207.839681081
7 66 169 209.483668326
6 67 172 210.68533669
5 68 173 212.393090809
4 69 176 217.393090809
5 70 180 219.869784134
4 71 182 221.839681081
3 72 183 223.270897113
4 73 184 224.409962055
5 74 188 225.553609477
4 75 190 226.270897113
5 76 191 228.518030608
4 77 193 229.409962055
5 78 194 229.82217752
6 79 202 239.385801651
5 80 204 239.518030608
4 81 205 239.553609477
5 82 210 243.904171665
4 83 212 245.869784134
5 84 214 246.602396685
4 85 215 249.82217752
5 86 216 251.729359057
4 87 222 256.385801651
3 88 225 260.602396685
2 89 226 260.904171665
3 90 227 263.984778784
2 91 229 268.729359057
3 92 232 271.67653383
2 93 234 280.984778784
3 94 235 281.103734442
2 95 239 285.67653383
3 96 240 286.307391558
2 97 244 298.103734442
3 98 245 298.374093676
4 99 249 304.500736468
5 100 251 311.357287382
4 101 255 312.307391558
3 102 258 315.374093676
2 103 259 321.500736468
3 104 260 323.852369119
2 105 264 328.357287382
3 106 265 328.454721353
2 107 271 337.852369119
1 108 272 348.454721353
2 109 273 360.610897363
3 110 275 366.811884329
2 111 281 383.610897363
3 112 282 389.089813814
2 113 284 389.811884329
3 114 285 393.078673402
4 115 289 394.184148844
5 116 291 397.587519191
4 117 293 398.078673402
3 118 300 411.587519191
2 119 301 412.089813814
1 120 302 414.184148844
2 121 303 414.419608821
3 122 305 415.893294713
4 123 307 419.709136588
3 124 313 426.893294713
4 125 316 428.54906774
5 126 318 433.601626438
4 127 320 436.709136588
5 128 321 438.568909752
4 129 323 440.419608821
5 130 325 440.491066166
6 131 333 449.762466528
5 132 335 451.54906774
4 133 336 452.568909752
3 134 337 453.601626438
2 135 338 454.54906774
3 136 339 458.261293531
2 137 345 469.261293531
3 138 346 473.107330276
2 139 348 481.762466528
1 140 351 493.107330276
2 141 352 497.133073588
3 142 354 499.186971412
4 143 357 502.378361116
5 144 363 514.516876206
6 145 365 515.91321775
5 146 367 516.186971412
4 147 368 519.186971412
3 148 369 523.133073588
4 149 370 527.435547554
3 150 376 534.516876206
4 151 378 535.173682217
5 152 379 540.365278113
4 153 384 541.91321775
3 154 385 547.435547554
2 155 389 553.435547554
3 156 390 556.252161146
2 157 392 557.365278113
3 158 396 564.707137223
2 159 398 573.252161146
3 160 401 577.460216606
2 161 405 581.707137223
3 162 406 589.932490335
2 163 408 591.460216606
3 164 409 596.397326622
4 165 413 597.735294092
5 166 417 601.352764782
4 167 421 604.397326622
3 168 422 605.735294092
2 169 425 612.932490335
1 170 426 618.352764782
2 171 427 626.434953012
3 172 429 627.959412574
4 173 431 630.034810228
5 174 434 630.092452273
4 175 439 637.434953012
3 176 440 641.959412574
2 177 444 647.034810228
1 178 445 653.034810228
2 179 446 654.88394742
3 180 448 660.451977044
4 181 450 660.484532128
5 182 453 664.695212617
4 183 459 668.88394742
3 184 463 674.451977044
2 185 464 677.484532128
3 186 466 682.706720088
2 187 468 683.88394742
3 188 469 683.926345597
4 189 471 684.888910704
5 190 473 686.132712782
6 191 477 692.213998085
5 192 479 699.706720088
6 193 485 706.94590641
5 194 486 707.888910704
4 195 488 710.888910704
5 196 489 711.338474662
6 197 490 711.588825573
7 198 493 715.225972096
6 199 494 715.926345597
5 200 498 722.706720088
6 201 503 723.272494472
5 202 505 727.888910704
6 203 508 732.681004245
5 204 513 732.926345597
6 205 514 732.97707877
5 206 515 736.706720088
6 207 516 738.094078332
5 208 518 738.888910704
6 209 519 739.621187488
5 210 520 739.706720088
4 211 527 743.888910704
3 212 528 743.926345597
4 213 531 745.110694285
5 214 538 753.161913748
4 215 539 753.706720088
5 216 541 755.538528849
6 217 543 755.968268086
5 218 544 756.706720088
6 219 545 757.135133059
7 220 549 760.281039435
6 221 551 760.888910704
5 222 552 761.706720088
4 223 554 764.706720088
5 224 559 769.191519634
4 225 561 771.888910704
5 226 564 775.096903092
6 227 567 779.742686063
5 228 569 781.706720088
6 229 570 786.368508258
7 230 573 788.003340821
6 231 574 791.435547554
5 232 579 794.888910704
4 233 583 798.706720088
3 234 588 802.435547554
2 235 589 806.706720088
1 236 591 808.888910704
2 237 594 817.271767902
3 238 596 817.50905085
4 239 599 828.611484548
3 240 601 834.271767902
4 241 604 858.288794313
3 242 606 860.271767902
4 243 609 865.187100875
5 244 610 868.297726216
6 245 611 870.221452304
5 246 614 871.271767902
6 247 618 878.389883423
5 248 620 879.271767902
4 249 621 885.271767902
5 250 627 897.31032643
6 251 628 898.390844912
7 252 629 900.029405586
8 253 630 902.53913948
7 254 632 908.271767902
6 255 636 913.88394742
7 256 641 923.964062233
6 257 642 925.271767902
7 258 645 927.019606197
8 259 646 927.277100383
7 260 648 930.88394742
8 261 652 934.735106116
7 262 653 936.271767902
8 263 654 938.62959632
7 264 658 944.88394742
6 265 661 945.271767902
7 266 662 946.812714965
8 267 667 958.123434634
9 268 671 958.762447193
8 269 672 962.271767902
7 270 675 970.88394742
6 271 677 971.271767902
7 272 680 974.162197652
8 273 681 977.256566831
9 274 684 983.153587779
8 275 689 983.926345597
7 276 690 988.271767902
6 277 692 990.88394742
7 278 696 994.134173496
8 279 699 995.36354996
7 280 700 996.88394742
6 281 702 997.926345597
7 282 703 1000.12230253
8 283 704 1000.80684849
7 284 706 1001.88394742
8 285 710 1003.98797196
7 286 715 1011.9263456
6 287 716 1014.2717679
5 288 718 1014.2717679
6 289 722 1015.87009596
7 290 726 1016.40608147
8 291 727 1017.49508252
9 292 730 1020.02864006
8 293 731 1022.2717679
7 294 734 1022.9263456
6 295 735 1025.9263456
5 296 741 1030.88394742
4 297 746 1036.9263456
3 298 747 1039.2717679
2 299 748 1044.88394742
3 300 749 1045.24109611
2 301 753 1050.70672009
3 302 754 1058.56597479
2 303 758 1065.24109611
3 304 759 1068.51501688
2 305 765 1078.56597479
3 306 766 1085.02943094
4 307 769 1085.19765128
3 308 770 1088.51501688
4 309 774 1093.93539323
5 310 778 1098.37714014
4 311 780 1099.02943094
3 312 781 1101.93539323
2 313 782 1102.02943094
3 314 783 1110.83787226
4 315 785 1111.65596148
5 316 793 1124.00300682
4 317 795 1125.65596148
5 318 796 1126.70933717
6 319 798 1127.55562787
7 320 801 1130.16135694
6 321 803 1130.83787226
7 322 806 1133.04185048
6 323 807 1133.37714014
7 324 809 1133.50763095
6 325 813 1140.70933717
5 326 817 1141.00300682
6 327 818 1142.15839103
5 328 819 1144.37714014
4 329 827 1152.37714014
3 330 829 1153.83787226
2 331 830 1155.00300682
3 332 832 1156.32690988
2 333 836 1163.70933717
1 334 837 1167.32690988
2 335 839 1172.97828121
1 336 843 1189.97828121
2 337 844 1191.66293532
3 338 846 1195.16363313
4 339 852 1204.8540021
5 340 855 1205.24775391
4 341 856 1205.66293532
3 342 857 1206.16363313
4 343 858 1207.31759781
3 344 863 1215.8540021
4 345 866 1217.57797368
3 346 868 1221.31759781
2 347 871 1221.8540021
3 348 872 1227.55045997
4 349 875 1229.1569911
5 350 876 1231.05544707
6 351 878 1231.36698655
5 352 883 1234.57797368
6 353 886 1237.64539509
5 354 888 1238.55045997
4 355 889 1241.55045997
3 356 890 1242.05544707
4 357 891 1242.1877504
3 358 899 1251.36698655
2 359 900 1256.1877504
3 360 901 1260.01889407
2 361 903 1260.64539509
1 362 906 1271.01889407
2 363 907 1287.53538638
3 364 909 1290.83799773
4 365 913 1298.52298284
3 366 915 1298.53538638
4 367 918 1301.56041602
5 368 922 1303.10103397
6 369 925 1307.91139034
5 370 926 1310.83799773
6 371 930 1312.2757984
7 372 934 1314.55508583
6 373 935 1315.56041602
7 374 936 1320.28258743
6 375 938 1321.52298284
5 376 939 1321.56041602
6 377 942 1321.77939841
5 378 945 1323.10103397
4 379 948 1326.56041602
3 380 954 1335.2757984
2 381 955 1335.52298284
3 382 956 1337.89853621
2 383 958 1338.52298284
3 384 959 1339.25973462
4 385 961 1339.6782173
5 386 969 1346.80265187
4 387 970 1348.89853621
3 388 972 1350.25973462
2 389 973 1350.6782173
3 390 974 1352.64982
4 391 980 1361.91437007
5 392 982 1365.4468947
4 393 984 1366.64982
3 394 985 1368.89853621
2 395 988 1372.91437007
1 396 991 1383.64982
2 397 993 1414.94120671
3 398 995 1420.98791425
4 399 1001 1431.8464919
5 400 1003 1433.24403043
4 401 1005 1434.94120671
5 402 1006 1435.2474249
4 403 1008 1437.98791425
5 404 1011 1445.60028457
6 405 1017 1451.65385784
5 406 1019 1452.2474249
4 407 1022 1453.24403043
3 408 1023 1454.8464919
2 409 1026 1459.60028457
3 410 1028 1461.90495318
2 411 1029 1469.2474249
3 412 1030 1470.84897417
4 413 1036 1481.12661204
5 414 1038 1482.02517081
4 415 1040 1484.90495318
5 416 1043 1485.78398142
4 417 1047 1487.84897417
5 418 1048 1489.70596583
6 419 1050 1491.1435789
5 420 1054 1493.02517081
4 421 1055 1495.12661204
3 422 1058 1496.78398142
4 423 1059 1497.55407277
5 424 1061 1497.75583537
6 425 1067 1503.54024704
5 426 1068 1503.70596583
4 427 1072 1508.55407277
5 428 1073 1510.8725491
4 429 1075 1513.02517081
3 430 1076 1514.75583537
2 431 1081 1521.8725491
3 432 1082 1524.48173189
4 433 1084 1527.24665983
3 434 1088 1529.70596583
2 435 1093 1538.24665983
1 436 1094 1538.48173189
2 437 1096 1539.37034845
3 438 1098 1540.11488997
4 439 1102 1547.21619769
3 440 1106 1550.37034845
4 441 1108 1552.07145187
5 442 1109 1553.80519952
4 443 1114 1560.11488997
3 444 1115 1561.21619769
2 445 1118 1567.21619769
3 446 1119 1576.18213969
4 447 1121 1578.73493207
3 448 1123 1579.80519952
2 449 1128 1598.73493207
1 450 1129 1599.18213969
2 451 1130 1608.10974825
3 452 1132 1611.41886068
4 453 1136 1618.24718419
5 454 1138 1621.07151573
6 455 1140 1621.27215106
5 456 1144 1622.10974825
4 457 1147 1628.41886068
3 458 1148 1632.07151573
4 459 1151 1633.30937134
5 460 1155 1636.29761929
6 461 1157 1641.05434222
5 462 1158 1642.10974825
4 463 1164 1644.24718419
5 464 1165 1647.09815478
4 465 1169 1653.29761929
3 466 1170 1656.30937134
4 467 1173 1660.10168219
3 468 1175 1661.09815478
2 469 1176 1665.10974825
3 470 1179 1669.647372
2 471 1181 1674.10168219
3 472 1182 1677.32343645
4 473 1184 1679.27799169
5 474 1188 1685.50138475
6 475 1192 1687.0183501
5 476 1193 1687.27799169
6 477 1197 1689.26052592
7 478 1198 1690.28264533
6 479 1200 1691.32343645
5 480 1203 1692.647372
4 481 1207 1705.50138475
3 482 1212 1709.647372
2 483 1214 1711.32343645
1 484 1216 1719.27799169
2 485 1217 1727.69330378
3 486 1219 1739.46441229
4 487 1223 1743.01819822
5 488 1225 1746.7716383
4 489 1231 1753.46441229
3 490 1232 1753.69330378
4 491 1233 1756.12702452
5 492 1235 1757.54695584
4 493 1238 1760.01819822
5 494 1243 1767.6674496
6 495 1246 1768.38513719
7 496 1252 1770.34939046
6 497 1253 1775.70596583
5 498 1255 1776.12702452
4 499 1256 1776.46441229
3 500 1257 1778.6674496
4 501 1258 1780.02163005
3 502 1260 1781.70596583
4 503 1261 1782.76074007
3 504 1267 1794.02163005
2 505 1270 1796.12702452
3 506 1271 1797.39881705
4 507 1273 1798.77090023
5 508 1276 1801.42315854
6 509 1278 1802.80656859
5 510 1279 1805.76074007
6 511 1280 1806.92573357
7 512 1290 1813.72895561
6 513 1292 1815.77090023
5 514 1293 1817.39881705
6 515 1294 1819.48452057
7 516 1295 1820.0487882
6 517 1297 1820.39881705
5 518 1300 1823.92573357
6 519 1302 1824.73922431
5 520 1303 1824.77090023
6 521 1309 1828.55313637
5 522 1311 1831.39881705
4 523 1312 1834.92573357
3 524 1315 1839.72895561
2 525 1318 1844.77090023
1 526 1319 1851.39881705
2 527 1322 1862.11549929
3 528 1326 1873.05135351
4 529 1328 1875.48214127
3 530 1330 1882.11549929
2 531 1335 1892.48214127
1 532 1336 1893.05135351
2 533 1337 1905.6250616
3 534 1339 1906.28425249
2 535 1343 1916.6250616
3 536 1344 1918.70227823
4 537 1346 1921.92041449
5 538 1350 1925.60431653
6 539 1355 1932.00555603
5 540 1357 1932.70227823
6 541 1358 1932.75775088
5 542 1359 1932.92041449
4 543 1363 1938.28425249
5 544 1369 1944.35821987
4 545 1370 1946.28425249
3 546 1373 1949.70227823
2 547 1374 1949.92041449
3 548 1376 1950.31544897
4 549 1378 1951.494859
3 550 1382 1957.28425249
4 551 1387 1961.93114718
3 552 1389 1964.31544897
2 553 1390 1966.28425249
3 554 1393 1982.16495714
2 555 1397 1984.93114718
3 556 1398 1992.14887496
2 557 1400 1999.16495714
3 558 1401 1999.79627717
4 559 1403 2002.57522042
5 560 1405 2003.14775997
6 561 1410 2008.73793027
7 562 1413 2009.88799329
6 563 1415 2010.57522042
5 564 1417 2013.79627717
4 565 1421 2018.14887496
3 566 1424 2024.57522042
4 567 1425 2026.7435421
3 568 1429 2033.79627717
2 569 1430 2035.14887496
1 570 1433 2046.7435421
2 571 1434 2048.44116404
3 572 1436 2057.78462041
4 573 1440 2067.8544333
3 574 1442 2068.44116404
2 575 1447 2074.78462041
3 576 1450 2085.1882142
4 577 1453 2090.05275218
5 578 1455 2094.73908867
4 579 1458 2096.8544333
5 580 1460 2097.38202517
6 581 1461 2101.21805714
7 582 1464 2104.05536941
6 583 1466 2105.1882142
7 584 1469 2107.15924399
6 585 1472 2110.8544333
5 586 1475 2113.05275218
6 587 1476 2113.28891866
5 588 1477 2119.1882142
6 589 1479 2121.08858774
5 590 1487 2130.1882142
4 591 1489 2133.05275218
3 592 1494 2138.1882142
2 593 1495 2139.8544333
1 594 1496 2141.05275218
2 595 1497 2141.34611853
3 596 1499 2148.84492367
2 597 1503 2155.34611853
3 598 1507 2170.75149923
2 599 1509 2171.84492367
1 600 1512 2199.75149923
2 601 1513 2205.97983608
3 602 1515 2210.68135135
4 603 1517 2212.37108658
5 604 1521 2216.38575112
4 605 1523 2220.37108658
5 606 1528 2226.36786939
4 607 1534 2231.97983608
3 608 1535 2233.38575112
4 609 1536 2233.66037067
3 610 1538 2233.68135135
4 611 1539 2236.52410266
3 612 1541 2240.36786939
4 613 1544 2244.14275748
5 614 1547 2246.15333763
6 615 1548 2247.21259642
5 616 1552 2250.52410266
6 617 1553 2256.71008724
5 618 1557 2259.66037067
6 619 1563 2261.22123071
7 620 1565 2261.85984871
6 621 1569 2267.14275748
5 622 1570 2267.71008724
4 623 1571 2269.22123071
3 624 1572 2270.14275748
2 625 1573 2270.21259642
1 626 1577 2290.14275748
2 627 1578 2320.62312551
3 628 1580 2323.9474705
2 629 1584 2337.62312551
3 630 1587 2341.82458166
4 631 1589 2341.89658253
3 632 1591 2343.9474705
4 633 1596 2348.88696978
3 634 1598 2349.89658253
4 635 1599 2351.31072376
3 636 1601 2355.82458166
4 637 1606 2359.5334933
5 638 1608 2359.90218429
4 639 1612 2362.31072376
3 640 1613 2365.88696978
2 641 1616 2367.5334933
1 642 1617 2373.90218429
2 643 1618 2373.97251854
1 644 1622 2381.97251854
2 645 1623 2399.38964329
3 646 1625 2405.54021257
4 647 1629 2412.58331873
3 648 1633 2416.54021257
4 649 1634 2420.82419727
3 650 1636 2422.38964329
4 651 1637 2423.70628198
5 652 1645 2431.00428298
4 653 1647 2432.58331873
3 654 1648 2437.70628198
2 655 1650 2437.82419727
1 656 1654 2448.00428298
2 657 1655 2463.06788375
3 658 1658 2470.66353869
2 659 1662 2477.06788375
3 660 1663 2479.24074908
2 661 1667 2486.06788375
1 662 1668 2487.24074908
2 663 1669 2492.97298644
3 664 1672 2497.10324607
4 665 1676 2504.6307146
3 666 1678 2506.97298644
4 667 1679 2507.94582097
3 668 1681 2509.97298644
4 669 1686 2519.09095218
3 670 1688 2521.6307146
2 671 1689 2521.94582097
3 672 1690 2521.95575926
4 673 1694 2525.8163525
5 674 1696 2526.06467124
6 675 1700 2530.80895594
7 676 1701 2532.64226411
8 677 1704 2535.47992441
7 678 1705 2536.09095218
6 679 1708 2537.06467124
5 680 1711 2538.95575926
4 681 1719 2548.06467124
3 682 1720 2550.09095218
2 683 1721 2551.8163525
1 684 1722 2552.95575926
2 685 1723 2554.60195536
3 686 1725 2563.24830118
4 687 1731 2575.26876919
3 688 1733 2577.24830118
4 689 1734 2578.48302138
3 690 1736 2580.60195536
4 691 1738 2581.84094257
5 692 1739 2582.42931749
4 693 1748 2595.48302138
3 694 1749 2598.26876919
2 695 1750 2601.48302138
1 696 1751 2608.42931749
2 697 1752 2615.14789862
3 698 1756 2624.34538918
2 699 1760 2635.14789862
1 700 1761 2635.34538918
2 701 1763 2659.2094736
3 702 1765 2665.61850036
4 703 1769 2672.02821298
5 704 1771 2674.19969131
4 705 1773 2679.2094736
5 706 1775 2679.75831737
6 707 1783 2688.34710394
5 708 1785 2691.19969131
4 709 1786 2691.19969131
3 710 1787 2692.02821298
2 711 1788 2694.61850036
3 712 1791 2706.83661023
2 713 1793 2708.34710394
3 714 1796 2719.97399732
4 715 1800 2724.55479362
3 716 1802 2726.83661023
4 717 1803 2733.64247983
3 718 1807 2736.97399732
2 719 1808 2738.55479362
3 720 1810 2740.12174408
4 721 1817 2761.10259277
3 722 1819 2762.64247983
2 723 1820 2763.12174408
3 724 1821 2763.63020206
4 725 1827 2772.89743481
5 726 1829 2773.58664491
4 727 1831 2777.63020206
3 728 1832 2778.10259277
2 729 1837 2789.89743481
1 730 1838 2790.58664491
2 731 1840 2792.21570376
3 732 1845 2802.82463388
4 733 1847 2802.8517539
3 734 1851 2812.21570376
4 735 1854 2817.84256913
5 736 1856 2818.98525437
4 737 1858 2819.8517539
5 738 1859 2821.59398879
4 739 1861 2822.82463388
5 740 1866 2825.69924625
4 741 1867 2828.84256913
3 742 1871 2833.82463388
4 743 1872 2835.06781241
3 744 1874 2836.8517539
4 745 1875 2838.12026948
5 746 1879 2839.04481683
6 747 1880 2841.72022327
7 748 1883 2843.25101957
6 749 1885 2849.06781241
5 750 1889 2851.84256913
4 751 1892 2858.12026948
5 752 1894 2860.28548098
4 753 1900 2869.06781241
5 754 1902 2869.44349123
4 755 1903 2874.84256913
3 756 1908 2878.12026948
4 757 1909 2881.07843061
3 758 1911 2883.06781241
2 759 1912 2883.06781241
3 760 1916 2894.14095324
2 761 1918 2898.07843061
3 762 1921 2910.68518127
2 763 1923 2911.14095324
3 764 1925 2913.77433345
4 765 1926 2916.51548857
5 766 1928 2918.86330682
6 767 1932 2921.14003129
5 768 1934 2927.68518127
4 769 1937 2930.68518127
3 770 1940 2939.51548857
2 771 1942 2941.68518127
1 772 1946 2956.51548857
2 773 1947 2964.83329224
3 774 1949 2966.90756828
2 775 1955 2984.83329224
3 776 1956 2986.25458619
2 777 1958 2989.90756828
3 778 1962 2994.31716592
2 779 1967 3003.25458619
3 780 1969 3007.5011927
2 781 1971 3011.31716592
1 782 1974 3021.5011927
2 783 1975 3023.25113665
3 784 1977 3025.76464995
4 785 1979 3030.09430679
5 786 1985 3038.75605954
6 787 1988 3042.8223482
5 788 1989 3044.09430679
4 789 1991 3045.76464995
5 790 1993 3049.46073865
4 791 1997 3052.25113665
3 792 2000 3058.09430679
2 793 2003 3062.76464995
3 794 2004 3067.57026852
2 795 2006 3075.25113665
3 796 2007 3077.26179054
2 797 2013 3081.57026852
1 798 2014 3085.26179054
2 799 2015 3086.23566312
3 800 2017 3090.2162577
4 801 2024 3098.59403805
3 802 2026 3104.2162577
4 803 2027 3106.92721429
3 804 2029 3109.23566312
4 805 2030 3112.44541347
5 806 2034 3115.36092695
6 807 2036 3115.83404042
5 808 2044 3121.59403805
4 809 2045 3126.36092695
3 810 2046 3126.44541347
4 811 2047 3129.776488
5 812 2051 3132.33630303
6 813 2053 3132.44554599
5 814 2054 3132.92721429
6 815 2062 3143.74351317
5 816 2063 3143.776488
4 817 2065 3144.59403805
5 818 2066 3145.00633143
6 819 2068 3146.17787982
5 820 2069 3146.92721429
6 821 2074 3148.03280701
5 822 2075 3152.33630303
6 823 2076 3153.06378708
7 824 2078 3153.18668844
8 825 2082 3157.67907013
7 826 2083 3157.776488
8 827 2086 3158.04860733
7 828 2092 3165.00633143
6 829 2095 3168.00633143
5 830 2097 3168.776488
6 831 2098 3172.62843672
5 832 2100 3174.776488
4 833 2101 3176.06378708
3 834 2103 3178.92721429
4 835 2104 3180.16701254
5 836 2111 3184.07632237
4 837 2114 3188.00633143
3 838 2116 3188.16701254
4 839 2117 3188.33189152
3 840 2121 3195.62843672
4 841 2124 3198.96303061
5 842 2126 3202.62487935
4 843 2127 3205.00633143
3 844 2132 3208.33189152
4 845 2133 3209.47288175
5 846 2135 3210.43335852
4 847 2137 3215.96303061
5 848 2138 3217.11589227
4 849 2144 3221.43335852
3 850 2145 3222.00633143
2 851 2148 3226.47288175
3 852 2151 3233.31329007
2 853 2153 3240.11589227
3 854 2156 3243.65847667
2 855 2158 3247.31329007
3 856 2159 3248.13744819
2 857 2163 3257.65847667
3 858 2166 3260.06835706
4 859 2170 3270.04750702
3 860 2172 3271.06835706
2 861 2173 3271.13744819
1 862 2176 3284.04750702
2 863 2177 3297.98279515
3 864 2179 3299.0712338
4 865 2181 3299.89484629
5 866 2183 3300.59480142
6 867 2186 3302.41280313
7 868 2187 3303.17117002
8 869 2193 3310.30186635
9 870 2194 3310.32515457
10 871 2197 3312.88229613
11 872 2200 3316.74829365
10 873 2202 3316.89484629
9 874 2204 3320.98279515
8 875 2207 3322.0712338
7 876 2208 3323.59480142
8 877 2210 3323.83039286
7 878 2213 3326.98279515
6 879 2222 3330.89484629
7 880 2223 3334.47970618
6 881 2225 3334.59480142
5 882 2226 3336.0712338
4 883 2227 3337.98279515
3 884 2230 3342.0712338
4 885 2231 3343.39798737
3 886 2235 3344.89484629
2 887 2238 3351.59480142
3 888 2239 3352.92344448
2 889 2241 3354.39798737
3 890 2242 3356.9717513
4 891 2244 3357.04296352
5 892 2248 3364.89880065
4 893 2252 3372.92344448
5 894 2255 3374.32326776
4 895 2259 3382.9717513
3 896 2260 3384.89880065
2 897 2261 3386.04296352
3 898 2262 3387.52849121
4 899 2264 3390.15938393
5 900 2268 3390.52856314
6 901 2270 3390.77878975
7 902 2275 3391.62403726
8 903 2276 3391.73015939
9 904 2277 3392.51826957
10 905 2278 3393.48115342
9 906 2284 3401.52856314
8 907 2286 3403.32326776
7 908 2289 3404.52849121
8 909 2290 3406.7490073
9 910 2296 3407.54733048
8 911 2299 3410.15938393
7 912 2300 3411.06378708
6 913 2304 3414.06378708
7 914 2308 3422.50965957
6 915 2310 3423.32326776
5 916 2311 3424.52856314
4 917 2312 3426.32326776
5 918 2313 3427.34053369
4 919 2317 3429.7490073
5 920 2318 3432.60150497
4 921 2320 3432.7490073
5 922 2322 3440.22304866
4 923 2326 3442.50965957
3 924 2327 3444.34053369
4 925 2328 3446.08491321
5 926 2330 3447.06058669
6 927 2339 3453.6069576
5 928 2340 3455.60150497
6 929 2344 3460.43438832
5 930 2345 3461.06058669
4 931 2349 3463.22304866
5 932 2350 3465.57407507
4 933 2352 3469.60150497
3 934 2353 3472.08491321
4 935 2354 3473.10862245
5 936 2358 3474.2836254
6 937 2362 3479.13932992
5 938 2363 3479.57407507
4 939 2367 3484.06058669
5 940 2370 3489.14200818
4 941 2374 3490.57407507
5 942 2375 3491.2555695
6 943 2377 3491.5389059
5 944 2379 3493.10862245
4 945 2384 3500.2836254
3 946 2389 3507.10862245
4 947 2391 3509.6099096
5 948 2392 3511.71756844
6 949 2393 3513.5214768
5 950 2395 3514.2555695
6 951 2396 3514.43095356
5 952 2398 3515.14200818
6 953 2399 3517.42408789
7 954 2400 3520.33617195
8 955 2404 3524.97143401
7 956 2406 3526.14200818
8 957 2409 3528.6804233
7 958 2411 3531.2555695
8 959 2416 3541.93765686
9 960 2417 3545.72861699
8 961 2419 3546.14200818
9 962 2421 3548.64113284
10 963 2422 3550.14180682
9 964 2423 3551.2555695
8 965 2429 3554.14200818
9 966 2430 3557.32751029
10 967 2431 3560.86579839
9 968 2438 3565.2555695
10 969 2440 3565.91127135
9 970 2441 3566.14200818
10 971 2442 3567.05917323
9 972 2444 3568.14200818
10 973 2445 3569.96933275
11 974 2452 3573.09640798
12 975 2453 3574.23608554
11 976 2455 3576.14200818
10 977 2456 3579.2555695
9 978 2457 3582.2555695
8 979 2461 3585.2555695
7 980 2463 3587.14200818
8 981 2466 3595.68599891
7 982 2468 3598.14200818
6 983 2472 3605.2555695
7 984 2475 3612.82572545
8 985 2478 3615.78432674
7 986 2481 3619.2555695
8 987 2483 3626.35218864
7 988 2485 3627.14200818
6 989 2490 3636.2555695
5 990 2491 3636.2555695
6 991 2493 3636.87428598
7 992 2494 3636.87894102
6 993 2497 3639.2555695
7 994 2498 3644.37086299
8 995 2501 3646.96472869
7 996 2503 3647.14200818
8 997 2504 3648.14026309
7 998 2507 3653.2555695
8 999 2509 3654.87852696
9 1000 2510 3656.90113318
8 1001 2514 3658.14200818
9 1002 2515 3661.19129607
8 1003 2516 3664.2555695
9 1004 2518 3668.35390077
10 1005 2521 3673.7106119
9 1006 2527 3675.14200818
10 1007 2528 3677.36211613
9 1008 2530 3681.2555695
10 1009 2533 3683.59068999
11 1010 2536 3686.31504717
12 1011 2537 3688.43603119
11 1012 2542 3691.7490073
10 1013 2544 3692.14200818
11 1014 2547 3694.85350543
10 1015 2551 3703.14200818
11 1016 2554 3704.20330935
10 1017 2556 3704.2555695
9 1018 2562 3708.7490073
8 1019 2563 3711.14200818
7 1020 2564 3711.7490073
8 1021 2565 3712.82058184
7 1022 2567 3717.14200818
8 1023 2570 3721.45707879
9 1024 2571 3721.67009385
8 1025 2575 3725.7490073
7 1026 2580 3728.7490073
6 1027 2583 3730.2555695
5 1028 2588 3734.14200818
4 1029 2593 3739.7490073
3 1030 2594 3739.7490073
4 1031 2595 3741.07985846
3 1032 2597 3741.2555695
4 1033 2600 3744.81678482
5 1034 2602 3745.27574546
4 1035 2605 3749.2836254
5 1036 2610 3754.78795794
6 1037 2612 3758.53690902
7 1038 2615 3761.11609349
8 1039 2618 3762.03039235
7 1040 2619 3763.10862245
6 1041 2622 3764.07985846
5 1042 2624 3765.78795794
4 1043 2625 3770.81678482
3 1044 2630 3776.78795794
4 1045 2631 3778.7354965
5 1046 2635 3779.60603346
4 1047 2637 3781.07985846
3 1048 2639 3783.10862245
4 1049 2640 3791.48242103
5 1050 2647 3798.20238783
4 1051 2648 3798.7354965
5 1052 2650 3802.19250195
4 1053 2653 3805.60603346
3 1054 2655 3808.48242103
4 1055 2660 3816.80641255
3 1056 2662 3818.7354965
4 1057 2663 3819.72205945
5 1058 2665 3821.96752872
6 1059 2666 3822.32488301
5 1060 2668 3822.60603346
4 1061 2674 3830.72205945
3 1062 2675 3830.80641255
2 1063 2680 3836.60603346
3 1064 2681 3841.08970076
2 1065 2683 3844.72205945
3 1066 2684 3849.15461166
4 1067 2690 3855.55537664
3 1068 2692 3860.15461166
2 1069 2693 3861.08970076
3 1070 2696 3862.55682851
4 1071 2698 3863.06566033
5 1072 2700 3864.10748779
6 1073 2703 3867.27572834
5 1074 2704 3869.55537664
4 1075 2706 3870.55682851
5 1076 2712 3875.55514391
4 1077 2713 3877.55537664
5 1078 2715 3880.54348875
6 1079 2720 3883.77168493
7 1080 2721 3883.91733597
8 1081 2722 3887.61321676
7 1082 2724 3888.55537664
6 1083 2725 3889.06566033
5 1084 2728 3890.55682851
4 1085 2735 3904.55682851
3 1086 2739 3906.06566033
4 1087 2740 3906.38915271
3 1088 2742 3909.55682851
4 1089 2743 3909.73727604
5 1090 2745 3911.09525152
6 1091 2750 3915.23187204
7 1092 2751 3917.47838572
6 1093 2753 3917.55537664
5 1094 2758 3920.38915271
4 1095 2759 3920.73727604
3 1096 2763 3934.38915271
2 1097 2764 3934.55537664
3 1098 2765 3934.89009336
4 1099 2767 3935.88517887
3 1100 2771 3937.38915271
4 1101 2774 3943.09155488
5 1102 2776 3943.99465449
4 1103 2780 3946.88517887
5 1104 2781 3947.27444452
4 1105 2782 3948.89009336
5 1106 2784 3954.3855226
6 1107 2785 3954.39550446
7 1108 2786 3954.53719642
6 1109 2790 3960.09155488
7 1110 2793 3962.67808214
8 1111 2794 3967.08357223
7 1112 2796 3969.88517887
6 1113 2799 3971.89009336
7 1114 2805 3979.69274757
6 1115 2808 3980.09155488
7 1116 2810 3983.77554759
8 1117 2813 3985.06905747
7 1118 2815 3985.89009336
6 1119 2816 3985.89009336
5 1120 2818 3991.09155488
4 1121 2819 3992.88517887
5 1122 2821 3995.18853093
6 1123 2826 4000.33936351
5 1124 2827 4005.89009336
4 1125 2830 4006.88517887
5 1126 2833 4007.32261272
4 1127 2836 4011.09155488
3 1128 2840 4016.09155488
2 1129 2843 4022.89009336
1 1130 2845 4029.88517887
2 1131 2846 4040.01731444
3 1132 2849 4042.33318338
4 1133 2855 4050.39422835
3 1134 2857 4053.33318338
2 1135 2858 4054.01731444
3 1136 2861 4058.56023202
4 1137 2863 4059.5791071
5 1138 2865 4059.63037182
6 1139 2867 4060.390051
5 1140 2871 4064.39422835
6 1141 2874 4066.43510952
7 1142 2878 4067.32526588
6 1143 2880 4067.63037182
5 1144 2883 4070.5791071
4 1145 2887 4076.5791071
3 1146 2888 4077.390051
2 1147 2891 4078.56023202
1 1148 2892 4093.63037182
2 1149 2893 4095.788339
3 1150 2897 4107.81487953
2 1151 2899 4109.788339
3 1152 2902 4124.15983492
4 1153 2906 4127.82957514
5 1154 2908 4128.49203131
6 1155 2911 4130.55444305
7 1156 2912 4131.16762444
6 1157 2914 4132.15983492
5 1158 2920 4139.81487953
4 1159 2921 4141.82957514
3 1160 2924 4142.49203131
2 1161 2925 4145.49203131
3 1162 2926 4145.52753676
4 1163 2928 4145.74299646
3 1164 2932 4152.15983492
2 1165 2936 4159.52753676
3 1166 2937 4160.18898756
4 1167 2939 4161.6161439
3 1168 2941 4162.74299646
4 1169 2942 4165.42965638
5 1170 2949 4169.14944253
6 1171 2950 4172.79297838
7 1172 2952 4172.84749188
8 1173 2953 4174.28183385
7 1174 2958 4175.6161439
6 1175 2959 4177.18898756
5 1176 2962 4179.42965638
4 1177 2963 4185.42965638
3 1178 2969 4195.6161439
2 1179 2970 4200.18898756
1 1180 2971 4203.18898756
2 1181 2972 4207.78481138
3 1182 2976 4218.75971697
4 1183 2978 4222.17613414
3 1184 2982 4224.78481138
4 1185 2984 4228.19605325
3 1186 2988 4229.75971697
4 1187 2992 4232.76902249
3 1188 2994 4236.17613414
2 1189 2995 4243.75971697
3 1190 2996 4244.4978708
4 1191 2999 4244.90090761
5 1192 3000 4246.50299298
6 1193 3001 4250.74733799
7 1194 3007 4264.13973721
6 1195 3009 4264.4978708
5 1196 3010 4264.4978708
4 1197 3012 4268.17613414
3 1198 3018 4276.17613414
4 1199 3019 4276.33657373
3 1200 3020 4278.4978708
2 1201 3027 4298.4978708
1 1202 3028 4299.17613414
2 1203 3029 4304.86284696
3 1204 3032 4305.48497287
4 1205 3034 4308.31146339
3 1206 3039 4309.86284696
4 1207 3040 4314.15369485
3 1208 3042 4318.86284696
2 1209 3043 4318.86284696
3 1210 3044 4319.85678342
4 1211 3046 4320.59519431
3 1212 3054 4334.15369485
4 1213 3055 4335.13964666
3 1214 3057 4336.85678342
2 1215 3058 4337.59519431
3 1216 3061 4340.91681049
2 1217 3063 4346.13964666
1 1218 3066 4360.91681049
2 1219 3067 4374.32638859
3 1220 3070 4375.96225509
4 1221 3071 4376.09248695
5 1222 3073 4381.19464746
4 1223 3081 4388.32638859
5 1224 3082 4393.51831412
6 1225 3085 4393.71258678
7 1226 3089 4396.46476662
6 1227 3090 4397.32638859
5 1228 3092 4398.19464746
4 1229 3093 4399.09248695
5 1230 3094 4403.50160302
6 1231 3098 4405.06455608
5 1232 3100 4410.19464746
4 1233 3101 4410.51831412
3 1234 3106 4417.32638859
2 1235 3109 4420.50160302
3 1236 3110 4426.09081396
4 1237 3112 4428.19932246
3 1238 3114 4431.06455608
2 1239 3119 4437.09081396
3 1240 3120 4438.72131077
2 1241 3122 4439.19932246
1 1242 3127 4452.72131077
2 1243 3128 4458.01195113
3 1244 3130 4459.10409515
4 1245 3132 4459.20332483
5 1246 3134 4459.7923993
6 1247 3138 4465.92571636
7 1248 3143 4468.77871393
8 1249 3146 4469.51050557
9 1250 3147 4469.55678638
8 1251 3149 4470.20332483
7 1252 3151 4470.7923993
6 1253 3153 4472.01195113
5 1254 3159 4476.10409515
6 1255 3162 4477.52819069
5 1256 3164 4478.7923993
4 1257 3169 4483.7923993
5 1258 3170 4486.43424184
4 1259 3172 4487.10409515
3 1260 3173 4490.20332483
2 1261 3174 4492.01195113
3 1262 3177 4493.39535827
4 1263 3181 4496.60629587
5 1264 3183 4498.50334792
4 1265 3185 4500.43424184
5 1266 3189 4501.84116218
4 1267 3191 4504.60629587
5 1268 3192 4506.24683759
6 1269 3194 4506.86822826
5 1270 3199 4512.43424184
6 1271 3202 4514.16112868
5 1272 3204 4515.84116218
4 1273 3208 4521.50334792
5 1274 3209 4521.90009389
6 1275 3210 4523.35867017
5 1276 3211 4526.24683759
4 1277 3213 4526.84116218
3 1278 3219 4538.50334792
2 1279 3222 4540.24683759
1 1280 3223 4549.84116218
2 1281 3224 4549.88500608
3 1282 3226 4552.62108692
2 1283 3232 4560.62108692
3 1284 3233 4564.79592239
4 1285 3235 4565.01914318
3 1286 3237 4566.88500608
4 1287 3241 4573.6915901
3 1288 3245 4582.01914318
4 1289 3246 4584.92450457
3 1290 3248 4588.01914318
2 1291 3251 4590.79592239
3 1292 3252 4595.74164091
2 1293 3254 4595.92450457
3 1294 3258 4601.33248977
2 1295 3261 4612.74164091
3 1296 3264 4616.54131006
4 1297 3266 4622.44376793
3 1298 3267 4624.33248977
4 1299 3271 4626.56839129
5 1300 3272 4626.83395016
6 1301 3273 4627.74638263
5 1302 3275 4633.54131006
6 1303 3278 4639.70490154
5 1304 3285 4641.33248977
6 1305 3286 4643.37542542
7 1306 3287 4645.13392669
6 1307 3290 4647.54131006
5 1308 3298 4652.33248977
6 1309 3302 4656.37836897
5 1310 3304 4657.51246799
6 1311 3305 4657.91082197
5 1312 3307 4658.54131006
6 1313 3308 4659.64363021
5 1314 3310 4660.33248977
6 1315 3311 4660.69484349
5 1316 3312 4661.54131006
6 1317 3317 4665.56304806
5 1318 3319 4666.54131006
4 1319 3325 4671.33248977
3 1320 3326 4674.54131006
2 1321 3327 4680.51246799
3 1322 3330 4685.89536217
2 1323 3332 4688.33248977
3 1324 3335 4695.06372111
4 1325 3337 4698.90107505
5 1326 3339 4700.5287182
4 1327 3342 4705.89536217
3 1328 3346 4709.06372111
4 1329 3349 4713.23218822
5 1330 3353 4714.9537788
6 1331 3354 4718.37781152
7 1332 3355 4718.78506405
6 1333 3357 4719.89536217
7 1334 3358 4720.01192201
8 1335 3359 4721.92955593
9 1336 3360 4723.69121825
8 1337 3366 4730.90107505
7 1338 3367 4733.89536217
6 1339 3370 4736.23218822
7 1340 3371 4739.89112535
8 1341 3377 4742.75161855
7 1342 3379 4744.90107505
8 1343 3380 4745.94640821
9 1344 3385 4746.89635816
8 1345 3386 4750.23218822
7 1346 3388 4750.89536217
8 1347 3392 4755.75013781
7 1348 3394 4755.90107505
6 1349 3395 4758.90107505
5 1350 3397 4759.23218822
6 1351 3402 4766.72541852
5 1352 3404 4767.89536217
4 1353 3407 4769.90107505
5 1354 3411 4772.57508568
6 1355 3412 4775.6479128
5 1356 3414 4775.89536217
6 1357 3417 4780.02707593
5 1358 3421 4783.89536217
6 1359 3422 4785.56748611
5 1360 3424 4788.23218822
4 1361 3425 4789.90107505
5 1362 3427 4795.21867663
4 1363 3433 4802.23218822
3 1364 3436 4803.89536217
4 1365 3439 4807.97165782
3 1366 3442 4815.90107505
4 1367 3446 4819.0232504
3 1368 3448 4825.23218822
2 1369 3453 4832.90107505
3 1370 3454 4833.77777917
2 1371 3456 4842.23218822
3 1372 3458 4843.48681466
4 1373 3461 4843.94399185
5 1374 3462 4849.75756907
4 1375 3465 4853.77777917
5 1376 3466 4853.81418604
6 1377 3467 4857.1904492
5 1378 3471 4864.77777917
6 1379 3472 4874.11560526
5 1380 3476 4890.77777917
4 1381 3480 4907.77777917
5 1382 3481 4912.20157579
4 1383 3488 4921.77777917
5 1384 3491 4926.6568072
4 1385 3492 4929.73948206
5 1386 3498 4940.51252998
4 1387 3500 4947.77777917
3 1388 3502 4949.73948206
2 1389 3507 4967.77777917
3 1390 3508 4970.52241136
4 1391 3510 4973.3603173
3 1392 3511 4975.73948206
4 1393 3513 4976.2036378
5 1394 3514 4977.9964147
6 1395 3517 4988.04646232
5 1396 3520 4996.52241136
4 1397 3523 4998.73948206
5 1398 3524 5002.14453345
6 1399 3529 5006.52249317
5 1400 3530 5009.73948206
4 1401 3535 5016.52241136
3 1402 3541 5023.73948206
2 1403 3542 5026.57164144
3 1404 3545 5039.04913212
4 1405 3547 5039.38085484
3 1406 3549 5039.52241136
2 1407 3556 5050.38085484
3 1408 3559 5052.79839153
2 1409 3561 5053.04913212
3 1410 3562 5055.84772864
4 1411 3564 5057.05743674
5 1412 3567 5060.27024494
6 1413 3568 5061.37467069
7 1414 3569 5062.58651115
6 1415 3574 5063.84772864
5 1416 3578 5066.79839153
4 1417 3582 5071.84772864
5 1418 3584 5075.10551767
4 1419 3587 5083.84772864
3 1420 3588 5086.79839153
4 1421 3592 5090.78578228
3 1422 3593 5091.84772864
4 1423 3595 5096.41718915
3 1424 3601 5111.84772864
2 1425 3602 5112.79839153
3 1426 3603 5114.21166071
4 1427 3607 5119.41449137
3 1428 3609 5119.84772864
2 1429 3612 5125.21166071
3 1430 3615 5133.69155707
2 1431 3617 5136.84772864
3 1432 3618 5138.45726281
2 1433 3624 5144.69155707
3 1434 3625 5145.79934858
4 1435 3627 5146.34650899
5 1436 3628 5146.38413824
6 1437 3629 5147.3069332
5 1438 3632 5149.45726281
6 1439 3634 5151.9437452
7 1440 3639 5155.05500968
8 1441 3640 5157.04854364
7 1442 3641 5157.45726281
8 1443 3644 5160.82521202
7 1444 3647 5166.45726281
6 1445 3648 5166.45726281
5 1446 3650 5171.79934858
4 1447 3656 5182.79934858
5 1448 3658 5184.58148351
6 1449 3659 5185.67411605
7 1450 3660 5186.05889594
8 1451 3661 5186.26278492
7 1452 3662 5186.45726281
6 1453 3664 5189.45726281
7 1454 3669 5195.63841251
6 1455 3671 5199.79934858
5 1456 3673 5200.45726281
6 1457 3676 5204.64362515
5 1458 3678 5208.45726281
4 1459 3682 5219.79934858
3 1460 3687 5234.45726281
2 1461 3691 5242.79934858
1 1462 3692 5245.45726281
2 1463 3696 5246.25873656
3 1464 3698 5248.3820388
4 1465 3705 5261.2200302
3 1466 3707 5263.25873656
4 1467 3708 5264.56654153
3 1468 3709 5265.3820388
4 1469 3715 5273.335721
3 1470 3720 5283.25873656
4 1471 3723 5285.52765643
3 1472 3725 5288.3820388
2 1473 3726 5296.335721
1 1474 3729 5305.52765643
2 1475 3730 5319.74639535
3 1476 3732 5321.89801126
4 1477 3737 5326.25385246
5 1478 3738 5326.79904288
6 1479 3740 5330.81356829
5 1480 3742 5332.89801126
6 1481 3743 5336.67197044
7 1482 3752 5341.50079191
8 1483 3753 5341.77318052
7 1484 3755 5342.74639535
8 1485 3756 5347.67576663
7 1486 3762 5349.79904288
6 1487 3764 5350.81356829
5 1488 3765 5351.74639535
4 1489 3766 5353.67197044
5 1490 3767 5353.69865026
6 1491 3775 5358.6443011
5 1492 3777 5360.79904288
6 1493 3778 5361.55916888
7 1494 3779 5361.69367534
8 1495 3780 5362.01029264
7 1496 3782 5367.69865026
6 1497 3783 5367.81356829
5 1498 3786 5368.74639535
6 1499 3789 5371.64680913
7 1500 3790 5372.5357461
8 1501 3791 5374.99449377
9 1502 3798 5382.7038809
8 1503 3800 5383.79904288
7 1504 3802 5384.81356829
6 1505 3803 5387.69865026
5 1506 3805 5388.74639535
6 1507 3809 5392.53049166
7 1508 3816 5400.76294894
8 1509 3817 5402.0192329
7 1510 3819 5403.79904288
6 1511 3820 5404.81356829
5 1512 3822 5407.69865026
6 1513 3824 5407.80330197
7 1514 3825 5410.21968807
6 1515 3832 5414.74639535
7 1516 3835 5422.00194313
8 1517 3836 5423.78126042
7 1518 3838 5424.69865026
6 1519 3840 5424.81356829
5 1520 3841 5426.79904288
4 1521 3848 5431.74639535
3 1522 3849 5431.74639535
2 1523 3852 5435.81356829
3 1524 3854 5440.22338459
2 1525 3856 5441.69865026
3 1526 3857 5445.18776384
4 1527 3863 5455.26432909
3 1528 3865 5456.18776384
4 1529 3866 5463.13632321
3 1530 3868 5463.22338459
4 1531 3871 5465.40746842
5 1532 3873 5465.61719427
4 1533 3876 5472.26432909
3 1534 3883 5482.40746842
2 1535 3884 5483.13632321
1 1536 3885 5483.45726281
2 1537 3886 5485.69515989
3 1538 3888 5489.97812947
4 1539 3890 5490.98786879
5 1540 3894 5493.47457394
6 1541 3896 5494.73298801
7 1542 3898 5494.78232168
8 1543 3900 5497.1661506
7 1544 3906 5502.69515989
6 1545 3911 5504.98786879
7 1546 3912 5506.38093657
6 1547 3914 5507.47457394
5 1548 3915 5509.97812947
4 1549 3918 5510.47457394
3 1550 3921 5512.97812947
2 1551 3922 5514.38093657
1 1552 3923 5519.69515989
2 1553 3924 5530.97408208
3 1554 3926 5531.54599604
4 1555 3928 5532.44085638
5 1556 3930 5534.96599045
6 1557 3934 5539.48518781
7 1558 3940 5542.78368028
6 1559 3944 5545.54599604
7 1560 3946 5545.87061616
6 1561 3947 5549.44085638
5 1562 3949 5550.97408208
4 1563 3950 5551.96599045
3 1564 3951 5552.44085638
4 1565 3956 5557.71300033
5 1566 3958 5558.45630616
4 1567 3960 5558.97408208
3 1568 3961 5559.54599604
2 1569 3964 5566.45630616
3 1570 3967 5572.63632061
4 1571 3969 5575.98579089
5 1572 3973 5577.76487756
4 1573 3975 5580.71300033
5 1574 3976 5582.02423563
4 1575 3982 5589.63632061
5 1576 3983 5593.89517992
4 1577 3985 5594.76487756
3 1578 3986 5595.98579089
4 1579 3987 5596.40548428
3 1580 3993 5608.02423563
4 1581 3996 5615.60254594
3 1582 3998 5616.89517992
4 1583 4001 5620.35085066
5 1584 4003 5621.88941289
4 1585 4007 5625.40548428
5 1586 4008 5625.47192909
4 1587 4010 5629.60254594
3 1588 4011 5631.35085066
4 1589 4014 5634.53076976
3 1590 4018 5644.88941289
4 1591 4022 5653.4166094
3 1592 4024 5657.47192909
2 1593 4025 5657.53076976
1 1594 4028 5673.4166094
2 1595 4029 5680.34229808
1 1596 4033 5691.34229808
2 1597 4034 5695.13009039
1 1598 4038 5709.13009039
2 1599 4039 5718.18137047
3 1600 4041 5721.09448038
4 1601 4043 5722.30625872
5 1602 4047 5730.73074016
6 1603 4049 5731.78157585
5 1604 4051 5732.18137047
4 1605 4058 5739.30625872
5 1606 4059 5740.0015163
4 1607 4063 5741.09448038
3 1608 4064 5742.78157585
2 1609 4067 5750.73074016
1 1610 4069 5757.0015163
2 1611 4071 5764.22943813
3 1612 4073 5764.99586723
4 1613 4079 5773.15069381
3 1614 4081 5775.22943813
2 1615 4086 5784.99586723
3 1616 4087 5785.71397906
2 1617 4089 5787.15069381
3 1618 4092 5799.13728986
4 1619 4094 5801.72038938
3 1620 4096 5802.71397906
4 1621 4101 5812.79740896
3 1622 4103 5813.13728986
2 1623 4104 5818.72038938
3 1624 4107 5823.85067798
2 1625 4109 5826.79740896
3 1626 4110 5827.08777834
2 1627 4116 5838.08777834
3 1628 4117 5838.16113648
4 1629 4119 5838.49964338
5 1630 4121 5838.86407381
4 1631 4126 5846.85067798
5 1632 4128 5848.39640573
4 1633 4129 5849.49964338
3 1634 4133 5852.16113648
4 1635 4134 5854.75215006
3 1636 4136 5854.85067798
4 1637 4137 5855.15311414
5 1638 4141 5857.69798562
6 1639 4144 5861.17876107
7 1640 4145 5861.75945651
6 1641 4148 5863.49964338
7 1642 4152 5864.52165484
8 1643 4153 5866.94321022
7 1644 4155 5871.75215006
6 1645 4157 5874.49964338
5 1646 4159 5875.15311414
6 1647 4162 5880.36960362
7 1648 4165 5883.38649235
8 1649 4168 5886.85670128
7 1650 4170 5888.75215006
6 1651 4172 5889.15311414
7 1652 4173 5889.28990951
8 1653 4176 5890.88952615
7 1654 4178 5891.49964338
8 1655 4181 5896.90603555
9 1656 4182 5896.98034816
8 1657 4184 5899.75215006
9 1658 4186 5900.22390587
8 1659 4189 5903.15311414
9 1660 4196 5910.85453477
8 1661 4197 5911.49964338
9 1662 4198 5912.0163748
8 1663 4203 5914.15311414
7 1664 4204 5914.15311414
6 1665 4206 5914.49964338
5 1666 4211 5922.15311414
6 1667 4212 5922.17261267
5 1668 4213 5922.75215006
4 1669 4217 5928.15311414
3 1670 4222 5934.49964338
4 1671 4223 5934.71956146
3 1672 4225 5939.75215006
4 1673 4226 5940.43200685
5 1674 4228 5941.26869128
6 1675 4229 5941.7476429
5 1676 4232 5945.15311414
6 1677 4234 5946.60686971
7 1678 4235 5946.98343201
8 1679 4238 5952.40299288
7 1680 4242 5957.43200685
6 1681 4244 5957.71956146
5 1682 4248 5962.15311414
4 1683 4251 5965.43200685
3 1684 4257 5974.71956146
4 1685 4259 5974.73513895
3 1686 4261 5976.15311414
4 1687 4262 5977.32832433
5 1688 4263 5977.34248779
4 1689 4265 5979.43200685
5 1690 4268 5981.87513505
6 1691 4278 5987.3535633
5 1692 4279 5987.43200685
6 1693 4281 5991.25145522
5 1694 4283 5993.15311414
6 1695 4284 5995.57703046
5 1696 4285 5995.73074016
6 1697 4290 5998.55174867
5 1698 4294 6004.0015163
6 1699 4299 6008.08720406
7 1700 4303 6012.7447074
8 1701 4304 6015.24807167
7 1702 4306 6015.73074016
6 1703 4308 6016.08720406
5 1704 4309 6016.15311414
4 1705 4311 6016.43200685
3 1706 4312 6022.43200685
2 1707 4318 6032.73074016
1 1708 4319 6036.08720406
2 1709 4320 6038.25013411
3 1710 4322 6041.46565715
4 1711 4325 6044.53114782
3 1712 4331 6052.46565715
2 1713 4332 6055.46565715
3 1714 4333 6056.79681086
2 1715 4337 6064.25013411
1 1716 4338 6064.79681086
2 1717 4339 6067.74681132
3 1718 4342 6069.53547859
2 1719 4346 6078.74681132
3 1720 4347 6084.06637345
2 1721 4349 6084.74681132
3 1722 4350 6091.9992406
4 1723 4352 6093.78761331
5 1724 4354 6096.37049247
6 1725 4357 6100.16770732
7 1726 4360 6102.17343486
8 1727 4361 6103.07503095
9 1728 4362 6103.71235215
10 1729 4363 6104.0015951
11 1730 4364 6104.93053462
10 1731 4369 6107.78761331
9 1732 4370 6113.06637345
8 1733 4373 6114.9992406
9 1734 4378 6122.1756289
8 1735 4384 6128.9992406
9 1736 4385 6129.54675502
8 1737 4387 6130.78761331
9 1738 4388 6132.70585382
8 1739 4390 6133.06637345
7 1740 4391 6133.78761331
8 1741 4395 6136.21915707
9 1742 4400 6140.85519396
8 1743 4403 6141.78761331
9 1744 4404 6144.25735042
10 1745 4406 6144.86342137
9 1746 4412 6145.9992406
8 1747 4413 6148.9992406
7 1748 4414 6149.78761331
8 1749 4418 6150.95943775
7 1750 4419 6152.78761331
6 1751 4423 6153.06637345
5 1752 4424 6155.78761331
6 1753 4427 6161.16822607
5 1754 4428 6162.9992406
4 1755 4430 6163.78761331
3 1756 4432 6164.06637345
4 1757 4434 6168.8880818
5 1758 4435 6169.39191365
6 1759 4441 6174.23256248
5 1760 4442 6174.78761331
6 1761 4445 6178.33856001
5 1762 4450 6179.9992406
4 1763 4451 6185.78761331
5 1764 4453 6187.86930787
4 1765 4454 6188.78761331
5 1766 4458 6194.99488268
4 1767 4462 6196.78761331
3 1768 4464 6199.9992406
4 1769 4465 6200.64551856
3 1770 4467 6202.9992406
4 1771 4472 6209.01773336
3 1772 4475 6213.78761331
2 1773 4478 6216.9992406
3 1774 4479 6217.35194186
4 1775 4481 6219.8150708
5 1776 4483 6222.1621308
4 1777 4487 6224.71956146
3 1778 4492 6231.35194186
2 1779 4493 6236.8150708
1 1780 4494 6241.71956146
2 1781 4495 6241.99710607
3 1782 4497 6246.20195374
4 1783 4499 6247.08807688
5 1784 4502 6247.97818659
4 1785 4510 6255.99710607
3 1786 4511 6258.99710607
2 1787 4512 6260.20195374
1 1788 4513 6261.08807688
2 1789 4514 6262.367322
3 1790 4516 6268.66946082
4 1791 4520 6278.58409883
3 1792 4524 6279.367322
4 1793 4527 6281.12440684
3 1794 4529 6285.66946082
4 1795 4530 6286.82126789
5 1796 4534 6290.6148818
6 1797 4535 6291.56564659
5 1798 4536 6292.12440684
4 1799 4538 6292.58409883
5 1800 4544 6296.30407809
6 1801 4545 6296.32962002
5 1802 4548 6303.12440684
4 1803 4550 6306.58409883
3 1804 4552 6306.82126789
4 1805 4556 6316.41978194
3 1806 4560 6321.41978194
2 1807 4563 6326.12440684
1 1808 4564 6329.58409883
2 1809 4565 6363.79127656
3 1810 4567 6372.21218681
4 1811 4571 6378.29730459
3 1812 4575 6383.79127656
4 1813 4576 6388.05228923
5 1814 4581 6388.29040601
4 1815 4582 6392.29730459
3 1816 4586 6398.21218681
4 1817 4587 6400.08748794
3 1818 4589 6402.05228923
4 1819 4591 6406.82875247
5 1820 4593 6406.91838167
4 1821 4597 6408.05228923
5 1822 4599 6409.68547287
4 1823 4601 6411.08748794
5 1824 4602 6413.42120486
6 1825 4605 6416.31571121
5 1826 4614 6426.68547287
4 1827 4616 6426.82875247
3 1828 4617 6426.91838167
4 1829 4618 6432.53910009
3 1830 4622 6436.42120486
4 1831 4623 6438.46714633
5 1832 4626 6438.51861149
4 1833 4627 6440.68547287
5 1834 4629 6444.7617977
4 1835 4636 6452.46714633
3 1836 4638 6452.53910009
4 1837 4639 6455.09253796
3 1838 4643 6458.46714633
2 1839 4644 6458.53910009
1 1840 4645 6460.09253796
2 1841 4647 6464.16261293
3 1842 4649 6465.869277
4 1843 4651 6469.39414447
5 1844 4659 6476.53842996
4 1845 4661 6482.869277
3 1846 4662 6483.39414447
2 1847 4663 6484.16261293
3 1848 4664 6485.8599545
4 1849 4666 6486.67217543
3 1850 4674 6496.869277
4 1851 4675 6497.70482778
5 1852 4677 6501.50682143
6 1853 4679 6501.90486859
5 1854 4680 6502.8599545
4 1855 4682 6503.67217543
5 1856 4686 6505.58287661
6 1857 4688 6506.14057011
5 1858 4691 6508.70482778
6 1859 4694 6508.89168623
5 1860 4700 6516.58287661
4 1861 4701 6516.58287661
3 1862 4702 6516.8599545
2 1863 4703 6517.70482778
1 1864 4704 6522.70482778
2 1865 4705 6523.12842446
3 1866 4707 6527.28003916
4 1867 4711 6532.60700862
3 1868 4717 6540.12842446
2 1869 4718 6541.28003916
3 1870 4719 6543.59311843
2 1871 4721 6546.60700862
3 1872 4724 6556.64893559
4 1873 4726 6561.56817694
3 1874 4728 6563.59311843
2 1875 4733 6567.64893559
3 1876 4734 6568.12085719
2 1877 4738 6572.56817694
3 1878 4739 6574.15577618
2 1879 4741 6579.12085719
3 1880 4742 6584.89505157
4 1881 4744 6589.19167589
5 1882 4748 6590.65690723
6 1883 4751 6594.10849268
7 1884 4753 6597.92527875
8 1885 4754 6598.43099718
7 1886 4756 6598.89505157
6 1887 4757 6600.15577618
5 1888 4763 6609.19167589
4 1889 4766 6612.19167589
5 1890 4767 6614.09751468
6 1891 4768 6615.97506967
5 1892 4773 6620.15577618
6 1893 4774 6620.49163493
7 1894 4775 6620.65916292
8 1895 4776 6620.89639326
7 1896 4782 6624.89505157
8 1897 4783 6628.57148079
7 1898 4784 6629.19167589
8 1899 4786 6632.87149807
7 1900 4792 6637.15577618
8 1901 4797 6640.45235036
7 1902 4798 6643.15577618
6 1903 4801 6644.89505157
5 1904 4802 6645.05228923
4 1905 4804 6646.19167589
5 1906 4807 6649.95319547
6 1907 4810 6654.98803136
7 1908 4817 6660.8272226
6 1909 4819 6663.15577618
7 1910 4820 6664.0689615
6 1911 4822 6665.05228923
5 1912 4823 6665.05228923
4 1913 4827 6670.89505157
3 1914 4833 6681.89505157
2 1915 4834 6682.05228923
1 1916 4835 6686.15577618
2 1917 4836 6691.52846993
3 1918 4838 6691.708689
4 1919 4840 6692.08722308
5 1920 4842 6693.83696599
4 1921 4850 6703.08722308
3 1922 4853 6705.52846993
2 1923 4854 6705.708689
3 1924 4855 6709.50965951
2 1925 4857 6710.83696599
3 1926 4860 6718.49972756
4 1927 4863 6719.0548753
5 1928 4864 6723.17865397
4 1929 4869 6726.50965951
3 1930 4872 6732.49972756
4 1931 4873 6738.21084758
3 1932 4875 6738.49972756
4 1933 4876 6739.71609167
3 1934 4878 6740.17865397
4 1935 4883 6751.14535145
3 1936 4885 6752.21084758
2 1937 4888 6756.71609167
3 1938 4889 6756.90521451
4 1939 4893 6763.86571722
3 1940 4895 6764.90521451
2 1941 4896 6768.14535145
3 1942 4897 6775.97930533
2 1943 4901 6783.86571722
1 1944 4904 6792.97930533
2 1945 4905 6796.53073321
3 1946 4907 6805.83849213
4 1947 4911 6810.69226155
5 1948 4915 6814.3803449
4 1949 4917 6816.83849213
5 1950 4920 6821.72745007
4 1951 4922 6822.3803449
5 1952 4923 6823.98061626
4 1953 4925 6825.53073321
3 1954 4930 6835.72745007
4 1955 4931 6836.85445502
3 1956 4937 6842.69226155
4 1957 4938 6842.86884065
3 1958 4940 6843.98061626
2 1959 4941 6847.85445502
3 1960 4944 6855.16071882
4 1961 4947 6857.8031695
3 1962 4948 6859.86884065
4 1963 4949 6864.18864341
3 1964 4957 6875.16071882
2 1965 4958 6878.16071882
3 1966 4959 6878.17019532
4 1967 4961 6883.15718223
3 1968 4963 6884.18864341
4 1969 4967 6892.83962476
5 1970 4972 6895.96759062
4 1971 4976 6900.96759062
3 1972 4977 6901.17019532
4 1973 4978 6901.4264838
3 1974 4980 6903.15718223
4 1975 4983 6911.46418932
3 1976 4987 6915.83962476
2 1977 4990 6924.4264838
1 1978 4991 6925.46418932
2 1979 4992 6933.65663024
3 1980 4994 6941.40581862
4 1981 4996 6943.5008447
5 1982 5000 6944.0438814
6 1983 5004 6948.29132578
5 1984 5010 6950.65663024
4 1985 5011 6957.5008447
3 1986 5014 6964.0438814
2 1987 5015 6964.40581862
1 1988 5016 6967.65663024
2 1989 5019 6979.10524467
3 1990 5023 6994.90386735
2 1991 5025 6996.10524467
1 1992 5028 7005.90386735
2 1993 5029 7010.86619088
3 1994 5031 7013.13792178
4 1995 5033 7013.67908244
5 1996 5035 7014.6060808
4 1997 5039 7024.86619088
3 1998 5044 7033.13792178
2 1999 5046 7036.67908244
1 2000 5049 7044.86619088
0 2001 5052 7062.13792178
0 2002 5054 7188.65663024
