#data counter step time
0 1 0 0.0
1 2 1 0.0
2 3 12 1.95479831907
3 4 14 2.37270926067
4 5 16 4.83235677932
5 6 18 6.73619069488
6 7 21 8.25824069399
7 8 25 12.2778574346
8 9 29 18.3368286304
7 10 31 19.3727092607
8 11 32 20.4194628677
7 12 37 21.8323567793
8 13 40 22.9919944245
7 14 42 24.8323567793
6 15 43 24.9547983191
5 16 44 26.7361906949
4 17 49 30.9547983191
5 18 50 32.7068861285
4 19 54 37.4194628677
5 20 55 37.5335850474
4 21 57 39.9919944245
3 22 58 41.3368286304
4 23 59 41.534329904
5 24 63 47.2860029874
4 25 67 52.7068861285
3 26 70 55.534329904
2 27 73 66.5335850474
3 28 74 66.6405904942
2 29 76 67.2860029874
3 30 79 76.1202587631
2 31 81 77.6405904942
3 32 82 83.0090602745
2 33 88 93.1202587631
3 34 89 95.7041446373
4 35 91 96.1607918354
5 36 93 98.9269189914
4 37 97 100.009060275
3 38 98 103.704144637
4 39 101 110.688945009
3 40 105 113.160791835
4 41 106 115.031046467
5 42 108 115.510071807
6 43 114 123.313321126
5 44 118 126.510071807
4 45 119 130.688945009
3 46 120 130.926918991
2 47 121 132.031046467
3 48 122 132.721949256
4 49 126 133.549037931
3 50 132 141.549037931
4 51 133 144.625764914
3 52 135 149.313321126
4 53 138 152.001095782
3 54 140 152.721949256
2 55 141 161.625764914
3 56 144 166.506694017
4 57 146 170.227510941
3 58 152 178.001095782
2 59 153 178.227510941
3 60 154 185.890056674
2 61 156 186.506694017
3 62 157 188.116453896
4 63 161 198.404997009
5 64 163 198.545344046
6 65 167 201.965954306
5 66 169 202.116453896
4 67 174 205.890056674
3 68 177 209.404997009
2 69 178 212.545344046
1 70 179 212.965954306
2 71 180 217.92644763
3 72 182 231.275536385
4 73 184 231.763374395
5 74 186 233.742190443
4 75 196 243.92644763
3 76 197 244.742190443
2 77 198 248.763374395
1 78 199 254.275536385
2 79 200 260.83180984
3 80 202 262.261004622
4 81 206 267.850751609
3 82 210 274.83180984
4 83 211 275.843707387
5 84 213 277.008974558
6 85 215 277.055028868
7 86 219 277.999128605
6 87 223 282.261004622
5 88 228 287.850751609
4 89 231 292.843707387
3 90 232 294.008974558
2 91 233 294.055028868
3 92 234 310.639791876
2 93 236 311.261004622
3 94 237 312.639627503
4 95 239 313.846891405
5 96 243 315.87822696
6 97 247 322.988856402
5 98 253 327.639791876
4 99 254 327.846891405
5 100 257 329.333866244
4 101 259 329.639627503
3 102 260 333.988856402
4 103 261 335.840568726
3 104 263 335.87822696
4 105 266 336.339136758
5 106 268 338.373401716
6 107 271 338.927302423
7 108 277 344.738137186
6 109 281 346.333866244
5 110 284 349.373401716
6 111 285 350.311859854
5 112 287 350.339136758
4 113 288 350.339136758
5 114 289 352.001621547
4 115 293 355.840568726
5 116 296 356.677171958
4 117 298 358.311859854
3 118 299 360.001621547
2 119 300 361.738137186
3 120 303 370.434694549
2 121 305 376.677171958
3 122 306 376.804567628
4 123 310 386.636318687
3 124 314 393.434694549
2 125 317 393.804567628
3 126 318 394.289088748
2 127 322 400.636318687
3 128 323 401.100776285
4 129 325 403.15762944
3 130 331 405.289088748
4 131 332 415.185367709
3 132 334 417.15762944
4 133 335 418.741971202
3 134 337 421.100776285
4 135 342 424.658475609
5 136 344 424.970756663
6 137 346 428.215516923
5 138 348 429.185367709
4 139 353 432.741971202
5 140 354 435.329947049
4 141 358 438.970756663
3 142 361 444.658475609
2 143 362 448.215516923
3 144 363 451.466269824
4 145 365 451.929641442
3 146 367 452.329947049
4 147 369 452.541093537
3 148 375 459.466269824
2 149 376 468.466269824
3 150 377 469.776431465
2 151 379 471.929641442
3 152 382 480.559174207
2 153 384 480.776431465
3 154 385 483.481795794
4 155 389 489.646373748
3 156 393 494.481795794
4 157 395 497.038470382
3 158 399 503.559174207
2 159 400 506.646373748
3 160 402 510.032238546
4 161 403 511.886250337
3 162 405 512.646373748
2 163 408 521.032238546
3 164 411 522.246592543
4 165 413 528.313682023
3 166 415 528.886250337
4 167 418 533.040727623
3 168 422 539.246592543
2 169 423 542.313682023
3 170 426 549.22726427
4 171 428 552.173691698
3 172 430 553.040727623
4 173 431 553.176203848
3 174 435 560.22726427
4 175 436 561.436422303
5 176 442 566.212799961
4 177 444 567.176203848
3 178 445 569.173691698
4 179 450 576.988664422
3 180 452 584.436422303
2 181 453 586.212799961
3 182 456 592.459714582
4 183 458 594.245677265
3 184 460 596.988664422
4 185 466 602.08736686
3 186 468 603.459714582
2 187 470 611.245677265
3 188 471 611.549368118
2 189 475 616.08736686
3 190 478 624.763675052
2 191 480 628.549368118
3 192 481 629.371791593
4 193 483 631.422914562
5 194 487 633.394355383
6 195 491 634.93311375
5 196 495 639.422914562
4 197 496 641.763675052
5 198 497 645.893183962
4 199 499 646.371791593
5 200 504 647.048737859
4 201 508 650.394355383
5 202 509 651.908656165
4 203 513 653.422914562
3 204 518 662.908656165
2 205 519 665.893183962
3 206 520 666.978297144
4 207 522 667.971451535
3 208 524 670.048737859
4 209 526 672.387056159
3 210 532 677.978297144
2 211 533 681.971451535
3 212 538 700.048763515
2 213 539 700.978297144
3 214 542 702.63164688
4 215 543 706.514246018
5 216 544 706.584282343
4 217 549 708.978297144
5 218 550 716.477621737
6 219 551 717.422699253
5 220 552 717.978297144
6 221 553 718.298823953
7 222 556 719.262742877
8 223 557 720.048939154
7 224 558 725.978297144
8 225 561 733.465307632
7 226 567 739.978297144
6 227 568 745.978297144
7 228 572 756.968103306
6 229 574 756.978297144
5 230 575 759.978297144
6 231 576 761.048981644
7 232 577 766.463404779
8 233 580 768.148761444
7 234 583 773.978297144
6 235 589 781.978297144
7 236 590 784.4841822
8 237 591 787.213682927
7 238 592 787.978297144
6 239 597 798.978297144
7 240 598 800.380744134
6 241 599 801.978297144
5 242 602 812.978297144
6 243 604 820.298748623
7 244 605 821.690554962
8 245 611 827.5250308
9 246 614 831.33551114
10 247 615 832.19247805
9 248 618 835.988664422
8 249 623 838.978297144
7 250 627 840.988664422
6 251 632 846.988664422
7 252 633 848.097788654
8 253 634 848.281833255
7 254 638 848.988664422
6 255 639 848.988664422
7 256 640 851.636970495
6 257 642 855.978297144
5 258 645 857.988664422
4 259 647 862.988664422
5 260 648 864.457907763
6 261 650 865.081202585
7 262 651 865.190266116
8 263 652 868.3069279
7 264 660 875.978297144
8 265 663 877.9735563
9 266 664 878.049656295
8 267 668 882.988664422
7 268 670 882.988664422
8 269 673 889.441663633
7 270 675 889.978297144
6 271 676 889.978297144
5 272 678 890.422914562
6 273 682 894.908242404
7 274 687 897.369303884
6 275 691 900.978297144
5 276 693 902.988664422
6 277 694 905.529573995
5 278 698 910.422914562
4 279 701 914.048737859
3 280 704 919.422914562
2 281 705 919.529573995
3 282 706 920.196452594
2 283 708 920.978297144
3 284 711 922.546797254
4 285 715 931.871175451
3 286 720 943.196452594
2 287 721 943.196452594
1 288 722 945.871175451
2 289 723 946.939886994
1 290 727 960.939886994
2 291 728 961.840253735
3 292 732 971.867922172
2 293 734 972.840253735
3 294 735 974.561524923
4 295 741 984.732027489
3 296 743 988.867922172
4 297 746 992.723458049
3 298 748 994.561524923
2 299 749 998.732027489
1 300 752 1009.72345805
2 301 754 1039.0672864
3 302 758 1041.92762669
4 303 760 1042.85273443
3 304 762 1044.0672864
4 305 764 1048.25844488
5 306 767 1052.57628191
6 307 772 1053.86056593
5 308 774 1055.92762669
4 309 775 1056.85273443
5 310 780 1061.62343578
6 311 783 1061.98880665
5 312 784 1062.85273443
4 313 788 1067.86056593
3 314 789 1069.57628191
2 315 790 1072.62343578
1 316 791 1078.62343578
2 317 792 1095.23989028
3 318 794 1099.48048051
4 319 800 1112.8538823
3 320 802 1113.48048051
4 321 803 1115.97222493
3 322 805 1118.23989028
4 323 807 1119.52344394
5 324 813 1126.36173896
4 325 815 1126.8538823
3 326 816 1126.8538823
4 327 817 1129.40109692
5 328 819 1131.54040421
6 329 821 1131.97018337
7 330 824 1133.93147583
8 331 825 1135.62009047
7 332 827 1137.36173896
8 333 829 1137.69372493
7 334 831 1138.97222493
8 335 841 1147.34904823
9 336 842 1149.78947277
8 337 843 1154.36173896
7 338 846 1155.40109692
6 339 850 1157.54040421
5 340 851 1157.54040421
4 341 852 1158.97222493
3 342 853 1160.40109692
4 343 854 1160.41179493
3 344 862 1171.41179493
4 345 863 1175.38859515
3 346 865 1177.36173896
4 347 866 1178.8169958
3 348 868 1183.54040421
4 349 871 1185.47042981
3 350 875 1189.38859515
2 351 878 1201.8169958
1 352 879 1202.47042981
2 353 880 1203.11129354
3 354 882 1204.30755683
4 355 884 1205.7822433
5 356 888 1209.7689823
6 357 890 1211.42185972
7 358 893 1214.89516587
6 359 894 1217.11129354
5 360 900 1225.7822433
4 361 902 1227.30755683
3 362 905 1232.7689823
4 363 907 1232.91129803
3 364 911 1239.7822433
2 365 912 1243.11129354
1 366 913 1245.7822433
2 367 914 1253.68802869
3 368 918 1260.14060312
4 369 921 1264.15199652
5 370 922 1266.22872116
4 371 927 1267.68802869
3 372 928 1268.14060312
4 373 929 1270.23873929
5 374 931 1273.340434
4 375 933 1274.14060312
5 376 936 1274.49359821
6 377 938 1278.74800201
7 378 941 1280.64301668
8 379 944 1285.86412713
7 380 946 1287.23873929
6 381 950 1290.340434
5 382 953 1294.49359821
4 383 955 1295.22872116
3 384 963 1304.23873929
4 385 964 1305.36451236
3 386 966 1307.340434
2 387 967 1314.49359821
3 388 970 1320.08611295
4 389 972 1326.39765669
3 390 976 1334.36451236
2 391 979 1340.08611295
1 392 980 1343.39765669
2 393 981 1351.38258372
3 394 983 1354.65858735
4 395 987 1366.55871276
3 396 991 1368.38258372
4 397 994 1375.37524639
3 398 996 1380.55871276
2 399 997 1380.65858735
3 400 1000 1386.63329209
2 401 1002 1389.37524639
3 402 1003 1392.26996333
4 403 1006 1398.85350275
3 404 1009 1403.63329209
4 405 1013 1405.65426974
5 406 1016 1408.48997843
4 407 1017 1409.26996333
3 408 1018 1412.26996333
4 409 1023 1417.42847675
5 410 1025 1418.41450945
6 411 1027 1418.90709493
7 412 1031 1421.53618975
8 413 1032 1421.58843778
7 414 1036 1422.65426974
6 415 1037 1425.42847675
5 416 1039 1426.41450945
6 417 1041 1427.0115279
5 418 1042 1428.65426974
4 419 1050 1437.41450945
5 420 1051 1442.85676997
4 421 1055 1445.42847675
3 422 1056 1448.41450945
2 423 1057 1448.65426974
1 424 1060 1456.42847675
2 425 1061 1460.99964493
3 426 1063 1463.94614392
4 427 1065 1465.91489634
5 428 1068 1467.23932678
6 429 1069 1473.02628178
7 430 1072 1475.96924317
6 431 1076 1480.94614392
5 432 1078 1480.99964493
6 433 1081 1481.12240538
5 434 1085 1483.94614392
6 435 1086 1484.07046362
5 436 1091 1488.91489634
6 437 1092 1494.03371879
5 438 1094 1494.91489634
4 439 1096 1500.94614392
3 440 1097 1500.99964493
2 441 1102 1508.91489634
1 442 1103 1517.94614392
2 443 1105 1521.17519975
3 444 1109 1525.36919998
4 445 1112 1531.25920864
3 446 1114 1532.17519975
4 447 1116 1535.99653084
3 448 1120 1542.36919998
4 449 1121 1542.6907554
5 450 1127 1551.17643827
4 451 1130 1555.99653084
5 452 1132 1557.45338347
6 453 1133 1557.82584886
5 454 1135 1559.6907554
4 455 1140 1566.25920864
3 456 1142 1567.6907554
4 457 1144 1569.94715554
3 458 1145 1569.99653084
4 459 1147 1570.85458621
3 460 1155 1583.25920864
2 461 1156 1583.25920864
1 462 1157 1584.85458621
2 463 1158 1584.97547872
3 464 1160 1588.967539
4 465 1162 1594.74723563
5 466 1167 1602.2809801
4 467 1169 1604.97547872
5 468 1170 1607.01467208
6 469 1171 1608.02749927
5 470 1174 1608.967539
4 471 1178 1618.97547872
3 472 1184 1622.967539
2 473 1185 1628.967539
1 474 1186 1629.97547872
2 475 1187 1631.70268993
3 476 1190 1633.60667854
4 477 1192 1638.18761135
3 478 1200 1650.60667854
2 479 1201 1651.70268993
3 480 1202 1654.72428005
2 481 1206 1658.18761135
1 482 1207 1662.72428005
2 483 1208 1664.38120408
3 484 1210 1666.35792011
4 485 1212 1666.78013448
5 486 1214 1670.74220837
6 487 1215 1670.94865078
5 488 1223 1678.38120408
4 489 1225 1680.35792011
3 490 1226 1683.78013448
4 491 1231 1693.48360154
5 492 1233 1694.98591483
4 493 1234 1697.35792011
3 494 1240 1707.38120408
2 495 1241 1708.35792011
1 496 1242 1713.48360154
2 497 1243 1714.35314799
3 498 1247 1719.27867225
4 499 1251 1720.63845038
5 500 1253 1721.74710506
6 501 1254 1722.90540534
7 502 1255 1725.41697187
8 503 1256 1726.27039718
9 504 1257 1726.88290227
8 505 1261 1728.35314799
9 506 1262 1729.61142443
8 507 1264 1730.27867225
9 508 1266 1731.33128296
10 509 1267 1731.60053232
11 510 1268 1731.75474233
12 511 1269 1735.39409872
11 512 1275 1740.63845038
10 513 1278 1745.35314799
9 514 1284 1750.27867225
10 515 1285 1752.29962672
11 516 1286 1752.6679438
10 517 1287 1754.35314799
9 518 1290 1754.63845038
8 519 1292 1759.35314799
7 520 1302 1768.63845038
6 521 1304 1770.27867225
5 522 1305 1771.63845038
4 523 1311 1774.94614392
3 524 1314 1782.35314799
4 525 1316 1783.39808419
3 526 1321 1788.63845038
2 527 1322 1790.27867225
3 528 1324 1793.47348979
4 529 1326 1793.77910858
3 530 1328 1794.39808419
4 531 1331 1797.48296222
5 532 1335 1801.52180561
6 533 1337 1801.71242815
5 534 1339 1804.77910858
6 535 1340 1805.5943408
7 536 1341 1805.90761692
6 537 1346 1810.47348979
5 538 1349 1814.48296222
6 539 1352 1815.64281034
5 540 1353 1818.77910858
6 541 1356 1819.54579572
5 542 1357 1821.52180561
6 543 1360 1825.92476374
5 544 1362 1827.47348979
6 545 1365 1831.74465935
7 546 1371 1832.50001599
6 547 1374 1838.77910858
5 548 1375 1839.92476374
4 549 1379 1843.48296222
3 550 1380 1844.77910858
4 551 1381 1848.66139598
3 552 1383 1848.74465935
2 553 1384 1851.74465935
3 554 1387 1856.97169033
2 555 1391 1862.66139598
1 556 1392 1870.97169033
2 557 1393 1884.97134841
3 558 1395 1891.71460365
4 559 1401 1903.9436827
5 560 1403 1904.31259005
4 561 1405 1905.71460365
5 562 1406 1907.63785046
4 563 1408 1907.97134841
5 564 1411 1910.30778929
6 565 1413 1910.31045804
5 566 1419 1915.31259005
4 567 1424 1917.9436827
5 568 1425 1918.22786655
4 569 1427 1918.63785046
5 570 1428 1921.14057707
4 571 1430 1921.30778929
5 572 1433 1926.01409125
6 573 1439 1929.32448378
5 574 1440 1932.31259005
4 575 1442 1934.01409125
3 576 1443 1935.14057707
4 577 1444 1935.43818528
3 578 1448 1938.22786655
4 579 1450 1941.89379426
5 580 1452 1944.83744222
4 581 1458 1949.31259005
5 582 1461 1951.80583377
4 583 1463 1958.43818528
3 584 1465 1960.31259005
2 585 1466 1961.89379426
3 586 1467 1963.85001466
4 587 1471 1965.81679758
5 588 1473 1970.41021798
4 589 1477 1975.43818528
5 590 1480 1978.73804411
4 591 1481 1980.85001466
3 592 1485 1982.81679758
4 593 1487 1986.59375455
3 594 1488 1992.43818528
4 595 1489 1993.75606745
5 596 1496 1996.13754288
4 597 1500 2000.85001466
3 598 1501 2001.75606745
4 599 1502 2002.45050491
3 600 1504 2003.85001466
4 601 1505 2005.4700304
3 602 1507 2007.13754288
4 603 1509 2011.94785442
5 604 1515 2017.80157928
4 605 1517 2019.4700304
5 606 1518 2024.24648445
6 607 1523 2024.97191698
5 608 1527 2028.45050491
4 609 1530 2031.94785442
3 610 1531 2032.24648445
4 611 1532 2033.01060508
3 612 1534 2035.24648445
2 613 1535 2037.80157928
3 614 1536 2045.18807827
4 615 1538 2045.95165
5 616 1540 2048.43389441
6 617 1546 2052.41970785
5 618 1551 2062.43389441
4 619 1553 2065.01060508
3 620 1554 2065.95165
4 621 1558 2071.04759969
3 622 1560 2071.18807827
4 623 1564 2077.4112375
3 624 1566 2079.43389441
4 625 1569 2085.98736585
5 626 1571 2086.81808222
4 627 1574 2091.04759969
3 628 1576 2094.4112375
4 629 1577 2099.51490355
3 630 1579 2099.98736585
4 631 1584 2108.0654805
5 632 1586 2110.09995051
4 633 1588 2110.51490355
5 634 1591 2114.21624347
4 635 1593 2117.04759969
3 636 1594 2119.0654805
4 637 1599 2123.26976985
3 638 1601 2127.51490355
4 639 1602 2127.78338933
3 640 1604 2128.04759969
4 641 1607 2129.78373093
5 642 1609 2130.53869016
6 643 1610 2130.67230018
5 644 1615 2138.78338933
6 645 1617 2143.03326084
5 646 1618 2143.26976985
4 647 1625 2149.78373093
3 648 1628 2155.78338933
4 649 1629 2155.95387053
3 650 1631 2157.26976985
2 651 1632 2160.78373093
3 652 1633 2164.20445342
4 653 1635 2168.33252933
5 654 1642 2176.79301338
4 655 1646 2178.95387053
3 656 1647 2182.33252933
2 657 1648 2184.20445342
3 658 1650 2186.38112652
4 659 1651 2187.89932398
5 660 1656 2197.15302484
4 661 1658 2199.79301338
3 662 1661 2202.79301338
4 663 1662 2202.90776057
5 664 1666 2204.39985966
4 665 1668 2208.15302484
5 666 1670 2208.44332021
4 667 1671 2210.89932398
5 668 1672 2211.48020231
6 669 1674 2214.13219489
7 670 1681 2223.10234888
8 671 1682 2223.12411737
7 672 1684 2224.39985966
6 673 1685 2227.39985966
7 674 1688 2228.01117503
6 675 1690 2228.90776057
5 676 1696 2237.48020231
6 677 1697 2238.41722215
5 678 1702 2244.39985966
4 679 1704 2245.90776057
3 680 1705 2246.13219489
2 681 1706 2248.48020231
3 682 1710 2256.91338782
2 683 1711 2258.39985966
3 684 1716 2273.54224085
2 685 1718 2273.91338782
3 686 1720 2275.25056806
4 687 1722 2282.1425514
5 688 1728 2290.29160407
4 689 1731 2293.54224085
5 690 1735 2295.73870156
6 691 1738 2303.05141388
5 692 1740 2304.25056806
6 693 1741 2306.41659249
7 694 1742 2307.17567529
6 695 1743 2307.54224085
7 696 1745 2309.18042476
6 697 1747 2310.95165
7 698 1748 2311.63780925
8 699 1752 2314.16445902
9 700 1758 2314.85964754
8 701 1760 2318.95165
9 702 1761 2319.0236233
10 703 1762 2320.68389777
9 704 1764 2321.54224085
8 705 1765 2321.54224085
7 706 1767 2324.25056806
6 707 1773 2332.95165
7 708 1776 2335.81019437
8 709 1777 2336.26764095
9 710 1780 2337.85784197
8 711 1782 2338.54224085
7 712 1786 2344.25056806
6 713 1788 2346.95165
5 714 1789 2349.54224085
6 715 1797 2363.07204888
5 716 1798 2363.54224085
4 717 1800 2363.95165
3 718 1802 2364.25056806
2 719 1807 2377.95165
1 720 1808 2380.54224085
2 721 1809 2385.54797952
3 722 1811 2385.91405823
4 723 1813 2393.42995341
3 724 1821 2399.91405823
2 725 1822 2401.42995341
1 726 1823 2402.54797952
2 727 1824 2412.59569885
3 728 1826 2412.74379642
4 729 1830 2416.487365
3 730 1834 2417.74379642
4 731 1837 2422.63362038
3 732 1839 2424.487365
4 733 1840 2425.29565245
3 734 1842 2426.59569885
4 735 1845 2432.87397101
3 736 1849 2436.63362038
4 737 1853 2441.10515108
5 738 1854 2442.88436773
4 739 1858 2451.29565245
5 740 1859 2451.42411399
4 741 1860 2452.87397101
5 742 1865 2458.91487488
6 743 1866 2461.99879933
5 744 1867 2462.29565245
6 745 1870 2462.43366855
7 746 1871 2464.13582293
6 747 1872 2465.29565245
7 748 1875 2470.9331392
8 749 1876 2472.4902753
9 750 1877 2475.86618525
8 751 1882 2478.87397101
9 752 1884 2479.12011194
8 753 1885 2482.29565245
9 754 1889 2490.3140877
8 755 1894 2491.29565245
9 756 1898 2494.69987709
8 757 1901 2495.87397101
9 758 1903 2496.2330726
8 759 1904 2498.87397101
7 760 1906 2502.29565245
8 761 1913 2504.51799354
7 762 1916 2507.91338782
8 763 1919 2509.67643798
7 764 1920 2510.91338782
6 765 1922 2511.39985966
5 766 1923 2512.87397101
4 767 1925 2513.91338782
5 768 1926 2514.24157188
4 769 1930 2522.29565245
3 770 1935 2528.39985966
4 771 1936 2528.91773389
3 772 1938 2535.87397101
2 773 1941 2537.24157188
1 774 1942 2542.91773389
2 775 1943 2544.52928128
3 776 1947 2558.96063985
2 777 1949 2561.52928128
3 778 1952 2577.55198917
2 779 1954 2578.96063985
1 780 1957 2585.55198917
2 781 1958 2593.86318592
3 782 1961 2593.98919169
4 783 1962 2594.94275164
5 784 1964 2600.91309764
4 785 1969 2607.86318592
3 786 1970 2607.86318592
4 787 1975 2608.38120941
3 788 1977 2611.91309764
2 789 1978 2611.94275164
3 790 1979 2618.02860519
4 791 1985 2624.10164138
3 792 1987 2626.02860519
2 793 1988 2628.38120941
3 794 1989 2629.23117241
4 795 1995 2641.36858533
3 796 1999 2647.10164138
2 797 2000 2649.23117241
3 798 2001 2650.30171964
2 799 2003 2652.36858533
3 800 2006 2656.29662884
2 801 2013 2670.29662884
1 802 2014 2670.30171964
2 803 2015 2671.81389506
3 804 2019 2680.1602941
4 805 2022 2680.97467742
5 806 2023 2687.31132839
4 807 2025 2688.81389506
5 808 2027 2691.72806434
6 809 2034 2695.75764984
7 810 2036 2698.24116085
6 811 2038 2700.1602941
5 812 2041 2703.1602941
4 813 2042 2704.31132839
5 814 2043 2705.11906063
6 815 2047 2705.53929522
5 816 2049 2706.1602941
4 817 2052 2712.75764984
5 818 2053 2715.7682939
4 819 2057 2718.24116085
3 820 2058 2719.53929522
2 821 2059 2722.11906063
3 822 2060 2724.17129845
4 823 2064 2734.91212464
5 824 2066 2736.89749303
6 825 2071 2738.47533066
5 826 2074 2741.7682939
6 827 2079 2743.02770025
5 828 2080 2745.91212464
4 829 2081 2747.89749303
3 830 2083 2748.91212464
2 831 2084 2750.17129845
3 832 2085 2750.52179054
4 833 2088 2751.21759911
3 834 2096 2761.52179054
4 835 2097 2764.62901882
3 836 2099 2764.89749303
2 837 2100 2765.21759911
3 838 2102 2766.95650066
4 839 2103 2769.34276492
5 840 2106 2769.52326148
6 841 2113 2778.35790438
5 842 2115 2784.62901882
4 843 2116 2784.62901882
3 844 2117 2787.62901882
2 845 2120 2789.34276492
1 846 2121 2798.35790438
2 847 2122 2805.39064613
3 848 2124 2812.99893832
2 849 2130 2823.99893832
1 850 2131 2825.39064613
2 851 2132 2829.52670747
1 852 2136 2840.52670747
2 853 2137 2843.21320376
3 854 2141 2849.91502916
2 855 2143 2851.21320376
3 856 2144 2858.80091143
4 857 2146 2860.59756974
5 858 2149 2862.3090032
6 859 2157 2869.93225296
5 860 2161 2874.59756974
4 861 2162 2875.91502916
3 862 2163 2875.91502916
2 863 2164 2880.59756974
1 864 2165 2884.80091143
2 865 2166 2890.71049613
3 866 2170 2901.13543085
2 867 2172 2907.71049613
3 868 2175 2920.85844414
2 869 2177 2921.13543085
3 870 2180 2931.5296112
2 871 2182 2934.85844414
1 872 2185 2945.5296112
2 873 2186 2947.16087179
3 874 2188 2954.96156426
4 875 2193 2964.32429486
3 876 2198 2973.16087179
4 877 2199 2973.56864853
3 878 2201 2974.96156426
2 879 2202 2974.96156426
3 880 2203 2981.20613831
4 881 2207 2984.54381427
5 882 2211 2986.66226593
4 883 2215 2995.20613831
3 884 2216 2999.56864853
2 885 2219 3000.66226593
1 886 2220 3007.54381427
2 887 2221 3015.61254712
3 888 2223 3023.21162522
4 889 2227 3027.65780849
5 890 2229 3033.42752028
6 891 2231 3034.10578338
7 892 2233 3035.12787551
6 893 2235 3035.61254712
5 894 2242 3043.21162522
4 895 2245 3047.42752028
3 896 2246 3047.65780849
2 897 2247 3048.10578338
3 898 2250 3053.70385181
4 899 2252 3058.41229856
3 900 2256 3061.61254712
4 901 2257 3070.61114188
3 902 2259 3070.70385181
2 903 2264 3081.41229856
3 904 2265 3081.42875046
2 905 2269 3089.42875046
1 906 2270 3090.61114188
2 907 2271 3092.26618608
3 908 2274 3099.97040114
4 909 2275 3107.24421849
5 910 2280 3112.49102195
4 911 2282 3115.26618608
5 912 2283 3116.56121042
4 913 2287 3118.26618608
3 914 2291 3124.24421849
2 915 2292 3126.49102195
1 916 2296 3133.56121042
2 917 2297 3137.97056576
3 918 2299 3147.78757718
4 919 2303 3148.86235654
3 920 2305 3151.97056576
2 921 2310 3164.78757718
1 922 2312 3165.86235654
2 923 2313 3170.31135014
1 924 2318 3178.31135014
2 925 2319 3182.12996035
1 926 2323 3196.12996035
2 927 2324 3197.79765625
3 928 2326 3202.85061064
2 929 2332 3211.79765625
1 930 2333 3213.85061064
2 931 2334 3234.02630891
3 932 2338 3244.60647888
4 933 2340 3245.79778198
3 934 2342 3254.02630891
4 935 2345 3256.11557277
3 936 2349 3261.60647888
4 937 2350 3266.39312162
5 938 2352 3266.93247455
4 939 2356 3271.79778198
3 940 2359 3282.11557277
2 941 2362 3286.39312162
3 942 2363 3286.4663224
2 943 2365 3288.79778198
3 944 2366 3290.44687841
4 945 2372 3297.67882776
3 946 2374 3300.4663224
2 947 2375 3304.44687841
3 948 2378 3320.39296984
2 949 2380 3323.67882776
3 950 2381 3325.81530738
4 951 2383 3326.27050099
3 952 2392 3337.27050099
2 953 2393 3340.39296984
1 954 2394 3342.81530738
2 955 2395 3344.26042378
3 956 2397 3348.62555809
4 957 2399 3350.44704195
5 958 2405 3360.1349727
4 959 2409 3365.62555809
5 960 2410 3366.56194954
4 961 2414 3370.44704195
3 962 2415 3373.26042378
2 963 2416 3374.1349727
3 964 2421 3381.52147125
2 965 2424 3383.56194954
3 966 2425 3391.0482032
4 967 2429 3392.75681182
5 968 2431 3394.16506747
6 969 2433 3394.60478286
5 970 2434 3395.52147125
4 971 2440 3400.52147125
5 972 2441 3400.9634015
4 973 2443 3402.0482032
3 974 2448 3408.9634015
4 975 2451 3413.66704508
3 976 2453 3415.75681182
4 977 2454 3415.98034359
5 978 2456 3416.95417584
4 979 2460 3417.16506747
5 980 2465 3423.61982821
6 981 2467 3425.7456489
5 982 2469 3427.95417584
6 983 2470 3429.79555101
5 984 2471 3429.98034359
6 985 2473 3431.26796561
5 986 2481 3435.95417584
4 987 2482 3436.66704508
3 988 2483 3440.61982821
2 989 2484 3443.98034359
3 990 2485 3445.17723611
2 991 2491 3453.17723611
1 992 2492 3455.95417584
2 993 2493 3460.91142549
3 994 2495 3466.14530181
4 995 2499 3472.66259802
5 996 2503 3473.56574486
4 997 2505 3474.91142549
5 998 2506 3478.08513558
4 999 2512 3483.14530181
5 1000 2513 3484.85386194
6 1001 2516 3485.93242647
7 1002 2517 3486.24001649
8 1003 2520 3487.315692
7 1004 2522 3492.08513558
6 1005 2524 3492.66259802
5 1006 2525 3493.56574486
4 1007 2531 3498.85386194
5 1008 2532 3501.19404441
6 1009 2534 3502.31367731
5 1010 2538 3503.08513558
4 1011 2539 3504.85386194
5 1012 2542 3506.67932433
4 1013 2546 3509.66259802
3 1014 2547 3511.08513558
2 1015 2548 3515.19404441
3 1016 2551 3522.69631456
2 1017 2555 3532.67932433
3 1018 2556 3537.91253298
4 1019 2560 3542.58217066
3 1020 2562 3542.69631456
4 1021 2563 3547.05583177
5 1022 2565 3547.06924444
4 1023 2569 3551.91253298
5 1024 2570 3553.41453064
4 1025 2572 3556.58217066
3 1026 2579 3564.06924444
2 1027 2580 3567.05583177
3 1028 2582 3568.21905049
2 1029 2586 3573.41453064
3 1030 2587 3574.008606
4 1031 2589 3574.75278477
3 1032 2591 3579.21905049
2 1033 2595 3585.75278477
3 1034 2596 3586.99889138
2 1035 2600 3591.008606
1 1036 2604 3597.99889138
2 1037 2605 3604.76076962
3 1038 2609 3615.01166623
2 1039 2613 3618.76076962
3 1040 2614 3621.65293716
2 1041 2616 3623.01166623
3 1042 2619 3628.05076861
2 1043 2625 3635.65293716
1 1044 2626 3636.05076861
2 1045 2627 3639.42570414
3 1046 2631 3648.11811468
4 1047 2633 3652.99899092
3 1048 2635 3653.42570414
4 1049 2638 3655.46585243
3 1050 2642 3665.11811468
4 1051 2643 3665.50563391
5 1052 2645 3666.4193867
4 1053 2649 3672.99899092
5 1054 2650 3675.0016319
6 1055 2654 3678.21344607
5 1056 2656 3679.50563391
4 1057 2660 3681.46585243
5 1058 2661 3684.49089329
4 1059 2663 3686.99899092
5 1060 2666 3689.80406612
6 1061 2667 3690.98989544
5 1062 2671 3692.99899092
6 1063 2672 3693.25280976
5 1064 2674 3695.49089329
6 1065 2675 3695.74513296
5 1066 2676 3699.50563391
4 1067 2681 3703.99899092
5 1068 2686 3710.56113111
4 1069 2690 3713.50563391
3 1070 2693 3715.49089329
2 1071 2694 3718.50563391
3 1072 2695 3719.4764441
2 1073 2699 3720.99899092
3 1074 2700 3729.97032002
2 1075 2702 3730.4764441
3 1076 2704 3731.88151813
4 1077 2705 3732.58288315
5 1078 2710 3736.26958677
4 1079 2712 3737.97032002
5 1080 2717 3743.69459265
4 1081 2718 3743.97032002
5 1082 2720 3745.00876701
4 1083 2722 3746.58288315
5 1084 2723 3749.00656045
6 1085 2726 3753.65579751
5 1086 2728 3756.26958677
4 1087 2731 3757.58288315
3 1088 2737 3767.26958677
2 1089 2738 3769.97032002
1 1090 2739 3771.58288315
2 1091 2740 3774.91459616
3 1092 2742 3775.836588
4 1093 2748 3784.96427956
3 1094 2750 3785.91459616
4 1095 2751 3788.31224209
3 1096 2753 3789.836588
2 1097 2759 3801.96427956
3 1098 2760 3807.0237224
2 1099 2762 3811.31224209
3 1100 2763 3812.18433977
4 1101 2765 3812.30373594
3 1102 2773 3824.0237224
4 1103 2775 3825.16391733
3 1104 2777 3829.18433977
2 1105 2778 3829.30373594
3 1106 2780 3830.85034754
4 1107 2782 3832.71611867
5 1108 2784 3833.68811401
6 1109 2791 3840.62901798
7 1110 2794 3844.20968544
8 1111 2795 3844.37257308
7 1112 2797 3845.16391733
6 1113 2798 3846.71611867
7 1114 2800 3851.9643525
6 1115 2806 3853.85034754
5 1116 2808 3856.68811401
6 1117 2809 3857.97386552
5 1118 2814 3865.16391733
4 1119 2816 3866.71611867
5 1120 2819 3871.02500264
4 1121 2821 3873.68811401
3 1122 2826 3882.85034754
4 1123 2827 3883.60117642
3 1124 2829 3885.02500264
2 1125 2830 3891.16391733
3 1126 2833 3895.01275315
4 1127 2835 3899.79114818
3 1128 2837 3900.60117642
4 1129 2838 3901.99426822
3 1130 2842 3906.01275315
2 1131 2847 3913.79114818
3 1132 2848 3913.84810576
4 1133 2850 3913.89369362
3 1134 2852 3915.99426822
2 1135 2857 3924.84810576
1 1136 2858 3927.89369362
2 1137 2859 3937.23719476
3 1138 2861 3940.02919272
4 1139 2865 3947.88867196
3 1140 2869 3951.23719476
4 1141 2870 3953.74491375
5 1142 2872 3955.69704455
6 1143 2874 3956.12080954
7 1144 2875 3956.81315658
8 1145 2876 3957.05977065
7 1146 2881 3960.02919272
8 1147 2883 3960.33102235
9 1148 2886 3965.2182602
10 1149 2887 3965.26105183
11 1150 2888 3965.26823662
12 1151 2889 3965.35882566
11 1152 2893 3970.74491375
10 1153 2897 3970.88867196
11 1154 2898 3973.74417268
12 1155 2899 3974.79014731
11 1156 2900 3975.69704455
12 1157 2902 3976.98265595
11 1158 2906 3980.02919272
12 1159 2911 3984.11183338
11 1160 2914 3984.88867196
10 1161 2923 3990.74491375
9 1162 2924 3990.88867196
10 1163 2925 3991.93515391
9 1164 2926 3993.88867196
10 1165 2928 3995.83373004
9 1166 2930 3997.02919272
8 1167 2932 3998.69704455
7 1168 2934 3998.88867196
8 1169 2935 3999.65753254
9 1170 2936 3999.82341735
10 1171 2937 3999.91898767
11 1172 2939 4000.17241968
10 1173 2944 4001.74491375
9 1174 2945 4001.88867196
8 1175 2946 4004.74491375
7 1176 2957 4012.88867196
8 1177 2958 4013.47545625
9 1178 2959 4015.51524895
8 1179 2961 4015.69704455
7 1180 2963 4015.74491375
8 1181 2966 4018.00593757
9 1182 2967 4018.44515586
8 1183 2973 4020.02919272
7 1184 2974 4021.88867196
8 1185 2975 4022.39107527
7 1186 2977 4023.74491375
8 1187 2980 4028.05069158
9 1188 2982 4031.46679124
10 1189 2984 4032.2814843
9 1190 2986 4032.88867196
10 1191 2991 4034.66801567
9 1192 2993 4035.69704455
8 1193 2995 4037.02919272
9 1194 2996 4039.25671127
8 1195 2999 4040.74491375
7 1196 3004 4046.74491375
6 1197 3005 4046.88867196
7 1198 3007 4048.2376313
8 1199 3008 4048.77758692
7 1200 3010 4049.74491375
8 1201 3015 4051.56834416
7 1202 3017 4054.02919272
6 1203 3019 4054.88867196
5 1204 3022 4055.69704455
6 1205 3023 4058.38929223
5 1206 3033 4065.0237224
6 1207 3034 4065.67952049
5 1208 3036 4066.74491375
6 1209 3037 4069.41533056
5 1210 3039 4071.88867196
4 1211 3041 4072.38929223
5 1212 3042 4073.58051482
4 1213 3044 4074.02919272
3 1214 3049 4078.58051482
2 1215 3052 4082.67952049
3 1216 3055 4086.18957277
4 1217 3058 4089.74135016
5 1218 3062 4093.92014172
6 1219 3063 4095.09369856
5 1220 3066 4098.41533056
6 1221 3069 4099.36214233
5 1222 3070 4100.74135016
4 1223 3075 4106.18957277
5 1224 3078 4114.21689854
4 1225 3080 4115.41533056
5 1226 3081 4117.16802307
4 1227 3083 4118.41533056
3 1228 3084 4120.74135016
4 1229 3087 4125.85647759
3 1230 3091 4131.21689854
2 1231 3094 4134.16802307
3 1232 3095 4136.80668589
4 1233 3097 4139.5502752
3 1234 3099 4139.85647759
4 1235 3100 4142.44455406
5 1236 3106 4147.65776638
4 1237 3109 4153.5502752
3 1238 3111 4159.44455406
2 1239 3112 4159.80668589
3 1240 3113 4160.43044721
4 1241 3117 4161.62186489
5 1242 3119 4161.79987117
6 1243 3124 4168.84405417
5 1244 3125 4173.5502752
4 1245 3127 4175.62186489
5 1246 3129 4175.91174931
4 1247 3130 4177.43044721
5 1248 3132 4177.63535607
6 1249 3133 4180.13244137
7 1250 3136 4181.00771421
8 1251 3137 4183.01546779
7 1252 3140 4184.5502752
8 1253 3148 4197.97839695
7 1254 3149 4203.43044721
6 1255 3153 4204.5502752
5 1256 3154 4204.62186489
6 1257 3155 4205.51053253
7 1258 3158 4206.96787101
6 1259 3159 4207.5502752
7 1260 3164 4211.3893897
6 1261 3168 4214.43044721
5 1262 3172 4217.43044721
6 1263 3173 4218.53064315
7 1264 3175 4219.48001154
6 1265 3177 4219.51053253
5 1266 3178 4222.51053253
6 1267 3181 4223.69856756
5 1268 3182 4226.53064315
4 1269 3184 4227.5502752
5 1270 3185 4227.8745118
4 1271 3187 4230.5502752
5 1272 3188 4230.57562118
6 1273 3191 4233.67775721
5 1274 3197 4238.5502752
4 1275 3199 4243.53064315
5 1276 3202 4246.61127521
4 1277 3203 4248.51053253
5 1278 3205 4250.15633652
4 1279 3206 4252.5502752
5 1280 3210 4255.41463488
6 1281 3211 4261.91783638
5 1282 3214 4263.53064315
6 1283 3219 4271.08558165
7 1284 3220 4271.38853672
8 1285 3221 4271.65776858
7 1286 3222 4275.5502752
6 1287 3228 4277.51053253
5 1288 3229 4283.53064315
4 1289 3234 4286.53064315
3 1290 3238 4294.51053253
2 1291 3239 4295.5502752
3 1292 3241 4298.06995131
2 1293 3245 4306.53064315
3 1294 3247 4309.74943798
4 1295 3249 4314.05296115
3 1296 3250 4315.06995131
4 1297 3252 4316.49291378
3 1298 3259 4329.06995131
4 1299 3262 4340.6198384
5 1300 3263 4343.82745276
6 1301 3264 4344.40793064
5 1302 3266 4349.06995131
6 1303 3269 4356.57904126
7 1304 3270 4361.41434859
6 1305 3272 4363.06995131
5 1306 3276 4380.06995131
6 1307 3277 4381.44367739
7 1308 3280 4384.39014355
8 1309 3281 4385.89828176
7 1310 3283 4388.06995131
8 1311 3284 4392.31506336
9 1312 3285 4392.91416775
10 1313 3288 4399.48366733
11 1314 3289 4403.3714208
12 1315 3292 4405.30429079
11 1316 3295 4417.06995131
12 1317 3299 4421.11442591
11 1318 3300 4425.06995131
12 1319 3301 4427.91392703
13 1320 3302 4429.36074588
12 1321 3306 4431.06995131
13 1322 3307 4431.16778736
14 1323 3308 4432.09952261
15 1324 3309 4432.2872728
16 1325 3310 4436.11337106
17 1326 3311 4438.29926729
18 1327 3316 4446.17028152
17 1328 3317 4451.06995131
16 1329 3318 4451.06995131
15 1330 3320 4451.06995131
16 1331 3321 4451.20469015
17 1332 3322 4451.73530142
18 1333 3325 4459.80558456
17 1334 3327 4465.06995131
18 1335 3328 4466.9867585
19 1336 3329 4471.92207785
18 1337 3336 4485.06995131
19 1338 3342 4492.73382607
20 1339 3343 4498.25266458
21 1340 3344 4498.64312231
20 1341 3347 4502.06995131
19 1342 3348 4502.06995131
18 1343 3349 4502.06995131
19 1344 3350 4502.92517655
18 1345 3351 4508.06995131
17 1346 3358 4519.06995131
18 1347 3361 4520.57052659
17 1348 3364 4522.06995131
16 1349 3369 4523.07818821
15 1350 3370 4530.06995131
14 1351 3374 4533.06995131
13 1352 3378 4540.07818821
12 1353 3380 4541.06995131
13 1354 3381 4544.52918352
14 1355 3386 4550.29739058
15 1356 3389 4554.95034188
14 1357 3392 4557.07818821
15 1358 3393 4557.26235497
14 1359 3394 4558.06995131
13 1360 3407 4568.07818821
12 1361 3409 4569.06995131
13 1362 3410 4570.06432652
14 1363 3411 4570.47171422
13 1364 3412 4572.06995131
14 1365 3415 4574.93588348
13 1366 3416 4575.06995131
12 1367 3417 4575.06995131
11 1368 3419 4577.07818821
12 1369 3420 4585.1246965
11 1370 3422 4586.06995131
10 1371 3430 4591.07818821
11 1372 3431 4594.38567188
12 1373 3434 4595.54960876
13 1374 3435 4597.06338675
12 1375 3441 4605.07818821
11 1376 3445 4608.07818821
10 1377 3447 4610.85736002
9 1378 3453 4612.06995131
10 1379 3454 4613.00312109
11 1380 3457 4613.32639829
10 1381 3467 4620.06995131
11 1382 3468 4621.17400781
10 1383 3470 4621.85736002
9 1384 3471 4623.06995131
10 1385 3475 4624.18011008
11 1386 3476 4625.20872614
10 1387 3477 4628.07818821
9 1388 3480 4628.07818821
8 1389 3484 4629.06995131
7 1390 3485 4631.07818821
6 1391 3487 4632.85736002
5 1392 3488 4632.85736002
4 1393 3491 4640.06995131
3 1394 3496 4643.85736002
2 1395 3497 4648.07818821
1 1396 3499 4651.07818821
2 1397 3500 4651.60493561
3 1398 3502 4651.92389173
4 1399 3506 4654.89142979
5 1400 3507 4656.37801326
6 1401 3510 4659.52576225
5 1402 3513 4662.92389173
4 1403 3515 4665.60493561
5 1404 3516 4666.10329344
4 1405 3523 4676.92389173
3 1406 3524 4679.60493561
2 1407 3525 4682.92389173
1 1408 3528 4693.92389173
2 1409 3529 4699.64607421
3 1410 3531 4703.97744535
2 1411 3535 4713.64607421
1 1412 3538 4720.97744535
2 1413 3539 4729.76192709
3 1414 3541 4740.20424216
4 1415 3543 4741.16945901
3 1416 3551 4755.76192709
2 1417 3552 4757.20424216
3 1418 3555 4758.98846034
2 1419 3557 4761.66966794
3 1420 3558 4771.87821663
4 1421 3563 4775.65452125
5 1422 3564 4779.68230247
4 1423 3566 4781.98846034
5 1424 3573 4791.51536425
6 1425 3574 4792.28901016
5 1426 3576 4797.87821663
4 1427 3578 4798.65452125
3 1428 3579 4801.98846034
4 1429 3580 4804.64390911
5 1430 3586 4808.65473446
6 1431 3589 4813.08061195
7 1432 3590 4815.5226028
6 1433 3591 4815.64390911
7 1434 3596 4820.50262519
6 1435 3598 4820.87821663
7 1436 3601 4824.6374916
6 1437 3602 4824.65452125
5 1438 3605 4827.98799937
6 1439 3614 4840.87201806
7 1440 3615 4841.32956446
6 1441 3617 4841.65452125
7 1442 3618 4845.27612119
6 1443 3621 4847.64390911
7 1444 3624 4849.37289043
6 1445 3625 4849.87821663
7 1446 3627 4850.93283453
6 1447 3629 4852.65452125
5 1448 3630 4853.98799937
4 1449 3636 4858.64390911
3 1450 3639 4863.65452125
2 1451 3640 4864.64390911
1 1452 3642 4866.87821663
2 1453 3644 4876.43354589
3 1454 3646 4878.74826729
4 1455 3652 4886.01998249
3 1456 3654 4887.43354589
2 1457 3655 4889.74826729
3 1458 3658 4895.6388193
4 1459 3660 4901.5260913
3 1460 3664 4903.01998249
2 1461 3665 4906.6388193
3 1462 3668 4908.68212265
2 1463 3672 4918.5260913
1 1464 3673 4922.68212265
2 1465 3674 4923.24941438
3 1466 3676 4923.9769303
4 1467 3679 4927.26560726
5 1468 3680 4929.73938141
4 1469 3687 4937.9769303
5 1470 3688 4939.57715207
6 1471 3691 4940.74684825
7 1472 3692 4943.53460658
6 1473 3695 4943.9769303
5 1474 3696 4946.24941438
4 1475 3698 4946.73938141
5 1476 3699 4951.11854438
6 1477 3701 4953.08050875
7 1478 3709 4957.46807486
6 1479 3710 4960.24941438
5 1480 3712 4960.9769303
4 1481 3714 4960.9769303
3 1482 3717 4962.11854438
4 1483 3718 4962.3895348
5 1484 3721 4964.72409604
4 1485 3724 4968.24941438
3 1486 3728 4971.9769303
2 1487 3729 4973.3895348
1 1488 3730 4976.3895348
2 1489 3731 4977.0077332
3 1490 3733 4977.16334422
4 1491 3739 4990.02066015
3 1492 3743 4994.16334422
4 1493 3744 4994.90199928
3 1494 3748 4997.0077332
2 1495 3749 5002.90199928
1 1496 3750 5004.02066015
2 1497 3751 5008.49055381
3 1498 3753 5013.69110156
4 1499 3758 5015.58813908
5 1500 3759 5018.6299481
6 1501 3761 5019.9503004
7 1502 3762 5021.28571778
8 1503 3763 5022.59301835
9 1504 3764 5024.70399217
8 1505 3767 5025.49055381
9 1506 3773 5027.14912383
8 1507 3777 5030.69110156
7 1508 3779 5032.6299481
6 1509 3780 5036.49055381
5 1510 3782 5039.49055381
4 1511 3784 5039.69110156
3 1512 3787 5046.6299481
2 1513 3792 5062.49055381
1 1514 3794 5062.69110156
2 1515 3795 5063.28223405
3 1516 3802 5068.73282048
4 1517 3806 5079.00508971
5 1518 3807 5080.66777029
4 1519 3810 5083.28223405
3 1520 3811 5085.73282048
4 1521 3812 5086.90037262
5 1522 3814 5089.49908126
6 1523 3815 5092.99719997
5 1524 3824 5097.90037262
4 1525 3825 5103.28223405
3 1526 3826 5103.28223405
4 1527 3831 5110.5366315
3 1528 3833 5111.64390911
2 1529 3836 5117.90037262
3 1530 3837 5119.53121837
4 1531 3839 5119.8139543
3 1532 3841 5121.5366315
4 1533 3842 5124.30739829
5 1534 3846 5127.91620267
6 1535 3847 5130.29148609
5 1536 3852 5136.8139543
6 1537 3854 5138.79510729
7 1538 3855 5140.92405493
8 1539 3856 5142.12152072
7 1540 3858 5145.53121837
6 1541 3862 5147.30739829
7 1542 3865 5150.66487999
8 1543 3868 5152.21025745
7 1544 3870 5161.30739829
6 1545 3872 5162.8139543
5 1546 3874 5165.53121837
4 1547 3882 5176.8139543
3 1548 3883 5178.30739829
2 1549 3885 5182.53121837
3 1550 3889 5188.5301276
4 1551 3891 5195.72098916
3 1552 3892 5196.8139543
4 1553 3898 5207.82342126
5 1554 3899 5210.81990157
4 1555 3901 5211.5301276
3 1556 3902 5216.8139543
4 1557 3904 5219.36128546
5 1558 3909 5230.8994787
4 1559 3910 5233.8139543
3 1560 3913 5237.5301276
4 1561 3916 5241.81626924
3 1562 3920 5247.8139543
2 1563 3921 5257.5301276
3 1564 3924 5260.9030684
4 1565 3926 5267.38243074
5 1566 3927 5267.7253554
4 1567 3928 5270.8139543
5 1568 3936 5273.62496625
4 1569 3937 5277.9030684
5 1570 3939 5278.26414509
6 1571 3941 5281.07638018
7 1572 3942 5281.81796441
8 1573 3943 5281.91163091
9 1574 3948 5284.57822315
10 1575 3949 5287.60223398
9 1576 3950 5287.8139543
8 1577 3953 5290.8139543
7 1578 3954 5290.8139543
8 1579 3959 5297.9553027
7 1580 3961 5298.26414509
8 1581 3966 5306.17318419
7 1582 3968 5307.8139543
8 1583 3971 5310.28255086
7 1584 3976 5312.26414509
8 1585 3977 5313.03487771
7 1586 3982 5316.49055381
6 1587 3983 5317.26414509
5 1588 3985 5323.26414509
4 1589 3986 5324.8139543
5 1590 3990 5328.11674255
4 1591 3994 5330.49055381
5 1592 3995 5331.20527548
6 1593 4000 5334.15515174
5 1594 4001 5334.26414509
4 1595 4005 5341.8139543
5 1596 4007 5342.4643234
6 1597 4008 5343.71204552
5 1598 4009 5344.49055381
4 1599 4015 5348.26414509
3 1600 4017 5349.49055381
2 1601 4018 5349.8139543
3 1602 4019 5353.31616719
2 1603 4025 5362.26414509
3 1604 4026 5363.80923139
2 1605 4030 5373.31616719
3 1606 4031 5375.40865612
4 1607 4033 5376.30490603
3 1608 4035 5377.80923139
4 1609 4036 5379.33304174
5 1610 4039 5382.46688891
4 1611 4045 5387.30490603
3 1612 4046 5389.40865612
2 1613 4047 5393.30490603
3 1614 4048 5393.35239603
4 1615 4051 5398.28307296
5 1616 4057 5401.46656325
6 1617 4059 5406.42046307
7 1618 4060 5408.23848209
6 1619 4062 5408.33304174
7 1620 4063 5409.2500206
6 1621 4064 5410.35239603
5 1622 4066 5410.35239603
6 1623 4067 5410.67349591
5 1624 4077 5421.35239603
4 1625 4080 5425.33304174
3 1626 4081 5427.46656325
2 1627 4082 5432.30739829
3 1628 4083 5434.07605271
4 1629 4090 5447.54163744
5 1630 4093 5453.30001522
4 1631 4095 5453.35239603
5 1632 4096 5453.77782194
4 1633 4098 5454.07605271
3 1634 4101 5458.54163744
2 1635 4102 5464.77782194
3 1636 4103 5466.12909785
4 1637 4105 5466.2128809
5 1638 4113 5479.47215352
6 1639 4115 5480.47600814
5 1640 4116 5483.12909785
6 1641 4118 5486.74816045
5 1642 4120 5488.30001522
6 1643 4122 5489.54310944
5 1644 4123 5492.2128809
6 1645 4129 5495.18857904
7 1646 4131 5496.1623609
6 1647 4133 5496.47215352
5 1648 4136 5500.12909785
6 1649 4137 5501.09290213
5 1650 4138 5502.30001522
6 1651 4141 5502.71588098
5 1652 4150 5506.12909785
4 1653 4152 5507.47215352
3 1654 4153 5509.18857904
4 1655 4154 5510.13788268
3 1656 4156 5510.30001522
2 1657 4157 5513.47215352
3 1658 4159 5517.97506484
4 1659 4161 5519.87874901
5 1660 4169 5536.84150045
4 1661 4171 5537.97506484
3 1662 4172 5539.13788268
4 1663 4173 5541.71766149
3 1664 4175 5542.87874901
4 1665 4176 5547.81198522
5 1666 4178 5548.31627057
4 1667 4184 5553.84150045
5 1668 4185 5553.96499111
6 1669 4189 5560.92002492
5 1670 4191 5561.71766149
4 1671 4192 5561.81198522
3 1672 4197 5567.96499111
2 1673 4198 5574.31627057
3 1674 4201 5587.01053016
2 1675 4203 5590.71766149
3 1676 4206 5597.24246459
4 1677 4208 5599.76977135
5 1678 4212 5601.51044017
6 1679 4214 5604.51096551
7 1680 4217 5606.06056159
6 1681 4220 5608.24246459
7 1682 4222 5609.4336542
6 1683 4223 5610.01053016
7 1684 4226 5610.24325468
6 1685 4230 5613.76977135
5 1686 4231 5618.51044017
4 1687 4235 5622.24246459
3 1688 4238 5627.01053016
2 1689 4239 5630.76977135
1 1690 4240 5633.01053016
2 1691 4241 5637.62756933
1 1692 4245 5645.62756933
2 1693 4246 5651.72255046
3 1694 4250 5656.84276827
2 1695 4254 5662.72255046
1 1696 4255 5667.84276827
2 1697 4256 5679.17595611
3 1698 4258 5682.75865637
4 1699 4261 5682.83806357
5 1700 4262 5682.95851666
6 1701 4266 5687.05682132
7 1702 4271 5689.41973793
6 1703 4276 5696.95851666
5 1704 4277 5699.17595611
4 1705 4278 5699.75865637
3 1706 4279 5699.75865637
2 1707 4283 5702.75865637
3 1708 4285 5707.88374165
2 1709 4287 5710.05682132
3 1710 4288 5718.70189685
4 1711 4290 5719.22011786
3 1712 4296 5727.22011786
2 1713 4297 5727.88374165
1 1714 4300 5738.70189685
2 1715 4301 5740.63472509
3 1716 4303 5743.10380572
2 1717 4310 5748.63472509
3 1718 4311 5749.72852619
4 1719 4313 5751.12724293
5 1720 4317 5758.30280256
4 1721 4319 5760.10380572
5 1722 4322 5766.30830009
4 1723 4324 5766.72852619
3 1724 4325 5768.12724293
4 1725 4330 5774.22856839
3 1726 4332 5774.30830009
2 1727 4333 5775.30280256
3 1728 4334 5779.61894398
4 1729 4338 5781.89757479
3 1730 4340 5785.22856839
4 1731 4342 5785.34744594
3 1732 4348 5795.89757479
2 1733 4349 5796.61894398
1 1734 4350 5796.61894398
2 1735 4351 5798.75980402
3 1736 4353 5805.09384869
2 1737 4359 5812.75980402
1 1738 4360 5822.09384869
2 1739 4361 5824.29283013
3 1740 4365 5834.49964402
4 1741 4368 5840.71716407
5 1742 4372 5843.92757499
4 1743 4374 5844.29283013
3 1744 4375 5845.49964402
4 1745 4376 5847.6752095
3 1746 4378 5848.49964402
4 1747 4379 5851.46487039
5 1748 4385 5856.12916131
4 1749 4387 5860.92757499
3 1750 4390 5864.6752095
4 1751 4392 5867.04033035
5 1752 4396 5868.33960284
4 1753 4398 5870.12916131
3 1754 4399 5871.46487039
4 1755 4402 5876.22175518
5 1756 4405 5877.32209151
4 1757 4407 5878.04033035
5 1758 4408 5881.49309879
6 1759 4413 5889.31847122
7 1760 4414 5889.60712986
6 1761 4417 5893.22175518
7 1762 4419 5898.27103726
6 1763 4423 5902.12916131
5 1764 4425 5904.04033035
4 1765 4431 5910.12916131
3 1766 4432 5910.22175518
2 1767 4433 5912.04033035
3 1768 4434 5916.94460775
4 1769 4439 5924.91587744
3 1770 4443 5930.12916131
4 1771 4444 5931.62415748
5 1772 4448 5939.39717578
6 1773 4450 5939.66003994
5 1774 4452 5939.94460775
6 1775 4454 5946.30354137
5 1776 4459 5947.91587744
4 1777 4463 5953.39717578
5 1778 4465 5954.17873636
4 1779 4469 5960.62415748
5 1780 4470 5963.9309945
4 1781 4474 5965.17873636
3 1782 4475 5965.94460775
2 1783 4476 5966.62415748
3 1784 4477 5967.81347837
2 1785 4480 5971.9309945
3 1786 4483 5980.45347182
2 1787 4485 5981.81347837
3 1788 4486 5981.96910157
4 1789 4488 5988.32270935
3 1790 4496 5999.32270935
2 1791 4497 6001.96910157
1 1792 4498 6003.45347182
2 1793 4499 6015.2935194
3 1794 4503 6032.02749306
4 1795 4505 6032.68505325
5 1796 4507 6033.66082105
4 1797 4508 6038.2935194
5 1798 4516 6045.4596302
4 1799 4517 6046.68505325
5 1800 4519 6048.65323096
4 1801 4520 6049.02749306
3 1802 4522 6049.2935194
4 1803 4525 6050.86115286
5 1804 4527 6055.45720173
6 1805 4528 6055.67930484
7 1806 4529 6055.77295436
8 1807 4530 6058.03312506
7 1808 4534 6060.68505325
8 1809 4537 6061.45476183
9 1810 4538 6065.49659489
8 1811 4540 6066.02749306
9 1812 4541 6066.44074252
10 1813 4543 6067.12211242
11 1814 4544 6068.47566889
12 1815 4547 6071.96839765
11 1816 4552 6073.86115286
10 1817 4553 6077.68505325
9 1818 4557 6080.68505325
8 1819 4558 6083.02749306
9 1820 4566 6087.55821551
8 1821 4568 6087.86115286
7 1822 4572 6088.68505325
6 1823 4573 6091.68505325
7 1824 4576 6093.24927762
6 1825 4578 6094.68505325
7 1826 4582 6094.86172286
6 1827 4589 6101.24927762
5 1828 4590 6101.86115286
4 1829 4591 6102.6752095
3 1830 4592 6102.6752095
2 1831 4593 6104.24927762
1 1832 4594 6106.02749306
2 1833 4595 6111.32024283
3 1834 4597 6111.69109177
4 1835 4599 6111.69199851
5 1836 4605 6113.84126174
6 1837 4607 6115.30801133
7 1838 4610 6119.46983174
8 1839 4611 6122.00310423
7 1840 4612 6122.32024283
6 1841 4615 6122.69199851
5 1842 4619 6125.69109177
6 1843 4620 6126.47344503
7 1844 4625 6135.22464193
6 1845 4629 6136.32024283
5 1846 4631 6136.69199851
4 1847 4632 6139.84126174
5 1848 4635 6141.9941639
4 1849 4637 6142.69109177
3 1850 4638 6144.69199851
4 1851 4644 6155.94623537
5 1852 4647 6158.61445361
6 1853 4648 6159.33892667
5 1854 4650 6161.9941639
6 1855 4653 6164.52333272
5 1856 4655 6165.32024283
4 1857 4657 6169.94623537
5 1858 4658 6170.52794219
4 1859 4665 6178.9941639
3 1860 4667 6179.32024283
2 1861 4668 6180.94623537
3 1862 4669 6182.77422639
4 1863 4671 6182.7812006
5 1864 4677 6187.23714119
6 1865 4678 6188.51131013
5 1866 4684 6192.9941639
4 1867 4686 6193.77422639
3 1868 4687 6196.7812006
4 1869 4688 6197.10043171
5 1870 4691 6198.3479909
6 1871 4695 6202.02388906
7 1872 4697 6202.17735666
6 1873 4701 6205.39717578
7 1874 4703 6208.30039676
6 1875 4704 6208.39717578
7 1876 4706 6208.42167975
8 1877 4713 6213.09505012
9 1878 4714 6214.18182152
8 1879 4715 6216.02388906
9 1880 4717 6219.68316324
8 1881 4720 6220.10043171
7 1882 4721 6225.39717578
6 1883 4722 6225.39717578
5 1884 4724 6226.10043171
6 1885 4729 6229.59010423
5 1886 4733 6236.39717578
4 1887 4735 6237.10043171
3 1888 4736 6242.02388906
2 1889 4737 6246.10043171
3 1890 4738 6246.25801136
4 1891 4742 6249.5657743
5 1892 4746 6255.26876416
4 1893 4748 6256.39717578
3 1894 4751 6260.25801136
2 1895 4754 6267.39717578
1 1896 4755 6269.5657743
2 1897 4756 6299.54770533
3 1898 4758 6302.29671315
4 1899 4760 6305.4169945
5 1900 4764 6309.60136809
6 1901 4768 6316.87543744
5 1902 4773 6322.29671315
4 1903 4774 6322.4169945
3 1904 4775 6322.54770533
2 1905 4777 6325.4169945
3 1906 4780 6326.33954616
4 1907 4781 6327.41626097
5 1908 4784 6328.07923925
6 1909 4789 6332.10087508
7 1910 4794 6335.24572043
6 1911 4795 6335.41626097
7 1912 4796 6335.73987043
6 1913 4797 6339.29671315
5 1914 4798 6341.41626097
4 1915 4801 6342.29671315
3 1916 4802 6345.29671315
2 1917 4807 6350.29671315
1 1918 4808 6352.41626097
2 1919 4809 6359.35649343
3 1920 4813 6378.0601812
2 1921 4815 6379.35649343
3 1922 4817 6380.83469421
2 1923 4821 6386.0601812
3 1924 4824 6389.83962407
2 1925 4826 6394.83469421
3 1926 4829 6401.07348382
4 1927 4831 6402.95150048
3 1928 4833 6403.83962407
4 1929 4834 6405.99868465
3 1930 4842 6413.95150048
4 1931 4843 6414.98900272
5 1932 4845 6416.85813661
4 1933 4847 6418.07348382
3 1934 4848 6419.99868465
4 1935 4850 6421.75616485
5 1936 4852 6422.08150827
6 1937 4858 6428.71098771
5 1938 4859 6428.98900272
4 1939 4860 6431.98900272
5 1940 4865 6435.33944716
4 1941 4867 6438.07348382
3 1942 4868 6438.07348382
2 1943 4869 6441.07348382
3 1944 4870 6442.90824543
2 1945 4874 6449.33944716
1 1946 4877 6465.90824543
2 1947 4878 6479.31879692
3 1948 4880 6486.49798647
4 1949 4886 6497.86458109
3 1950 4888 6499.31879692
2 1951 4889 6503.49798647
1 1952 4892 6511.86458109
2 1953 4893 6512.86589846
1 1954 4897 6523.86589846
2 1955 4899 6535.60426573
3 1956 4901 6541.73050521
4 1957 4905 6543.52673247
5 1958 4907 6546.9318843
4 1959 4911 6552.60426573
5 1960 4913 6553.19877471
6 1961 4916 6554.39116299
7 1962 4918 6554.83554189
6 1963 4920 6555.73050521
5 1964 4921 6557.52673247
6 1965 4922 6560.40380068
7 1966 4927 6562.37828186
6 1967 4931 6565.83554189
5 1968 4934 6569.9318843
4 1969 4938 6575.9318843
5 1970 4939 6576.96195281
4 1971 4941 6577.39116299
3 1972 4942 6580.40380068
2 1973 4943 6583.40380068
3 1974 4946 6586.77046366
4 1975 4948 6588.42440453
5 1976 4952 6592.92029147
4 1977 4954 6593.96195281
5 1978 4957 6598.26488428
4 1979 4959 6599.42440453
5 1980 4962 6607.3415408
4 1981 4966 6609.77046366
5 1982 4967 6611.81122979
4 1983 4969 6612.26488428
3 1984 4974 6618.92029147
2 1985 4975 6624.3415408
1 1986 4976 6625.81122979
2 1987 4977 6626.60494279
3 1988 4980 6632.76403696
4 1989 4984 6634.12955754
3 1990 4986 6637.60494279
2 1991 4987 6643.60494279
3 1992 4990 6650.00766334
2 1993 4994 6657.12955754
3 1994 4995 6657.23044132
4 1995 4997 6658.26696589
3 1996 4999 6664.00766334
2 1997 5004 6674.23044132
1 1998 5006 6681.26696589
2 1999 5008 6686.69103868
1 2000 5015 6703.69103868
0 2001 5016 6713.47846193
0 2002 5017 6902.23044132
