#data counter step time
0 1 0 0.0
1 2 1 0.0
2 3 12 3.94859014452
3 4 15 6.21739766395
2 5 19 14.9485901445
1 6 20 17.9485901445
2 7 21 19.0144073274
3 8 23 20.6493760442
4 9 25 22.6209442614
5 10 27 26.5454472555
6 11 34 34.8594771826
5 12 37 37.6493760442
6 13 41 42.8096295295
5 14 43 45.0144073274
4 15 44 46.5454472555
5 16 47 47.2878025724
4 17 49 48.6209442614
3 18 50 48.6209442614
2 19 51 50.8096295295
3 20 53 58.2388611131
4 21 57 67.5823022546
3 22 59 70.2878025724
2 23 62 73.2878025724
3 24 63 77.37282019
2 25 67 84.5823022546
3 26 68 87.0482659019
4 27 70 88.832067503
3 28 72 91.37282019
4 29 73 93.9837860865
3 30 81 101.048265902
4 31 82 101.568022429
5 32 86 106.149354894
6 33 88 109.813479256
5 34 90 110.983786087
4 35 91 111.832067503
3 36 94 115.568022429
2 37 97 120.149354894
3 38 98 129.181647098
2 39 100 129.813479256
3 40 103 136.230460433
2 41 105 143.181647098
3 42 108 144.510409357
2 43 112 153.230460433
1 44 113 158.510409357
2 45 114 160.937042249
3 46 116 162.263860938
4 47 118 166.826847554
5 48 120 168.015308277
4 49 128 179.015308277
5 50 129 179.345885586
6 51 133 181.599892394
5 52 135 182.263860938
4 53 136 183.937042249
5 54 137 184.58997848
4 55 139 186.826847554
5 56 143 188.715849927
4 57 150 196.345885586
5 58 151 197.496299744
4 59 153 198.58997848
3 60 154 199.715849927
4 61 155 201.7336306
5 62 157 206.668374603
4 63 159 207.599892394
5 64 161 208.72449657
6 65 164 213.163989085
5 66 171 217.496299744
4 67 172 218.7336306
3 68 175 220.668374603
2 69 176 227.163989085
1 70 177 229.668374603
2 71 178 230.936294017
3 72 180 237.562427629
4 73 182 242.302248857
3 74 188 247.936294017
4 75 189 250.887032346
5 76 191 251.969590797
6 77 195 257.646086566
5 78 203 262.302248857
6 79 204 263.30177036
5 80 206 263.562427629
6 81 208 264.466106439
7 82 209 264.767017866
6 83 211 264.887032346
7 84 212 265.768100902
6 85 214 271.969590797
7 86 215 272.277063891
8 87 221 273.928619841
7 88 222 274.646086566
6 89 228 278.767017866
5 90 229 279.768100902
4 91 230 282.768100902
5 92 231 285.200671355
6 93 235 285.96651491
5 94 237 286.30177036
4 95 238 286.30177036
5 96 239 289.320139493
6 97 243 294.706952455
7 98 247 296.999794182
6 99 248 298.277063891
5 100 254 302.200671355
4 101 255 303.320139493
5 102 258 306.194314217
6 103 261 306.943582161
5 104 262 308.706952455
6 105 263 308.952556214
5 106 265 309.277063891
6 107 266 310.132320098
5 108 270 311.96651491
6 109 271 315.244450016
5 110 273 318.132320098
6 111 281 320.027008354
5 112 283 322.952556214
4 113 284 323.244450016
5 114 285 323.41448132
4 115 289 329.194314217
3 116 290 329.194314217
2 117 291 337.027008354
3 118 292 338.494310023
4 119 298 350.424073123
5 120 300 352.719852751
4 121 304 355.41448132
3 122 305 355.494310023
2 123 308 367.424073123
1 124 309 372.719852751
2 125 310 378.697719342
1 126 314 401.697719342
2 127 315 405.233779944
1 128 319 413.233779944
2 129 320 416.028988156
3 130 322 422.203543926
4 131 326 428.94966802
3 132 330 433.028988156
4 133 331 433.186636934
5 134 333 433.45200596
6 135 335 440.872257502
5 136 339 442.203543926
6 137 340 442.704394965
7 138 344 443.49533965
8 139 347 447.547666335
7 140 351 451.872257502
6 141 353 451.94966802
7 142 354 452.461435017
8 143 355 452.688464609
7 144 358 453.45200596
6 145 361 459.186636934
5 146 368 465.704394965
4 147 369 470.45200596
5 148 372 475.081869022
4 149 374 477.872257502
3 150 375 477.94966802
2 151 378 482.186636934
3 152 379 485.19118251
2 153 381 492.081869022
3 154 382 500.894975435
4 155 386 502.751085225
5 156 392 512.804795854
4 157 396 517.19118251
3 158 397 520.894975435
2 159 398 522.751085225
1 160 399 526.804795854
2 161 400 530.409903034
3 162 402 538.483306072
4 163 404 538.50794093
3 164 408 544.409903034
4 165 411 546.210659533
5 166 413 550.507817002
4 167 415 552.50794093
3 168 422 561.483306072
2 169 423 563.210659533
3 170 424 565.981788962
2 171 426 567.507817002
1 172 429 582.981788962
2 173 431 587.891930566
3 174 434 590.623410824
4 175 436 591.819339835
5 176 440 596.411806233
4 177 442 596.819339835
5 178 447 601.133152469
4 179 451 607.623410824
3 180 455 610.411806233
2 181 456 610.891930566
3 182 458 613.721129063
2 183 460 615.133152469
3 184 461 616.557120529
4 185 463 618.061934694
3 186 471 627.721129063
2 187 472 630.557120529
1 188 474 632.061934694
2 189 475 639.125269905
3 190 478 641.435046913
2 191 482 650.125269905
3 192 483 655.590656945
4 193 485 655.627246204
5 194 488 660.74696417
6 195 489 663.953872197
5 196 493 670.435046913
4 197 495 678.590656945
3 198 500 686.590656945
4 199 504 692.175785571
5 200 505 692.392839166
4 201 507 693.435046913
3 202 509 697.590656945
4 203 510 701.830720883
5 204 511 702.504554009
6 205 513 703.176492344
5 206 518 710.435046913
4 207 519 713.435046913
5 208 520 713.843279741
6 209 525 721.22922187
5 210 526 726.590656945
4 211 529 727.435046913
5 212 530 730.044127359
6 213 535 738.526217589
7 214 536 738.996139928
8 215 537 742.57908466
7 216 539 743.590656945
6 217 541 744.435046913
7 218 542 745.685829195
8 219 543 746.60691549
9 220 548 756.289019467
10 221 549 757.560470246
9 222 551 757.590656945
10 223 552 758.146195586
9 224 553 758.435046913
8 225 558 768.590656945
9 226 563 773.814225749
8 227 565 779.590656945
9 228 566 780.131487222
8 229 569 784.435046913
9 230 570 785.709339865
8 231 574 793.590656945
9 232 578 794.493193302
10 233 583 804.359250228
9 234 584 804.435046913
8 235 588 807.590656945
9 236 589 808.584905154
8 237 592 810.435046913
7 238 596 816.981788962
6 239 601 818.590656945
5 240 604 824.435046913
4 241 606 824.435046913
5 242 608 828.199311064
6 243 610 830.887499549
5 244 613 833.981788962
4 245 617 835.590656945
5 246 619 838.767718445
4 247 624 841.435046913
5 248 627 845.909566651
4 249 628 847.981788962
3 250 630 848.199311064
4 251 632 852.866699183
3 252 640 858.435046913
2 253 642 864.981788962
3 254 643 865.304753537
2 255 645 866.866699183
3 256 646 867.165148891
2 257 653 878.165148891
1 258 654 879.304753537
2 259 656 884.387285359
3 260 657 886.487752791
4 261 659 886.88952242
5 262 661 888.547687395
4 263 664 895.387285359
5 264 670 898.236580375
6 265 671 899.609421936
5 266 672 900.88952242
4 267 676 903.487752791
3 268 682 911.487752791
2 269 683 912.387285359
3 270 684 913.64618657
4 271 686 920.493332198
5 272 690 923.484796559
4 273 691 926.88952242
5 274 695 930.96015889
4 275 697 933.64618657
5 276 698 939.636667486
4 277 700 940.493332198
5 278 707 945.851616897
4 279 709 946.88952242
3 280 710 950.64618657
2 281 713 954.493332198
3 282 714 957.756208584
2 283 718 960.88952242
3 284 719 964.378246489
2 285 721 965.756208584
3 286 724 972.105000409
4 287 726 977.258752117
5 288 728 977.540852273
4 289 734 984.378246489
3 290 735 991.258752117
2 291 736 992.105000409
3 292 737 999.043378969
4 293 741 1001.18317528
3 294 747 1010.37824649
2 295 748 1016.04337897
1 296 749 1021.18317528
2 297 750 1021.74204081
3 298 752 1028.20055479
4 299 755 1029.17490988
3 300 759 1035.74204081
4 301 760 1038.85799854
3 302 764 1041.74204081
4 303 765 1048.28341311
3 304 769 1051.20055479
4 305 770 1052.20232128
3 306 772 1052.85799854
4 307 777 1067.28093759
3 308 779 1068.28341311
2 309 780 1069.20232128
3 310 781 1072.07554367
4 311 783 1073.44920011
5 312 788 1078.68472373
4 313 792 1081.28093759
5 314 795 1083.51562066
4 315 797 1086.07554367
3 316 798 1086.07554367
2 317 799 1087.44920011
3 318 800 1089.19825298
4 319 802 1090.40396226
5 320 804 1090.43359832
6 321 807 1091.74759272
7 322 808 1092.2942403
6 323 809 1094.51562066
7 324 815 1103.78337253
6 325 819 1107.40396226
5 326 823 1111.51562066
6 327 826 1112.61113138
5 328 827 1115.19825298
6 329 830 1115.60552947
7 330 831 1118.81142679
8 331 834 1122.39326282
7 332 838 1123.59065695
6 333 840 1124.40396226
5 334 842 1126.59065695
4 335 845 1128.51562066
5 336 848 1131.46187388
6 337 852 1133.62879416
7 338 853 1135.94472063
6 339 854 1144.19825298
5 340 857 1144.40396226
4 341 860 1146.59065695
5 342 862 1146.79138422
4 343 868 1148.46187388
5 344 869 1148.92341468
4 345 871 1152.40396226
3 346 872 1155.19825298
4 347 875 1159.3965982
3 348 877 1161.40396226
4 349 878 1162.72866639
5 350 882 1171.24895929
6 351 884 1171.32797878
7 352 885 1171.71873147
6 353 887 1171.92341468
7 354 888 1172.96928304
6 355 892 1179.3965982
7 356 893 1180.04090385
8 357 896 1187.17289498
9 358 899 1188.05872392
8 359 903 1191.24895929
7 360 905 1191.72866639
8 361 906 1192.41172819
7 362 908 1194.92341468
8 363 911 1195.430399
7 364 913 1196.3965982
8 365 914 1197.38919943
9 366 921 1202.84525042
8 367 923 1205.24895929
7 368 924 1205.92341468
6 369 927 1207.3965982
7 370 930 1209.31343834
6 371 934 1211.72866639
7 372 935 1212.55625721
8 373 942 1219.65123174
9 374 943 1219.70675992
8 375 944 1219.92341468
7 376 946 1221.3965982
6 377 952 1225.72866639
7 378 954 1228.16985232
6 379 956 1228.43504691
5 380 959 1230.92341468
4 381 961 1231.24895929
5 382 962 1234.50333163
6 383 966 1237.83711629
5 384 970 1239.72866639
6 385 971 1240.59984818
5 386 974 1241.3965982
6 387 976 1242.00772018
7 388 978 1244.24192245
6 389 982 1244.72866639
5 390 983 1251.43504691
6 391 987 1255.73106005
5 392 989 1257.50333163
4 393 992 1258.3965982
5 394 999 1264.61979894
6 395 1000 1265.60793202
5 396 1002 1270.72866639
4 397 1004 1271.50333163
5 398 1006 1272.05439481
4 399 1007 1277.43504691
5 400 1009 1278.1208862
4 401 1016 1290.72866639
3 402 1017 1291.50333163
4 403 1018 1293.51581
3 404 1020 1294.50333163
2 405 1021 1294.50333163
3 406 1023 1294.6337457
2 407 1029 1302.6337457
1 408 1031 1307.51581
2 409 1032 1308.62405795
3 410 1034 1310.55105183
2 411 1040 1315.55105183
1 412 1041 1319.62405795
2 413 1042 1323.46299409
3 414 1046 1328.74374937
4 415 1048 1330.92139059
3 416 1049 1334.46299409
4 417 1051 1339.91379481
5 418 1056 1346.23946308
4 419 1058 1348.74374937
3 420 1060 1351.46299409
4 421 1063 1356.2040601
3 422 1066 1359.74374937
4 423 1070 1365.31692483
3 424 1071 1367.74374937
2 425 1075 1371.46299409
1 426 1076 1375.74374937
2 427 1077 1378.44360319
3 428 1079 1386.76979901
4 429 1083 1391.55312233
5 430 1084 1394.30315861
4 431 1087 1394.76979901
5 432 1088 1394.88965433
6 433 1094 1402.40250725
5 434 1095 1404.44360319
4 435 1097 1405.76979901
5 436 1098 1406.48899369
6 437 1099 1408.00022951
5 438 1103 1414.76979901
4 439 1105 1415.44360319
5 440 1106 1419.45233007
4 441 1111 1432.44360319
3 442 1115 1440.76979901
4 443 1117 1441.89754498
3 444 1119 1443.44360319
4 445 1120 1444.84774053
5 446 1121 1446.56723163
6 447 1122 1449.21366785
7 448 1125 1452.11849567
8 449 1130 1460.34308184
7 450 1131 1460.44360319
6 451 1134 1460.76979901
7 452 1137 1463.64365899
6 453 1139 1465.92341468
7 454 1144 1469.22009115
8 455 1145 1470.55320811
7 456 1146 1471.76979901
6 457 1149 1474.44360319
7 458 1152 1474.5421909
8 459 1156 1477.15087378
7 460 1157 1479.92341468
8 461 1159 1480.25228697
7 462 1165 1485.92341468
8 463 1169 1488.62961503
7 464 1172 1490.92341468
8 465 1174 1491.90597265
7 466 1175 1494.76979901
6 467 1176 1494.76979901
7 468 1178 1495.05787168
8 469 1180 1495.99914463
7 470 1187 1505.3965982
6 471 1189 1506.44360319
7 472 1192 1507.95059623
6 473 1194 1510.92341468
5 474 1195 1511.3965982
6 475 1196 1511.89579709
5 476 1198 1514.3965982
6 477 1199 1517.55116404
5 478 1201 1517.76979901
4 479 1206 1521.92341468
3 480 1207 1523.44360319
4 481 1213 1528.9588004
3 482 1218 1536.9588004
4 483 1219 1537.24043651
3 484 1221 1537.3965982
4 485 1222 1538.27909974
3 486 1224 1540.76979901
4 487 1228 1544.10364928
5 488 1230 1544.12097243
6 489 1233 1547.53367741
5 490 1234 1548.24043651
4 491 1240 1555.12097243
3 492 1243 1564.12097243
2 493 1244 1564.27909974
1 494 1245 1570.10364928
2 495 1248 1593.40236624
3 496 1250 1594.28681019
4 497 1252 1598.09424554
3 498 1260 1607.40236624
2 499 1261 1608.28681019
3 500 1262 1608.67583186
2 501 1264 1612.09424554
3 502 1267 1623.79360709
2 503 1269 1625.67583186
3 504 1272 1635.61667515
2 505 1274 1640.79360709
3 506 1277 1647.07466876
2 507 1279 1649.61667515
3 508 1280 1653.9084007
4 509 1284 1655.73273454
5 510 1286 1657.31789553
6 511 1287 1657.32657913
5 512 1293 1667.07466876
6 513 1294 1667.1377361
5 514 1296 1669.73273454
6 515 1299 1676.53118769
5 516 1303 1679.9084007
4 517 1305 1681.07466876
5 518 1308 1686.02341472
6 519 1310 1688.31046479
5 520 1312 1689.73273454
4 521 1313 1690.9084007
5 522 1314 1692.00660432
6 523 1319 1694.52387633
5 524 1325 1700.73273454
4 525 1326 1701.07466876
3 526 1327 1701.07466876
2 527 1328 1712.00660432
3 528 1330 1715.07272641
4 529 1334 1719.07463116
5 530 1336 1720.38353357
6 531 1340 1726.12924737
5 532 1341 1726.73273454
4 533 1342 1726.73273454
5 534 1346 1732.36906714
4 535 1348 1733.07463116
3 536 1351 1734.38353357
4 537 1352 1736.48925595
5 538 1354 1736.66868081
6 539 1356 1737.4902955
5 540 1357 1737.73273454
6 541 1366 1744.85205223
5 542 1367 1750.07463116
6 543 1369 1750.17612275
5 544 1371 1751.73273454
4 545 1372 1753.07463116
5 546 1375 1755.11584048
4 547 1377 1756.48925595
5 548 1378 1756.91509907
6 549 1379 1758.52015973
7 550 1382 1761.34667703
6 551 1386 1767.07463116
7 552 1387 1767.93514342
8 553 1392 1769.97418348
7 554 1394 1773.48925595
6 555 1396 1774.73273454
5 556 1398 1776.44360319
6 557 1408 1786.72489927
5 558 1412 1791.73273454
6 559 1413 1791.99804207
5 560 1415 1793.07463116
4 561 1416 1793.44360319
3 562 1417 1793.48925595
4 563 1418 1797.97352158
3 564 1422 1800.72489927
2 565 1423 1805.99804207
1 566 1426 1814.97352158
2 567 1427 1818.3672878
3 568 1429 1819.26096023
4 569 1435 1827.47366894
3 570 1437 1829.3672878
2 571 1438 1830.26096023
3 572 1439 1834.52863498
4 573 1442 1835.21059885
5 574 1446 1840.2518516
6 575 1450 1841.5039235
5 576 1452 1844.47366894
4 577 1455 1848.52863498
5 578 1457 1852.84661947
4 579 1458 1854.2518516
3 580 1461 1854.52863498
2 581 1464 1863.84661947
1 582 1465 1864.5039235
2 583 1466 1867.25760551
1 584 1470 1884.25760551
2 585 1471 1914.30692423
3 586 1473 1914.38633805
4 587 1475 1914.6196915
5 588 1477 1916.93618106
4 589 1485 1925.30692423
5 590 1486 1927.77169282
4 591 1488 1927.93618106
3 592 1493 1932.77169282
4 593 1494 1936.44006959
5 594 1497 1936.53410134
6 595 1498 1938.30131465
5 596 1500 1940.6196915
4 597 1501 1943.38633805
5 598 1502 1944.63838114
4 599 1511 1956.44006959
3 600 1512 1958.30131465
4 601 1513 1959.27974492
5 602 1515 1960.07957119
6 603 1517 1961.91314976
5 604 1519 1962.44006959
4 605 1522 1967.63838114
5 606 1529 1975.14299219
4 607 1531 1975.91314976
3 608 1532 1976.27974492
2 609 1533 1983.07957119
3 610 1537 1991.53292695
2 611 1540 1992.14299219
3 612 1541 1993.26413754
4 613 1544 1993.6107605
5 614 1547 1997.00371427
6 615 1549 1998.36403579
7 616 1550 2000.42843664
6 617 1552 2002.53292695
7 618 1558 2009.84006817
6 619 1559 2010.26413754
5 620 1561 2014.00371427
4 621 1564 2019.26413754
3 622 1568 2025.53292695
2 623 1569 2027.26413754
3 624 1572 2032.42993677
2 625 1576 2037.00371427
3 626 1577 2052.52868779
4 627 1579 2053.03468117
3 628 1581 2055.42993677
4 629 1583 2058.28240689
5 630 1589 2063.09527996
6 631 1591 2068.55519698
5 632 1592 2069.52868779
4 633 1594 2070.03468117
3 634 1597 2072.52868779
2 635 1598 2074.09527996
1 636 1601 2081.03468117
2 637 1602 2084.95224951
3 638 1604 2094.89972845
4 639 1606 2095.08072759
3 640 1614 2107.95224951
2 641 1615 2111.89972845
1 642 1617 2112.08072759
2 643 1618 2116.59539439
3 644 1623 2121.26773211
2 645 1627 2132.26773211
1 646 1628 2133.59539439
2 647 1629 2134.4452793
3 648 1631 2141.13912846
4 649 1634 2144.2502865
5 650 1637 2144.878595
6 651 1638 2149.15108673
7 652 1639 2151.1631704
6 653 1641 2151.4452793
5 654 1647 2161.13912846
4 655 1648 2162.4452793
5 656 1652 2169.9848419
6 657 1653 2172.66442579
5 658 1654 2173.13912846
6 659 1656 2174.426567
5 660 1658 2176.4452793
6 661 1665 2186.47448325
5 662 1668 2190.13912846
6 663 1670 2197.47900554
5 664 1671 2198.63838114
4 665 1674 2199.4452793
5 666 1681 2208.51044716
4 667 1683 2210.4452793
3 668 1685 2212.63838114
2 669 1686 2213.13912846
3 670 1689 2221.12174565
4 671 1691 2223.20528883
3 672 1697 2232.12174565
2 673 1698 2233.4452793
1 674 1699 2234.20528883
2 675 1700 2253.82172153
3 676 1704 2266.40202919
4 677 1706 2269.87434707
3 678 1708 2270.82172153
4 679 1709 2273.94992789
5 680 1711 2276.57666263
6 681 1714 2276.63269956
5 682 1719 2283.40202919
4 683 1722 2284.94992789
3 684 1726 2287.57666263
2 685 1727 2289.87434707
1 686 1728 2292.87434707
2 687 1729 2303.87231325
3 688 1732 2312.369997
4 689 1733 2312.95972866
5 690 1735 2313.73591221
6 691 1742 2318.54619817
5 692 1746 2320.87231325
6 693 1748 2321.88596123
7 694 1752 2325.91505002
6 695 1754 2326.87231325
5 696 1755 2326.95972866
4 697 1756 2327.73591221
5 698 1759 2332.52013672
4 699 1761 2332.88596123
3 700 1762 2335.54619817
4 701 1769 2344.72375783
3 702 1771 2345.91505002
2 703 1772 2352.52013672
3 704 1773 2353.77052823
4 705 1775 2354.47712605
5 706 1779 2356.31989867
6 707 1782 2359.6400782
5 708 1785 2364.72375783
6 709 1786 2365.24258832
5 710 1791 2368.47712605
6 711 1794 2371.12558664
7 712 1796 2372.64080192
6 713 1797 2373.31989867
5 714 1799 2376.31989867
4 715 1804 2379.77052823
3 716 1807 2381.31989867
4 717 1808 2382.88899284
5 718 1810 2384.04821934
4 719 1812 2385.12558664
5 720 1813 2386.12944874
4 721 1817 2391.24258832
5 722 1820 2395.05390387
4 723 1822 2398.04821934
3 724 1825 2403.12944874
4 725 1826 2407.6945364
5 726 1830 2411.64497643
4 727 1834 2411.88899284
3 728 1837 2415.05390387
2 729 1838 2419.64497643
1 730 1839 2421.6945364
2 731 1842 2424.86223531
3 732 1844 2429.88391862
4 733 1846 2429.91288927
5 734 1848 2434.7776869
4 735 1855 2440.91288927
3 736 1857 2443.88391862
4 737 1858 2446.20252911
3 738 1860 2450.86223531
4 739 1863 2451.75604491
5 740 1865 2452.6783525
6 741 1870 2456.49347442
5 742 1871 2457.91288927
4 743 1873 2460.20252911
5 744 1877 2464.80623235
4 745 1879 2468.20252911
3 746 1880 2468.75604491
4 747 1883 2474.71487928
3 748 1885 2480.91288927
4 749 1888 2489.64103177
3 750 1892 2491.20252911
4 751 1893 2499.21192627
3 752 1897 2503.64103177
2 753 1898 2503.71487928
3 754 1901 2512.57672137
4 755 1903 2516.42263835
5 756 1908 2519.03068256
6 757 1909 2521.27902823
5 758 1911 2522.21192627
6 759 1912 2522.87200232
7 760 1916 2527.02791898
6 761 1918 2529.57672137
7 762 1919 2529.95418608
8 763 1922 2534.75884645
7 764 1923 2536.21192627
6 765 1926 2536.42263835
5 766 1929 2539.42263835
6 767 1931 2539.4921334
5 768 1935 2540.57672137
6 769 1939 2546.31909073
7 770 1940 2547.07738042
8 771 1943 2551.48561416
7 772 1945 2553.21192627
6 773 1947 2553.42263835
7 774 1951 2555.05451128
6 775 1952 2556.21192627
5 776 1956 2557.57672137
6 777 1959 2563.26721369
5 778 1963 2567.54619817
4 779 1964 2570.21192627
5 780 1965 2570.23364358
4 781 1967 2570.54619817
5 782 1968 2570.90146634
6 783 1974 2574.96597221
7 784 1975 2576.38546295
6 785 1977 2579.42263835
5 786 1981 2581.23364358
4 787 1984 2584.42263835
3 788 1987 2589.26721369
4 789 1988 2590.87931071
5 790 1990 2591.15856002
6 791 1993 2591.87677606
5 792 1994 2592.23364358
6 793 1995 2595.82171935
5 794 1997 2596.90146634
6 795 1998 2597.41345838
7 796 2000 2597.54484949
8 797 2003 2600.80000727
7 798 2010 2604.87931071
6 799 2011 2608.15856002
7 800 2015 2609.13690459
8 801 2016 2611.07766544
7 802 2017 2611.15856002
6 803 2018 2611.41345838
5 804 2025 2616.15856002
4 805 2030 2618.82171935
5 806 2031 2619.86468197
4 807 2033 2624.15856002
3 808 2035 2624.87931071
2 809 2040 2633.86468197
1 810 2041 2634.41345838
2 811 2042 2635.91605702
3 812 2046 2645.92024408
4 813 2048 2646.78390455
3 814 2050 2646.91605702
4 815 2051 2654.30170073
5 816 2055 2658.88844958
6 817 2059 2661.05171658
5 818 2065 2666.78390455
6 819 2066 2668.25069659
5 820 2068 2671.92024408
4 821 2069 2672.88844958
3 822 2070 2674.30170073
4 823 2073 2678.8424233
5 824 2076 2679.80787261
6 825 2082 2683.63200226
5 826 2084 2683.78390455
4 827 2085 2683.8424233
5 828 2086 2688.11988977
4 829 2088 2688.92024408
5 830 2090 2690.37505216
6 831 2094 2694.14696262
7 832 2096 2695.44608677
6 833 2098 2697.92024408
7 834 2101 2698.70450173
6 835 2104 2702.14696262
5 836 2106 2703.63200226
6 837 2108 2707.65444472
5 838 2110 2708.11988977
4 839 2111 2709.63200226
5 840 2117 2715.54878877
6 841 2120 2721.26419114
7 842 2121 2723.45447278
6 843 2123 2723.92024408
5 844 2124 2725.14696262
4 845 2129 2728.11988977
5 846 2131 2730.06136731
4 847 2132 2730.14696262
5 848 2138 2735.1213816
6 849 2141 2737.67380049
5 850 2142 2739.11988977
6 851 2146 2740.53363966
5 852 2147 2740.92024408
4 853 2149 2742.11988977
5 854 2151 2743.00693918
4 855 2152 2746.1213816
3 856 2155 2749.1213816
2 857 2160 2760.92024408
3 858 2161 2762.63920582
2 859 2163 2766.1213816
3 860 2166 2771.3040678
4 861 2170 2777.36752309
3 862 2171 2782.3040678
2 863 2173 2782.63920582
3 864 2176 2788.82569835
4 865 2178 2797.39764578
5 866 2181 2798.890505
4 867 2182 2799.3040678
3 868 2185 2805.82569835
2 869 2190 2816.82569835
1 870 2191 2819.3040678
2 871 2192 2824.81368124
3 872 2194 2825.73545858
4 873 2198 2827.89020642
5 874 2199 2829.18048275
6 875 2200 2829.81430339
7 876 2201 2830.1989591
6 877 2202 2830.73545858
5 878 2208 2838.81368124
6 879 2209 2839.1186528
7 880 2212 2847.06796856
6 881 2220 2853.73545858
5 882 2221 2855.81368124
4 883 2224 2858.81368124
5 884 2225 2859.63780731
4 885 2227 2861.73545858
5 886 2228 2862.89147465
6 887 2233 2866.4446892
5 888 2238 2870.15856002
6 889 2240 2872.34622729
5 890 2241 2873.15856002
6 891 2242 2877.03765787
5 892 2243 2879.63780731
4 893 2245 2882.89147465
5 894 2249 2884.52011924
4 895 2251 2887.15856002
5 896 2254 2889.99469137
6 897 2257 2891.23995921
5 898 2259 2893.63780731
6 899 2262 2898.27579533
7 900 2263 2900.96073346
6 901 2264 2901.15856002
7 902 2266 2902.72413543
8 903 2269 2904.79059459
7 904 2273 2907.63780731
6 905 2274 2908.89147465
7 906 2276 2910.11236094
6 907 2286 2918.15856002
5 908 2287 2921.63780731
4 909 2290 2922.89147465
5 910 2291 2926.24802042
4 911 2293 2927.63780731
3 912 2294 2927.63780731
2 913 2298 2935.15856002
3 914 2299 2942.93469145
4 915 2301 2945.28133727
5 916 2303 2946.91396718
4 917 2305 2949.24802042
5 918 2313 2954.09412366
4 919 2316 2956.93469145
3 920 2317 2957.91396718
4 921 2318 2961.07714194
3 922 2320 2962.28133727
4 923 2323 2971.47369265
3 924 2328 2978.07714194
2 925 2331 2985.93469145
3 926 2332 2986.44114081
2 927 2336 2991.47369265
1 928 2337 2997.44114081
2 929 2338 3001.20741042
3 930 2340 3001.33370784
4 931 2342 3014.07313553
5 932 2350 3022.96940736
6 933 2352 3024.04742059
5 934 2353 3024.33370784
4 935 2359 3033.20741042
3 936 2360 3034.07313553
2 937 2361 3035.33370784
3 938 2363 3037.58944911
4 939 2365 3038.51962881
3 940 2369 3042.96940736
4 941 2370 3045.21271064
3 942 2372 3048.58944911
4 943 2375 3052.4930992
5 944 2376 3053.24874762
6 945 2383 3058.81466176
5 946 2386 3061.51962881
4 947 2388 3064.51962881
3 948 2389 3065.21271064
4 949 2390 3066.72487048
3 950 2392 3070.24874762
4 951 2397 3077.82911254
3 952 2399 3081.51962881
2 953 2402 3089.72487048
3 954 2403 3090.67563699
4 955 2405 3095.90035303
5 956 2407 3096.55871951
4 957 2409 3097.82911254
3 958 2416 3109.90035303
2 959 2417 3114.82911254
1 960 2418 3119.67563699
2 961 2419 3119.81361138
3 962 2421 3124.14059827
4 963 2425 3125.76338157
5 964 2429 3128.00823732
4 965 2431 3132.14059827
3 966 2436 3136.81361138
2 967 2437 3137.14059827
1 968 2438 3145.76338157
2 969 2439 3148.23372109
3 970 2441 3157.64954261
4 971 2445 3162.91875278
5 972 2448 3163.61211745
6 973 2449 3166.37642531
5 974 2455 3168.23372109
4 975 2458 3174.64954261
5 976 2459 3177.38789458
4 977 2461 3177.64954261
5 978 2462 3178.69798059
6 979 2464 3178.81809861
5 980 2467 3184.24802042
6 981 2471 3185.5160562
5 982 2472 3185.91875278
6 983 2475 3186.72542227
5 984 2479 3191.38789458
6 985 2484 3194.0454478
7 986 2486 3199.40325417
6 987 2487 3199.91875278
5 988 2489 3201.24802042
4 989 2490 3201.69798059
3 990 2493 3204.24802042
4 991 2494 3206.53656816
3 992 2496 3208.0454478
4 993 2497 3208.62929267
5 994 2505 3221.51858853
4 995 2507 3223.53656816
5 996 2508 3223.55566619
4 997 2510 3225.62929267
5 998 2512 3225.81589944
4 999 2518 3228.91875278
5 1000 2519 3230.6212601
4 1001 2521 3232.51858853
5 1002 2522 3233.65453647
4 1003 2524 3234.55566619
3 1004 2525 3235.51858853
4 1005 2527 3239.41567855
5 1006 2528 3239.44343522
6 1007 2536 3243.8737516
7 1008 2537 3244.25512925
6 1009 2541 3247.44343522
5 1010 2543 3250.65453647
4 1011 2544 3253.41567855
3 1012 2547 3259.6212601
4 1013 2551 3267.68690018
5 1014 2553 3268.31758923
4 1015 2555 3270.65453647
3 1016 2559 3276.44343522
4 1017 2561 3284.27248145
3 1018 2563 3284.65453647
4 1019 2566 3289.85775065
3 1020 2570 3296.68690018
4 1021 2571 3301.27541664
5 1022 2573 3303.57171087
4 1023 2577 3307.27248145
3 1024 2582 3314.57171087
2 1025 2583 3315.85775065
1 1026 2584 3318.27541664
2 1027 2585 3318.71232959
3 1028 2589 3330.19394959
2 1029 2591 3332.71232959
3 1030 2593 3332.96062394
4 1031 2596 3341.87115735
3 1032 2600 3347.19394959
4 1033 2601 3348.37343463
3 1034 2605 3349.96062394
4 1035 2608 3361.89453723
3 1036 2610 3362.37343463
4 1037 2611 3363.09174881
5 1038 2613 3364.48096432
4 1039 2615 3364.87115735
5 1040 2618 3366.87391036
6 1041 2624 3376.4268049
7 1042 2625 3376.61410896
8 1043 2628 3379.46762251
7 1044 2630 3380.09174881
6 1045 2631 3381.48096432
5 1046 2634 3381.89453723
4 1047 2635 3386.87391036
3 1048 2642 3398.89453723
4 1049 2643 3399.39797752
3 1050 2645 3400.09174881
4 1051 2646 3409.27579452
5 1052 2648 3411.00480724
4 1053 2652 3413.48096432
3 1054 2655 3419.39797752
4 1055 2658 3421.51813918
5 1056 2660 3425.22937693
6 1057 2662 3425.96311443
7 1058 2663 3429.19180662
6 1059 2665 3429.27579452
5 1060 2667 3431.00480724
6 1061 2674 3439.64811619
5 1062 2678 3442.22937693
6 1063 2679 3444.48272055
7 1064 2681 3445.13478178
6 1065 2683 3450.51813918
7 1066 2684 3451.71891674
6 1067 2685 3452.27579452
7 1068 2687 3453.18728283
6 1069 2688 3454.00480724
7 1070 2695 3461.7171451
6 1071 2698 3466.27579452
5 1072 2700 3468.22937693
6 1073 2703 3470.66253624
5 1074 2705 3474.00480724
4 1075 2707 3474.22937693
5 1076 2710 3478.48310079
6 1077 2713 3480.77774568
5 1078 2715 3486.27579452
4 1079 2717 3487.66253624
3 1080 2718 3488.51813918
2 1081 2726 3497.27579452
1 1082 2728 3498.66253624
2 1083 2729 3502.0863891
3 1084 2731 3504.92739688
4 1085 2733 3508.79906279
5 1086 2737 3515.53784998
4 1087 2740 3519.0863891
3 1088 2744 3521.92739688
4 1089 2745 3524.58228153
5 1090 2751 3530.38267612
4 1091 2752 3531.79906279
3 1092 2754 3535.58228153
4 1093 2755 3535.79837926
3 1094 2759 3542.0863891
4 1095 2760 3542.89651254
3 1096 2762 3545.79906279
4 1097 2767 3552.33944063
5 1098 2769 3553.74550865
4 1099 2771 3556.89651254
3 1100 2772 3558.79837926
4 1101 2773 3560.14765323
3 1102 2781 3570.89651254
2 1103 2782 3575.33944063
1 1104 2784 3577.14765323
2 1105 2786 3586.18019451
1 1106 2790 3597.18019451
2 1107 2791 3597.28480843
3 1108 2793 3597.49469597
4 1109 2795 3600.31048216
3 1110 2801 3611.49469597
2 1111 2804 3620.28480843
3 1112 2805 3621.50569952
4 1113 2807 3625.12319525
5 1114 2808 3625.21042804
4 1115 2811 3628.49469597
5 1116 2814 3628.69733831
4 1117 2816 3629.50569952
5 1118 2817 3630.4700048
6 1119 2818 3631.29029512
7 1120 2824 3640.00479948
6 1121 2826 3642.49469597
5 1122 2830 3643.50569952
6 1123 2831 3646.78545204
7 1124 2832 3647.0069383
6 1125 2833 3647.49469597
5 1126 2835 3648.49469597
6 1127 2838 3651.88095696
7 1128 2839 3651.88962313
8 1129 2842 3660.54167909
7 1130 2843 3663.50569952
6 1131 2845 3664.49469597
7 1132 2847 3670.47764896
8 1133 2850 3674.85639737
9 1134 2851 3675.00170573
8 1135 2855 3680.50569952
9 1136 2856 3680.85915925
10 1137 2857 3685.78989133
11 1138 2860 3689.72849742
10 1139 2863 3690.49469597
9 1140 2864 3691.50569952
10 1141 2866 3692.98105824
9 1142 2871 3698.49469597
10 1143 2874 3701.12665848
9 1144 2879 3705.50569952
8 1145 2880 3707.49469597
7 1146 2886 3715.49469597
6 1147 2887 3719.50569952
5 1148 2891 3722.50569952
6 1149 2897 3731.62175277
5 1150 2898 3732.49469597
4 1151 2901 3733.50569952
3 1152 2902 3735.49469597
4 1153 2904 3738.93650907
5 1154 2906 3739.76243927
6 1155 2907 3741.59934261
7 1156 2910 3743.11984163
8 1157 2914 3746.0142927
7 1158 2918 3752.51813918
6 1159 2919 3753.00480724
7 1160 2923 3757.54736578
6 1161 2925 3758.93650907
7 1162 2926 3762.29978097
8 1163 2929 3764.49732285
7 1164 2931 3767.00480724
8 1165 2934 3773.8852806
9 1166 2935 3776.92261893
10 1167 2938 3777.29602605
11 1168 2939 3777.78694
10 1169 2940 3778.51813918
11 1170 2942 3781.53267578
10 1171 2947 3784.93650907
11 1172 2950 3789.80722884
10 1173 2952 3790.00480724
9 1174 2958 3792.93650907
8 1175 2961 3795.51813918
7 1176 2963 3795.93650907
6 1177 2969 3803.51813918
5 1178 2971 3804.00480724
4 1179 2976 3812.33944063
3 1180 2977 3812.93650907
4 1181 2978 3815.64617715
3 1182 2980 3815.93650907
4 1183 2981 3823.48812936
3 1184 2983 3823.51813918
2 1185 2986 3835.64617715
1 1186 2989 3840.48812936
2 1187 2990 3845.18663156
3 1188 2993 3857.40908824
4 1189 2997 3860.55481468
5 1190 2999 3864.60015182
4 1191 3001 3868.18663156
3 1192 3002 3871.18663156
2 1193 3005 3877.55481468
1 1194 3008 3881.60015182
2 1195 3009 3883.28933487
3 1196 3011 3884.03551371
4 1197 3013 3886.70190915
5 1198 3015 3886.91727745
6 1199 3025 3894.18864187
5 1200 3026 3894.70190915
4 1201 3028 3894.91727745
5 1202 3030 3898.3769238
4 1203 3031 3907.03551371
3 1204 3032 3909.28933487
4 1205 3036 3914.58656506
3 1206 3038 3917.70190915
4 1207 3039 3919.52926435
3 1208 3043 3923.70190915
4 1209 3044 3930.76076142
5 1210 3046 3931.74008502
4 1211 3050 3934.58656506
5 1212 3052 3936.89862173
4 1213 3054 3942.52926435
5 1214 3056 3943.05869779
6 1215 3057 3944.27977163
7 1216 3060 3945.46386547
6 1217 3066 3951.74008502
7 1218 3067 3952.28811236
6 1219 3069 3953.76076142
7 1220 3070 3959.36395468
8 1221 3073 3962.14239441
7 1222 3075 3962.52926435
8 1223 3078 3964.04850774
7 1224 3080 3967.76076142
6 1225 3082 3968.74008502
7 1226 3083 3968.77471716
6 1227 3088 3978.76076142
7 1228 3090 3982.69496791
8 1229 3095 3985.64839273
7 1230 3096 3988.52926435
8 1231 3098 3989.5391617
9 1232 3101 3993.9700334
8 1233 3103 3995.76076142
7 1234 3105 3997.74008502
6 1235 3108 4002.52926435
7 1236 3112 4003.94614792
8 1237 3113 4006.02797777
7 1238 3115 4006.76076142
8 1239 3121 4018.30733441
7 1240 3123 4019.52926435
8 1241 3124 4020.75225106
9 1242 3128 4027.25270226
10 1243 3129 4028.19524905
9 1244 3133 4029.74008502
8 1245 3136 4029.76076142
7 1246 3137 4029.76076142
6 1247 3138 4033.52926435
7 1248 3140 4034.47615803
6 1249 3149 4040.74008502
5 1250 3150 4043.76076142
4 1251 3152 4043.76076142
3 1252 3157 4053.52926435
4 1253 3158 4054.44381296
3 1254 3160 4057.76076142
4 1255 3161 4059.58387942
5 1256 3163 4060.42132581
4 1257 3164 4060.74008502
3 1258 3168 4067.58387942
4 1259 3171 4069.86890595
5 1260 3173 4070.13626631
6 1261 3176 4074.39239978
5 1262 3178 4074.74008502
6 1263 3179 4079.67473729
7 1264 3180 4080.24727646
6 1265 3182 4080.44381296
7 1266 3187 4085.82441535
6 1267 3189 4088.74008502
5 1268 3195 4095.86890595
4 1269 3197 4097.44381296
3 1270 3198 4099.74008502
4 1271 3203 4106.12009365
5 1272 3205 4108.6434474
4 1273 3206 4111.44381296
5 1274 3208 4112.36934399
6 1275 3211 4113.97581593
7 1276 3212 4114.90838332
6 1277 3215 4116.44381296
5 1278 3217 4118.86890595
4 1279 3219 4123.12009365
5 1280 3223 4127.35398545
6 1281 3224 4128.83895877
7 1282 3227 4129.84270747
6 1283 3228 4130.44381296
7 1284 3231 4133.03613933
8 1285 3232 4133.15569578
9 1286 3233 4135.06770367
8 1287 3235 4135.86890595
9 1288 3245 4141.66641242
8 1289 3247 4143.86890595
7 1290 3248 4144.44381296
6 1291 3251 4149.12009365
7 1292 3252 4150.78911782
8 1293 3253 4152.19543918
9 1294 3254 4153.1329301
8 1295 3259 4155.12009365
9 1296 3260 4159.0400319
8 1297 3262 4160.86890595
9 1298 3263 4161.29056529
8 1299 3265 4161.44381296
9 1300 3269 4162.25778492
10 1301 3270 4164.45223486
11 1302 3274 4165.66136766
12 1303 3275 4166.95931915
11 1304 3277 4169.12009365
10 1305 3278 4171.86890595
9 1306 3286 4183.12009365
8 1307 3288 4183.86890595
7 1308 3290 4187.44381296
8 1309 3291 4188.83217752
7 1310 3296 4194.86890595
8 1311 3298 4198.70668621
9 1312 3303 4201.36032841
8 1313 3307 4203.12009365
7 1314 3309 4204.44381296
6 1315 3312 4206.12009365
7 1316 3313 4206.31973504
6 1317 3315 4209.12009365
7 1318 3321 4218.18235878
6 1319 3323 4218.44381296
5 1320 3324 4219.11255785
4 1321 3325 4220.86890595
3 1322 3330 4226.12009365
4 1323 3332 4227.78311328
3 1324 3336 4229.12009365
2 1325 3341 4235.78311328
3 1326 3343 4237.81497008
2 1327 3344 4238.44381296
3 1328 3348 4245.50081095
4 1329 3349 4245.81786367
3 1330 3350 4248.81497008
4 1331 3353 4256.75210629
5 1332 3354 4261.58433691
6 1333 3355 4263.06624571
5 1334 3359 4277.81497008
6 1335 3362 4288.81761002
7 1336 3363 4288.91600522
8 1337 3364 4289.06165503
9 1338 3365 4292.72257918
10 1339 3366 4295.08637436
11 1340 3367 4299.53567468
10 1341 3370 4300.81497008
11 1342 3371 4305.72799807
12 1343 3373 4308.56568467
11 1344 3378 4317.81497008
10 1345 3380 4320.81497008
9 1346 3381 4320.81497008
8 1347 3386 4334.81497008
9 1348 3387 4336.97262928
10 1349 3395 4348.22256281
9 1350 3396 4348.81497008
8 1351 3398 4357.81497008
9 1352 3399 4358.21967161
10 1353 3401 4359.15105948
11 1354 3405 4361.2535347
10 1355 3412 4364.49936815
9 1356 3413 4365.81497008
10 1357 3418 4370.24756817
9 1358 3419 4370.49936815
8 1359 3421 4372.49936815
7 1360 3423 4374.81497008
8 1361 3426 4377.85482385
9 1362 3427 4378.41224611
8 1363 3431 4379.81497008
7 1364 3432 4381.49936815
6 1365 3433 4384.49936815
7 1366 3436 4386.7213498
8 1367 3441 4387.58223227
9 1368 3442 4392.89213996
8 1369 3443 4393.81497008
9 1370 3444 4396.96125523
8 1371 3445 4398.49936815
7 1372 3449 4399.81497008
6 1373 3450 4399.81497008
7 1374 3452 4401.50567643
8 1375 3453 4407.01451848
9 1376 3455 4407.3223823
8 1377 3459 4412.49936815
7 1378 3465 4415.49936815
8 1379 3466 4418.25199064
7 1380 3468 4419.81497008
8 1381 3469 4420.08943589
9 1382 3470 4421.89644832
10 1383 3471 4422.41293229
9 1384 3474 4425.81497008
8 1385 3477 4428.81497008
7 1386 3479 4438.49936815
8 1387 3480 4439.81231559
7 1388 3483 4439.81497008
6 1389 3489 4449.49936815
5 1390 3491 4450.81497008
4 1391 3493 4450.81497008
5 1392 3494 4451.95948993
4 1393 3500 4460.49936815
5 1394 3502 4460.84689446
4 1395 3504 4461.81497008
5 1396 3505 4462.76384706
4 1397 3511 4474.49936815
3 1398 3515 4480.49936815
2 1399 3516 4481.81497008
3 1400 3518 4482.50079656
4 1401 3521 4489.27116773
3 1402 3524 4494.49936815
4 1403 3525 4496.32207047
5 1404 3526 4501.51702655
6 1405 3529 4511.95650981
5 1406 3531 4514.49936815
6 1407 3534 4518.78227808
7 1408 3539 4526.82895277
6 1409 3541 4537.49936815
7 1410 3542 4540.46858023
8 1411 3543 4543.18522212
9 1412 3544 4546.34774966
10 1413 3547 4556.31970049
9 1414 3549 4560.49936815
10 1415 3552 4572.45222633
11 1416 3553 4574.02950446
12 1417 3554 4577.27616113
11 1418 3556 4577.49936815
12 1419 3559 4583.16570614
13 1420 3560 4583.32873078
14 1421 3561 4583.41878125
15 1422 3562 4586.63265867
14 1423 3564 4597.49936815
15 1424 3565 4597.84127465
16 1425 3566 4601.05559005
17 1426 3569 4605.59766093
18 1427 3570 4611.22016148
19 1428 3571 4613.45069194
18 1429 3573 4614.49936815
19 1430 3574 4615.10892387
20 1431 3577 4630.25162143
19 1432 3582 4631.49936815
20 1433 3583 4633.28363065
21 1434 3584 4638.71329254
22 1435 3585 4640.55530416
21 1436 3592 4648.49936815
20 1437 3593 4651.49936815
19 1438 3594 4657.49936815
18 1439 3595 4657.49936815
19 1440 3596 4659.48664998
20 1441 3599 4669.37461804
21 1442 3600 4669.73760974
20 1443 3603 4671.49936815
21 1444 3605 4672.52725578
20 1445 3617 4679.49936815
19 1446 3618 4679.49936815
18 1447 3619 4682.49936815
19 1448 3625 4683.33380445
20 1449 3627 4685.50388548
21 1450 3628 4685.69900353
20 1451 3629 4687.12021856
21 1452 3630 4689.08557296
20 1453 3636 4690.12021856
19 1454 3637 4690.12021856
18 1455 3638 4690.12021856
19 1456 3639 4694.10917988
20 1457 3641 4696.35190642
21 1458 3642 4697.2850675
22 1459 3643 4698.29284138
23 1460 3644 4698.77077316
22 1461 3648 4699.49936815
21 1462 3649 4699.49936815
22 1463 3650 4699.73356422
23 1464 3667 4706.96887453
22 1465 3670 4710.12021856
21 1466 3671 4710.49936815
20 1467 3676 4711.93489156
19 1468 3684 4713.49936815
18 1469 3685 4713.49936815
17 1470 3689 4714.93489156
16 1471 3690 4716.12021856
15 1472 3694 4717.93489156
16 1473 3695 4718.85846715
15 1474 3696 4719.12021856
14 1475 3697 4719.81497008
15 1476 3698 4720.83362196
14 1477 3700 4721.12021856
13 1478 3701 4721.12021856
14 1479 3702 4721.88319209
13 1480 3710 4725.81497008
12 1481 3711 4727.49936815
11 1482 3717 4728.93489156
10 1483 3719 4730.39529275
9 1484 3726 4739.81497008
8 1485 3729 4744.12021856
7 1486 3734 4745.93489156
6 1487 3735 4747.39529275
5 1488 3736 4747.49936815
4 1489 3738 4748.81497008
3 1490 3739 4751.81497008
4 1491 3742 4754.8573695
5 1492 3747 4759.63290235
4 1493 3749 4760.93489156
3 1494 3750 4761.12021856
4 1495 3753 4769.21777536
5 1496 3755 4771.2286145
4 1497 3757 4774.8573695
3 1498 3760 4776.63290235
4 1499 3761 4777.84444334
3 1500 3763 4779.2286145
4 1501 3768 4792.320506
3 1502 3770 4795.21777536
2 1503 3771 4797.84444334
3 1504 3774 4808.13651629
4 1505 3776 4808.33283605
5 1506 3778 4810.9613199
4 1507 3780 4815.320506
3 1508 3787 4828.33283605
2 1509 3788 4830.9613199
3 1510 3789 4835.05056028
2 1511 3791 4837.13651629
3 1512 3792 4842.22033599
4 1513 3796 4850.82777686
3 1514 3802 4859.22033599
2 1515 3803 4861.05056028
3 1516 3804 4866.55818171
2 1517 3806 4867.82777686
3 1518 3807 4873.3112898
2 1519 3813 4881.3112898
3 1520 3814 4886.78541771
4 1521 3816 4890.75258867
5 1522 3820 4891.50119815
4 1523 3822 4892.55818171
5 1524 3827 4901.7067292
4 1525 3829 4903.78541771
3 1526 3830 4904.75258867
2 1527 3833 4914.50119815
3 1528 3834 4917.34908605
4 1529 3836 4920.61351705
5 1530 3839 4920.69562172
4 1531 3840 4921.7067292
5 1532 3845 4928.83788696
6 1533 3847 4933.59660455
7 1534 3850 4933.96849556
6 1535 3852 4937.34908605
5 1536 3853 4937.69562172
6 1537 3855 4938.26322229
7 1538 3858 4946.09553786
6 1539 3859 4946.61351705
7 1540 3865 4950.17459526
8 1541 3866 4950.65916486
7 1542 3868 4951.83788696
6 1543 3872 4954.34908605
5 1544 3873 4954.69562172
6 1545 3876 4957.33500427
5 1546 3879 4960.61351705
4 1547 3885 4965.34908605
3 1548 3886 4965.69562172
4 1549 3887 4965.71964779
3 1550 3889 4965.83788696
2 1551 3890 4971.69562172
3 1552 3891 4972.55883483
4 1553 3895 4973.81523622
3 1554 3901 4979.71964779
2 1555 3902 4983.55883483
1 1556 3903 4984.81523622
2 1557 3904 4985.39537059
3 1558 3906 4990.6690694
4 1559 3910 4992.37656953
5 1560 3912 4992.61282337
6 1561 3915 4995.1711617
7 1562 3921 4999.65467164
6 1563 3922 5001.6690694
5 1564 3926 5005.39537059
6 1565 3927 5006.95935392
5 1566 3929 5009.61282337
4 1567 3932 5011.39537059
5 1568 3933 5013.58568781
4 1569 3935 5014.61282337
3 1570 3938 5015.37656953
2 1571 3939 5018.6690694
3 1572 3940 5021.51866475
4 1573 3944 5024.08839735
3 1574 3950 5036.58568781
2 1575 3951 5038.08839735
1 1576 3952 5038.51866475
2 1577 3953 5050.95693478
3 1578 3955 5053.36537407
2 1579 3961 5067.36537407
1 1580 3962 5067.95693478
2 1581 3964 5070.34073056
3 1582 3966 5070.53826414
4 1583 3968 5072.75018686
3 1584 3974 5078.53826414
4 1585 3975 5081.10821738
5 1586 3979 5085.78542964
4 1587 3981 5087.34073056
3 1588 3984 5092.75018686
2 1589 3985 5095.10821738
3 1590 3988 5105.34775317
2 1591 3990 5105.78542964
3 1592 3991 5107.83071646
4 1593 3995 5115.7496454
5 1594 4001 5120.70083908
4 1595 4003 5121.83071646
3 1596 4004 5123.7496454
2 1597 4007 5128.34775317
1 1598 4009 5131.70083908
2 1599 4011 5157.99712826
3 1600 4016 5167.01744597
2 1601 4019 5178.01744597
3 1602 4020 5180.59972793
2 1603 4022 5180.99712826
3 1604 4023 5184.83446297
4 1605 4025 5185.2558907
5 1606 4029 5191.28753351
6 1607 4035 5195.40357908
5 1608 4037 5195.83446297
6 1609 4038 5198.88616373
5 1610 4042 5205.2558907
4 1611 4045 5206.59972793
5 1612 4046 5209.0960808
6 1613 4049 5211.49539614
5 1614 4050 5214.28753351
4 1615 4052 5215.83446297
3 1616 4058 5220.0960808
2 1617 4059 5220.0960808
3 1618 4061 5229.62641371
4 1619 4063 5232.73049823
3 1620 4065 5234.2558907
2 1621 4070 5246.73049823
1 1622 4071 5249.62641371
2 1623 4072 5250.62328028
1 1624 4076 5258.62328028
2 1625 4077 5259.51296925
3 1626 4081 5269.34527695
4 1627 4083 5269.36374413
5 1628 4087 5271.39272366
4 1629 4088 5273.51296925
5 1630 4090 5273.67632844
6 1631 4091 5275.87013244
5 1632 4093 5280.36374413
4 1633 4096 5286.34527695
3 1634 4104 5293.51296925
2 1635 4106 5294.34527695
1 1636 4108 5303.36374413
2 1637 4110 5315.47974164
3 1638 4114 5320.15043208
2 1639 4115 5329.47974164
3 1640 4117 5331.0154349
4 1641 4120 5334.15602806
3 1642 4121 5337.47974164
4 1643 4124 5337.5581869
5 1644 4125 5338.19065692
4 1645 4130 5357.47974164
3 1646 4131 5357.47974164
4 1647 4135 5362.45570103
5 1648 4140 5368.67808683
6 1649 4141 5370.2107326
5 1650 4144 5371.47974164
4 1651 4145 5374.34775317
5 1652 4147 5376.56437597
6 1653 4148 5376.67736272
7 1654 4149 5377.03279087
8 1655 4150 5379.99986511
9 1656 4156 5384.02747527
8 1657 4157 5385.47974164
7 1658 4160 5388.34775317
6 1659 4161 5388.47974164
7 1660 4162 5390.06331879
6 1661 4169 5396.47974164
7 1662 4170 5399.11012575
8 1663 4171 5399.99606521
7 1664 4176 5408.34775317
8 1665 4178 5408.54221896
9 1666 4179 5409.74338771
8 1667 4181 5410.47974164
7 1668 4182 5410.47974164
8 1669 4183 5414.21673522
7 1670 4190 5416.34775317
6 1671 4192 5418.47974164
7 1672 4195 5420.3309957
8 1673 4196 5421.67248854
7 1674 4200 5426.47974164
8 1675 4201 5428.85872885
7 1676 4202 5431.34775317
6 1677 4206 5433.34775317
7 1678 4213 5442.58116131
8 1679 4214 5444.87773789
7 1680 4216 5446.28753351
6 1681 4218 5446.47974164
7 1682 4219 5448.28218511
6 1683 4223 5453.34775317
7 1684 4224 5453.54685834
6 1685 4228 5460.28753351
5 1686 4232 5463.47974164
6 1687 4236 5469.90591332
5 1688 4238 5473.34775317
4 1689 4239 5474.28753351
5 1690 4240 5474.5859921
6 1691 4247 5479.54417665
7 1692 4250 5482.61116419
6 1693 4251 5483.47974164
7 1694 4252 5484.23893395
8 1695 4253 5484.93698872
7 1696 4255 5489.47974164
6 1697 4256 5490.34775317
5 1698 4258 5491.5859921
4 1699 4265 5501.34775317
3 1700 4266 5503.47974164
4 1701 4267 5504.11346907
5 1702 4272 5509.64356168
6 1703 4276 5513.45720777
5 1704 4280 5517.5859921
4 1705 4281 5518.34775317
5 1706 4284 5519.86507774
6 1707 4287 5524.52042645
5 1708 4288 5529.64356168
4 1709 4291 5530.11346907
5 1710 4296 5530.90344011
6 1711 4300 5535.49366556
5 1712 4303 5536.86507774
4 1713 4304 5537.5859921
3 1714 4305 5538.90344011
4 1715 4306 5542.97875943
3 1716 4310 5549.5859921
2 1717 4311 5550.86507774
3 1718 4312 5551.49423109
4 1719 4316 5557.97378958
5 1720 4318 5559.78577771
6 1721 4321 5565.9526668
5 1722 4323 5565.97875943
4 1723 4325 5568.49423109
3 1724 4333 5582.49423109
2 1725 4334 5585.97875943
1 1726 4335 5586.97378958
2 1727 4336 5591.5382872
1 1728 4340 5614.5382872
2 1729 4341 5634.00723611
3 1730 4343 5636.46707296
4 1731 4347 5642.22142204
3 1732 4349 5645.00723611
4 1733 4354 5652.63812461
5 1734 4356 5658.57421199
4 1735 4358 5659.22142204
3 1736 4359 5659.46707296
4 1737 4362 5661.25171784
3 1738 4364 5663.63812461
4 1739 4367 5670.1823329
3 1740 4371 5672.25171784
2 1741 4374 5684.57421199
3 1742 4375 5687.54750632
4 1743 4377 5691.27855981
3 1744 4381 5696.1823329
4 1745 4382 5697.91134671
3 1746 4388 5704.54750632
4 1747 4389 5706.2495511
5 1748 4391 5707.71240266
6 1749 4393 5713.93052954
5 1750 4397 5717.27855981
4 1751 4400 5717.91134671
3 1752 4403 5727.71240266
2 1753 4404 5728.27855981
1 1754 4405 5732.2495511
2 1755 4406 5741.03314906
3 1756 4409 5750.69502238
4 1757 4411 5752.12368442
5 1758 4415 5756.58404654
4 1759 4421 5761.03314906
3 1760 4425 5767.58404654
4 1761 4426 5770.51464669
3 1762 4428 5770.69502238
2 1763 4429 5775.12368442
3 1764 4432 5776.73792943
4 1765 4434 5777.39415318
5 1766 4436 5778.07129616
6 1767 4439 5784.24324272
7 1768 4441 5784.44627456
6 1769 4443 5784.51464669
7 1770 4447 5791.82199309
8 1771 4451 5793.3901834
9 1772 4452 5796.34646369
10 1773 4453 5796.68304424
11 1774 4459 5800.78769152
10 1775 4461 5802.73792943
9 1776 4463 5803.39415318
8 1777 4465 5804.51464669
7 1778 4467 5807.24324272
6 1779 4468 5807.24324272
5 1780 4469 5808.73792943
6 1781 4478 5818.01222
5 1782 4480 5821.24324272
4 1783 4481 5822.73792943
3 1784 4482 5823.39415318
4 1785 4483 5826.73687437
3 1786 4485 5830.51464669
4 1787 4489 5832.32384385
3 1788 4493 5835.24324272
4 1789 4494 5839.77096925
3 1790 4496 5843.73687437
4 1791 4499 5843.98557957
5 1792 4501 5845.38783638
4 1793 4503 5846.73687437
3 1794 4508 5853.38783638
2 1795 4509 5853.77096925
1 1796 4510 5857.98557957
2 1797 4511 5858.68541986
3 1798 4513 5861.92566022
4 1799 4517 5869.27277406
5 1800 4519 5871.59447655
6 1801 4521 5871.9537698
5 1802 4525 5875.68541986
6 1803 4526 5877.30118183
5 1804 4531 5881.92566022
4 1805 4535 5883.27277406
3 1806 4538 5888.59447655
2 1807 4539 5892.68541986
1 1808 4540 5892.92566022
2 1809 4541 5894.77281284
3 1810 4543 5896.85093831
4 1811 4546 5897.03792816
5 1812 4547 5902.85600304
6 1813 4549 5904.27004933
5 1814 4556 5910.85093831
6 1815 4561 5916.16775202
5 1816 4563 5917.77281284
4 1817 4564 5917.77281284
3 1818 4565 5921.27004933
4 1819 4566 5924.29568271
3 1820 4568 5925.85600304
2 1821 4571 5933.16775202
3 1822 4574 5936.19482508
2 1823 4576 5938.29568271
3 1824 4577 5938.72253968
2 1825 4583 5950.19482508
1 1826 4584 5955.72253968
2 1827 4585 5956.57551579
3 1828 4589 5967.45781269
2 1829 4591 5976.57551579
1 1830 4595 5984.45781269
2 1831 4597 5985.70804492
3 1832 4599 5986.95106506
2 1833 4606 5999.70804492
1 1834 4607 6003.95106506
2 1835 4608 6009.8643272
3 1836 4610 6010.88695847
4 1837 4612 6011.58194412
5 1838 4614 6011.60955998
6 1839 4616 6012.55829556
7 1840 4618 6013.18608614
8 1841 4619 6015.46676577
9 1842 4620 6015.87889888
8 1843 4629 6022.58194412
9 1844 4630 6023.59922459
8 1845 4632 6023.8643272
9 1846 4635 6027.54286528
8 1847 4637 6027.88695847
7 1848 4638 6028.58194412
8 1849 4643 6030.94080298
7 1850 4644 6034.60955998
6 1851 4647 6034.8643272
5 1852 4649 6036.58194412
6 1853 4652 6039.36216423
5 1854 4656 6041.88695847
4 1855 4663 6050.58194412
3 1856 4664 6051.60955998
4 1857 4665 6056.17388277
5 1858 4667 6056.5005693
4 1859 4669 6057.8643272
3 1860 4672 6064.88695847
4 1861 4675 6068.67180887
3 1862 4679 6073.17388277
2 1863 4680 6073.5005693
3 1864 4681 6074.27459424
2 1865 4683 6076.67180887
3 1866 4686 6088.6856641
4 1867 4688 6088.8455513
3 1868 4690 6091.27459424
4 1869 4691 6091.53321614
3 1870 4697 6099.8455513
2 1871 4698 6102.6856641
3 1872 4699 6102.7335758
4 1873 4703 6107.26168145
3 1874 4709 6114.53321614
2 1875 4710 6115.26168145
3 1876 4711 6116.95603758
4 1877 4713 6120.50419784
5 1878 4717 6121.37937206
6 1879 4719 6121.66555311
5 1880 4721 6122.7335758
4 1881 4724 6128.50419784
5 1882 4726 6131.55634602
4 1883 4732 6136.95603758
5 1884 4733 6139.03000223
4 1885 4735 6141.37937206
5 1886 4737 6141.64874497
4 1887 4739 6142.7335758
5 1888 4742 6145.70820654
4 1889 4744 6147.37937206
5 1890 4745 6148.001202
6 1891 4746 6148.13910798
7 1892 4749 6151.58668329
6 1893 4751 6152.64874497
7 1894 4754 6155.27021651
8 1895 4755 6155.83958281
7 1896 4757 6156.03000223
8 1897 4759 6157.82066138
9 1898 4762 6159.36542368
8 1899 4766 6165.70820654
7 1900 4769 6166.64874497
8 1901 4770 6169.21928342
7 1902 4775 6173.03000223
8 1903 4777 6173.15581157
9 1904 4781 6177.64721829
8 1905 4782 6177.64874497
7 1906 4786 6180.64874497
6 1907 4787 6181.03000223
5 1908 4789 6184.03000223
6 1909 4794 6188.52159739
7 1910 4795 6188.64327582
6 1911 4797 6191.70820654
7 1912 4798 6192.97714701
8 1913 4799 6195.02731323
7 1914 4800 6195.03000223
6 1915 4804 6197.64874497
7 1916 4809 6199.50842157
8 1917 4817 6205.28923426
7 1918 4818 6211.64874497
6 1919 4820 6211.70820654
5 1920 4822 6214.57551579
4 1921 4823 6214.64874497
3 1922 4825 6215.03000223
4 1923 4827 6218.30338476
5 1924 4833 6224.15850174
6 1925 4835 6224.68331325
5 1926 4836 6225.70820654
6 1927 4838 6226.64092038
7 1928 4840 6229.24749853
6 1929 4843 6231.57551579
5 1930 4844 6231.70820654
4 1931 4852 6239.57551579
5 1932 4853 6239.79998602
4 1933 4855 6245.57551579
3 1934 4858 6247.15850174
2 1935 4859 6248.70820654
3 1936 4861 6251.19920519
2 1937 4866 6259.79998602
1 1938 4867 6262.19920519
2 1939 4868 6264.36789212
3 1940 4870 6269.28847221
4 1941 4872 6271.08621382
5 1942 4873 6273.50993253
6 1943 4876 6280.45410723
7 1944 4879 6283.08747263
8 1945 4880 6284.937164
7 1946 4883 6287.36789212
8 1947 4884 6290.53508267
9 1948 4888 6296.5325913
8 1949 4889 6298.36789212
7 1950 4890 6301.28847221
8 1951 4892 6302.12287241
9 1952 4893 6304.30892205
8 1953 4895 6307.36789212
7 1954 4902 6315.28847221
6 1955 4906 6321.36789212
7 1956 4908 6327.54343003
6 1957 4911 6329.28847221
5 1958 4913 6332.28847221
4 1959 4914 6341.36789212
5 1960 4916 6341.95517202
6 1961 4919 6343.61804535
5 1962 4923 6349.28847221
4 1963 4927 6357.28847221
3 1964 4929 6358.36789212
4 1965 4934 6370.83721027
3 1966 4935 6372.36789212
2 1967 4937 6374.28847221
3 1968 4941 6383.01159755
2 1969 4943 6389.36789212
3 1970 4944 6395.72572893
4 1971 4946 6397.55870833
3 1972 4952 6405.55870833
4 1973 4954 6406.03862621
5 1974 4955 6411.11126182
4 1975 4959 6412.01159755
5 1976 4961 6412.44305772
6 1977 4964 6421.27537755
7 1978 4965 6424.96142516
6 1979 4967 6427.72572893
5 1980 4968 6429.01159755
6 1981 4970 6433.5048085
7 1982 4971 6435.19410272
8 1983 4976 6441.18495735
7 1984 4979 6444.72572893
6 1985 4981 6446.01159755
7 1986 4984 6450.29289405
6 1987 4985 6454.01159755
7 1988 4990 6458.04175071
8 1989 4991 6458.08726922
7 1990 4997 6467.72572893
6 1991 4998 6467.72572893
5 1992 4999 6468.01159755
6 1993 5001 6468.75519596
7 1994 5002 6470.67824836
6 1995 5008 6472.72572893
5 1996 5012 6481.72572893
4 1997 5013 6481.72572893
3 1998 5021 6492.72572893
2 1999 5022 6495.72572893
1 2000 5023 6497.01159755
0 2001 5024 6498.64874497
0 2002 5026 6619.55870833
