#data counter step time
0 1 0 0.0
1 2 1 0.0
2 3 12 11.1782565821
3 4 14 11.551964813
4 5 18 21.8517092383
5 6 20 22.3093248823
4 7 24 25.1782565821
3 8 25 28.551964813
4 9 26 28.5731089341
5 10 29 29.3107474218
6 11 30 30.4030423627
7 12 38 33.1500387216
8 13 39 33.3140657308
9 14 41 37.5322372243
8 15 46 39.5731089341
7 16 49 41.8517092383
6 17 50 42.5731089341
5 18 55 47.4030423627
4 19 56 47.8517092383
3 20 57 48.3093248823
2 21 58 53.5731089341
3 22 59 57.5886822822
2 23 61 62.3140657308
3 24 62 67.4761948264
2 25 68 77.5886822822
3 26 69 77.9813185863
2 27 71 78.4761948264
3 28 72 78.9556520806
4 29 76 87.4240452789
5 30 80 90.5182905264
6 31 84 93.8233382555
7 32 87 97.4151322504
8 33 91 100.472851609
7 34 95 100.981318586
6 35 96 104.518290526
5 36 97 104.823338256
4 37 98 104.955652081
5 38 101 105.059329518
4 39 103 107.424045279
3 40 104 107.518290526
2 41 105 114.981318586
3 42 108 123.187117679
4 43 112 135.041649174
3 44 114 137.059329518
4 45 115 137.465051781
5 46 118 138.119193977
6 47 119 141.119560362
5 48 123 143.187117679
4 49 129 151.465051781
3 50 130 155.119560362
2 51 131 157.465051781
1 52 132 158.041649174
2 53 133 161.420236258
1 54 137 172.420236258
2 55 138 178.324858977
3 56 142 192.06406673
2 57 144 192.324858977
3 58 145 200.377931633
4 59 149 206.11169666
3 60 153 209.06406673
2 61 156 217.377931633
3 62 157 220.321359412
4 63 159 223.032167281
3 64 161 223.11169666
4 65 162 229.437607974
5 66 167 230.595391087
6 67 169 232.270434693
5 68 170 234.321359412
4 69 177 240.032167281
5 70 178 242.428146771
4 71 180 243.032167281
3 72 181 243.437607974
2 73 182 246.437607974
3 74 185 249.624096251
4 75 187 251.099671239
5 76 191 252.910573988
4 77 193 256.428146771
5 78 194 257.883934828
4 79 196 262.099671239
5 80 197 262.661856061
6 81 207 270.678297747
5 82 209 271.883934828
4 83 210 272.910573988
3 84 211 273.661856061
2 85 212 275.624096251
1 86 215 284.678297747
2 87 216 312.714267073
3 88 220 315.348360914
2 89 222 317.714267073
3 90 223 319.660453277
4 91 227 325.90733319
3 92 229 326.348360914
4 93 232 329.722828029
5 94 234 331.562807244
6 95 236 332.029879245
5 96 240 333.660453277
6 97 243 341.237839654
5 98 247 342.90733319
4 99 250 346.029879245
5 100 251 348.170993462
4 101 253 349.722828029
5 102 254 352.957546601
4 103 256 354.562807244
5 104 257 355.379803413
6 105 260 356.018834777
5 106 268 363.957546601
4 107 271 369.957546601
3 108 272 373.237839654
2 109 273 374.170993462
3 110 274 375.150148151
2 111 276 375.379803413
3 112 278 375.60347111
4 113 279 380.906597005
3 114 284 389.150148151
4 115 285 390.191500083
5 116 287 391.680976155
6 117 289 393.058701523
5 118 291 395.150148151
4 119 298 400.906597005
5 120 301 405.977034599
4 121 303 407.058701523
3 122 304 410.191500083
2 123 305 411.680976155
3 124 308 420.059483214
2 125 310 422.977034599
3 126 311 428.02110056
4 127 314 430.031794618
5 128 315 432.999952356
6 129 320 434.471354588
5 130 326 442.471354588
4 131 327 443.059483214
5 132 330 446.580884795
4 133 332 448.02110056
5 134 333 448.816684065
4 135 335 449.059483214
3 136 336 449.999952356
4 137 342 456.65886958
3 138 343 456.816684065
4 139 344 457.687611941
5 140 346 459.635393945
4 141 350 469.580884795
5 142 355 475.54580939
4 143 357 476.635393945
3 144 358 476.65886958
4 145 359 477.202089761
5 146 361 477.709363344
4 147 363 480.687611941
5 148 367 482.635291424
4 149 370 489.54580939
5 150 371 490.049628477
4 151 373 491.709363344
5 152 374 492.786394633
4 153 381 497.202089761
3 154 382 504.049628477
2 155 385 506.202089761
1 156 386 512.786394633
2 157 387 519.069305191
3 158 389 523.330592383
4 159 393 526.666741057
3 160 397 533.069305191
2 161 400 537.666741057
3 162 401 545.836145276
2 163 403 549.330592383
3 164 406 551.14225395
4 165 408 552.151265597
3 166 412 559.836145276
4 167 413 561.175748863
3 168 415 562.14225395
4 169 418 567.089790111
5 170 420 571.601444466
4 171 422 572.151265597
5 172 427 580.744288471
4 173 429 581.175748863
5 174 431 581.563916837
6 175 435 583.566984655
7 176 438 584.889191871
8 177 440 584.895807136
7 178 441 588.601444466
6 179 442 590.089790111
7 180 449 590.808548082
6 181 451 591.601444466
7 182 452 591.823585261
6 183 454 597.566984655
5 184 455 597.744288471
4 185 456 597.744288471
5 186 459 600.746961893
6 187 461 601.713079075
5 188 465 603.566984655
4 189 466 607.808548082
3 190 467 611.823585261
4 191 468 616.22549119
5 192 474 619.498758383
4 193 476 623.746961893
5 194 477 625.984424822
6 195 481 626.394965942
5 196 485 627.713079075
4 197 488 633.498758383
3 198 489 636.22549119
2 199 492 640.394965942
3 200 493 644.057652044
4 201 495 644.697811996
3 202 497 645.984424822
4 203 498 649.556738725
5 204 504 657.407197843
4 205 506 658.697811996
3 206 509 661.057652044
4 207 512 663.168254317
3 208 514 663.556738725
2 209 517 671.407197843
1 210 518 674.168254317
2 211 519 679.548252063
3 212 521 680.012853719
2 213 527 696.548252063
1 214 528 700.012853719
2 215 529 702.733735993
3 216 531 703.623715233
4 217 535 709.707435937
5 218 537 712.629861393
4 219 541 713.733735993
5 220 542 714.862962573
4 221 548 723.623715233
3 222 549 725.862962573
2 223 550 726.707435937
3 224 552 727.182295341
4 225 556 729.574946267
5 226 558 731.428856437
6 227 562 737.462869525
5 228 564 737.574946267
4 229 565 738.629861393
3 230 566 741.629861393
4 231 571 751.415700402
3 232 573 751.462869525
4 233 574 757.006800023
5 234 576 758.25322996
6 235 578 758.743653529
5 236 580 760.428856437
6 237 581 760.991212484
7 238 593 771.795026143
6 239 594 772.743653529
5 240 596 774.006800023
4 241 597 774.415700402
3 242 598 774.991212484
2 243 599 778.25322996
1 244 602 783.743653529
2 245 603 787.854114572
3 246 605 793.015453518
2 247 611 804.015453518
3 248 612 805.976747918
2 249 614 807.854114572
3 250 617 810.61656528
4 251 619 811.659882007
3 252 621 813.976747918
4 253 622 817.381574111
3 254 630 828.659882007
2 255 631 836.61656528
1 256 632 840.381574111
2 257 633 862.877833716
3 258 635 863.59750689
4 259 639 872.328969308
5 260 643 873.886447214
6 261 645 874.411669214
7 262 648 875.952676786
8 263 653 878.236375751
7 264 655 880.59750689
6 265 656 881.886447214
7 266 657 882.208504137
6 267 659 883.328969308
5 268 665 888.877833716
4 269 666 891.411669214
3 270 667 893.208504137
2 271 670 897.411669214
1 272 671 903.59750689
2 273 672 909.149794087
3 274 675 915.166842753
4 275 676 920.699593121
5 276 680 923.627539277
6 277 686 925.404349507
7 278 688 926.043195548
8 279 691 930.958945113
7 280 693 932.149794087
8 281 695 934.602562098
7 282 697 934.699593121
8 283 700 935.506862272
9 284 701 935.633369386
8 285 702 938.166842753
9 286 704 938.695211878
10 287 705 939.01551795
9 288 707 940.627539277
8 289 708 942.404349507
9 290 711 944.931226222
10 291 712 946.592947192
9 292 723 952.166842753
8 293 728 954.699593121
9 294 729 955.297228564
8 295 730 958.149794087
7 296 732 958.149794087
6 297 733 958.166842753
5 298 734 959.404349507
6 299 737 962.273025473
5 300 739 963.627539277
6 301 741 965.653480738
7 302 746 967.774237085
6 303 748 969.166842753
7 304 750 969.270342151
8 305 753 973.82762776
7 306 755 976.273025473
6 307 760 977.699593121
5 308 761 978.149794087
4 309 762 978.774237085
3 310 765 981.149794087
2 311 766 987.149794087
1 312 767 987.82762776
2 313 768 990.908746471
1 314 772 1007.90874647
2 315 773 1007.91516391
3 316 775 1009.40167428
4 317 777 1011.13540105
3 318 781 1017.40167428
2 319 786 1025.13540105
1 320 787 1027.91516391
2 321 788 1028.41260159
3 322 792 1038.95299263
2 323 794 1042.41260159
3 324 795 1044.01783271
4 325 798 1044.03913958
5 326 799 1047.06654068
6 327 802 1048.56838135
5 328 811 1058.06654068
4 329 812 1058.95299263
3 330 813 1061.01783271
2 331 814 1064.06654068
1 332 815 1064.95299263
2 333 816 1087.52160845
3 334 820 1098.97403866
4 335 822 1099.78944538
3 336 826 1101.52160845
2 337 827 1106.97403866
3 338 830 1114.27075673
2 339 832 1116.78944538
3 340 833 1117.94978053
4 341 835 1123.32120348
3 342 841 1128.27075673
2 343 844 1137.94978053
1 344 845 1146.32120348
2 345 846 1156.05749218
3 346 848 1156.63415986
4 347 850 1157.12196274
5 348 852 1158.4011104
6 349 854 1158.7088537
7 350 858 1163.56508566
8 351 863 1167.17142489
7 352 867 1170.05749218
6 353 868 1171.12196274
7 354 872 1175.00199416
8 355 873 1175.66985611
7 356 875 1176.63415986
6 357 878 1178.4011104
7 358 882 1180.92828941
6 359 884 1182.12196274
5 360 885 1184.05749218
4 361 886 1184.7088537
5 362 891 1190.93957191
6 363 893 1191.7775319
5 364 897 1195.4011104
4 365 900 1199.12196274
3 366 901 1199.63415986
2 367 902 1199.7775319
3 368 905 1206.74042407
4 369 907 1214.070514
5 370 909 1214.14431269
6 371 912 1214.91566338
5 372 916 1216.93957191
6 373 921 1223.23837187
5 374 923 1223.74042407
4 375 924 1225.070514
3 376 925 1226.74042407
2 377 928 1231.14431269
1 378 929 1231.23837187
2 379 930 1251.35715811
3 380 932 1252.6062772
4 381 934 1260.03649728
5 382 940 1264.61038053
4 383 944 1271.35715811
3 384 947 1272.6062772
2 385 948 1274.03649728
1 386 949 1281.61038053
2 387 951 1292.69454525
3 388 956 1305.87878604
2 389 958 1306.69454525
1 390 961 1331.87878604
2 391 962 1332.00035043
3 392 964 1335.04924704
4 393 968 1339.23000521
3 394 970 1343.00035043
4 395 975 1350.15931738
5 396 977 1350.82420562
4 397 981 1352.04924704
3 398 982 1356.23000521
4 399 984 1361.29464524
3 400 985 1361.82420562
2 401 989 1367.15931738
1 402 990 1370.15931738
2 403 991 1381.32940212
3 404 993 1381.60742591
4 405 995 1382.71711078
5 406 997 1385.59042702
6 407 999 1388.45640705
7 408 1004 1391.40957505
8 409 1006 1391.58559415
7 410 1011 1395.60742591
6 411 1014 1399.59042702
5 412 1015 1401.32940212
6 413 1017 1402.22489029
5 414 1020 1405.59042702
4 415 1022 1405.71711078
5 416 1023 1408.44617273
6 417 1025 1409.2340555
5 418 1030 1412.60742591
6 419 1033 1415.83591697
5 420 1036 1418.32940212
4 421 1040 1419.44617273
3 422 1041 1420.60742591
2 423 1042 1422.59042702
1 424 1043 1425.59042702
2 425 1044 1427.27625721
3 426 1048 1433.77025025
2 427 1052 1444.27625721
1 428 1053 1450.77025025
2 429 1054 1463.58115998
3 430 1058 1469.69457692
4 431 1060 1472.39608991
5 432 1062 1472.719544
6 433 1064 1473.5218193
5 434 1066 1474.58115998
4 435 1071 1480.39608991
5 436 1073 1481.38018691
4 437 1076 1486.69457692
3 438 1077 1488.58115998
2 439 1081 1489.719544
3 440 1083 1489.90551838
4 441 1085 1495.31419643
3 442 1092 1504.719544
4 443 1093 1505.9809054
3 444 1095 1506.31419643
2 445 1096 1509.90551838
3 446 1098 1512.60412159
2 447 1102 1519.9809054
3 448 1104 1522.8834522
4 449 1106 1523.16540851
5 450 1109 1529.53735273
4 451 1111 1529.60412159
3 452 1116 1536.8834522
4 453 1119 1539.59150687
3 454 1120 1540.60412159
4 455 1122 1540.88727478
5 456 1126 1544.8707431
4 457 1128 1547.8834522
5 458 1131 1552.76938632
4 459 1132 1556.8834522
3 460 1133 1561.8834522
4 461 1136 1567.70825561
5 462 1140 1569.16035555
4 463 1142 1575.8834522
3 464 1143 1581.8834522
4 465 1146 1585.06673329
5 466 1147 1587.23368337
6 467 1148 1590.0822617
5 468 1150 1592.8834522
6 469 1153 1603.23316061
7 470 1154 1605.25902864
6 471 1155 1609.8834522
7 472 1158 1610.19883861
8 473 1159 1613.04625042
7 474 1163 1626.8834522
8 475 1164 1632.67412369
9 476 1165 1633.66182842
8 477 1166 1635.8834522
9 478 1168 1641.52414907
10 479 1169 1651.90833449
11 480 1170 1654.43901899
12 481 1171 1654.69822799
13 482 1172 1665.83900859
14 483 1173 1668.03352793
15 484 1174 1670.3336597
16 485 1175 1679.0286935
17 486 1176 1681.5645531
18 487 1177 1699.63151193
19 488 1178 1705.53779881
20 489 1179 1709.40756144
21 490 1185 1730.17848846
20 491 1191 1746.61038053
19 492 1192 1746.61038053
18 493 1193 1749.61038053
19 494 1194 1752.2324453
18 495 1201 1760.61038053
19 496 1202 1767.50416046
20 497 1208 1778.6162098
19 498 1210 1783.61038053
18 499 1211 1783.61038053
17 500 1212 1783.61038053
18 501 1213 1784.50097957
19 502 1214 1784.83690215
18 503 1217 1792.61038053
19 504 1218 1799.52550087
18 505 1220 1800.61038053
19 506 1222 1802.83025719
18 507 1228 1817.61038053
17 508 1229 1817.61038053
18 509 1233 1826.01668128
19 510 1234 1826.78751085
18 511 1237 1831.61038053
17 512 1238 1831.61038053
18 513 1239 1832.08015281
19 514 1243 1843.67805791
18 515 1244 1845.61038053
19 516 1245 1847.68560741
18 517 1250 1851.61038053
17 518 1257 1865.61038053
18 519 1258 1870.40387288
17 520 1259 1871.61038053
16 521 1262 1877.61038053
15 522 1263 1877.61038053
14 523 1265 1885.61038053
15 524 1266 1886.05828605
16 525 1267 1888.56241116
17 526 1268 1890.77433261
16 527 1273 1896.61038053
17 528 1274 1899.07890462
16 529 1278 1910.61038053
17 530 1279 1910.96507203
16 531 1281 1913.61038053
17 532 1284 1921.68456128
18 533 1285 1925.89458992
19 534 1286 1926.30734383
20 535 1287 1927.38362368
21 536 1288 1928.59226825
22 537 1289 1929.70939339
21 538 1291 1930.61038053
22 539 1292 1930.83901742
23 540 1293 1938.2424845
24 541 1294 1940.74174756
23 542 1308 1947.61038053
22 543 1311 1952.719544
23 544 1312 1955.23946104
22 545 1313 1955.719544
23 546 1314 1956.36935514
24 547 1325 1958.21825745
25 548 1326 1958.6643425
26 549 1328 1964.30562873
25 550 1335 1965.90551838
24 551 1336 1965.90551838
23 552 1340 1967.61038053
22 553 1341 1967.61038053
21 554 1342 1967.61038053
20 555 1347 1968.90551838
19 556 1348 1970.61038053
20 557 1349 1970.70583332
21 558 1351 1971.46801887
22 559 1352 1973.01846277
23 560 1354 1973.59945852
24 561 1355 1973.7940409
25 562 1356 1974.43752915
26 563 1357 1975.15942732
25 564 1360 1975.719544
24 565 1361 1975.719544
23 566 1365 1977.90551838
22 567 1366 1978.719544
21 568 1369 1979.90551838
22 569 1381 1984.19759898
21 570 1382 1985.90551838
20 571 1385 1987.61038053
19 572 1386 1987.61038053
18 573 1390 1987.90551838
19 574 1392 1988.92478142
20 575 1393 1989.48513018
19 576 1395 1989.719544
18 577 1396 1990.61038053
17 578 1397 1990.61038053
16 579 1398 1990.90551838
15 580 1403 1992.719544
16 581 1404 1993.66718749
15 582 1407 1995.90551838
16 583 1412 1999.02092884
17 584 1413 1999.51004998
16 585 1416 2000.719544
17 586 1417 2001.42090681
16 587 1418 2001.61038053
15 588 1420 2001.90551838
14 589 1421 2001.90551838
13 590 1423 2004.61038053
14 591 1427 2005.49689979
13 592 1428 2010.61038053
12 593 1432 2014.719544
11 594 1433 2017.719544
12 595 1434 2020.10760146
11 596 1440 2021.90551838
12 597 1441 2024.0375053
13 598 1442 2025.96415378
14 599 1443 2027.49725219
13 600 1448 2028.719544
14 601 1451 2032.35730341
15 602 1452 2032.74290376
14 603 1454 2036.61038053
13 604 1462 2042.719544
12 605 1463 2045.719544
11 606 1464 2045.719544
10 607 1467 2047.61038053
9 608 1469 2047.90551838
8 609 1475 2054.719544
7 610 1477 2055.90551838
8 611 1478 2056.9705102
9 612 1479 2057.57901959
10 613 1483 2058.94317416
11 614 1484 2059.73447785
12 615 1485 2061.69846103
13 616 1488 2063.70287202
12 617 1489 2064.61038053
11 618 1492 2066.90551838
10 619 1494 2067.61038053
11 620 1499 2071.2851863
10 621 1502 2077.719544
9 622 1507 2083.719544
8 623 1508 2083.719544
7 624 1510 2087.61038053
6 625 1513 2089.90551838
7 626 1514 2090.20616596
8 627 1515 2091.94741367
7 628 1518 2092.90551838
8 629 1519 2096.33961126
7 630 1523 2101.61038053
8 631 1524 2101.7490917
9 632 1530 2109.68945396
8 633 1531 2112.90551838
7 634 1533 2115.61038053
6 635 1537 2115.719544
5 636 1538 2115.90551838
4 637 1545 2129.719544
3 638 1546 2132.61038053
2 639 1547 2135.719544
3 640 1548 2137.93879294
4 641 1550 2138.27480051
3 642 1552 2138.719544
4 643 1553 2138.91473744
5 644 1555 2138.9638224
6 645 1562 2146.59945117
5 646 1563 2149.27480051
4 647 1566 2152.91473744
3 648 1567 2154.93879294
4 649 1573 2161.95979299
3 650 1575 2163.91473744
4 651 1576 2165.54260743
5 652 1580 2166.86879155
6 653 1582 2168.2640602
5 654 1583 2169.27480051
4 655 1585 2169.95979299
5 656 1588 2175.02907331
4 657 1590 2177.86879155
5 658 1595 2184.48061765
4 659 1599 2185.54260743
5 660 1600 2188.68409312
4 661 1602 2189.02907331
5 662 1603 2190.94108683
4 663 1607 2198.27480051
5 664 1608 2199.25804579
4 665 1616 2204.48061765
3 666 1617 2207.94108683
2 667 1618 2210.25804579
3 668 1619 2210.69575383
4 669 1621 2214.38230112
3 670 1623 2217.68409312
4 671 1627 2218.31093159
3 672 1631 2221.69575383
2 673 1632 2222.38230112
3 674 1633 2222.60206838
2 675 1635 2225.38230112
3 676 1638 2241.9554899
2 677 1640 2245.60206838
3 678 1641 2247.99936437
4 679 1647 2264.87373349
3 680 1649 2264.99936437
2 681 1650 2267.9554899
3 682 1653 2274.72519259
4 683 1655 2275.14290749
3 684 1661 2281.87373349
4 685 1664 2287.64421255
3 686 1668 2292.14290749
2 687 1669 2294.72519259
3 688 1670 2304.08410919
4 689 1672 2304.37872831
3 690 1674 2304.64421255
4 691 1676 2304.65655626
3 692 1679 2309.37872831
4 693 1683 2312.31854363
5 694 1686 2312.39674967
6 695 1687 2312.66972008
5 696 1694 2318.08410919
4 697 1695 2318.08410919
3 698 1696 2320.31854363
2 699 1697 2323.31854363
1 700 1698 2329.66972008
2 701 1699 2341.69760725
3 702 1701 2343.62619582
4 703 1707 2356.54083816
3 704 1709 2357.62619582
4 705 1710 2361.61433955
5 706 1712 2363.09960081
4 707 1716 2367.69760725
5 708 1718 2371.57689999
4 709 1722 2375.61433955
5 710 1723 2379.16515213
4 711 1724 2379.54083816
3 712 1728 2381.61433955
2 713 1729 2384.69760725
3 714 1730 2388.24293377
4 715 1732 2389.86457423
5 716 1734 2390.09878317
6 717 1738 2393.13893221
7 718 1739 2398.25493395
8 719 1740 2398.51107447
9 720 1744 2401.9724717
8 721 1745 2402.54083816
9 722 1747 2402.88538285
8 723 1752 2406.86457423
7 724 1754 2409.86457423
6 725 1756 2413.54083816
7 726 1757 2417.09224525
6 727 1758 2417.24293377
7 728 1762 2421.60504135
8 729 1765 2423.14221478
7 730 1767 2426.86457423
8 731 1768 2430.07847532
9 732 1769 2432.26829846
8 733 1773 2433.54083816
9 734 1780 2442.9686524
8 735 1782 2443.24293377
7 736 1785 2446.86457423
6 737 1787 2447.54083816
7 738 1790 2452.54975732
6 739 1792 2457.24293377
5 740 1800 2460.86457423
4 741 1801 2461.719544
3 742 1804 2470.54083816
2 743 1805 2472.86457423
1 744 1806 2474.24293377
2 745 1807 2493.96118581
3 746 1809 2495.71669478
4 747 1811 2495.98012536
3 748 1819 2512.71669478
2 749 1820 2512.98012536
1 750 1821 2516.96118581
2 751 1822 2531.70845857
3 752 1824 2542.36117302
4 753 1830 2546.69328192
3 754 1832 2553.36117302
2 755 1833 2557.70845857
3 756 1836 2566.52593697
4 757 1838 2567.73092788
5 758 1840 2572.3624078
4 759 1842 2572.69328192
5 760 1847 2579.86727871
4 761 1849 2581.73092788
3 762 1850 2583.52593697
2 763 1855 2593.86727871
3 764 1856 2597.51955429
4 765 1858 2599.17587436
5 766 1860 2600.27029917
4 767 1862 2604.3624078
5 768 1869 2614.18505799
4 769 1873 2616.17587436
5 770 1874 2620.85781559
4 771 1876 2623.27029917
3 772 1877 2625.18505799
2 773 1878 2629.51955429
3 774 1879 2633.98291729
4 775 1881 2635.10171497
5 776 1885 2643.30264238
4 777 1893 2649.10171497
3 778 1894 2652.85781559
2 779 1895 2653.98291729
1 780 1896 2660.30264238
2 781 1897 2666.50266754
3 782 1899 2667.82588152
4 783 1901 2668.34112852
5 784 1903 2668.70244825
6 785 1906 2671.76745135
7 786 1907 2672.22244137
8 787 1913 2676.28414419
9 788 1916 2679.24006587
8 789 1920 2682.70244825
9 790 1921 2683.49800783
8 791 1922 2684.82588152
7 792 1924 2688.34112852
6 793 1925 2690.82588152
5 794 1928 2692.50266754
4 795 1935 2702.70244825
5 796 1936 2703.38914544
4 797 1940 2705.34112852
3 798 1941 2709.50266754
4 799 1942 2712.23203568
3 800 1947 2716.82588152
4 801 1948 2717.05619913
5 802 1950 2719.98800506
4 803 1952 2723.38914544
5 804 1953 2724.44158627
6 805 1957 2725.36779916
5 806 1961 2729.23203568
4 807 1968 2738.44158627
3 808 1969 2739.98800506
2 809 1970 2743.05619913
1 810 1971 2748.36779916
2 811 1972 2748.48622987
3 812 1976 2757.11688945
2 813 1980 2774.48622987
1 814 1981 2783.11688945
2 815 1982 2792.3581508
3 816 1984 2799.84505429
4 817 1986 2801.37837901
3 818 1992 2809.3581508
2 819 1994 2810.84505429
1 820 1998 2818.37837901
2 821 1999 2824.3191152
3 822 2001 2827.64948832
4 823 2006 2828.60867343
3 824 2010 2835.3191152
2 825 2011 2838.64948832
3 826 2012 2840.22868609
2 827 2014 2841.64948832
3 828 2015 2842.20558337
4 829 2019 2845.6233246
3 830 2023 2851.22868609
4 831 2024 2851.55302091
3 832 2026 2856.6233246
4 833 2029 2859.98998515
5 834 2031 2860.27913952
4 835 2035 2865.20558337
3 836 2038 2871.55302091
4 837 2041 2876.92673006
5 838 2044 2878.00164419
6 839 2045 2879.90471457
5 840 2050 2882.98998515
4 841 2051 2883.27913952
3 842 2052 2884.92673006
2 843 2053 2887.92673006
3 844 2054 2889.50985632
4 845 2058 2892.94752776
3 846 2062 2896.90471457
4 847 2063 2898.46646108
5 848 2065 2899.64235794
6 849 2069 2903.03265693
5 850 2071 2903.94752776
6 851 2072 2904.27742685
7 852 2075 2910.63568068
6 853 2077 2912.46646108
7 854 2082 2915.22071163
6 855 2084 2915.50985632
7 856 2086 2915.94490311
6 857 2087 2919.64235794
5 858 2092 2923.94752776
4 859 2097 2929.50985632
5 860 2098 2931.69928487
4 861 2100 2932.50985632
5 862 2101 2934.83073143
6 863 2104 2935.03556316
7 864 2105 2935.35883436
6 865 2107 2935.46646108
5 866 2111 2936.64235794
6 867 2118 2942.90348253
5 868 2119 2945.69928487
4 869 2121 2945.69928487
3 870 2122 2945.83073143
4 871 2123 2946.1529153
3 872 2125 2949.46646108
2 873 2130 2956.69928487
1 874 2131 2957.1529153
2 875 2132 2959.99838269
3 876 2136 2968.8584589
4 877 2138 2968.97273216
5 878 2140 2970.67713586
6 879 2141 2970.76650503
5 880 2143 2970.99838269
6 881 2146 2978.71622234
7 882 2149 2979.83922818
6 883 2152 2984.99838269
5 884 2156 2985.97273216
6 885 2157 2986.60877745
5 886 2158 2988.8584589
4 887 2167 2998.99838269
5 888 2168 3002.05649086
4 889 2170 3002.97273216
5 890 2172 3005.56774819
4 891 2173 3008.8584589
3 892 2174 3008.97273216
4 893 2175 3009.70918453
3 894 2180 3016.05649086
4 895 2183 3020.42772965
3 896 2185 3022.05649086
2 897 2186 3026.70918453
1 898 2189 3037.42772965
2 899 2190 3050.23334499
3 900 2192 3054.15654075
2 901 2196 3058.23334499
3 902 2197 3068.65839714
4 903 2203 3071.53175225
5 904 2205 3075.08433575
4 905 2207 3076.65839714
3 906 2208 3080.15654075
4 907 2211 3082.19657306
5 908 2213 3082.24710496
6 909 2214 3084.47444349
5 910 2217 3085.53175225
6 911 2220 3088.83308629
5 912 2224 3093.65839714
6 913 2228 3098.00914132
5 914 2230 3099.19657306
6 915 2231 3100.86154301
7 916 2232 3101.77150898
6 917 2237 3105.53175225
7 918 2238 3105.55737053
8 919 2239 3106.16332666
7 920 2241 3108.53175225
8 921 2242 3108.8898423
7 922 2243 3110.65839714
6 923 2246 3116.19657306
7 924 2251 3122.89061764
6 925 2255 3124.65839714
5 926 2256 3125.53175225
6 927 2259 3127.5340109
5 928 2263 3133.19657306
6 929 2265 3134.21283569
7 930 2272 3138.57144903
6 931 2274 3141.65839714
5 932 2275 3142.53175225
4 933 2278 3144.19657306
3 934 2279 3145.53175225
4 935 2280 3146.80130389
5 936 2282 3148.81894482
4 937 2284 3149.65839714
3 938 2285 3150.19657306
4 939 2286 3150.83249423
5 940 2290 3158.10938079
6 941 2291 3159.13778391
7 942 2294 3164.08905377
8 943 2295 3164.70216997
7 944 2297 3166.80130389
6 945 2300 3167.83249423
7 946 2303 3173.56182833
6 947 2311 3180.81894482
5 948 2315 3181.83249423
6 949 2316 3182.52475261
7 950 2318 3184.4195828
8 951 2319 3185.85200032
9 952 2320 3186.52495093
10 953 2321 3187.18127561
9 954 2324 3189.80130389
8 955 2325 3189.80130389
9 956 2326 3189.82143352
8 957 2330 3194.81894482
7 958 2332 3194.81894482
6 959 2335 3197.80130389
7 960 2336 3198.76531096
6 961 2338 3200.80130389
5 962 2341 3205.81894482
6 963 2343 3206.60260497
5 964 2345 3208.52475261
6 965 2346 3209.33027544
7 966 2351 3220.26683193
6 967 2355 3222.81894482
5 968 2357 3223.80130389
4 969 2359 3225.52475261
5 970 2360 3227.27490838
4 971 2366 3237.80130389
3 972 2369 3239.81894482
4 973 2371 3243.76224992
3 974 2373 3245.52475261
4 975 2374 3245.59294914
5 976 2376 3248.65048585
6 977 2377 3250.19087945
7 978 2380 3250.6416972
8 979 2383 3258.12166629
9 980 2388 3262.9211976
8 981 2390 3264.3581508
9 982 2391 3264.61529217
8 983 2393 3266.80130389
7 984 2395 3268.52475261
6 985 2402 3283.80130389
7 986 2404 3284.14599053
8 987 2405 3284.28013193
7 988 2407 3284.3581508
8 989 2408 3285.35778035
9 990 2409 3285.97757624
10 991 2410 3286.09017697
11 992 2412 3286.7923318
12 993 2416 3288.34977033
11 994 2418 3288.52475261
10 995 2421 3297.80130389
9 996 2425 3300.80130389
8 997 2428 3302.52475261
7 998 2431 3304.3581508
6 999 2435 3311.80130389
5 1000 2436 3315.3581508
4 1001 2442 3322.52475261
3 1002 2444 3322.80130389
4 1003 2447 3327.50390821
5 1004 2450 3329.90737666
6 1005 2451 3331.51383918
7 1006 2452 3332.30466041
6 1007 2455 3332.3581508
7 1008 2456 3333.62304401
8 1009 2459 3334.5172728
7 1010 2467 3341.50390821
6 1011 2468 3342.52475261
5 1012 2472 3345.52475261
4 1013 2473 3346.3581508
3 1014 2474 3346.3581508
4 1015 2477 3352.12398635
3 1016 2479 3353.52475261
2 1017 2482 3361.50390821
1 1018 2483 3363.12398635
2 1019 2485 3383.99340124
3 1020 2489 3389.36876301
4 1021 2491 3393.05567068
3 1022 2493 3397.99340124
2 1023 2496 3403.36876301
3 1024 2499 3415.5330274
2 1025 2501 3416.05567068
3 1026 2503 3416.84705604
4 1027 2505 3417.92754752
5 1028 2509 3419.09022028
6 1029 2513 3424.24387281
5 1030 2517 3430.84705604
4 1031 2518 3430.84705604
3 1032 2523 3437.92754752
2 1033 2524 3438.5330274
3 1034 2525 3441.68389039
4 1035 2527 3445.19632331
5 1036 2529 3446.75026209
6 1037 2530 3447.00331923
5 1038 2532 3447.84705604
4 1039 2540 3459.19632331
3 1040 2541 3464.68389039
2 1041 2542 3464.84705604
3 1042 2543 3468.11839452
2 1043 2549 3479.11839452
1 1044 2550 3479.19632331
2 1045 2551 3481.61146262
3 1046 2555 3492.29867274
4 1047 2557 3492.84125004
3 1048 2559 3495.61146262
4 1049 2562 3496.34000125
3 1050 2568 3509.29867274
4 1051 2569 3509.92245576
5 1052 2571 3514.91735042
4 1053 2572 3515.84125004
5 1054 2575 3516.26506278
4 1055 2576 3516.34000125
5 1056 2580 3519.94596119
6 1057 2582 3522.02302907
7 1058 2583 3522.59561855
6 1059 2584 3523.84125004
5 1060 2587 3526.84125004
6 1061 2591 3530.24755892
5 1062 2592 3532.92245576
4 1063 2599 3536.94596119
3 1064 2600 3540.92245576
2 1065 2601 3543.84125004
3 1066 2604 3554.69668262
2 1067 2606 3556.94596119
3 1068 2609 3564.95814913
4 1069 2611 3568.00941488
3 1070 2613 3568.69668262
4 1071 2614 3569.79406315
5 1072 2617 3570.99271009
6 1073 2621 3572.47401007
5 1074 2622 3576.00941488
4 1075 2628 3580.79406315
5 1076 2629 3581.87934071
6 1077 2630 3582.47107253
5 1078 2634 3585.00941488
6 1079 2635 3590.61348151
5 1080 2637 3590.95814913
4 1081 2638 3591.79406315
5 1082 2642 3597.01632053
4 1083 2648 3598.95814913
5 1084 2649 3604.0387777
4 1085 2653 3608.79406315
5 1086 2655 3609.78072976
4 1087 2656 3611.00941488
5 1088 2657 3615.95390149
4 1089 2659 3615.95814913
5 1090 2660 3617.90886288
6 1091 2666 3620.96220876
5 1092 2667 3622.79406315
6 1093 2670 3626.2017094
7 1094 2671 3626.75401879
6 1095 2673 3628.79406315
5 1096 2674 3632.95390149
4 1097 2681 3637.90886288
3 1098 2683 3639.79406315
4 1099 2684 3642.48045861
3 1100 2688 3643.90886288
4 1101 2691 3650.20118425
3 1102 2694 3652.95390149
2 1103 2697 3657.95390149
1 1104 2698 3659.48045861
2 1105 2699 3659.81383273
3 1106 2703 3674.54113054
4 1107 2706 3676.01435098
5 1108 2710 3680.61981967
4 1109 2711 3685.54113054
3 1110 2712 3688.54113054
2 1111 2714 3688.81383273
3 1112 2715 3697.89480387
4 1113 2717 3700.99803982
5 1114 2720 3706.99385632
4 1115 2725 3714.54113054
5 1116 2727 3718.92400289
6 1117 2730 3722.95684425
5 1118 2734 3726.89480387
6 1119 2735 3733.24228608
5 1120 2737 3733.81894482
4 1121 2739 3734.54113054
5 1122 2740 3736.07921301
6 1123 2747 3745.04917265
5 1124 2749 3748.54113054
4 1125 2752 3752.89480387
3 1126 2754 3756.81894482
4 1127 2755 3759.00458969
3 1128 2757 3759.54113054
4 1129 2760 3762.14492787
3 1130 2762 3769.89480387
2 1131 2767 3782.00458969
1 1132 2768 3782.14492787
2 1133 2769 3803.45897318
3 1134 2773 3812.02246451
4 1135 2775 3814.36129855
5 1136 2777 3817.81283235
6 1137 2778 3820.77042351
7 1138 2781 3821.97039044
6 1139 2785 3823.45897318
5 1140 2789 3828.45897318
4 1141 2790 3834.36129855
3 1142 2792 3838.02246451
2 1143 2797 3842.45897318
3 1144 2798 3844.79953436
2 1145 2800 3845.36129855
3 1146 2801 3846.24941432
4 1147 2803 3849.92703476
5 1148 2808 3854.82151654
4 1149 2814 3861.79953436
3 1150 2815 3863.92703476
4 1151 2817 3864.48257701
3 1152 2821 3872.24941432
4 1153 2822 3872.77394679
5 1154 2824 3874.54425022
4 1155 2826 3874.82151654
5 1156 2827 3880.11678166
4 1157 2829 3880.82151654
3 1158 2834 3885.54425022
2 1159 2837 3888.11678166
1 1160 2838 3889.77394679
2 1161 2839 3897.23155627
3 1162 2841 3901.88109358
4 1163 2843 3904.60856094
5 1164 2847 3908.80454668
6 1165 2849 3910.71266602
7 1166 2854 3913.02272914
6 1167 2856 3914.23155627
7 1168 2857 3916.30736041
8 1169 2858 3916.97450846
7 1170 2860 3918.88109358
6 1171 2865 3925.23155627
5 1172 2868 3928.80454668
4 1173 2869 3930.60856094
5 1174 2872 3934.13646673
4 1175 2874 3935.88109358
5 1176 2878 3941.542139
6 1177 2882 3942.57786876
7 1178 2884 3944.7556072
6 1179 2885 3945.80454668
5 1180 2889 3948.80454668
4 1181 2890 3954.13646673
3 1182 2891 3954.23155627
4 1183 2896 3961.26608152
5 1184 2898 3962.63078168
4 1185 2900 3962.80454668
5 1186 2901 3964.36312831
6 1187 2903 3966.3003659
7 1188 2905 3967.10663577
6 1189 2906 3968.57786876
7 1190 2912 3972.87882239
6 1191 2917 3978.36312831
7 1192 2920 3981.40333118
6 1193 2921 3982.63078168
5 1194 2923 3984.26608152
4 1195 2924 3984.26608152
3 1196 2927 3985.57786876
2 1197 2928 3989.36312831
1 1198 2931 3999.63078168
2 1199 2932 4006.32309982
3 1200 2934 4010.2365653
4 1201 2938 4012.48145156
5 1202 2940 4012.52097843
4 1203 2944 4017.32309982
5 1204 2949 4025.76833368
6 1205 2951 4025.79363785
7 1206 2952 4028.74186379
8 1207 2953 4029.04956979
7 1208 2954 4029.52097843
6 1209 2960 4030.2365653
5 1210 2961 4032.48145156
6 1211 2963 4032.77132543
5 1212 2967 4033.76833368
6 1213 2968 4034.74087856
5 1214 2970 4037.52097843
4 1215 2974 4040.52097843
5 1216 2976 4042.30143457
6 1217 2977 4044.79112799
5 1218 2979 4047.2365653
6 1219 2980 4047.59497166
7 1220 2985 4049.62750253
6 1221 2989 4053.2365653
5 1222 2990 4054.74087856
4 1223 2993 4058.59497166
3 1224 2996 4060.74087856
4 1225 2997 4063.19705136
3 1226 2999 4064.79112799
4 1227 3000 4065.19416629
5 1228 3003 4065.901463
4 1229 3006 4069.62750253
3 1230 3007 4073.19416629
4 1231 3011 4077.3196217
5 1232 3013 4082.16808968
4 1233 3015 4083.19705136
3 1234 3016 4083.19705136
2 1235 3019 4094.3196217
1 1236 3024 4099.16808968
2 1237 3025 4107.23609786
3 1238 3027 4110.23359829
4 1239 3030 4113.1880749
5 1240 3031 4114.1848531
6 1241 3036 4116.75427978
7 1242 3041 4120.86925078
6 1243 3042 4121.23359829
5 1244 3043 4124.23359829
4 1245 3046 4127.23609786
3 1246 3050 4134.1848531
2 1247 3051 4136.75427978
1 1248 3052 4139.75427978
2 1249 3053 4140.54381996
3 1250 3055 4143.67144883
4 1251 3057 4143.85646888
3 1252 3063 4151.85646888
4 1253 3064 4153.83186402
3 1254 3066 4154.67144883
2 1255 3069 4166.54381996
3 1256 3072 4167.00186291
2 1257 3074 4170.83186402
3 1258 3077 4193.63074225
4 1259 3079 4195.1734735
3 1260 3081 4202.00186291
4 1261 3084 4203.79477149
5 1262 3088 4208.62922889
4 1263 3090 4213.63074225
3 1264 3095 4220.79477149
2 1265 3096 4221.1734735
3 1266 3097 4225.03467542
2 1267 3099 4225.62922889
3 1268 3100 4231.07728838
4 1269 3104 4237.83683697
3 1270 3110 4242.07728838
4 1271 3111 4247.39493312
3 1272 3113 4248.03467542
4 1273 3114 4248.57943378
5 1274 3118 4253.14417651
6 1275 3122 4256.4745056
7 1276 3124 4256.93338655
6 1277 3125 4257.83683697
5 1278 3127 4258.39493312
6 1279 3129 4262.61249994
5 1280 3130 4265.57943378
6 1281 3132 4265.85676461
5 1282 3140 4274.83683697
4 1283 3141 4276.14417651
3 1284 3142 4276.14417651
4 1285 3143 4280.53605571
3 1286 3151 4288.83683697
4 1287 3152 4290.69793241
3 1288 3156 4294.53605571
2 1289 3159 4300.57943378
1 1290 3160 4310.69793241
2 1291 3161 4310.97591212
3 1292 3163 4312.17773713
2 1293 3167 4321.97591212
3 1294 3170 4325.49858315
4 1295 3172 4328.79481905
3 1296 3174 4332.17773713
2 1297 3179 4339.49858315
1 1298 3180 4342.79481905
2 1299 3181 4344.83579213
3 1300 3183 4348.21620809
4 1301 3185 4349.81083152
5 1302 3191 4358.42902005
4 1303 3193 4358.83579213
5 1304 3194 4361.41286108
6 1305 3200 4365.16695797
5 1306 3204 4366.42902005
4 1307 3205 4368.21620809
5 1308 3206 4373.08754182
4 1309 3208 4375.41286108
3 1310 3209 4375.81083152
4 1311 3214 4383.71865284
3 1312 3216 4386.42902005
4 1313 3217 4387.21579867
5 1314 3219 4391.58539012
6 1315 3221 4392.02963775
5 1316 3222 4393.08754182
6 1317 3227 4394.01333176
7 1318 3230 4394.61856717
8 1319 3236 4402.30796448
7 1320 3238 4404.21579867
6 1321 3239 4405.58539012
5 1322 3241 4406.71865284
4 1323 3244 4411.58539012
3 1324 3245 4413.08754182
2 1325 3246 4415.21579867
3 1326 3247 4416.42424217
4 1327 3249 4416.70851733
5 1328 3253 4418.11881532
6 1329 3255 4419.7399928
7 1330 3256 4420.61645196
6 1331 3261 4423.71865284
5 1332 3265 4432.11881532
6 1333 3269 4434.29268732
7 1334 3270 4436.60624207
6 1335 3272 4436.70851733
5 1336 3274 4439.42424217
4 1337 3275 4440.71865284
5 1338 3278 4442.58632511
4 1339 3280 4446.11881532
5 1340 3286 4450.30795329
4 1341 3289 4453.42424217
5 1342 3291 4454.65032033
6 1343 3292 4458.27064302
7 1344 3293 4459.31954995
6 1345 3295 4459.70851733
7 1346 3299 4464.97749326
6 1347 3301 4465.58632511
5 1348 3304 4470.42424217
6 1349 3306 4471.04921645
7 1350 3307 4472.58024617
8 1351 3310 4475.86185672
7 1352 3313 4476.70851733
6 1353 3317 4479.58632511
7 1354 3318 4479.90032999
8 1355 3319 4484.81674202
9 1356 3320 4486.45851182
8 1357 3327 4490.42424217
9 1358 3328 4492.84561101
8 1359 3330 4496.70851733
9 1360 3331 4496.82279969
8 1361 3335 4499.58632511
7 1362 3336 4502.70851733
6 1363 3338 4504.42424217
5 1364 3343 4510.70851733
4 1365 3347 4516.58632511
3 1366 3353 4521.42424217
2 1367 3354 4524.70851733
1 1368 3355 4530.58632511
2 1369 3356 4533.59100251
3 1370 3358 4537.84383835
4 1371 3360 4539.0257905
5 1372 3362 4540.00528711
4 1373 3369 4551.84383835
3 1374 3371 4553.0257905
4 1375 3372 4556.28390934
3 1376 3374 4559.59100251
4 1377 3379 4568.55187033
3 1378 3381 4568.84383835
2 1379 3382 4576.28390934
3 1380 3383 4577.29478807
4 1381 3385 4577.34262935
3 1382 3391 4582.55187033
4 1383 3392 4583.19903544
5 1384 3395 4586.90350466
6 1385 3399 4589.69872259
7 1386 3400 4589.79264262
6 1387 3402 4591.29478807
5 1388 3405 4594.34262935
4 1389 3407 4597.34262935
3 1390 3408 4603.19903544
2 1391 3413 4608.34262935
3 1392 3414 4610.6429651
2 1393 3418 4620.29478807
1 1394 3419 4621.6429651
2 1395 3420 4624.89388955
1 1396 3424 4632.89388955
2 1397 3425 4633.14209329
3 1398 3427 4641.61659244
4 1399 3431 4649.58335815
5 1400 3434 4651.02299963
4 1401 3437 4653.14209329
3 1402 3438 4658.61659244
4 1403 3439 4659.57439623
3 1404 3444 4663.58335815
2 1405 3445 4666.58335815
3 1406 3448 4671.67453383
4 1407 3450 4675.26707065
5 1408 3454 4679.35219266
6 1409 3455 4682.15536513
5 1410 3458 4682.57439623
6 1411 3460 4683.27314123
5 1412 3463 4685.67453383
4 1413 3464 4686.26707065
5 1414 3465 4688.43562953
6 1415 3467 4689.84639571
7 1416 3468 4691.06587555
6 1417 3479 4699.67453383
5 1418 3482 4702.57439623
4 1419 3484 4702.67453383
5 1420 3485 4702.90705091
4 1421 3486 4708.43562953
3 1422 3490 4710.67453383
4 1423 3491 4712.67506247
5 1424 3495 4719.6559764
4 1425 3498 4722.57439623
3 1426 3500 4723.67506247
2 1427 3501 4725.43562953
3 1428 3504 4737.11749382
2 1429 3506 4739.57439623
3 1430 3508 4740.48893232
4 1431 3513 4746.72005685
3 1432 3517 4748.48893232
2 1433 3518 4754.11749382
3 1434 3523 4759.84715833
2 1435 3524 4768.48893232
3 1436 3526 4773.06935579
4 1437 3527 4774.99430098
3 1438 3530 4788.48893232
2 1439 3535 4799.48893232
1 1440 3538 4813.48893232
2 1441 3539 4822.77263722
3 1442 3541 4828.22823735
4 1443 3542 4829.07099917
5 1444 3543 4833.96534635
4 1445 3546 4839.77263722
5 1446 3548 4840.11961456
6 1447 3549 4843.05405644
7 1448 3552 4852.43950674
6 1449 3554 4856.77263722
7 1450 3557 4863.74360519
8 1451 3558 4863.87261591
7 1452 3560 4864.77263722
8 1453 3561 4868.9101278
9 1454 3564 4878.1259896
8 1455 3566 4884.77263722
9 1456 3567 4885.28733819
10 1457 3570 4889.52230746
11 1458 3571 4892.65259901
12 1459 3572 4894.26895437
11 1460 3578 4898.77263722
12 1461 3579 4900.79715936
13 1462 3580 4904.96190771
14 1463 3582 4906.98329431
15 1464 3585 4908.56648902
16 1465 3588 4909.32832802
17 1466 3593 4913.10306676
18 1467 3594 4914.7332521
17 1468 3595 4916.68253205
16 1469 3598 4918.77263722
15 1470 3601 4919.68253205
14 1471 3602 4919.68253205
15 1472 3606 4927.47143734
16 1473 3607 4929.57446694
15 1474 3613 4929.77263722
14 1475 3614 4935.77263722
15 1476 3616 4938.99337059
14 1477 3617 4939.68253205
15 1478 3622 4942.88435427
14 1479 3623 4943.77263722
13 1480 3626 4945.68253205
12 1481 3627 4949.77263722
11 1482 3628 4949.77263722
12 1483 3632 4953.18862391
11 1484 3636 4957.77263722
12 1485 3637 4957.90533191
13 1486 3638 4958.56974218
12 1487 3643 4962.68253205
11 1488 3648 4965.68253205
12 1489 3651 4966.74226901
11 1490 3653 4970.68253205
10 1491 3656 4971.77263722
9 1492 3657 4971.77263722
8 1493 3658 4974.77263722
7 1494 3663 4984.68253205
6 1495 3668 4985.77263722
5 1496 3669 4988.77263722
6 1497 3670 4991.58006663
7 1498 3671 4995.29368642
6 1499 3678 4999.77263722
7 1500 3679 5000.4548186
6 1501 3681 5001.68253205
5 1502 3682 5001.68253205
6 1503 3684 5006.85758363
7 1504 3690 5012.63848541
6 1505 3691 5016.77263722
5 1506 3694 5018.68253205
4 1507 3695 5025.77263722
5 1508 3702 5032.83731812
6 1509 3703 5037.23782144
5 1510 3704 5038.68253205
4 1511 3705 5039.77263722
5 1512 3707 5040.26856059
4 1513 3711 5044.68253205
5 1514 3712 5045.31020612
6 1515 3715 5052.05803644
7 1516 3716 5052.277521
6 1517 3718 5053.77263722
5 1518 3720 5058.68253205
6 1519 3721 5059.46915815
7 1520 3722 5064.12510452
8 1521 3726 5067.14258475
9 1522 3727 5070.02924125
10 1523 3729 5070.88629255
11 1524 3730 5071.54143056
10 1525 3736 5073.77263722
9 1526 3738 5075.68253205
8 1527 3739 5075.68253205
9 1528 3743 5078.13900262
8 1529 3747 5081.68253205
7 1530 3749 5086.68253205
6 1531 3750 5086.68253205
5 1532 3752 5087.77263722
6 1533 3753 5088.94244958
7 1534 3754 5097.6063725
6 1535 3763 5104.77263722
5 1536 3768 5112.68253205
6 1537 3772 5117.55606718
5 1538 3774 5119.18272108
6 1539 3775 5119.43707524
7 1540 3776 5119.66772626
6 1541 3778 5121.77263722
5 1542 3782 5123.68253205
6 1543 3785 5128.79677625
7 1544 3788 5130.86647058
6 1545 3790 5132.77263722
5 1546 3791 5134.68253205
6 1547 3793 5135.62263647
5 1548 3794 5139.18272108
4 1549 3803 5146.77263722
5 1550 3804 5151.55106259
4 1551 3805 5151.68253205
3 1552 3807 5153.18272108
4 1553 3808 5155.16696232
3 1554 3814 5162.68253205
4 1555 3817 5162.78865661
5 1556 3819 5170.94999782
4 1557 3823 5175.77263722
3 1558 3824 5176.78865661
4 1559 3825 5178.64283457
3 1560 3827 5181.16696232
4 1561 3828 5185.05459486
5 1562 3834 5186.98066095
6 1563 3835 5188.28005704
5 1564 3840 5192.64283457
4 1565 3844 5198.77263722
3 1566 3849 5202.05459486
2 1567 3850 5203.64283457
3 1568 3852 5207.96601388
2 1569 3858 5215.96601388
1 1570 3859 5219.05459486
2 1571 3860 5222.58448156
3 1572 3864 5229.48766161
2 1573 3866 5233.58448156
3 1574 3869 5238.41219609
2 1575 3873 5249.48766161
3 1576 3874 5253.90424319
2 1577 3876 5255.41219609
3 1578 3879 5258.01574687
4 1579 3881 5259.84963183
5 1580 3883 5263.80338658
4 1581 3885 5264.90424319
5 1582 3886 5268.06693094
6 1583 3889 5271.37015992
5 1584 3891 5272.90424319
6 1585 3895 5278.00946236
5 1586 3896 5281.01574687
4 1587 3900 5284.01574687
5 1588 3901 5288.22476907
6 1589 3902 5290.11105441
7 1590 3903 5290.29828198
8 1591 3906 5291.46858286
9 1592 3907 5297.85021856
8 1593 3910 5298.90424319
9 1594 3911 5299.03916827
8 1595 3913 5301.01574687
9 1596 3914 5311.44034955
8 1597 3921 5318.01574687
9 1598 3922 5320.77984649
8 1599 3925 5321.90424319
9 1600 3926 5323.30629266
8 1601 3927 5324.90424319
9 1602 3933 5332.5479266
8 1603 3934 5335.01574687
7 1604 3938 5335.90424319
6 1605 3939 5338.90424319
5 1606 3946 5352.90424319
6 1607 3947 5354.63608913
5 1608 3949 5355.01574687
6 1609 3950 5355.20108133
7 1610 3951 5356.48307265
6 1611 3952 5358.01574687
5 1612 3957 5366.90424319
4 1613 3960 5375.01574687
5 1614 3961 5375.02921743
4 1615 3967 5383.01574687
3 1616 3969 5383.90424319
4 1617 3971 5386.40977276
5 1618 3972 5388.86505499
6 1619 3976 5396.07762708
5 1620 3977 5397.01574687
6 1621 3983 5399.78931658
5 1622 3986 5400.01574687
4 1623 3991 5406.90424319
5 1624 3992 5409.21201436
4 1625 3997 5414.01574687
3 1626 3998 5414.22380817
2 1627 3999 5414.22380817
3 1628 4000 5419.15498673
4 1629 4004 5423.33905348
5 1630 4008 5425.26781899
6 1631 4010 5426.65759282
5 1632 4016 5430.15498673
6 1633 4017 5430.52513367
5 1634 4019 5436.26781899
4 1635 4020 5438.21201436
5 1636 4023 5442.25552835
4 1637 4027 5443.33905348
3 1638 4028 5450.15498673
4 1639 4029 5451.07779578
3 1640 4031 5453.26781899
4 1641 4034 5458.50792475
5 1642 4038 5462.15000036
4 1643 4040 5462.25552835
3 1644 4041 5468.07779578
2 1645 4044 5475.50792475
3 1646 4045 5476.4324577
4 1647 4047 5477.2446767
3 1648 4051 5482.15000036
4 1649 4056 5488.12957234
5 1650 4058 5489.7838916
6 1651 4060 5491.53814956
5 1652 4062 5493.4324577
6 1653 4065 5498.08341025
5 1654 4069 5500.2446767
6 1655 4074 5504.06781972
5 1656 4075 5504.4324577
6 1657 4077 5504.98675148
5 1658 4078 5505.2446767
6 1659 4080 5505.35202642
5 1660 4084 5509.7838916
4 1661 4085 5513.2446767
3 1662 4088 5514.12957234
4 1663 4091 5515.05859824
5 1664 4094 5521.44901994
4 1665 4095 5523.7838916
3 1666 4096 5527.4324577
4 1667 4099 5528.66848504
5 1668 4101 5531.20226587
6 1669 4105 5534.19793786
7 1670 4108 5537.89359324
6 1671 4110 5538.05859824
5 1672 4111 5538.44901994
4 1673 4115 5542.20226587
5 1674 4116 5544.26519823
6 1675 4122 5548.24937139
5 1676 4124 5549.05859824
4 1677 4125 5551.66848504
3 1678 4126 5552.44901994
4 1679 4129 5555.63651853
3 1680 4131 5558.26519823
2 1681 4136 5563.05859824
3 1682 4137 5564.5448747
4 1683 4139 5565.84426695
3 1684 4143 5575.5448747
2 1685 4144 5575.63651853
3 1686 4147 5584.59385851
4 1687 4149 5587.75698009
3 1688 4153 5588.84426695
4 1689 4154 5595.90690683
5 1690 4158 5597.45386428
6 1691 4162 5598.48165981
5 1692 4164 5598.59385851
6 1693 4165 5600.10403907
5 1694 4167 5601.75698009
6 1695 4170 5604.60448842
5 1696 4172 5606.90690683
6 1697 4173 5608.00525297
5 1698 4176 5611.45386428
4 1699 4180 5612.75698009
3 1700 4183 5617.90690683
2 1701 4186 5621.59385851
1 1702 4187 5634.45386428
2 1703 4188 5636.11095682
3 1704 4192 5643.66051121
4 1705 4194 5646.80057981
3 1706 4196 5647.11095682
4 1707 4202 5652.52865815
3 1708 4204 5654.80057981
2 1709 4205 5657.66051121
3 1710 4209 5663.85415717
2 1711 4211 5672.52865815
3 1712 4214 5682.3628151
2 1713 4216 5689.85415717
1 1714 4219 5696.3628151
2 1715 4220 5697.57311301
1 1716 4225 5717.57311301
2 1717 4226 5720.74479631
1 1718 4230 5737.74479631
2 1719 4231 5740.2976648
3 1720 4233 5740.49655498
4 1721 4237 5746.38940879
5 1722 4239 5750.63385556
4 1723 4241 5754.49655498
3 1724 4246 5766.2976648
2 1725 4249 5772.38940879
1 1726 4250 5779.63385556
2 1727 4251 5830.53147118
3 1728 4255 5845.24109681
4 1729 4257 5847.34577785
3 1730 4259 5847.53147118
4 1731 4264 5857.52425466
5 1732 4266 5858.06708163
4 1733 4268 5862.24109681
3 1734 4269 5864.34577785
2 1735 4274 5874.52425466
1 1736 4275 5881.06708163
2 1737 4276 5885.92068313
1 1738 4280 5902.92068313
2 1739 4281 5907.91099621
3 1740 4285 5925.87006061
4 1741 4287 5927.24885935
5 1742 4289 5927.56799935
4 1743 4291 5933.91099621
5 1744 4298 5938.27243519
4 1745 4300 5942.87006061
3 1746 4301 5944.24885935
2 1747 4302 5944.56799935
3 1748 4305 5950.28207375
2 1749 4309 5958.27243519
3 1750 4310 5963.4721103
4 1751 4312 5963.54518622
5 1752 4314 5966.08438532
4 1753 4320 5970.28207375
5 1754 4321 5973.48459448
4 1755 4323 5974.08438532
3 1756 4328 5977.54518622
4 1757 4329 5979.68854879
3 1758 4331 5981.48459448
2 1759 4334 5989.4721103
1 1760 4335 5990.68854879
2 1761 4336 5996.0844172
3 1762 4338 6000.95188867
4 1763 4340 6001.38511842
5 1764 4342 6004.47754514
6 1765 4350 6009.31840769
5 1766 4352 6009.38511842
4 1767 4353 6011.95188867
3 1768 4354 6013.0844172
4 1769 4360 6017.81111911
5 1770 4361 6023.53125068
6 1771 4363 6026.23620547
5 1772 4365 6026.38511842
4 1773 4370 6031.53125068
3 1774 4373 6033.47754514
2 1775 4374 6034.81111911
1 1776 4375 6037.38511842
2 1777 4376 6037.5230909
3 1778 4378 6037.65110473
4 1779 4380 6038.17579172
3 1780 4386 6045.65110473
2 1781 4389 6055.17579172
3 1782 4390 6060.54531613
4 1783 4392 6067.71735191
3 1784 4394 6069.5230909
4 1785 4399 6075.09212176
3 1786 4401 6077.54531613
4 1787 4402 6078.70893798
3 1788 4404 6078.71735191
4 1789 4405 6078.84073918
5 1790 4407 6082.1913442
4 1791 4417 6095.70893798
3 1792 4418 6098.09212176
2 1793 4420 6098.84073918
1 1794 4421 6102.1913442
2 1795 4422 6103.70543084
3 1796 4424 6107.63146786
4 1797 4430 6120.47005825
3 1798 4432 6120.70543084
4 1799 4435 6126.85290045
5 1800 4437 6129.53678817
4 1801 4439 6131.47005825
3 1802 4442 6133.63146786
4 1803 4443 6133.74389836
5 1804 4447 6134.85982631
6 1805 4453 6141.21980441
7 1806 4455 6142.4668361
6 1807 4456 6143.53678817
5 1808 4458 6143.85290045
6 1809 4459 6145.08812442
5 1810 4461 6147.74389836
4 1811 4464 6151.85982631
5 1812 4469 6155.03221931
4 1813 4471 6155.21980441
5 1814 4472 6155.75923465
6 1815 4474 6157.78907885
5 1816 4476 6159.08812442
4 1817 4483 6169.53678817
3 1818 4484 6171.78907885
4 1819 4485 6172.64141613
3 1820 4487 6172.75923465
2 1821 4490 6175.03221931
3 1822 4491 6180.60206498
2 1823 4493 6180.64141613
3 1824 4494 6185.50366289
4 1825 4496 6188.46233722
3 1826 4502 6194.60206498
2 1827 4503 6196.50366289
3 1828 4506 6204.69071853
2 1829 4508 6211.46233722
3 1830 4509 6212.73143742
4 1831 4513 6215.84842369
5 1832 4518 6218.00226887
4 1833 4519 6221.69071853
5 1834 4520 6223.11048788
4 1835 4525 6226.73143742
3 1836 4528 6235.84842369
2 1837 4529 6237.11048788
1 1838 4530 6238.84842369
2 1839 4532 6241.38250769
3 1840 4535 6250.66475437
4 1841 4539 6255.75616796
5 1842 4541 6257.61589537
6 1843 4547 6264.72930385
7 1844 4548 6264.89014848
6 1845 4550 6267.38250769
5 1846 4552 6267.66475437
6 1847 4555 6272.42854456
5 1848 4557 6272.75616796
6 1849 4562 6274.77716956
5 1850 4564 6280.61589537
6 1851 4565 6283.15253412
5 1852 4567 6284.38250769
4 1853 4570 6284.66475437
3 1854 4575 6298.75616796
2 1855 4576 6300.61589537
1 1856 4577 6301.38250769
2 1857 4578 6308.10891771
3 1858 4580 6315.40798649
2 1859 4586 6328.10891771
3 1860 4587 6330.37062436
2 1861 4589 6332.40798649
3 1862 4592 6336.45587067
2 1863 4594 6338.37062436
1 1864 4597 6347.45587067
2 1865 4598 6351.67455689
3 1866 4600 6352.69015428
2 1867 4606 6371.67455689
3 1868 4607 6371.9662097
2 1869 4609 6375.69015428
3 1870 4610 6380.74795149
4 1871 4612 6383.55872102
5 1872 4618 6391.3698681
4 1873 4622 6397.74795149
3 1874 4623 6403.55872102
2 1875 4624 6406.9662097
3 1876 4627 6409.43721487
4 1877 4629 6416.4993674
5 1878 4635 6419.73575504
4 1879 4637 6420.3698681
3 1880 4638 6426.43721487
2 1881 4639 6427.4993674
3 1882 4640 6427.9282491
2 1883 4646 6435.9282491
3 1884 4647 6437.06179326
4 1885 4649 6438.1580525
3 1886 4651 6439.73575504
4 1887 4656 6448.37483947
5 1888 4658 6448.74414205
6 1889 4660 6451.42286815
5 1890 4661 6455.1580525
4 1891 4665 6460.06179326
5 1892 4666 6461.83806422
4 1893 4672 6468.74414205
3 1894 4673 6471.37483947
2 1895 4674 6472.1580525
3 1896 4675 6472.27185898
4 1897 4681 6478.99722554
5 1898 4683 6482.5888997
6 1899 4685 6484.00534861
5 1900 4687 6484.83806422
4 1901 4688 6486.27185898
5 1902 4693 6492.30014607
4 1903 4697 6492.83806422
3 1904 4700 6498.99722554
4 1905 4701 6500.97359593
3 1906 4703 6505.5888997
4 1907 4705 6505.65044352
3 1908 4706 6506.30014607
4 1909 4710 6510.17392471
3 1910 4712 6511.97359593
2 1911 4713 6517.97359593
3 1912 4716 6523.40178026
4 1913 4718 6525.07856558
5 1914 4720 6526.4297045
4 1915 4722 6527.17392471
5 1916 4725 6530.43828432
6 1917 4727 6533.72027416
7 1918 4728 6533.96373884
6 1919 4732 6537.4297045
7 1920 4737 6543.80340956
6 1921 4741 6544.43828432
5 1922 4743 6545.07856558
6 1923 4746 6545.80071928
5 1924 4747 6546.40178026
4 1925 4751 6549.43828432
5 1926 4752 6549.96473935
6 1927 4756 6552.15813872
7 1928 4759 6554.22691833
6 1929 4761 6556.07856558
5 1930 4763 6557.40178026
4 1931 4764 6560.4297045
3 1932 4765 6563.96473935
4 1933 4768 6565.84363226
3 1934 4772 6571.40178026
2 1935 4775 6573.84363226
3 1936 4776 6576.44464599
2 1937 4778 6579.07856558
3 1938 4781 6593.82452169
4 1939 4783 6595.20129472
3 1940 4785 6596.44464599
2 1941 4790 6607.82452169
3 1942 4791 6611.29779811
4 1943 4793 6611.67227805
3 1944 4795 6612.20129472
4 1945 4799 6618.08051987
3 1946 4803 6622.67227805
2 1947 4804 6625.29779811
1 1948 4805 6628.67227805
2 1949 4806 6631.21871896
3 1950 4810 6641.42206588
2 1951 4812 6648.21871896
3 1952 4815 6649.68149349
2 1953 4819 6658.42206588
1 1954 4821 6660.68149349
2 1955 4823 6667.6475848
3 1956 4826 6670.99658154
4 1957 4830 6675.81209522
5 1958 4834 6686.15123605
6 1959 4836 6688.06047017
5 1960 4840 6690.6475848
4 1961 4841 6690.99658154
5 1962 4842 6691.42562003
6 1963 4844 6691.86504705
5 1964 4852 6704.81209522
6 1965 4853 6710.2233013
5 1966 4855 6710.6475848
4 1967 4858 6712.15123605
3 1968 4859 6714.42562003
4 1969 4862 6721.25782958
3 1970 4864 6721.6475848
4 1971 4865 6724.03848673
3 1972 4867 6724.81209522
2 1973 4870 6735.25782958
3 1974 4873 6741.06292428
2 1975 4875 6750.03848673
3 1976 4876 6750.77685129
2 1977 4882 6758.06292428
1 1978 4883 6767.77685129
2 1979 4884 6770.30170364
3 1980 4886 6772.00609463
2 1981 4892 6789.00609463
1 1982 4893 6793.30170364
2 1983 4894 6801.94442681
3 1984 4896 6804.31870662
2 1985 4902 6815.94442681
1 1986 4903 6821.31870662
2 1987 4905 6824.7636487
3 1988 4907 6826.41806543
4 1989 4911 6830.08356086
3 1990 4913 6835.7636487
2 1991 4919 6844.08356086
3 1992 4920 6848.37477327
2 1993 4922 6849.41806543
3 1994 4923 6863.42104485
2 1995 4929 6874.37477327
3 1996 4930 6882.64799998
2 1997 4932 6883.42104485
1 1998 4935 6890.64799998
2 1999 4936 6892.50227395
1 2000 4943 6906.50227395
0 2001 4944 6911.20035282
0 2002 4946 7275.31870662
