#data counter step time
0 1 0 0.0
1 2 1 0.0
2 3 12 0.235122453739
3 4 15 6.00640915136
2 5 17 11.2351224537
3 6 18 15.7357704194
4 7 20 15.8615233069
5 8 23 20.6425769457
4 9 26 23.0064091514
5 10 28 25.9624841459
4 11 30 32.7357704194
5 12 32 36.8204745998
4 13 34 38.8615233069
3 14 36 42.9624841459
2 15 37 46.6425769457
3 16 38 52.0469643097
4 17 41 53.2063701562
5 18 45 60.1532366061
4 19 47 63.0469643097
3 20 48 64.2063701562
2 21 49 65.8204745998
3 22 51 68.6736853989
4 23 53 69.5405045337
3 24 56 74.1532366061
4 25 57 76.3482544511
3 26 60 79.6736853989
4 27 62 84.1869464522
3 28 64 86.5405045337
2 29 65 87.3482544511
3 30 66 87.8715692154
4 31 71 95.0711445433
5 32 72 97.5004941913
4 33 74 98.8715692154
5 34 75 101.86613452
4 35 77 104.186946452
5 36 81 117.271714263
4 37 83 120.500494191
3 38 84 121.071144543
2 39 85 124.86613452
3 40 86 129.448273147
2 41 90 134.448273147
1 42 91 137.271714263
2 43 92 138.3499128
3 44 94 146.790144287
4 45 97 149.866968132
3 46 99 158.3499128
4 47 101 161.199727502
5 48 104 163.535852171
6 49 107 169.807303739
5 50 109 169.866968132
4 51 110 172.199727502
5 52 112 176.874570456
4 53 116 181.790144287
3 54 117 183.807303739
2 55 118 184.874570456
1 56 119 186.535852171
2 57 120 189.701143876
3 58 122 190.982719472
4 59 124 191.511997312
5 60 126 197.81433139
4 61 131 208.511997312
3 62 133 218.701143876
4 63 134 219.99978782
5 64 136 220.320903298
4 65 138 220.81433139
5 66 139 225.265569745
4 67 141 225.982719472
5 68 142 226.532981924
4 69 146 234.320903298
5 70 147 234.631858177
6 71 149 235.471853644
5 72 151 236.99978782
6 73 153 238.87062378
5 74 158 243.471853644
4 75 159 245.631858177
3 76 160 249.532981924
2 77 161 251.265569745
3 78 163 263.046276557
2 79 165 264.87062378
3 80 166 268.684340959
4 81 168 269.635019623
5 82 170 272.214215849
6 83 174 273.284420117
7 84 176 274.61610003
6 85 178 276.684340959
5 86 179 277.046276557
6 87 180 279.178808208
5 88 186 283.214215849
4 89 187 287.684340959
3 90 189 289.635019623
4 91 190 290.272176073
3 92 192 293.178808208
4 93 193 297.275653756
3 94 195 299.284420117
2 95 197 307.272176073
3 96 198 310.452852483
4 97 201 315.225297266
3 98 203 315.452852483
2 99 206 323.275653756
1 100 207 335.225297266
2 101 208 337.131935278
3 102 210 337.136961874
4 103 212 343.352322277
5 104 215 345.17836934
6 105 219 349.604945316
7 106 221 351.188232783
6 107 223 353.17836934
7 108 225 353.494223461
6 109 226 354.131935278
7 110 228 354.573373562
8 111 230 356.918315032
7 112 231 357.136961874
8 113 233 358.445368238
7 114 236 360.604945316
8 115 237 362.420829925
7 116 238 363.352322277
8 117 241 368.606547211
7 118 245 373.17836934
6 119 247 377.136961874
7 120 249 378.333246961
6 121 250 380.131935278
5 122 252 380.604945316
6 123 253 382.406619797
7 124 256 384.885185429
8 125 257 385.410764003
9 126 258 385.631936494
8 127 262 390.17836934
7 128 264 392.352322277
6 129 266 394.136961874
7 130 268 395.065596867
6 131 272 399.406619797
7 132 274 399.791167148
6 133 275 400.131935278
7 134 277 400.370661086
6 135 279 403.352322277
5 136 281 405.136961874
6 137 282 406.085578421
5 138 284 407.17836934
4 139 286 408.131935278
3 140 288 411.352322277
2 141 290 413.406619797
3 142 291 415.657550214
4 143 294 420.458685402
5 144 296 421.859861251
4 145 298 423.085578421
3 146 301 426.657550214
4 147 302 429.144359583
3 148 304 431.458685402
4 149 305 435.012504552
3 150 307 435.859861251
4 151 310 443.090340089
5 152 312 445.822499015
4 153 314 446.144359583
5 154 315 448.172739399
4 155 318 452.012504552
5 156 319 453.783257214
6 157 321 456.023391448
7 158 323 460.355466658
6 159 327 463.090340089
5 160 328 468.172739399
4 161 329 468.822499015
5 162 333 476.050727385
6 163 335 477.436753004
5 164 339 483.090340089
6 165 340 488.066192381
5 166 342 488.436753004
4 167 343 488.783257214
3 168 344 490.050727385
2 169 345 491.023391448
3 170 347 493.395626103
2 171 350 498.395626103
1 172 351 499.066192381
2 173 352 499.480762706
3 174 354 509.806520463
4 175 356 510.266530352
5 176 358 511.895535937
6 177 363 516.956330071
7 178 365 518.759684866
8 179 366 519.217419843
7 180 369 522.480762706
6 181 372 523.806520463
5 182 373 524.956330071
4 183 375 525.895535937
3 184 376 527.266530352
4 185 380 533.823129485
5 186 382 534.017936675
4 187 384 537.806520463
3 188 386 539.480762706
4 189 389 540.851067985
3 190 392 545.017936675
4 191 394 548.807205053
5 192 396 549.280520032
4 193 398 550.823129485
3 194 399 551.851067985
4 195 400 552.127674606
5 196 402 557.111382392
4 197 406 564.823129485
3 198 408 566.127674606
4 199 409 570.080398855
3 200 411 571.807205053
4 201 412 572.441746292
5 202 414 573.687452004
6 203 418 579.221228343
5 204 419 581.823129485
6 205 421 583.614509077
5 206 423 584.080398855
4 207 425 589.441746292
3 208 428 598.823129485
2 209 430 601.080398855
3 210 433 605.970310622
4 211 435 609.789284161
5 212 436 611.089662113
4 213 438 612.441746292
5 214 440 635.992359294
4 215 441 638.441746292
5 216 443 639.444210048
6 217 444 651.390006521
7 218 445 651.810290148
6 219 448 661.441746292
7 220 449 667.122646621
8 221 451 668.722739387
7 222 453 672.441746292
8 223 454 673.828393585
7 224 457 689.441746292
8 225 458 691.879224384
9 226 459 704.782368665
10 227 461 707.472558245
11 228 462 707.828736395
12 229 463 708.853774183
13 230 464 711.053312379
12 231 466 712.441746292
13 232 467 714.049836192
14 233 468 724.515830669
15 234 470 730.86306036
14 235 472 735.441746292
15 236 477 741.038239522
16 237 478 743.116226349
15 238 480 743.441746292
16 239 484 753.036074232
17 240 486 755.330762243
18 241 487 755.571122089
17 242 489 755.956330071
18 243 490 757.565471289
17 244 492 760.441746292
16 245 497 769.956330071
15 246 499 770.480762706
15 247 500 771.441746292
