#data counter step time
30.543579 1 49 37.8092676662
28.948347 2 61 50.7702906176
24.079069 3 127 134.001433117
28.345918 4 137 146.562920638
24.046428 5 138 149.443761983
28.380321 6 140 161.647552719
20.000000 7 184 228.943062418
33.101865 8 191 247.134241005
26.823548 9 192 250.957789272
20.328868 10 217 309.971577351
35.102450 11 286 392.418986787
30.120278 12 287 402.615355612
14.139908 13 334 452.361856673
25.597990 14 345 463.959847124
31.657285 15 354 477.49386621
33.963826 16 357 478.22194862
33.535978 17 364 491.202664727
32.720634 18 371 504.761652801
34.838365 19 378 516.600017389
34.092599 20 404 550.18381828
34.478448 21 417 565.179724163
20.000000 22 450 637.773655847
20.494251 23 496 693.889035772
21.276342 24 504 702.953674354
30.450095 25 518 718.67733225
22.908291 26 535 738.07595393
38.144691 27 596 796.972541516
45.914223 28 618 819.913486266
34.348695 29 642 845.913486266
14.917134 30 655 859.913486266
50.380126 31 660 871.913486266
38.050876 32 683 915.427177738
39.665406 33 693 935.427177738
17.771008 34 750 1009.42717774
21.108254 35 764 1026.42717774
124.982429 36 790 1058.07595393
32.539482 37 805 1078.07595393
59.906594 38 822 1099.42717774
25.127784 39 843 1129.07595393
52.356602 40 845 1131.42717774
51.043195 41 877 1165.42717774
37.950320 42 881 1169.07595393
22.594874 43 902 1187.61822203
22.405126 44 908 1196.0233484
34.490874 45 924 1216.0233484
29.075155 46 949 1243.49625753
35.265241 47 958 1254.0101431
30.531602 48 969 1265.42110291
34.864173 49 983 1281.72957311
34.795400 50 992 1292.86540003
32.753755 51 1005 1311.07261013
51.646167 52 1019 1335.24958588
32.650057 53 1023 1341.79566138
30.349943 54 1026 1349.14560467
42.895895 55 1126 1484.25034221
52.214691 56 1144 1535.91646777
16.472955 57 1165 1562.44321836
31.511980 58 1195 1587.14326088
23.283058 59 1209 1596.44321836
19.340307 60 1251 1644.39412861
25.266999 61 1263 1658.44919768
31.721940 62 1270 1665.78979858
32.680327 63 1278 1675.44919768
37.221142 64 1336 1773.80193783
33.445192 65 1369 1825.96199172
43.175992 66 1434 1901.09464834
25.367881 67 1438 1903.70334209
33.583818 68 1467 1929.33546107
47.360385 69 1556 2027.27965016
33.409105 70 1559 2029.45186274
28.598908 71 1606 2078.27965016
27.181944 72 1614 2089.31643645
45.503502 73 1616 2089.45186274
42.529097 74 1627 2104.27965016
60.913780 75 1636 2123.31643645
27.305083 76 1656 2185.93699535
33.837104 77 1694 2237.05463837
17.000000 78 1731 2271.33391341
23.337616 79 1749 2293.77451909
49.577944 80 1868 2485.56735288
25.357030 81 1912 2519.81487118
28.663303 82 1915 2526.42686755
21.461001 83 1923 2539.84708012
14.697483 84 1952 2580.42010109
27.032934 85 1959 2593.45303511
52.025838 86 1981 2663.96539906
20.477234 87 2022 2693.42762984
31.381358 88 2034 2714.95413315
27.176529 89 2085 2783.40213247
28.599819 90 2087 2790.01060096
46.843818 91 2125 2821.05939732
24.389944 92 2135 2829.60581941
31.922289 93 2160 2873.92774583
29.746436 94 2186 2905.77418045
35.729411 95 2191 2912.50359126
37.898824 96 2210 2938.88916078
41.083343 97 2227 2956.77418045
24.224571 98 2250 2990.69318793
25.066705 99 2286 3024.0861853
43.747561 100 2329 3085.25845498
27.679350 101 2366 3134.9605548
27.115624 102 2397 3180.24719735
30.351213 103 2434 3233.24792845
32.622213 104 2437 3240.64146497
30.341141 105 2448 3257.64146497
38.396696 106 2475 3289.24792845
56.601152 107 2478 3289.64146497
40.852325 108 2489 3300.0861853
19.763655 109 2495 3303.64146497
32.710590 110 2530 3342.24792845
45.217958 111 2544 3358.64146497
30.166755 112 2607 3431.34345201
30.790870 113 2616 3449.4102051
33.976204 114 2638 3485.11499295
23.222423 115 2640 3485.33741553
27.628854 116 2656 3500.39413684
39.427867 117 2657 3501.76528239
29.692856 118 2660 3511.11499295
21.921072 119 2687 3547.17195062
31.118344 120 2713 3587.31176279
34.971464 121 2719 3602.2832271
38.416947 122 2725 3623.28771734
44.131743 123 2735 3641.41946018
44.967423 124 2780 3702.70487027
27.817233 125 2786 3705.75172203
31.207407 126 2805 3723.5229903
26.353398 127 2810 3728.75172203
20.336603 128 2819 3737.5229903
34.480019 129 2822 3743.18638702
34.072968 130 2829 3759.37421865
27.295475 131 2839 3777.00587982
30.155675 132 2840 3787.16155468
17.910581 133 2869 3811.90948401
48.209291 134 2875 3818.37084542
23.949901 135 2906 3848.79276046
17.000000 136 2907 3848.79276046
18.878867 137 2908 3854.30229067
22.269787 138 2933 3887.51261469
5.000000 139 2968 3939.58877086
33.023976 140 2972 3946.93388074
21.654890 141 2975 3951.58877086
26.000000 142 2994 3975.81344285
25.639575 143 2998 3987.04830013
44.289091 144 3025 4017.62509821
25.425725 145 3029 4020.0508237
13.022121 146 3043 4034.62509821
34.252636 147 3048 4040.66937752
30.448500 148 3051 4043.62509821
17.019072 149 3100 4141.00930156
18.043266 150 3110 4151.99023001
24.703875 151 3121 4171.99023001
27.967530 152 3136 4204.60613345
32.138651 153 3154 4226.79254888
12.700117 154 3170 4240.70657993
21.800996 155 3182 4248.0064629
30.162929 156 3223 4279.45464985
22.459863 157 3273 4353.4367217
24.966700 158 3290 4371.37471268
33.562630 159 3329 4407.4367217
40.010263 160 3356 4437.35863779
59.930466 161 3373 4450.4367217
60.652436 162 3387 4468.35863779
37.184540 163 3398 4483.54053725
24.348387 164 3400 4490.4367217
37.677427 165 3416 4507.4367217
41.969938 166 3431 4524.38702681
22.090034 167 3437 4526.54053725
32.865686 168 3467 4558.38702681
34.000000 169 3491 4611.54516098
36.116121 170 3498 4637.54516098
34.277585 171 3506 4651.54516098
5.583809 172 3519 4659.54516098
87.998604 173 3521 4666.54516098
58.147489 174 3532 4705.54516098
153.852123 175 3581 4760.90504655
22.159325 176 3607 4789.63896655
27.382971 177 3616 4803.02193784
42.333747 178 3639 4838.04636021
24.181441 179 3643 4842.22780126
26.709873 180 3729 4968.94044864
21.024902 181 3741 4982.94044864
23.624075 182 3773 5018.42732383
40.974402 183 3794 5044.42732383
30.570111 184 3795 5044.73146441
39.404132 185 3803 5063.34252375
34.731287 186 3835 5113.2601831
23.776010 187 3839 5117.34082781
32.171310 188 3864 5150.56481824
42.943953 189 3873 5165.2601831
23.530792 190 3910 5231.15342403
25.031734 191 3922 5246.62263251
40.667598 192 3924 5255.62263251
28.583358 193 3926 5257.15342403
48.511581 194 3939 5277.15342403
52.796951 195 3947 5286.62263251
21.806365 196 3956 5300.15342403
50.408001 197 3981 5326.62263251
24.563768 198 3989 5335.400466
24.798800 199 3993 5340.62263251
19.001704 200 4029 5388.641771
24.950291 201 4048 5412.53081761
29.166780 202 4062 5427.69759806
21.228984 203 4164 5594.05640227
44.962635 204 4184 5626.83278157
26.000000 205 4204 5644.91580257
31.628907 206 4222 5656.08142136
31.597129 207 4230 5667.45251416
48.280289 208 4269 5733.35709281
29.166008 209 4306 5782.06840637
26.686981 210 4309 5785.75538756
26.909921 211 4321 5808.06840637
18.271628 212 4354 5827.95794092
27.072607 213 4404 5866.68709053
21.851063 214 4418 5879.72990556
19.945457 215 4423 5883.68709053
31.375451 216 4435 5898.0401313
14.639280 217 4456 5927.83305556
49.028091 218 4486 5967.63927227
22.302201 219 4488 5968.13027929
42.946127 220 4501 5983.07640588
48.058685 221 4511 5997.13027929
34.012375 222 4519 6009.07640588
30.640047 223 4564 6083.14105801
49.768383 224 4642 6173.87884212
55.623911 225 4647 6183.19377535
81.964920 226 4661 6191.19377535
24.456149 227 4667 6194.19377535
74.572848 228 4671 6203.19377535
48.241901 229 4683 6217.19377535
76.365072 230 4715 6240.19377535
20.568915 231 4779 6298.19377535
30.219620 232 4797 6314.87884212
46.062841 233 4811 6330.19377535
57.590655 234 4834 6347.07640588
32.157245 235 4853 6361.19377535
30.976717 236 4888 6393.8088314
35.033392 237 4915 6418.19377535
38.347328 238 4925 6433.8088314
22.731790 239 4973 6488.09805419
27.544285 240 4986 6503.2675017
29.961328 241 5010 6526.2675017
21.965092 242 5031 6551.38083882
