#data counter step time
0 1 0 0.0
1 2 1 0.0
2 3 12 9.63352233413
3 4 14 12.4304036513
4 5 18 22.0733422986
3 6 20 23.4304036513
4 7 25 41.6147310185
3 8 27 41.6335223341
4 9 28 45.8962908466
5 10 30 48.0380584443
4 11 34 51.0733422986
5 12 37 53.3291125866
6 13 39 53.4296756934
7 14 41 56.6279509865
6 15 42 58.6147310185
7 16 49 62.1044476486
6 17 50 62.8962908466
5 18 53 64.4296756934
6 19 54 64.5110029858
7 20 59 71.0162022184
6 21 64 74.0380584443
5 22 65 76.3291125866
6 23 66 77.9305720587
5 24 68 78.5110029858
4 25 69 78.6147310185
3 26 70 78.6147310185
2 27 71 78.6147310185
3 28 74 87.0991512799
4 29 76 92.8582346495
3 30 80 94.9305720587
4 31 83 104.280353949
5 32 85 106.882767481
4 33 87 107.09915128
5 34 90 115.195418592
4 35 92 115.85823465
3 36 93 118.280353949
4 37 98 123.143023756
3 38 100 123.195418592
4 39 101 128.296320212
3 40 103 132.882767481
4 41 105 133.103645257
5 42 111 142.921278097
4 43 113 145.296320212
3 44 114 145.296320212
4 45 115 147.677849636
5 46 117 151.185092347
4 47 119 152.143023756
5 48 120 155.780143444
4 49 130 163.780143444
5 50 131 165.686789928
4 51 133 167.677849636
3 52 134 168.921278097
2 53 135 171.185092347
3 54 136 174.934755476
2 55 142 188.686789928
1 56 143 191.934755476
2 57 144 196.419383305
3 58 146 200.52023707
4 59 150 210.226191783
5 60 154 212.163799418
4 61 156 213.419383305
3 62 159 218.226191783
2 63 160 220.52023707
3 64 163 223.239466597
4 65 166 224.395179417
3 66 170 235.163799418
4 67 171 237.16650181
3 68 173 237.239466597
2 69 174 243.239466597
3 70 175 244.324320205
4 71 177 248.052082442
3 72 185 256.052082442
2 73 186 258.324320205
1 74 187 263.16650181
2 75 188 263.249584487
3 76 190 270.280104484
4 77 194 277.553456025
5 78 196 278.629931557
4 79 202 283.249584487
5 80 203 284.491523024
4 81 207 287.280104484
3 82 208 291.553456025
2 83 209 292.491523024
3 84 212 297.198498313
4 85 214 302.498405073
5 86 216 303.127590864
6 87 222 307.445244691
5 88 224 307.629931557
4 89 227 313.498405073
3 90 230 320.127590864
2 91 231 320.198498313
3 92 232 325.573466396
2 93 234 330.445244691
3 94 235 341.151821579
4 95 239 350.809400264
3 96 243 357.573466396
4 97 244 357.730084108
5 98 248 360.999199331
4 99 250 361.151821579
5 100 251 362.735121396
6 101 253 364.022323357
7 102 260 372.736845448
6 103 261 373.809400264
5 104 267 377.730084108
4 105 268 377.999199331
3 106 269 377.999199331
2 107 270 379.735121396
3 108 271 379.744475832
4 109 273 384.68269619
3 110 277 387.022323357
4 111 278 388.547189337
5 112 280 393.649413825
4 113 284 396.744475832
3 114 289 407.68269619
2 115 290 408.547189337
3 116 291 410.246282329
2 117 293 410.649413825
3 118 294 414.929355623
4 119 296 416.927074788
5 120 298 418.636334108
6 121 306 422.695211917
5 122 308 422.929355623
6 123 309 427.217801296
5 124 311 427.246282329
4 125 314 432.636334108
5 126 317 435.79938764
4 127 321 442.695211917
3 128 322 442.927074788
2 129 325 452.79938764
3 130 326 452.866671965
2 131 328 453.217801296
3 132 329 454.419824286
4 133 333 458.705234129
5 134 335 461.795793889
4 135 341 466.866671965
5 136 342 467.329594777
4 137 344 469.795793889
5 138 347 472.080253911
6 139 350 472.877051259
5 140 351 474.419824286
6 141 354 477.451913889
7 142 359 479.169360931
8 143 361 482.14716097
7 144 363 484.705234129
6 145 364 486.080253911
5 146 369 489.080253911
4 147 370 490.329594777
5 148 371 490.605023754
4 149 373 491.451913889
3 150 374 492.705234129
2 151 379 501.605023754
1 152 380 505.169360931
2 153 381 506.070120991
3 154 385 515.351638195
4 155 387 515.86954497
5 156 389 517.616076538
4 157 395 520.070120991
5 158 396 525.63690326
4 159 398 526.351638195
5 160 401 528.238622594
4 161 403 532.86954497
5 162 404 533.295341716
6 163 408 537.080600506
7 164 412 538.806604132
6 165 413 540.616076538
5 166 419 545.238622594
4 167 420 545.63690326
3 168 421 547.295341716
2 169 422 551.080600506
3 170 425 560.212266014
2 171 427 560.616076538
3 172 428 563.518270831
4 173 434 577.772370623
3 174 436 580.212266014
2 175 437 580.518270831
3 176 440 584.945820865
2 177 442 585.772370623
3 178 445 599.363733381
4 179 447 599.500335832
5 180 451 600.984143925
4 181 453 601.945820865
3 182 458 610.500335832
4 183 459 611.668536905
3 184 461 611.984143925
4 185 462 618.583281213
5 186 464 619.14322378
4 187 466 619.363733381
5 188 467 624.160492152
4 189 475 630.14322378
3 190 476 631.668536905
2 191 477 632.160492152
3 192 478 633.966175097
4 193 482 639.738094123
5 194 487 643.577449171
6 195 488 643.895129303
7 196 490 646.33785454
6 197 492 647.583281213
5 198 493 647.966175097
4 199 497 653.738094123
3 200 500 656.738094123
4 201 503 657.253789322
5 202 505 662.188130649
4 203 509 669.33785454
5 204 512 672.352106596
4 205 514 672.895129303
5 206 515 673.109421638
6 207 517 675.486196463
5 208 521 677.253789322
6 209 522 678.30210278
7 210 524 679.435724886
8 211 525 680.441626297
9 212 526 680.625970957
10 213 527 681.53001106
9 214 533 684.109421638
8 215 535 685.188130649
9 216 536 685.519347786
8 217 539 689.352106596
7 218 541 689.486196463
8 219 551 696.7176751
7 220 552 699.188130649
6 221 556 700.352106596
5 222 557 701.109421638
6 223 558 701.819804024
5 224 560 703.486196463
4 225 561 704.30210278
3 226 562 706.352106596
4 227 567 712.741020246
5 228 569 713.581665124
4 229 571 719.188130649
3 230 572 721.819804024
4 231 575 725.649702551
5 232 577 726.757005401
6 233 581 729.000616501
5 234 583 730.581665124
4 235 588 735.741020246
3 236 589 737.000616501
4 237 590 737.4725001
3 238 594 740.757005401
2 239 595 742.649702551
3 240 598 749.879692596
4 241 600 750.733635502
3 242 604 751.4725001
4 243 605 752.48837854
3 244 609 757.879692596
4 245 610 757.989146937
5 246 612 758.99427142
6 247 616 761.878530502
7 248 622 763.462492578
6 249 624 766.48837854
5 250 625 767.733635502
6 251 626 770.073987111
5 252 628 771.989146937
4 253 629 772.99427142
5 254 634 782.067043995
4 255 638 783.48837854
3 256 639 787.878530502
2 257 642 796.067043995
1 258 643 796.073987111
2 259 644 799.355374301
1 260 648 813.355374301
2 261 649 815.427936657
3 262 653 821.734298438
2 263 657 829.427936657
1 264 658 832.734298438
2 265 659 837.612598231
3 266 663 845.797011456
2 267 665 851.612598231
3 268 668 855.716910793
2 269 670 856.797011456
3 270 672 858.294594231
4 271 673 863.872041934
5 272 678 866.15369945
4 273 684 872.716910793
3 274 685 872.716910793
4 275 686 877.100706941
3 276 688 877.872041934
2 277 689 886.15369945
3 278 690 886.927569892
2 279 696 897.100706941
3 280 697 899.78607766
2 281 699 903.927569892
1 282 702 919.78607766
2 283 703 920.730828397
3 284 705 923.624008883
4 285 711 932.960331851
3 286 715 934.624008883
4 287 716 935.727867564
5 288 718 936.937467788
4 289 722 937.960331851
5 290 723 938.065980655
6 291 727 940.588283678
5 292 729 940.730828397
4 293 730 941.937467788
3 294 733 946.727867564
4 295 734 947.032987493
3 296 738 951.588283678
2 297 741 958.032987493
3 298 742 963.135644983
4 299 744 967.150174031
3 300 746 973.065980655
4 301 747 973.089773403
3 302 755 986.135644983
2 303 756 987.089773403
1 304 757 990.150174031
2 305 758 994.80150032
3 306 760 995.799999802
4 307 762 996.066596578
5 308 768 1002.72020886
6 309 771 1003.38015289
5 310 772 1008.80150032
6 311 773 1008.81125884
5 312 782 1015.7999998
4 313 783 1019.06659658
5 314 784 1021.5678424
4 315 786 1022.06659658
5 316 787 1022.69188518
4 317 789 1022.72020886
3 318 792 1025.81125884
2 319 793 1030.69188518
3 320 796 1034.7845485
4 321 798 1037.49365798
3 322 800 1038.5678424
4 323 803 1047.4132839
5 324 805 1048.60800663
4 325 807 1048.7845485
3 326 810 1054.49365798
2 327 815 1065.60800663
1 328 816 1067.4132839
2 329 817 1070.9929697
3 330 820 1071.19500355
4 331 824 1073.02051277
5 332 826 1077.1011644
6 333 828 1078.98425606
5 334 830 1078.9929697
4 335 831 1081.9929697
3 336 838 1094.1011644
2 337 839 1099.02051277
1 338 840 1104.98425606
2 339 841 1105.38250394
3 340 843 1106.43951363
2 341 849 1114.43951363
1 342 850 1116.38250394
2 343 851 1125.29502472
3 344 853 1129.07795092
2 345 859 1139.29502472
1 346 860 1140.07795092
2 347 861 1144.55621709
3 348 863 1144.76988314
4 349 867 1149.78087487
5 350 871 1152.35588017
4 351 873 1155.55621709
3 352 878 1164.76988314
2 353 879 1166.78087487
1 354 880 1169.35588017
2 355 881 1184.30633184
3 356 883 1186.5848557
4 357 885 1188.17682476
5 358 887 1192.48663433
6 359 895 1198.57924166
5 360 897 1199.17682476
4 361 898 1200.48663433
5 362 900 1201.34775897
4 363 904 1204.30633184
3 364 907 1209.5848557
4 365 908 1211.93965086
5 366 910 1213.59974336
4 367 912 1218.5848557
5 368 913 1218.78952398
4 369 917 1221.57924166
3 370 918 1224.59974336
2 371 923 1228.93965086
3 372 924 1229.85296049
4 373 926 1232.04451508
3 374 928 1238.78952398
4 375 933 1249.81743412
3 376 935 1255.04451508
4 377 936 1258.75562878
3 378 938 1258.85296049
2 379 943 1272.81743412
1 380 944 1275.75562878
2 381 945 1277.1956347
1 382 949 1291.1956347
2 383 950 1300.28776199
3 384 952 1306.88667071
4 385 954 1307.25142738
5 386 958 1312.36711333
4 387 960 1314.28776199
5 388 965 1319.76166317
4 389 969 1323.36711333
3 390 970 1323.88667071
2 391 973 1330.25142738
3 392 974 1335.02625582
2 393 976 1336.76166317
1 394 979 1352.02625582
2 395 980 1361.21595248
1 396 984 1372.21595248
2 397 985 1372.41186113
3 398 987 1375.74878142
4 399 989 1376.59881614
5 400 993 1382.69396799
4 401 999 1389.41186113
3 402 1000 1389.74878142
2 403 1001 1390.59881614
3 404 1004 1398.75098994
4 405 1006 1399.20375186
3 406 1008 1399.69396799
4 407 1009 1400.96784008
3 408 1013 1406.75098994
4 409 1014 1406.91607273
3 410 1022 1417.96784008
2 411 1023 1419.20375186
3 412 1024 1421.10218142
4 413 1028 1422.88948355
3 414 1030 1423.91607273
4 415 1031 1424.93671442
5 416 1033 1425.38129921
6 417 1035 1425.70910149
5 418 1041 1429.93671442
6 419 1042 1430.39200721
7 420 1044 1430.72762713
8 421 1045 1431.94565478
7 422 1051 1435.10218142
6 423 1054 1436.70910149
5 424 1056 1439.88948355
4 425 1057 1441.39200721
5 426 1058 1442.47452577
4 427 1060 1445.38129921
5 428 1063 1447.56644615
4 429 1067 1450.70910149
3 430 1068 1453.47452577
4 431 1073 1459.71845213
3 432 1075 1461.10218142
2 433 1078 1467.56644615
3 434 1079 1468.04548421
4 435 1082 1468.86895486
3 436 1088 1479.04548421
4 437 1089 1479.15404565
3 438 1091 1479.71845213
4 439 1092 1480.2863093
3 440 1094 1482.04548421
4 441 1096 1482.32053271
5 442 1098 1482.33677517
6 443 1103 1490.29245721
5 444 1106 1491.2863093
4 445 1110 1496.15404565
3 446 1111 1496.32053271
4 447 1112 1498.82290885
5 448 1114 1499.91783051
4 449 1121 1509.82290885
3 450 1123 1511.2863093
4 451 1125 1518.04497625
3 452 1126 1519.15404565
4 453 1131 1526.61837433
5 454 1133 1528.21476032
6 455 1134 1529.77867988
5 456 1135 1529.82290885
4 457 1137 1532.82290885
3 458 1141 1543.61837433
4 459 1143 1543.79249021
5 460 1146 1549.02044913
4 461 1147 1552.82290885
3 462 1153 1557.61837433
4 463 1155 1560.60046123
3 464 1157 1563.82290885
4 465 1160 1565.11689257
3 466 1163 1568.61837433
2 467 1167 1573.61837433
3 468 1168 1577.98578994
2 469 1170 1580.82290885
3 470 1171 1588.04601659
4 471 1175 1593.71822647
3 472 1178 1597.98578994
2 473 1180 1599.04601659
3 474 1183 1615.39732473
2 475 1185 1617.98578994
1 476 1188 1629.39732473
2 477 1190 1632.92314221
3 478 1192 1634.80227167
4 479 1193 1639.11170023
5 480 1195 1639.77952263
6 481 1199 1643.83403296
5 482 1200 1646.92314221
6 483 1201 1648.62710359
7 484 1202 1651.03692537
8 485 1203 1653.83315977
7 486 1206 1655.92314221
8 487 1207 1661.76399393
9 488 1211 1669.25835284
10 489 1212 1671.83068077
11 490 1213 1675.45140933
10 491 1214 1681.92314221
11 492 1216 1684.42536689
10 493 1217 1684.92314221
11 494 1220 1689.12056802
12 495 1221 1692.18723775
11 496 1223 1698.92314221
12 497 1224 1700.51064146
13 498 1227 1705.00234209
14 499 1228 1706.33065136
13 500 1229 1709.92314221
14 501 1231 1711.84542924
15 502 1232 1717.74715263
16 503 1233 1725.72870448
17 504 1234 1730.05004237
18 505 1235 1740.29581148
19 506 1236 1752.68422474
20 507 1237 1761.10991931
21 508 1238 1761.1809479
22 509 1239 1762.9725494
23 510 1240 1767.89578366
24 511 1241 1771.65175335
25 512 1242 1774.80792246
26 513 1243 1786.32590149
27 514 1244 1795.08562876
28 515 1245 1798.83132332
29 516 1246 1805.86633384
30 517 1247 1812.09796291
31 518 1248 1815.07111271
32 519 1249 1816.86576716
33 520 1250 1820.0738396
34 521 1251 1830.68892544
35 522 1252 1831.95607308
36 523 1253 1833.06232934
37 524 1254 1833.46931086
38 525 1255 1838.49337298
39 526 1256 1850.13096576
40 527 1257 1850.33331844
41 528 1258 1850.43122858
42 529 1259 1862.01188983
43 530 1260 1872.14216838
44 531 1261 1877.01917015
45 532 1262 1883.42901085
46 533 1263 1886.85436436
47 534 1264 1887.17165514
48 535 1265 1890.31028001
49 536 1266 1892.77619383
50 537 1267 1893.71970072
51 538 1268 1901.79933096
52 539 1269 1909.49767348
51 540 1281 1943.10218142
52 541 1282 1945.33781718
53 542 1283 1946.34804126
52 543 1288 1949.10218142
51 544 1289 1949.10218142
52 545 1290 1949.29559599
51 546 1291 1952.10218142
50 547 1297 1957.10218142
49 548 1307 1963.10218142
48 549 1308 1963.10218142
47 550 1314 1966.10218142
46 551 1315 1967.04548421
45 552 1316 1970.04548421
46 553 1317 1970.94321256
45 554 1320 1973.04548421
44 555 1321 1973.04548421
43 556 1333 1977.10218142
42 557 1334 1980.10218142
41 558 1338 1981.04548421
42 559 1339 1982.18955124
43 560 1340 1982.83959412
44 561 1341 1983.05392728
43 562 1342 1983.10218142
44 563 1343 1984.1230161
43 564 1348 1989.04548421
42 565 1349 1993.04548421
43 566 1355 1994.74137111
42 567 1356 1997.10218142
41 568 1357 1998.04548421
40 569 1362 2001.04548421
39 570 1365 2003.10218142
38 571 1366 2006.10218142
37 572 1367 2006.10218142
38 573 1368 2007.62103479
37 574 1379 2015.04548421
38 575 1383 2016.40863945
37 576 1387 2018.04548421
36 577 1388 2018.04548421
35 578 1389 2018.04548421
36 579 1395 2018.85947351
35 580 1396 2022.15404565
34 581 1397 2023.10218142
33 582 1402 2025.15404565
32 583 1403 2025.15404565
31 584 1408 2026.10218142
30 585 1413 2028.15404565
29 586 1419 2035.04548421
28 587 1420 2035.04548421
29 588 1421 2035.94373729
28 589 1425 2036.15404565
27 590 1426 2036.15404565
26 591 1433 2038.04548421
25 592 1439 2039.15404565
26 593 1440 2041.1062527
25 594 1441 2041.15404565
24 595 1442 2042.15404565
25 596 1443 2042.78247342
24 597 1444 2043.10218142
25 598 1445 2043.34007224
26 599 1446 2044.18297015
25 600 1454 2046.04548421
24 601 1455 2047.15404565
23 602 1456 2050.15404565
22 603 1462 2052.10218142
21 604 1463 2052.10218142
20 605 1464 2052.10218142
19 606 1470 2055.04548421
20 607 1471 2055.64824106
19 608 1479 2058.15404565
18 609 1480 2060.04548421
17 610 1483 2060.04548421
16 611 1488 2063.04548421
15 612 1489 2063.04548421
14 613 1490 2064.15404565
13 614 1496 2069.15404565
12 615 1501 2072.15404565
11 616 1502 2072.15404565
10 617 1503 2072.15404565
11 618 1504 2074.37056681
10 619 1506 2075.10218142
11 620 1507 2075.88379829
10 621 1512 2078.10218142
9 622 1514 2080.04548421
8 623 1515 2080.04548421
7 624 1516 2081.10218142
6 625 1517 2083.10218142
5 626 1521 2083.15404565
6 627 1526 2087.13985952
7 628 1530 2094.00751335
6 629 1532 2094.04548421
5 630 1533 2100.15404565
4 631 1534 2100.15404565
3 632 1540 2105.15404565
2 633 1541 2106.10218142
3 634 1542 2106.55298894
4 635 1544 2106.59053489
3 636 1550 2120.04548421
2 637 1551 2120.59053489
3 638 1552 2123.58805357
4 639 1556 2127.40447933
3 640 1558 2129.55298894
4 641 1559 2132.9260048
5 642 1562 2133.01813447
4 643 1566 2137.58805357
5 644 1567 2138.0238425
6 645 1569 2138.31603323
5 646 1570 2138.40447933
6 647 1571 2139.89541591
5 648 1576 2144.40447933
6 649 1578 2145.32492417
7 650 1579 2145.80388025
8 651 1580 2150.80915357
7 652 1584 2155.0238425
8 653 1585 2155.81190814
7 654 1586 2158.9260048
8 655 1589 2160.90124338
7 656 1594 2164.40447933
6 657 1596 2166.0238425
7 658 1600 2171.8060283
8 659 1604 2172.02692816
9 660 1605 2172.68585771
10 661 1608 2174.6055793
11 662 1609 2175.80633573
10 663 1610 2178.40447933
9 664 1611 2178.9260048
8 665 1614 2180.0238425
7 666 1616 2181.40447933
6 667 1618 2181.9260048
7 668 1619 2182.33337168
8 669 1620 2185.28153907
7 670 1625 2189.9260048
6 671 1635 2197.0238425
5 672 1636 2197.9260048
4 673 1637 2198.40447933
3 674 1638 2203.9260048
4 675 1639 2205.39301292
3 676 1641 2206.0238425
4 677 1644 2212.63088055
5 678 1646 2212.68991223
6 679 1649 2216.46750136
7 680 1650 2218.72019194
8 681 1651 2218.72844113
7 682 1653 2220.0238425
6 683 1655 2222.39301292
7 684 1656 2226.37181229
8 685 1658 2227.14565488
9 686 1661 2229.3596238
10 687 1664 2232.80279176
9 688 1671 2240.0238425
8 689 1672 2241.63088055
7 690 1674 2242.39301292
8 691 1676 2243.99966811
7 692 1679 2246.0238425
6 693 1686 2254.0238425
5 694 1687 2255.63088055
6 695 1689 2256.65473803
5 696 1690 2260.0238425
4 697 1692 2262.39301292
3 698 1695 2266.0238425
2 699 1698 2274.0238425
3 700 1699 2274.38696514
2 701 1701 2278.63088055
3 702 1702 2279.33500704
4 703 1704 2280.99338502
5 704 1707 2282.33689888
4 705 1713 2290.33500704
5 706 1714 2293.36125131
4 707 1716 2296.33500704
5 708 1717 2296.99516486
4 709 1723 2300.38696514
3 710 1724 2307.36125131
2 711 1727 2312.99338502
1 712 1728 2314.38696514
2 713 1729 2325.31154888
3 714 1731 2330.19736931
4 715 1735 2332.50858723
5 716 1737 2336.3858355
6 717 1740 2340.87406569
5 718 1741 2344.19736931
4 719 1746 2348.31154888
5 720 1749 2349.54159748
6 721 1752 2353.33881509
7 722 1753 2355.38007591
8 723 1754 2355.55890037
7 724 1756 2359.31154888
8 725 1757 2362.57368727
7 726 1760 2364.19736931
6 727 1762 2364.50858723
7 728 1768 2374.2887489
8 729 1771 2374.60321822
7 730 1773 2376.31154888
6 731 1775 2378.19736931
7 732 1776 2381.12696082
8 733 1779 2382.93523307
7 734 1780 2384.19736931
6 735 1782 2384.50858723
7 736 1785 2387.40946439
6 737 1786 2392.19736931
7 738 1790 2396.32174551
6 739 1794 2399.31154888
5 740 1795 2403.19736931
4 741 1797 2404.50858723
5 742 1799 2406.48286142
6 743 1802 2411.58030518
7 744 1803 2414.10626476
6 745 1809 2416.31154888
5 746 1812 2421.50858723
4 747 1813 2423.19736931
5 748 1817 2430.31850918
6 749 1820 2431.04472786
7 750 1824 2435.27750656
6 751 1826 2436.31154888
5 752 1831 2438.50858723
6 753 1832 2439.31033025
5 754 1834 2441.50858723
4 755 1837 2447.31850918
3 756 1838 2447.50858723
4 757 1839 2448.88031171
5 758 1841 2451.41495934
4 759 1843 2452.27750656
3 760 1846 2456.31033025
4 761 1851 2464.1314932
5 762 1853 2465.1632472
4 763 1855 2465.41495934
3 764 1856 2468.88031171
4 765 1859 2473.94121085
3 766 1861 2479.1632472
4 767 1866 2484.28696043
3 768 1868 2493.1314932
2 769 1869 2493.94121085
3 770 1872 2494.7128569
4 771 1874 2498.79569326
5 772 1876 2500.5046877
4 773 1878 2504.28696043
3 774 1885 2517.7128569
4 775 1886 2519.30133662
3 776 1888 2521.79569326
2 777 1889 2523.5046877
3 778 1890 2524.51184654
4 779 1894 2533.46762576
3 780 1898 2536.30133662
4 781 1899 2538.67158179
5 782 1901 2539.99897705
4 783 1903 2541.51184654
5 784 1910 2547.64050776
4 785 1912 2550.46762576
5 786 1915 2554.36629807
4 787 1919 2556.99897705
3 788 1920 2558.67158179
2 789 1921 2561.64050776
3 790 1922 2565.30225048
4 791 1924 2568.21354037
3 792 1926 2568.36629807
4 793 1927 2569.78738585
5 794 1931 2575.56215728
4 795 1935 2579.21354037
5 796 1936 2579.67714193
4 797 1942 2588.30225048
3 798 1943 2592.56215728
2 799 1946 2595.78738585
1 800 1947 2596.67714193
2 801 1948 2602.2266071
3 802 1950 2606.35344053
4 803 1952 2606.58398343
5 804 1956 2610.99024815
4 805 1964 2622.2266071
3 806 1965 2623.58398343
4 807 1966 2623.90294183
3 808 1970 2627.99024815
2 809 1971 2632.35344053
3 810 1972 2635.38042163
4 811 1974 2639.58610192
3 812 1976 2640.90294183
4 813 1977 2641.4150639
5 814 1979 2641.75877609
6 815 1985 2645.91559918
7 816 1991 2651.67396402
8 817 1993 2652.0536637
7 818 1994 2652.38042163
6 819 1996 2652.75877609
5 820 2000 2653.58610192
4 821 2001 2659.91559918
3 822 2002 2662.91559918
2 823 2003 2664.4150639
1 824 2006 2681.38042163
2 825 2007 2685.2173098
1 826 2011 2699.2173098
2 827 2012 2702.57984227
3 828 2016 2720.47491684
4 829 2018 2721.42835946
5 830 2020 2724.15661289
4 831 2022 2728.57984227
5 832 2029 2734.23402244
6 833 2031 2735.41684684
5 834 2033 2735.42835946
4 835 2036 2740.41684684
3 836 2037 2743.47491684
2 837 2039 2744.15661289
1 838 2043 2754.23402244
2 839 2044 2758.92867974
3 840 2046 2759.89953397
4 841 2050 2761.13973606
5 842 2052 2761.80090752
6 843 2055 2764.63956089
5 844 2063 2769.92867974
6 845 2064 2770.34544303
7 846 2066 2771.01654263
6 847 2067 2772.80090752
5 848 2071 2776.89953397
4 849 2072 2778.80090752
3 850 2075 2781.13973606
2 851 2076 2781.34544303
1 852 2077 2784.89953397
2 853 2079 2786.00203143
3 854 2082 2794.7781862
4 855 2088 2800.31213939
5 856 2092 2807.84567657
6 857 2093 2810.60666395
5 858 2094 2811.7781862
4 859 2097 2812.00203143
5 860 2098 2812.91791416
4 861 2099 2817.31213939
5 862 2101 2817.51841928
6 863 2106 2824.75077509
7 864 2109 2827.26362834
6 865 2111 2828.31213939
7 866 2113 2830.02832151
6 867 2115 2831.7781862
5 868 2116 2832.00203143
6 869 2118 2833.99109167
5 870 2125 2842.7781862
4 871 2128 2845.31213939
3 872 2129 2848.31213939
2 873 2132 2855.00203143
1 874 2133 2865.7781862
2 875 2134 2873.31022405
3 876 2136 2877.76983328
4 877 2142 2893.49462428
5 878 2144 2895.77522635
4 879 2146 2896.31022405
3 880 2147 2897.76983328
2 881 2152 2907.49462428
3 882 2154 2912.80240356
4 883 2156 2915.25719695
3 884 2160 2919.31022405
2 885 2162 2920.80240356
3 886 2164 2926.35487333
2 887 2168 2933.31022405
3 888 2169 2934.68477736
4 889 2171 2936.13069097
5 890 2172 2939.62618253
6 891 2173 2939.73770359
5 892 2175 2942.31022405
6 893 2176 2943.57528001
7 894 2181 2948.6400368
6 895 2182 2950.31022405
5 896 2187 2957.68477736
4 897 2189 2964.31022405
5 898 2190 2964.41551701
6 899 2193 2967.90356778
5 900 2196 2968.68477736
4 901 2203 2978.31022405
3 902 2204 2979.68477736
2 903 2205 2979.68477736
3 904 2206 2985.96327796
4 905 2208 2988.94252798
5 906 2209 2989.27859889
6 907 2210 2991.13700015
7 908 2213 2992.09726679
8 909 2214 2993.38165009
7 910 2217 2998.31022405
6 911 2220 2999.96327796
7 912 2223 3008.27430573
6 913 2228 3013.96327796
5 914 2229 3015.31022405
6 915 2231 3015.95695138
7 916 2235 3020.60675375
6 917 2238 3027.96327796
7 918 2239 3027.96569298
8 919 2244 3029.3959157
7 920 2245 3030.96327796
6 921 2249 3032.96327796
7 922 2250 3036.40899301
6 923 2251 3038.31022405
5 924 2253 3038.96327796
6 925 2254 3038.99812458
7 926 2255 3039.6640563
8 927 2256 3040.83671992
7 928 2258 3044.31022405
8 929 2261 3046.81715437
9 930 2262 3047.12712088
8 931 2265 3052.96327796
9 932 2269 3059.45953472
10 933 2274 3064.28546393
9 934 2275 3066.96327796
10 935 2276 3069.0662783
9 936 2278 3069.96327796
8 937 2279 3069.96327796
7 938 2281 3070.31022405
8 939 2282 3071.02908611
9 940 2283 3071.4369289
10 941 2284 3076.94675723
11 942 2285 3077.89596296
12 943 2286 3078.70001409
13 944 2291 3085.58196715
12 945 2293 3090.31022405
11 946 2295 3092.96327796
12 947 2296 3093.69722206
13 948 2297 3096.78692245
14 949 2300 3098.30671863
13 950 2305 3104.31022405
12 951 2313 3106.31022405
11 952 2315 3115.31022405
10 953 2317 3115.96327796
11 954 2318 3117.81428361
10 955 2319 3118.31022405
9 956 2322 3124.31022405
10 957 2325 3131.43262716
9 958 2329 3132.96327796
10 959 2330 3134.32346891
9 960 2331 3138.31022405
8 961 2338 3143.96327796
7 962 2339 3143.96327796
6 963 2342 3146.96327796
7 964 2343 3153.36526727
8 965 2344 3153.78022154
9 966 2345 3156.53768058
10 967 2348 3160.28731918
9 968 2351 3161.31022405
10 969 2352 3162.72565531
11 970 2353 3163.85462084
12 971 2357 3165.99230241
13 972 2358 3166.68599388
12 973 2360 3166.96327796
13 974 2362 3167.22463044
14 975 2363 3169.49776679
13 976 2369 3172.31022405
12 977 2370 3175.31022405
13 978 2371 3175.45639661
12 979 2373 3177.96327796
11 980 2374 3180.96327796
12 981 2375 3181.68708973
13 982 2381 3185.47739695
14 983 2382 3189.15461447
13 984 2383 3189.31022405
12 985 2386 3198.31022405
11 986 2389 3200.96327796
12 987 2390 3207.42185455
11 988 2396 3211.96327796
10 989 2397 3211.96327796
9 990 2407 3224.31022405
8 991 2408 3224.31022405
7 992 2410 3225.96327796
6 993 2411 3228.96327796
7 994 2412 3229.94117599
6 995 2417 3239.96327796
7 996 2424 3242.30791123
8 997 2426 3243.34111991
7 998 2427 3244.31022405
6 999 2428 3244.31022405
7 1000 2436 3256.42660536
8 1001 2438 3257.13012998
7 1002 2440 3258.47491684
6 1003 2441 3259.31022405
7 1004 2442 3259.53277981
6 1005 2443 3259.96327796
5 1006 2447 3261.47491684
4 1007 2448 3265.96327796
5 1008 2452 3269.63453538
4 1009 2453 3271.13012998
5 1010 2457 3277.89638286
4 1011 2459 3279.42660536
3 1012 2462 3284.47491684
4 1013 2463 3285.97739539
3 1014 2465 3287.47491684
2 1015 2466 3291.89638286
3 1016 2469 3294.53411733
2 1017 2473 3299.97739539
3 1018 2474 3300.06645138
2 1019 2476 3302.53411733
3 1020 2479 3315.27720026
4 1021 2481 3315.87507556
3 1022 2487 3323.06645138
4 1023 2488 3326.83321881
5 1024 2490 3328.46970224
6 1025 2492 3330.23384009
5 1026 2496 3334.83321881
4 1027 2497 3335.27720026
3 1028 2498 3335.87507556
4 1029 2499 3337.95494285
5 1030 2501 3338.37410879
6 1031 2505 3340.43523659
5 1032 2510 3348.83321881
6 1033 2512 3348.95931955
5 1034 2515 3351.46970224
6 1035 2519 3356.51954584
7 1036 2520 3356.81234471
6 1037 2522 3359.46970224
5 1038 2524 3361.37410879
6 1039 2525 3364.24782843
5 1040 2532 3366.95494285
4 1041 2534 3368.83321881
3 1042 2535 3369.37410879
2 1043 2536 3370.46970224
3 1044 2539 3376.90900259
4 1045 2541 3378.78384489
3 1046 2543 3380.95494285
4 1047 2545 3381.64546812
5 1048 2549 3383.38554797
6 1049 2550 3385.06331187
7 1050 2551 3385.72292107
6 1051 2558 3392.78384489
7 1052 2565 3396.31711278
6 1053 2567 3398.64546812
7 1054 2570 3399.81277464
8 1055 2571 3401.92179767
7 1056 2572 3402.49462428
6 1057 2574 3402.90900259
5 1058 2577 3408.49462428
6 1059 2581 3410.80000377
7 1060 2583 3411.65988336
6 1061 2588 3412.64546812
7 1062 2589 3414.3906264
6 1063 2590 3415.78384489
5 1064 2592 3416.49462428
4 1065 2593 3416.90900259
3 1066 2596 3422.49462428
2 1067 2597 3423.64546812
3 1068 2600 3432.52739673
4 1069 2604 3435.25363694
3 1070 2606 3435.78384489
4 1071 2609 3438.86124718
3 1072 2611 3440.52739673
4 1073 2614 3444.21557196
3 1074 2616 3449.25363694
2 1075 2617 3452.86124718
3 1076 2618 3452.95325502
4 1077 2622 3456.89309777
5 1078 2626 3457.65693528
4 1079 2628 3458.21557196
3 1080 2633 3463.95325502
2 1081 2634 3468.65693528
1 1082 2636 3470.89309777
2 1083 2637 3473.39151498
3 1084 2639 3480.15624633
4 1085 2644 3484.78051707
3 1086 2648 3490.39151498
4 1087 2649 3491.08427702
3 1088 2651 3491.15624633
4 1089 2654 3494.07109042
5 1090 2656 3495.60278334
6 1091 2661 3503.9189277
5 1092 2663 3504.78051707
6 1093 2664 3505.65299403
5 1094 2665 3511.08427702
6 1095 2667 3511.49226385
5 1096 2669 3514.07109042
6 1097 2670 3515.69607378
5 1098 2675 3522.07109042
6 1099 2679 3524.56859481
7 1100 2682 3527.23790047
6 1101 2684 3531.08427702
5 1102 2685 3533.07109042
4 1103 2688 3536.78051707
3 1104 2693 3541.07109042
2 1105 2694 3545.08427702
3 1106 2695 3545.45639392
2 1107 2701 3553.78051707
1 1108 2702 3562.45639392
2 1109 2703 3563.53549839
3 1110 2707 3570.35500177
2 1111 2709 3571.53549839
3 1112 2710 3573.27905275
2 1113 2716 3587.27905275
1 1114 2717 3587.35500177
2 1115 2718 3590.14391515
3 1116 2722 3602.73329699
2 1117 2724 3604.14391515
1 1118 2727 3613.73329699
2 1119 2728 3617.14221612
3 1120 2730 3620.51580737
2 1121 2736 3625.14221612
1 1122 2737 3628.51580737
2 1123 2738 3634.17825801
3 1124 2742 3644.84934732
2 1125 2744 3651.17825801
3 1126 2745 3658.18378917
4 1127 2747 3658.55815497
5 1128 2751 3661.39299505
6 1129 2752 3663.8741814
5 1130 2755 3669.18378917
6 1131 2757 3670.28330295
5 1132 2759 3670.84934732
6 1133 2764 3678.51259814
5 1134 2769 3687.55815497
4 1135 2770 3689.18378917
5 1136 2771 3691.17708714
6 1137 2778 3695.82556306
7 1138 2779 3695.85331078
6 1139 2780 3699.84934732
7 1140 2782 3699.99932773
6 1141 2783 3701.55815497
5 1142 2785 3704.55815497
4 1143 2786 3705.17708714
3 1144 2794 3719.17708714
2 1145 2795 3722.84934732
1 1146 2796 3724.55815497
2 1147 2797 3730.09226383
3 1148 2801 3738.02848567
2 1149 2803 3744.09226383
3 1150 2806 3749.12410363
2 1151 2808 3752.02848567
3 1152 2810 3757.79909395
2 1153 2814 3763.12410363
3 1154 2815 3763.31816948
4 1155 2817 3765.87763391
3 1156 2819 3766.12410363
4 1157 2820 3769.48062645
3 1158 2826 3776.87763391
4 1159 2827 3779.84834026
5 1160 2831 3784.9471421
4 1161 2832 3786.48062645
3 1162 2836 3792.31816948
2 1163 2839 3799.84834026
3 1164 2840 3800.77878121
2 1165 2842 3803.48062645
3 1166 2845 3809.40640064
2 1167 2849 3820.77878121
1 1168 2850 3823.40640064
2 1169 2851 3824.26726863
3 1170 2853 3824.43981862
4 1171 2855 3826.99248664
5 1172 2861 3836.96898491
6 1173 2864 3841.40524658
5 1174 2866 3844.26726863
4 1175 2868 3844.43981862
3 1176 2869 3846.99248664
4 1177 2870 3850.70873179
3 1178 2878 3858.43981862
4 1179 2879 3863.08077577
5 1180 2881 3864.96248206
4 1181 2883 3867.26726863
3 1182 2884 3867.70873179
4 1183 2885 3867.91643183
5 1184 2887 3870.19110976
6 1185 2888 3873.00793752
5 1186 2893 3878.91643183
6 1187 2898 3880.51440435
7 1188 2900 3882.30188922
8 1189 2909 3888.68589392
7 1190 2910 3890.95494285
8 1191 2912 3892.74970134
7 1192 2913 3892.91643183
8 1193 2914 3894.55050299
7 1194 2916 3895.08077577
8 1195 2917 3895.81391253
7 1196 2919 3895.91643183
6 1197 2920 3896.26726863
7 1198 2925 3899.11282848
8 1199 2926 3899.23759134
9 1200 2927 3899.74264922
8 1201 2930 3902.26726863
9 1202 2931 3902.80574417
10 1203 2932 3903.05022626
11 1204 2933 3904.80720137
10 1205 2935 3904.95494285
9 1206 2945 3915.08077577
8 1207 2946 3915.91643183
7 1208 2947 3916.26726863
8 1209 2949 3918.39183337
7 1210 2951 3918.91643183
8 1211 2953 3920.27270112
7 1212 2957 3927.95494285
8 1213 2961 3930.06201429
9 1214 2963 3930.49812005
10 1215 2967 3931.438762
9 1216 2968 3933.26726863
8 1217 2970 3935.08077577
9 1218 2971 3935.52471003
8 1219 2972 3935.91643183
7 1220 2977 3939.26726863
8 1221 2979 3939.75300339
7 1222 2982 3941.08077577
8 1223 2983 3943.9852998
7 1224 2984 3944.95494285
6 1225 2991 3947.95494285
5 1226 2992 3949.91643183
4 1227 2993 3952.08077577
5 1228 2994 3955.07744795
6 1229 2996 3955.52132248
5 1230 2999 3956.26726863
6 1231 3000 3958.72809318
5 1232 3009 3967.95494285
6 1233 3010 3968.62574526
5 1234 3012 3970.95494285
4 1235 3015 3972.52132248
5 1236 3017 3974.79478982
4 1237 3018 3975.07744795
3 1238 3019 3975.72809318
4 1239 3020 3975.73996285
5 1240 3022 3978.42948703
4 1241 3030 3988.62574526
3 1242 3031 3989.73996285
2 1243 3034 3991.79478982
3 1244 3035 3996.69768527
4 1245 3037 3997.57403083
3 1246 3039 3998.42948703
4 1247 3042 4004.05864243
5 1248 3044 4004.43255389
6 1249 3049 4006.51511716
7 1250 3053 4007.91359061
8 1251 3055 4009.09801244
7 1252 3056 4011.57403083
8 1253 3057 4011.76451407
9 1254 3058 4013.34860334
8 1255 3062 4015.05864243
7 1256 3064 4019.69768527
6 1257 3067 4023.57403083
5 1258 3069 4027.43255389
6 1259 3070 4027.50457024
5 1260 3072 4027.91359061
6 1261 3075 4028.31308538
5 1262 3081 4033.69768527
6 1263 3082 4033.97293081
5 1264 3084 4034.57403083
4 1265 3089 4038.05864243
5 1266 3092 4040.93774055
4 1267 3094 4044.50457024
3 1268 3095 4045.31308538
4 1269 3098 4048.12374664
3 1270 3102 4050.97293081
4 1271 3103 4055.55184917
3 1272 3105 4059.12374664
2 1273 3108 4060.93774055
3 1274 3109 4064.63188839
4 1275 3111 4072.17620627
3 1276 3113 4072.55184917
4 1277 3114 4072.99922704
5 1278 3120 4083.34450411
4 1279 3122 4083.99922704
3 1280 3125 4087.63188839
4 1281 3126 4088.48892004
3 1282 3128 4089.17620627
4 1283 3130 4089.83434382
5 1284 3136 4098.53400927
4 1285 3140 4100.34450411
5 1286 3141 4103.0127322
4 1287 3143 4106.53400927
5 1288 3144 4107.81836066
4 1289 3146 4108.48892004
3 1290 3149 4111.48892004
4 1291 3152 4115.70853395
5 1292 3154 4118.61974982
6 1293 3156 4119.24506402
5 1294 3158 4120.0127322
4 1295 3159 4121.81836066
5 1296 3160 4125.92589884
6 1297 3165 4128.69711077
7 1298 3171 4130.75840353
8 1299 3173 4130.9214002
7 1300 3177 4135.61974982
6 1301 3178 4136.92589884
5 1302 3181 4138.70853395
4 1303 3182 4139.24506402
3 1304 3183 4139.92589884
2 1305 3186 4147.75840353
3 1306 3187 4150.34027901
2 1307 3189 4152.61974982
3 1308 3191 4158.15378563
4 1309 3195 4168.2060341
5 1310 3197 4168.98460485
4 1311 3199 4170.34027901
3 1312 3200 4173.34027901
2 1313 3205 4179.2060341
1 1314 3206 4179.98460485
2 1315 3207 4181.45558094
3 1316 3209 4182.25877583
4 1317 3213 4191.20389719
3 1318 3217 4192.45558094
4 1319 3218 4195.99298147
5 1320 3223 4199.53609882
4 1321 3224 4202.20389719
3 1322 3225 4202.25877583
4 1323 3229 4206.97500619
3 1324 3231 4212.99298147
4 1325 3234 4214.59133315
5 1326 3236 4217.85877817
4 1327 3238 4217.97500619
3 1328 3241 4221.99298147
4 1329 3243 4225.00605563
3 1330 3245 4225.59133315
4 1331 3246 4227.73526308
5 1332 3250 4230.83465609
6 1333 3257 4235.79803862
5 1334 3258 4237.85877817
6 1335 3260 4241.70480121
5 1336 3261 4241.73526308
4 1337 3263 4245.00605563
3 1338 3268 4250.83465609
2 1339 3271 4258.73526308
3 1340 3272 4259.80924055
2 1341 3274 4260.85877817
3 1342 3277 4275.83827414
2 1343 3279 4276.80924055
3 1344 3280 4283.08360383
4 1345 3284 4286.07614263
5 1346 3286 4289.46286723
4 1347 3290 4295.83827414
5 1348 3295 4299.0902474
4 1349 3297 4300.07614263
3 1350 3300 4306.08360383
2 1351 3301 4306.46286723
3 1352 3302 4306.74946988
2 1353 3304 4310.0902474
3 1354 3305 4317.56259079
4 1355 3310 4323.07697458
5 1356 3311 4324.17772619
4 1357 3313 4326.74946988
5 1358 3314 4327.03682273
6 1359 3317 4327.69042376
7 1360 3320 4328.62100394
8 1361 3326 4333.34715403
7 1362 3327 4335.17772619
6 1363 3333 4340.56259079
5 1364 3336 4343.56259079
6 1365 3337 4344.17282227
5 1366 3339 4345.62100394
4 1367 3340 4346.17772619
3 1368 3341 4346.56259079
2 1369 3342 4350.03682273
3 1370 3343 4355.73836872
4 1371 3345 4356.00984295
5 1372 3347 4359.24673862
6 1373 3355 4363.78097387
5 1374 3356 4367.00984295
4 1375 3358 4367.17282227
5 1376 3361 4369.64840052
4 1377 3363 4372.73836872
3 1378 3364 4373.24673862
2 1379 3369 4380.64840052
1 1380 3370 4387.00984295
2 1381 3371 4389.7124714
3 1382 3375 4398.47155266
2 1383 3377 4403.7124714
1 1384 3380 4418.47155266
2 1385 3381 4429.23240816
3 1386 3383 4434.74608553
4 1387 3385 4437.87755825
5 1388 3387 4438.37269865
6 1389 3393 4440.5567669
5 1390 3395 4442.74608553
6 1391 3396 4443.7775896
5 1392 3400 4446.23240816
6 1393 3403 4449.76339868
5 1394 3407 4452.37269865
6 1395 3408 4455.34366548
5 1396 3410 4456.74608553
4 1397 3411 4457.87755825
5 1398 3413 4458.37610159
6 1399 3414 4460.18289711
5 1400 3420 4466.37269865
6 1401 3423 4467.38528876
5 1402 3427 4472.23240816
6 1403 3428 4475.81588549
5 1404 3433 4476.74608553
4 1405 3434 4480.37269865
5 1406 3435 4480.53933752
6 1407 3440 4484.63975301
7 1408 3441 4485.87972927
6 1409 3443 4486.23240816
5 1410 3445 4486.37269865
6 1411 3450 4492.41916193
7 1412 3451 4493.00945629
6 1413 3454 4493.74608553
7 1414 3455 4496.4536644
6 1415 3457 4497.37269865
7 1416 3458 4499.57674956
6 1417 3460 4500.23240816
5 1418 3465 4501.74608553
4 1419 3470 4510.74608553
3 1420 3471 4512.74608553
4 1421 3475 4513.6892771
3 1422 3476 4520.37269865
2 1423 3478 4523.23240816
3 1424 3481 4528.92961383
2 1425 3484 4534.37269865
3 1426 3485 4537.81304811
4 1427 3487 4544.03149551
5 1428 3490 4546.42437602
6 1429 3493 4553.35704655
7 1430 3494 4553.9140425
6 1431 3496 4554.92961383
5 1432 3497 4557.81304811
6 1433 3500 4562.60290576
7 1434 3501 4563.1998882
8 1435 3507 4572.6647725
7 1436 3509 4574.81304811
6 1437 3510 4574.92961383
7 1438 3514 4579.18665201
8 1439 3517 4583.45480723
7 1440 3518 4586.81304811
8 1441 3519 4588.2109211
7 1442 3521 4588.81304811
6 1443 3523 4588.92961383
5 1444 3527 4599.81304811
6 1445 3528 4600.61798817
7 1446 3529 4601.10624261
8 1447 3532 4602.83107625
7 1448 3535 4605.92961383
8 1449 3538 4610.68730218
9 1450 3539 4611.08034494
8 1451 3544 4616.81304811
9 1452 3545 4617.0302229
10 1453 3546 4622.81190389
9 1454 3549 4625.92961383
8 1455 3550 4625.92961383
9 1456 3556 4632.82688055
10 1457 3557 4634.2941766
11 1458 3558 4639.85488165
10 1459 3561 4642.81304811
9 1460 3562 4642.92961383
8 1461 3563 4645.92961383
7 1462 3571 4656.81304811
6 1463 3572 4662.81304811
5 1464 3576 4665.92961383
4 1465 3579 4673.81304811
5 1466 3581 4678.79380297
4 1467 3582 4682.92961383
5 1468 3586 4687.12812429
4 1469 3588 4687.81304811
5 1470 3591 4690.43114777
6 1471 3592 4692.95519633
5 1472 3594 4696.92961383
6 1473 3597 4699.48183151
5 1474 3599 4704.81304811
4 1475 3606 4715.81304811
5 1476 3610 4724.59699974
6 1477 3611 4725.73969136
5 1478 3613 4725.92961383
4 1479 3614 4726.81304811
5 1480 3618 4728.48320772
6 1481 3619 4730.22804184
5 1482 3620 4731.81304811
6 1483 3624 4733.83806251
7 1484 3625 4734.38765179
8 1485 3626 4740.86362298
7 1486 3630 4745.92961383
6 1487 3632 4751.81304811
7 1488 3633 4752.16403871
8 1489 3635 4754.64214768
9 1490 3637 4756.88137751
8 1491 3646 4762.92961383
7 1492 3647 4762.92961383
6 1493 3649 4765.81304811
7 1494 3650 4769.68651651
8 1495 3652 4771.47629258
9 1496 3653 4771.57928805
8 1497 3654 4771.81304811
9 1498 3658 4774.88207641
8 1499 3663 4779.92961383
7 1500 3664 4779.92961383
6 1501 3665 4782.81304811
5 1502 3670 4785.81304811
4 1503 3672 4790.92961383
5 1504 3673 4795.46085994
4 1505 3677 4808.81304811
3 1506 3679 4808.81304811
4 1507 3682 4814.10065517
5 1508 3685 4818.27225848
4 1509 3686 4819.92961383
5 1510 3688 4822.79981199
4 1511 3690 4822.81304811
5 1512 3691 4823.21485131
6 1513 3696 4828.38748023
5 1514 3697 4833.81304811
4 1515 3699 4833.92961383
3 1516 3705 4844.81304811
4 1517 3707 4848.85536612
3 1518 3710 4850.92961383
4 1519 3715 4867.25572765
3 1520 3716 4870.92961383
2 1521 3718 4870.92961383
3 1522 3719 4873.49700596
2 1523 3722 4887.92961383
3 1524 3725 4888.98201244
4 1525 3726 4897.24228385
5 1526 3730 4902.56988125
4 1527 3735 4904.92961383
5 1528 3736 4907.44875247
4 1529 3741 4913.92961383
3 1530 3743 4918.92961383
4 1531 3744 4921.66454555
5 1532 3745 4922.96313939
6 1533 3748 4925.25104394
5 1534 3752 4929.29791804
4 1535 3755 4935.92961383
5 1536 3757 4937.57399436
4 1537 3759 4946.29791804
5 1538 3760 4946.67804416
6 1539 3763 4948.01307848
7 1540 3766 4951.32462073
8 1541 3767 4954.29386305
7 1542 3768 4957.29791804
6 1543 3770 4958.92961383
7 1544 3775 4973.60408861
6 1545 3777 4974.29791804
7 1546 3778 4978.86653727
8 1547 3781 4981.95393788
9 1548 3782 4987.52531222
8 1549 3784 4991.29791804
9 1550 3785 4994.72694584
10 1551 3786 4995.19031314
11 1552 3787 4995.72800826
12 1553 3788 4996.49649796
13 1554 3789 4999.01683697
14 1555 3790 5000.8221398
13 1556 3793 5011.29791804
14 1557 3795 5011.57235181
13 1558 3800 5022.29791804
12 1559 3806 5033.29791804
11 1560 3810 5036.29791804
12 1561 3815 5043.85154762
13 1562 3816 5044.72026776
12 1563 3820 5050.29791804
11 1564 3821 5050.29791804
10 1565 3822 5053.29791804
11 1566 3823 5056.48999896
12 1567 3828 5067.80679443
11 1568 3833 5070.29791804
10 1569 3834 5070.29791804
9 1570 3835 5073.29791804
10 1571 3841 5083.73087396
9 1572 3842 5084.29791804
10 1573 3843 5087.20914408
9 1574 3845 5087.29791804
8 1575 3846 5087.29791804
7 1576 3847 5087.29791804
8 1577 3848 5090.03563318
9 1578 3849 5095.84072129
10 1579 3852 5100.57081796
11 1580 3853 5108.4085388
10 1581 3855 5110.29791804
11 1582 3857 5115.77244611
12 1583 3858 5118.61681941
11 1584 3867 5124.29791804
10 1585 3873 5131.12782971
9 1586 3874 5134.12782971
8 1587 3876 5136.29791804
9 1588 3877 5140.57866454
10 1589 3880 5142.45616995
9 1590 3881 5143.12782971
8 1591 3883 5145.12782971
9 1592 3884 5145.83894353
10 1593 3887 5156.04508559
11 1594 3888 5157.85996177
12 1595 3891 5158.78118799
13 1596 3892 5159.26885353
12 1597 3894 5159.29791804
11 1598 3896 5165.12782971
12 1599 3901 5172.13547355
11 1600 3903 5176.12782971
10 1601 3905 5185.29791804
11 1602 3908 5191.00194636
12 1603 3909 5191.54994749
11 1604 3913 5202.12782971
10 1605 3915 5205.29791804
9 1606 3919 5210.12782971
10 1607 3920 5211.49350598
11 1608 3923 5215.6304019
12 1609 3931 5222.80854036
11 1610 3933 5224.12782971
10 1611 3937 5228.29791804
9 1612 3942 5237.62674286
10 1613 3945 5239.21348312
9 1614 3946 5240.62674286
8 1615 3948 5241.12782971
7 1616 3951 5243.62674286
8 1617 3952 5243.65934109
9 1618 3953 5244.80425853
10 1619 3954 5245.10017641
9 1620 3956 5245.29791804
10 1621 3958 5246.25324117
11 1622 3963 5248.27076122
12 1623 3964 5248.51085173
11 1624 3968 5251.62674286
10 1625 3969 5251.62674286
11 1626 3972 5254.74484058
10 1627 3975 5260.62674286
9 1628 3978 5261.12782971
8 1629 3980 5262.29791804
9 1630 3981 5262.66371671
10 1631 3984 5267.0679265
11 1632 3985 5268.42635698
10 1633 3987 5268.62674286
11 1634 3990 5271.76648986
12 1635 3991 5271.8708961
11 1636 3996 5276.29791804
10 1637 3999 5281.12782971
9 1638 4002 5282.62674286
10 1639 4003 5285.73752164
11 1640 4007 5289.66823897
10 1641 4009 5290.12782971
11 1642 4010 5292.92453761
10 1643 4012 5293.29791804
11 1644 4015 5297.20678033
12 1645 4016 5298.5177261
11 1646 4017 5299.62674286
10 1647 4019 5302.62674286
11 1648 4024 5309.01598174
10 1649 4026 5310.12782971
9 1650 4027 5310.29791804
10 1651 4031 5314.24378442
9 1652 4035 5316.62674286
8 1653 4037 5318.12782971
9 1654 4040 5321.14148635
8 1655 4044 5324.29791804
7 1656 4046 5327.62674286
8 1657 4049 5333.00107967
7 1658 4053 5335.12782971
8 1659 4054 5337.21645762
7 1660 4056 5338.29791804
6 1661 4057 5338.62674286
7 1662 4059 5338.84117684
8 1663 4060 5339.51587882
9 1664 4062 5339.97549768
10 1665 4063 5342.36515043
9 1666 4072 5355.12782971
8 1667 4073 5355.62674286
7 1668 4077 5358.62674286
6 1669 4079 5361.29791804
5 1670 4085 5366.62674286
6 1671 4086 5367.99271657
5 1672 4088 5369.12782971
6 1673 4091 5372.18138111
7 1674 4094 5375.88525251
8 1675 4097 5380.24557644
7 1676 4099 5383.62674286
6 1677 4101 5384.29791804
5 1678 4103 5386.12782971
6 1679 4110 5399.78203583
5 1680 4112 5400.12782971
4 1681 4113 5403.62674286
3 1682 4115 5404.29791804
4 1683 4118 5410.65957883
3 1684 4120 5414.62674286
4 1685 4123 5416.52811728
5 1686 4125 5417.32099029
4 1687 4131 5426.12782971
5 1688 4132 5426.65794584
4 1689 4133 5427.52811728
5 1690 4137 5435.48597397
4 1691 4138 5436.65957883
3 1692 4140 5440.12782971
4 1693 4143 5440.7075503
5 1694 4145 5445.11005319
4 1695 4147 5447.52811728
3 1696 4154 5454.7075503
2 1697 4155 5459.65957883
3 1698 4158 5467.43932384
4 1699 4160 5467.87903065
3 1700 4162 5473.52811728
4 1701 4163 5473.89736617
5 1702 4171 5487.93561113
6 1703 4172 5488.6196343
7 1704 4173 5490.06370929
6 1705 4175 5490.87903065
5 1706 4176 5496.43932384
4 1707 4179 5496.89736617
5 1708 4182 5497.89032761
6 1709 4183 5497.98516304
7 1710 4185 5499.64690224
6 1711 4189 5507.43932384
5 1712 4191 5507.87903065
6 1713 4193 5509.29048291
7 1714 4194 5511.95104634
8 1715 4199 5513.45351567
9 1716 4201 5515.44632772
10 1717 4202 5516.04852948
9 1718 4203 5516.89736617
8 1719 4207 5519.89736617
7 1720 4208 5519.89736617
8 1721 4212 5524.78173963
7 1722 4213 5524.87903065
6 1723 4215 5527.43932384
7 1724 4216 5528.18507442
6 1725 4220 5530.87903065
5 1726 4224 5536.89736617
6 1727 4227 5541.61368238
5 1728 4230 5541.87903065
6 1729 4231 5542.40419601
7 1730 4232 5546.95392119
6 1731 4234 5547.43932384
7 1732 4235 5549.4409965
8 1733 4240 5560.63374555
7 1734 4248 5561.43932384
6 1735 4249 5565.89736617
5 1736 4251 5567.87903065
6 1737 4256 5576.15871363
5 1738 4257 5576.87903065
4 1739 4259 5578.43932384
5 1740 4264 5582.59631299
4 1741 4266 5582.89736617
5 1742 4267 5583.26618367
6 1743 4270 5584.00187166
5 1744 4271 5584.87903065
4 1745 4274 5590.4033477
5 1746 4275 5593.76349319
4 1747 4282 5599.59631299
3 1748 4283 5603.26618367
2 1749 4284 5606.26618367
1 1750 4285 5607.76349319
2 1751 4286 5610.28298112
3 1752 4288 5611.03776136
4 1753 4292 5617.49586325
3 1754 4298 5625.03776136
4 1755 4299 5626.54947903
3 1756 4301 5630.28298112
4 1757 4302 5631.87321015
5 1758 4305 5632.86010729
4 1759 4306 5634.49586325
5 1760 4314 5651.9892013
4 1761 4316 5652.54947903
3 1762 4317 5652.54947903
2 1763 4322 5660.87321015
3 1764 4323 5661.14661452
2 1765 4325 5662.9892013
3 1766 4326 5665.05652646
4 1767 4328 5667.57018837
5 1768 4334 5676.39585878
4 1769 4336 5679.05652646
3 1770 4339 5681.14661452
2 1771 4342 5690.39585878
1 1772 4343 5693.57018837
2 1773 4344 5697.52539653
3 1774 4346 5701.14236873
4 1775 4348 5703.04789852
5 1776 4350 5706.52278929
6 1777 4357 5708.90079487
5 1778 4363 5711.52278929
6 1779 4364 5713.65678478
5 1780 4366 5717.04789852
4 1781 4367 5717.52539653
3 1782 4370 5721.14236873
2 1783 4371 5721.14236873
3 1784 4372 5721.50661116
4 1785 4374 5722.10161264
5 1786 4376 5723.6825239
4 1787 4378 5724.65678478
5 1788 4383 5729.56134924
4 1789 4385 5732.50661116
3 1790 4390 5740.6825239
2 1791 4391 5742.10161264
3 1792 4392 5742.30298997
4 1793 4394 5747.86408206
3 1794 4398 5749.56134924
4 1795 4399 5751.51800093
5 1796 4403 5752.35063717
6 1797 4405 5753.08266326
7 1798 4406 5758.20045823
6 1799 4408 5758.86408206
7 1800 4409 5759.1598877
6 1801 4411 5759.30298997
7 1802 4418 5762.09447454
6 1803 4419 5766.35063717
5 1804 4422 5770.30298997
4 1805 4426 5771.51800093
3 1806 4429 5780.35063717
2 1807 4430 5781.86408206
1 1808 4431 5783.35063717
2 1809 4432 5791.87969603
3 1810 4434 5804.32757273
4 1811 4438 5804.95247687
5 1812 4442 5812.88795726
6 1813 4444 5814.72786382
5 1814 4447 5818.32757273
4 1815 4451 5823.87969603
3 1816 4452 5824.95247687
2 1817 4453 5826.88795726
3 1818 4456 5832.43501379
4 1819 4458 5832.80900355
5 1820 4462 5836.85018539
6 1821 4464 5838.66941466
7 1822 4465 5842.72821821
6 1823 4468 5844.32757273
7 1824 4473 5846.03132461
6 1825 4477 5849.43501379
7 1826 4479 5849.92736213
6 1827 4481 5852.80900355
5 1828 4484 5856.85018539
4 1829 4487 5861.32757273
3 1830 4488 5861.32757273
2 1831 4489 5863.43501379
3 1832 4490 5863.88067843
2 1833 4492 5866.80900355
3 1834 4495 5872.35338274
2 1835 4497 5874.88067843
3 1836 4498 5876.05397629
4 1837 4502 5885.25083643
3 1838 4506 5889.35338274
2 1839 4507 5890.05397629
3 1840 4508 5891.28604305
4 1841 4510 5891.93128138
5 1842 4514 5892.56097652
6 1843 4520 5899.37202534
5 1844 4524 5902.93128138
4 1845 4525 5903.56097652
3 1846 4526 5905.25083643
2 1847 4527 5905.28604305
3 1848 4528 5907.10403801
2 1849 4534 5915.10403801
3 1850 4535 5915.13496622
2 1851 4537 5916.93128138
1 1852 4540 5938.13496622
2 1853 4541 5938.6438375
3 1854 4545 5954.97063073
2 1855 4547 5955.6438375
3 1856 4549 5958.89738773
2 1857 4553 5968.97063073
3 1858 4554 5971.97420198
4 1859 4556 5972.05792845
3 1860 4560 5974.97063073
2 1861 4561 5976.97420198
3 1862 4562 5980.62515325
2 1863 4568 5992.05792845
3 1864 4569 5996.23901925
2 1865 4571 5997.62515325
3 1866 4572 6000.24118755
4 1867 4574 6005.46244082
5 1868 4577 6006.24238851
4 1869 4585 6014.24118755
3 1870 4586 6016.23901925
2 1871 4587 6016.46244082
3 1872 4588 6023.11201252
2 1873 4590 6025.23901925
3 1874 4593 6034.26422381
2 1875 4595 6040.11201252
3 1876 4598 6042.59169456
4 1877 4601 6046.39543079
3 1878 4605 6048.26422381
4 1879 4606 6051.53588973
3 1880 4608 6053.59169456
2 1881 4609 6056.59169456
3 1882 4610 6057.26284289
4 1883 4614 6063.6582073
3 1884 4618 6065.26284289
4 1885 4619 6067.48079846
3 1886 4621 6068.53588973
4 1887 4622 6069.93881582
5 1888 4628 6073.52222264
6 1889 4630 6073.86630607
7 1890 4633 6076.72112159
8 1891 4636 6077.29456975
7 1892 4638 6080.6582073
6 1893 4640 6081.52222264
5 1894 4641 6083.93881582
4 1895 4643 6084.48079846
5 1896 4644 6084.48908594
4 1897 4650 6088.93881582
3 1898 4655 6095.52222264
2 1899 4657 6098.48908594
1 1900 4658 6100.6582073
2 1901 4660 6107.81263013
3 1902 4663 6118.68132065
4 1903 4665 6120.18808681
3 1904 4673 6132.68132065
4 1905 4674 6133.74926903
3 1906 4676 6133.81263013
2 1907 4678 6137.18808681
3 1908 4679 6138.21650085
4 1909 4684 6146.89811057
5 1910 4686 6147.66400647
4 1911 4690 6152.21650085
5 1912 4691 6152.45592109
4 1913 4693 6156.74926903
3 1914 4700 6163.89811057
4 1915 4701 6166.88463533
5 1916 4705 6168.11567799
4 1917 4706 6172.21650085
3 1918 4708 6173.74926903
2 1919 4709 6180.88463533
3 1920 4712 6197.24092585
2 1921 4714 6198.21650085
3 1922 4715 6201.06313421
2 1923 4719 6209.06313421
3 1924 4722 6210.74686905
4 1925 4725 6211.73474686
5 1926 4726 6212.187624
6 1927 4728 6216.85378452
5 1928 4729 6217.24092585
6 1929 4734 6217.87480052
5 1930 4740 6221.74686905
6 1931 4741 6224.35345845
7 1932 4742 6227.53523907
6 1933 4746 6229.187624
5 1934 4747 6230.74686905
4 1935 4749 6232.74686905
3 1936 4750 6234.24092585
4 1937 4755 6240.49878697
5 1938 4757 6243.04690892
4 1939 4759 6243.74686905
3 1940 4762 6251.74686905
2 1941 4763 6255.187624
1 1942 4766 6266.49878697
2 1943 4767 6269.55027531
3 1944 4769 6271.33675413
4 1945 4773 6279.00226845
3 1946 4777 6283.55027531
2 1947 4780 6288.33675413
3 1948 4781 6290.8863269
2 1949 4783 6293.00226845
1 1950 4786 6301.8863269
2 1951 4787 6306.34547875
3 1952 4789 6308.41811719
2 1953 4795 6319.41811719
1 1954 4796 6323.34547875
2 1955 4797 6326.21012658
3 1956 4799 6326.96175719
4 1957 4801 6332.42941607
5 1958 4806 6337.14811243
6 1959 4812 6342.66507877
5 1960 4814 6349.96175719
4 1961 4815 6352.21012658
3 1962 4816 6355.42941607
2 1963 4817 6361.21012658
1 1964 4820 6375.96175719
2 1965 4822 6378.93727748
3 1966 4823 6379.84933997
4 1967 4825 6379.99967552
3 1968 4831 6390.99967552
4 1969 4834 6396.79089067
3 1970 4836 6396.84933997
2 1971 4837 6404.93727748
3 1972 4840 6409.8699662
2 1973 4842 6413.79089067
3 1974 4845 6421.28143193
4 1975 4847 6425.40016135
5 1976 4849 6425.72200487
6 1977 4850 6427.7634745
7 1978 4853 6431.32793457
8 1979 4854 6432.57947222
7 1980 4855 6435.28143193
6 1981 4861 6435.8699662
7 1982 4863 6440.74109069
6 1983 4868 6442.40016135
5 1984 4874 6452.8699662
4 1985 4875 6455.28143193
5 1986 4876 6455.43979692
6 1987 4878 6457.08945425
7 1988 4879 6457.7312242
6 1989 4880 6458.28143193
7 1990 4881 6459.11019029
6 1991 4884 6461.8699662
7 1992 4886 6462.40240372
6 1993 4889 6465.40016135
7 1994 4892 6471.36276969
6 1995 4896 6472.43979692
5 1996 4899 6475.8699662
4 1997 4902 6482.40016135
3 1998 4903 6482.40016135
2 1999 4909 6489.43979692
1 2000 4910 6495.8699662
0 2001 4911 6496.40016135
0 2002 4913 6619.81263013
