#data counter step time
0 1 0 0.0
1 2 1 0.0
2 3 12 0.260372628409
3 4 14 6.71394599368
4 5 16 10.214377278
5 6 22 13.2895641748
4 7 24 14.7139459937
5 8 25 14.964487038
6 9 30 20.2337069492
5 10 31 20.2603726284
6 11 33 21.0102221923
7 12 34 22.9668681006
6 13 40 24.2895641748
5 14 41 27.214377278
6 15 43 27.9104898664
5 16 46 33.2895641748
4 17 50 36.2895641748
3 18 51 37.964487038
2 19 52 42.9668681006
3 20 53 44.78639216
4 21 55 45.3451412404
3 22 57 45.9668681006
2 23 60 52.78639216
3 24 61 55.2802957184
4 25 63 55.3852921869
5 26 66 58.0825011145
4 27 73 66.3852921869
3 28 74 68.3451412404
4 29 75 69.9829138095
3 30 79 75.2802957184
2 31 80 81.0825011145
3 32 81 82.8639243396
4 33 85 84.5693210619
3 34 87 86.9829138095
2 35 92 101.569321062
1 36 93 102.86392434
2 37 94 103.954833965
3 38 96 104.397444806
4 39 100 107.970264357
3 40 102 111.954833965
4 41 105 112.362856727
5 42 107 112.835287822
6 43 109 115.036809494
5 44 117 121.970264357
4 45 118 123.835287822
3 46 119 127.397444806
2 47 122 129.362856727
3 48 123 134.260582586
4 49 125 136.81924229
5 50 127 137.079863153
6 51 129 138.721316824
5 52 131 141.036809494
4 53 138 150.81924229
3 54 139 151.260582586
2 55 142 154.079863153
1 56 143 155.721316824
2 57 144 172.84644254
1 58 148 180.84644254
2 59 149 185.267863821
3 60 153 193.696658406
4 61 155 195.371843052
5 62 158 195.757698715
4 63 159 196.267863821
5 64 160 201.533961352
6 65 162 201.798004872
7 66 169 206.094576895
8 67 171 207.00717146
9 68 174 208.394253746
8 69 175 210.696658406
7 70 179 212.371843052
6 71 180 213.696658406
5 72 182 214.094576895
4 73 189 224.533961352
3 74 190 224.798004872
2 75 191 226.371843052
3 76 192 228.533446925
4 77 194 229.30923753
5 78 198 236.049694629
4 79 200 236.696658406
5 80 201 238.183034941
6 81 204 239.516909926
7 82 205 239.563797052
8 83 208 241.110287914
7 84 209 242.533446925
8 85 211 242.715638902
7 86 220 250.563797052
6 87 224 252.30923753
5 88 225 255.183034941
4 89 226 255.30923753
3 90 227 258.30923753
4 91 228 259.416633582
5 92 230 261.522523412
4 93 232 262.049694629
3 94 235 265.049694629
2 95 238 273.416633582
1 96 239 290.522523412
2 97 240 298.0872306
3 98 242 300.727912057
4 99 246 307.252661406
5 100 248 308.666828792
6 101 250 309.201051288
7 102 252 309.665351828
8 103 254 311.696953295
7 104 255 311.727912057
8 105 260 312.758817892
9 106 264 315.516566044
8 107 273 322.666828792
7 108 274 322.727912057
6 109 275 325.727912057
5 110 276 327.0872306
4 111 277 329.201051288
3 112 278 330.0872306
2 113 279 330.252661406
3 114 280 331.584669577
4 115 284 337.619360501
5 116 288 343.215754437
4 117 290 345.584669577
3 118 291 345.666828792
2 119 296 357.215754437
1 120 297 360.619360501
2 121 298 361.28796527
3 122 302 365.591978817
2 123 306 375.28796527
1 124 307 376.591978817
2 125 308 385.982861386
3 126 312 396.130677782
2 127 314 396.982861386
3 128 315 397.657870143
4 129 319 406.318441152
3 130 323 413.130677782
4 131 324 413.185228591
5 132 326 413.645821132
6 133 329 419.464101516
5 134 330 420.657870143
6 135 333 422.960613172
7 136 340 428.092542416
6 137 344 433.185228591
7 138 345 434.823900048
6 139 347 435.318441152
5 140 348 436.185228591
4 141 349 436.645821132
3 142 350 436.960613172
2 143 355 443.318441152
1 144 356 448.092542416
2 145 357 451.774048686
3 146 359 451.77881907
2 147 365 465.774048686
1 148 366 465.77881907
2 149 367 473.739308396
3 150 369 474.566372981
4 151 373 483.994195402
3 152 377 484.739308396
2 153 378 494.566372981
3 154 381 501.085311931
2 155 385 512.994195402
3 156 386 515.231477146
4 157 390 516.234016385
3 158 392 518.085311931
2 159 393 520.231477146
3 160 394 525.995588688
2 161 398 533.234016385
3 162 399 540.56148605
4 163 405 548.744542356
3 164 407 548.995588688
2 165 408 554.56148605
3 166 409 558.563372131
4 167 411 560.074013387
5 168 417 566.710824564
6 169 423 570.863554265
7 170 425 571.231840779
6 171 427 571.744542356
5 172 428 572.563372131
4 173 431 577.074013387
3 174 432 577.710824564
2 175 433 582.744542356
3 176 437 587.926850815
4 177 439 588.115782392
5 178 442 590.66470975
6 179 444 593.675783712
5 180 446 593.863554265
6 181 447 594.397628175
5 182 454 599.115782392
6 183 456 600.871902023
5 184 459 601.863554265
6 185 461 602.325500498
5 186 462 607.66470975
4 187 464 607.926850815
3 188 469 612.863554265
2 189 470 613.115782392
3 190 471 620.452221029
2 191 475 624.66470975
3 192 478 627.496840415
4 193 480 627.730650809
5 194 482 631.145368626
6 195 484 631.366462666
7 196 489 636.943025653
6 197 491 637.452221029
5 198 492 638.496840415
4 199 494 638.730650809
5 200 495 639.558531926
4 201 505 649.496840415
3 202 506 650.558531926
2 203 507 651.145368626
1 204 508 651.452221029
2 205 509 661.290008581
3 206 511 661.810860471
4 207 514 662.270117947
5 208 517 666.318884098
4 209 522 669.810860471
5 210 525 673.168470437
4 211 527 675.290008581
3 212 528 675.290008581
4 213 530 678.717287324
3 214 532 680.318884098
2 215 537 687.168470437
1 216 538 689.717287324
2 217 542 705.353625493
3 218 544 710.809220799
4 219 546 711.611372264
5 220 549 715.20292425
6 221 550 715.278766988
7 222 551 716.602823216
6 223 555 722.353625493
7 224 557 727.66116749
6 225 562 730.809220799
5 226 563 733.353625493
4 227 565 739.353625493
5 228 566 739.451665108
4 229 570 744.809220799
5 230 575 750.020905542
4 231 576 752.809220799
5 232 578 754.748369728
6 233 579 758.505747556
5 234 581 759.353625493
6 235 584 761.83915961
5 236 586 763.809220799
6 237 591 771.674183632
5 238 593 776.353625493
6 239 594 777.376243906
7 240 595 777.396981773
6 241 597 777.809220799
5 242 603 788.809220799
4 243 605 793.353625493
5 244 606 796.322077876
4 245 613 807.353625493
5 246 615 808.671851176
4 247 617 811.809220799
5 248 618 812.273264442
6 249 621 816.566587418
5 250 625 819.744542356
4 251 626 821.353625493
5 252 629 828.607248389
4 253 635 833.744542356
3 254 636 836.744542356
4 255 639 839.095744828
3 256 641 840.809220799
4 257 643 842.850665074
3 258 645 847.353625493
4 259 649 856.661895025
3 260 650 859.095744828
4 261 656 868.537514449
5 262 657 870.983275526
6 263 658 871.626350719
7 264 659 872.8013744
6 265 660 873.353625493
7 266 666 878.289433361
8 267 667 878.983873385
7 268 668 879.095744828
6 269 671 881.353625493
7 270 674 888.836989848
8 271 676 888.944326691
9 272 677 889.724743758
8 273 680 890.095744828
7 274 681 890.353625493
6 275 686 898.353625493
5 276 694 907.095744828
4 277 695 909.353625493
3 278 697 910.095744828
2 279 698 910.353625493
3 280 700 912.654698388
2 281 705 917.290008581
3 282 706 917.431074379
4 283 710 928.138671292
3 284 712 928.431074379
4 285 717 931.996590315
5 286 719 934.063036082
4 287 720 935.654698388
5 288 724 939.028580966
4 289 726 939.138671292
5 290 727 940.28819104
4 291 728 940.654698388
5 292 730 944.846460302
6 293 733 946.107950576
7 294 734 949.543436895
8 295 737 951.73741699
9 296 738 954.278747231
10 297 741 956.938640885
11 298 742 957.434435771
10 299 744 957.654698388
9 300 745 957.996590315
10 301 749 968.316534917
9 302 753 971.138671292
10 303 756 980.45491018
11 304 757 981.394288293
10 305 760 982.138671292
9 306 762 983.654698388
8 307 764 983.996590315
9 308 770 989.487859028
10 309 771 990.519879367
9 310 774 991.654698388
10 311 775 992.938070882
9 312 778 993.138671292
8 313 781 996.138671292
7 314 783 997.996590315
6 315 788 1002.65469839
5 316 789 1002.65469839
4 317 793 1007.13867129
3 318 796 1010.13867129
2 319 797 1013.65469839
3 320 800 1021.03906333
4 321 802 1025.65283374
5 322 806 1028.96753905
4 323 809 1029.99659032
5 324 811 1030.43843223
4 325 812 1033.65283374
3 326 816 1038.03906333
4 327 817 1041.58990262
3 328 821 1043.99659032
4 329 822 1044.57622459
3 330 824 1047.65283374
4 331 826 1048.16832061
3 332 832 1058.57622459
4 333 833 1059.28307259
3 334 835 1061.57622459
2 335 838 1064.58990262
3 336 839 1073.22811368
4 337 841 1074.15642986
3 338 843 1076.28307259
4 339 848 1079.69478721
5 340 852 1084.48061166
4 341 853 1087.22811368
5 342 855 1088.00007279
4 343 857 1090.69478721
3 344 858 1091.15642986
4 345 861 1094.82149979
5 346 863 1095.50654697
6 347 868 1100.329056
5 348 870 1102.82149979
6 349 871 1103.05360036
5 350 873 1104.22811368
4 351 876 1107.69478721
5 352 879 1108.93034749
4 353 880 1113.82149979
5 354 884 1116.61605567
4 355 888 1118.22811368
3 356 889 1121.22811368
2 357 893 1130.69478721
1 358 894 1133.61605567
2 359 895 1135.52379461
3 360 899 1137.49689591
4 361 902 1139.96715327
3 362 903 1143.52379461
4 363 904 1147.3900418
5 364 909 1151.08925399
4 365 911 1151.49689591
3 366 912 1154.49689591
4 367 916 1160.42605645
3 368 920 1164.3900418
4 369 921 1167.21399713
3 370 923 1171.08925399
4 371 924 1174.72594898
3 372 926 1177.08925399
4 373 929 1183.2555067
3 374 931 1184.21399713
4 375 936 1188.21507575
5 376 938 1188.37854742
6 377 940 1189.14241314
5 378 945 1194.72594898
4 379 949 1200.2555067
3 380 950 1202.37854742
2 381 951 1202.72594898
1 382 952 1208.21507575
2 383 953 1212.12599658
1 384 957 1226.12599658
2 385 958 1226.47466858
3 386 960 1235.05780094
2 387 965 1240.47466858
1 388 968 1246.05780094
2 389 969 1281.15603935
3 390 971 1289.82405727
4 391 975 1299.58628102
5 392 977 1301.66673411
6 393 979 1304.13899489
5 394 981 1304.15603935
6 395 983 1305.18929969
5 396 989 1309.82405727
4 397 990 1310.58628102
5 398 991 1310.81784224
4 399 993 1313.58628102
5 400 1000 1322.64128449
4 401 1002 1327.66673411
3 402 1003 1327.81784224
2 403 1006 1333.13899489
1 404 1008 1339.64128449
2 405 1010 1348.81808858
3 406 1012 1350.00609462
4 407 1018 1363.20171804
3 408 1022 1365.81808858
2 409 1023 1371.20171804
1 410 1024 1373.00609462
2 411 1025 1386.07650433
1 412 1029 1403.07650433
2 413 1030 1410.7431823
3 414 1034 1420.09980118
2 415 1038 1424.7431823
1 416 1039 1434.09980118
2 417 1041 1441.06210838
3 418 1042 1443.27290319
4 419 1048 1450.88148274
5 420 1050 1451.94444114
4 421 1052 1455.06210838
5 422 1053 1459.55498199
4 423 1055 1460.27290319
5 424 1060 1468.25074685
4 425 1064 1470.55498199
3 426 1065 1470.88148274
2 427 1068 1473.25074685
3 428 1069 1479.59200388
2 429 1071 1480.94444114
3 430 1072 1481.2521126
4 431 1076 1486.92025974
3 432 1082 1491.92025974
2 433 1083 1492.2521126
3 434 1084 1492.87008665
2 435 1086 1493.59200388
3 436 1087 1497.86325887
4 437 1089 1498.80998152
3 438 1097 1506.87008665
4 439 1098 1507.01294816
5 440 1100 1511.29949598
4 441 1106 1518.80998152
3 442 1107 1520.86325887
2 443 1109 1521.01294816
3 444 1111 1525.24239712
2 445 1113 1525.29949598
3 446 1114 1529.3652492
4 447 1118 1536.16950719
3 448 1125 1539.24239712
2 449 1126 1540.3652492
3 450 1127 1541.05584676
2 451 1131 1548.24239712
1 452 1132 1549.05584676
2 453 1133 1557.9595642
3 454 1138 1565.78877695
4 455 1140 1566.04355168
5 456 1142 1566.79107251
4 457 1143 1568.9595642
5 458 1145 1569.57095775
6 459 1148 1576.46340712
5 460 1150 1577.04355168
6 461 1152 1577.33181904
7 462 1156 1578.40660157
6 463 1162 1588.04355168
5 464 1164 1588.78877695
4 465 1165 1588.9595642
3 466 1168 1594.04355168
2 467 1169 1599.78877695
3 468 1172 1601.07268658
4 469 1176 1605.41911655
3 470 1178 1611.04355168
2 471 1179 1612.07268658
3 472 1181 1614.61473347
2 473 1185 1625.41911655
3 474 1186 1625.50992257
4 475 1188 1627.91268423
3 476 1190 1628.41911655
2 477 1195 1644.91268423
1 478 1196 1651.50992257
2 479 1197 1652.51723201
3 480 1201 1663.6245522
4 481 1204 1666.25523405
3 482 1208 1671.6245522
2 483 1209 1672.51723201
3 484 1210 1674.24226815
2 485 1212 1674.6245522
3 486 1213 1681.3146181
4 487 1215 1683.62458902
5 488 1219 1685.32108047
6 489 1221 1691.70341268
5 490 1226 1697.24226815
4 491 1229 1703.62458902
5 492 1230 1703.84084826
4 493 1232 1706.62458902
3 494 1235 1710.3146181
4 495 1237 1713.01436334
5 496 1241 1721.70427596
4 497 1243 1723.24226815
3 498 1244 1723.62458902
2 499 1247 1726.62458902
3 500 1249 1732.65202016
4 501 1251 1733.58489235
3 502 1252 1735.70427596
4 503 1256 1738.35291274
5 504 1260 1743.21730369
6 505 1261 1745.84773051
5 506 1263 1746.70427596
6 507 1264 1747.90501754
5 508 1270 1752.65202016
6 509 1271 1754.64967267
5 510 1273 1754.70427596
6 511 1274 1755.52313721
7 512 1277 1757.70331213
6 513 1279 1760.01294816
7 514 1280 1760.38636936
8 515 1281 1760.87660028
7 516 1291 1771.01294816
8 517 1292 1772.98232126
7 518 1294 1777.70427596
6 519 1298 1778.65202016
7 520 1301 1781.40234503
6 521 1306 1785.01294816
5 522 1309 1785.86325887
4 523 1313 1792.65202016
3 524 1314 1794.70427596
2 525 1315 1802.01294816
3 526 1316 1803.66586929
4 527 1318 1804.73449798
3 528 1320 1805.01294816
2 529 1325 1814.66586929
3 530 1326 1815.89619657
4 531 1328 1817.50118756
5 532 1330 1819.05201647
4 533 1332 1821.73449798
3 534 1335 1826.89619657
4 535 1340 1831.73235643
3 536 1342 1833.05201647
4 537 1343 1836.3610263
5 538 1345 1837.3860087
4 539 1347 1837.50118756
5 540 1349 1838.55904845
6 541 1356 1841.78796864
7 542 1357 1842.82360532
8 543 1359 1843.36387702
9 544 1360 1843.86552123
8 545 1364 1845.73235643
7 546 1366 1847.3610263
8 547 1368 1847.55525122
9 548 1369 1847.88317204
8 549 1370 1848.3860087
7 550 1372 1851.73235643
6 551 1378 1854.3860087
5 552 1380 1856.82360532
6 553 1381 1858.21430871
5 554 1383 1861.3610263
4 555 1390 1865.73235643
3 556 1392 1867.3610263
2 557 1393 1868.3860087
1 558 1394 1875.21430871
2 559 1395 1878.91698041
3 560 1397 1880.50633165
4 561 1400 1882.85201671
5 562 1405 1887.74467611
6 563 1409 1893.26595161
5 564 1413 1893.85201671
4 565 1414 1895.91698041
3 566 1415 1898.91698041
4 567 1416 1902.25553578
3 568 1418 1903.50633165
4 569 1423 1911.88017909
5 570 1425 1912.21841632
6 571 1426 1915.75093024
5 572 1430 1919.25553578
4 573 1431 1919.85201671
3 574 1433 1919.88017909
2 575 1438 1939.25553578
1 576 1439 1942.85201671
2 577 1440 1943.25721317
1 578 1444 1954.25721317
2 579 1446 1966.1832658
3 580 1448 1967.59715149
4 581 1450 1972.30117324
5 582 1454 1975.07762703
4 583 1460 1980.1832658
3 584 1463 1984.59715149
4 585 1464 1996.07604274
5 586 1466 1997.87452528
4 587 1468 1998.07762703
3 588 1469 1998.30117324
4 589 1474 2006.51648131
3 590 1478 2011.87452528
2 591 1479 2014.51648131
1 592 1480 2016.07604274
2 593 1481 2017.40126166
3 594 1483 2018.58398939
4 595 1489 2028.33818331
3 596 1491 2028.40126166
2 597 1494 2032.58398939
3 598 1495 2034.03004939
4 599 1497 2034.56213451
5 600 1499 2035.38401167
6 601 1503 2037.30381996
5 602 1506 2039.33818331
6 603 1510 2039.96080128
7 604 1511 2041.11661342
8 605 1512 2041.53850465
7 606 1516 2048.56213451
8 607 1517 2049.28462729
7 608 1519 2051.03004939
6 609 1521 2052.38401167
5 610 1522 2053.33818331
6 611 1528 2061.94671984
5 612 1533 2066.38401167
6 613 1535 2067.95638873
7 614 1536 2068.07048895
6 615 1537 2068.56213451
5 616 1539 2070.33818331
4 617 1543 2077.03004939
5 618 1546 2078.78219236
4 619 1550 2080.38401167
5 620 1552 2083.71009846
6 621 1553 2084.03763995
5 622 1554 2085.56213451
4 623 1558 2089.78219236
3 624 1563 2093.33818331
2 625 1564 2094.78219236
3 626 1567 2098.23923447
2 627 1569 2102.56213451
3 628 1573 2113.93991991
2 629 1575 2118.23923447
3 630 1576 2118.50132858
4 631 1578 2119.66200491
5 632 1582 2122.30298273
6 633 1584 2123.18725408
7 634 1585 2123.55972187
6 635 1588 2130.93991991
7 636 1594 2135.9189035
8 637 1595 2137.00188317
7 638 1597 2138.50132858
6 639 1599 2139.30298273
5 640 1600 2139.66200491
6 641 1603 2141.26006211
7 642 1604 2143.30915132
8 643 1612 2147.9269907
7 644 1613 2147.93991991
8 645 1617 2152.78028786
7 646 1619 2153.30298273
6 647 1620 2153.30298273
5 648 1621 2155.50132858
4 649 1629 2162.66200491
3 650 1630 2164.93991991
4 651 1631 2165.45590098
3 652 1633 2167.30298273
2 653 1636 2172.50132858
3 654 1637 2173.78533936
2 655 1639 2182.45590098
3 656 1642 2186.82453701
4 657 1644 2192.52888394
3 658 1646 2193.78533936
4 659 1649 2196.55612719
5 660 1651 2197.18220162
6 661 1655 2200.25756007
5 662 1657 2200.52888394
4 663 1662 2203.82453701
5 664 1663 2204.8102559
6 665 1665 2205.42791423
7 666 1666 2206.34223687
6 667 1668 2208.18220162
5 668 1671 2213.55612719
4 669 1675 2215.8102559
3 670 1678 2220.52888394
4 671 1682 2229.70192441
3 672 1684 2230.55612719
2 673 1685 2231.18220162
3 674 1688 2235.59537866
4 675 1689 2236.25892381
3 676 1696 2243.70192441
4 677 1697 2245.2661046
3 678 1699 2246.70192441
4 679 1700 2247.5168574
5 680 1704 2252.54368906
6 681 1705 2253.2903354
5 682 1708 2256.25892381
6 683 1710 2256.46517095
7 684 1711 2256.56265846
6 685 1713 2258.5168574
5 686 1714 2259.2661046
4 687 1721 2264.2661046
5 688 1722 2266.63479578
6 689 1724 2268.31440424
5 690 1726 2270.25892381
6 691 1730 2276.27817602
5 692 1735 2278.5168574
4 693 1737 2281.5168574
3 694 1738 2284.25892381
2 695 1742 2287.2661046
3 696 1743 2292.11483235
2 697 1745 2295.5168574
1 698 1749 2306.11483235
2 699 1750 2308.13905347
3 700 1752 2313.5934887
4 701 1757 2325.22085631
3 702 1761 2328.13905347
4 703 1762 2330.00692016
3 704 1768 2336.5934887
4 705 1769 2338.13149766
5 706 1771 2340.81058051
4 707 1775 2344.00692016
5 708 1776 2344.10809575
4 709 1778 2345.22085631
3 710 1779 2349.13149766
4 711 1784 2357.81606065
3 712 1788 2362.22085631
4 713 1789 2364.02806669
3 714 1791 2367.00692016
2 715 1794 2368.81606065
1 716 1795 2378.02806669
2 717 1796 2380.16287612
3 718 1798 2388.81929135
4 719 1802 2398.90773461
3 720 1804 2400.16287612
4 721 1805 2401.3685682
5 722 1808 2403.83751244
6 723 1812 2407.16335826
7 724 1814 2408.85062665
6 725 1819 2414.81929135
5 726 1824 2415.3685682
4 727 1825 2415.3685682
5 728 1826 2415.71756243
6 729 1828 2417.21229863
5 730 1829 2418.3685682
4 731 1832 2421.90773461
3 732 1833 2423.71756243
4 733 1835 2426.4094659
3 734 1838 2427.90773461
4 735 1841 2436.83367829
5 736 1844 2442.41102249
6 737 1845 2443.70540466
5 738 1847 2443.71756243
4 739 1851 2447.90773461
5 740 1853 2449.56582874
6 741 1858 2456.20759173
7 742 1860 2456.7170464
6 743 1861 2460.71756243
7 744 1862 2462.72528216
6 745 1869 2466.71756243
7 746 1870 2468.08503626
6 747 1872 2470.52888394
5 748 1873 2470.52888394
4 749 1874 2473.52888394
5 750 1879 2480.83757298
4 751 1881 2482.52888394
5 752 1882 2487.71344551
6 753 1883 2489.54112534
5 754 1886 2491.08503626
4 755 1887 2491.72528216
5 756 1893 2495.71103455
4 757 1895 2496.08503626
3 758 1896 2505.08503626
2 759 1900 2509.83757298
1 760 1901 2512.71103455
2 761 1903 2531.53276342
3 762 1908 2548.46915574
4 763 1910 2550.38483118
3 764 1914 2554.53276342
4 765 1915 2555.59650881
5 766 1917 2556.17743011
4 767 1919 2556.46915574
3 768 1926 2567.38483118
2 769 1927 2567.46915574
3 770 1928 2569.22558926
2 771 1930 2572.59650881
3 772 1933 2579.42206288
2 773 1937 2593.42206288
1 774 1938 2595.22558926
2 775 1939 2599.03816555
3 776 1941 2604.51302997
4 777 1945 2609.07023172
3 778 1947 2613.03816555
4 779 1950 2620.38730102
5 780 1952 2620.61914397
4 781 1954 2624.51302997
5 782 1957 2627.3263607
4 783 1958 2629.07023172
5 784 1964 2635.53859014
6 785 1965 2637.91100123
5 786 1969 2643.38730102
6 787 1970 2645.20429592
7 788 1971 2645.32588656
8 789 1975 2647.34378792
7 790 1977 2650.51302997
6 791 1979 2652.07023172
7 792 1983 2656.4465601
8 793 1990 2659.40567149
7 794 1992 2660.38730102
6 795 1993 2660.81929135
7 796 1994 2665.82232799
6 797 1995 2666.07023172
5 798 1999 2669.07023172
4 799 2002 2669.81929135
3 800 2005 2674.07023172
2 801 2006 2682.51302997
1 802 2007 2683.38730102
2 803 2008 2688.30360559
3 804 2010 2693.24078241
4 805 2015 2694.61590714
5 806 2019 2699.85332043
4 807 2021 2701.24078241
3 808 2022 2702.30360559
2 809 2023 2705.30360559
3 810 2024 2707.55707133
4 811 2028 2709.88566593
5 812 2030 2712.00952276
4 813 2034 2719.85332043
3 814 2039 2724.55707133
4 815 2040 2725.48266756
3 816 2042 2726.00952276
4 817 2043 2726.31434233
3 818 2048 2732.88566593
2 819 2049 2736.48266756
3 820 2052 2750.60178973
4 821 2054 2751.34581705
3 822 2056 2752.31434233
4 823 2057 2755.97978237
5 824 2065 2766.64238837
4 825 2067 2771.34581705
5 826 2068 2771.73905961
4 827 2070 2773.60178973
5 828 2073 2775.2571962
4 829 2077 2778.97978237
3 830 2078 2780.64238837
4 831 2079 2782.7585032
5 832 2081 2782.83187983
6 833 2083 2783.25770777
5 834 2089 2789.2571962
4 835 2090 2791.73905961
3 836 2095 2799.7585032
2 837 2096 2799.83187983
1 838 2097 2800.25770777
2 839 2098 2804.0643971
1 840 2102 2815.0643971
2 841 2103 2837.16405613
3 842 2107 2847.38333478
4 843 2109 2850.96109917
3 844 2111 2857.16405613
4 845 2116 2860.40113289
3 846 2118 2861.38333478
2 847 2119 2861.96109917
3 848 2120 2863.99592212
4 849 2124 2873.58890282
5 850 2126 2874.45019728
4 851 2130 2877.40113289
5 852 2131 2878.53058593
4 853 2137 2887.58890282
3 854 2138 2888.45019728
2 855 2140 2889.99592212
3 856 2143 2893.09363942
2 857 2146 2895.53058593
1 858 2149 2907.09363942
2 859 2150 2908.11355498
1 860 2154 2922.11355498
2 861 2155 2926.04276413
3 862 2157 2926.33061431
2 863 2161 2934.33061431
3 864 2164 2936.56592842
4 865 2166 2937.69257867
5 866 2170 2940.73573899
6 867 2172 2943.43324798
5 868 2176 2946.04276413
6 869 2177 2946.15616478
5 870 2179 2947.56592842
4 871 2182 2951.73573899
3 872 2185 2957.04276413
2 873 2188 2957.69257867
3 874 2189 2959.57676451
4 875 2191 2963.02779777
3 876 2193 2964.56592842
4 877 2194 2969.28085421
3 878 2200 2974.02779777
4 879 2201 2974.34035201
5 880 2205 2982.58688894
4 881 2209 2985.57676451
5 882 2212 2987.18746378
4 883 2214 2990.58688894
3 884 2215 2992.28085421
2 885 2216 2994.34035201
3 886 2217 2996.42871017
2 887 2221 3001.18746378
3 888 2222 3004.91584034
4 889 2227 3011.59834562
3 890 2231 3016.42871017
2 891 2232 3021.91584034
1 892 2233 3024.91584034
2 893 2234 3026.06101767
3 894 2236 3026.26711254
4 895 2238 3027.12367547
5 896 2241 3027.2258981
6 897 2243 3031.60690486
5 898 2250 3038.12367547
4 899 2253 3040.06101767
3 900 2254 3043.06101767
2 901 2255 3044.12367547
3 902 2256 3054.65128715
2 903 2258 3055.26711254
3 904 2261 3065.36010468
2 905 2263 3065.65128715
3 906 2265 3065.75356974
4 907 2266 3071.68649811
5 908 2268 3072.1107476
6 909 2273 3073.94088791
7 910 2277 3076.32598401
6 911 2283 3082.36010468
5 912 2284 3085.36010468
4 913 2285 3085.68649811
3 914 2286 3089.1107476
2 915 2289 3090.94088791
1 916 2292 3096.36010468
2 917 2293 3100.80834781
3 918 2298 3120.55934817
2 919 2300 3123.80834781
3 920 2301 3125.02576885
4 921 2303 3132.69488476
5 922 2309 3140.92278424
4 923 2313 3145.02576885
3 924 2314 3146.69488476
2 925 2315 3149.55934817
3 926 2316 3152.55166936
4 927 2318 3153.89452824
5 928 2324 3158.05444809
4 929 2326 3163.55166936
3 930 2329 3166.92278424
4 931 2330 3167.41760616
5 932 2332 3167.50841571
6 933 2337 3169.52269144
7 934 2338 3169.59972274
8 935 2339 3170.50967942
9 936 2343 3174.06011498
8 937 2346 3175.41760616
7 938 2347 3178.05444809
8 939 2349 3178.47806513
7 940 2351 3178.50841571
8 941 2352 3178.66348988
7 942 2356 3182.89452824
6 943 2358 3184.41760616
5 944 2360 3186.05444809
6 945 2361 3188.27783645
5 946 2371 3200.05444809
4 947 2372 3201.41760616
3 948 2374 3201.50841571
2 949 2375 3202.89452824
3 950 2377 3203.93918996
2 951 2385 3226.93918996
1 952 2386 3232.05444809
2 953 2387 3238.15981887
3 954 2389 3240.5818494
4 955 2395 3248.54983785
3 956 2396 3249.15981887
4 957 2398 3249.46182722
3 958 2402 3260.5818494
4 959 2403 3262.73718056
3 960 2405 3266.15981887
4 961 2406 3270.97515258
5 962 2407 3272.62247178
6 963 2412 3277.33934844
5 964 2414 3277.5818494
6 965 2415 3279.7643542
5 966 2417 3280.15981887
4 967 2423 3291.5818494
5 968 2424 3294.77742721
6 969 2425 3295.52937606
5 970 2428 3297.15981887
6 971 2430 3297.6506796
7 972 2431 3299.14821599
8 973 2432 3302.19211255
7 974 2436 3305.5818494
8 975 2439 3306.89032494
9 976 2440 3307.70586819
10 977 2442 3309.10186423
11 978 2443 3309.93715852
10 979 2447 3311.15981887
9 980 2454 3322.15981887
8 981 2456 3325.5818494
7 982 2458 3325.94088791
6 983 2466 3333.5818494
5 984 2467 3334.5818494
4 985 2468 3336.15981887
3 986 2470 3339.94088791
4 987 2471 3341.39102789
5 988 2476 3343.86851974
6 989 2479 3345.48713813
7 990 2480 3346.05900282
8 991 2482 3346.13679593
9 992 2484 3346.24539005
10 993 2490 3347.85380376
9 994 2491 3350.15981887
8 995 2494 3352.39102789
7 996 2496 3353.5818494
6 997 2497 3353.5818494
5 998 2500 3356.5818494
4 999 2501 3356.5818494
3 1000 2506 3363.39102789
4 1001 2507 3369.74204977
3 1002 2509 3370.5818494
4 1003 2513 3371.61824935
3 1004 2515 3374.74204977
2 1005 2516 3376.15981887
3 1006 2518 3388.62849823
2 1007 2524 3400.74204977
1 1008 2525 3405.62849823
2 1009 2526 3409.8798058
3 1010 2528 3412.67537562
4 1011 2531 3418.74017816
5 1012 2535 3420.12076163
6 1013 2541 3427.97471587
5 1014 2542 3429.67537562
4 1015 2543 3429.8798058
5 1016 2545 3430.29374832
4 1017 2546 3432.67537562
5 1018 2547 3432.82827799
6 1019 2553 3439.81302134
5 1020 2557 3440.41760616
4 1021 2558 3440.41760616
5 1022 2559 3442.33819131
4 1023 2561 3443.41760616
3 1024 2562 3443.82827799
4 1025 2563 3447.72363112
5 1026 2569 3456.96076078
6 1027 2572 3457.79895594
5 1028 2575 3460.41760616
6 1029 2577 3461.37265119
5 1030 2579 3462.81302134
4 1031 2584 3470.72363112
5 1032 2585 3471.20727784
6 1033 2587 3474.02537416
5 1034 2589 3474.89452824
4 1035 2592 3477.41760616
5 1036 2595 3483.68893247
6 1037 2599 3485.11135611
5 1038 2601 3485.89452824
4 1039 2604 3491.68893247
3 1040 2605 3494.20727784
2 1041 2606 3494.81302134
3 1042 2607 3497.2355086
4 1043 2612 3499.58411343
3 1044 2613 3502.89452824
4 1045 2617 3507.17418933
5 1046 2621 3508.80350909
6 1047 2623 3509.87789446
7 1048 2625 3510.71474661
6 1049 2627 3513.58411343
7 1050 2629 3514.60317243
8 1051 2630 3516.05333509
7 1052 2635 3517.2355086
6 1053 2636 3517.2355086
5 1054 2639 3524.58411343
4 1055 2642 3526.87789446
3 1056 2643 3526.87789446
2 1057 2646 3534.80350909
1 1058 2648 3537.2355086
2 1059 2650 3549.85564778
3 1060 2652 3559.18432177
4 1061 2656 3564.8878924
3 1062 2660 3569.85564778
4 1063 2661 3571.38083321
3 1064 2663 3573.18432177
2 1065 2666 3578.8878924
1 1066 2669 3591.38083321
2 1067 2670 3600.41780503
3 1068 2674 3605.75651875
4 1069 2676 3606.4417857
5 1070 2679 3606.51487483
6 1071 2680 3609.38280713
5 1072 2682 3611.41780503
6 1073 2685 3614.7162005
7 1074 2686 3615.26714027
8 1075 2692 3624.29800286
7 1076 2694 3625.75651875
6 1077 2696 3632.4417857
5 1078 2697 3632.4417857
6 1079 2699 3633.46891172
7 1080 2700 3633.90981047
6 1081 2701 3634.41780503
7 1082 2705 3637.24967064
6 1083 2707 3639.75651875
7 1084 2711 3643.38723594
6 1085 2712 3646.4417857
7 1086 2717 3649.72756795
8 1087 2718 3650.19963922
7 1088 2719 3650.75651875
6 1089 2723 3652.4417857
7 1090 2726 3654.07094707
6 1091 2728 3654.41780503
7 1092 2729 3655.00592392
8 1093 2731 3655.72521317
7 1094 2740 3666.4417857
8 1095 2746 3669.05909354
7 1096 2747 3670.75651875
6 1097 2748 3670.75651875
5 1098 2749 3670.75651875
4 1099 2751 3674.4417857
3 1100 2754 3678.00592392
2 1101 2755 3681.75651875
3 1102 2756 3682.32096956
4 1103 2758 3682.60534918
3 1104 2760 3683.07094707
4 1105 2761 3686.50194417
3 1106 2767 3693.60534918
4 1107 2768 3693.67409258
3 1108 2772 3700.50194417
2 1109 2773 3702.32096956
3 1110 2774 3703.35476933
4 1111 2776 3706.02612785
5 1112 2780 3709.34832364
4 1113 2788 3714.02612785
5 1114 2789 3716.33552439
4 1115 2791 3717.34832364
3 1116 2792 3720.35476933
4 1117 2793 3720.807849
5 1118 2795 3723.0305193
6 1119 2797 3723.56740915
7 1120 2798 3725.44170027
6 1121 2800 3725.67409258
7 1122 2804 3727.85431259
8 1123 2805 3729.56713354
9 1124 2810 3732.71761545
8 1125 2812 3734.807849
7 1126 2817 3737.0305193
6 1127 2820 3742.33552439
5 1128 2824 3745.67409258
4 1129 2825 3748.67409258
5 1130 2826 3748.85008458
6 1131 2830 3750.3196758
5 1132 2831 3751.0305193
6 1133 2833 3751.71679989
7 1134 2834 3755.3033532
6 1135 2836 3756.33552439
5 1136 2837 3757.807849
4 1137 2847 3762.0305193
5 1138 2848 3762.78075975
4 1139 2851 3764.33552439
3 1140 2853 3765.85008458
4 1141 2854 3766.27232131
5 1142 2858 3767.47080089
4 1143 2860 3770.78075975
3 1144 2861 3771.807849
4 1145 2867 3780.06246628
3 1146 2869 3784.47080089
2 1147 2870 3786.27232131
3 1148 2873 3789.57918954
4 1149 2875 3790.77460115
3 1150 2877 3794.06246628
4 1151 2879 3794.3137983
3 1152 2885 3800.57918954
2 1153 2886 3803.57918954
1 1154 2887 3807.77460115
2 1155 2888 3808.18045617
3 1156 2890 3812.23564217
4 1157 2892 3816.07694734
3 1158 2900 3826.23564217
4 1159 2901 3826.99607663
5 1160 2903 3827.64331735
4 1161 2905 3833.07694734
5 1162 2906 3834.69353599
4 1163 2908 3837.18045617
3 1164 2915 3845.69353599
2 1165 2916 3846.99607663
1 1166 2917 3847.64331735
2 1167 2918 3853.58067933
3 1168 2921 3854.88726016
4 1169 2922 3865.17759178
3 1170 2929 3876.58067933
2 1171 2930 3882.58067933
1 1172 2932 3888.17759178
2 1173 2933 3894.10138371
3 1174 2936 3904.67489268
4 1175 2940 3913.12087974
3 1176 2942 3914.10138371
4 1177 2946 3917.28558521
5 1178 2949 3918.80300756
6 1179 2951 3920.28553826
7 1180 2952 3922.02792058
6 1181 2954 3924.67489268
5 1182 2958 3927.12087974
6 1183 2959 3929.5675848
7 1184 2960 3932.23306766
8 1185 2961 3936.79591525
7 1186 2965 3938.67489268
6 1187 2967 3947.12087974
7 1188 2972 3965.41539634
8 1189 2973 3968.56968446
7 1190 2975 3970.67489268
6 1191 2977 3973.12087974
7 1192 2981 3982.47253086
6 1193 2986 3990.67489268
5 1194 2987 3996.12087974
6 1195 2988 3996.80348025
5 1196 2990 3999.12087974
6 1197 2991 4001.35513382
5 1198 2999 4010.67489268
6 1199 3000 4010.99399263
7 1200 3004 4015.8909583
6 1201 3006 4022.12087974
5 1202 3008 4022.33552439
6 1203 3012 4025.56900287
5 1204 3015 4030.67489268
4 1205 3018 4033.67489268
5 1206 3020 4035.46611099
4 1207 3021 4036.12087974
3 1208 3023 4036.33552439
4 1209 3026 4037.76369426
5 1210 3029 4039.18114791
6 1211 3032 4048.46984095
5 1212 3036 4051.76369426
4 1213 3038 4053.12087974
3 1214 3039 4053.67489268
4 1215 3040 4054.22820297
5 1216 3042 4054.5866267
4 1217 3045 4056.12087974
5 1218 3047 4058.99898711
6 1219 3052 4068.92325058
5 1220 3054 4071.22820297
4 1221 3056 4071.76369426
3 1222 3057 4079.12087974
4 1223 3058 4080.02058952
5 1224 3062 4085.37094913
6 1225 3065 4087.33570947
5 1226 3068 4091.02058952
4 1227 3070 4091.76369426
5 1228 3074 4095.69093055
6 1229 3075 4100.04374973
5 1230 3077 4100.22820297
6 1231 3078 4100.90221452
7 1232 3081 4102.50553287
6 1233 3083 4108.76369426
7 1234 3088 4118.21928755
6 1235 3092 4120.02058952
7 1236 3093 4120.58596564
6 1237 3095 4123.22820297
5 1238 3096 4125.76369426
6 1239 3098 4126.1791948
7 1240 3101 4130.66842451
8 1241 3102 4130.72752661
7 1242 3106 4134.22820297
8 1243 3111 4136.9693541
9 1244 3112 4140.89669303
8 1245 3116 4143.02058952
7 1246 3120 4145.76369426
6 1247 3122 4147.10138371
7 1248 3123 4148.33112258
6 1249 3125 4151.22820297
5 1250 3135 4163.02058952
4 1251 3136 4167.10138371
3 1252 3137 4171.22820297
4 1253 3141 4173.64590055
3 1254 3144 4180.76369426
2 1255 3145 4183.02058952
3 1256 3149 4183.67029722
4 1257 3151 4188.22373008
5 1258 3152 4188.39427327
6 1259 3154 4191.92957199
7 1260 3155 4192.67902878
6 1261 3157 4193.64590055
7 1262 3159 4200.36905764
8 1263 3165 4203.58444761
9 1264 3166 4204.75732062
10 1265 3167 4204.97050574
11 1266 3168 4207.94016953
10 1267 3170 4210.64590055
9 1268 3172 4212.67029722
8 1269 3173 4212.67029722
9 1270 3174 4214.47108347
10 1271 3175 4214.65598501
11 1272 3179 4219.10446098
12 1273 3183 4224.28780639
13 1274 3184 4227.32579029
12 1275 3187 4227.64590055
11 1276 3188 4227.64590055
12 1277 3189 4227.90850171
11 1278 3191 4229.67029722
10 1279 3197 4238.64590055
9 1280 3198 4241.64590055
8 1281 3205 4249.67029722
9 1282 3206 4252.46869566
8 1283 3208 4252.64590055
7 1284 3209 4252.64590055
6 1285 3215 4263.67029722
5 1286 3219 4272.64590055
6 1287 3222 4276.44214957
5 1288 3225 4277.67029722
4 1289 3226 4280.64590055
5 1290 3231 4282.83762594
4 1291 3232 4285.67029722
5 1292 3233 4288.08284011
4 1293 3235 4288.67029722
5 1294 3240 4294.80216421
4 1295 3242 4305.67029722
3 1296 3244 4306.64590055
4 1297 3245 4307.85026352
5 1298 3251 4317.41981943
6 1299 3252 4317.8279425
7 1300 3253 4319.51110228
6 1301 3259 4325.67029722
7 1302 3260 4326.11333267
8 1303 3261 4327.31472777
7 1304 3263 4327.4046572
6 1305 3267 4332.64590055
5 1306 3271 4338.4046572
4 1307 3276 4345.67029722
5 1308 3278 4349.1682879
4 1309 3279 4349.4046572
3 1310 3283 4355.64590055
2 1311 3284 4356.67029722
3 1312 3289 4365.96182235
2 1313 3291 4366.4046572
3 1314 3292 4368.67091436
4 1315 3298 4377.77987267
3 1316 3300 4379.96182235
4 1317 3301 4380.59978607
3 1318 3303 4385.67091436
4 1319 3304 4390.05896662
5 1320 3305 4391.04506903
6 1321 3306 4392.7252268
5 1322 3313 4399.96182235
6 1323 3315 4402.5064377
7 1324 3318 4405.34334486
6 1325 3320 4408.67091436
5 1326 3321 4410.96182235
6 1327 3323 4413.5311185
7 1328 3324 4415.51858539
8 1329 3325 4416.40033854
9 1330 3326 4421.27832032
8 1331 3331 4430.96182235
7 1332 3334 4431.67091436
8 1333 3335 4432.16085507
9 1334 3336 4432.51834488
10 1335 3337 4434.54955739
11 1336 3340 4438.26935952
10 1337 3344 4441.96182235
11 1338 3345 4442.18395183
10 1339 3346 4445.67091436
11 1340 3351 4455.39233256
10 1341 3353 4455.96182235
11 1342 3356 4459.13470438
12 1343 3360 4462.10829909
11 1344 3363 4471.67091436
10 1345 3366 4474.67091436
9 1346 3370 4478.96182235
10 1347 3371 4482.31977396
11 1348 3372 4482.56401062
10 1349 3377 4486.96182235
11 1350 3381 4489.3544947
10 1351 3383 4492.96182235
9 1352 3385 4494.67091436
8 1353 3386 4494.67091436
7 1354 3387 4498.96182235
6 1355 3394 4509.96182235
7 1356 3398 4520.33639849
6 1357 3400 4520.67091436
5 1358 3401 4520.96182235
6 1359 3402 4520.98514188
7 1360 3403 4521.4916471
6 1361 3407 4529.96182235
7 1362 3408 4530.35396407
6 1363 3410 4531.67091436
7 1364 3411 4535.19687794
8 1365 3414 4536.83168487
7 1366 3418 4542.67091436
6 1367 3421 4546.96182235
5 1368 3424 4553.67091436
6 1369 3427 4555.3485424
7 1370 3428 4556.79782836
8 1371 3429 4558.48179373
7 1372 3431 4558.67091436
8 1373 3434 4559.96455242
7 1374 3438 4563.96182235
8 1375 3439 4567.75498407
7 1376 3440 4569.67091436
8 1377 3444 4576.09897544
9 1378 3449 4579.2623973
10 1379 3450 4580.53893295
9 1380 3452 4583.96182235
8 1381 3454 4586.67091436
9 1382 3455 4587.20709146
10 1383 3459 4593.28081416
11 1384 3463 4595.03698174
12 1385 3464 4597.52139518
13 1386 3465 4599.05212618
12 1387 3467 4600.96182235
11 1388 3472 4603.67091436
10 1389 3475 4606.67091436
11 1390 3476 4609.53952146
10 1391 3480 4611.67091436
9 1392 3486 4620.96182235
10 1393 3487 4622.32643025
9 1394 3494 4626.01325304
10 1395 3496 4626.47510662
9 1396 3500 4631.96182235
10 1397 3501 4632.30454713
11 1398 3502 4633.34824159
10 1399 3504 4634.67091436
9 1400 3505 4634.96182235
8 1401 3506 4634.96182235
9 1402 3507 4636.60732021
8 1403 3509 4637.01325304
7 1404 3513 4642.67091436
8 1405 3518 4646.18697094
9 1406 3519 4647.08074391
8 1407 3521 4648.01325304
7 1408 3522 4651.96182235
6 1409 3536 4662.67091436
5 1410 3538 4662.96182235
6 1411 3539 4664.63119317
5 1412 3540 4665.01325304
4 1413 3544 4671.78170842
5 1414 3546 4674.01800376
4 1415 3550 4676.67091436
5 1416 3555 4681.1608929
4 1417 3557 4682.01325304
5 1418 3558 4686.43977525
6 1419 3560 4687.4581953
7 1420 3561 4687.64267169
6 1421 3562 4688.01325304
7 1422 3565 4691.62031547
6 1423 3567 4691.96182235
5 1424 3569 4692.1608929
6 1425 3570 4698.21683241
7 1426 3577 4709.40874046
6 1427 3579 4712.1608929
5 1428 3581 4712.43977525
6 1429 3584 4714.11352216
5 1430 3586 4714.96182235
6 1431 3587 4716.35077678
7 1432 3588 4718.78288124
6 1433 3592 4720.43977525
7 1434 3593 4721.04555398
6 1435 3597 4729.1608929
5 1436 3600 4731.43977525
6 1437 3602 4735.15757655
5 1438 3604 4737.96182235
6 1439 3607 4744.26149764
7 1440 3610 4744.95027472
6 1441 3614 4749.1608929
5 1442 3616 4757.43977525
4 1443 3617 4760.96182235
5 1444 3623 4766.17164951
6 1445 3624 4767.55032456
5 1446 3627 4775.1608929
4 1447 3632 4777.43977525
3 1448 3633 4777.96182235
4 1449 3635 4778.1334261
5 1450 3639 4785.73832855
6 1451 3642 4787.09161103
5 1452 3648 4792.1608929
4 1453 3650 4792.87125995
3 1454 3651 4795.1334261
4 1455 3652 4799.56746301
5 1456 3654 4799.66053014
4 1457 3655 4801.1334261
3 1458 3661 4810.56746301
2 1459 3664 4812.1608929
3 1460 3665 4812.17855707
4 1461 3667 4815.57575828
5 1462 3671 4821.76269472
4 1463 3675 4827.1334261
3 1464 3676 4832.17855707
2 1465 3677 4835.57575828
3 1466 3680 4848.16148823
4 1467 3682 4849.43063394
3 1468 3684 4850.1334261
4 1469 3685 4851.82100824
5 1470 3690 4853.70504475
4 1471 3696 4859.82100824
3 1472 3697 4862.82100824
2 1473 3698 4863.43063394
3 1474 3699 4863.54768542
2 1475 3701 4868.16148823
1 1476 3704 4880.54768542
2 1477 3705 4887.68867835
3 1478 3707 4889.24125031
4 1479 3709 4891.8038664
3 1480 3715 4900.24125031
4 1481 3716 4902.94526948
3 1482 3718 4904.68867835
4 1483 3721 4908.683935
5 1484 3723 4909.40495612
4 1485 3730 4914.8038664
5 1486 3731 4919.10731576
6 1487 3733 4920.05805512
5 1488 3736 4922.683935
6 1489 3738 4924.08332423
5 1490 3740 4925.94526948
6 1491 3742 4927.22114327
7 1492 3744 4927.51201804
8 1493 3746 4927.85192318
9 1494 3754 4931.13353882
8 1495 3755 4934.67091436
9 1496 3757 4935.26841618
8 1497 3758 4939.10731576
7 1498 3759 4939.683935
6 1499 3760 4942.683935
5 1500 3766 4945.683935
4 1501 3767 4948.94526948
3 1502 3768 4948.94526948
2 1503 3769 4951.94526948
3 1504 3770 4952.72816048
4 1505 3772 4953.19312092
3 1506 3778 4960.94526948
4 1507 3780 4964.18092509
3 1508 3782 4964.19312092
2 1509 3783 4966.72816048
3 1510 3786 4971.86010296
4 1511 3791 4980.78549316
3 1512 3793 4981.18092509
4 1513 3794 4985.00770432
5 1514 3796 4987.86903694
4 1515 3799 4991.86010296
5 1516 3801 4997.24132271
4 1517 3802 5000.78549316
5 1518 3810 5004.67210302
4 1519 3812 5008.00770432
3 1520 3813 5011.78549316
2 1521 3816 5016.00770432
1 1522 3817 5017.86010296
2 1523 3818 5025.96427371
3 1524 3822 5032.54941488
4 1525 3824 5033.5715919
5 1526 3826 5034.43033767
4 1527 3827 5039.96427371
5 1528 3831 5046.4176364
4 1529 3833 5047.5715919
5 1530 3838 5051.21901926
6 1531 3841 5055.75879609
5 1532 3842 5056.96427371
4 1533 3845 5058.54941488
3 1534 3846 5058.5715919
4 1535 3849 5062.71600663
3 1536 3851 5066.54941488
2 1537 3856 5073.71600663
3 1538 3857 5079.07955608
2 1539 3859 5079.96427371
3 1540 3860 5083.50503288
4 1541 3864 5093.84143865
3 1542 3866 5096.07955608
2 1543 3869 5103.50503288
3 1544 3870 5104.02994531
4 1545 3874 5109.85851303
5 1546 3878 5111.58358697
6 1547 3879 5112.72319723
5 1548 3883 5119.84143865
4 1549 3884 5123.85851303
3 1550 3886 5124.02994531
4 1551 3887 5124.09726772
5 1552 3889 5126.77469667
6 1553 3894 5133.03100478
5 1554 3896 5136.84143865
4 1555 3899 5141.09726772
5 1556 3901 5141.97993881
6 1557 3902 5142.1607908
5 1558 3905 5146.85851303
6 1559 3909 5148.30632228
7 1560 3912 5154.48326809
8 1561 3913 5154.6169441
9 1562 3914 5154.64531878
10 1563 3915 5154.83275666
9 1564 3918 5156.84143865
8 1565 3923 5160.85851303
7 1566 3925 5161.09726772
8 1567 3927 5162.32752348
7 1568 3929 5164.84143865
6 1569 3930 5167.84143865
7 1570 3933 5169.42200609
8 1571 3939 5175.23842013
7 1572 3942 5178.84143865
8 1573 3943 5179.14423613
7 1574 3946 5181.09726772
6 1575 3947 5183.85851303
7 1576 3949 5184.93714655
6 1577 3954 5189.85851303
7 1578 3955 5191.98792288
6 1579 3957 5192.09726772
5 1580 3961 5195.09726772
6 1581 3962 5195.73957268
7 1582 3965 5197.13040768
6 1583 3967 5198.84143865
5 1584 3968 5198.84143865
4 1585 3972 5203.09726772
5 1586 3973 5203.29774317
6 1587 3974 5208.23511803
7 1588 3979 5211.92328843
8 1589 3982 5222.44103152
7 1590 3984 5223.09726772
6 1591 3986 5224.84143865
7 1592 3989 5231.1788595
8 1593 3992 5236.42899421
7 1594 3994 5237.09726772
8 1595 3997 5238.56610913
9 1596 3998 5239.01765463
8 1597 3999 5241.84143865
9 1598 4001 5242.21207832
8 1599 4003 5243.94526948
9 1600 4006 5247.74797492
8 1601 4012 5257.09726772
7 1602 4014 5258.84143865
8 1603 4015 5258.8470982
7 1604 4017 5260.94526948
8 1605 4019 5262.31574715
7 1606 4028 5271.94526948
6 1607 4032 5278.84143865
5 1608 4034 5279.94526948
4 1609 4035 5280.94526948
3 1610 4036 5283.09726772
4 1611 4040 5286.51132694
3 1612 4044 5295.84143865
2 1613 4045 5299.94526948
3 1614 4047 5303.55705481
2 1615 4053 5315.84143865
1 1616 4055 5323.55705481
2 1617 4056 5326.34797459
3 1618 4058 5326.40772935
4 1619 4060 5328.14866809
3 1620 4064 5340.34797459
4 1621 4065 5342.53280363
5 1622 4066 5343.57952034
6 1623 4069 5357.32375726
7 1624 4070 5360.04026252
6 1625 4071 5360.34797459
7 1626 4073 5361.11150361
8 1627 4076 5364.50053811
9 1628 4077 5366.49086798
10 1629 4078 5370.62558692
9 1630 4080 5377.34797459
10 1631 4081 5378.96054888
9 1632 4085 5391.34797459
10 1633 4086 5391.77992093
11 1634 4089 5396.55148569
10 1635 4096 5408.34797459
11 1636 4097 5410.70590127
10 1637 4102 5411.99553546
9 1638 4103 5414.99553546
10 1639 4106 5417.60995538
9 1640 4111 5419.34797459
8 1641 4114 5420.99553546
9 1642 4115 5422.5068302
8 1643 4122 5427.34797459
7 1644 4123 5427.34797459
8 1645 4124 5429.62552911
7 1646 4128 5433.34797459
8 1647 4132 5435.96754113
7 1648 4133 5436.34797459
6 1649 4134 5437.99553546
7 1650 4138 5444.11707724
6 1651 4139 5446.99553546
5 1652 4143 5453.34797459
4 1653 4148 5454.99553546
5 1654 4149 5460.69901233
4 1655 4151 5460.85851303
3 1656 4152 5460.85851303
4 1657 4153 5463.6198874
3 1658 4155 5466.85851303
4 1659 4157 5473.43230764
5 1660 4163 5477.89881948
4 1661 4165 5480.6198874
3 1662 4166 5480.69901233
2 1663 4167 5486.69901233
3 1664 4170 5488.65110471
4 1665 4172 5488.90393728
5 1666 4174 5492.49333621
4 1667 4180 5500.89881948
3 1668 4181 5502.65110471
4 1669 4182 5505.24425512
5 1670 4184 5505.49425826
4 1671 4185 5508.90393728
5 1672 4192 5511.28255736
4 1673 4196 5519.90393728
3 1674 4197 5520.89881948
4 1675 4198 5521.3303008
3 1676 4200 5525.24425512
2 1677 4201 5525.24425512
3 1678 4202 5527.27363064
4 1679 4208 5538.61959104
3 1680 4210 5541.3303008
4 1681 4211 5541.92940276
3 1682 4215 5547.27363064
4 1683 4218 5550.21189466
3 1684 4222 5555.61959104
4 1685 4224 5559.97908781
5 1686 4226 5561.22280164
4 1687 4227 5561.92940276
5 1688 4231 5564.78845926
4 1689 4238 5573.97908781
3 1690 4239 5576.21189466
2 1691 4240 5578.92940276
3 1692 4241 5583.08983905
4 1693 4245 5588.53354186
3 1694 4247 5590.09726772
2 1695 4252 5600.08983905
1 1696 4253 5602.53354186
2 1697 4254 5603.10813344
3 1698 4256 5604.46838838
4 1699 4258 5605.39261546
5 1700 4264 5612.04271865
4 1701 4268 5614.10813344
3 1702 4269 5619.39261546
2 1703 4270 5621.46838838
3 1704 4271 5624.00066844
4 1705 4275 5625.34833708
5 1706 4277 5628.06159276
6 1707 4283 5636.40103322
7 1708 4284 5637.02786209
8 1709 4285 5637.67215192
7 1710 4287 5638.04271865
6 1711 4291 5639.06159276
5 1712 4293 5642.34833708
4 1713 4296 5644.00066844
3 1714 4301 5647.06159276
4 1715 4302 5655.36384784
3 1716 4304 5656.34833708
4 1717 4305 5657.68280844
3 1718 4307 5658.04271865
4 1719 4309 5659.07372372
3 1720 4315 5666.36384784
2 1721 4316 5668.68280844
3 1722 4317 5668.78561534
2 1723 4319 5671.68280844
3 1724 4320 5678.01257027
4 1725 4326 5685.71146846
3 1726 4328 5685.78561534
4 1727 4329 5689.56073465
5 1728 4331 5689.92906004
6 1729 4333 5689.99330328
7 1730 4334 5693.24471253
6 1731 4340 5698.01257027
5 1732 4345 5703.56073465
4 1733 4347 5705.71146846
5 1734 4350 5710.65397425
4 1735 4352 5712.01257027
3 1736 4353 5712.92906004
2 1737 4354 5714.56073465
3 1738 4355 5718.32290457
4 1739 4359 5723.80728009
5 1740 4361 5723.97113227
6 1741 4363 5724.23931971
7 1742 4365 5728.41298973
8 1743 4367 5730.54338283
7 1744 4369 5730.65397425
6 1745 4375 5734.80728009
5 1746 4379 5738.32290457
4 1747 4380 5741.32290457
5 1748 4381 5741.40444946
4 1749 4385 5743.97113227
5 1750 4386 5745.0865651
6 1751 4388 5745.2847922
5 1752 4393 5752.40444946
4 1753 4395 5752.97113227
3 1754 4396 5756.65397425
2 1755 4397 5759.0865651
3 1756 4399 5768.83580134
4 1757 4401 5769.29806248
5 1758 4407 5773.77666637
6 1759 4410 5776.75501671
5 1760 4414 5780.29806248
6 1761 4417 5782.92918306
5 1762 4419 5784.40444946
4 1763 4420 5784.77666637
5 1764 4421 5784.8205506
4 1765 4425 5788.83580134
5 1766 4426 5791.74853398
4 1767 4428 5791.83580134
3 1768 4429 5792.8205506
4 1769 4434 5807.2098681
3 1770 4436 5808.92918306
2 1771 4437 5811.74853398
3 1772 4440 5818.36554045
4 1773 4442 5821.29735736
3 1774 4446 5824.2098681
4 1775 4447 5825.98662862
3 1776 4453 5835.29735736
2 1777 4454 5835.36554045
1 1778 4455 5839.98662862
2 1779 4456 5853.27253257
3 1780 4460 5861.41919224
2 1781 4462 5870.27253257
3 1782 4463 5871.48276726
4 1783 4467 5875.39113264
5 1784 4469 5876.46550514
6 1785 4471 5877.09682513
5 1786 4473 5878.41919224
6 1787 4474 5879.96304771
5 1788 4486 5887.46550514
4 1789 4487 5887.96304771
3 1790 4488 5888.48276726
4 1791 4489 5889.33547156
3 1792 4491 5892.39113264
2 1793 4494 5897.09682513
3 1794 4495 5898.77668791
4 1795 4497 5899.78877263
5 1796 4501 5902.87920003
4 1797 4503 5904.78877263
5 1798 4505 5905.79475475
4 1799 4506 5906.33547156
5 1800 4507 5906.76745797
6 1801 4511 5908.10498926
7 1802 4517 5913.03765515
6 1803 4521 5915.77668791
5 1804 4523 5919.10498926
4 1805 4526 5922.10498926
5 1806 4527 5922.82795733
4 1807 4529 5922.87920003
3 1808 4530 5924.77668791
2 1809 4531 5926.76745797
3 1810 4535 5929.64527023
4 1811 4537 5932.7156682
3 1812 4541 5936.82795733
4 1813 4542 5939.32512737
3 1814 4548 5940.64527023
2 1815 4549 5946.7156682
1 1816 4550 5950.32512737
2 1817 4551 5957.09336482
3 1818 4555 5973.13835702
2 1819 4557 5974.09336482
3 1820 4558 5975.68203009
4 1821 4560 5978.55614989
5 1822 4566 5985.79846486
4 1823 4568 5986.68203009
3 1824 4571 5995.55614989
2 1825 4572 5996.13835702
3 1826 4574 5996.41795974
4 1827 4578 6000.30041366
3 1828 4581 6005.79846486
4 1829 4586 6011.29926887
5 1830 4588 6011.68043919
6 1831 4589 6016.04101776
5 1832 4591 6017.30041366
6 1833 4592 6018.23303211
5 1834 4598 6022.29926887
4 1835 4600 6022.41795974
5 1836 4603 6027.82409108
4 1837 4605 6028.30041366
3 1838 4608 6030.41795974
2 1839 4609 6039.29926887
1 1840 4612 6048.30041366
2 1841 4614 6051.07575127
3 1842 4616 6052.77205639
4 1843 4619 6054.71215213
5 1844 4620 6059.11496836
6 1845 4621 6062.22910779
7 1846 4628 6072.66104243
6 1847 4630 6072.77205639
5 1848 4631 6075.77205639
4 1849 4633 6077.07575127
5 1850 4634 6079.69848977
6 1851 4639 6088.83246358
5 1852 4641 6091.07575127
6 1853 4642 6092.5595956
5 1854 4646 6098.77205639
4 1855 4649 6111.07575127
3 1856 4654 6121.77205639
4 1857 4655 6123.52901553
3 1858 4657 6125.07575127
2 1859 4660 6132.77205639
3 1860 4662 6133.81943177
4 1861 4664 6134.03976209
3 1862 4668 6142.07575127
4 1863 4670 6142.36240904
3 1864 4671 6145.07575127
2 1865 4677 6156.07575127
3 1866 4678 6161.2554692
4 1867 4680 6161.68705254
5 1868 4684 6166.30168969
6 1869 4688 6170.7118191
5 1870 4689 6181.2554692
4 1871 4691 6181.77668791
3 1872 4693 6184.2554692
4 1873 4694 6184.66887958
3 1874 4700 6195.2554692
2 1875 4701 6195.77668791
3 1876 4702 6199.31715336
4 1877 4704 6199.73630497
5 1878 4705 6201.49639128
4 1879 4710 6209.2554692
3 1880 4713 6210.31715336
4 1881 4714 6215.22636362
5 1882 4721 6223.95612803
6 1883 4722 6224.30078525
5 1884 4725 6229.13835702
4 1885 4728 6232.2554692
5 1886 4729 6232.69234697
4 1887 4731 6233.31715336
5 1888 4735 6238.86641968
6 1889 4737 6239.97485321
5 1890 4740 6243.13835702
4 1891 4743 6246.13835702
5 1892 4747 6247.79210894
4 1893 4748 6252.69234697
3 1894 4750 6252.86641968
4 1895 4753 6255.99735385
5 1896 4755 6257.10429493
4 1897 4757 6257.13835702
5 1898 4760 6261.95646081
4 1899 4761 6263.69234697
5 1900 4763 6266.25833519
4 1901 4764 6266.99735385
5 1902 4769 6267.18457278
6 1903 4770 6267.33532498
5 1904 4777 6274.13835702
4 1905 4780 6280.69234697
3 1906 4782 6283.69234697
2 1907 4783 6283.99735385
1 1908 4784 6285.13835702
2 1909 4785 6286.22398869
3 1910 4789 6289.69933754
2 1911 4793 6297.22398869
1 1912 4796 6309.69933754
2 1913 4797 6316.93852125
1 1914 4801 6324.93852125
2 1915 4802 6325.00943105
3 1916 4804 6325.93422057
2 1917 4810 6336.93422057
3 1918 4812 6339.03141829
4 1919 4813 6341.0791181
3 1920 4815 6342.00943105
2 1921 4820 6352.0791181
1 1922 4821 6353.03141829
2 1923 4822 6358.9724631
3 1924 4826 6370.94047035
4 1925 4828 6374.51432357
5 1926 4830 6374.52784488
4 1927 4833 6375.9724631
5 1928 4840 6388.9679651
6 1929 4844 6393.42814615
5 1930 4846 6394.51432357
4 1931 4847 6396.94047035
3 1932 4850 6398.77668791
2 1933 4851 6399.9679651
3 1934 4852 6400.3020741
4 1935 4854 6404.81953108
3 1936 4856 6405.51432357
4 1937 4857 6406.02421511
3 1938 4865 6415.81953108
2 1939 4866 6417.02421511
3 1940 4867 6419.00573357
2 1941 4869 6426.3020741
3 1942 4872 6430.46137487
4 1943 4874 6436.14903353
5 1944 4878 6441.67606419
4 1945 4880 6442.00573357
5 1946 4881 6442.1515166
4 1947 4883 6444.46137487
5 1948 4884 6444.95025634
4 1949 4890 6450.1515166
5 1950 4891 6456.95666016
4 1951 4895 6459.14903353
5 1952 4898 6461.71722414
6 1953 4900 6464.40273078
7 1954 4901 6465.78662758
8 1955 4904 6469.82193878
9 1956 4907 6471.13257784
10 1957 4908 6472.2898574
11 1958 4909 6473.44576578
10 1959 4911 6473.67606419
9 1960 4914 6473.95025634
8 1961 4917 6473.95666016
9 1962 4921 6475.50108977
10 1963 4922 6475.57972187
9 1964 4923 6475.71722414
10 1965 4926 6476.25782273
9 1966 4928 6478.95666016
8 1967 4935 6484.95666016
9 1968 4938 6486.21239504
10 1969 4939 6486.59898707
11 1970 4942 6489.19725573
10 1971 4944 6490.95025634
9 1972 4945 6490.95025634
8 1973 4946 6490.95025634
7 1974 4948 6492.95666016
6 1975 4951 6493.67606419
5 1976 4952 6495.71722414
6 1977 4953 6496.38287636
7 1978 4955 6499.15837712
8 1979 4960 6502.32598963
7 1980 4966 6504.95025634
6 1981 4969 6506.95666016
5 1982 4970 6510.38287636
4 1983 4971 6510.67606419
5 1984 4972 6511.03671967
6 1985 4974 6511.43147947
5 1986 4975 6513.67606419
6 1987 4985 6518.46203471
5 1988 4988 6521.95025634
4 1989 4991 6523.95666016
5 1990 4992 6526.37965031
4 1991 4994 6530.67606419
5 1992 4995 6531.18533246
4 1993 4997 6532.69234697
3 1994 4998 6534.03671967
4 1995 5001 6540.68410641
5 1996 5003 6542.79118529
4 1997 5010 6549.37965031
3 1998 5013 6551.68410641
2 1999 5016 6554.18533246
1 2000 5017 6555.07045227
0 2001 5018 6559.79118529
0 2002 5018 6559.79118529
