#data counter step time
0 1 0 0.0
1 2 1 0.0
2 3 7 11.0564567576
3 4 8 27.8885863273
4 5 9 29.4304376657
5 6 10 53.0215624068
6 7 11 53.37247345
7 8 12 59.6539796852
8 9 13 64.7978347412
9 10 14 69.8428203282
10 11 15 75.6820084561
11 12 16 78.8882830695
12 13 17 78.8923438912
13 14 18 80.25074829
14 15 19 83.0263434013
15 16 20 88.129816677
16 17 21 91.3181500495
17 18 22 91.8330791552
18 19 23 94.3588078127
19 20 24 99.1893936184
20 21 25 100.620232477
21 22 26 115.872084835
22 23 27 123.991173943
23 24 28 125.770117418
24 25 29 127.223495962
25 26 30 131.722494534
26 27 31 136.90743505
27 28 32 138.489211174
28 29 33 140.855656314
29 30 34 141.988611102
30 31 35 150.661004883
31 32 36 160.69838771
32 33 37 170.923140798
33 34 38 174.348408972
34 35 39 191.094674048
35 36 40 197.722791877
36 37 41 200.694202013
37 38 42 204.514592848
38 39 43 205.900168031
39 40 44 219.916347111
40 41 45 222.07432232
41 42 46 222.369831719
42 43 47 223.68051905
43 44 48 225.681794997
44 45 49 238.184831941
45 46 50 244.098281445
46 47 51 258.081445167
47 48 52 258.261973607
48 49 53 269.40143494
49 50 54 276.469094911
50 51 55 277.931659157
51 52 56 278.103413505
52 53 57 281.215819609
53 54 58 281.610212225
54 55 59 291.79813391
55 56 60 293.818084104
56 57 61 299.099419479
57 58 62 317.849278495
58 59 63 321.466397722
59 60 64 325.625923577
60 61 65 327.304025866
61 62 66 336.715376632
62 63 67 347.261815237
63 64 68 354.793733046
64 65 69 354.915355174
65 66 70 357.675133199
66 67 71 359.899097175
67 68 72 363.386414357
68 69 73 375.624489482
69 70 74 383.437522683
70 71 75 386.937973879
71 72 76 390.334836789
72 73 77 390.979382055
73 74 78 395.768213349
74 75 79 396.475491972
75 76 80 406.536991402
76 77 81 408.760165144
77 78 82 436.185093193
78 79 83 442.044829946
79 80 84 458.171239621
80 81 85 469.971226265
81 82 86 484.565636473
82 83 87 496.117795885
83 84 88 496.515275223
84 85 89 497.075118028
85 86 90 499.435223379
86 87 91 525.369583404
87 88 92 533.75001852
88 89 93 540.206610509
89 90 94 542.561217725
90 91 95 544.742937011
91 92 96 545.658074292
92 93 97 555.004002629
93 94 98 557.536363206
94 95 99 574.410561075
95 96 100 583.322070762
96 97 101 585.419672419
97 98 102 596.300695233
98 99 103 598.733560208
99 100 104 605.103242102
100 101 105 610.981829994
101 102 106 617.171188305
102 103 107 620.515586075
103 104 108 625.321335565
104 105 109 637.607460409
105 106 110 637.745803296
106 107 111 642.074277916
107 108 112 643.333307249
108 109 113 645.593956736
109 110 114 647.584476185
110 111 115 658.84825729
111 112 116 660.760551222
112 113 117 661.975899383
113 114 118 663.362379091
114 115 119 671.928302132
115 116 120 705.711473113
116 117 121 709.617846841
117 118 122 712.605657926
118 119 123 723.619409001
119 120 124 725.856429657
120 121 125 740.296406119
121 122 126 744.232843032
122 123 127 747.236555224
123 124 128 749.758169181
124 125 129 753.542154799
125 126 130 757.096189463
126 127 131 767.746802369
127 128 132 771.179509178
128 129 133 771.907877042
129 130 134 774.345559837
130 131 135 774.454195428
131 132 136 776.996700689
132 133 137 779.827583994
133 134 138 790.823456858
134 135 139 797.065868526
135 136 140 797.206503992
136 137 141 797.974805269
137 138 142 812.890968392
138 139 143 813.290194076
139 140 144 814.852736553
140 141 145 815.870744261
141 142 146 816.870657535
142 143 147 817.533221444
143 144 148 822.309535046
144 145 149 830.862556245
145 146 150 855.01614141
146 147 151 855.476646757
147 148 152 858.638330647
148 149 153 862.694685284
149 150 154 862.944860047
150 151 155 896.429200792
151 152 156 900.945071355
152 153 157 901.92900313
153 154 158 906.863407873
154 155 159 919.884931307
155 156 160 921.659018155
156 157 161 934.353732225
157 158 162 951.818766386
158 159 163 952.13717584
159 160 164 952.4823162
160 161 165 965.916033015
161 162 166 978.096583592
162 163 167 981.100251865
163 164 168 982.967940397
164 165 169 992.969720474
165 166 170 1002.64996415
166 167 171 1003.15541912
167 168 172 1005.45651417
168 169 173 1009.35287361
169 170 174 1012.0046326
170 171 175 1014.82333493
171 172 176 1024.43536717
172 173 177 1029.36384836
173 174 178 1038.36529477
174 175 179 1043.47426298
175 176 180 1054.64874929
176 177 181 1056.76186091
177 178 182 1058.41377869
178 179 183 1063.37909984
179 180 184 1079.07328062
180 181 185 1096.56973965
181 182 186 1109.21476604
182 183 187 1110.03783499
183 184 188 1125.03534201
184 185 189 1144.78632149
185 186 190 1149.21699046
186 187 191 1154.02245367
187 188 192 1158.52949221
188 189 193 1170.70468969
189 190 194 1172.03691134
190 191 195 1178.30896101
191 192 196 1180.14876428
192 193 197 1188.96977717
193 194 198 1200.70982662
194 195 199 1218.94396919
195 196 200 1223.8304546
196 197 201 1224.50813216
197 198 202 1235.77757799
198 199 203 1250.71942024
199 200 204 1289.30375788
200 201 205 1315.08134053
201 202 206 1318.7369683
202 203 207 1324.89799422
203 204 208 1325.7290788
204 205 209 1333.0690732
205 206 210 1335.69795707
206 207 211 1342.73853105
207 208 212 1347.21290743
208 209 213 1364.32152431
209 210 214 1366.70261944
210 211 215 1385.735989
211 212 216 1397.47100879
212 213 217 1406.64837774
213 214 218 1408.01504247
214 215 219 1409.9176997
215 216 220 1436.61862153
216 217 221 1442.48042065
217 218 222 1442.94565932
218 219 223 1447.0390631
219 220 224 1453.63055314
220 221 225 1454.32826089
221 222 226 1455.4843197
222 223 227 1461.32424843
223 224 228 1462.47188057
224 225 229 1472.68399694
225 226 230 1477.36532937
226 227 231 1477.97314304
227 228 232 1483.95401346
228 229 233 1488.50685636
229 230 234 1490.66196339
230 231 235 1502.47124747
231 232 236 1517.3674806
232 233 237 1524.47852138
233 234 238 1547.78020359
234 235 239 1548.57735138
235 236 240 1550.73473271
236 237 241 1572.92903119
237 238 242 1585.87533501
238 239 243 1586.2904202
239 240 244 1593.24961344
240 241 245 1600.75047455
241 242 246 1607.70405931
242 243 247 1615.59922893
243 244 248 1617.1896972
244 245 249 1621.90847175
245 246 250 1629.09806599
246 247 251 1638.35256142
247 248 252 1638.89094293
248 249 253 1646.89803538
249 250 254 1662.63314382
250 251 255 1672.2605567
251 252 256 1680.3427304
252 253 257 1686.36660078
253 254 258 1691.41626543
254 255 259 1692.17925359
255 256 260 1692.20151059
256 257 261 1701.20728406
257 258 262 1704.24850186
258 259 263 1706.06049325
259 260 264 1712.33339346
260 261 265 1712.86833264
261 262 266 1721.56402855
262 263 267 1731.37432956
263 264 268 1733.36802791
264 265 269 1742.32022136
265 266 270 1743.62000236
266 267 271 1752.70594673
267 268 272 1757.27175562
268 269 273 1766.42042232
269 270 274 1778.91845187
270 271 275 1785.8025777
271 272 276 1792.89848449
272 273 277 1804.36018505
273 274 278 1806.94938604
274 275 279 1808.55377188
275 276 280 1808.63411707
276 277 281 1811.44740185
277 278 282 1823.52783636
278 279 283 1825.74667463
279 280 284 1827.04601151
280 281 285 1838.71232892
281 282 286 1846.52614747
282 283 287 1846.66637945
283 284 288 1847.50153495
284 285 289 1855.20956076
285 286 290 1863.02698531
286 287 291 1875.22245992
287 288 292 1879.01788379
288 289 293 1887.29694936
289 290 294 1889.40432879
290 291 295 1898.03682555
291 292 296 1900.10493841
292 293 297 1906.16226444
293 294 298 1912.24015069
294 295 299 1916.22119818
295 296 300 1919.01323536
296 297 301 1928.44852358
297 298 302 1933.15806549
298 299 303 1934.64020192
299 300 304 1938.48066091
300 301 305 1944.74670718
301 302 306 1947.44950354
302 303 307 1948.92773924
303 304 308 1954.91558557
304 305 309 1962.07275389
305 306 310 1975.559596
306 307 311 1983.89144058
307 308 312 1989.99710987
308 309 313 1994.96229693
309 310 314 2004.08103454
310 311 315 2010.88999047
311 312 316 2021.17957823
312 313 317 2027.07123403
313 314 318 2028.75356353
314 315 319 2028.79750585
315 316 320 2042.41273227
316 317 321 2045.05509243
317 318 322 2049.20076458
318 319 323 2054.15940032
319 320 324 2070.09206038
320 321 325 2073.54040534
321 322 326 2079.30398491
322 323 327 2085.30071892
323 324 328 2095.20445724
324 325 329 2095.80083327
325 326 330 2098.84279004
326 327 331 2102.4263746
327 328 332 2104.92440929
328 329 333 2114.56850097
329 330 334 2121.25958105
330 331 335 2132.50019696
331 332 336 2136.05739975
332 333 337 2140.31845202
333 334 338 2140.87885244
334 335 339 2146.74690858
335 336 340 2153.01610038
336 337 341 2156.76174076
337 338 342 2162.4530092
338 339 343 2166.28116768
339 340 344 2167.75555148
340 341 345 2179.99935842
341 342 346 2180.01154015
342 343 347 2185.0729989
343 344 348 2185.20343096
344 345 349 2185.3769336
345 346 350 2192.32751965
346 347 351 2192.51166848
347 348 352 2199.5132927
348 349 353 2201.22259022
349 350 354 2206.26160229
350 351 355 2211.19854583
351 352 356 2227.00427846
352 353 357 2233.04636793
353 354 358 2233.77058272
354 355 359 2254.89369677
355 356 360 2263.63753108
356 357 361 2270.31008708
357 358 362 2277.78271538
358 359 363 2282.1424407
359 360 364 2283.33072671
360 361 365 2287.31987979
361 362 366 2292.79045286
362 363 367 2301.74411485
363 364 368 2302.79021349
364 365 369 2308.06891942
365 366 370 2326.89019544
366 367 371 2328.99747732
367 368 372 2334.28283146
368 369 373 2339.21372357
369 370 374 2345.99931178
370 371 375 2351.07386619
371 372 376 2354.9287195
372 373 377 2373.83354946
373 374 378 2385.35742892
374 375 379 2388.57221307
375 376 380 2390.2377868
376 377 381 2392.31754034
377 378 382 2392.46713255
378 379 383 2393.1360416
379 380 384 2410.14841461
380 381 385 2413.33749239
381 382 386 2415.12511053
382 383 387 2428.81493183
383 384 388 2437.19014043
384 385 389 2450.54753855
385 386 390 2466.74977909
386 387 391 2480.36787244
387 388 392 2482.46020651
388 389 393 2483.44917502
389 390 394 2487.17021028
390 391 395 2488.81559439
391 392 396 2497.08077836
392 393 397 2498.08201411
393 394 398 2518.3405766
394 395 399 2529.10090711
395 396 400 2529.7299411
396 397 401 2530.65049415
397 398 402 2536.76270819
398 399 403 2537.61985975
399 400 404 2540.14950565
400 401 405 2542.09510264
401 402 406 2553.1484772
402 403 407 2556.96207067
403 404 408 2562.17972958
404 405 409 2586.29376945
405 406 410 2589.29958334
406 407 411 2596.94332929
407 408 412 2600.4729872
408 409 413 2609.86938988
409 410 414 2615.66497195
410 411 415 2619.95971997
411 412 416 2628.42806306
412 413 417 2631.15493479
413 414 418 2635.42005275
414 415 419 2639.77584352
415 416 420 2639.85758282
416 417 421 2650.57278881
417 418 422 2652.92799835
418 419 423 2655.72297517
419 420 424 2662.12560327
420 421 425 2666.08169869
421 422 426 2674.72194091
422 423 427 2681.19162023
423 424 428 2692.25853183
424 425 429 2712.41153801
425 426 430 2723.9993575
426 427 431 2746.68453317
427 428 432 2747.39486033
428 429 433 2754.56110111
429 430 434 2762.22084577
430 431 435 2763.87244103
431 432 436 2778.73039242
432 433 437 2780.47350295
433 434 438 2781.05988881
434 435 439 2784.72881691
435 436 440 2801.32623477
436 437 441 2807.78492827
437 438 442 2810.24291504
438 439 443 2813.24425604
439 440 444 2818.07675034
440 441 445 2822.99420403
441 442 446 2827.26919364
442 443 447 2832.93083284
443 444 448 2838.73470942
444 445 449 2840.4724389
445 446 450 2847.96934642
446 447 451 2851.4749889
447 448 452 2852.31462233
448 449 453 2858.39869798
449 450 454 2866.75292796
450 451 455 2876.407797
451 452 456 2876.65053134
452 453 457 2876.67038672
453 454 458 2885.53390443
454 455 459 2888.08814587
455 456 460 2892.34883246
456 457 461 2898.39770658
457 458 462 2898.43829935
458 459 463 2903.34780384
459 460 464 2918.40447078
460 461 465 2926.50308681
461 462 466 2943.67628704
462 463 467 2956.11854454
463 464 468 2970.85686113
464 465 469 2972.90468635
465 466 470 2974.09313858
466 467 471 2984.80508231
467 468 472 2991.69861296
468 469 473 2992.33839528
469 470 474 2999.46456686
470 471 475 3000.07111011
471 472 476 3007.69858809
472 473 477 3010.62195519
473 474 478 3021.76435063
474 475 479 3022.0888868
475 476 480 3030.13574816
476 477 481 3030.20518228
477 478 482 3032.37457696
478 479 483 3042.61952074
479 480 484 3045.97461415
480 481 485 3056.29822514
481 482 486 3072.66084775
482 483 487 3074.8732112
483 484 488 3079.6178832
484 485 489 3088.09755217
485 486 490 3091.03411431
486 487 491 3092.40816401
487 488 492 3095.25159691
488 489 493 3098.89228455
489 490 494 3112.0395612
490 491 495 3139.86732314
491 492 496 3159.42920912
492 493 497 3161.3607881
493 494 498 3165.72162155
494 495 499 3172.07406369
495 496 500 3184.75261556
496 497 501 3196.35000955
497 498 502 3198.04132405
498 499 503 3203.08477675
499 500 504 3212.94660966
500 501 505 3213.19867965
501 502 506 3218.89311204
502 503 507 3230.71166256
503 504 508 3244.79907671
504 505 509 3246.4396986
505 506 510 3249.43627838
506 507 511 3263.64556344
507 508 512 3265.30273485
508 509 513 3276.73407649
509 510 514 3281.72216753
510 511 515 3282.28037927
511 512 516 3287.38061826
512 513 517 3293.35337956
513 514 518 3294.49676337
514 515 519 3305.28043483
515 516 520 3316.74960164
516 517 521 3324.90010009
517 518 522 3331.58120836
518 519 523 3337.5845481
519 520 524 3342.77581135
520 521 525 3347.72316719
521 522 526 3351.11118373
522 523 527 3359.57034501
523 524 528 3371.14319288
524 525 529 3373.50781063
525 526 530 3391.83744712
526 527 531 3393.02363095
527 528 532 3393.23915906
528 529 533 3393.58550569
529 530 534 3402.58756551
530 531 535 3420.9012743
531 532 536 3426.53003771
532 533 537 3427.00128467
533 534 538 3431.80304118
534 535 539 3451.86362266
535 536 540 3454.16968059
536 537 541 3456.26299116
537 538 542 3474.04499855
538 539 543 3476.84850454
539 540 544 3485.01057065
540 541 545 3486.68062222
541 542 546 3486.84535847
542 543 547 3488.36718494
543 544 548 3488.3964958
544 545 549 3491.44904193
545 546 550 3493.56252603
546 547 551 3508.99722263
547 548 552 3510.08118688
548 549 553 3515.75786541
549 550 554 3525.50518213
550 551 555 3530.81404722
551 552 556 3532.93305799
552 553 557 3532.99363611
553 554 558 3535.15511361
554 555 559 3538.66533094
555 556 560 3555.27732391
556 557 561 3563.02973312
557 558 562 3574.13418283
558 559 563 3594.52266467
559 560 564 3599.07310041
560 561 565 3600.68575232
561 562 566 3603.28729333
562 563 567 3605.00783719
563 564 568 3608.09563102
564 565 569 3609.48096605
565 566 570 3612.7562136
566 567 571 3620.13399325
567 568 572 3637.76271514
568 569 573 3661.88158883
569 570 574 3669.79346674
570 571 575 3670.46233502
571 572 576 3682.27730664
572 573 577 3685.051053
573 574 578 3689.28027574
574 575 579 3697.54026092
575 576 580 3700.31633574
576 577 581 3702.98256371
577 578 582 3712.25652792
578 579 583 3714.9428914
579 580 584 3721.53448691
580 581 585 3723.01126825
581 582 586 3730.33025599
582 583 587 3737.91021681
583 584 588 3738.15891612
584 585 589 3741.89365757
585 586 590 3759.51524576
586 587 591 3767.2258831
587 588 592 3776.8322271
588 589 593 3777.69189088
589 590 594 3790.79654753
590 591 595 3807.01638212
591 592 596 3817.64324365
592 593 597 3819.35120229
593 594 598 3836.79879187
594 595 599 3848.0602344
595 596 600 3849.19691722
596 597 601 3855.69108285
597 598 602 3856.80015698
598 599 603 3857.14722822
599 600 604 3861.33950955
600 601 605 3863.52931532
601 602 606 3873.26336079
602 603 607 3883.05256253
603 604 608 3925.27813432
604 605 609 3926.84791377
605 606 610 3931.63918375
606 607 611 3932.29314925
607 608 612 3953.69029059
608 609 613 3958.51355156
609 610 614 3960.46261341
610 611 615 3962.92276411
611 612 616 3963.79235071
612 613 617 3972.72675857
613 614 618 3976.53254234
614 615 619 3980.49643504
615 616 620 3985.9318527
616 617 621 3993.12248253
617 618 622 3999.91183352
618 619 623 4021.22793979
619 620 624 4022.11009495
620 621 625 4025.54618089
621 622 626 4026.87541985
622 623 627 4031.17410756
623 624 628 4048.24686038
624 625 629 4050.4516553
625 626 630 4063.30749405
626 627 631 4087.64301806
627 628 632 4090.10512826
628 629 633 4095.10713995
629 630 634 4102.12027298
630 631 635 4105.21155537
631 632 636 4113.3909367
632 633 637 4113.7369177
633 634 638 4127.30859754
634 635 639 4149.4012384
635 636 640 4153.99760667
636 637 641 4157.8357363
637 638 642 4160.35115678
638 639 643 4170.00032401
639 640 644 4177.0116014
640 641 645 4185.91269479
641 642 646 4188.83336397
642 643 647 4192.65670803
643 644 648 4195.80077707
644 645 649 4208.65413514
645 646 650 4209.0683689
646 647 651 4215.88440042
647 648 652 4217.42601656
648 649 653 4222.09317152
649 650 654 4225.34408577
650 651 655 4226.5223782
651 652 656 4230.38552226
652 653 657 4237.08258058
653 654 658 4239.81571619
654 655 659 4257.19711701
655 656 660 4261.47077166
656 657 661 4272.28981232
657 658 662 4277.15638914
658 659 663 4302.49344654
659 660 664 4302.84804771
660 661 665 4306.16381738
661 662 666 4317.83937691
662 663 667 4327.12392631
663 664 668 4352.52038803
664 665 669 4356.3087606
665 666 670 4363.64938541
666 667 671 4376.50823045
667 668 672 4377.06866902
668 669 673 4384.52784823
669 670 674 4388.03811397
670 671 675 4417.74033222
671 672 676 4421.01194044
672 673 677 4421.47420195
673 674 678 4425.96427492
674 675 679 4426.60430947
675 676 680 4428.3544205
676 677 681 4434.74551974
677 678 682 4437.27410267
678 679 683 4440.96938863
679 680 684 4441.52667077
680 681 685 4444.80836711
681 682 686 4450.69373146
682 683 687 4458.0928002
683 684 688 4465.23847617
684 685 689 4485.57713138
685 686 690 4490.35775558
686 687 691 4490.49471566
687 688 692 4491.03611197
688 689 693 4498.55565441
689 690 694 4515.63522645
690 691 695 4522.0801109
691 692 696 4522.65885814
692 693 697 4535.63565228
693 694 698 4536.42596889
694 695 699 4536.79561555
695 696 700 4537.8557953
696 697 701 4546.62748516
697 698 702 4551.81194534
698 699 703 4558.933016
699 700 704 4566.31431922
700 701 705 4579.78271495
701 702 706 4584.7201055
702 703 707 4588.63070272
703 704 708 4590.75611902
704 705 709 4599.16647246
705 706 710 4599.54875381
706 707 711 4600.33764746
707 708 712 4614.59814583
708 709 713 4620.23045914
709 710 714 4636.42521842
710 711 715 4637.88989051
711 712 716 4640.04656524
712 713 717 4647.65947798
713 714 718 4654.45356467
714 715 719 4656.55574015
715 716 720 4657.96241898
716 717 721 4671.01773726
717 718 722 4673.82016858
718 719 723 4691.64224291
719 720 724 4694.99013489
720 721 725 4706.91677678
721 722 726 4730.45174416
722 723 727 4744.0314951
723 724 728 4750.73202401
724 725 729 4755.91016728
725 726 730 4758.71429464
726 727 731 4767.48563215
727 728 732 4769.87595033
728 729 733 4770.93811144
729 730 734 4794.93727858
730 731 735 4798.50618419
731 732 736 4807.01061622
732 733 737 4819.45201335
733 734 738 4824.83445229
734 735 739 4828.01283505
735 736 740 4833.40721659
736 737 741 4843.6078397
737 738 742 4845.25639368
738 739 743 4862.8354004
739 740 744 4884.51372659
740 741 745 4897.25614641
741 742 746 4910.22824373
742 743 747 4913.78824268
743 744 748 4919.83563388
744 745 749 4924.44922334
745 746 750 4925.63556809
746 747 751 4928.72910651
747 748 752 4930.85655291
748 749 753 4934.53683405
749 750 754 4937.66019323
750 751 755 4940.14242041
751 752 756 4943.77505588
752 753 757 4944.64157598
753 754 758 4970.48584297
754 755 759 4994.37411932
755 756 760 5000.67600089
756 757 761 5005.59908269
757 758 762 5007.48820301
758 759 763 5010.83288403
759 760 764 5030.05363872
760 761 765 5044.7032225
761 762 766 5048.4663949
762 763 767 5056.19875566
763 764 768 5080.59207692
764 765 769 5081.50316363
765 766 770 5096.04227395
766 767 771 5096.37458656
767 768 772 5098.51281279
768 769 773 5099.1549339
769 770 774 5127.95919494
770 771 775 5137.45998316
771 772 776 5142.02103884
772 773 777 5150.33360154
773 774 778 5157.0039048
774 775 779 5162.88702208
775 776 780 5165.5345113
776 777 781 5166.47654072
777 778 782 5170.86834135
778 779 783 5171.12098803
779 780 784 5193.71696072
780 781 785 5198.04295863
781 782 786 5214.51589605
782 783 787 5215.61444497
783 784 788 5222.80800309
784 785 789 5223.88069117
785 786 790 5228.39371015
786 787 791 5232.90637751
787 788 792 5233.18224321
788 789 793 5254.46448622
789 790 794 5260.3928535
790 791 795 5263.17766789
791 792 796 5274.13921027
792 793 797 5288.21732085
793 794 798 5291.25716367
794 795 799 5291.57301069
795 796 800 5308.4530851
796 797 801 5325.61783306
797 798 802 5327.18831671
798 799 803 5343.19628433
799 800 804 5354.78882786
800 801 805 5355.25548976
801 802 806 5365.63252753
802 803 807 5370.36413881
803 804 808 5375.93873192
804 805 809 5377.21275789
805 806 810 5380.93169927
806 807 811 5382.45279146
807 808 812 5387.6063091
808 809 813 5397.42832679
809 810 814 5397.76079907
810 811 815 5404.87877101
811 812 816 5431.67434442
812 813 817 5454.25341245
813 814 818 5454.3835326
814 815 819 5456.38490416
815 816 820 5456.54208623
816 817 821 5464.68272239
817 818 822 5467.03550763
818 819 823 5467.45994237
819 820 824 5474.99433158
820 821 825 5475.21215062
821 822 826 5481.59566256
822 823 827 5507.18381161
823 824 828 5508.1746609
824 825 829 5512.76637171
825 826 830 5518.12593269
826 827 831 5524.8465526
827 828 832 5525.18748324
828 829 833 5537.15143276
829 830 834 5545.37767667
830 831 835 5551.64012582
831 832 836 5562.0760327
832 833 837 5571.35679007
833 834 838 5577.45216356
834 835 839 5578.4069735
835 836 840 5580.88495021
836 837 841 5581.26334495
837 838 842 5596.65800887
838 839 843 5597.27644415
839 840 844 5613.03275185
840 841 845 5625.04021852
841 842 846 5645.50258903
842 843 847 5647.73666282
843 844 848 5653.69565145
844 845 849 5678.48632242
845 846 850 5683.31106631
846 847 851 5683.74769661
847 848 852 5686.77807095
848 849 853 5706.41385355
849 850 854 5707.87855297
850 851 855 5710.56512002
851 852 856 5733.64453702
852 853 857 5739.95210159
853 854 858 5740.53653611
854 855 859 5758.98154352
855 856 860 5768.77354998
856 857 861 5775.43513221
857 858 862 5780.01771064
858 859 863 5823.89566314
859 860 864 5842.60749955
860 861 865 5848.61089703
861 862 866 5854.72228729
862 863 867 5857.0180758
863 864 868 5892.66625929
864 865 869 5904.11156601
865 866 870 5918.24587204
866 867 871 5923.3621473
867 868 872 5926.32334779
868 869 873 5954.54752546
869 870 874 5955.37364299
870 871 875 5962.50791541
871 872 876 5963.19367466
872 873 877 5964.0936386
873 874 878 5968.894016
874 875 879 5970.91335666
875 876 880 5974.49729762
876 877 881 5986.56454425
877 878 882 5998.23481889
878 879 883 6001.97910853
879 880 884 6008.72945257
880 881 885 6011.46311899
881 882 886 6022.61759893
882 883 887 6033.02516496
883 884 888 6042.12374111
884 885 889 6049.1749359
885 886 890 6059.80002145
886 887 891 6062.31387664
887 888 892 6062.76622331
888 889 893 6064.76437184
889 890 894 6064.93068663
890 891 895 6065.39070702
891 892 896 6067.23325011
892 893 897 6087.77913677
893 894 898 6088.51119366
894 895 899 6094.70756572
895 896 900 6097.84995504
896 897 901 6099.49217614
897 898 902 6104.14413356
898 899 903 6107.20600761
899 900 904 6107.88821741
900 901 905 6108.49048168
901 902 906 6122.25039026
902 903 907 6125.46762317
903 904 908 6125.61058825
904 905 909 6137.47515747
905 906 910 6143.48317624
906 907 911 6146.15275082
907 908 912 6149.43122448
908 909 913 6156.09038985
909 910 914 6158.03399009
910 911 915 6158.45455504
911 912 916 6163.9709428
912 913 917 6166.94532254
913 914 918 6168.56200143
914 915 919 6170.58096528
915 916 920 6178.99078018
916 917 921 6186.4276296
917 918 922 6212.01548936
918 919 923 6212.88375083
919 920 924 6224.25034627
920 921 925 6239.27532445
921 922 926 6241.47846595
922 923 927 6255.0600877
923 924 928 6256.99086516
924 925 929 6280.77437501
925 926 930 6281.61257368
926 927 931 6285.27580625
927 928 932 6292.30349031
928 929 933 6293.55715039
929 930 934 6294.41746508
930 931 935 6296.75646758
931 932 936 6304.83799138
932 933 937 6305.58186236
933 934 938 6306.65718299
934 935 939 6307.48172795
935 936 940 6308.71071817
936 937 941 6316.82181186
937 938 942 6318.83554578
938 939 943 6318.87007452
939 940 944 6322.21278735
940 941 945 6341.74793681
941 942 946 6348.31634608
942 943 947 6351.89947831
943 944 948 6358.86811068
944 945 949 6359.19637446
945 946 950 6365.42401443
946 947 951 6368.95227706
947 948 952 6376.73616845
948 949 953 6382.55868403
949 950 954 6395.88910735
950 951 955 6403.44563467
951 952 956 6403.71718596
952 953 957 6409.35239302
953 954 958 6409.63930125
954 955 959 6414.54665117
955 956 960 6416.90270844
956 957 961 6429.06723101
957 958 962 6440.78051793
958 959 963 6442.89806305
959 960 964 6445.57112869
960 961 965 6447.63211285
961 962 966 6451.69758838
962 963 967 6456.57248844
963 964 968 6457.05453378
964 965 969 6466.06322986
965 966 970 6468.22896052
966 967 971 6469.18134337
967 968 972 6469.37494215
968 969 973 6477.32325159
969 970 974 6477.8533637
970 971 975 6483.10448153
971 972 976 6486.5209835
972 973 977 6495.06345819
973 974 978 6500.97179879
974 975 979 6506.6576342
975 976 980 6512.87232303
976 977 981 6518.56275706
977 978 982 6523.76636123
978 979 983 6533.7242646
979 980 984 6553.38208327
980 981 985 6554.40099232
981 982 986 6554.9655831
982 983 987 6556.88044928
983 984 988 6556.98386224
984 985 989 6560.63868079
985 986 990 6564.34536722
986 987 991 6569.550792
987 988 992 6583.43234252
988 989 993 6584.63703523
989 990 994 6598.52285478
990 991 995 6603.34230608
991 992 996 6609.46280813
992 993 997 6613.64908563
993 994 998 6615.31002778
994 995 999 6616.82693346
995 996 1000 6618.03559553
996 997 1001 6619.4492403
997 998 1002 6619.55103102
998 999 1003 6623.11925236
999 1000 1004 6631.44239763
1000 1001 1005 6633.84478699
1000 1002 1005 6636.44943078
