#data counter step time
0 1 0 0.0
1 2 1 0.0
2 3 12 4.81393179897
1 4 16 15.813931799
2 5 17 17.619145309
3 6 19 19.6553155496
4 7 23 25.9080244225
5 8 25 27.2965560139
4 9 29 27.6553155496
3 10 32 34.619145309
2 11 33 36.9080244225
3 12 36 43.1322100156
2 13 40 47.2965560139
3 14 41 50.6003998798
2 15 43 51.1322100156
3 16 46 62.3674469457
2 17 50 67.6003998798
3 18 51 69.4553011098
2 19 53 79.3674469457
3 20 56 80.5908980136
4 21 60 91.8184583114
3 22 62 92.4553011098
4 23 63 94.0960041014
5 24 65 98.2889606063
6 25 67 99.6569078202
5 26 75 105.818458311
4 27 76 106.590898014
3 28 77 108.096004101
4 29 80 113.350124863
3 30 82 116.65690782
2 31 83 121.288960606
3 32 86 124.737369319
4 33 88 127.886261798
5 34 91 131.516332687
4 35 94 133.350124863
5 36 95 134.717055054
6 37 100 137.772269218
5 38 102 141.737369319
4 39 103 141.886261798
5 40 104 142.597808636
6 41 106 142.831516549
7 42 109 143.928592757
6 43 110 147.737369319
7 44 112 148.878127591
8 45 113 148.935571442
9 46 120 153.347376405
10 47 121 153.701170663
9 48 126 157.717055054
8 49 128 157.772269218
9 50 129 157.960479057
8 51 134 162.597808636
7 52 136 162.831516549
6 53 137 163.717055054
5 54 140 165.831516549
6 55 141 167.634154638
5 56 145 168.935571442
6 57 146 169.011794012
5 58 148 171.717055054
4 59 151 174.772269218
5 60 154 176.624126293
6 61 158 177.870960169
5 62 160 179.597808636
4 63 163 186.011794012
3 64 164 187.634154638
4 65 167 194.141939383
5 66 169 195.233166786
6 67 171 195.655511337
5 68 173 199.624126293
4 69 174 203.870960169
5 70 175 205.025350609
6 71 179 206.151620925
7 72 184 211.644365868
6 73 187 212.233166786
7 74 188 213.830782858
6 75 190 214.141939383
5 76 191 215.655511337
6 77 192 220.560556955
7 78 199 224.759493174
8 79 201 226.284498436
7 80 205 228.025350609
6 81 206 229.151620925
7 82 207 229.239679245
8 83 212 231.392044582
7 84 215 233.830782858
6 85 216 234.560556955
5 86 220 238.759493174
4 87 223 240.025350609
5 88 224 243.733717004
4 89 226 245.025350609
3 90 227 245.025350609
4 91 228 245.203583708
3 92 232 252.239679245
4 93 233 254.310818028
5 94 235 256.087385276
4 95 237 257.733717004
5 96 240 262.630382183
6 97 242 266.665241915
7 98 248 272.128269988
6 99 250 274.203583708
7 100 251 275.196069263
6 101 252 276.087385276
5 102 258 277.310818028
6 103 261 279.893180935
5 104 263 282.630382183
4 105 264 286.665241915
5 106 267 289.049279499
4 107 269 290.087385276
3 108 272 290.893180935
4 109 275 295.210396993
5 110 277 296.774908561
6 111 279 297.135305486
7 112 283 298.413096464
8 113 286 300.189060255
7 114 288 303.203583708
6 115 290 303.210396993
7 116 292 304.344271027
6 117 293 304.774908561
5 118 294 306.049279499
6 119 300 307.784141023
5 120 304 311.135305486
4 121 305 314.135305486
3 122 306 314.210396993
2 123 307 317.203583708
3 124 310 321.065244242
4 125 312 329.02996663
5 126 314 335.733659082
4 127 318 336.784141023
5 128 323 339.822425559
6 129 325 342.302088665
5 130 327 344.065244242
4 131 328 346.733659082
3 132 333 352.02996663
2 133 334 356.822425559
1 134 335 362.302088665
2 135 336 367.581957417
3 136 338 377.39557435
4 137 342 378.729313918
3 138 344 381.581957417
2 139 349 386.729313918
3 140 350 387.467134975
4 141 354 392.648512921
5 142 356 393.260955221
4 143 358 394.39557435
5 144 360 394.679158518
4 145 361 395.467134975
5 146 362 396.8046413
4 147 369 404.260955221
3 148 370 404.260955221
2 149 371 406.648512921
3 150 372 408.935371339
2 151 378 419.935371339
1 152 379 431.8046413
2 153 380 445.571267391
3 154 382 446.153683984
4 155 384 448.509258361
3 156 392 462.571267391
2 157 393 463.153683984
1 158 394 465.509258361
2 159 395 476.657563514
3 160 397 478.873051931
4 161 399 479.888462131
3 162 405 484.888462131
4 163 406 485.093685747
5 164 410 491.976340382
6 165 412 494.681816338
5 166 416 495.873051931
4 167 417 496.657563514
3 168 418 502.093685747
4 169 419 502.475744901
5 170 423 506.527776793
6 171 425 507.352590056
5 172 429 511.976340382
4 173 434 514.681816338
5 174 435 516.989638228
6 175 439 520.883783618
5 176 441 521.352590056
4 177 442 522.475744901
5 178 443 522.561184702
6 179 447 525.820687773
5 180 449 526.527776793
6 181 454 529.415602687
5 182 458 530.989638228
4 183 459 531.883783618
3 184 460 533.561184702
2 185 461 543.415602687
3 186 464 548.907700803
2 187 468 557.820687773
3 188 470 558.367067552
2 189 472 559.907700803
3 190 473 560.300683291
4 191 477 562.761507275
5 192 479 565.070762994
4 193 482 568.300683291
3 194 487 573.761507275
2 195 490 581.367067552
1 196 491 585.070762994
2 197 493 585.516154188
3 198 494 587.643806747
2 199 500 593.516154188
1 200 501 595.643806747
2 201 503 598.39669352
3 202 505 601.182788895
2 203 511 609.182788895
3 204 513 618.59102298
4 205 515 623.100708503
3 206 517 624.39669352
4 207 518 624.812263559
3 208 526 640.100708503
4 209 528 641.386929752
3 210 530 641.59102298
2 211 531 641.812263559
1 212 535 652.59102298
2 213 537 652.793019453
3 214 539 652.809654554
4 215 542 660.392010062
3 216 544 666.793019453
2 217 548 683.793019453
3 218 549 684.842039682
2 219 553 691.793019453
3 220 554 697.243522492
4 221 557 710.950613133
5 222 558 713.542827694
4 223 559 714.793019453
5 224 561 716.411151706
6 225 562 717.817189076
7 226 565 723.213024966
8 227 566 726.776805215
9 228 567 728.013768746
8 229 569 728.793019453
9 230 570 730.809816162
10 231 571 734.065268731
11 232 572 735.287582485
12 233 573 744.680672583
13 234 576 749.801339673
14 235 577 754.301742352
15 236 578 757.067916197
14 237 580 757.793019453
15 238 583 772.816951841
16 239 584 773.490667305
15 240 588 774.793019453
16 241 598 785.304153932
15 242 599 785.793019453
16 243 604 793.37588748
15 244 606 793.820687773
14 245 608 794.793019453
13 246 609 797.793019453
12 247 610 799.820687773
11 248 611 799.820687773
12 249 616 802.621490865
11 250 620 804.820687773
10 251 624 805.793019453
11 252 625 806.861951436
12 253 630 814.739339497
11 254 631 815.820687773
10 255 637 818.820687773
11 256 639 818.926166553
10 257 640 821.820687773
9 258 646 828.793019453
8 259 649 831.793019453
7 260 650 831.793019453
6 261 654 835.820687773
5 262 657 838.820687773
4 263 659 839.793019453
5 264 662 840.095717443
4 265 663 843.643806747
3 266 665 845.793019453
4 267 667 847.939936435
3 268 670 852.820687773
4 269 672 856.577926296
5 270 673 857.014331367
4 271 678 860.643806747
3 272 683 866.820687773
4 273 684 869.066056685
5 274 688 872.35963403
4 275 690 874.643806747
3 276 691 875.100708503
4 277 696 884.247518432
3 278 698 886.066056685
4 279 699 889.287151771
5 280 703 891.268283625
6 281 704 893.709526344
5 282 705 894.643806747
6 283 708 895.382083079
5 284 711 898.247518432
4 285 716 906.287151771
3 286 719 908.643806747
2 287 720 912.247518432
3 288 721 912.40040296
2 289 723 914.643806747
3 290 726 917.83583667
4 291 728 925.386569876
3 292 730 926.40040296
4 293 731 928.093589006
5 294 734 930.222774312
6 295 742 936.321291466
5 296 744 936.386569876
6 297 745 938.779485116
5 298 746 939.386569876
4 299 749 945.093589006
3 300 751 946.83583667
4 301 752 947.324002417
5 302 754 947.442568025
4 303 755 950.386569876
3 304 761 958.324002417
4 305 762 958.447800521
3 306 764 959.093589006
4 307 765 959.552412293
5 308 771 965.070889853
4 309 775 970.386569876
5 310 776 972.284945389
4 311 777 973.552412293
3 312 781 975.447800521
4 313 782 980.204641787
5 314 784 981.006463358
4 315 786 984.386569876
5 316 787 988.656666379
6 317 792 994.515150771
5 318 796 996.552412293
4 319 799 998.386569876
3 320 801 1000.20464179
4 321 802 1000.64841909
5 322 804 1003.01731099
6 323 807 1007.22240307
5 324 811 1010.55241229
6 325 812 1011.24253015
5 326 813 1012.38656988
6 327 815 1013.611049
5 328 823 1021.55241229
4 329 826 1023.82068777
5 330 827 1024.70363826
4 331 829 1026.64841909
5 332 830 1026.86222995
6 333 832 1028.06012763
5 334 836 1029.38656988
6 335 839 1034.66119247
7 336 840 1035.16648488
6 337 842 1035.55241229
5 338 845 1037.86222995
4 339 847 1041.70363826
5 340 854 1051.48973693
4 341 856 1051.86222995
3 342 857 1052.55241229
2 343 858 1058.38656988
3 344 859 1058.84872526
4 345 862 1060.62851758
3 346 868 1068.48973693
4 347 869 1072.41019057
3 348 871 1072.84872526
2 349 872 1074.48973693
1 350 875 1095.41019057
2 351 876 1099.19850846
3 352 879 1105.89367726
4 353 880 1111.87160506
3 354 885 1113.19850846
4 355 888 1116.11596795
3 356 890 1122.19850846
2 357 893 1128.87160506
3 358 894 1130.8026215
2 359 896 1133.11596795
1 360 899 1141.8026215
2 361 901 1143.27018462
3 362 907 1153.46464481
2 363 908 1157.27018462
3 364 911 1165.90077778
4 365 913 1170.40359888
3 366 915 1170.46464481
4 367 916 1174.24973763
5 368 922 1181.01669423
4 369 923 1181.40359888
5 370 927 1186.10332273
4 371 929 1191.24973763
5 372 932 1192.69788417
4 373 933 1194.90077778
3 374 937 1202.24973763
2 375 938 1204.40359888
3 376 942 1218.54689481
4 377 944 1220.23730264
3 378 946 1220.90077778
2 379 949 1226.54689481
3 380 950 1229.8501116
2 381 956 1240.23730264
1 382 957 1240.8501116
2 383 958 1257.92917943
3 384 962 1265.29317287
2 385 964 1265.92917943
3 386 965 1268.91876818
4 387 971 1281.49099487
5 388 973 1283.90122744
6 389 976 1284.31823374
5 390 977 1285.29317287
6 391 978 1285.6076081
7 392 980 1287.30575871
6 393 982 1288.91876818
5 394 990 1297.90122744
6 395 993 1299.7899661
5 396 995 1301.49099487
6 397 996 1301.87896951
7 398 998 1302.0265851
8 399 999 1303.91313621
7 400 1002 1308.6076081
8 401 1006 1308.98098029
7 402 1007 1309.90122744
6 403 1009 1311.91876818
7 404 1010 1314.19577993
6 405 1012 1315.87896951
5 406 1015 1319.7899661
6 407 1018 1321.82860913
5 408 1023 1325.91876818
4 409 1025 1328.6076081
5 410 1026 1328.8956482
4 411 1031 1329.87896951
5 412 1034 1336.00058315
4 413 1036 1336.7899661
3 414 1038 1342.7899661
2 415 1039 1342.8956482
3 416 1042 1343.3753194
4 417 1046 1346.67738826
3 418 1048 1353.00058315
2 419 1050 1354.3753194
3 420 1055 1359.43841743
2 421 1059 1369.67738826
3 422 1060 1370.75341681
4 423 1062 1371.27513263
5 424 1064 1371.76995664
6 425 1065 1376.98772657
7 426 1066 1377.69715838
6 427 1072 1382.43841743
7 428 1073 1384.48021771
6 429 1075 1384.75341681
7 430 1076 1386.20164507
8 431 1080 1386.78563256
7 432 1085 1391.27513263
6 433 1089 1393.43841743
5 434 1090 1395.75341681
4 435 1092 1399.27513263
5 436 1093 1402.81013008
4 437 1096 1404.75341681
5 438 1100 1409.29972963
4 439 1102 1410.43841743
3 440 1105 1418.75341681
4 441 1106 1420.28394645
3 442 1110 1422.27513263
2 443 1111 1424.43841743
1 444 1114 1431.28394645
2 445 1115 1438.70295535
3 446 1117 1444.89681589
2 447 1123 1458.70295535
3 448 1124 1458.8441086
2 449 1126 1458.89681589
3 450 1129 1470.87354736
4 451 1131 1471.73242504
5 452 1133 1472.61936894
4 453 1136 1481.8441086
3 454 1138 1484.87354736
4 455 1139 1490.25642285
5 456 1147 1494.59289438
4 457 1149 1495.8441086
3 458 1150 1497.73242504
2 459 1153 1501.25642285
3 460 1154 1502.20583247
4 461 1158 1509.38808944
3 462 1160 1512.8441086
4 463 1163 1513.41058924
3 464 1165 1517.38808944
4 465 1166 1518.96716231
3 466 1168 1519.20583247
4 467 1171 1523.29347734
5 468 1175 1525.99209583
6 469 1176 1527.44183239
7 470 1177 1528.39557602
6 471 1180 1538.96716231
5 472 1183 1539.41058924
4 473 1186 1543.29347734
3 474 1191 1549.96716231
2 475 1192 1550.41058924
3 476 1193 1558.87520281
4 477 1195 1560.84304752
5 478 1201 1565.25033929
6 479 1202 1566.65448011
7 480 1211 1574.62404435
6 481 1213 1575.29347734
7 482 1214 1577.31296946
6 483 1216 1577.84304752
5 484 1217 1577.84304752
4 485 1220 1581.87520281
3 486 1221 1583.65448011
2 487 1225 1591.31296946
3 488 1226 1594.99622463
2 489 1228 1597.62404435
3 490 1230 1605.1857407
4 491 1232 1606.15283212
5 492 1235 1606.15901296
6 493 1236 1610.77013309
7 494 1240 1611.116688
8 495 1241 1612.91363178
7 496 1245 1617.15283212
6 497 1248 1620.99622463
5 498 1250 1622.1857407
6 499 1253 1622.85081008
7 500 1255 1624.08099337
8 501 1256 1625.51795175
9 502 1259 1627.81872453
8 503 1262 1629.15283212
7 504 1269 1634.99622463
6 505 1271 1636.1857407
5 506 1272 1636.77013309
4 507 1273 1639.1857407
5 508 1274 1641.36242316
4 509 1280 1646.99622463
5 510 1281 1649.09468696
4 511 1283 1649.15283212
3 512 1286 1655.15283212
2 513 1287 1661.36242316
3 514 1290 1664.32801377
2 515 1294 1675.09468696
1 516 1295 1678.32801377
2 517 1296 1681.70795516
3 518 1298 1683.18680107
4 519 1304 1694.61835461
3 520 1306 1697.18680107
2 521 1307 1698.70795516
3 522 1308 1701.12821699
4 523 1310 1701.63178568
3 524 1318 1709.63178568
2 525 1319 1715.12821699
3 526 1320 1717.20378859
4 527 1322 1718.73848776
3 528 1324 1720.61835461
2 529 1327 1725.20378859
3 530 1328 1727.02512328
4 531 1333 1737.34689877
3 532 1334 1738.73848776
2 533 1338 1747.02512328
1 534 1339 1750.02512328
2 535 1340 1754.84844129
3 536 1344 1765.13330925
4 537 1346 1765.372443
5 538 1348 1767.66627095
4 539 1350 1771.84844129
5 540 1352 1772.35511074
6 541 1355 1776.30495389
7 542 1356 1776.5130658
8 543 1357 1776.68796446
9 544 1358 1777.08584579
10 545 1359 1777.29307465
9 546 1366 1782.372443
8 547 1369 1785.13330925
7 548 1370 1785.372443
6 549 1372 1788.84844129
7 550 1373 1791.39967968
8 551 1374 1792.02118704
7 552 1382 1802.13330925
6 553 1384 1802.372443
5 554 1388 1805.13330925
4 555 1389 1808.84844129
5 556 1391 1809.84262726
6 557 1393 1812.06234403
5 558 1394 1813.372443
6 559 1402 1821.58627451
5 560 1404 1825.84844129
6 561 1407 1826.63520371
5 562 1408 1828.13330925
6 563 1410 1828.46795377
5 564 1411 1828.84844129
6 565 1415 1830.67205199
7 566 1418 1836.73717235
6 567 1419 1836.84844129
7 568 1423 1841.49853145
6 569 1425 1842.372443
7 570 1427 1843.9873007
6 571 1428 1845.13330925
5 572 1435 1850.58627451
6 573 1438 1853.09202853
5 574 1440 1856.372443
4 575 1442 1856.84844129
3 576 1443 1859.13330925
4 577 1445 1859.53445203
3 578 1447 1862.372443
4 579 1451 1868.13896349
3 580 1453 1873.09202853
2 581 1454 1873.09202853
3 582 1458 1881.82931122
2 583 1460 1888.13896349
3 584 1463 1896.29993374
2 585 1465 1898.82931122
3 586 1466 1899.00469371
4 587 1468 1903.49129168
3 588 1474 1910.00469371
4 589 1475 1910.15430359
3 590 1479 1919.29993374
2 591 1482 1921.15430359
3 592 1483 1921.72499751
4 593 1486 1924.47570328
5 594 1490 1925.95246812
4 595 1492 1929.72499751
3 596 1493 1932.49129168
4 597 1494 1932.63894982
3 598 1496 1935.72499751
4 599 1499 1938.17866725
5 600 1502 1938.19917884
4 601 1506 1939.95246812
5 602 1507 1941.34614427
4 603 1509 1943.63894982
5 604 1510 1944.73014498
4 605 1516 1949.17866725
5 606 1518 1951.57152333
6 607 1519 1952.67056033
5 608 1524 1955.63894982
4 609 1525 1958.34614427
5 610 1528 1960.6798914
4 611 1530 1961.73014498
3 612 1531 1961.73014498
4 613 1533 1966.88494843
5 614 1535 1966.94686228
4 615 1540 1969.67056033
5 616 1541 1973.01872072
6 617 1543 1975.81643551
7 618 1545 1976.82747933
6 619 1547 1977.6798914
7 620 1548 1977.71687659
8 621 1553 1980.28434028
7 622 1554 1980.6798914
8 623 1555 1981.0105578
7 624 1556 1983.6798914
8 625 1558 1985.21037702
7 626 1560 1986.81643551
8 627 1563 1988.49015308
7 628 1567 1993.01872072
8 629 1569 1995.19732721
7 630 1575 1997.81643551
6 631 1577 1999.82747933
7 632 1579 2002.56844994
8 633 1582 2005.69720055
7 634 1583 2007.01872072
6 635 1584 2009.6798914
5 636 1589 2013.01872072
4 637 1590 2014.81643551
5 638 1592 2016.19818559
4 639 1595 2016.82747933
3 640 1596 2020.6798914
2 641 1600 2033.01872072
1 642 1601 2036.01872072
2 643 1602 2039.75321858
3 644 1604 2042.81517318
4 645 1608 2044.52077023
5 646 1610 2047.24601383
6 647 1614 2056.58650852
5 648 1615 2056.75321858
4 649 1617 2056.81517318
3 650 1624 2061.24601383
2 651 1625 2061.52077023
1 652 1628 2073.75321858
2 653 1629 2074.90389085
3 654 1633 2076.12926807
4 655 1635 2077.26264988
3 656 1637 2079.90389085
4 657 1640 2083.9320316
3 658 1646 2087.12926807
2 659 1647 2088.26264988
1 660 1648 2091.9320316
2 661 1649 2092.70860463
3 662 1653 2105.21284838
4 663 1655 2105.58932871
3 664 1657 2106.70860463
4 665 1659 2108.58221863
3 666 1667 2116.21284838
2 667 1670 2127.372443
1 668 1671 2128.58932871
2 669 1672 2130.19500482
3 670 1674 2133.09725124
4 671 1678 2137.8601046
5 672 1680 2138.96269906
6 673 1683 2141.06422239
5 674 1685 2141.19500482
4 675 1686 2147.09725124
3 676 1692 2151.8601046
2 677 1695 2158.09725124
1 678 1696 2161.19500482
2 679 1697 2175.29865573
3 680 1700 2180.1148953
4 681 1704 2187.61837742
3 682 1706 2189.29865573
2 683 1707 2195.29865573
3 684 1710 2198.12603445
4 685 1712 2202.25326165
3 686 1714 2207.61837742
4 687 1715 2207.86654047
5 688 1719 2210.08068237
6 689 1724 2218.45961653
5 690 1725 2219.25326165
4 691 1728 2221.86654047
5 692 1729 2223.67007327
4 693 1732 2227.12603445
5 694 1734 2231.22097293
4 695 1735 2232.86654047
5 696 1741 2235.44519587
6 697 1743 2235.68007627
5 698 1745 2238.12603445
4 699 1746 2245.25326165
3 700 1750 2249.86654047
2 701 1753 2255.12603445
1 702 1754 2255.86654047
2 703 1755 2267.36564954
3 704 1757 2272.47147689
4 705 1759 2273.44407182
3 706 1768 2290.36564954
2 707 1769 2290.44407182
1 708 1770 2292.47147689
2 709 1771 2293.00425332
3 710 1773 2293.13793066
4 711 1775 2293.18830029
3 712 1783 2301.13793066
2 713 1784 2304.18830029
1 714 1785 2307.00425332
2 715 1787 2307.32992889
3 716 1792 2316.91088777
2 717 1794 2318.32992889
3 718 1798 2333.06352636
4 719 1800 2342.19800051
3 720 1802 2342.91088777
4 721 1805 2351.42576658
5 722 1809 2352.89066796
4 723 1811 2353.06352636
3 724 1818 2359.19800051
4 725 1819 2361.8512367
3 726 1823 2366.89066796
4 727 1824 2369.81507191
3 728 1826 2372.8512367
2 729 1827 2374.42576658
1 730 1830 2389.81507191
2 731 1831 2390.50296213
3 732 1835 2395.44917005
4 733 1837 2395.58945363
5 734 1839 2397.4630253
4 735 1840 2398.50296213
3 736 1848 2412.44917005
2 737 1849 2412.58945363
3 738 1850 2416.09158335
2 739 1852 2418.50296213
3 740 1853 2424.54490644
4 741 1857 2432.11444773
3 742 1859 2433.09158335
4 743 1862 2438.21836204
3 744 1864 2438.54490644
4 745 1869 2447.59789746
5 746 1871 2448.74560349
4 747 1873 2449.11444773
3 748 1876 2452.21836204
2 749 1879 2457.11444773
3 750 1880 2467.41771916
2 751 1882 2467.59789746
3 752 1883 2471.68243669
2 753 1889 2484.41771916
1 754 1890 2485.68243669
2 755 1891 2491.30490508
3 756 1894 2494.8681612
4 757 1895 2498.24766132
5 758 1902 2509.90934654
4 759 1904 2511.30490508
3 760 1907 2514.30490508
2 761 1908 2515.24766132
3 762 1909 2516.95771085
4 763 1911 2519.50275013
3 764 1913 2523.90934654
4 765 1917 2527.41671312
5 766 1921 2535.49580628
4 767 1923 2536.50275013
5 768 1926 2537.69334524
4 769 1928 2539.95771085
5 770 1929 2546.93932744
4 771 1937 2551.93932744
3 772 1938 2552.49580628
2 773 1939 2553.41671312
3 774 1940 2555.18761105
2 775 1944 2560.69334524
1 776 1945 2563.18761105
2 777 1946 2565.21814592
3 778 1951 2584.11977601
4 779 1953 2586.93566717
5 780 1955 2587.87393068
4 781 1959 2588.21814592
5 782 1961 2589.98972947
6 783 1962 2590.96101964
7 784 1964 2591.77956561
6 785 1975 2604.11977601
7 786 1976 2604.74746977
6 787 1978 2604.87393068
5 788 1979 2604.87393068
4 789 1980 2604.96101964
3 790 1981 2608.77956561
2 791 1982 2609.93566717
3 792 1985 2619.80287398
4 793 1987 2622.86271546
3 794 1991 2624.74746977
2 795 1994 2630.80287398
1 796 1995 2630.86271546
2 797 1996 2636.42485473
1 798 2000 2644.42485473
2 799 2001 2647.33626534
3 800 2003 2649.67996799
4 801 2005 2649.77241341
5 802 2007 2652.23437981
6 803 2011 2654.40030675
5 804 2017 2657.67996799
6 805 2018 2658.89691156
7 806 2022 2663.15220384
6 807 2024 2663.77241341
7 808 2029 2666.88786648
8 809 2030 2668.82587771
7 810 2032 2673.33626534
6 811 2035 2674.40030675
7 812 2037 2674.42921821
6 813 2039 2678.23437981
5 814 2040 2678.89691156
6 815 2041 2678.90198407
5 816 2045 2683.77241341
4 817 2048 2686.90198407
3 818 2053 2691.40030675
4 819 2054 2691.61817023
5 820 2056 2691.69904464
4 821 2058 2695.23437981
5 822 2060 2698.82039584
4 823 2062 2699.33626534
3 824 2070 2712.82039584
4 825 2071 2715.01408024
3 826 2075 2717.61817023
2 827 2076 2717.69904464
1 828 2077 2726.01408024
2 829 2078 2735.92525827
3 830 2082 2742.8667642
2 831 2084 2749.92525827
3 832 2087 2762.91829406
4 833 2090 2764.03320977
3 834 2091 2765.8667642
4 835 2095 2768.20106807
3 836 2097 2770.91829406
2 837 2098 2770.91829406
3 838 2099 2772.19948723
4 839 2103 2775.23838789
3 840 2109 2780.23838789
4 841 2110 2780.50739709
3 842 2112 2783.19948723
2 843 2113 2785.20106807
3 844 2116 2794.10953682
4 845 2118 2794.24050585
5 846 2122 2797.09123319
4 847 2124 2797.50739709
5 848 2125 2800.323694
4 849 2129 2802.24050585
5 850 2130 2806.93148561
4 851 2136 2808.10953682
5 852 2137 2810.02161159
4 853 2139 2811.323694
3 854 2142 2814.09123319
2 855 2143 2817.93148561
3 856 2144 2824.01360937
4 857 2150 2833.97335831
3 858 2152 2838.01360937
2 859 2153 2839.02161159
1 860 2156 2853.97335831
2 861 2157 2868.22450907
1 862 2161 2876.22450907
2 863 2162 2877.94416747
3 864 2164 2880.50174063
4 865 2166 2881.81169148
5 866 2172 2890.8091777
4 867 2178 2894.94416747
3 868 2179 2895.81169148
2 869 2180 2906.50174063
3 870 2181 2909.72826842
2 871 2183 2910.8091777
1 872 2187 2923.72826842
2 873 2188 2929.47527111
1 874 2192 2943.47527111
2 875 2194 2951.11523055
3 876 2196 2951.48613814
4 877 2199 2952.49159555
5 878 2201 2952.96771674
4 879 2209 2962.11523055
3 880 2210 2963.96771674
4 881 2213 2968.67437372
3 882 2217 2971.48613814
2 883 2219 2976.67437372
1 884 2221 2981.49159555
2 885 2222 2986.61016708
3 886 2225 2987.92719572
4 887 2226 2990.63916464
5 888 2231 2996.12106174
6 889 2237 2998.33602816
7 890 2238 2999.82971763
6 891 2239 3000.61016708
5 892 2240 3004.63916464
4 893 2243 3006.61016708
5 894 2244 3006.78234048
4 895 2246 3007.12106174
3 896 2251 3018.63916464
4 897 2252 3018.95443955
3 898 2256 3024.12106174
2 899 2259 3026.61016708
3 900 2260 3035.6435548
2 901 2262 3035.95443955
3 902 2265 3046.54382616
2 903 2269 3049.6435548
1 904 2270 3054.54382616
2 905 2271 3057.5983268
1 906 2275 3065.5983268
2 907 2276 3082.75826089
3 908 2278 3093.30451355
4 909 2282 3099.09175447
3 910 2284 3102.75826089
4 911 2285 3106.2774081
5 912 2289 3109.34640982
6 913 2292 3112.90414992
7 914 2295 3114.95021634
6 915 2296 3116.09175447
5 916 2299 3117.2774081
4 917 2300 3119.30451355
3 918 2306 3127.09175447
4 919 2309 3131.23742053
3 920 2313 3137.2774081
2 921 2315 3139.30451355
3 922 2316 3140.12160817
4 923 2319 3140.87645435
3 924 2320 3142.23742053
4 925 2324 3150.61868739
5 926 2325 3156.25999975
4 927 2328 3159.23742053
5 928 2330 3163.17110546
4 929 2336 3166.12160817
3 930 2339 3173.23742053
2 931 2340 3174.12160817
3 932 2343 3174.94169324
4 933 2345 3176.32211068
3 934 2347 3178.47527111
4 935 2348 3179.22268318
5 936 2356 3189.53960187
4 937 2357 3190.32211068
3 938 2359 3191.94169324
4 939 2360 3192.07718083
3 940 2367 3202.22268318
2 941 2368 3203.07718083
3 942 2369 3206.63627433
2 943 2371 3207.32211068
3 944 2372 3216.28954571
4 945 2374 3216.89858014
5 946 2378 3220.17633427
6 947 2382 3225.14016674
7 948 2383 3226.02669937
8 949 2384 3226.19176889
9 950 2385 3226.31950784
8 951 2389 3229.63627433
9 952 2390 3229.72861539
8 953 2393 3230.89858014
9 954 2396 3235.46213822
8 955 2398 3240.17633427
9 956 2399 3241.97828152
10 957 2400 3242.20077107
9 958 2402 3242.28954571
8 959 2410 3250.89858014
7 960 2413 3250.89858014
6 961 2414 3251.17633427
5 962 2419 3252.63627433
4 963 2422 3258.89858014
5 964 2426 3262.49179851
4 965 2429 3264.89858014
3 966 2430 3265.28954571
4 967 2433 3271.76645093
3 968 2435 3274.17633427
2 969 2438 3276.49179851
1 970 2439 3279.76645093
2 971 2440 3281.4070193
3 972 2442 3286.54930636
4 973 2447 3294.69509494
5 974 2448 3295.62449422
4 975 2450 3298.4070193
3 976 2456 3306.54930636
2 977 2457 3306.54930636
3 978 2458 3313.22540786
2 979 2460 3315.62449422
1 980 2463 3330.22540786
2 981 2464 3332.07911336
3 982 2466 3333.24611894
4 983 2472 3340.69544399
5 984 2474 3342.91797471
4 985 2475 3343.07911336
3 986 2478 3347.24611894
4 987 2481 3354.6233834
3 988 2485 3357.69544399
2 989 2488 3362.6233834
1 990 2489 3363.07911336
2 991 2490 3366.44530519
3 992 2492 3369.09560972
4 993 2496 3383.71281114
5 994 2502 3385.95745361
4 995 2504 3386.44530519
5 996 2505 3391.58771373
4 997 2507 3391.71281114
3 998 2508 3392.09560972
4 999 2512 3399.40048203
5 1000 2513 3400.89462975
4 1001 2515 3402.95745361
5 1002 2520 3406.47965567
6 1003 2526 3411.87327
5 1004 2527 3411.89462975
4 1005 2529 3413.40048203
3 1006 2530 3414.58771373
2 1007 2531 3417.47965567
3 1008 2534 3428.91786223
2 1009 2538 3434.89462975
3 1010 2539 3438.0188586
4 1011 2542 3439.61499614
3 1012 2543 3439.91786223
4 1013 2547 3448.07386859
3 1014 2549 3452.0188586
4 1015 2551 3454.50803167
3 1016 2555 3461.0188586
4 1017 2557 3465.17666346
3 1018 2559 3471.07386859
4 1019 2560 3471.47421723
5 1020 2565 3473.6817125
4 1021 2571 3479.47421723
3 1022 2572 3482.17666346
4 1023 2573 3482.37137516
3 1024 2577 3488.17666346
4 1025 2578 3489.09569482
3 1026 2580 3489.50803167
2 1027 2581 3490.37137516
3 1028 2585 3493.13069657
2 1029 2587 3497.09569482
3 1030 2588 3502.48912327
4 1031 2590 3503.03529603
3 1032 2594 3510.13069657
4 1033 2596 3511.61707826
5 1034 2597 3512.01890639
4 1035 2604 3514.03529603
5 1036 2605 3514.98258797
4 1037 2609 3517.03529603
3 1038 2612 3523.01890639
2 1039 2613 3525.48912327
1 1040 2614 3525.98258797
2 1041 2615 3543.08857064
1 1042 2619 3548.08857064
2 1043 2620 3550.85970319
3 1044 2622 3556.29307273
4 1045 2624 3559.44272998
5 1046 2630 3565.87770315
4 1047 2634 3570.85970319
5 1048 2635 3571.600178
4 1049 2637 3573.29307273
3 1050 2640 3576.44272998
2 1051 2643 3579.87770315
3 1052 2645 3583.66142261
4 1053 2646 3586.42125738
5 1054 2648 3589.58907073
6 1055 2651 3589.87310738
5 1056 2652 3591.600178
6 1057 2655 3596.29192635
7 1058 2657 3596.61142434
8 1059 2663 3603.7192742
9 1060 2664 3605.20608826
8 1061 2669 3606.58907073
7 1062 2670 3606.58907073
6 1063 2672 3609.66142261
5 1064 2673 3610.29192635
4 1065 2676 3612.42125738
5 1066 2680 3617.40984021
4 1067 2682 3617.66142261
3 1068 2683 3620.58907073
4 1069 2684 3627.99275872
3 1070 2686 3629.58907073
4 1071 2691 3633.86887349
5 1072 2693 3634.02182427
4 1073 2695 3635.99275872
5 1074 2697 3636.72413989
4 1075 2698 3637.40984021
5 1076 2699 3640.06178398
6 1077 2704 3641.74790324
7 1078 2708 3645.17181734
6 1079 2709 3647.86887349
5 1080 2710 3647.86887349
4 1081 2716 3654.02182427
3 1082 2717 3655.74790324
4 1083 2718 3659.40429547
5 1084 2720 3660.77482862
6 1085 2722 3661.92956868
5 1086 2728 3672.06178398
6 1087 2729 3672.63450698
7 1088 2732 3673.2554087
6 1089 2733 3673.40429547
5 1090 2736 3673.86887349
6 1091 2742 3678.53630006
5 1092 2744 3680.06178398
6 1093 2745 3682.3342217
7 1094 2747 3684.39334371
8 1095 2748 3684.52956622
9 1096 2749 3686.59033108
10 1097 2752 3686.93722328
11 1098 2753 3687.20134136
10 1099 2754 3687.40429547
9 1100 2761 3689.77482862
8 1101 2764 3693.86887349
9 1102 2766 3694.29639432
10 1103 2767 3694.829493
9 1104 2768 3695.53630006
8 1105 2770 3696.3342217
9 1106 2778 3699.00368795
8 1107 2780 3700.77482862
7 1108 2783 3701.40429547
6 1109 2790 3704.40429547
5 1110 2792 3709.53630006
4 1111 2793 3710.86887349
3 1112 2794 3711.77482862
2 1113 2796 3712.77482862
1 1114 2797 3713.3342217
2 1115 2800 3724.77162373
3 1116 2804 3740.46197294
4 1117 2806 3740.47996621
5 1118 2808 3741.00743621
6 1119 2809 3744.64009998
7 1120 2810 3745.82904865
6 1121 2816 3750.77162373
5 1122 2818 3757.47996621
6 1123 2819 3758.13708385
5 1124 2821 3760.46197294
6 1125 2826 3768.58670533
5 1126 2831 3773.77162373
4 1127 2832 3774.47996621
3 1128 2833 3780.46197294
2 1129 2837 3793.77162373
1 1130 2838 3796.77162373
2 1131 2839 3798.82980532
1 1132 2843 3809.82980532
2 1133 2844 3812.37522183
3 1134 2846 3814.35113059
4 1135 2848 3819.75101906
3 1136 2856 3838.37522183
2 1137 2857 3839.75101906
3 1138 2858 3840.47092794
4 1139 2860 3841.76983414
3 1140 2862 3843.35113059
4 1141 2867 3860.05960392
3 1142 2871 3861.76983414
2 1143 2872 3863.47092794
3 1144 2873 3867.25053473
2 1145 2875 3871.05960392
3 1146 2878 3882.35933501
4 1147 2880 3886.60472354
5 1148 2882 3888.56539406
6 1149 2883 3888.96937463
7 1150 2886 3892.87506609
6 1151 2888 3893.25053473
7 1152 2891 3896.34680743
6 1153 2893 3896.35933501
5 1154 2894 3897.60472354
6 1155 2900 3902.3920143
7 1156 2901 3904.55001339
8 1157 2902 3905.15667432
7 1158 2904 3905.60472354
6 1159 2908 3907.35933501
5 1160 2910 3910.25053473
4 1161 2915 3918.25053473
5 1162 2920 3925.13863898
4 1163 2922 3925.60472354
5 1164 2924 3928.09268065
4 1165 2928 3930.35933501
5 1166 2930 3931.93227088
6 1167 2937 3935.12354818
5 1168 2939 3938.25053473
4 1169 2940 3941.25053473
5 1170 2942 3942.38143222
6 1171 2943 3942.58630699
5 1172 2944 3942.93227088
6 1173 2946 3943.68942734
7 1174 2950 3946.98172863
6 1175 2953 3948.13863898
5 1176 2956 3956.93227088
4 1177 2959 3958.12354818
5 1178 2960 3960.77064775
6 1179 2967 3968.72289791
7 1180 2968 3969.38138929
6 1181 2971 3970.93227088
7 1182 2972 3971.33486792
8 1183 2973 3977.26760694
7 1184 2975 3979.93227088
6 1185 2977 3986.13863898
5 1186 2978 3986.77064775
6 1187 2982 3990.70571967
7 1188 2984 3993.30975887
6 1189 2986 3993.93227088
7 1190 2987 3997.63819957
8 1191 2989 3998.54598357
7 1192 2999 4003.13863898
8 1193 3000 4005.62838832
9 1194 3001 4006.05932074
8 1195 3004 4006.77064775
7 1196 3005 4009.13863898
6 1197 3008 4013.93227088
5 1198 3010 4013.93227088
6 1199 3016 4028.86220291
7 1200 3017 4028.91475734
6 1201 3018 4029.13863898
5 1202 3020 4030.93227088
6 1203 3022 4031.47402535
7 1204 3025 4032.03021772
6 1205 3026 4032.77064775
5 1206 3027 4035.77064775
4 1207 3029 4038.93227088
5 1208 3035 4045.77864216
4 1209 3038 4049.77064775
5 1210 3040 4053.48281275
4 1211 3043 4055.13863898
3 1212 3045 4055.93227088
2 1213 3046 4057.77064775
3 1214 3047 4060.08997589
4 1215 3053 4070.27861358
3 1216 3055 4072.13863898
4 1217 3058 4077.36738879
3 1218 3060 4080.08997589
4 1219 3063 4083.71675373
3 1220 3065 4084.27861358
2 1221 3066 4088.36738879
3 1222 3069 4096.77885929
2 1223 3071 4100.71675373
3 1224 3072 4106.52285141
4 1225 3076 4112.66023884
5 1226 3080 4116.4653986
4 1227 3081 4116.77885929
5 1228 3084 4121.95909149
4 1229 3085 4123.52285141
5 1230 3089 4124.60109725
4 1231 3094 4127.77885929
3 1232 3095 4129.66023884
2 1233 3096 4129.66023884
1 1234 3097 4132.66023884
2 1235 3098 4137.87483387
3 1236 3100 4138.95065511
4 1237 3104 4140.32391267
3 1238 3108 4146.95065511
4 1239 3110 4149.02499639
5 1240 3114 4153.13485908
6 1241 3115 4153.20675107
5 1242 3118 4154.87483387
6 1243 3119 4156.38266489
5 1244 3126 4163.32391267
6 1245 3129 4164.41220789
5 1246 3131 4168.32391267
4 1247 3134 4171.87483387
3 1248 3135 4171.87483387
2 1249 3136 4175.35933501
3 1250 3139 4181.50006244
4 1251 3143 4183.34264212
5 1252 3146 4183.49952643
4 1253 3147 4188.32391267
3 1254 3153 4195.50006244
2 1255 3154 4197.34264212
1 1256 3155 4198.50006244
2 1257 3156 4207.86500482
3 1258 3158 4210.17118653
4 1259 3160 4214.66168773
3 1260 3164 4219.66168773
4 1261 3167 4221.51975058
5 1262 3169 4223.08196405
6 1263 3174 4227.55803555
7 1264 3175 4228.28312999
6 1265 3177 4230.86500482
5 1266 3180 4233.17118653
4 1267 3181 4235.51975058
5 1268 3187 4246.87536407
6 1269 3189 4247.22434006
7 1270 3190 4247.23331617
6 1271 3191 4247.86500482
5 1272 3194 4250.17118653
4 1273 3195 4250.17118653
5 1274 3198 4251.89848385
4 1275 3203 4257.87536407
3 1276 3205 4261.86500482
2 1277 3206 4264.17118653
3 1278 3209 4267.3309685
2 1279 3211 4268.87536407
3 1280 3212 4273.38733176
4 1281 3214 4279.84098769
5 1282 3220 4284.29981776
4 1283 3221 4290.3309685
3 1284 3223 4290.38733176
4 1285 3226 4299.70936183
3 1286 3230 4302.84098769
2 1287 3231 4304.3309685
3 1288 3235 4311.77923104
2 1289 3240 4322.70936183
3 1290 3241 4327.97784553
4 1291 3243 4328.38195283
3 1292 3244 4331.77923104
4 1293 3250 4337.43422034
5 1294 3251 4344.91290106
4 1295 3254 4345.77923104
5 1296 3255 4348.95607681
4 1297 3256 4350.97784553
3 1298 3261 4359.77923104
2 1299 3266 4365.77923104
3 1300 3269 4373.33488713
2 1301 3273 4373.97784553
3 1302 3274 4377.1809869
4 1303 3276 4383.00461367
5 1304 3277 4383.22308049
6 1305 3282 4384.61210776
5 1306 3283 4388.1809869
4 1307 3288 4399.74007481
5 1308 3289 4401.25264488
4 1309 3290 4405.1809869
5 1310 3294 4408.73584517
6 1311 3295 4409.94392893
5 1312 3299 4413.74007481
4 1313 3300 4422.1809869
5 1314 3306 4435.81093656
4 1315 3308 4436.74007481
5 1316 3309 4437.09725007
4 1317 3311 4442.1809869
5 1318 3314 4451.78927103
6 1319 3315 4454.65135426
5 1320 3316 4456.74007481
4 1321 3323 4465.1809869
3 1322 3327 4476.74007481
4 1323 3328 4481.39236315
5 1324 3329 4485.3583791
4 1325 3333 4488.1809869
5 1326 3334 4490.04122521
4 1327 3336 4493.74007481
3 1328 3342 4507.74007481
2 1329 3343 4511.1809869
3 1330 3344 4514.62821963
4 1331 3348 4522.44879355
5 1332 3349 4524.81277565
4 1333 3352 4527.74007481
3 1334 3356 4534.62821963
4 1335 3360 4536.10839539
5 1336 3361 4536.67410065
4 1337 3364 4538.74007481
3 1338 3366 4542.62821963
4 1339 3370 4548.09384568
5 1340 3373 4549.92238793
6 1341 3374 4551.8375213
5 1342 3378 4553.62821963
6 1343 3380 4556.74016078
5 1344 3382 4558.74007481
6 1345 3385 4563.11864924
7 1346 3386 4563.94616653
6 1347 3387 4567.62821963
7 1348 3391 4573.47646054
8 1349 3394 4576.68193087
7 1350 3396 4577.96316244
6 1351 3398 4578.74007481
7 1352 3403 4585.97784298
8 1353 3404 4586.69191332
9 1354 3405 4587.39573135
8 1355 3407 4590.62821963
7 1356 3410 4591.96316244
6 1357 3417 4604.62821963
5 1358 3419 4604.74007481
6 1359 3423 4609.66961112
7 1360 3427 4615.93239912
8 1361 3428 4616.81293339
7 1362 3432 4617.96316244
6 1363 3437 4621.74007481
5 1364 3438 4627.62821963
6 1365 3443 4628.94163738
7 1366 3444 4630.14474932
6 1367 3446 4630.74007481
5 1368 3448 4631.96316244
6 1369 3451 4635.6597508
5 1370 3452 4635.74007481
4 1371 3454 4638.74007481
3 1372 3456 4639.96316244
4 1373 3457 4647.60460706
5 1374 3462 4654.91608169
6 1375 3463 4657.82703856
5 1376 3465 4661.74007481
6 1377 3466 4665.22158715
5 1378 3468 4665.96316244
6 1379 3473 4680.41845589
7 1380 3474 4684.86985781
8 1381 3475 4687.41880256
7 1382 3476 4687.74007481
6 1383 3480 4688.96316244
7 1384 3481 4690.75057019
8 1385 3482 4692.77803187
9 1386 3485 4697.10535102
8 1387 3490 4701.74007481
7 1388 3493 4702.96316244
8 1389 3494 4704.17825626
7 1390 3495 4707.74007481
8 1391 3500 4714.21225617
7 1392 3504 4721.74007481
6 1393 3509 4722.96316244
5 1394 3510 4722.96316244
6 1395 3513 4728.70691362
5 1396 3515 4729.74007481
6 1397 3516 4730.85490082
5 1398 3520 4733.96316244
4 1399 3521 4737.74007481
3 1400 3523 4739.74007481
4 1401 3528 4744.72692231
5 1402 3530 4745.82974031
4 1403 3533 4747.96316244
3 1404 3539 4754.74007481
4 1405 3541 4754.98250143
3 1406 3542 4758.96316244
4 1407 3544 4759.18720982
3 1408 3546 4767.72692231
2 1409 3552 4775.96316244
3 1410 3553 4777.74756551
4 1411 3555 4778.11074466
3 1412 3557 4778.72692231
4 1413 3558 4788.44036837
5 1414 3561 4789.46936438
4 1415 3565 4795.72692231
3 1416 3566 4797.74756551
4 1417 3568 4800.18525295
5 1418 3572 4807.07345447
6 1419 3577 4809.57241973
7 1420 3578 4812.67514283
6 1421 3580 4812.72692231
5 1422 3581 4814.74756551
6 1423 3587 4822.87360723
7 1424 3588 4823.12279804
6 1425 3589 4823.72692231
7 1426 3592 4829.52307807
8 1427 3598 4830.85537912
7 1428 3601 4831.07488038
6 1429 3602 4840.72692231
7 1430 3604 4840.73406039
6 1431 3608 4843.72692231
5 1432 3609 4848.07488038
6 1433 3610 4849.35373918
5 1434 3611 4849.74756551
6 1435 3615 4852.68919895
5 1436 3616 4854.07488038
4 1437 3621 4860.72692231
5 1438 3624 4867.62682917
4 1439 3626 4868.07488038
3 1440 3627 4869.74756551
4 1441 3632 4880.82354529
5 1442 3636 4883.70479785
4 1443 3637 4883.72692231
5 1444 3639 4886.14987206
4 1445 3642 4891.07488038
3 1446 3646 4900.72692231
4 1447 3647 4901.27583184
3 1448 3649 4903.82354529
2 1449 3653 4911.07488038
3 1450 3657 4926.73355376
2 1451 3659 4927.27583184
1 1452 3662 4940.73355376
2 1453 3663 4941.31691827
3 1454 3667 4948.98250453
2 1455 3669 4952.31691827
3 1456 3670 4963.63782606
4 1457 3672 4963.95002496
5 1458 3677 4965.3384629
4 1459 3678 4968.98250453
3 1460 3681 4971.63782606
4 1461 3682 4973.74773381
5 1462 3685 4975.96248564
4 1463 3689 4982.63782606
3 1464 3691 4985.98250453
4 1465 3692 4987.19805922
5 1466 3693 4987.52934524
6 1467 3696 4999.1092165
5 1468 3699 5002.63782606
6 1469 3701 5002.84780059
5 1470 3705 5005.98250453
6 1471 3706 5006.81190165
5 1472 3708 5010.63782606
6 1473 3713 5019.3006423
7 1474 3714 5019.51627254
8 1475 3715 5021.89157364
7 1476 3717 5022.98250453
6 1477 3719 5027.63782606
7 1478 3721 5031.18115709
8 1479 3722 5032.15225363
9 1480 3728 5040.10419194
8 1481 3731 5041.63782606
7 1482 3734 5045.98250453
6 1483 3735 5047.63782606
7 1484 3742 5053.03645962
6 1485 3744 5056.98250453
5 1486 3746 5058.63782606
4 1487 3748 5060.74007481
3 1488 3753 5069.63782606
4 1489 3758 5073.92700247
5 1490 3760 5076.89979533
4 1491 3762 5080.74007481
3 1492 3765 5082.98250453
4 1493 3768 5084.13685776
5 1494 3770 5086.75036338
4 1495 3772 5087.92700247
5 1496 3775 5092.3093571
6 1497 3777 5093.2023625
5 1498 3778 5093.89979533
6 1499 3780 5095.05937007
5 1500 3782 5098.13685776
6 1501 3784 5099.49275608
7 1502 3785 5099.6922454
8 1503 3789 5099.99333241
9 1504 3794 5105.49229297
10 1505 3795 5106.53176511
9 1506 3796 5106.75036338
8 1507 3802 5107.89979533
9 1508 3806 5109.10030512
8 1509 3807 5109.75036338
7 1510 3811 5115.3093571
6 1511 3812 5115.89979533
5 1512 3813 5117.75036338
4 1513 3815 5118.13685776
3 1514 3816 5118.89979533
4 1515 3823 5128.30208663
3 1516 3825 5129.3093571
4 1517 3826 5129.64799029
3 1518 3828 5131.75036338
4 1519 3830 5137.98292828
3 1520 3835 5145.30208663
2 1521 3836 5145.30208663
3 1522 3839 5150.05853337
4 1523 3841 5152.30395635
3 1524 3843 5161.64799029
2 1525 3848 5169.30395635
1 1526 3849 5173.05853337
2 1527 3850 5175.55520762
3 1528 3854 5176.98164274
2 1529 3856 5183.55520762
1 1530 3859 5199.98164274
2 1531 3861 5200.90197661
3 1532 3866 5215.03931086
2 1533 3868 5217.90197661
3 1534 3869 5219.10784422
4 1535 3873 5227.11236771
3 1536 3877 5230.10784422
2 1537 3880 5241.03931086
1 1538 3881 5247.11236771
2 1539 3882 5247.68260125
1 1540 3886 5264.68260125
2 1541 3887 5266.90902897
3 1542 3891 5274.86965149
4 1543 3893 5279.49665107
5 1544 3895 5279.78271682
4 1545 3896 5280.90902897
5 1546 3900 5284.35191978
6 1547 3901 5284.70051502
7 1548 3904 5285.36686562
8 1549 3905 5286.16188518
7 1550 3907 5288.90902897
8 1551 3910 5291.28803793
7 1552 3911 5291.86965149
6 1553 3921 5302.49665107
5 1554 3923 5302.86965149
4 1555 3924 5305.86965149
5 1556 3925 5306.35942382
4 1557 3927 5308.90902897
3 1558 3928 5311.86965149
4 1559 3929 5312.48891374
5 1560 3935 5317.16206414
4 1561 3939 5323.48891374
3 1562 3940 5325.49665107
4 1563 3941 5331.09620504
3 1564 3945 5335.35942382
4 1565 3946 5339.51177146
3 1566 3948 5343.48891374
4 1567 3954 5349.68238191
3 1568 3956 5357.09620504
4 1569 3957 5359.13119218
3 1570 3959 5359.51177146
2 1571 3962 5366.68238191
3 1572 3965 5369.66350339
4 1573 3967 5372.29305379
3 1574 3971 5376.13119218
2 1575 3974 5380.66350339
3 1576 3975 5382.42757696
2 1577 3979 5392.29305379
3 1578 3980 5395.7874249
2 1579 3982 5402.42757696
3 1580 3983 5405.01595292
4 1581 3989 5412.61954079
3 1582 3991 5412.7874249
4 1583 3992 5413.49822262
3 1584 3996 5417.61954079
4 1585 3998 5423.09450023
5 1586 4002 5423.76901767
4 1587 4004 5425.01595292
5 1588 4005 5430.759063
6 1589 4007 5430.76840875
7 1590 4013 5434.50556676
6 1591 4017 5436.49822262
5 1592 4018 5437.76901767
6 1593 4019 5437.91546798
5 1594 4021 5438.76840875
6 1595 4025 5447.81806597
5 1596 4029 5449.09450023
6 1597 4032 5451.61667543
5 1598 4034 5451.91546798
6 1599 4037 5453.48521941
5 1600 4039 5453.759063
4 1601 4040 5456.49822262
3 1602 4041 5456.61667543
4 1603 4042 5456.89645083
3 1604 4044 5457.91546798
4 1605 4049 5466.96774845
3 1606 4051 5473.89645083
4 1607 4054 5476.34375681
3 1608 4056 5476.48521941
2 1609 4057 5486.96774845
1 1610 4060 5499.34375681
2 1611 4061 5501.03222698
3 1612 4063 5501.94179962
4 1613 4065 5507.60071407
5 1614 4069 5514.49988498
6 1615 4072 5515.55527368
5 1616 4073 5515.60071407
6 1617 4078 5519.76865075
5 1618 4080 5521.94179962
6 1619 4084 5524.9640713
7 1620 4086 5527.60770023
6 1621 4088 5528.49988498
5 1622 4089 5528.49988498
6 1623 4094 5533.8590233
5 1624 4098 5535.9640713
4 1625 4099 5536.03222698
3 1626 4100 5536.76865075
2 1627 4103 5541.8590233
3 1628 4104 5545.34400982
2 1629 4106 5553.60770023
3 1630 4107 5558.50312844
4 1631 4109 5559.63445349
5 1632 4113 5561.77351721
6 1633 4117 5568.22351579
5 1634 4119 5568.34400982
4 1635 4124 5572.50312844
3 1636 4129 5582.63445349
2 1637 4130 5584.77351721
1 1638 4131 5588.22351579
2 1639 4132 5595.73003816
1 1640 4136 5609.73003816
2 1641 4137 5621.07644488
3 1642 4141 5626.97783066
4 1643 4143 5629.81463208
3 1644 4145 5632.07644488
4 1645 4148 5634.89724226
3 1646 4152 5640.97783066
2 1647 4155 5646.81463208
3 1648 4156 5650.81194258
4 1649 4158 5652.46626479
5 1650 4160 5654.27092457
4 1651 4162 5654.89724226
5 1652 4171 5659.87701162
6 1653 4172 5664.15319569
7 1654 4173 5665.26822409
6 1655 4175 5666.46626479
5 1656 4176 5668.27092457
6 1657 4180 5673.39120469
5 1658 4184 5673.81194258
6 1659 4185 5674.38658051
7 1660 4186 5676.64931167
6 1661 4188 5679.27092457
5 1662 4189 5683.46626479
4 1663 4194 5690.81194258
3 1664 4201 5701.81194258
2 1665 4202 5702.27092457
1 1666 4203 5703.46626479
2 1667 4204 5703.89445085
3 1668 4208 5724.87452278
4 1669 4210 5726.61865786
3 1670 4212 5726.89445085
4 1671 4213 5727.06894306
5 1672 4215 5730.7592414
4 1673 4221 5737.61865786
3 1674 4224 5744.06894306
4 1675 4225 5744.41358233
3 1676 4227 5744.87452278
4 1677 4228 5745.48376621
5 1678 4230 5746.46818008
6 1679 4235 5752.0504754
7 1680 4238 5757.80224774
8 1681 4239 5758.14504469
7 1682 4241 5759.48376621
8 1683 4242 5760.35572313
7 1684 4246 5760.61865786
6 1685 4249 5761.41358233
5 1686 4251 5764.48376621
6 1687 4252 5764.59553663
5 1688 4260 5775.41358233
6 1689 4261 5776.44320263
5 1690 4263 5777.61865786
4 1691 4264 5778.48376621
5 1692 4266 5779.50222409
4 1693 4267 5781.41358233
5 1694 4271 5785.07860981
6 1695 4273 5786.00969561
5 1696 4276 5791.61865786
6 1697 4278 5792.31719774
7 1698 4280 5792.46925962
6 1699 4281 5792.48376621
7 1700 4284 5793.57619961
8 1701 4286 5798.39631239
9 1702 4293 5801.89832096
8 1703 4296 5802.61865786
7 1704 4298 5802.61865786
6 1705 4300 5804.41358233
5 1706 4301 5809.48376621
6 1707 4305 5810.29295355
5 1708 4310 5813.41358233
4 1709 4313 5816.57619961
3 1710 4316 5819.61865786
4 1711 4317 5821.18288945
3 1712 4319 5821.41358233
4 1713 4320 5829.44155437
3 1714 4322 5830.57619961
4 1715 4325 5832.57807971
5 1716 4327 5832.64944784
6 1717 4328 5833.18898746
7 1718 4329 5836.3691012
8 1719 4332 5838.33795194
7 1720 4333 5841.18288945
8 1721 4336 5841.36188601
9 1722 4342 5848.67179769
10 1723 4343 5848.9154177
9 1724 4344 5849.18288945
10 1725 4346 5849.96878007
11 1726 4347 5850.85510286
10 1727 4349 5852.44155437
9 1728 4351 5852.57807971
8 1729 4352 5855.18288945
9 1730 4355 5856.40407807
10 1731 4356 5857.53025203
11 1732 4357 5860.47017068
10 1733 4364 5863.18288945
11 1734 4370 5866.88303402
12 1735 4373 5869.39271194
11 1736 4374 5869.57807971
10 1737 4376 5869.89724226
9 1738 4378 5872.89724226
8 1739 4381 5875.44155437
7 1740 4383 5877.18288945
8 1741 4390 5882.69164202
7 1742 4391 5886.44155437
6 1743 4398 5889.44155437
7 1744 4399 5895.29608041
6 1745 4403 5897.18288945
5 1746 4404 5898.57807971
4 1747 4405 5900.18288945
5 1748 4406 5902.25476515
6 1749 4409 5903.93747919
5 1750 4410 5904.89724226
4 1751 4414 5909.44155437
5 1752 4417 5913.41419674
4 1753 4419 5914.18288945
3 1754 4422 5920.18288945
2 1755 4424 5922.25476515
3 1756 4425 5925.84530745
2 1757 4430 5930.41419674
3 1758 4431 5930.76012319
4 1759 4433 5933.09916964
3 1760 4439 5942.84530745
4 1761 4440 5943.19592973
3 1762 4444 5950.76012319
2 1763 4445 5953.84530745
3 1764 4448 5961.30737872
4 1765 4450 5961.91834221
3 1766 4453 5970.76012319
2 1767 4455 5972.30737872
3 1768 4456 5972.86625008
4 1769 4458 5974.44639285
5 1770 4460 5974.87166546
6 1771 4466 5981.86456827
7 1772 4467 5986.8678868
6 1773 4468 5987.76012319
5 1774 4471 5987.76012319
6 1775 4472 5988.38476983
7 1776 4473 5989.23938639
6 1777 4475 5989.86625008
7 1778 4479 5997.71970693
6 1779 4480 5998.76012319
5 1780 4484 6001.76012319
4 1781 4486 6003.86625008
5 1782 4487 6009.05677954
6 1783 4489 6011.3259617
7 1784 4495 6016.26777212
6 1785 4496 6018.76012319
5 1786 4498 6023.86625008
4 1787 4500 6024.76012319
5 1788 4501 6025.46524114
4 1789 4507 6034.86625008
3 1790 4512 6041.76012319
2 1791 4515 6051.86625008
3 1792 4516 6051.9545078
4 1793 4518 6057.39747014
5 1794 4520 6057.82718298
6 1795 4521 6058.51631174
5 1796 4525 6062.48376621
6 1797 4526 6067.90977204
5 1798 4528 6068.9545078
6 1799 4533 6077.55222274
5 1800 4535 6079.48376621
6 1801 4538 6084.69508834
7 1802 4539 6089.6809354
6 1803 4541 6091.9545078
7 1804 4544 6093.16900768
6 1805 4546 6095.39747014
5 1806 4550 6102.48376621
4 1807 4552 6102.9545078
3 1808 4557 6115.39747014
4 1809 4560 6115.54097638
3 1810 4562 6119.48376621
2 1811 4565 6122.9545078
3 1812 4566 6129.45531054
4 1813 4568 6134.06080442
3 1814 4570 6135.54097638
2 1815 4573 6143.45531054
1 1816 4576 6154.06080442
2 1817 4577 6154.96870671
3 1818 4579 6157.19388616
4 1819 4585 6163.22262008
5 1820 4588 6167.76499447
4 1821 4590 6168.96870671
3 1822 4596 6180.19388616
2 1823 4597 6184.76499447
3 1824 4598 6188.46178806
2 1825 4600 6189.22262008
3 1826 4602 6193.66324787
4 1827 4605 6196.04622477
5 1828 4606 6197.97124454
6 1829 4611 6198.97819546
5 1830 4613 6199.46178806
6 1831 4614 6201.29797059
7 1832 4622 6208.01096747
8 1833 4623 6208.23231615
7 1834 4624 6208.46178806
6 1835 4626 6208.97124454
7 1836 4627 6209.58651888
6 1837 4628 6210.66324787
5 1838 4634 6215.97819546
6 1839 4639 6218.37864034
5 1840 4643 6221.29797059
6 1841 4644 6221.34432751
7 1842 4646 6222.98382997
8 1843 4647 6224.169733
7 1844 4649 6224.66324787
6 1845 4650 6227.29797059
7 1846 4652 6228.07278439
6 1847 4656 6228.97124454
5 1848 4659 6231.97124454
4 1849 4662 6235.66324787
5 1850 4663 6236.28709569
4 1851 4667 6244.29797059
3 1852 4668 6244.34432751
2 1853 4670 6245.97124454
3 1854 4673 6248.19807919
4 1855 4675 6250.97294272
3 1856 4679 6253.28709569
4 1857 4680 6253.56019347
3 1858 4682 6259.19807919
4 1859 4688 6268.25171
5 1860 4690 6269.80086306
4 1861 4692 6270.56019347
5 1862 4693 6274.63072095
6 1863 4697 6277.06187029
5 1864 4702 6279.97294272
6 1865 4703 6283.5429866
5 1866 4704 6285.25171
4 1867 4708 6287.56019347
3 1868 4709 6287.56019347
4 1869 4710 6292.13156133
3 1870 4714 6296.97294272
2 1871 4717 6299.25171
3 1872 4718 6302.56306865
2 1873 4720 6303.13156133
3 1874 4721 6306.26202325
4 1875 4724 6309.46241809
5 1876 4730 6322.4755588
4 1877 4732 6322.56306865
3 1878 4733 6323.26202325
2 1879 4734 6323.26202325
3 1880 4735 6324.13605389
4 1881 4739 6326.7928818
3 1882 4741 6329.13605389
2 1883 4746 6334.7928818
1 1884 4747 6339.4755588
2 1885 4748 6342.19346738
3 1886 4751 6348.00926709
4 1887 4755 6358.62295766
3 1888 4757 6359.19346738
4 1889 4759 6362.68282751
3 1890 4760 6365.19346738
2 1891 4764 6366.62295766
1 1892 4765 6372.62295766
2 1893 4766 6375.330605
3 1894 4768 6376.50481402
4 1895 4772 6388.96205008
3 1896 4774 6392.330605
4 1897 4779 6398.22594651
3 1898 4781 6399.50481402
2 1899 4782 6399.96205008
1 1900 4785 6406.22594651
2 1901 4787 6441.29399095
3 1902 4791 6453.87573709
2 1903 4793 6458.29399095
1 1904 4796 6470.87573709
2 1905 4798 6474.84748231
3 1906 4800 6477.39900488
4 1907 4804 6488.56845821
3 1908 4808 6494.84748231
4 1909 4811 6503.22338186
3 1910 4813 6503.39900488
2 1911 4814 6505.56845821
3 1912 4817 6521.3865797
2 1913 4819 6529.22338186
3 1914 4820 6530.67155905
4 1915 4824 6532.57398224
5 1916 4828 6537.76858486
6 1917 4832 6540.98356433
5 1918 4834 6541.3865797
4 1919 4835 6544.67155905
5 1920 4838 6545.94776725
4 1921 4840 6548.76858486
5 1922 4841 6551.55451969
6 1923 4844 6553.00519822
7 1924 4845 6553.24894615
6 1925 4851 6555.57398224
7 1926 4852 6557.31458002
6 1927 4854 6559.55451969
5 1928 4858 6563.98356433
6 1929 4861 6566.17303173
5 1930 4865 6568.94776725
4 1931 4866 6570.24894615
3 1932 4869 6574.31458002
2 1933 4870 6574.94776725
1 1934 4872 6583.17303173
2 1935 4873 6584.06621872
3 1936 4876 6595.01854738
4 1937 4879 6598.15099613
5 1938 4885 6604.38056118
6 1939 4887 6606.91945065
7 1940 4889 6607.90600006
6 1941 4892 6609.01854738
7 1942 4893 6609.31451915
6 1943 4895 6612.01854738
5 1944 4896 6613.06621872
4 1945 4898 6615.38056118
5 1946 4899 6615.43828089
6 1947 4905 6624.56057047
5 1948 4909 6626.01854738
4 1949 4912 6629.43828089
3 1950 4913 6629.91945065
2 1951 4916 6634.01854738
1 1952 4917 6639.06621872
2 1953 4918 6641.65598891
3 1954 4922 6650.19676808
2 1955 4924 6652.65598891
3 1956 4925 6653.58960517
4 1957 4927 6653.63903345
5 1958 4933 6658.76884702
6 1959 4935 6659.98671119
7 1960 4938 6663.99639488
6 1961 4942 6670.63903345
5 1962 4944 6673.19676808
4 1963 4947 6678.76884702
5 1964 4948 6680.08804238
4 1965 4952 6682.58960517
3 1966 4955 6684.19676808
2 1967 4956 6684.63903345
1 1968 4957 6691.08804238
2 1969 4958 6700.38281923
3 1970 4960 6701.91544896
4 1971 4963 6707.73704477
3 1972 4967 6712.91544896
2 1973 4970 6721.91544896
3 1974 4971 6722.87785636
2 1975 4973 6726.38281923
1 1976 4976 6733.87785636
2 1977 4977 6736.5624711
3 1978 4979 6736.69854564
2 1979 4985 6747.5624711
1 1980 4986 6750.69854564
2 1981 4987 6752.19612201
3 1982 4989 6764.13770081
4 1983 4993 6766.35083015
3 1984 4997 6769.19612201
2 1985 5001 6774.35083015
1 1986 5002 6775.13770081
2 1987 5003 6781.03703639
3 1988 5008 6789.54500385
4 1989 5010 6792.28332951
3 1990 5014 6798.03703639
4 1991 5015 6798.09710795
5 1992 5019 6805.447098
4 1993 5022 6809.54500385
3 1994 5024 6812.28332951
4 1995 5025 6813.56349598
5 1996 5027 6815.25718691
4 1997 5032 6821.09710795
3 1998 5037 6826.54500385
2 1999 5038 6826.54500385
1 2000 5041 6835.09710795
0 2001 5042 6842.56349598
0 2002 5046 7064.56349598
