#data counter step time
0 1 0 0.0
1 2 1 0.0
2 3 7 24.3202135268
3 4 8 26.6165264552
4 5 9 44.3318539723
5 6 10 49.1536300628
6 7 11 53.0257631772
7 8 12 55.3376038289
8 9 13 60.6238507283
9 10 14 65.8037180622
10 11 15 68.572212737
11 12 16 78.0405103558
12 13 17 86.2548854685
13 14 18 100.347562101
14 15 19 112.1767886
15 16 20 116.348551847
16 17 21 124.561565171
17 18 22 138.51484649
18 19 23 146.733010204
19 20 24 154.082359948
20 21 25 155.298029565
21 22 26 168.447665776
22 23 27 179.788888701
23 24 28 181.315175552
24 25 29 197.97790833
25 26 30 200.470133732
26 27 31 209.030633909
27 28 32 210.560047096
28 29 33 211.729495708
29 30 34 223.175067948
30 31 35 272.747575707
31 32 36 281.16209909
32 33 37 281.4056224
33 34 38 297.657204702
34 35 39 310.550663482
35 36 40 320.908914935
36 37 41 325.267401094
37 38 42 330.481248302
38 39 43 336.338481127
39 40 44 338.632943193
40 41 45 345.345596367
41 42 46 353.777559167
42 43 47 358.152074227
43 44 48 362.736202233
44 45 49 384.273456758
45 46 50 394.488795988
46 47 51 396.534632342
47 48 52 401.004118325
48 49 53 407.642893581
49 50 54 409.950494485
50 51 55 410.027741242
51 52 56 417.281464549
52 53 57 421.87405156
53 54 58 429.066354518
54 55 59 429.565575035
55 56 60 439.746181627
56 57 61 441.647646656
57 58 62 450.417652074
58 59 63 453.813303522
59 60 64 455.841377835
60 61 65 462.171940985
61 62 66 467.506381027
62 63 67 469.553697368
63 64 68 471.236916946
64 65 69 480.350201838
65 66 70 481.279417068
66 67 71 486.278759587
67 68 72 490.591019012
68 69 73 502.328890441
69 70 74 531.309432053
70 71 75 539.042169204
71 72 76 541.164505466
72 73 77 541.779321202
73 74 78 548.323974172
74 75 79 548.436860706
75 76 80 559.371557778
76 77 81 568.313872465
77 78 82 575.496918986
78 79 83 576.425109322
79 80 84 578.697523116
80 81 85 581.067749512
81 82 86 592.428537593
82 83 87 594.110817692
83 84 88 610.252711165
84 85 89 612.870165786
85 86 90 614.963455725
86 87 91 629.860339069
87 88 92 641.754811426
88 89 93 644.438905235
89 90 94 655.659388356
90 91 95 677.862498013
91 92 96 685.084353023
92 93 97 688.02719256
93 94 98 690.806783656
94 95 99 691.936998654
95 96 100 708.959500866
96 97 101 712.192923099
97 98 102 713.01591626
98 99 103 721.671569183
99 100 104 723.623971533
100 101 105 729.283022238
101 102 106 739.731875395
102 103 107 745.606202051
103 104 108 746.744749609
104 105 109 752.366284074
105 106 110 754.169914731
106 107 111 760.221398095
107 108 112 767.432811781
108 109 113 771.257889271
109 110 114 783.198138726
110 111 115 791.731820001
111 112 116 795.359815653
112 113 117 798.25798383
113 114 118 812.080296913
114 115 119 815.131168168
115 116 120 821.375467377
116 117 121 835.895917142
117 118 122 843.881678879
118 119 123 851.578033179
119 120 124 855.16135714
120 121 125 872.818049137
121 122 126 872.909614521
122 123 127 873.8429124
123 124 128 877.70611135
124 125 129 885.984058588
125 126 130 890.04427898
126 127 131 892.710518831
127 128 132 902.542255287
128 129 133 910.020030304
129 130 134 918.28908548
130 131 135 940.984277051
131 132 136 961.11097171
132 133 137 966.551479932
133 134 138 969.229906175
134 135 139 971.471941254
135 136 140 986.190253274
136 137 141 994.110292379
137 138 142 997.274413945
138 139 143 999.365386081
139 140 144 1006.15402721
140 141 145 1008.66001532
141 142 146 1013.25973486
142 143 147 1020.65567611
143 144 148 1021.03474515
144 145 149 1025.65261192
145 146 150 1031.0005641
146 147 151 1036.14883187
147 148 152 1043.46004049
148 149 153 1044.38008132
149 150 154 1048.74075609
150 151 155 1052.21840361
151 152 156 1055.8086704
152 153 157 1056.70254597
153 154 158 1057.81031681
154 155 159 1060.00811741
155 156 160 1061.68329253
156 157 161 1061.93829244
157 158 162 1068.95947396
158 159 163 1073.00875405
159 160 164 1075.84077356
160 161 165 1083.35219097
161 162 166 1085.58206085
162 163 167 1085.79554727
163 164 168 1086.42872484
164 165 169 1092.37285052
165 166 170 1099.18626237
166 167 171 1111.0221372
167 168 172 1113.56114467
168 169 173 1116.34062155
169 170 174 1138.99796089
170 171 175 1147.82237484
171 172 176 1148.62538749
172 173 177 1151.32210813
173 174 178 1151.40129699
174 175 179 1155.73814443
175 176 180 1157.00756834
176 177 181 1171.07548476
177 178 182 1172.86738093
178 179 183 1173.47085184
179 180 184 1180.28148393
180 181 185 1182.73256147
181 182 186 1185.57318569
182 183 187 1196.67333062
183 184 188 1211.64964491
184 185 189 1213.75954579
185 186 190 1216.55917283
186 187 191 1218.94002303
187 188 192 1223.7327073
188 189 193 1235.53250977
189 190 194 1246.56737473
190 191 195 1251.24318589
191 192 196 1252.71493438
192 193 197 1257.81971197
193 194 198 1273.66463095
194 195 199 1286.7036052
195 196 200 1291.25640073
196 197 201 1292.87676124
197 198 202 1297.70534779
198 199 203 1307.07959163
199 200 204 1321.43189653
200 201 205 1331.96742953
201 202 206 1331.982683
202 203 207 1333.64680209
203 204 208 1337.30476148
204 205 209 1368.18870805
205 206 210 1375.4869726
206 207 211 1377.10110719
207 208 212 1378.98554856
208 209 213 1384.13722213
209 210 214 1390.71345246
210 211 215 1400.57684189
211 212 216 1418.67286788
212 213 217 1423.21567344
213 214 218 1427.90681312
214 215 219 1430.39647042
215 216 220 1432.59245122
216 217 221 1450.64626251
217 218 222 1453.63166412
218 219 223 1472.09662603
219 220 224 1492.69686575
220 221 225 1496.45108158
221 222 226 1509.80652068
222 223 227 1511.65863588
223 224 228 1512.97930525
224 225 229 1525.00335386
225 226 230 1538.89001553
226 227 231 1548.99806124
227 228 232 1550.49835161
228 229 233 1565.20515657
229 230 234 1569.61028005
230 231 235 1572.71862078
231 232 236 1579.68651111
232 233 237 1582.99743208
233 234 238 1586.50129391
234 235 239 1590.76010123
235 236 240 1591.45359668
236 237 241 1598.18605918
237 238 242 1616.50891529
238 239 243 1616.91482312
239 240 244 1649.92871231
240 241 245 1651.71110205
241 242 246 1663.28990368
242 243 247 1683.51442568
243 244 248 1690.30059362
244 245 249 1690.71017329
245 246 250 1697.93305571
246 247 251 1699.70576676
247 248 252 1701.2094929
248 249 253 1711.24608233
249 250 254 1714.00642095
250 251 255 1715.61903346
251 252 256 1717.49393021
252 253 257 1721.50982919
253 254 258 1725.82993909
254 255 259 1727.05361765
255 256 260 1733.29910566
256 257 261 1733.71133713
257 258 262 1750.31475803
258 259 263 1764.66884614
259 260 264 1767.22888458
260 261 265 1770.6361546
261 262 266 1781.53497531
262 263 267 1782.18653099
263 264 268 1786.50462376
264 265 269 1791.30040428
265 266 270 1797.88219407
266 267 271 1832.71976876
267 268 272 1834.64307302
268 269 273 1850.80778202
269 270 274 1854.92327464
270 271 275 1862.05198119
271 272 276 1864.26521946
272 273 277 1864.85806697
273 274 278 1866.92367753
274 275 279 1894.72821614
275 276 280 1894.92680927
276 277 281 1908.17941359
277 278 282 1919.90048173
278 279 283 1927.26545045
279 280 284 1929.04231326
280 281 285 1930.47174222
281 282 286 1930.74799292
282 283 287 1945.24362465
283 284 288 1950.67095001
284 285 289 1957.3970304
285 286 290 1957.89172499
286 287 291 1959.725874
287 288 292 1979.72995855
288 289 293 1980.92681254
289 290 294 1984.77573059
290 291 295 1990.30398255
291 292 296 1993.8513771
292 293 297 2025.65601492
293 294 298 2026.73205156
294 295 299 2033.68022943
295 296 300 2048.22804566
296 297 301 2053.43420487
297 298 302 2061.99015977
298 299 303 2062.16342307
299 300 304 2062.58207404
300 301 305 2062.93488396
301 302 306 2063.85301109
302 303 307 2066.17809367
303 304 308 2066.4975049
304 305 309 2070.45893209
305 306 310 2071.40934503
306 307 311 2080.463624
307 308 312 2106.32589626
308 309 313 2123.63797934
309 310 314 2127.22487768
310 311 315 2128.54741887
311 312 316 2136.36642703
312 313 317 2136.88711743
313 314 318 2144.76550764
314 315 319 2146.60779018
315 316 320 2150.69872754
316 317 321 2152.77971491
317 318 322 2155.083834
318 319 323 2166.59395214
319 320 324 2168.03237878
320 321 325 2170.07264456
321 322 326 2171.44881137
322 323 327 2178.90176661
323 324 328 2181.07541358
324 325 329 2185.68307838
325 326 330 2193.61809262
326 327 331 2207.9582274
327 328 332 2209.49536801
328 329 333 2215.29817185
329 330 334 2215.97986465
330 331 335 2232.46427375
331 332 336 2238.7901047
332 333 337 2256.87642165
333 334 338 2269.85444955
334 335 339 2275.31531868
335 336 340 2298.96208461
336 337 341 2300.13765254
337 338 342 2308.31201743
338 339 343 2311.06366582
339 340 344 2320.79692206
340 341 345 2323.23374256
341 342 346 2328.04924712
342 343 347 2338.04755573
343 344 348 2349.05589034
344 345 349 2356.23004224
345 346 350 2360.70272416
346 347 351 2369.78294091
347 348 352 2380.25595174
348 349 353 2382.65618293
349 350 354 2387.84419915
350 351 355 2397.63341843
351 352 356 2397.68975738
352 353 357 2406.56601349
353 354 358 2418.06276978
354 355 359 2419.33354767
355 356 360 2427.12566758
356 357 361 2427.37112878
357 358 362 2433.48674519
358 359 363 2438.79090424
359 360 364 2456.07748122
360 361 365 2461.82593416
361 362 366 2466.74446246
362 363 367 2476.46210963
363 364 368 2477.43000207
364 365 369 2486.45872496
365 366 370 2489.35493635
366 367 371 2497.14867144
367 368 372 2499.55912068
368 369 373 2503.4396874
369 370 374 2504.55986547
370 371 375 2511.32768846
371 372 376 2513.94606444
372 373 377 2525.89854532
373 374 378 2540.03524687
374 375 379 2542.07741753
375 376 380 2550.35150769
376 377 381 2557.2177449
377 378 382 2562.89006562
378 379 383 2563.44811934
379 380 384 2564.68175695
380 381 385 2568.13634066
381 382 386 2585.62206324
382 383 387 2599.25376345
383 384 388 2608.15482144
384 385 389 2610.83614943
385 386 390 2612.03459718
386 387 391 2622.19585259
387 388 392 2628.49627823
388 389 393 2629.1606715
389 390 394 2636.5096279
390 391 395 2648.64161925
391 392 396 2653.4655733
392 393 397 2654.16206487
393 394 398 2657.68717434
394 395 399 2657.78466515
395 396 400 2668.10710579
396 397 401 2670.34643808
397 398 402 2670.59281767
398 399 403 2682.05833826
399 400 404 2682.41601768
400 401 405 2690.76619974
401 402 406 2703.22123143
402 403 407 2717.86052838
403 404 408 2722.9111858
404 405 409 2725.10830942
405 406 410 2766.30584559
406 407 411 2767.03117661
407 408 412 2771.28760257
408 409 413 2789.5151697
409 410 414 2793.30849812
410 411 415 2801.97633865
411 412 416 2808.9160248
412 413 417 2811.59660728
413 414 418 2827.75870575
414 415 419 2841.54440013
415 416 420 2848.80321111
416 417 421 2860.18628032
417 418 422 2864.31774292
418 419 423 2866.74410981
419 420 424 2868.861057
420 421 425 2870.65989709
421 422 426 2874.19986413
422 423 427 2874.28392279
423 424 428 2879.5532506
424 425 429 2881.32798961
425 426 430 2882.07093099
426 427 431 2882.49470426
427 428 432 2883.33347924
428 429 433 2891.32832722
429 430 434 2897.45335342
430 431 435 2897.55664861
431 432 436 2898.48627719
432 433 437 2902.23375099
433 434 438 2903.74196395
434 435 439 2913.47175662
435 436 440 2915.59765694
436 437 441 2921.72163235
437 438 442 2943.06112528
438 439 443 2948.48732362
439 440 444 2951.64523816
440 441 445 2957.05516826
441 442 446 2958.52838881
442 443 447 2963.13698635
443 444 448 2976.81858603
444 445 449 2977.08423761
445 446 450 2979.97929865
446 447 451 2991.26618856
447 448 452 2991.40848828
448 449 453 2992.86940926
449 450 454 3001.18953899
450 451 455 3002.02118798
451 452 456 3018.63410232
452 453 457 3032.79820798
453 454 458 3038.61672
454 455 459 3045.65825706
455 456 460 3048.35974578
456 457 461 3048.40303765
457 458 462 3050.31169062
458 459 463 3052.68667791
459 460 464 3054.16347538
460 461 465 3062.16467421
461 462 466 3065.90367366
462 463 467 3066.19759552
463 464 468 3069.25838828
464 465 469 3072.45254418
465 466 470 3073.50442591
466 467 471 3093.53672102
467 468 472 3102.31242845
468 469 473 3104.32398044
469 470 474 3124.66624854
470 471 475 3144.14758581
471 472 476 3146.38166636
472 473 477 3152.54182925
473 474 478 3154.5003153
474 475 479 3177.63916225
475 476 480 3180.49194494
476 477 481 3189.81647666
477 478 482 3220.84585511
478 479 483 3222.83304524
479 480 484 3229.09460727
480 481 485 3245.64269172
481 482 486 3247.03797342
482 483 487 3254.31066568
483 484 488 3260.28255249
484 485 489 3262.27549042
485 486 490 3264.86428564
486 487 491 3269.80016104
487 488 492 3276.33552115
488 489 493 3278.11932827
489 490 494 3283.42623175
490 491 495 3283.7196244
491 492 496 3284.39665663
492 493 497 3287.29144891
493 494 498 3290.46023324
494 495 499 3295.95227549
495 496 500 3300.621887
496 497 501 3304.68136008
497 498 502 3307.12473603
498 499 503 3325.69871363
499 500 504 3327.12178206
500 501 505 3328.16579773
501 502 506 3328.6858627
502 503 507 3330.52263533
503 504 508 3351.11920758
504 505 509 3351.14458829
505 506 510 3356.45405989
506 507 511 3378.01510743
507 508 512 3379.31120155
508 509 513 3380.18728377
509 510 514 3380.46436819
510 511 515 3395.36614749
511 512 516 3396.52970115
512 513 517 3399.88792994
513 514 518 3405.26032554
514 515 519 3405.86887432
515 516 520 3408.01850953
516 517 521 3421.87786039
517 518 522 3422.88094884
518 519 523 3443.4004692
519 520 524 3443.51212116
520 521 525 3453.04625195
521 522 526 3461.12027517
522 523 527 3465.37262904
523 524 528 3470.30185811
524 525 529 3477.11121385
525 526 530 3478.1820069
526 527 531 3482.05603075
527 528 532 3502.47102489
528 529 533 3509.66574752
529 530 534 3510.72459273
530 531 535 3524.49400783
531 532 536 3528.35170136
532 533 537 3548.07893364
533 534 538 3551.00512774
534 535 539 3554.35561911
535 536 540 3564.71043669
536 537 541 3571.59581283
537 538 542 3581.6096833
538 539 543 3587.33041112
539 540 544 3610.61052264
540 541 545 3614.48237084
541 542 546 3629.3205179
542 543 547 3640.5364692
543 544 548 3652.52498809
544 545 549 3652.68099721
545 546 550 3664.51071832
546 547 551 3672.0566224
547 548 552 3675.54549583
548 549 553 3676.7020722
549 550 554 3684.21670574
550 551 555 3700.49150954
551 552 556 3737.39409744
552 553 557 3750.13333498
553 554 558 3757.43461685
554 555 559 3767.00007175
555 556 560 3773.01073838
556 557 561 3773.26665031
557 558 562 3786.04822696
558 559 563 3790.39321798
559 560 564 3803.54297556
560 561 565 3816.65650693
561 562 566 3817.05492531
562 563 567 3819.44392627
563 564 568 3831.45939316
564 565 569 3833.79450564
565 566 570 3845.13801501
566 567 571 3847.1462644
567 568 572 3858.43387041
568 569 573 3861.36402557
569 570 574 3872.55671763
570 571 575 3886.4647728
571 572 576 3891.41102988
572 573 577 3891.96715812
573 574 578 3900.57999107
574 575 579 3907.53882247
575 576 580 3910.44900737
576 577 581 3914.03194497
577 578 582 3917.02797566
578 579 583 3966.15539823
579 580 584 3966.21427281
580 581 585 3966.4900347
581 582 586 3974.74643462
582 583 587 3983.20812625
583 584 588 3989.65142786
584 585 589 3995.23150078
585 586 590 3996.34065319
586 587 591 3997.97852462
587 588 592 4019.2977478
588 589 593 4023.27830936
589 590 594 4030.66385269
590 591 595 4034.08058693
591 592 596 4034.57019235
592 593 597 4037.74513054
593 594 598 4039.03194939
594 595 599 4057.30262943
595 596 600 4062.36048127
596 597 601 4072.13088671
597 598 602 4072.43575696
598 599 603 4079.10772223
599 600 604 4080.00076805
600 601 605 4082.6920344
601 602 606 4095.83958958
602 603 607 4096.41632196
603 604 608 4098.07362427
604 605 609 4098.5947505
605 606 610 4106.72788588
606 607 611 4115.02843989
607 608 612 4131.25388271
608 609 613 4131.55984998
609 610 614 4133.57572523
610 611 615 4160.3596064
611 612 616 4164.09749918
612 613 617 4168.1517608
613 614 618 4169.40301766
614 615 619 4170.25849546
615 616 620 4176.73355706
616 617 621 4196.39766123
617 618 622 4222.35897799
618 619 623 4223.21725597
619 620 624 4234.01955468
620 621 625 4235.11785444
621 622 626 4236.03349754
622 623 627 4249.15755205
623 624 628 4259.40524985
624 625 629 4274.24924316
625 626 630 4277.82024804
626 627 631 4288.94085132
627 628 632 4296.32650961
628 629 633 4300.90727114
629 630 634 4308.93786849
630 631 635 4317.46052884
631 632 636 4325.01997219
632 633 637 4328.52414547
633 634 638 4346.68555917
634 635 639 4350.71951226
635 636 640 4353.22531727
636 637 641 4354.56062979
637 638 642 4376.42801109
638 639 643 4378.31742981
639 640 644 4399.49558578
640 641 645 4405.72612331
641 642 646 4407.90903365
642 643 647 4410.15539046
643 644 648 4417.07963568
644 645 649 4422.66150707
645 646 650 4423.47197074
646 647 651 4439.03177894
647 648 652 4440.59664555
648 649 653 4450.08916204
649 650 654 4454.28329372
650 651 655 4463.87761143
651 652 656 4480.94722422
652 653 657 4488.25667458
653 654 658 4495.23351606
654 655 659 4497.82962763
655 656 660 4526.23355493
656 657 661 4534.39838375
657 658 662 4536.50577568
658 659 663 4545.71925365
659 660 664 4546.76999117
660 661 665 4551.36411992
661 662 666 4557.6149414
662 663 667 4560.24758286
663 664 668 4560.35139563
664 665 669 4563.86359692
665 666 670 4577.18278724
666 667 671 4588.66221619
667 668 672 4591.52475963
668 669 673 4600.41200712
669 670 674 4601.45580286
670 671 675 4607.63849311
671 672 676 4616.89617502
672 673 677 4617.49229145
673 674 678 4627.31507992
674 675 679 4631.88907206
675 676 680 4632.76758861
676 677 681 4636.16328162
677 678 682 4638.78659153
678 679 683 4640.29855801
679 680 684 4642.51503971
680 681 685 4660.39024653
681 682 686 4668.00844351
682 683 687 4682.84969465
683 684 688 4690.12808473
684 685 689 4693.72223806
685 686 690 4705.52651847
686 687 691 4714.47630797
687 688 692 4720.46546461
688 689 693 4720.47255161
689 690 694 4730.27298504
690 691 695 4735.31549219
691 692 696 4742.4091479
692 693 697 4755.61853148
693 694 698 4765.71094218
694 695 699 4770.55496638
695 696 700 4776.18324072
696 697 701 4781.36161763
697 698 702 4787.71488258
698 699 703 4794.72913356
699 700 704 4797.65753762
700 701 705 4822.3503364
701 702 706 4825.7663115
702 703 707 4843.28690743
703 704 708 4845.54941985
704 705 709 4851.5465963
705 706 710 4853.257878
706 707 711 4856.51071982
707 708 712 4857.50023208
708 709 713 4863.68803621
709 710 714 4876.17735927
710 711 715 4878.17839414
711 712 716 4881.56410939
712 713 717 4883.35796411
713 714 718 4895.87903688
714 715 719 4901.64318109
715 716 720 4903.06005259
716 717 721 4908.68482017
717 718 722 4917.70616145
718 719 723 4922.8556975
719 720 724 4923.86217208
720 721 725 4925.91997845
721 722 726 4931.94026708
722 723 727 4945.7179882
723 724 728 4946.45839496
724 725 729 4949.54806608
725 726 730 4950.68948157
726 727 731 4957.47004617
727 728 732 4977.8587341
728 729 733 4982.74312157
729 730 734 4988.21255949
730 731 735 4992.57519831
731 732 736 5017.12938074
732 733 737 5023.03900806
733 734 738 5039.04156304
734 735 739 5044.80938419
735 736 740 5045.45138476
736 737 741 5053.78413809
737 738 742 5055.75906782
738 739 743 5064.39733774
739 740 744 5066.38386405
740 741 745 5069.47295641
741 742 746 5071.32175776
742 743 747 5085.10621226
743 744 748 5087.16123727
744 745 749 5091.28699601
745 746 750 5097.0608707
746 747 751 5101.82350627
747 748 752 5116.21980621
748 749 753 5124.44322636
749 750 754 5129.52841962
750 751 755 5148.49199647
751 752 756 5153.87718163
752 753 757 5158.03228228
753 754 758 5159.98631044
754 755 759 5166.4222774
755 756 760 5171.45760172
756 757 761 5172.62233
757 758 762 5186.33265424
758 759 763 5189.41959375
759 760 764 5201.49093961
760 761 765 5206.4394145
761 762 766 5215.41958298
762 763 767 5221.29543809
763 764 768 5230.62634941
764 765 769 5253.59064249
765 766 770 5256.11254036
766 767 771 5273.06202145
767 768 772 5286.59355175
768 769 773 5293.39428257
769 770 774 5295.90180624
770 771 775 5296.96203686
771 772 776 5309.19415406
772 773 777 5311.41076828
773 774 778 5312.65436095
774 775 779 5313.82433249
775 776 780 5330.78446932
776 777 781 5366.80049733
777 778 782 5368.37239351
778 779 783 5376.68844733
779 780 784 5377.87562079
780 781 785 5378.66532709
781 782 786 5386.57723491
782 783 787 5387.41883314
783 784 788 5406.76145623
784 785 789 5407.35997236
785 786 790 5409.51827731
786 787 791 5416.41029683
787 788 792 5425.33615999
788 789 793 5435.4993027
789 790 794 5442.50123803
790 791 795 5447.14048422
791 792 796 5450.87516755
792 793 797 5463.34151426
793 794 798 5465.79826267
794 795 799 5467.36414882
795 796 800 5477.57491478
796 797 801 5487.27507526
797 798 802 5499.37148064
798 799 803 5513.37198988
799 800 804 5516.99119571
800 801 805 5521.80735477
801 802 806 5527.54458443
802 803 807 5533.23634892
803 804 808 5556.1672015
804 805 809 5562.03199758
805 806 810 5563.53238484
806 807 811 5564.11245846
807 808 812 5580.05747161
808 809 813 5582.19654516
809 810 814 5588.96876254
810 811 815 5591.71818902
811 812 816 5592.19749912
812 813 817 5595.11476638
813 814 818 5611.62516054
814 815 819 5612.85079173
815 816 820 5620.61676696
816 817 821 5625.23221538
817 818 822 5629.93270575
818 819 823 5649.78007536
819 820 824 5650.30268111
820 821 825 5651.28380766
821 822 826 5655.21807951
822 823 827 5658.03010984
823 824 828 5667.79620108
824 825 829 5672.79813764
825 826 830 5678.29231917
826 827 831 5691.74570037
827 828 832 5696.00259658
828 829 833 5701.48905655
829 830 834 5704.17299045
830 831 835 5709.43291519
831 832 836 5713.84175116
832 833 837 5715.29793096
833 834 838 5716.3438891
834 835 839 5718.2153703
835 836 840 5742.31827915
836 837 841 5748.41142632
837 838 842 5762.83885742
838 839 843 5773.43053721
839 840 844 5774.21111466
840 841 845 5776.84899864
841 842 846 5791.62157386
842 843 847 5801.28567963
843 844 848 5806.14609451
844 845 849 5810.75779511
845 846 850 5820.96469333
846 847 851 5828.01300487
847 848 852 5830.11982473
848 849 853 5838.17242483
849 850 854 5840.95556495
850 851 855 5841.18248225
851 852 856 5849.08037864
852 853 857 5851.62611189
853 854 858 5866.04013852
854 855 859 5880.62370609
855 856 860 5889.6302973
856 857 861 5905.04019552
857 858 862 5922.30768219
858 859 863 5941.43579011
859 860 864 5947.62037583
860 861 865 5954.43187833
861 862 866 5955.11114995
862 863 867 5958.84899711
863 864 868 5962.14420414
864 865 869 5964.83344507
865 866 870 5968.94858528
866 867 871 5970.25053273
867 868 872 5971.89683474
868 869 873 5976.67370363
869 870 874 5980.13928179
870 871 875 5983.3610902
871 872 876 5984.21433237
872 873 877 5991.90932365
873 874 878 5994.59340264
874 875 879 6004.97801502
875 876 880 6010.20880752
876 877 881 6010.76132687
877 878 882 6014.06649997
878 879 883 6020.32373008
879 880 884 6027.28247132
880 881 885 6029.41183005
881 882 886 6045.86207804
882 883 887 6048.00490004
883 884 888 6052.22260976
884 885 889 6054.93263575
885 886 890 6057.38782009
886 887 891 6061.88609406
887 888 892 6068.19469221
888 889 893 6068.86213477
889 890 894 6074.86134531
890 891 895 6077.34570247
891 892 896 6078.10244412
892 893 897 6078.19670955
893 894 898 6089.31760825
894 895 899 6100.40356445
895 896 900 6101.08127263
896 897 901 6115.48073732
897 898 902 6122.190677
898 899 903 6123.82155118
899 900 904 6125.36144353
900 901 905 6125.81827469
901 902 906 6135.64435855
902 903 907 6139.09378324
903 904 908 6140.55270781
904 905 909 6148.26411981
905 906 910 6151.42752704
906 907 911 6152.52114021
907 908 912 6153.57396043
908 909 913 6175.43457497
909 910 914 6181.51106222
910 911 915 6181.72335376
911 912 916 6183.10667574
912 913 917 6185.30354055
913 914 918 6190.36403116
914 915 919 6204.471897
915 916 920 6208.77304305
916 917 921 6210.00271772
917 918 922 6210.94445722
918 919 923 6223.60781214
919 920 924 6224.09839604
920 921 925 6231.30280178
921 922 926 6235.1874476
922 923 927 6249.73702313
923 924 928 6250.03429898
924 925 929 6253.65017675
925 926 930 6260.63245817
926 927 931 6261.61346733
927 928 932 6263.02328225
928 929 933 6264.80152062
929 930 934 6277.02289856
930 931 935 6295.66029975
931 932 936 6296.30395084
932 933 937 6300.598514
933 934 938 6304.89255027
934 935 939 6314.94374058
935 936 940 6319.82774143
936 937 941 6320.46034632
937 938 942 6322.67167627
938 939 943 6329.5885017
939 940 944 6348.41868637
940 941 945 6354.82335692
941 942 946 6358.42704846
942 943 947 6369.59855024
943 944 948 6382.66578031
944 945 949 6388.72913583
945 946 950 6397.20814203
946 947 951 6411.75119781
947 948 952 6413.06513661
948 949 953 6435.28499504
949 950 954 6436.66395762
950 951 955 6439.87828564
951 952 956 6444.68411548
952 953 957 6463.37468359
953 954 958 6465.94774994
954 955 959 6473.5647713
955 956 960 6492.976055
956 957 961 6499.78013391
957 958 962 6502.71850816
958 959 963 6503.55692268
959 960 964 6518.9126414
960 961 965 6520.77273073
961 962 966 6523.57639114
962 963 967 6545.00298953
963 964 968 6550.17552559
964 965 969 6562.67678585
965 966 970 6577.88244459
966 967 971 6587.61532711
967 968 972 6588.21483948
968 969 973 6593.72654674
969 970 974 6595.24512618
970 971 975 6600.06036785
971 972 976 6604.11144873
972 973 977 6615.33511184
973 974 978 6619.43734667
974 975 979 6626.34647304
975 976 980 6626.74120106
976 977 981 6632.46877069
977 978 982 6634.60306603
978 979 983 6651.76375563
979 980 984 6655.45071544
980 981 985 6655.72787423
981 982 986 6656.22007531
982 983 987 6659.97026011
983 984 988 6660.58693601
984 985 989 6674.79374339
985 986 990 6679.09239269
986 987 991 6692.81635159
987 988 992 6703.08410742
988 989 993 6713.08180518
989 990 994 6717.23556451
990 991 995 6721.15701809
991 992 996 6725.18110878
992 993 997 6734.54367652
993 994 998 6741.52714345
994 995 999 6742.89774868
995 996 1000 6745.34195917
996 997 1001 6748.6661044
997 998 1002 6755.24684614
998 999 1003 6755.3143059
999 1000 1004 6758.45517298
1000 1001 1005 6770.25490305
1000 1002 1005 6780.28363751
