#data counter step time
0 1 0 0.0
1 2 1 0.0
2 3 12 2.89574963979
1 4 16 16.8957496398
2 5 17 21.2856053701
1 6 21 35.2856053701
2 7 22 37.7056163462
3 8 24 46.9404729198
2 9 28 51.7056163462
3 10 31 54.5943793209
4 11 33 59.9112188917
3 12 35 60.9404729198
4 13 36 62.5248478228
3 14 44 67.9112188917
4 15 45 72.4666746871
3 16 47 77.5943793209
2 17 48 79.5248478228
3 18 49 83.6973050649
4 19 55 92.4520473971
5 20 57 92.755326001
4 21 61 101.466674687
5 22 64 104.063593944
4 23 66 106.452047397
3 24 67 106.697305065
2 25 68 106.755326001
1 26 71 115.063593944
2 27 72 124.672041494
3 28 74 127.872018043
4 29 76 129.415857408
3 30 84 144.672041494
4 31 85 147.393967724
5 32 88 151.467795525
4 33 89 153.872018043
3 34 93 158.415857408
2 35 94 161.393967724
1 36 95 164.393967724
2 37 96 169.340566101
3 38 98 171.31339846
4 39 104 182.294389935
3 40 106 183.340566101
4 41 107 185.340164991
3 42 109 188.31339846
4 43 110 189.921883142
3 44 116 199.294389935
2 45 119 205.340164991
3 46 120 206.020733613
2 47 122 206.921883142
3 48 125 211.946712789
2 49 127 217.020733613
3 50 130 225.455013013
2 51 132 228.946712789
1 52 135 236.455013013
2 53 136 240.313084224
3 54 138 242.346789669
4 55 140 242.643311463
5 56 144 248.909561143
4 57 148 253.346789669
5 58 150 254.000016829
6 59 151 254.844703469
5 60 160 259.643311463
4 61 161 262.844703469
3 62 162 262.909561143
2 63 163 263.313084224
3 64 164 264.852322551
4 65 166 265.228586555
3 66 168 265.909561143
4 67 169 277.817380344
5 68 177 285.011258943
6 69 179 288.691968206
5 70 181 290.852322551
4 71 182 291.817380344
3 72 185 294.228586555
2 73 188 299.011258943
1 74 189 305.691968206
2 75 190 321.59809836
3 76 193 323.609404165
4 77 194 328.181105848
5 78 199 329.840376827
4 79 203 335.59809836
3 80 204 335.59809836
2 81 207 345.181105848
3 82 208 347.704764229
2 83 210 355.840376827
3 84 211 358.299470939
4 85 217 365.773826777
3 86 219 370.704764229
2 87 220 372.299470939
3 88 223 381.116077197
2 89 225 391.773826777
3 90 226 392.76153903
4 91 230 397.445618028
5 92 232 402.249971141
6 93 236 403.185739381
5 94 238 407.116077197
4 95 241 409.76153903
3 96 244 414.185739381
4 97 245 414.992082597
5 98 249 421.573259014
4 99 253 423.445618028
5 100 256 425.203820229
6 101 258 425.874537123
7 102 260 426.041613354
6 103 262 429.573259014
5 104 263 431.249971141
4 105 268 437.992082597
3 106 271 439.203820229
4 107 272 443.81033665
3 108 274 446.573259014
2 109 275 448.874537123
1 110 278 457.81033665
2 111 279 478.969846206
3 112 281 485.122656844
2 113 287 499.122656844
3 114 288 500.239710486
4 115 290 507.069398679
3 116 294 507.969846206
4 117 295 512.870795092
5 118 301 519.208342676
4 119 303 521.069398679
5 120 304 522.159011011
4 121 308 523.870795092
3 122 309 526.239710486
2 123 312 533.208342676
1 124 313 539.159011011
2 125 314 552.943181225
3 126 316 554.055152076
4 127 319 555.609380823
5 128 320 561.984817353
6 129 324 563.158256413
7 130 329 564.850250449
6 131 333 568.055152076
5 132 334 569.943181225
4 133 335 569.984817353
3 134 338 574.055152076
2 135 339 577.158256413
3 136 340 577.70477726
4 137 346 582.221698584
5 138 348 586.601204191
6 139 350 586.66496116
7 140 352 587.964212541
6 141 356 591.70477726
5 142 361 593.850250449
6 143 362 594.960317932
5 144 364 597.66496116
6 145 365 597.892432979
5 146 369 600.601204191
4 147 374 605.221698584
3 148 375 608.70477726
2 149 376 608.892432979
1 150 377 611.960317932
2 151 378 626.574274006
3 152 382 631.911129601
2 153 384 634.574274006
1 154 387 648.911129601
2 155 388 668.721286858
1 156 392 679.721286858
2 157 393 684.419311319
3 158 397 697.258243231
2 159 399 698.419311319
3 160 400 706.292984169
4 161 402 708.422670633
5 162 406 713.235536407
4 163 410 717.258243231
5 164 413 718.561759409
4 165 415 723.292984169
3 166 418 728.422670633
2 167 419 730.235536407
1 168 422 738.561759409
2 169 423 740.194966365
3 170 425 743.434236623
4 171 427 744.646439845
5 172 429 750.870525282
4 173 437 760.194966365
3 174 438 760.434236623
2 175 441 764.646439845
3 176 442 765.576425964
4 177 444 767.320902916
5 178 448 775.995038178
4 179 450 778.320902916
3 180 453 779.870525282
2 181 457 786.995038178
1 182 458 788.576425964
2 183 460 800.334059924
3 184 462 805.531171411
4 185 464 807.723939835
5 186 466 808.616670669
6 187 472 815.44783738
5 188 477 818.723939835
4 189 479 820.334059924
3 190 480 822.616670669
4 191 483 832.158554984
5 192 487 834.406211826
4 193 489 834.531171411
3 194 491 835.723939835
2 195 495 845.406211826
1 196 496 846.158554984
2 197 499 859.446302633
3 198 501 867.428584047
4 199 503 867.64193208
3 200 509 873.446302633
2 201 510 875.428584047
3 202 512 877.035885213
4 203 513 877.501379617
5 204 515 877.884849183
4 205 521 887.446302633
3 206 523 891.501379617
2 207 524 893.446302633
3 208 525 895.344075323
2 209 531 907.446302633
1 210 533 912.344075323
2 211 534 919.081133782
3 212 536 928.590487116
4 213 539 936.526057929
5 214 540 939.007548573
6 215 541 940.040474901
7 216 542 941.977569628
6 217 544 942.081133782
5 218 548 950.081133782
6 219 549 954.468162796
7 220 552 963.813177248
6 221 554 964.081133782
7 222 557 973.008296365
8 223 558 977.477492442
9 224 559 979.454452774
8 225 563 981.081133782
9 226 568 984.334830841
8 227 569 989.081133782
7 228 570 992.081133782
8 229 571 992.510839313
7 230 574 995.081133782
8 231 575 997.917815712
7 232 582 1006.08113378
6 233 584 1012.08113378
7 234 586 1012.83721027
6 235 593 1020.08113378
5 236 594 1029.08113378
4 237 596 1029.87052528
5 238 597 1030.89839202
6 239 602 1037.17536416
7 240 603 1037.73809531
6 241 604 1040.08113378
5 242 608 1043.87052528
4 243 618 1057.08113378
5 244 620 1059.3182815
6 245 621 1059.98764403
5 246 625 1060.87052528
4 247 626 1063.53117141
3 248 627 1066.87052528
2 249 633 1074.87052528
3 250 634 1080.12864064
4 251 636 1082.84418212
3 252 638 1086.15855498
4 253 639 1087.98661572
3 254 645 1096.84418212
2 255 646 1097.12864064
3 256 649 1101.87329655
2 257 651 1107.98661572
3 258 654 1112.16713403
2 259 656 1115.87329655
1 260 659 1123.16713403
2 261 661 1126.33583413
1 262 664 1140.33583413
2 263 665 1150.18769009
3 264 667 1150.31209866
4 265 669 1151.80940419
3 266 677 1162.80940419
2 267 678 1164.18769009
1 268 679 1167.31209866
2 269 680 1167.37143737
3 270 682 1176.80617925
4 271 684 1178.05188706
5 272 690 1183.65258662
6 273 693 1190.06417166
7 274 694 1190.63014839
6 275 696 1190.80617925
5 276 697 1193.37143737
6 277 699 1194.56230661
7 278 702 1197.92920468
6 279 704 1198.05188706
7 280 707 1206.38658692
8 281 710 1211.87842897
7 282 712 1212.05188706
6 283 714 1213.37143737
5 284 715 1213.80617925
6 285 717 1214.08538278
7 286 722 1223.3629396
6 287 723 1224.80617925
5 288 726 1226.05188706
6 289 731 1229.29623351
7 290 735 1233.17621321
6 291 736 1233.37143737
5 292 741 1235.80617925
6 293 742 1235.84730933
5 294 746 1240.05188706
4 295 751 1244.80617925
3 296 752 1246.84730933
2 297 753 1247.37143737
1 298 754 1249.29623351
2 299 755 1255.80351773
3 300 757 1256.33557692
4 301 759 1256.71720582
5 302 761 1262.29558132
6 303 766 1264.69411358
7 304 772 1270.19524477
6 305 775 1273.71720582
7 306 776 1275.39380718
6 307 778 1275.80351773
5 308 779 1276.71720582
4 309 781 1279.33557692
3 310 784 1282.29558132
2 311 787 1286.80351773
1 312 788 1290.71720582
2 313 789 1296.1098368
3 314 791 1304.99330399
4 315 793 1311.59401117
3 316 799 1319.1098368
4 317 800 1320.55974447
5 318 802 1321.22990364
4 319 806 1324.99330399
3 320 809 1328.59401117
4 321 812 1330.75792877
5 322 814 1330.80930706
6 323 816 1334.12030725
5 324 817 1334.55974447
4 325 819 1335.22990364
5 326 825 1339.15729071
6 327 826 1340.03116519
7 328 828 1341.36386116
6 329 834 1344.80930706
7 330 836 1347.22562708
8 331 837 1347.44605804
7 332 838 1348.55974447
6 333 841 1353.75792877
5 334 843 1354.03116519
4 335 845 1354.55974447
3 336 846 1355.80930706
2 337 852 1368.03116519
3 338 853 1368.30426714
4 339 857 1377.89125336
3 340 859 1379.75792877
2 341 860 1382.30426714
3 342 861 1382.90602236
4 343 867 1393.7910394
3 344 869 1394.89125336
4 345 871 1395.98068014
5 346 872 1400.20288437
6 347 874 1402.96980477
7 348 879 1404.01089283
6 349 881 1405.90602236
5 350 884 1413.7910394
4 351 885 1413.7910394
5 352 888 1414.43663607
4 353 890 1417.20288437
5 354 891 1417.58804445
6 355 899 1420.60037484
7 356 901 1421.40210015
8 357 902 1425.61188682
7 358 903 1425.96980477
6 359 906 1427.01089283
5 360 907 1428.58804445
4 361 908 1431.43663607
5 362 913 1434.53340583
4 363 915 1437.60037484
3 364 916 1441.01089283
2 365 921 1445.96980477
3 366 922 1450.23100532
4 367 926 1459.53148782
3 368 928 1460.53340583
2 369 929 1461.23100532
1 370 932 1473.53148782
2 371 933 1481.62355786
3 372 935 1485.55002362
4 373 941 1489.57275867
3 374 943 1489.62355786
2 375 944 1502.55002362
3 376 947 1504.20499555
4 377 951 1509.35436499
3 378 953 1509.57275867
2 379 956 1515.20499555
1 380 957 1526.35436499
2 381 958 1528.87211286
3 382 960 1530.86490532
4 383 962 1531.20474709
5 384 964 1533.00976602
6 385 967 1534.98255301
5 386 973 1542.20474709
6 387 974 1543.53602015
5 388 978 1544.00976602
6 389 983 1545.78272426
5 390 984 1547.00976602
6 391 986 1547.86621541
5 392 993 1553.86490532
4 393 994 1554.53602015
3 394 995 1557.53602015
2 395 996 1560.87211286
3 396 998 1562.90361833
2 397 1000 1564.86621541
3 398 1001 1568.82554036
4 399 1006 1576.11314473
5 400 1008 1577.69045182
6 401 1013 1581.59267488
5 402 1015 1585.82554036
6 403 1016 1586.88384299
7 404 1017 1587.93093221
6 405 1018 1590.11314473
5 406 1021 1591.90361833
6 407 1022 1595.37357016
5 408 1030 1604.11314473
6 409 1031 1604.97653143
7 410 1032 1605.65936553
8 411 1033 1610.30835188
7 412 1037 1614.90361833
8 413 1038 1617.22623682
7 414 1040 1617.82554036
6 415 1042 1618.11314473
5 416 1050 1625.90361833
6 417 1051 1631.79734214
5 418 1053 1631.82554036
6 419 1056 1633.21127019
5 420 1058 1636.90361833
4 421 1059 1638.11314473
5 422 1066 1639.19295926
6 423 1070 1641.9179477
7 424 1071 1644.55895668
8 425 1072 1645.85858889
7 426 1075 1648.82554036
8 427 1076 1649.68295355
7 428 1077 1650.90361833
6 429 1079 1653.90361833
5 430 1081 1655.11314473
6 431 1085 1661.22230552
7 432 1086 1663.83873404
6 433 1090 1665.82554036
5 434 1093 1668.82554036
6 435 1094 1668.84952254
7 436 1095 1669.39199116
8 437 1096 1670.52316539
7 438 1098 1670.90361833
6 439 1099 1675.11314473
5 440 1108 1680.11314473
4 441 1113 1684.90361833
3 442 1115 1689.11314473
4 443 1116 1691.12137223
3 444 1117 1691.82554036
4 445 1119 1692.56072139
5 446 1120 1693.48933391
4 447 1123 1694.11314473
5 448 1124 1695.06579525
6 449 1129 1704.76230066
5 450 1131 1711.82554036
6 451 1132 1712.38659408
5 452 1134 1714.11314473
6 453 1137 1722.97461074
7 454 1140 1724.62519305
6 455 1141 1725.82554036
5 456 1145 1731.11314473
4 457 1152 1739.82554036
5 458 1153 1740.40566667
4 459 1154 1742.11314473
3 460 1155 1745.11314473
4 461 1157 1746.45447985
3 462 1163 1753.82554036
2 463 1167 1762.11314473
3 464 1168 1765.77322273
2 465 1170 1767.82554036
3 466 1174 1774.80217449
2 467 1176 1776.77322273
3 468 1177 1779.44840754
4 469 1181 1780.87999125
5 470 1183 1784.37458994
4 471 1186 1790.44840754
5 472 1192 1792.15939244
6 473 1195 1794.50911631
5 474 1197 1795.44840754
4 475 1199 1797.80217449
3 476 1200 1799.87211286
4 477 1201 1801.63534385
5 478 1205 1802.60705575
6 479 1206 1802.81199395
7 480 1209 1805.26075449
8 481 1210 1807.78003268
9 482 1211 1811.30666772
8 483 1216 1812.44840754
9 484 1217 1813.46531433
8 485 1218 1814.80217449
9 486 1220 1815.51474456
10 487 1221 1816.43287814
11 488 1226 1818.89300348
12 489 1227 1819.43456087
13 490 1228 1819.75822704
12 491 1229 1821.63534385
11 492 1235 1823.44840754
10 493 1236 1825.80217449
11 494 1237 1826.23731445
10 495 1239 1826.44840754
9 496 1245 1828.80217449
8 497 1246 1835.63534385
9 498 1247 1836.62005176
8 499 1249 1838.63534385
9 500 1255 1841.87230398
8 501 1259 1845.80217449
7 502 1262 1848.80217449
8 503 1263 1849.91481903
7 504 1265 1852.44840754
6 505 1267 1852.63534385
5 506 1273 1856.80217449
4 507 1274 1857.63534385
5 508 1278 1858.65665519
6 509 1279 1860.7767579
7 510 1280 1860.81238976
8 511 1283 1861.86601144
7 512 1285 1865.63534385
6 513 1287 1866.44840754
7 514 1289 1869.49509051
6 515 1290 1870.80217449
7 516 1296 1876.33935211
6 517 1300 1879.63534385
5 518 1301 1879.63534385
6 519 1304 1885.78785613
5 520 1309 1889.44840754
4 521 1310 1890.63534385
5 522 1311 1892.00883571
4 523 1313 1899.80217449
3 524 1314 1902.80217449
4 525 1315 1903.16214288
5 526 1318 1904.92855376
6 527 1319 1905.38129266
7 528 1325 1906.69070862
8 529 1330 1913.45049892
7 530 1332 1917.16214288
6 531 1334 1918.44840754
5 532 1335 1921.00883571
4 533 1336 1921.44840754
3 534 1343 1934.90361833
2 535 1344 1935.44840754
1 536 1346 1937.16214288
2 537 1347 1939.98742015
3 538 1352 1952.3281776
2 539 1356 1956.98742015
1 540 1357 1960.3281776
2 541 1358 1964.32700646
3 542 1360 1967.11718113
4 543 1364 1974.64997337
3 544 1368 1978.32700646
2 545 1369 1981.11718113
3 546 1371 1983.43904878
4 547 1372 1985.8301143
5 548 1374 1989.94257973
6 549 1381 1995.22498261
7 550 1382 1996.36483577
6 551 1384 1997.64997337
7 552 1385 1999.05698219
8 553 1386 2001.8078682
7 554 1389 2002.8301143
8 555 1394 2006.42093343
7 556 1395 2006.64997337
8 557 1399 2011.08824523
7 558 1400 2013.8301143
6 559 1401 2014.64997337
5 560 1404 2015.94257973
6 561 1405 2016.9082133
7 562 1408 2018.26125519
6 563 1410 2019.8301143
7 564 1411 2021.1630768
6 565 1415 2025.64997337
5 566 1417 2026.94257973
6 567 1420 2032.56949854
7 568 1425 2033.69213529
6 569 1426 2037.94257973
5 570 1428 2039.64997337
4 571 1434 2045.8301143
5 572 1436 2046.53431565
4 573 1437 2047.64997337
3 574 1441 2054.94257973
2 575 1444 2062.8301143
3 576 1445 2065.29691836
2 577 1447 2067.64997337
3 578 1449 2068.31036032
2 579 1454 2079.29691836
1 580 1455 2079.31036032
2 581 1456 2083.17859122
3 582 1458 2083.41214539
4 583 1463 2093.51401235
3 584 1467 2097.41214539
2 585 1468 2103.17859122
3 586 1469 2103.37492454
4 587 1473 2108.11155913
3 588 1477 2113.51401235
4 589 1478 2118.29388621
5 590 1480 2119.71709142
4 591 1482 2120.37492454
5 592 1483 2123.3867376
4 593 1493 2140.11155913
3 594 1494 2141.29388621
2 595 1495 2142.71709142
1 596 1496 2143.3867376
2 597 1498 2144.58455442
3 598 1503 2152.4932483
2 599 1505 2158.58455442
3 600 1506 2159.3811804
4 601 1509 2159.8643791
5 602 1513 2163.64782682
4 603 1517 2167.3811804
3 604 1518 2167.3811804
2 605 1519 2169.4932483
3 606 1520 2170.5784462
4 607 1522 2172.51695476
5 608 1524 2177.17258674
4 609 1532 2186.51695476
3 610 1533 2187.5784462
4 611 1536 2200.44264178
3 612 1538 2201.64782682
2 613 1539 2206.51695476
3 614 1540 2207.61151922
2 615 1544 2220.44264178
3 616 1547 2227.73603352
4 617 1551 2229.98152859
5 618 1553 2230.67441149
6 619 1556 2232.58694446
5 620 1557 2232.73603352
6 621 1561 2239.01033863
5 622 1562 2239.44840754
4 623 1564 2239.61151922
5 624 1569 2242.99332993
6 625 1571 2243.2115774
5 626 1572 2243.73603352
4 627 1574 2249.98152859
5 628 1575 2250.3347708
4 629 1581 2254.73603352
5 630 1583 2255.07337656
6 631 1584 2256.73222662
7 632 1585 2257.48454633
8 633 1586 2258.21214056
9 634 1591 2263.77596474
8 635 1594 2265.44840754
7 636 1595 2265.99332993
8 637 1597 2267.29044434
7 638 1599 2267.3347708
8 639 1601 2269.18173685
9 640 1603 2273.8595739
10 641 1610 2282.52854026
9 642 1612 2282.99332993
8 643 1616 2285.44840754
7 644 1617 2285.99332993
8 645 1619 2286.17251798
7 646 1622 2291.44840754
8 647 1623 2293.23633147
7 648 1625 2299.3347708
6 649 1630 2302.99332993
7 650 1633 2305.31027194
6 651 1635 2307.3347708
5 652 1637 2308.44840754
4 653 1638 2308.44840754
5 654 1639 2311.38341529
6 655 1644 2318.29462836
5 656 1647 2325.44840754
4 657 1650 2325.99332993
3 658 1653 2333.3347708
4 659 1657 2335.50890662
3 660 1660 2339.44840754
2 661 1661 2339.99332993
3 662 1664 2345.07730318
4 663 1666 2348.087093
5 664 1667 2348.40789442
4 665 1671 2350.44840754
3 666 1673 2353.07730318
4 667 1676 2358.28332814
3 668 1680 2361.44840754
2 669 1682 2370.07730318
3 670 1683 2371.38502145
2 671 1687 2375.44840754
3 672 1690 2384.53722442
2 673 1692 2388.38502145
3 674 1693 2393.07503558
4 675 1695 2395.61873909
5 676 1702 2399.05307032
4 677 1703 2404.07503558
5 678 1704 2404.31318983
4 679 1706 2404.53722442
3 680 1710 2409.61873909
4 681 1711 2412.49178803
3 682 1715 2415.61873909
4 683 1716 2416.75541197
5 684 1722 2421.33119222
4 685 1723 2424.31318983
5 686 1725 2424.63104469
4 687 1727 2426.49178803
3 688 1728 2427.75541197
4 689 1729 2428.68738874
5 690 1731 2428.83750694
6 691 1736 2432.09746007
7 692 1739 2432.8728399
6 693 1741 2438.31318983
5 694 1743 2439.68738874
6 695 1744 2441.319352
5 696 1746 2443.49178803
4 697 1751 2450.68738874
5 698 1755 2453.44362306
6 699 1756 2456.27225606
7 700 1757 2457.02301012
6 701 1759 2457.49178803
7 702 1763 2463.03253472
6 703 1765 2464.31318983
5 704 1769 2470.68738874
4 705 1773 2471.49178803
5 706 1774 2476.6650279
4 707 1776 2477.49178803
3 708 1779 2481.31318983
2 709 1783 2487.68738874
1 710 1785 2490.6650279
2 711 1787 2512.39404564
3 712 1791 2523.32501168
2 713 1793 2523.39404564
3 714 1796 2539.18281
2 715 1798 2540.32501168
3 716 1802 2553.96106401
2 717 1804 2556.18281
3 718 1805 2556.68180686
4 719 1807 2558.45325565
5 720 1813 2568.31466928
4 721 1817 2573.96106401
3 722 1820 2576.68180686
2 723 1821 2578.45325565
3 724 1822 2578.95047576
2 725 1824 2582.31466928
3 726 1825 2590.27871587
4 727 1827 2591.81488864
5 728 1831 2598.83230743
6 729 1834 2599.86485671
7 730 1837 2603.75383984
6 731 1839 2604.95047576
5 732 1845 2608.81488864
4 733 1848 2615.83230743
3 734 1849 2615.95047576
2 735 1850 2616.27871587
1 736 1851 2618.83230743
2 737 1852 2629.04383888
3 738 1854 2631.95477706
4 739 1858 2638.76249593
5 740 1864 2646.01856917
4 741 1866 2646.04383888
3 742 1869 2648.95477706
4 743 1870 2650.56114627
5 744 1872 2652.16238027
4 745 1874 2655.76249593
3 746 1875 2657.01856917
4 747 1880 2662.54582177
3 748 1882 2663.16238027
2 749 1883 2667.56114627
3 750 1886 2679.33768051
2 751 1888 2679.54582177
1 752 1893 2699.33768051
2 753 1895 2710.01163442
3 754 1897 2712.7530836
4 755 1903 2723.06980902
5 756 1905 2724.66036027
4 757 1907 2729.7530836
5 758 1908 2732.0828064
6 759 1910 2732.48145209
5 760 1912 2733.01163442
4 761 1919 2743.0828064
5 762 1921 2744.64306951
4 763 1925 2746.06980902
3 764 1926 2747.66036027
2 765 1927 2750.01163442
3 766 1928 2751.48216521
4 767 1930 2752.10249182
5 768 1932 2753.85625296
4 769 1934 2756.01163442
5 770 1937 2761.16959449
4 771 1943 2765.48216521
3 772 1944 2772.10249182
2 773 1945 2773.85625296
3 774 1948 2778.4999686
2 775 1950 2781.16959449
3 776 1951 2792.3290338
4 777 1955 2797.20405335
3 778 1957 2798.4999686
4 779 1958 2798.81924045
5 780 1962 2801.40288025
4 781 1964 2806.3290338
5 782 1967 2810.18207355
4 783 1969 2811.20405335
3 784 1976 2815.81924045
4 785 1977 2816.64019013
3 786 1979 2818.18207355
2 787 1980 2821.40288025
3 788 1981 2826.06758366
4 789 1987 2833.26732757
3 790 1989 2836.64019013
4 791 1990 2837.25478997
5 792 1994 2838.91463893
6 793 1996 2839.34536181
5 794 1997 2840.06758366
6 795 1999 2843.64771258
5 796 2001 2844.26732757
6 797 2008 2853.15146511
5 798 2009 2854.06758366
6 799 2011 2855.48684777
7 800 2014 2857.82273691
6 801 2015 2858.91463893
7 802 2018 2859.24210384
6 803 2020 2860.25478997
5 804 2023 2861.26732757
6 805 2026 2865.97219513
5 806 2030 2871.06758366
4 807 2031 2871.25478997
3 808 2035 2873.97219513
4 809 2036 2875.45225594
3 810 2038 2875.91463893
2 811 2039 2878.91463893
1 812 2042 2889.45225594
2 813 2043 2889.74631981
3 814 2045 2895.32685226
4 815 2049 2902.43320264
3 816 2054 2909.74631981
2 817 2055 2912.32685226
1 818 2058 2916.43320264
2 819 2060 2917.65104913
1 820 2065 2934.65104913
2 821 2066 2934.85826362
3 822 2068 2938.30761235
4 823 2070 2938.87927482
5 824 2074 2944.16663557
4 825 2082 2951.85826362
5 826 2083 2955.21262611
4 827 2085 2955.30761235
3 828 2086 2955.87927482
2 829 2087 2958.16663557
3 830 2090 2969.08516851
4 831 2092 2971.63544062
3 832 2094 2972.21262611
4 833 2097 2979.01570859
5 834 2099 2979.03574717
6 835 2103 2980.46272161
7 836 2104 2980.91479988
8 837 2105 2987.54983574
7 838 2110 2989.08516851
6 839 2112 2991.63544062
5 840 2115 2996.01570859
6 841 2116 2998.6029969
5 842 2118 2999.03574717
6 843 2124 3001.29808077
7 844 2128 3003.37025459
8 845 2129 3003.88769967
9 846 2130 3005.03527007
8 847 2135 3006.08516851
7 848 2136 3006.08516851
6 849 2138 3006.6029969
7 850 2139 3012.10213868
6 851 2141 3012.29808077
7 852 2147 3016.81042178
6 853 2149 3017.63544062
7 854 2154 3023.55928159
6 855 2155 3026.08516851
5 856 2156 3029.08516851
4 857 2158 3032.6029969
3 858 2159 3034.63544062
2 859 2160 3035.29808077
1 860 2163 3046.08516851
2 861 2165 3048.39338172
3 862 2167 3049.86972721
4 863 2174 3060.24675385
5 864 2178 3064.89830608
4 865 2179 3066.86972721
3 866 2181 3068.24675385
2 867 2182 3068.39338172
3 868 2183 3078.03266061
4 869 2187 3081.73257728
3 870 2191 3089.03266061
4 871 2192 3091.55514262
3 872 2196 3092.86972721
4 873 2197 3094.60347457
3 874 2203 3098.73257728
4 875 2204 3100.18901101
5 876 2206 3100.96472759
6 877 2207 3105.20523042
5 878 2208 3105.55514262
4 879 2212 3111.60347457
5 880 2216 3114.43187153
4 881 2220 3116.60347457
3 882 2221 3117.18901101
4 883 2222 3118.87085485
5 884 2224 3120.98893185
6 885 2225 3123.39421142
7 886 2230 3126.66760686
6 887 2231 3128.55514262
5 888 2236 3135.87085485
6 889 2237 3138.06533912
7 890 2238 3139.38986913
6 891 2240 3139.60347457
5 892 2246 3145.55514262
6 893 2250 3149.63837524
5 894 2251 3150.60347457
6 895 2254 3152.32308041
5 896 2255 3152.87085485
4 897 2263 3162.55514262
5 898 2264 3164.60018768
6 899 2266 3168.05545335
5 900 2268 3170.43320264
4 901 2269 3171.55514262
3 902 2272 3173.43320264
2 903 2275 3184.60018768
3 904 2278 3187.85249708
2 905 2280 3191.05545335
3 906 2281 3192.82171706
4 907 2285 3198.3797302
5 908 2286 3198.73596633
6 909 2287 3200.93488354
7 910 2289 3202.7625821
6 911 2294 3207.85249708
7 912 2295 3209.56310472
8 913 2297 3210.44191166
9 914 2298 3210.69096366
8 915 2303 3212.82171706
9 916 2304 3212.88990752
10 917 2305 3215.15528995
9 918 2306 3215.82171706
8 919 2309 3221.85249708
9 920 2310 3223.84235414
8 921 2313 3224.85249708
7 922 2316 3229.82171706
8 923 2318 3236.60975433
9 924 2323 3238.05019158
8 925 2325 3238.85249708
9 926 2329 3240.74398741
10 927 2330 3241.48605441
11 928 2331 3242.17685978
10 929 2333 3246.82171706
11 930 2334 3247.49918686
10 931 2335 3247.85249708
9 932 2338 3249.82171706
8 933 2339 3250.85249708
9 934 2340 3252.7846341
8 935 2342 3252.85249708
9 936 2343 3259.39312757
10 937 2344 3259.57046968
11 938 2345 3259.76124653
10 939 2354 3266.82171706
9 940 2357 3269.85249708
10 941 2361 3271.10245857
11 942 2362 3272.58660124
10 943 2364 3275.08516851
11 944 2365 3276.83496402
12 945 2366 3278.43138024
13 946 2372 3280.52100752
12 947 2373 3281.08516851
13 948 2375 3281.74946444
12 949 2381 3283.08516851
11 950 2382 3283.85249708
10 951 2385 3286.82171706
11 952 2389 3287.69647339
10 953 2390 3289.08516851
9 954 2392 3289.85249708
8 955 2394 3294.08516851
7 956 2395 3294.08516851
8 957 2396 3294.1123022
9 958 2397 3295.34651685
8 959 2404 3297.82171706
7 960 2405 3300.82171706
8 961 2406 3301.60203986
7 962 2412 3309.85249708
6 963 2416 3314.08516851
5 964 2418 3317.85249708
4 965 2421 3320.82171706
5 966 2423 3323.6646368
4 967 2428 3328.08516851
3 968 2430 3328.85249708
4 969 2431 3331.8040539
3 970 2433 3331.82171706
4 971 2435 3335.10185374
5 972 2437 3337.5603709
6 973 2440 3339.78867677
7 974 2442 3341.43957027
8 975 2447 3346.29168538
7 976 2450 3348.8040539
6 977 2453 3348.8040539
7 978 2454 3349.85039327
6 979 2456 3350.78867677
5 980 2457 3351.08516851
4 981 2458 3351.8040539
3 982 2464 3356.8040539
4 983 2465 3357.70984716
3 984 2467 3359.8040539
4 985 2469 3363.25737338
3 986 2472 3364.78867677
4 987 2475 3368.86161782
5 988 2476 3373.10910865
6 989 2479 3373.46508393
5 990 2481 3374.70984716
4 991 2483 3377.25737338
5 992 2486 3380.67940806
4 993 2494 3394.70984716
5 994 2496 3397.84952472
6 995 2498 3399.75608014
5 996 2500 3400.25737338
4 997 2501 3400.60347457
5 998 2505 3402.54478877
6 999 2507 3404.47143245
7 1000 2511 3405.92882375
6 1001 2513 3411.84952472
7 1002 2514 3411.89786746
8 1003 2516 3414.59889427
7 1004 2517 3414.70984716
8 1005 2519 3416.36928906
7 1006 2520 3417.84952472
6 1007 2525 3420.25737338
5 1008 2530 3423.25737338
6 1009 2533 3425.41173293
5 1010 2534 3425.70984716
6 1011 2536 3427.67211308
5 1012 2538 3428.92882375
4 1013 2541 3434.89786746
5 1014 2542 3437.66219838
6 1015 2546 3438.87300024
5 1016 2547 3440.25737338
6 1017 2553 3446.32574955
7 1018 2554 3447.08560796
6 1019 2558 3448.25737338
5 1020 2560 3448.70984716
4 1021 2561 3451.92882375
3 1022 2566 3457.66219838
2 1023 2567 3459.70984716
1 1024 2568 3468.25737338
2 1025 2571 3483.6481858
3 1026 2573 3486.06622345
4 1027 2579 3494.49698475
3 1028 2581 3497.6481858
4 1029 2582 3501.03627117
3 1030 2586 3503.06622345
2 1031 2587 3505.49698475
3 1032 2590 3520.60504034
2 1033 2592 3521.03627117
3 1034 2593 3521.9471242
4 1035 2599 3535.68784676
5 1036 2601 3537.18029906
6 1037 2603 3538.3662191
5 1038 2605 3540.60504034
6 1039 2609 3542.71261565
5 1040 2610 3546.68784676
4 1041 2614 3547.9471242
3 1042 2615 3549.68784676
4 1043 2616 3550.83968951
5 1044 2619 3552.26560168
4 1045 2622 3554.60504034
3 1046 2626 3560.68784676
2 1047 2627 3564.83968951
3 1048 2628 3568.51574062
2 1049 2630 3570.83968951
3 1050 2631 3573.62941196
4 1051 2635 3576.14389837
5 1052 2638 3577.2587121
6 1053 2639 3579.15556161
7 1054 2641 3579.22014587
8 1055 2645 3580.98649352
7 1056 2652 3584.14389837
6 1057 2653 3590.62941196
5 1058 2654 3591.51574062
4 1059 2655 3593.14389837
3 1060 2656 3596.62941196
4 1061 2661 3600.23620672
5 1062 2663 3600.25381197
6 1063 2665 3600.99643199
7 1064 2666 3603.7778146
6 1065 2668 3603.78867677
5 1066 2670 3604.14389837
6 1067 2671 3604.65588672
7 1068 2678 3608.30203303
6 1069 2680 3614.78867677
5 1070 2684 3618.14389837
6 1071 2685 3619.39002569
7 1072 2686 3619.89510051
6 1073 2687 3620.25381197
7 1074 2690 3623.38869857
8 1075 2694 3624.85916336
7 1076 2700 3629.14389837
6 1077 2701 3632.23620672
5 1078 2703 3634.25381197
4 1079 2704 3637.25381197
3 1080 2705 3637.78867677
4 1081 2710 3644.65000663
5 1082 2714 3653.01594244
6 1083 2716 3654.46957825
7 1084 2717 3654.52718424
6 1085 2718 3655.14389837
5 1086 2723 3658.23620672
4 1087 2724 3658.65000663
3 1088 2727 3667.01594244
4 1089 2730 3669.05404219
3 1090 2732 3669.14389837
4 1091 2734 3674.19833162
5 1092 2737 3674.43474841
6 1093 2744 3682.775474
7 1094 2745 3682.89555916
6 1095 2748 3684.23620672
7 1096 2749 3688.26089827
6 1097 2751 3689.05404219
7 1098 2752 3689.29995047
6 1099 2753 3691.19833162
5 1100 2755 3692.05404219
6 1101 2756 3692.90779793
5 1102 2764 3701.23620672
4 1103 2768 3704.23620672
3 1104 2769 3706.05404219
4 1105 2770 3708.17679879
5 1106 2774 3708.97683086
4 1107 2776 3711.19833162
3 1108 2777 3715.23620672
4 1109 2778 3716.98942931
5 1110 2780 3717.57217314
6 1111 2781 3717.90839671
7 1112 2785 3724.15609733
8 1113 2786 3726.03459027
9 1114 2790 3728.12585578
8 1115 2792 3728.17679879
9 1116 2793 3729.4194752
10 1117 2794 3729.45776093
9 1118 2800 3730.98942931
8 1119 2801 3733.98942931
7 1120 2802 3733.98942931
6 1121 2809 3738.98942931
7 1122 2810 3739.19371511
6 1123 2812 3740.19833162
5 1124 2815 3751.17679879
6 1125 2820 3753.84944979
5 1126 2821 3754.19833162
6 1127 2823 3755.03214915
5 1128 2827 3761.98942931
6 1129 2830 3763.26063495
7 1130 2833 3765.22788174
6 1131 2834 3766.98942931
5 1132 2836 3767.98942931
4 1133 2838 3768.17679879
5 1134 2839 3768.25778913
6 1135 2840 3769.76490218
5 1136 2844 3774.19833162
6 1137 2847 3775.30813394
5 1138 2850 3780.98942931
4 1139 2852 3788.19833162
5 1140 2854 3788.40368523
4 1141 2856 3791.17679879
5 1142 2861 3796.00601945
6 1143 2862 3796.8009995
7 1144 2865 3800.76628497
6 1145 2867 3802.19833162
7 1146 2868 3805.26510222
6 1147 2869 3806.98942931
7 1148 2871 3807.71601801
8 1149 2872 3808.16008914
7 1150 2875 3808.17679879
6 1151 2882 3819.17679879
7 1152 2883 3820.5190993
8 1153 2884 3821.08690949
7 1154 2886 3822.19833162
6 1155 2891 3828.17679879
7 1156 2892 3828.5160055
6 1157 2896 3832.98942931
5 1158 2898 3833.17679879
6 1159 2899 3834.08471316
5 1160 2901 3836.19833162
4 1161 2906 3840.98942931
5 1162 2908 3843.25839591
4 1163 2912 3847.17679879
3 1164 2915 3850.19833162
4 1165 2918 3855.27443187
3 1166 2920 3858.17679879
4 1167 2922 3860.35881358
3 1168 2925 3869.98942931
2 1169 2928 3875.27443187
3 1170 2933 3889.94438114
2 1171 2938 3900.94438114
1 1172 2939 3901.98942931
2 1173 2941 3904.17906431
3 1174 2945 3916.71374744
2 1175 2949 3921.17906431
1 1176 2950 3927.17906431
2 1177 2951 3928.98791647
3 1178 2953 3930.67982094
2 1179 2957 3936.98791647
3 1180 2958 3938.28581908
4 1181 2960 3938.74476578
5 1182 2966 3947.40825841
6 1183 2969 3954.49740313
5 1184 2972 3955.28581908
4 1185 2973 3958.74476578
3 1186 2977 3959.67982094
2 1187 2978 3963.28581908
1 1188 2979 3966.28581908
2 1189 2980 3972.72016999
1 1190 2984 3977.72016999
2 1191 2985 3979.5505577
3 1192 2987 3981.15069645
4 1193 2991 3987.70652182
3 1194 2993 3990.5505577
4 1195 2996 3993.20662912
5 1196 2999 3996.73741465
4 1197 3003 3998.15069645
5 1198 3004 4000.43496284
4 1199 3006 4001.20662912
5 1200 3007 4003.30401653
6 1201 3011 4006.53044333
5 1202 3012 4007.20662912
6 1203 3015 4008.72826789
7 1204 3018 4010.78667671
6 1205 3020 4013.70652182
5 1206 3021 4017.30401653
6 1207 3023 4018.95202889
5 1208 3025 4020.43496284
6 1209 3032 4026.14040777
5 1210 3034 4033.70652182
4 1211 3035 4034.30401653
5 1212 3037 4034.34492122
4 1213 3039 4034.43496284
5 1214 3040 4040.70673965
4 1215 3048 4051.43496284
3 1216 3049 4056.70652182
2 1217 3050 4060.30401653
3 1218 3052 4061.68046604
4 1219 3056 4066.79516202
3 1220 3058 4071.43496284
4 1221 3060 4071.58795205
3 1222 3064 4078.68046604
4 1223 3069 4092.81049411
3 1224 3070 4094.43496284
4 1225 3073 4095.28969247
3 1226 3074 4095.68046604
4 1227 3075 4096.55254924
5 1228 3077 4098.39522999
6 1229 3078 4100.02325059
7 1230 3084 4106.03751439
6 1231 3085 4108.43496284
5 1232 3087 4113.55254924
4 1233 3088 4114.43496284
5 1234 3090 4114.46604575
6 1235 3093 4114.69470309
5 1236 3097 4127.55254924
4 1237 3099 4128.43496284
5 1238 3100 4130.92856272
4 1239 3108 4139.43496284
3 1240 3111 4147.55254924
4 1241 3112 4147.66240871
5 1242 3114 4148.12798524
6 1243 3115 4150.03579368
5 1244 3117 4151.17679879
4 1245 3123 4156.43496284
5 1246 3126 4158.21524774
6 1247 3127 4158.95213105
5 1248 3128 4162.17679879
6 1249 3130 4162.99989099
7 1250 3131 4165.02474062
6 1251 3137 4170.17679879
7 1252 3138 4171.74778137
6 1253 3140 4173.66240871
7 1254 3142 4173.91514406
8 1255 3143 4174.58641806
9 1256 3147 4176.87110042
10 1257 3150 4178.37855979
9 1258 3152 4178.66240871
8 1259 3154 4179.43496284
9 1260 3156 4180.36447858
10 1261 3157 4182.17133671
9 1262 3159 4184.17679879
8 1263 3163 4187.66240871
9 1264 3166 4192.27433887
8 1265 3169 4192.66240871
7 1266 3170 4192.66240871
8 1267 3173 4195.70724453
7 1268 3179 4198.17679879
8 1269 3180 4199.15041275
7 1270 3182 4199.43496284
6 1271 3183 4200.66240871
5 1272 3187 4206.17679879
4 1273 3189 4206.66240871
5 1274 3193 4210.36096818
4 1275 3195 4212.17679879
5 1276 3196 4212.69446405
4 1277 3200 4216.43496284
3 1278 3203 4220.17679879
2 1279 3206 4232.69446405
3 1280 3207 4233.29096948
2 1281 3209 4233.36096818
1 1282 3212 4250.29096948
2 1283 3213 4270.34008387
3 1284 3215 4272.97207304
2 1285 3221 4280.97207304
3 1286 3223 4289.15752236
4 1287 3224 4289.95530225
3 1288 3228 4293.34008387
2 1289 3230 4297.15752236
3 1290 3231 4297.65273381
4 1291 3233 4299.76972595
5 1292 3237 4302.3307486
6 1293 3238 4302.91385853
5 1294 3247 4311.65273381
4 1295 3249 4313.76972595
3 1296 3250 4315.95530225
4 1297 3251 4317.74978998
5 1298 3253 4318.10936425
6 1299 3256 4319.7563813
5 1300 3261 4324.76972595
4 1301 3264 4328.65273381
3 1302 3265 4331.74978998
4 1303 3268 4336.09039434
5 1304 3271 4336.26838539
6 1305 3274 4342.63470234
5 1306 3278 4344.76972595
6 1307 3280 4345.22969433
7 1308 3281 4345.7819968
6 1309 3282 4350.09039434
5 1310 3284 4351.65273381
4 1311 3288 4356.09039434
5 1312 3289 4360.47401549
6 1313 3294 4363.32959099
7 1314 3295 4365.98247485
6 1315 3297 4367.76972595
7 1316 3298 4367.84520113
6 1317 3301 4368.65273381
7 1318 3302 4370.75440512
6 1319 3303 4373.09039434
7 1320 3310 4382.25732877
6 1321 3313 4384.76972595
5 1322 3315 4385.65273381
4 1323 3316 4391.65273381
3 1324 3320 4396.09039434
2 1325 3323 4401.76972595
3 1326 3324 4402.75531855
4 1327 3326 4407.22340488
3 1328 3328 4408.65273381
4 1329 3335 4418.96603851
5 1330 3336 4419.36606816
4 1331 3338 4419.75531855
5 1332 3339 4420.13181401
6 1333 3340 4421.42213173
7 1334 3341 4422.71826849
6 1335 3343 4424.22340488
7 1336 3344 4424.3038398
8 1337 3349 4435.5623497
7 1338 3351 4442.75531855
6 1339 3354 4444.22340488
7 1340 3355 4445.88584928
6 1341 3361 4452.22340488
5 1342 3363 4455.22340488
4 1343 3364 4456.75531855
5 1344 3366 4458.73909113
6 1345 3367 4458.85494689
7 1346 3371 4459.76290979
8 1347 3372 4460.06738576
7 1348 3375 4463.22340488
8 1349 3377 4467.81768836
9 1350 3378 4468.8880209
10 1351 3382 4472.94880826
11 1352 3387 4473.68559745
12 1353 3388 4475.54160556
11 1354 3389 4480.22340488
10 1355 3390 4480.22340488
11 1356 3391 4481.41210029
12 1357 3392 4482.54174622
11 1358 3395 4482.75531855
10 1359 3396 4485.75531855
9 1360 3398 4486.22340488
10 1361 3404 4490.95705039
9 1362 3406 4496.75531855
10 1363 3407 4496.98837632
11 1364 3408 4497.96692983
10 1365 3412 4499.75531855
9 1366 3414 4500.22340488
8 1367 3419 4510.75531855
9 1368 3420 4511.52247137
10 1369 3423 4517.94220869
9 1370 3432 4526.22340488
8 1371 3433 4527.75531855
7 1372 3435 4530.75531855
6 1373 3438 4534.45311231
7 1374 3441 4535.78851715
8 1375 3445 4542.59291055
7 1376 3448 4544.75531855
6 1377 3451 4549.22340488
7 1378 3452 4549.45262213
6 1379 3453 4550.75531855
5 1380 3454 4551.45311231
6 1381 3458 4557.38232558
5 1382 3460 4558.75531855
4 1383 3465 4565.45311231
3 1384 3467 4566.22340488
4 1385 3468 4568.32983979
5 1386 3470 4568.44735051
6 1387 3471 4569.99744018
7 1388 3476 4573.17879031
8 1389 3477 4574.5403865
7 1390 3481 4579.32983979
6 1391 3483 4581.75531855
5 1392 3485 4585.45311231
6 1393 3486 4588.46806267
7 1394 3493 4596.26567242
8 1395 3494 4599.0331869
9 1396 3495 4599.96581292
8 1397 3496 4602.32983979
7 1398 3501 4607.75531855
6 1399 3503 4608.45311231
5 1400 3505 4610.32983979
6 1401 3512 4623.896064
5 1402 3514 4627.75531855
6 1403 3515 4629.68530717
5 1404 3516 4630.32983979
4 1405 3519 4634.45311231
5 1406 3523 4639.67756397
6 1407 3529 4643.00568517
5 1408 3532 4647.75531855
4 1409 3534 4648.45311231
5 1410 3535 4650.99421776
4 1411 3537 4651.45311231
3 1412 3538 4653.32983979
4 1413 3545 4661.54842773
3 1414 3547 4668.45311231
2 1415 3548 4669.65273381
3 1416 3549 4669.88628603
2 1417 3554 4680.88628603
1 1418 3557 4688.45311231
2 1419 3558 4689.44670273
3 1420 3560 4689.80160352
4 1421 3562 4690.53147206
5 1422 3565 4698.19288131
4 1423 3568 4703.44670273
5 1424 3570 4703.53434617
6 1425 3571 4705.09151967
5 1426 3574 4706.80160352
6 1427 3575 4709.34733698
7 1428 3576 4710.24379398
6 1429 3584 4717.44670273
7 1430 3585 4721.6610767
8 1431 3586 4722.48150147
9 1432 3587 4722.65843949
10 1433 3588 4722.93785762
9 1434 3589 4723.80160352
10 1435 3593 4727.68792998
11 1436 3597 4730.97502753
10 1437 3601 4735.80160352
9 1438 3603 4740.44670273
8 1439 3604 4743.44670273
9 1440 3605 4745.36693006
10 1441 3608 4749.01563804
9 1442 3611 4751.77432375
10 1443 3614 4754.17788749
9 1444 3617 4755.80160352
8 1445 3620 4757.44670273
7 1446 3624 4765.77432375
6 1447 3628 4769.80160352
7 1448 3632 4770.50682669
6 1449 3634 4771.77432375
5 1450 3635 4772.80160352
4 1451 3637 4774.44670273
3 1452 3642 4783.44670273
4 1453 3643 4786.95342797
5 1454 3645 4791.44192762
4 1455 3647 4791.77432375
5 1456 3648 4791.94007029
6 1457 3649 4794.06086064
5 1458 3652 4795.80160352
6 1459 3653 4796.0988121
5 1460 3658 4803.95342797
4 1461 3660 4805.77432375
3 1462 3666 4809.80160352
4 1463 3667 4811.76608874
3 1464 3669 4811.95342797
2 1465 3670 4812.80160352
3 1466 3671 4815.5103562
4 1467 3675 4821.70069648
3 1468 3679 4823.5103562
4 1469 3681 4824.80530887
3 1470 3685 4825.76608874
2 1471 3687 4832.70069648
3 1472 3690 4834.47775584
4 1473 3692 4838.58612262
3 1474 3694 4839.76608874
2 1475 3699 4851.47775584
1 1476 3700 4856.76608874
2 1477 3701 4864.3027602
3 1478 3703 4865.34369727
4 1479 3705 4869.53157627
5 1480 3706 4872.6277054
6 1481 3709 4875.68943154
5 1482 3714 4882.34369727
4 1483 3715 4884.3027602
5 1484 3720 4888.95211558
6 1485 3722 4891.55152532
5 1486 3723 4893.34369727
4 1487 3728 4895.3027602
3 1488 3729 4896.34369727
4 1489 3730 4897.6901793
5 1490 3734 4905.85511433
4 1491 3736 4906.3027602
5 1492 3738 4908.72740658
4 1493 3739 4910.3027602
5 1494 3745 4916.25845915
4 1495 3750 4923.3027602
3 1496 3751 4926.6901793
2 1497 3752 4932.3027602
3 1498 3753 4932.30709476
4 1499 3756 4933.38916032
3 1500 3757 4935.3027602
4 1501 3761 4938.29890292
5 1502 3763 4939.63957932
4 1503 3764 4940.30709476
3 1504 3765 4940.30709476
2 1505 3771 4951.30709476
1 1506 3772 4952.29890292
2 1507 3775 4966.31739346
3 1508 3777 4971.01173408
4 1509 3781 4973.36429221
3 1510 3783 4976.01173408
4 1511 3784 4980.59957908
3 1512 3789 4989.31739346
2 1513 3791 4990.01173408
3 1514 3792 4991.74307574
4 1515 3796 4997.41145667
3 1516 3799 5005.74307574
2 1517 3801 5009.31739346
3 1518 3802 5009.69882171
4 1519 3806 5014.58265533
3 1520 3809 5022.74307574
2 1521 3811 5023.69882171
3 1522 3814 5029.23418185
2 1523 3816 5036.74307574
1 1524 3821 5049.23418185
2 1525 3822 5054.50421432
3 1526 3825 5056.01112865
4 1527 3827 5057.2169887
5 1528 3828 5059.80405234
6 1529 3831 5065.4487779
7 1530 3834 5068.14774191
6 1531 3836 5071.50421432
5 1532 3838 5076.01112865
6 1533 3839 5078.10987973
7 1534 3844 5080.98569446
8 1535 3845 5084.74020728
7 1536 3847 5085.50421432
8 1537 3848 5087.02708099
9 1538 3849 5087.8043163
8 1539 3854 5093.01112865
9 1540 3858 5101.06382324
8 1541 3861 5102.50421432
9 1542 3862 5102.73180146
8 1543 3864 5104.01112865
7 1544 3865 5107.01112865
6 1545 3872 5115.01112865
5 1546 3878 5122.50421432
4 1547 3880 5125.50421432
5 1548 3883 5126.24882503
6 1549 3884 5131.22708497
5 1550 3885 5132.01112865
4 1551 3887 5132.87058821
5 1552 3889 5134.19403964
6 1553 3892 5136.20417369
7 1554 3894 5138.76137353
6 1555 3900 5143.87058821
7 1556 3901 5143.93860461
6 1557 3903 5145.50421432
7 1558 3904 5146.19061731
6 1559 3909 5149.01112865
5 1560 3913 5155.87058821
6 1561 3917 5156.52810121
5 1562 3919 5159.50421432
6 1563 3922 5159.51396069
5 1564 3923 5160.01112865
6 1565 3926 5166.98364752
7 1566 3928 5167.39083662
8 1567 3929 5167.50985852
7 1568 3930 5169.01112865
6 1569 3935 5172.78536817
5 1570 3937 5176.52810121
6 1571 3941 5185.42437072
5 1572 3944 5188.52810121
4 1573 3948 5189.98364752
5 1574 3949 5190.08716645
4 1575 3951 5198.78536817
3 1576 3952 5202.52810121
4 1577 3957 5208.28499778
3 1578 3959 5212.98364752
4 1579 3960 5213.06779474
3 1580 3962 5215.78536817
4 1581 3965 5220.91515626
5 1582 3967 5222.15293976
6 1583 3968 5222.50521914
5 1584 3972 5228.28499778
4 1585 3973 5228.91515626
5 1586 3979 5235.94210318
4 1587 3980 5236.91515626
3 1588 3984 5239.06779474
2 1589 3985 5242.28499778
3 1590 3986 5251.87291849
2 1591 3992 5259.87291849
1 1592 3993 5262.91515626
2 1593 3995 5276.09989955
3 1594 3997 5276.40583999
4 1595 4000 5277.86363217
5 1596 4003 5281.27178153
6 1597 4005 5282.20379877
7 1598 4009 5289.10781823
6 1599 4010 5290.09989955
7 1600 4015 5293.5864309
6 1601 4019 5295.27178153
7 1602 4020 5296.68368732
8 1603 4022 5297.75711611
9 1604 4023 5298.26655666
8 1605 4028 5299.40583999
7 1606 4031 5302.40583999
8 1607 4034 5303.75599
7 1608 4035 5304.09989955
6 1609 4037 5305.20379877
5 1610 4039 5306.27178153
6 1611 4042 5310.20530743
7 1612 4043 5312.8985317
6 1613 4045 5313.40583999
7 1614 4046 5313.9535847
6 1615 4050 5315.27178153
5 1616 4052 5318.09989955
6 1617 4057 5323.17290594
5 1618 4059 5326.09989955
4 1619 4060 5327.40583999
3 1620 4063 5331.20379877
2 1621 4066 5335.27178153
3 1622 4067 5335.84292852
4 1623 4070 5341.91583531
3 1624 4074 5343.09989955
4 1625 4075 5345.38110534
3 1626 4079 5352.84292852
2 1627 4080 5356.38110534
1 1628 4081 5358.84292852
2 1629 4082 5362.38434582
3 1630 4084 5368.02682854
2 1631 4090 5379.38434582
3 1632 4091 5384.03724638
2 1633 4093 5385.02682854
3 1634 4094 5387.30819492
4 1635 4096 5387.65964095
3 1636 4102 5395.65964095
2 1637 4103 5398.03724638
3 1638 4106 5401.97281132
4 1639 4108 5403.75262639
3 1640 4114 5412.97281132
2 1641 4115 5413.30819492
1 1642 4116 5414.75262639
2 1643 4117 5417.49791516
3 1644 4122 5424.97693589
2 1645 4123 5431.49791516
3 1646 4126 5433.80984761
2 1647 4128 5438.97693589
3 1648 4131 5445.31561989
4 1649 4133 5447.12286874
3 1650 4135 5447.80984761
4 1651 4136 5452.13945976
3 1652 4145 5459.31561989
2 1653 4146 5464.12286874
1 1654 4147 5466.13945976
2 1655 4148 5474.59964272
3 1656 4151 5482.06822295
4 1657 4152 5483.14546795
5 1658 4154 5484.8680708
6 1659 4157 5487.89893701
7 1660 4166 5496.70998507
8 1661 4168 5497.57514844
7 1662 4170 5497.59964272
6 1663 4171 5500.14546795
5 1664 4172 5500.14546795
4 1665 4173 5501.8680708
3 1666 4176 5506.59964272
2 1667 4177 5507.70998507
1 1668 4180 5520.57514844
2 1669 4181 5527.26407092
1 1670 4185 5541.26407092
2 1671 4186 5557.99649907
3 1672 4188 5570.11628154
4 1673 4194 5574.76478673
5 1674 4196 5575.04403975
6 1675 4198 5575.8290713
7 1676 4200 5577.90601093
6 1677 4202 5580.99649907
5 1678 4203 5581.11628154
4 1679 4210 5589.04403975
5 1680 4211 5590.43702432
4 1681 4215 5591.76478673
5 1682 4216 5594.10891062
6 1683 4218 5595.66037119
5 1684 4220 5595.8290713
6 1685 4221 5596.4139097
5 1686 4229 5600.99649907
4 1687 4231 5603.66037119
3 1688 4234 5607.43702432
4 1689 4235 5608.49839869
3 1690 4238 5613.4139097
2 1691 4242 5617.10891062
3 1692 4244 5629.6579783
2 1693 4246 5631.49839869
3 1694 4247 5636.27434842
4 1695 4251 5639.59214868
3 1696 4255 5644.27434842
2 1697 4256 5646.6579783
3 1698 4257 5657.39087633
4 1699 4261 5659.68215708
3 1700 4265 5665.59214868
2 1701 4268 5671.39087633
1 1702 4269 5673.68215708
2 1703 4270 5682.18783721
3 1704 4274 5689.29033676
2 1705 4276 5690.18783721
3 1706 4277 5694.66009826
4 1707 4279 5695.53733133
3 1708 4285 5700.53733133
4 1709 4286 5701.24424849
5 1710 4288 5702.76567186
6 1711 4289 5704.24929195
5 1712 4293 5706.29033676
6 1713 4294 5707.88866702
5 1714 4297 5714.66009826
4 1715 4299 5715.24424849
3 1716 4307 5723.29033676
4 1717 4308 5727.57103595
3 1718 4312 5728.66009826
4 1719 4313 5731.11047362
5 1720 4316 5732.85742234
4 1721 4317 5735.24424849
3 1722 4318 5735.57103595
4 1723 4319 5737.55833723
5 1724 4321 5741.89181424
6 1725 4328 5751.06736774
5 1726 4330 5751.11047362
6 1727 4331 5751.2497927
5 1728 4332 5751.55833723
6 1729 4334 5755.14260652
5 1730 4335 5757.11047362
6 1731 4338 5758.06360739
5 1732 4344 5767.89181424
4 1733 4346 5774.11047362
3 1734 4347 5774.55833723
4 1735 4352 5782.23387683
5 1736 4354 5783.75292615
6 1737 4355 5787.78583738
5 1738 4357 5787.89181424
4 1739 4361 5791.11047362
3 1740 4362 5796.23387683
4 1741 4367 5802.02366317
3 1742 4371 5808.11047362
2 1743 4373 5810.02366317
1 1744 4374 5810.89181424
2 1745 4375 5812.40724419
1 1746 4380 5823.40724419
2 1747 4383 5845.3906301
3 1748 4385 5852.98204427
4 1749 4387 5855.34428868
5 1750 4393 5864.66686543
4 1751 4397 5871.3906301
3 1752 4398 5872.66686543
4 1753 4401 5874.53428091
5 1754 4403 5876.45532366
4 1755 4407 5878.98204427
5 1756 4408 5883.53341336
4 1757 4412 5885.53428091
5 1758 4413 5885.92262323
6 1759 4417 5887.42153707
7 1760 4418 5888.339903
6 1761 4419 5890.34428868
5 1762 4422 5891.53341336
4 1763 4423 5893.45532366
5 1764 4427 5899.66442317
6 1765 4433 5904.09645682
7 1766 4435 5906.28587569
8 1767 4436 5906.74409782
9 1768 4437 5906.9360405
8 1769 4439 5911.53341336
7 1770 4441 5911.92262323
8 1771 4444 5914.12772453
7 1772 4445 5916.34428868
8 1773 4450 5919.34611002
7 1774 4451 5922.34428868
6 1775 4452 5924.09645682
5 1776 4459 5928.92262323
4 1777 4461 5930.34428868
5 1778 4462 5930.44310084
6 1779 4463 5933.68245062
7 1780 4464 5935.96301441
6 1781 4469 5939.34428868
5 1782 4471 5940.53341336
4 1783 4474 5947.09645682
5 1784 4478 5948.8053104
4 1785 4480 5951.53341336
3 1786 4483 5956.34428868
2 1787 4484 5958.09645682
1 1788 4487 5965.53341336
2 1789 4488 5975.67544781
3 1790 4492 5978.82132894
2 1791 4494 5983.67544781
3 1792 4495 5986.79718998
4 1793 4497 5987.77760062
3 1794 4505 5998.77760062
4 1795 4506 6002.73919805
3 1796 4508 6004.82132894
4 1797 4509 6005.29371761
3 1798 4511 6006.79718998
2 1799 4516 6019.73919805
3 1800 4517 6024.98257781
2 1801 4519 6025.29371761
3 1802 4520 6027.11693526
4 1803 4522 6027.36315494
5 1804 4524 6031.1611911
6 1805 4526 6034.89878965
7 1806 4529 6035.11315859
8 1807 4530 6036.9026779
7 1808 4535 6038.36315494
8 1809 4538 6041.85041243
7 1810 4539 6044.36315494
6 1811 4540 6044.98257781
5 1812 4547 6050.11693526
4 1813 4548 6052.36315494
5 1814 4550 6054.59866813
6 1815 4551 6054.87442095
5 1816 4558 6061.98257781
6 1817 4559 6062.64670824
7 1818 4560 6066.82089506
6 1819 4562 6069.36315494
5 1820 4568 6073.11693526
4 1821 4570 6075.98257781
3 1822 4571 6075.98257781
2 1823 4575 6086.36315494
3 1824 4578 6089.81842562
4 1825 4580 6089.91303738
5 1826 4584 6097.26921603
4 1827 4585 6099.11047362
3 1828 4589 6106.81842562
4 1829 4592 6111.63449561
3 1830 4594 6112.91303738
4 1831 4597 6117.94203374
5 1832 4599 6118.33993278
6 1833 4600 6118.84300073
5 1834 4602 6119.63449561
4 1835 4606 6122.11047362
5 1836 4607 6127.78936746
6 1837 4608 6130.49930987
7 1838 4610 6131.7227555
8 1839 4611 6132.57542101
9 1840 4615 6136.10204905
8 1841 4616 6136.63449561
7 1842 4619 6137.94203374
8 1843 4622 6138.16541373
7 1844 4623 6139.63449561
6 1845 4627 6145.11047362
7 1846 4630 6150.63147457
6 1847 4632 6150.63449561
7 1848 4635 6152.0881462
8 1849 4636 6153.07720812
7 1850 4638 6156.11047362
6 1851 4640 6157.94203374
7 1852 4641 6159.70784477
6 1853 4652 6167.11047362
7 1854 4653 6167.93903221
8 1855 4654 6169.76567067
7 1856 4656 6171.94203374
6 1857 4658 6173.63449561
7 1858 4662 6176.1273243
6 1859 4665 6181.92262323
5 1860 4667 6181.92262323
4 1861 4672 6185.94203374
5 1862 4673 6186.78946728
6 1863 4677 6189.14233387
7 1864 4678 6190.67944728
6 1865 4680 6192.92262323
5 1866 4681 6193.11047362
6 1867 4685 6195.66927194
5 1868 4686 6196.63449561
6 1869 4688 6196.720852
5 1870 4689 6197.78946728
6 1871 4691 6199.13835994
5 1872 4698 6206.92262323
6 1873 4704 6209.58280332
5 1874 4705 6210.63449561
6 1875 4707 6211.57761547
5 1876 4708 6211.78946728
4 1877 4710 6216.11047362
3 1878 4711 6217.92262323
4 1879 4716 6222.76929589
3 1880 4718 6222.78946728
4 1881 4719 6226.15908711
5 1882 4721 6229.59944786
4 1883 4725 6233.63449561
5 1884 4727 6235.72095804
6 1885 4732 6240.08860041
5 1886 4733 6240.15908711
4 1887 4736 6242.76929589
3 1888 4737 6243.59944786
4 1889 4738 6244.9631563
5 1890 4744 6252.04230344
6 1891 4748 6253.72556443
5 1892 4752 6257.15908711
4 1893 4753 6259.76929589
3 1894 4754 6259.76929589
2 1895 4757 6264.9631563
3 1896 4758 6265.37243793
4 1897 4760 6266.27189289
5 1898 4762 6269.64067675
4 1899 4766 6274.15908711
5 1900 4767 6275.43024208
6 1901 4769 6276.25269264
7 1902 4773 6281.19002583
6 1903 4774 6282.37243793
7 1904 4778 6284.32073495
6 1905 4780 6286.27189289
5 1906 4781 6286.27189289
4 1907 4786 6290.37243793
3 1908 4788 6294.15908711
4 1909 4792 6298.03344942
5 1910 4793 6299.07342182
4 1911 4794 6300.27189289
3 1912 4796 6301.37243793
4 1913 4798 6302.41767527
5 1914 4800 6304.73273282
6 1915 4801 6306.7419552
7 1916 4805 6313.27768161
8 1917 4813 6319.0927904
9 1918 4814 6319.55950569
8 1919 4816 6321.37243793
7 1920 4818 6323.27189289
6 1921 4819 6327.37243793
5 1922 4821 6331.11693526
6 1923 4826 6335.87627939
7 1924 4827 6337.75214749
8 1925 4828 6340.07134351
7 1926 4830 6340.27189289
8 1927 4833 6346.29855933
7 1928 4837 6347.37243793
6 1929 4839 6348.11693526
5 1930 4844 6357.27189289
4 1931 4849 6361.37243793
3 1932 4850 6365.11693526
2 1933 4851 6368.27189289
3 1934 4854 6376.74787642
4 1935 4856 6380.73627165
3 1936 4858 6381.37243793
4 1937 4859 6385.51320786
5 1938 4865 6389.98038581
4 1939 4866 6393.74787642
3 1940 4868 6394.73627165
4 1941 4869 6397.14834133
5 1942 4871 6398.29315573
4 1943 4879 6407.74787642
3 1944 4880 6408.14834133
4 1945 4881 6409.98389678
5 1946 4885 6413.50948165
4 1947 4889 6414.51320786
3 1948 4892 6420.98389678
2 1949 4893 6421.74787642
3 1950 4894 6422.0157424
4 1951 4897 6422.97060847
3 1952 4901 6425.51320786
4 1953 4903 6426.75171672
5 1954 4905 6429.21343992
4 1955 4906 6430.0157424
3 1956 4913 6436.0157424
4 1957 4914 6442.09369485
3 1958 4916 6443.75171672
2 1959 4917 6444.0157424
3 1960 4920 6461.84205579
4 1961 4922 6462.84657115
5 1962 4923 6463.08267035
4 1963 4925 6466.75171672
3 1964 4931 6474.75171672
2 1965 4932 6478.84205579
3 1966 4934 6482.26870712
4 1967 4940 6500.16861731
3 1968 4942 6500.75171672
2 1969 4943 6502.26870712
1 1970 4946 6508.16861731
2 1971 4947 6524.03500312
3 1972 4949 6524.40581522
2 1973 4956 6538.40581522
3 1974 4957 6540.744262
2 1975 4959 6541.03500312
1 1976 4962 6557.744262
2 1977 4963 6580.4403052
3 1978 4965 6581.03667068
4 1979 4967 6583.82783067
5 1980 4971 6586.263619
4 1981 4977 6591.4403052
5 1982 4980 6594.62128634
6 1983 4982 6596.46685502
5 1984 4984 6597.82783067
4 1985 4985 6598.03667068
5 1986 4988 6604.92504739
6 1987 4990 6605.89297149
5 1988 4992 6606.263619
4 1989 4997 6611.82783067
3 1990 5001 6614.62128634
4 1991 5002 6616.97952846
3 1992 5004 6617.263619
2 1993 5005 6618.92504739
3 1994 5006 6620.2288217
4 1995 5013 6627.41487319
3 1996 5015 6628.2288217
4 1997 5016 6635.68489064
3 1998 5018 6636.97952846
2 1999 5023 6644.41487319
1 2000 5026 6649.68489064
0 2001 5029 6657.0877839
0 2002 5030 6835.82783067
