#data counter step time
0 1 0 0.0
1 2 1 0.0
2 3 12 1.46194999821
3 4 14 11.8101415642
4 5 16 12.4909317123
3 6 20 21.4619499982
4 7 21 26.1187848928
5 8 25 30.4122280127
4 9 29 34.8101415642
3 10 32 38.4909317123
2 11 35 49.1187848928
1 12 36 50.4122280127
2 13 37 63.6685711612
3 14 39 69.1872723192
2 15 43 80.6685711612
3 16 46 84.9880762001
4 17 48 88.6986486523
5 18 50 89.7448514754
4 19 52 92.1872723192
5 20 59 99.5557081967
4 21 61 99.6986486523
3 22 62 100.744851475
4 23 63 105.3637748
3 24 67 110.555708197
2 25 68 110.9880762
3 26 69 112.342290985
2 27 75 120.342290985
1 28 76 122.3637748
2 29 77 123.25936729
3 30 79 123.837153247
4 31 85 130.754554944
3 32 87 134.25936729
4 33 88 134.817141596
5 34 90 140.407535204
4 35 94 140.837153247
5 36 97 143.84030182
6 37 101 145.276071881
5 38 103 148.407535204
4 39 104 148.817141596
3 40 105 150.754554944
2 41 110 156.276071881
1 42 111 157.84030182
2 43 112 159.764188764
3 44 114 163.049704696
4 45 118 167.102851706
5 46 122 174.014523458
6 47 126 176.73325272
5 48 128 176.764188764
4 49 129 180.049704696
3 50 134 185.014523458
2 51 135 187.102851706
3 52 136 190.224248503
4 53 138 190.953880105
5 54 140 192.029102212
4 55 142 193.73325272
3 56 149 204.224248503
2 57 150 206.029102212
3 58 151 207.820515227
4 59 153 209.279688583
5 60 156 210.655500864
4 61 160 212.820515227
3 62 161 213.953880105
2 63 162 218.820515227
3 64 165 230.336022211
4 65 167 231.542229354
5 66 169 231.868810977
6 67 173 237.790286824
5 68 175 238.279688583
6 69 178 239.289824278
7 70 182 242.479529354
8 71 183 244.073782948
7 72 186 245.542229354
6 73 191 247.336022211
5 74 192 251.868810977
4 75 197 259.289824278
3 76 198 259.542229354
2 77 199 260.790286824
1 78 200 267.336022211
2 79 201 276.798500482
1 80 205 284.798500482
2 81 206 290.120935794
3 82 210 308.381088269
2 83 212 313.120935794
3 84 213 319.198339115
4 85 217 325.735056338
3 86 221 328.381088269
4 87 224 330.613011984
3 88 226 333.735056338
2 89 227 336.198339115
3 90 230 340.497369156
2 91 234 347.613011984
1 92 235 351.497369156
2 93 236 367.26846079
3 94 241 379.463329485
4 95 242 380.844260124
5 96 244 384.255752387
4 97 246 384.26846079
5 98 247 385.510860397
6 99 250 386.463172953
5 100 254 388.844260124
4 101 261 399.463329485
5 102 262 400.423539105
4 103 264 400.844260124
3 104 265 401.255752387
2 105 268 402.510860397
1 106 269 408.423539105
2 107 270 417.356322
3 108 274 422.353319804
2 109 276 425.356322
3 110 277 430.095830238
2 111 283 442.353319804
1 112 284 456.095830238
2 113 285 468.123152395
3 114 287 471.350138215
4 115 292 472.407567975
3 116 293 476.123152395
4 117 297 484.684756465
3 118 299 488.350138215
4 119 301 488.516259364
3 120 302 491.350138215
2 121 307 504.684756465
1 122 308 505.516259364
2 123 309 506.761670312
3 124 311 509.91559189
4 125 315 512.307284794
3 126 319 514.91559189
4 127 322 517.809253287
3 128 324 520.307284794
2 129 325 520.761670312
3 130 326 521.984375912
4 131 328 523.706166417
5 132 336 534.099291631
6 133 338 534.598162524
5 134 340 537.809253287
4 135 343 541.984375912
3 136 344 543.706166417
2 137 347 551.099291631
1 138 348 551.598162524
2 139 349 557.472641319
3 140 353 577.46893122
4 141 355 578.761836226
3 142 357 583.472641319
4 143 358 583.794388007
3 144 364 592.761836226
2 145 367 597.46893122
3 146 368 597.926658499
2 147 370 600.794388007
3 148 373 614.413173417
4 149 375 614.842467787
5 150 377 615.647205133
6 151 380 616.88441634
5 152 381 620.926658499
6 153 387 629.950006807
7 154 389 630.020084237
6 155 395 635.647205133
5 156 396 635.647205133
4 157 399 638.020084237
3 158 400 640.413173417
2 159 401 640.842467787
3 160 402 643.879378926
4 161 405 644.745321009
3 162 406 649.950006807
4 163 410 652.91925057
5 164 412 653.016557015
6 165 414 655.699366924
5 166 416 657.879378926
4 167 417 657.879378926
5 168 418 662.826983527
6 169 422 665.588092849
5 170 428 669.699366924
4 171 429 669.91925057
5 172 430 670.156641561
6 173 432 671.828598243
5 174 442 679.016557015
4 175 443 679.826983527
5 176 444 681.073478844
4 177 446 681.156641561
5 178 447 681.159532255
4 179 449 682.588092849
3 180 450 682.828598243
4 181 451 685.60912911
3 182 459 698.073478844
2 183 460 699.60912911
1 184 461 713.159532255
2 185 462 714.237883934
3 186 466 722.304927452
4 187 468 723.97282509
5 188 472 735.188875258
4 189 476 737.237883934
3 190 479 743.188875258
2 191 480 746.97282509
1 192 481 748.304927452
2 193 482 749.362590445
3 194 487 753.861075164
2 195 488 754.362590445
3 196 491 768.074672757
2 197 493 770.861075164
3 198 494 772.939270823
4 199 496 778.689110647
3 200 502 786.939270823
2 201 503 791.074672757
1 202 506 795.689110647
2 203 507 814.284306459
3 204 509 815.50293413
4 205 511 815.826632146
5 206 515 823.802132696
4 207 521 832.50293413
3 208 524 834.284306459
4 209 525 837.029494854
5 210 527 837.369913994
4 211 529 840.802132696
3 212 530 841.826632146
4 213 531 843.726995879
5 214 535 846.689713041
6 215 539 850.460427283
5 216 541 851.029494854
4 217 544 854.369913994
5 218 545 854.678206841
4 219 549 857.726995879
5 220 550 858.397811396
6 221 552 859.55008718
7 222 556 865.584153963
6 223 559 866.689713041
5 224 561 867.460427283
4 225 568 872.397811396
3 226 569 873.55008718
2 227 570 874.689713041
1 228 571 877.678206841
2 229 572 883.412023326
3 230 574 886.943277236
4 231 578 887.782826741
5 232 582 891.328823601
4 233 584 891.412023326
3 234 587 897.943277236
2 235 590 905.328823601
3 236 591 908.798916151
2 237 593 910.782826741
1 238 596 916.798916151
2 239 597 935.791514565
3 240 599 950.703173985
2 241 605 958.791514565
1 242 606 961.703173985
2 243 607 962.902938821
3 244 610 964.194044959
4 245 613 975.219545487
3 246 619 982.902938821
2 247 620 989.219545487
1 248 621 990.194044959
2 249 622 999.731318095
3 250 624 1012.57621018
2 251 630 1025.7313181
3 252 631 1031.37499563
2 253 635 1038.57621018
3 254 636 1044.77253845
2 255 638 1048.37499563
3 256 639 1050.67397779
4 257 643 1054.10623215
5 258 647 1057.7911177
6 259 649 1058.05683714
7 260 651 1062.89782821
6 261 655 1064.67397779
5 262 656 1064.77253845
4 263 661 1074.10623215
3 264 664 1075.05683714
4 265 665 1076.83115973
5 266 667 1080.97806896
6 267 669 1082.4249073
5 268 671 1083.7911177
6 269 672 1084.58665377
5 270 674 1084.67397779
4 271 683 1094.97806896
3 272 684 1096.4249073
2 273 685 1096.83115973
1 274 686 1098.58665377
2 275 687 1099.77964347
3 276 689 1104.13535158
2 277 695 1119.77964347
3 278 696 1119.82830363
4 279 698 1126.49611564
5 280 700 1128.6486834
6 281 702 1130.22599204
5 282 708 1133.13535158
6 283 709 1134.16521228
7 284 711 1136.00730621
8 285 712 1136.69518309
7 286 713 1136.82830363
6 287 720 1142.6486834
5 288 727 1144.22599204
6 289 728 1153.63602268
5 290 730 1154.16521228
6 291 731 1154.63873822
5 292 733 1155.49611564
6 293 734 1155.71072398
5 294 736 1156.6486834
4 295 737 1156.82830363
3 296 742 1165.63873822
2 297 745 1173.63602268
1 298 746 1178.71072398
2 299 747 1185.86598784
3 300 749 1189.72361224
4 301 753 1202.42787334
5 302 758 1207.40944362
4 303 759 1208.86598784
3 304 760 1209.72361224
4 305 761 1209.86461405
5 306 766 1214.05288416
4 307 768 1219.42787334
3 308 771 1225.42787334
2 309 772 1226.86461405
3 310 773 1229.16280143
4 311 779 1238.81330922
5 312 781 1242.76240696
4 313 783 1243.05288416
3 314 786 1246.16280143
2 315 787 1252.81330922
1 316 790 1271.76240696
2 317 791 1276.5235928
3 318 793 1277.1187432
4 319 797 1282.49885242
3 320 803 1291.1187432
4 321 804 1292.06402827
3 322 806 1293.5235928
4 323 807 1295.76412264
5 324 809 1295.93903657
6 325 811 1296.60780297
5 326 815 1302.49885242
6 327 817 1302.70093756
5 328 820 1306.06402827
4 329 821 1306.76412264
3 330 827 1315.93903657
4 331 828 1316.43270514
5 332 830 1318.90301598
4 333 834 1325.60780297
5 334 835 1328.53585842
4 335 837 1328.60780297
3 336 840 1330.43270514
2 337 843 1335.90301598
1 338 844 1339.53585842
2 339 845 1346.98362086
3 340 847 1348.55031821
4 341 849 1351.89382986
5 342 851 1353.08175959
4 343 861 1360.98362086
5 344 862 1361.15154597
6 345 864 1363.38954645
5 346 866 1364.08175959
4 347 867 1365.55031821
3 348 870 1368.89382986
4 349 871 1370.31298566
3 350 875 1372.15154597
2 351 876 1374.38954645
3 352 879 1382.8446839
4 353 881 1390.61852219
3 354 885 1393.31298566
2 355 886 1396.8446839
3 356 889 1398.31928947
2 357 893 1403.31928947
1 358 894 1407.61852219
2 359 895 1415.47740247
1 360 899 1426.47740247
2 361 900 1432.75365777
3 362 902 1439.10893904
4 363 908 1445.38724591
5 364 910 1448.72569905
4 365 914 1449.75365777
3 366 915 1450.10893904
4 367 918 1452.80061373
5 368 920 1456.39034874
6 369 924 1459.21788998
5 370 926 1459.38724591
6 371 929 1461.70720864
5 372 931 1462.72569905
6 373 936 1469.63266253
5 374 938 1469.80061373
4 375 939 1470.39034874
5 376 940 1474.83192906
4 377 942 1475.70720864
3 378 943 1479.21788998
4 379 946 1484.60778194
5 380 948 1486.29119938
6 381 950 1487.22018304
7 382 952 1487.35641661
8 383 955 1489.66972018
9 384 956 1490.71359258
8 385 964 1494.83192906
7 386 966 1495.63266253
6 387 967 1500.29119938
7 388 969 1500.47786266
6 389 974 1504.22018304
5 390 976 1504.60778194
6 391 977 1504.63606929
5 392 979 1505.83192906
6 393 980 1508.55243948
7 394 983 1511.40626414
8 395 989 1515.5182975
7 396 990 1515.63606929
6 397 993 1516.55243948
5 398 995 1518.63266253
4 399 999 1520.29119938
3 400 1000 1524.63606929
2 401 1001 1527.22018304
1 402 1006 1536.55243948
2 403 1008 1536.87711158
3 404 1010 1542.34263226
4 405 1012 1543.30285925
5 406 1014 1543.92183215
6 407 1017 1544.8895888
5 408 1019 1548.30285925
6 409 1020 1548.83792067
5 410 1028 1556.34263226
4 411 1030 1556.87711158
3 412 1033 1562.30285925
4 413 1036 1566.45444751
3 414 1038 1570.87711158
4 415 1039 1576.24979974
3 416 1041 1576.34263226
4 417 1045 1581.9944738
5 418 1049 1586.63202896
6 419 1050 1589.06530117
7 420 1051 1591.68875909
6 421 1054 1592.45444751
7 422 1055 1595.73100542
6 423 1057 1599.24979974
7 424 1059 1603.76487282
8 425 1060 1605.20395491
7 426 1067 1609.45444751
8 427 1068 1611.16077157
7 428 1070 1615.45444751
6 429 1072 1619.24979974
7 430 1073 1620.08799905
6 431 1074 1621.45444751
7 432 1076 1627.7991082
8 433 1079 1628.77865455
9 434 1080 1628.91223643
8 435 1084 1638.45444751
9 436 1086 1638.84067944
8 437 1087 1639.24979974
9 438 1088 1640.27004538
8 439 1090 1642.24979974
9 440 1095 1656.60599954
8 441 1097 1658.45444751
7 442 1099 1659.24979974
8 443 1100 1660.62924336
9 444 1101 1666.56248034
10 445 1106 1669.77285713
11 446 1107 1672.926117
12 447 1108 1674.97508574
11 448 1110 1675.45444751
12 449 1111 1677.13383447
13 450 1114 1681.12886136
12 451 1116 1685.24979974
11 452 1118 1686.45444751
12 453 1120 1688.72640064
13 454 1124 1690.59285073
14 455 1125 1694.29095734
13 456 1127 1694.45444751
12 457 1128 1694.45444751
13 458 1131 1695.4190655
14 459 1132 1699.49623841
15 460 1135 1704.11088888
14 461 1137 1705.24979974
13 462 1138 1705.45444751
14 463 1140 1708.7417471
13 464 1144 1713.24979974
14 465 1147 1723.68325059
13 466 1150 1730.24979974
14 467 1151 1739.4881918
15 468 1152 1742.98399736
16 469 1156 1747.4168351
17 470 1157 1749.99746341
16 471 1159 1750.24979974
15 472 1160 1753.24979974
16 473 1161 1756.00275361
17 474 1164 1761.14883965
18 475 1165 1762.04883648
17 476 1166 1764.24979974
18 477 1168 1767.91954738
19 478 1171 1771.13246206
20 479 1172 1773.69010428
21 480 1173 1776.0401792
22 481 1174 1778.19380644
21 482 1175 1778.24979974
22 483 1177 1779.18126185
23 484 1178 1780.27812728
24 485 1179 1780.78884455
25 486 1180 1785.80713712
26 487 1181 1813.30730702
27 488 1182 1821.70510758
28 489 1183 1822.21135797
29 490 1184 1823.22878851
30 491 1185 1838.31953735
31 492 1186 1846.71227513
32 493 1187 1850.65898178
33 494 1188 1858.00813956
34 495 1189 1858.04267745
35 496 1190 1861.64233826
36 497 1191 1877.38778247
37 498 1192 1879.19800095
38 499 1193 1880.81089241
39 500 1194 1891.4007898
40 501 1195 1892.80996286
41 502 1196 1910.4833671
42 503 1197 1910.58804848
43 504 1198 1915.98703968
44 505 1199 1935.95289037
45 506 1200 1938.39851428
46 507 1201 1951.229019
47 508 1202 1957.84656022
48 509 1203 1962.28927581
49 510 1204 1962.96867384
50 511 1211 1971.35853329
51 512 1217 1974.57788463
52 513 1224 1977.047189
53 514 1225 1977.15666239
54 515 1226 1980.39709967
53 516 1232 1981.63266253
52 517 1237 1984.22018304
51 518 1238 1984.22018304
50 519 1243 1984.63266253
49 520 1244 1987.22018304
48 521 1245 1987.22018304
47 522 1246 1987.63266253
46 523 1252 1993.63266253
45 524 1258 1998.22018304
44 525 1259 1998.63266253
43 526 1264 2001.22018304
42 527 1265 2001.22018304
41 528 1266 2001.63266253
40 529 1270 2001.63266253
41 530 1276 2004.01393473
40 531 1277 2007.22018304
39 532 1278 2007.63266253
38 533 1287 2009.22018304
37 534 1288 2009.22018304
36 535 1289 2009.22018304
35 536 1290 2012.63266253
34 537 1295 2015.22018304
33 538 1300 2015.63266253
32 539 1301 2015.63266253
33 540 1316 2024.69444853
32 541 1318 2026.22018304
31 542 1323 2026.63266253
30 543 1324 2026.63266253
29 544 1325 2029.22018304
28 545 1326 2029.63266253
27 546 1330 2030.34263226
26 547 1331 2030.34263226
25 548 1332 2032.22018304
26 549 1333 2032.28111599
25 550 1336 2033.34263226
24 551 1342 2035.22018304
23 552 1343 2035.63266253
24 553 1344 2036.42272432
25 554 1345 2036.63076168
24 555 1350 2038.34263226
23 556 1353 2040.22018304
22 557 1354 2041.34263226
21 558 1357 2043.63266253
20 559 1358 2043.63266253
19 560 1359 2043.63266253
18 561 1363 2048.22018304
19 562 1364 2049.09817125
18 563 1365 2049.63266253
17 564 1372 2051.22018304
16 565 1376 2053.34263226
15 566 1378 2057.63266253
16 567 1379 2057.66828798
15 568 1384 2059.22018304
14 569 1385 2060.63266253
13 570 1389 2065.22018304
12 571 1394 2068.22018304
11 572 1395 2070.34263226
10 573 1398 2073.34263226
11 574 1399 2074.75660309
10 575 1401 2076.34263226
11 576 1402 2077.44585062
10 577 1405 2077.63266253
9 578 1406 2079.22018304
10 579 1408 2081.6995445
11 580 1409 2084.11397071
12 581 1414 2087.52966234
13 582 1418 2092.17037636
12 583 1420 2093.22018304
11 584 1422 2093.34263226
12 585 1424 2094.27419945
11 586 1425 2094.63266253
12 587 1426 2095.84507588
11 588 1430 2097.63266253
12 589 1434 2103.6426066
11 590 1435 2104.22018304
12 591 1439 2105.81076218
13 592 1442 2110.93390292
12 593 1448 2113.34263226
13 594 1449 2114.1171847
12 595 1450 2115.22018304
13 596 1451 2115.59018471
14 597 1453 2115.95732917
13 598 1454 2116.34263226
14 599 1455 2117.49745259
13 600 1460 2120.63266253
14 601 1461 2122.5067393
13 602 1462 2124.22018304
12 603 1463 2124.34263226
13 604 1464 2124.8418416
12 605 1465 2127.34263226
11 606 1469 2130.22018304
12 607 1472 2135.55960155
11 608 1476 2140.63266253
12 609 1477 2141.54210106
13 610 1478 2142.76357591
14 611 1479 2142.7655353
13 612 1481 2144.34263226
12 613 1490 2159.22018304
13 614 1491 2159.23799854
14 615 1492 2159.5778555
13 616 1495 2161.34263226
14 617 1496 2161.70836346
15 618 1498 2161.78883759
14 619 1501 2163.63266253
13 620 1502 2165.22018304
14 621 1506 2169.0654589
13 622 1510 2171.63266253
12 623 1514 2173.22018304
11 624 1515 2176.22018304
10 625 1524 2178.22018304
9 626 1525 2180.63266253
8 627 1529 2184.34263226
9 628 1530 2185.79856324
8 629 1531 2187.22018304
7 630 1538 2191.63266253
6 631 1539 2193.34263226
5 632 1540 2195.34263226
4 633 1544 2201.22018304
5 634 1545 2202.23935996
6 635 1546 2204.05276282
5 636 1548 2204.22018304
4 637 1550 2205.63266253
5 638 1551 2206.53212112
6 639 1555 2210.52448201
5 640 1561 2218.34263226
4 641 1563 2222.63266253
3 642 1564 2224.22018304
2 643 1567 2227.22018304
1 644 1568 2235.34263226
2 645 1569 2244.29275703
3 646 1571 2245.78931074
4 647 1574 2249.14125941
5 648 1575 2249.16577227
6 649 1579 2252.35069792
5 650 1580 2254.16577227
4 651 1587 2259.78931074
5 652 1588 2261.94600985
4 653 1590 2264.29275703
5 654 1591 2266.82659275
4 655 1595 2268.78931074
3 656 1600 2277.16577227
2 657 1601 2278.94600985
1 658 1602 2286.82659275
2 659 1603 2287.29268056
1 660 1607 2295.29268056
2 661 1608 2295.89955842
3 662 1610 2300.72805047
4 663 1614 2307.53386999
3 664 1620 2315.89955842
2 665 1621 2320.72805047
1 666 1622 2321.53386999
2 667 1623 2325.989463
3 668 1625 2330.10868117
4 669 1629 2338.39967722
3 670 1635 2344.10868117
2 671 1636 2349.39967722
1 672 1637 2351.989463
2 673 1638 2360.00387349
3 674 1640 2364.58162134
2 675 1646 2375.58162134
1 676 1647 2377.00387349
2 677 1648 2378.88371633
1 678 1652 2392.88371633
2 679 1653 2398.9113366
3 680 1655 2399.92297865
4 681 1657 2403.5120707
5 682 1661 2406.93876541
6 683 1662 2407.38084173
7 684 1663 2408.53405893
6 685 1666 2410.92297865
7 686 1668 2414.37750039
6 687 1674 2420.5120707
5 688 1676 2421.92297865
6 689 1678 2426.74496185
5 690 1682 2427.9113366
6 691 1683 2430.51763549
7 692 1687 2432.5940404
6 693 1690 2435.92297865
5 694 1692 2437.5120707
4 695 1696 2438.92297865
3 696 1697 2442.5120707
2 697 1698 2444.9113366
3 698 1699 2445.86754955
4 699 1701 2446.3512373
3 700 1707 2451.3512373
4 701 1708 2452.05060215
5 702 1710 2452.87359809
4 703 1711 2452.92297865
5 704 1720 2461.68155065
6 705 1722 2461.92789862
5 706 1724 2463.05060215
4 707 1725 2466.92297865
5 708 1726 2471.02804644
4 709 1728 2471.86754955
5 710 1734 2478.34972054
4 711 1736 2479.02804644
3 712 1739 2483.05060215
2 713 1742 2496.68155065
3 714 1743 2496.89648772
2 715 1745 2504.34972054
3 716 1748 2513.41869551
2 717 1750 2519.89648772
3 718 1751 2521.18132052
4 719 1757 2534.36721543
3 720 1759 2539.41869551
4 721 1760 2539.86163783
5 722 1762 2540.80896295
6 723 1764 2540.93152435
5 724 1766 2541.18132052
6 725 1775 2547.9890675
5 726 1777 2548.80896295
4 727 1778 2550.86163783
5 728 1779 2550.89450329
4 729 1781 2551.36721543
3 730 1782 2554.93152435
4 731 1787 2558.86171286
3 732 1789 2561.89450329
4 733 1790 2563.95445963
3 734 1792 2567.9890675
4 735 1797 2574.95505924
3 736 1799 2577.95445963
2 737 1800 2578.86171286
1 738 1803 2588.95505924
2 739 1804 2590.56167548
3 740 1808 2598.1979291
4 741 1812 2601.62553536
3 742 1814 2604.56167548
4 743 1815 2605.44937661
5 744 1817 2606.00357955
6 745 1819 2608.18502457
5 746 1821 2609.1979291
6 747 1828 2614.86239095
7 748 1830 2615.77981519
6 749 1833 2621.62553536
5 750 1835 2622.86239095
4 751 1836 2623.00357955
5 752 1839 2625.22273626
4 753 1841 2625.44937661
5 754 1842 2626.59332385
6 755 1846 2628.69834078
5 756 1852 2631.18502457
6 757 1853 2632.08228336
5 758 1855 2633.22273626
4 759 1856 2636.69834078
5 760 1857 2637.4590553
6 761 1859 2637.51868407
5 762 1861 2638.62553536
4 763 1868 2646.08228336
3 764 1871 2651.4590553
2 765 1872 2652.59332385
3 766 1873 2654.08042539
4 767 1876 2654.66229636
5 768 1877 2654.94707484
4 769 1879 2657.51868407
5 770 1880 2658.36862635
6 771 1884 2660.99848762
7 772 1886 2663.44904256
6 773 1890 2665.94707484
7 774 1894 2667.2888575
6 775 1900 2671.08042539
7 776 1903 2675.2824208
6 777 1904 2675.2888575
5 778 1906 2675.36862635
4 779 1908 2677.08042539
5 780 1910 2681.79813813
4 781 1914 2683.44904256
3 782 1915 2683.99848762
4 783 1916 2688.43464854
5 784 1920 2689.77867981
4 785 1924 2695.2888575
3 786 1925 2696.43464854
2 787 1928 2698.79813813
3 788 1929 2703.4035409
2 789 1931 2703.77867981
3 790 1932 2707.92939777
4 791 1936 2722.99366991
3 792 1940 2726.4035409
2 793 1941 2730.92939777
3 794 1942 2731.44098071
4 795 1944 2734.91022165
3 796 1950 2742.44098071
4 797 1953 2747.98022248
3 798 1955 2748.99366991
2 799 1956 2751.91022165
3 800 1957 2753.85315841
4 801 1961 2762.01896211
3 802 1965 2764.98022248
2 803 1969 2770.85315841
1 804 1970 2779.01896211
2 805 1972 2795.06921601
1 806 1976 2809.06921601
2 807 1977 2810.0237209
3 808 1979 2813.54477996
4 809 1981 2813.60497215
5 810 1986 2816.15286325
4 811 1992 2821.0237209
3 812 1993 2821.54477996
4 813 1994 2822.04481153
5 814 1996 2827.05481192
4 815 1998 2827.54477996
5 816 1999 2828.07993899
6 817 2002 2832.35933066
5 818 2003 2833.60497215
6 819 2007 2835.81024906
7 820 2008 2839.63066672
6 821 2010 2841.05481192
7 822 2011 2841.33733295
6 823 2014 2842.04481153
7 824 2017 2844.90984509
8 825 2018 2845.10315887
9 826 2019 2845.10375367
8 827 2021 2847.60497215
9 828 2022 2849.64132651
8 829 2029 2855.05481192
7 830 2032 2859.04481153
8 831 2035 2861.82731787
7 832 2037 2862.04481153
6 833 2040 2864.60497215
5 834 2042 2867.04481153
6 835 2044 2867.57925639
5 836 2045 2869.05481192
6 837 2047 2869.30044233
7 838 2051 2875.69691339
8 839 2054 2880.38732013
9 840 2058 2883.78151126
8 841 2060 2884.04481153
9 842 2061 2884.15461447
10 843 2062 2887.03697584
9 844 2063 2887.60497215
10 845 2065 2887.85482203
9 846 2067 2889.05481192
8 847 2068 2889.05481192
9 848 2070 2890.26414019
10 849 2073 2894.38645525
9 850 2081 2904.04481153
8 851 2082 2904.60497215
7 852 2084 2907.60497215
6 853 2086 2909.05481192
7 854 2087 2910.49898835
6 855 2096 2915.04481153
5 856 2098 2917.05481192
6 857 2100 2918.32137493
5 858 2101 2924.04481153
4 859 2104 2924.60497215
5 860 2109 2926.66751296
4 861 2111 2929.04481153
3 862 2112 2931.05481192
2 863 2115 2935.04481153
1 864 2116 2937.04481153
2 865 2118 2944.11736757
3 866 2120 2945.90325826
4 867 2124 2951.27453328
3 868 2127 2956.90325826
2 869 2129 2958.11736757
3 870 2130 2962.99071957
4 871 2134 2968.14689347
3 872 2137 2973.90325826
2 873 2139 2979.99071957
3 874 2140 2981.14166268
4 875 2144 2987.3277668
5 876 2145 2988.42680107
4 877 2149 2993.90325826
5 878 2150 2996.30859132
4 879 2151 2998.14166268
3 880 2157 3007.90325826
2 881 2159 3009.14166268
3 882 2161 3010.04743833
4 883 2162 3016.09416226
5 884 2169 3027.5430268
4 885 2170 3027.90325826
3 886 2172 3030.09416226
2 887 2173 3030.90325826
3 888 2174 3032.12438465
4 889 2178 3036.17134912
5 890 2180 3037.42106951
4 891 2184 3043.12438465
3 892 2185 3044.90325826
2 893 2187 3049.12438465
3 894 2188 3054.49945636
4 895 2192 3057.7619258
3 896 2194 3061.90325826
2 897 2199 3077.49945636
1 898 2200 3087.90325826
2 899 2201 3087.91745218
3 900 2203 3091.86275081
4 901 2207 3100.06814175
3 902 2210 3101.91745218
4 903 2212 3102.08493502
3 904 2214 3105.86275081
4 905 2218 3109.8465558
5 906 2221 3110.32845707
6 907 2222 3113.78489453
7 908 2226 3121.9150709
6 909 2227 3121.91745218
5 910 2229 3122.86275081
6 911 2234 3126.62643093
5 912 2236 3128.86275081
6 913 2237 3130.7099001
7 914 2238 3131.32826462
6 915 2239 3132.8465558
5 916 2244 3138.91745218
6 917 2245 3140.43032023
5 918 2247 3142.86275081
4 919 2252 3149.8465558
3 920 2254 3152.91745218
4 921 2255 3155.53181312
5 922 2261 3160.82225368
6 923 2264 3163.36807115
7 924 2265 3163.55947197
6 925 2267 3163.8465558
7 926 2268 3166.31530452
6 927 2270 3168.86275081
5 928 2272 3169.53181312
6 929 2275 3174.95826763
5 930 2277 3177.8465558
6 931 2280 3179.58195256
5 932 2286 3186.53181312
4 933 2290 3191.86275081
5 934 2291 3193.39486417
4 935 2293 3194.8465558
5 936 2294 3196.45802496
6 937 2295 3197.47171831
5 938 2296 3197.53181312
4 939 2301 3205.86275081
5 940 2304 3209.69143777
6 941 2306 3211.76940032
5 942 2316 3217.53181312
6 943 2317 3220.48824944
5 944 2319 3220.69143777
4 945 2320 3220.8465558
3 946 2321 3223.53181312
2 947 2322 3225.98022248
3 948 2323 3226.69208521
4 949 2327 3237.3316472
5 950 2333 3246.38664683
4 951 2335 3246.48824944
3 952 2336 3246.69208521
4 953 2337 3250.35462561
5 954 2343 3252.07592479
4 955 2345 3254.3316472
3 956 2348 3263.38664683
4 957 2349 3264.13916245
3 958 2351 3264.35462561
4 959 2352 3265.33747916
5 960 2354 3270.05793189
4 961 2356 3272.07592479
5 962 2361 3279.0657839
4 963 2363 3279.33747916
3 964 2366 3281.05793189
2 965 2367 3287.13916245
3 966 2369 3287.69783327
2 967 2373 3308.0657839
3 968 2374 3308.64835307
2 969 2376 3311.0657839
1 970 2379 3325.64835307
2 971 2380 3337.03914015
3 972 2384 3338.77900095
2 973 2386 3342.03914015
3 974 2389 3349.48637078
4 975 2391 3352.09528641
5 976 2397 3361.8288783
4 977 2399 3364.77900095
5 978 2400 3366.49806543
4 979 2402 3369.48637078
3 980 2405 3372.09528641
2 981 2406 3375.8288783
1 982 2409 3380.49806543
2 983 2411 3383.77685113
3 984 2413 3384.44035895
4 985 2417 3391.56044035
3 986 2423 3401.44035895
2 987 2424 3402.56044035
3 988 2425 3402.69860089
4 989 2427 3402.9226411
3 990 2431 3403.77685113
4 991 2434 3411.30887213
3 992 2436 3413.9226411
2 993 2437 3419.69860089
3 994 2438 3421.41863571
4 995 2440 3422.53707969
3 996 2448 3434.30887213
2 997 2449 3436.53707969
1 998 2451 3438.41863571
2 999 2452 3443.32929882
3 1000 2455 3446.36984084
4 1001 2457 3447.53967878
5 1002 2461 3454.36640365
4 1003 2469 3461.53967878
3 1004 2470 3465.36640365
2 1005 2471 3466.32929882
1 1006 2472 3466.36984084
2 1007 2473 3469.56387452
3 1008 2475 3476.44131966
2 1009 2481 3480.56387452
3 1010 2482 3483.51775005
4 1011 2486 3496.34206533
3 1012 2488 3496.44131966
2 1013 2489 3497.51775005
3 1014 2490 3499.11430447
2 1015 2496 3507.11430447
1 1016 2497 3510.34206533
2 1017 2498 3522.30116196
3 1018 2500 3523.33371363
4 1019 2502 3527.28463388
5 1020 2504 3532.32789209
4 1021 2510 3537.33371363
5 1022 2511 3537.54073848
4 1023 2513 3539.30116196
5 1024 2514 3541.30428671
6 1025 2516 3542.98844121
7 1026 2523 3548.60438013
8 1027 2524 3549.83613836
7 1028 2526 3550.28463388
8 1029 2529 3554.22629487
7 1030 2531 3555.30428671
6 1031 2533 3555.32789209
5 1032 2536 3560.54073848
4 1033 2544 3568.54073848
5 1034 2545 3569.35621949
6 1035 2547 3569.47554539
5 1036 2548 3570.28463388
4 1037 2552 3575.30428671
5 1038 2553 3577.11324606
4 1039 2555 3578.32789209
3 1040 2556 3581.28463388
4 1041 2560 3582.63747395
3 1042 2565 3588.11324606
2 1043 2566 3592.35621949
1 1044 2569 3596.63747395
2 1045 2570 3611.49065276
3 1046 2572 3615.11925431
4 1047 2574 3616.91859993
5 1048 2578 3620.12053711
6 1049 2579 3622.10158777
7 1050 2580 3623.22076793
8 1051 2584 3628.10770826
7 1052 2589 3628.49065276
8 1053 2590 3635.07474214
7 1054 2592 3638.11925431
6 1055 2595 3639.91859993
5 1056 2597 3641.11925431
6 1057 2598 3641.74524508
5 1058 2602 3645.49065276
6 1059 2607 3651.57765797
7 1060 2608 3652.01772606
6 1061 2610 3655.11925431
7 1062 2611 3655.91962921
8 1063 2612 3656.60906527
7 1064 2613 3656.91859993
6 1065 2619 3659.49065276
7 1066 2620 3660.60731564
8 1067 2624 3661.5518934
9 1068 2625 3661.78239677
10 1069 2626 3665.05190401
9 1070 2630 3667.91859993
8 1071 2632 3669.11925431
7 1072 2633 3670.91859993
6 1073 2635 3676.49065276
7 1074 2636 3677.00042695
8 1075 2640 3678.58436951
7 1076 2644 3683.11925431
8 1077 2647 3684.53481895
9 1078 2648 3685.76634189
8 1079 2650 3689.11925431
7 1080 2654 3693.49065276
6 1081 2656 3693.91859993
5 1082 2658 3697.11925431
4 1083 2663 3710.49065276
3 1084 2665 3710.91859993
4 1085 2670 3716.3363512
3 1086 2674 3718.49065276
4 1087 2675 3723.11068941
3 1088 2677 3723.11925431
2 1089 2678 3724.3363512
3 1090 2679 3725.24199466
4 1091 2681 3729.45897066
5 1092 2683 3732.36450741
4 1093 2690 3743.11068941
5 1094 2692 3745.52112321
6 1095 2693 3747.67034259
5 1096 2695 3748.24199466
6 1097 2696 3748.50255831
7 1098 2697 3749.76597678
8 1099 2700 3753.27129212
7 1100 2701 3755.45897066
8 1101 2703 3759.95943842
7 1102 2704 3760.11068941
8 1103 2706 3760.67741664
7 1104 2713 3768.24199466
6 1105 2715 3772.45897066
7 1106 2721 3776.74362416
6 1107 2723 3777.11068941
7 1108 2724 3777.92310816
6 1109 2725 3779.24199466
5 1110 2729 3785.24199466
4 1111 2735 3793.24199466
3 1112 2736 3795.45897066
4 1113 2739 3797.3537769
5 1114 2741 3799.90860477
6 1115 2742 3804.22936365
5 1116 2744 3804.24199466
6 1117 2747 3804.37294804
5 1118 2749 3806.11068941
6 1119 2751 3807.26422291
7 1120 2752 3814.24855916
6 1121 2754 3814.3537769
5 1122 2760 3826.11068941
4 1123 2762 3829.11068941
3 1124 2763 3830.24199466
4 1125 2766 3834.87123309
5 1126 2768 3835.04012429
6 1127 2770 3838.13188389
7 1128 2774 3842.25568465
6 1129 2775 3846.11068941
5 1130 2776 3846.11068941
4 1131 2779 3846.3537769
3 1132 2786 3857.3537769
2 1133 2787 3857.87123309
3 1134 2788 3859.50949635
2 1135 2790 3860.11068941
3 1136 2793 3862.22532057
4 1137 2795 3862.28414412
3 1138 2801 3870.50949635
2 1139 2803 3876.22532057
1 1140 2804 3876.28414412
2 1141 2805 3878.67984872
3 1142 2809 3883.07189345
4 1143 2811 3886.00889661
3 1144 2815 3892.67984872
2 1145 2818 3900.07189345
3 1146 2819 3901.3771133
2 1147 2821 3903.00889661
3 1148 2822 3904.89265604
4 1149 2828 3916.53839143
3 1150 2830 3918.3771133
2 1151 2833 3921.89265604
3 1152 2834 3923.08573927
2 1153 2836 3927.53839143
3 1154 2837 3928.6082096
4 1155 2839 3928.9745501
5 1156 2843 3931.32663843
4 1157 2847 3934.08573927
3 1158 2852 3939.9745501
2 1159 2853 3942.6082096
3 1160 2854 3943.23053093
4 1161 2856 3945.92452003
3 1162 2858 3948.32663843
4 1163 2859 3949.68075868
5 1164 2865 3959.26573538
4 1165 2869 3960.23053093
5 1166 2871 3961.86425782
6 1167 2872 3962.49474026
7 1168 2874 3966.33000313
8 1169 2875 3968.31926129
7 1170 2877 3971.92452003
8 1171 2881 3972.48352845
7 1172 2884 3975.68075868
6 1173 2886 3976.49474026
7 1174 2888 3978.82880736
6 1175 2891 3982.26573538
5 1176 2895 3985.26573538
4 1177 2896 3988.92452003
5 1178 2899 3993.21338358
4 1179 2901 3993.26573538
5 1180 2904 3995.35692134
4 1181 2906 3999.49474026
5 1182 2909 4005.23581123
4 1183 2913 4009.35692134
3 1184 2914 4010.21338358
2 1185 2915 4013.68075868
3 1186 2918 4017.66485689
2 1187 2920 4022.23581123
3 1188 2924 4025.9479255
4 1189 2926 4027.33893601
3 1190 2929 4028.66485689
2 1191 2933 4033.9479255
1 1192 2936 4047.33893601
2 1193 2937 4048.80809617
3 1194 2941 4063.29035094
2 1195 2943 4068.80809617
3 1196 2946 4071.24765414
2 1197 2948 4077.29035094
1 1198 2951 4088.24765414
2 1199 2952 4092.86374702
3 1200 2956 4100.5184651
4 1201 2958 4101.99148381
5 1202 2960 4102.6304398
6 1203 2966 4112.49434992
5 1204 2969 4112.86374702
6 1205 2971 4114.26744623
5 1206 2972 4114.5184651
4 1207 2976 4115.99148381
3 1208 2977 4119.5184651
2 1209 2980 4125.6304398
1 1210 2981 4129.86374702
2 1211 2983 4133.43217361
3 1212 2986 4147.40101633
2 1213 2988 4150.43217361
3 1214 2989 4152.98223689
4 1215 2991 4156.45201503
5 1216 2999 4163.69416058
4 1217 3001 4163.98223689
3 1218 3002 4164.40101633
2 1219 3005 4170.45201503
3 1220 3006 4170.74443318
2 1221 3008 4177.69416058
1 1222 3011 4184.74443318
2 1223 3012 4200.15592033
3 1224 3014 4205.27008115
2 1225 3020 4213.27008115
1 1226 3021 4217.15592033
2 1227 3022 4219.77689084
3 1228 3026 4229.76522278
4 1229 3028 4231.05401108
5 1230 3030 4231.12839689
6 1231 3032 4236.71095864
5 1232 3036 4239.77689084
4 1233 3043 4248.12839689
3 1234 3044 4249.76522278
4 1235 3045 4250.21201338
3 1236 3047 4253.77689084
4 1237 3048 4254.45934463
3 1238 3054 4262.45934463
2 1239 3055 4263.05401108
1 1240 3056 4264.21201338
2 1241 3057 4266.71218688
3 1242 3059 4273.6414969
4 1243 3061 4274.22713092
5 1244 3069 4282.1528805
4 1245 3071 4287.6414969
3 1246 3072 4288.22713092
4 1247 3075 4291.91333031
3 1248 3077 4292.71218688
4 1249 3078 4293.6671275
3 1250 3080 4296.1528805
4 1251 3085 4302.53758781
3 1252 3087 4308.91333031
2 1253 3090 4313.6671275
1 1254 3091 4319.53758781
2 1255 3092 4323.07388697
3 1256 3096 4350.14122059
4 1257 3098 4351.71940416
3 1258 3100 4352.07388697
4 1259 3101 4353.03916479
3 1260 3107 4362.71940416
2 1261 3110 4367.14122059
1 1262 3111 4373.03916479
2 1263 3112 4374.93732966
3 1264 3114 4376.36679802
4 1265 3116 4377.22521018
5 1266 3119 4377.90638985
6 1267 3124 4387.24489922
5 1268 3126 4388.93732966
4 1269 3127 4391.22521018
5 1270 3131 4395.30026886
6 1271 3135 4399.04376675
5 1272 3139 4402.36679802
6 1273 3140 4403.67470477
5 1274 3141 4404.24489922
4 1275 3143 4405.36679802
3 1276 3147 4410.04376675
2 1277 3148 4412.30026886
1 1278 3152 4433.24489922
2 1279 3153 4436.6922032
3 1280 3155 4439.07388753
2 1281 3161 4450.6922032
1 1282 3164 4459.07388753
2 1283 3165 4464.50106705
3 1284 3167 4465.73435168
4 1285 3171 4473.08722443
5 1286 3174 4473.91319024
4 1287 3175 4475.50106705
5 1288 3176 4476.48493404
6 1289 3179 4480.12668501
7 1290 3188 4483.64477268
6 1291 3189 4487.48493404
5 1292 3191 4488.73435168
6 1293 3193 4489.80081389
7 1294 3194 4490.729595
6 1295 3196 4493.08722443
5 1296 3200 4494.73435168
6 1297 3201 4496.50717496
5 1298 3202 4497.73435168
6 1299 3203 4500.31905602
7 1300 3204 4501.0959749
6 1301 3206 4501.48493404
7 1302 3207 4502.22392555
8 1303 3210 4503.09543137
7 1304 3214 4513.08722443
6 1305 3215 4518.48493404
5 1306 3221 4524.08722443
6 1307 3223 4525.4086044
7 1308 3226 4531.89779787
6 1309 3228 4532.48493404
7 1310 3229 4535.53825413
8 1311 3236 4540.48894075
9 1312 3237 4543.7862231
8 1313 3238 4544.08722443
7 1314 3240 4547.08722443
6 1315 3241 4547.08722443
7 1316 3242 4548.61523483
6 1317 3244 4549.48493404
7 1318 3245 4550.74197227
8 1319 3247 4551.65932644
9 1320 3252 4557.83980492
10 1321 3256 4563.0947317
9 1322 3258 4564.08722443
8 1323 3259 4566.48493404
7 1324 3260 4570.08722443
6 1325 3262 4572.48493404
7 1326 3263 4572.70684347
8 1327 3268 4578.3350238
9 1328 3269 4582.17828485
8 1329 3271 4583.48493404
7 1330 3272 4584.08722443
8 1331 3274 4587.81783154
9 1332 3279 4596.71423052
10 1333 3280 4598.49293678
9 1334 3282 4604.08722443
8 1335 3285 4606.48493404
9 1336 3286 4607.48468091
10 1337 3289 4608.80056333
9 1338 3295 4615.08722443
8 1339 3296 4620.48493404
7 1340 3298 4626.48493404
8 1341 3304 4632.39928719
9 1342 3305 4638.78313582
8 1343 3307 4641.08722443
9 1344 3308 4641.20919883
8 1345 3310 4643.48493404
7 1346 3311 4644.08722443
8 1347 3314 4650.24012893
7 1348 3315 4652.08722443
8 1349 3323 4660.68326803
9 1350 3329 4666.32436032
8 1351 3330 4666.35176807
7 1352 3331 4669.08722443
6 1353 3333 4669.48493404
7 1354 3336 4669.81053171
8 1355 3337 4670.7508859
7 1356 3339 4672.35176807
6 1357 3346 4677.48493404
5 1358 3349 4680.48493404
6 1359 3350 4682.59315701
7 1360 3351 4682.98338295
6 1361 3353 4683.35176807
5 1362 3357 4688.48493404
4 1363 3358 4689.08722443
3 1364 3366 4697.35176807
2 1365 3367 4700.08722443
3 1366 3368 4700.22346196
4 1367 3372 4708.46400855
5 1368 3375 4709.21615158
4 1369 3376 4711.22346196
3 1370 3377 4711.48493404
4 1371 3381 4717.43600694
3 1372 3385 4722.46400855
2 1373 3386 4722.46400855
1 1374 3387 4731.43600694
2 1375 3388 4733.60847026
3 1376 3390 4735.10688556
4 1377 3392 4736.02580292
5 1378 3394 4736.17182126
6 1379 3395 4738.81054069
7 1380 3396 4741.2319402
8 1381 3401 4747.25130334
7 1382 3404 4749.10688556
6 1383 3411 4756.02580292
5 1384 3412 4757.10688556
4 1385 3414 4759.60847026
3 1386 3415 4760.10688556
4 1387 3418 4764.76516417
5 1388 3420 4765.10745275
6 1389 3421 4765.58925983
7 1390 3423 4766.94470664
8 1391 3426 4769.14766027
9 1392 3430 4774.19311808
10 1393 3431 4775.20017684
9 1394 3432 4775.76516417
8 1395 3434 4777.10688556
9 1396 3436 4780.19349336
8 1397 3440 4782.02580292
9 1398 3442 4782.61754308
10 1399 3443 4784.31295951
9 1400 3444 4785.02580292
8 1401 3447 4788.10688556
9 1402 3452 4789.23929802
8 1403 3454 4789.76516417
9 1404 3455 4790.43059176
8 1405 3458 4796.02580292
7 1406 3459 4797.76516417
6 1407 3465 4799.02580292
7 1408 3466 4800.16031284
8 1409 3467 4801.91023049
9 1410 3468 4803.75928705
10 1411 3472 4806.72893914
9 1412 3473 4811.76516417
10 1413 3474 4812.93339893
9 1414 3476 4814.10688556
10 1415 3479 4816.53431411
9 1416 3481 4820.76516417
8 1417 3484 4825.02580292
9 1418 3486 4825.64206822
10 1419 3489 4831.26245684
9 1420 3492 4834.10688556
8 1421 3499 4840.76516417
7 1422 3501 4842.10688556
6 1423 3502 4845.02580292
5 1424 3506 4851.10688556
4 1425 3511 4862.02580292
3 1426 3513 4862.10688556
4 1427 3514 4865.33615535
5 1428 3516 4865.66950058
4 1429 3517 4869.76516417
5 1430 3523 4874.64412901
4 1431 3526 4882.33615535
5 1432 3530 4883.59536304
4 1433 3532 4885.02580292
5 1434 3533 4888.85191484
4 1435 3538 4892.76516417
3 1436 3540 4893.33615535
4 1437 3542 4895.37290335
5 1438 3544 4901.97479188
4 1439 3545 4902.02580292
3 1440 3551 4906.76516417
2 1441 3552 4909.76516417
3 1442 3555 4914.423821
2 1443 3557 4919.02580292
3 1444 3559 4919.62644113
4 1445 3562 4926.44082128
3 1446 3567 4934.423821
4 1447 3568 4934.67908526
5 1448 3571 4938.47052586
6 1449 3572 4938.72295629
7 1450 3573 4942.64756213
6 1451 3575 4948.423821
5 1452 3579 4953.423821
6 1453 3580 4955.56152113
7 1454 3581 4957.77753608
8 1455 3582 4958.40589045
9 1456 3585 4964.1580844
10 1457 3586 4968.77666621
11 1458 3587 4972.78422976
10 1459 3589 4976.423821
9 1460 3595 4993.423821
10 1461 3600 5001.24419473
9 1462 3602 5004.423821
8 1463 3603 5004.423821
7 1464 3604 5004.423821
8 1465 3605 5009.83155864
7 1466 3609 5027.423821
8 1467 3610 5029.41644244
9 1468 3611 5032.38098646
10 1469 3612 5035.52909699
11 1470 3614 5036.95965466
12 1471 3618 5039.61892169
13 1472 3619 5039.71636848
12 1473 3622 5041.423821
11 1474 3628 5046.423821
12 1475 3629 5047.28687813
11 1476 3630 5047.423821
12 1477 3634 5050.5189984
13 1478 3635 5051.22272076
12 1479 3636 5054.423821
11 1480 3637 5055.423821
10 1481 3640 5057.423821
11 1482 3641 5060.45564034
12 1483 3642 5064.53853445
13 1484 3643 5066.96574022
12 1485 3653 5074.423821
13 1486 3654 5075.88431384
12 1487 3655 5077.423821
11 1488 3661 5079.423821
10 1489 3664 5088.423821
9 1490 3667 5094.423821
10 1491 3668 5096.29875332
9 1492 3671 5096.33200827
8 1493 3672 5096.423821
9 1494 3675 5102.30870832
10 1495 3676 5104.79056969
9 1496 3685 5110.33200827
8 1497 3686 5110.33200827
9 1498 3687 5115.0885922
10 1499 3688 5116.07862439
9 1500 3692 5122.423821
8 1501 3694 5124.33200827
9 1502 3695 5124.80280659
8 1503 3697 5125.423821
9 1504 3700 5126.67277471
8 1505 3701 5127.33200827
9 1506 3702 5127.39158063
8 1507 3708 5136.423821
9 1508 3710 5137.36366218
8 1509 3712 5138.33200827
7 1510 3717 5143.33200827
6 1511 3722 5150.0934287
5 1512 3727 5155.0934287
4 1513 3729 5159.423821
3 1514 3731 5160.33200827
4 1515 3732 5165.07441653
5 1516 3734 5167.40844632
4 1517 3739 5172.0934287
3 1518 3745 5179.07441653
2 1519 3746 5182.423821
3 1520 3747 5182.78096943
2 1521 3749 5183.0934287
3 1522 3750 5187.39517345
2 1523 3756 5198.39517345
1 1524 3757 5205.78096943
2 1525 3758 5205.87253967
3 1526 3762 5223.62620784
2 1527 3764 5225.87253967
3 1528 3765 5226.299422
4 1529 3767 5231.14475911
5 1530 3771 5232.3647117
4 1531 3774 5242.14475911
5 1532 3778 5243.77020668
4 1533 3782 5252.299422
5 1534 3783 5252.55724441
4 1535 3784 5252.62620784
3 1536 3786 5253.14475911
2 1537 3789 5263.299422
3 1538 3792 5269.75452021
4 1539 3794 5274.25924788
3 1540 3798 5281.62620784
2 1541 3799 5282.25924788
3 1542 3802 5288.39181249
4 1543 3804 5288.41955954
5 1544 3806 5292.54487086
4 1545 3807 5295.75452021
3 1546 3815 5311.39181249
2 1547 3816 5314.41955954
3 1548 3817 5316.32328462
2 1549 3819 5318.75452021
3 1550 3822 5325.61602946
4 1551 3824 5326.44692495
5 1552 3826 5328.34425772
4 1553 3828 5330.32328462
3 1554 3833 5343.44692495
4 1555 3836 5345.51462958
5 1556 3838 5346.19876282
6 1557 3841 5350.12219823
7 1558 3842 5351.7861475
8 1559 3843 5352.40632772
7 1560 3848 5354.61602946
6 1561 3849 5362.51462958
5 1562 3854 5365.32328462
6 1563 3856 5367.5425241
5 1564 3857 5371.61602946
4 1565 3861 5374.61602946
5 1566 3862 5374.80146743
4 1567 3865 5376.51462958
3 1568 3873 5382.32328462
2 1569 3874 5385.61602946
1 1570 3876 5387.51462958
2 1571 3877 5392.56992798
1 1572 3882 5409.56992798
2 1573 3883 5412.4130919
3 1574 3885 5417.46360638
4 1575 3887 5418.25083812
5 1576 3888 5419.53720914
6 1577 3889 5419.58739931
7 1578 3892 5423.37741379
8 1579 3893 5423.41294372
7 1580 3897 5428.46360638
6 1581 3899 5435.4130919
7 1582 3902 5438.27551696
6 1583 3905 5442.46360638
7 1584 3907 5442.79832433
8 1585 3908 5442.80246294
9 1586 3909 5445.98938002
8 1587 3911 5446.4130919
7 1588 3917 5456.46360638
8 1589 3918 5459.4679892
7 1590 3922 5466.4130919
6 1591 3926 5473.46360638
7 1592 3929 5479.66749238
6 1593 3934 5484.46360638
7 1594 3935 5485.22914662
8 1595 3936 5485.46944971
9 1596 3937 5486.32678701
8 1597 3939 5486.4130919
7 1598 3942 5487.46360638
6 1599 3943 5487.46360638
7 1600 3947 5494.96246391
8 1601 3948 5499.1462893
7 1602 3949 5501.46360638
6 1603 3952 5507.46360638
5 1604 3956 5509.4130919
6 1605 3958 5516.58112602
7 1606 3961 5520.52875838
6 1607 3962 5521.46360638
5 1608 3966 5523.4130919
4 1609 3973 5537.4130919
3 1610 3974 5538.46360638
4 1611 3975 5541.22513918
3 1612 3977 5541.46360638
4 1613 3982 5545.77277551
3 1614 3986 5551.4130919
4 1615 3988 5552.85622409
3 1616 3992 5561.46360638
2 1617 3993 5563.40628364
1 1618 3996 5569.40628364
2 1619 3997 5576.82538052
3 1620 3999 5579.34897288
2 1621 4003 5590.82538052
3 1622 4004 5591.51437456
4 1623 4007 5592.88313892
5 1624 4011 5598.1098121
4 1625 4015 5599.34897288
5 1626 4016 5600.93673345
4 1627 4018 5602.34897288
5 1628 4019 5603.23752351
4 1629 4025 5611.51437456
3 1630 4026 5612.1098121
2 1631 4027 5614.93673345
3 1632 4030 5618.54996266
4 1633 4032 5620.33200745
5 1634 4034 5621.49349851
6 1635 4036 5621.7974278
7 1636 4039 5624.94648156
6 1637 4041 5626.23752351
5 1638 4044 5631.33200745
6 1639 4046 5632.3983319
5 1640 4048 5632.54996266
6 1641 4051 5635.44880587
5 1642 4058 5641.49349851
4 1643 4060 5648.33200745
3 1644 4061 5649.54996266
2 1645 4064 5655.23752351
3 1646 4065 5659.9396695
2 1647 4067 5661.49349851
3 1648 4068 5664.57200094
4 1649 4074 5673.6939799
3 1650 4076 5675.57200094
2 1651 4077 5676.9396695
3 1652 4078 5682.27931562
4 1653 4084 5687.39282844
3 1654 4086 5687.6939799
4 1655 4087 5688.30695909
3 1656 4091 5693.27931562
4 1657 4092 5693.64556818
3 1658 4096 5701.39282844
2 1659 4099 5705.30695909
1 1660 4100 5710.64556818
2 1661 4101 5719.49834896
3 1662 4105 5723.17775628
4 1663 4107 5723.93568621
3 1664 4109 5730.49834896
4 1665 4112 5731.49056874
3 1666 4114 5734.93568621
4 1667 4117 5739.6436029
5 1668 4121 5744.49498856
4 1669 4123 5746.17775628
5 1670 4126 5749.48384084
4 1671 4130 5751.49056874
3 1672 4131 5753.6436029
2 1673 4134 5757.48384084
1 1674 4135 5764.49498856
2 1675 4136 5778.52811827
3 1676 4140 5788.96811989
2 1677 4142 5789.52811827
3 1678 4145 5805.30579075
2 1679 4147 5805.96811989
3 1680 4148 5817.07717571
4 1681 4154 5822.15467862
3 1682 4158 5828.30579075
2 1683 4159 5830.15467862
1 1684 4160 5831.07717571
2 1685 4161 5837.90946108
3 1686 4163 5842.15155637
4 1687 4169 5855.75927353
3 1688 4172 5865.15155637
2 1689 4175 5866.90946108
3 1690 4176 5868.73417148
2 1691 4178 5869.75927353
3 1692 4179 5872.44718291
4 1693 4185 5879.68264903
3 1694 4187 5879.73417148
2 1695 4188 5880.44718291
1 1696 4191 5899.68264903
2 1697 4192 5901.80380814
3 1698 4194 5902.78482722
4 1699 4196 5904.37488781
5 1700 4202 5912.41808252
4 1701 4204 5912.80380814
5 1702 4206 5914.27499784
6 1703 4209 5916.74782992
7 1704 4211 5917.72698563
8 1705 4212 5919.00020447
7 1706 4215 5922.78482722
6 1707 4220 5925.27499784
5 1708 4223 5927.37488781
6 1709 4224 5928.33646122
7 1710 4229 5930.6989738
8 1711 4231 5932.39906693
7 1712 4232 5932.41808252
6 1713 4234 5933.74782992
5 1714 4237 5936.78482722
6 1715 4242 5938.99167224
5 1716 4244 5939.78482722
6 1717 4246 5940.03984719
7 1718 4247 5940.04001964
8 1719 4252 5943.83678553
7 1720 4253 5946.99167224
6 1721 4257 5947.6989738
5 1722 4258 5949.99167224
6 1723 4259 5950.31434328
5 1724 4261 5951.33646122
4 1725 4262 5952.41808252
5 1726 4263 5952.98334811
6 1727 4267 5956.7189586
5 1728 4271 5957.04001964
6 1729 4272 5958.01825936
5 1730 4276 5960.98334811
4 1731 4277 5960.99167224
5 1732 4280 5967.30817646
6 1733 4284 5970.13405093
5 1734 4286 5970.31434328
4 1735 4287 5972.01825936
5 1736 4291 5975.76314831
4 1737 4292 5976.7189586
5 1738 4296 5979.52389574
6 1739 4298 5981.14688684
5 1740 4300 5981.30817646
4 1741 4301 5984.13405093
5 1742 4304 5989.07713154
4 1743 4306 5990.13405093
5 1744 4307 5990.74654596
6 1745 4315 6000.84691572
5 1746 4317 6004.14688684
4 1747 4318 6004.74654596
3 1748 4319 6008.52389574
2 1749 4320 6009.07713154
3 1750 4323 6019.56817411
4 1751 4325 6019.83063176
3 1752 4329 6023.84691572
4 1753 4330 6026.83552798
5 1754 4332 6027.62425505
6 1755 4336 6032.39747577
5 1756 4338 6036.56817411
4 1757 4345 6043.83552798
3 1758 4346 6045.83063176
2 1759 4347 6047.62425505
3 1760 4348 6049.04740843
2 1761 4350 6049.39747577
3 1762 4351 6055.85232902
4 1763 4353 6056.70692607
3 1764 4357 6063.85232902
4 1765 4358 6064.23525862
5 1766 4361 6064.90373851
4 1767 4370 6078.04740843
3 1768 4371 6078.23525862
2 1769 4372 6078.90373851
1 1770 4373 6079.70692607
2 1771 4374 6084.56071495
3 1772 4376 6084.75585946
4 1773 4378 6088.89986241
5 1774 4380 6090.98434527
6 1775 4388 6099.43523556
5 1776 4390 6099.89986241
4 1777 4393 6101.75585946
3 1778 4394 6107.98434527
2 1779 4397 6110.56071495
3 1780 4398 6119.30217165
2 1781 4400 6122.43523556
3 1782 4401 6125.59237494
4 1783 4403 6126.10447219
3 1784 4407 6133.30217165
4 1785 4408 6134.98823982
3 1786 4414 6143.10447219
4 1787 4417 6146.73431427
3 1788 4419 6151.59237494
4 1789 4422 6152.137091
5 1790 4423 6153.54965457
4 1791 4427 6157.98823982
3 1792 4431 6160.73431427
4 1793 4433 6164.98745276
3 1794 4437 6167.54965457
4 1795 4438 6169.16823242
3 1796 4440 6169.73431427
4 1797 4445 6181.16768224
3 1798 4447 6186.16823242
4 1799 4448 6187.3143385
3 1800 4450 6187.98745276
4 1801 4453 6196.07907669
3 1802 4455 6198.16768224
2 1803 4460 6207.07907669
3 1804 4461 6207.84804401
4 1805 4465 6212.28784699
5 1806 4467 6214.98097873
4 1807 4468 6215.84804401
3 1808 4470 6216.3143385
2 1809 4475 6226.28784699
1 1810 4476 6232.84804401
2 1811 4477 6246.12512858
3 1812 4479 6246.38260952
4 1813 4483 6253.2182642
3 1814 4489 6263.12512858
2 1815 4490 6272.38260952
1 1816 4491 6273.2182642
2 1817 4492 6278.61243057
3 1818 4494 6281.01964218
2 1819 4498 6289.61243057
3 1820 4499 6290.886979
4 1821 4503 6292.41592749
5 1822 4505 6294.18757105
6 1823 4506 6295.24168928
5 1824 4512 6298.01964218
6 1825 4513 6304.37219526
5 1826 4515 6304.886979
6 1827 4518 6305.8730461
7 1828 4519 6305.95709445
8 1829 4520 6310.86068512
7 1830 4523 6312.41592749
8 1831 4526 6320.47360909
9 1832 4527 6320.84259115
8 1833 4529 6321.01964218
7 1834 4536 6324.886979
8 1835 4537 6326.47557145
7 1836 4541 6329.01964218
6 1837 4542 6332.41592749
5 1838 4543 6332.886979
6 1839 4545 6333.18505424
5 1840 4546 6335.41592749
6 1841 4552 6343.80369075
5 1842 4555 6352.41592749
4 1843 4558 6352.886979
3 1844 4559 6355.01964218
2 1845 4564 6369.886979
1 1846 4565 6372.41592749
2 1847 4566 6387.29831758
3 1848 4568 6392.24386335
4 1849 4570 6393.96713239
5 1850 4574 6401.11873533
6 1851 4575 6401.58543314
5 1852 4580 6410.96713239
4 1853 4583 6413.29831758
3 1854 4584 6415.24386335
4 1855 4585 6415.33226511
5 1856 4587 6416.5809284
6 1857 4590 6425.13742775
5 1858 4596 6427.96713239
6 1859 4597 6428.63162138
7 1860 4598 6429.21916098
8 1861 4599 6429.72768117
7 1862 4601 6430.29831758
8 1863 4604 6433.37076189
9 1864 4605 6436.20861401
10 1865 4606 6438.20287141
9 1866 4609 6438.33226511
8 1867 4614 6444.96713239
7 1868 4617 6446.33226511
8 1869 4619 6448.302858
7 1870 4623 6450.29831758
6 1871 4624 6455.33226511
5 1872 4626 6455.96713239
6 1873 4629 6456.97607463
7 1874 4630 6459.78154062
6 1875 4632 6460.33226511
5 1876 4640 6470.29831758
4 1877 4642 6471.33226511
3 1878 4643 6472.96713239
4 1879 4646 6478.5567723
5 1880 4650 6480.81491763
4 1881 4652 6485.33226511
5 1882 4655 6490.76313403
6 1883 4658 6494.71732072
7 1884 4659 6495.21306212
6 1885 4661 6495.5567723
5 1886 4662 6496.29831758
4 1887 4667 6502.33226511
5 1888 4668 6502.81214882
4 1889 4673 6506.5567723
5 1890 4674 6507.34936471
4 1891 4678 6510.29831758
5 1892 4679 6510.5834059
6 1893 4680 6511.09709046
5 1894 4682 6513.29831758
6 1895 4685 6514.77921001
7 1896 4686 6515.01654715
6 1897 4690 6519.81214882
5 1898 4692 6524.29831758
4 1899 4694 6524.34936471
3 1900 4699 6530.81214882
4 1901 4700 6533.9266899
3 1902 4704 6538.29831758
4 1903 4705 6540.29951731
5 1904 4709 6547.01358299
6 1905 4710 6547.12723424
5 1906 4713 6547.34936471
4 1907 4716 6554.29951731
5 1908 4720 6554.98752444
4 1909 4722 6555.34936471
5 1910 4723 6556.58521404
4 1911 4725 6556.9266899
3 1912 4726 6558.34936471
4 1913 4731 6566.8762232
5 1914 4733 6569.78840561
4 1915 4735 6571.98752444
3 1916 4736 6576.58521404
4 1917 4739 6576.99842521
5 1918 4741 6578.8628203
6 1919 4744 6583.80812686
5 1920 4745 6583.8762232
4 1921 4752 6591.8762232
3 1922 4753 6591.98752444
2 1923 4754 6593.99842521
3 1924 4758 6602.65189962
2 1925 4760 6605.8762232
3 1926 4761 6609.97171844
4 1927 4766 6613.13815292
3 1928 4772 6627.13815292
4 1929 4773 6627.65867808
3 1930 4775 6628.65189962
2 1931 4778 6632.97171844
3 1932 4781 6636.14017493
2 1933 4783 6638.65867808
3 1934 4784 6643.13607614
4 1935 4786 6644.41810414
5 1936 4788 6644.50726559
6 1937 4792 6645.84113237
5 1938 4796 6649.50726559
4 1939 4803 6657.13607614
3 1940 4804 6660.50726559
2 1941 4805 6661.41810414
1 1942 4806 6662.14017493
2 1943 4807 6676.76310769
3 1944 4809 6683.08299274
4 1945 4813 6684.00055957
5 1946 4816 6684.46971625
4 1947 4817 6687.76310769
5 1948 4820 6691.0153254
4 1949 4822 6692.00055957
3 1950 4826 6703.08299274
4 1951 4829 6707.91511021
3 1952 4831 6709.08299274
2 1953 4832 6714.0153254
3 1954 4835 6723.17974216
2 1955 4837 6724.91511021
1 1956 4840 6737.17974216
2 1957 4841 6754.06223489
3 1958 4843 6760.67377831
4 1959 4849 6774.81039353
5 1960 4851 6776.61809807
4 1961 4853 6777.06223489
5 1962 4854 6780.03915844
4 1963 4858 6780.67377831
5 1964 4861 6785.93617376
4 1965 4865 6790.61809807
3 1966 4867 6794.03915844
2 1967 4868 6794.81039353
3 1968 4871 6796.71750618
4 1969 4874 6803.67206775
3 1970 4876 6808.93617376
4 1971 4877 6809.17413087
5 1972 4881 6814.80037118
6 1973 4884 6817.53704714
5 1974 4887 6820.67206775
4 1975 4890 6825.71750618
5 1976 4891 6829.40219815
4 1977 4898 6837.67206775
3 1978 4899 6838.17413087
2 1979 4900 6840.67206775
3 1980 4901 6841.69995692
2 1981 4903 6843.40219815
3 1982 4904 6849.34134836
4 1983 4908 6854.28494709
3 1984 4912 6861.69995692
2 1985 4915 6865.28494709
3 1986 4916 6869.18473885
4 1987 4918 6875.66901083
3 1988 4920 6878.34134836
4 1989 4923 6884.45693451
3 1990 4925 6886.18473885
4 1991 4929 6889.40156588
5 1992 4930 6890.33681042
4 1993 4935 6895.45693451
3 1994 4936 6895.66901083
4 1995 4939 6898.09420429
3 1996 4941 6901.33681042
2 1997 4942 6901.45693451
3 1998 4945 6907.09965451
2 1999 4948 6909.09420429
1 2000 4953 6916.21545816
0 2001 4954 6921.09965451
0 2002 4956 7231.61809807
