#data counter step time
0 1 0 0.0
1 2 1 0.0
2 3 12 2.10271672809
3 4 14 3.44398313889
4 5 17 4.88010916896
5 6 18 11.1144533379
6 7 20 11.4217185105
7 8 24 14.5172617824
6 9 26 17.4439831389
7 10 31 18.4135340551
8 11 32 19.9472375294
7 12 40 25.1027167281
6 13 44 27.9472375294
5 14 45 28.1027167281
6 15 46 28.5522331842
7 16 48 30.1033416749
6 17 50 31.4217185105
5 18 51 31.5172617824
6 19 52 33.5900388654
5 20 54 34.1144533379
4 21 59 42.5522331842
3 22 60 43.1144533379
2 23 63 47.1033416749
3 24 64 50.0921154014
4 25 66 53.4151797252
3 26 68 56.5900388654
2 27 73 67.0921154014
1 28 74 67.4151797252
2 29 75 77.9821007062
3 30 77 81.4451563056
4 31 83 87.7308218279
3 32 85 91.9821007062
2 33 86 92.4451563056
3 34 87 94.2202066774
4 35 93 100.383758914
3 36 95 101.730821828
2 37 96 102.220206677
3 38 97 107.281840467
4 39 101 108.528764331
5 40 103 109.22897835
4 41 105 114.383758914
5 42 110 120.816942536
6 43 112 121.024686285
7 44 116 121.961113688
8 45 117 124.035168561
7 46 119 124.281840467
8 47 124 129.197288096
7 48 125 129.22897835
6 49 128 131.528764331
5 50 129 131.816942536
4 51 134 138.024686285
5 52 135 138.808531506
6 53 137 139.147946328
7 54 139 140.79624411
6 55 145 143.22897835
7 56 148 144.503466885
8 57 149 147.027560367
7 58 150 147.281840467
6 59 153 149.808531506
5 60 154 151.22897835
4 61 157 154.528764331
5 62 158 155.089405064
6 63 164 157.543748216
7 64 166 157.721439885
6 65 168 158.281840467
5 66 171 163.808531506
4 67 174 168.147946328
5 68 177 172.040252622
4 69 179 172.281840467
3 70 180 178.089405064
2 71 183 183.543748216
1 72 184 186.040252622
2 73 185 187.744267522
3 74 187 190.090103793
4 75 192 200.403546678
3 76 196 204.090103793
4 77 197 204.351861936
3 78 199 207.744267522
2 79 202 212.351861936
1 80 203 219.090103793
2 81 204 220.10554152
3 82 206 221.647667441
4 83 210 226.532128519
3 84 214 231.10554152
2 85 215 232.647667441
3 86 216 233.509183315
4 87 221 238.29021302
3 88 222 240.532128519
4 89 223 243.187774085
5 90 225 247.610585947
6 91 230 250.315383876
7 92 236 255.690819402
6 93 238 257.187774085
5 94 241 258.315383876
4 95 242 259.509183315
5 96 243 260.417832965
4 97 245 262.509183315
3 98 248 267.610585947
2 99 251 272.690819402
3 100 252 274.140381297
4 101 254 276.800508007
3 102 256 280.417832965
4 103 257 280.983565143
3 104 265 294.983565143
4 105 266 296.003165425
3 106 268 302.800508007
2 107 271 303.140381297
1 108 272 307.003165425
2 109 273 308.586218979
3 110 277 312.6867583
4 111 279 315.444387262
3 112 281 322.586218979
4 113 282 323.761565648
3 114 290 335.444387262
2 115 291 338.6867583
1 116 292 340.761565648
2 117 293 349.237877985
1 118 297 360.237877985
2 119 298 366.934210529
3 120 300 367.804614377
4 121 304 372.962150088
3 122 306 374.934210529
4 123 307 376.828351504
3 124 315 384.804614377
2 125 316 386.962150088
1 126 317 390.828351504
2 127 318 395.648512117
3 128 320 396.363733731
4 129 324 404.331241163
5 130 330 413.889862434
4 131 332 416.363733731
5 132 335 418.249917291
4 133 337 418.331241163
3 134 338 421.648512117
4 135 339 424.285211218
5 136 341 425.621229061
4 137 343 427.889862434
5 138 347 429.170903911
6 139 353 432.155485743
5 140 355 432.285211218
4 141 356 436.621229061
3 142 357 438.249917291
4 143 358 438.626618533
5 144 361 440.091202751
6 145 363 440.782966155
5 146 364 441.249917291
6 147 372 449.211138536
5 148 374 449.626618533
4 149 375 451.782966155
3 150 376 452.155485743
4 151 379 459.283056789
5 152 381 459.985385971
4 153 385 461.155485743
5 154 386 466.145668581
4 155 390 469.211138536
5 156 391 469.275587233
4 157 393 470.985385971
3 158 394 473.283056789
4 159 395 475.902103133
5 160 403 489.258465492
4 161 405 489.902103133
5 162 406 494.713834845
4 163 408 495.145668581
3 164 411 501.275587233
2 165 414 506.258465492
3 166 415 507.971411724
2 167 417 508.713834845
3 168 418 513.33878734
4 169 424 517.186758506
3 170 426 518.33878734
4 171 427 518.889665796
5 172 429 519.612744111
4 173 431 521.971411724
5 174 432 523.015873483
6 175 438 528.443390311
5 176 442 531.186758506
4 177 445 534.015873483
3 178 448 536.612744111
2 179 449 538.889665796
3 180 450 541.030261001
2 181 452 548.443390311
3 182 455 558.058462777
4 183 457 562.826583287
5 184 463 569.661352286
6 185 465 570.96164705
5 186 467 573.030261001
4 187 468 573.826583287
3 188 469 575.058462777
4 189 474 581.874150032
3 190 476 583.661352286
2 191 477 587.96164705
3 192 480 593.857221295
2 193 482 595.874150032
3 194 485 602.85648394
4 195 487 603.591532489
5 196 489 606.272090183
4 197 495 610.857221295
3 198 498 617.591532489
4 199 499 619.875487342
3 200 501 620.272090183
2 201 502 622.85648394
3 202 503 623.683112222
4 203 505 624.120653692
5 204 509 628.834444932
6 205 513 633.147857465
7 206 518 635.99454477
6 207 519 637.683112222
5 208 520 639.875487342
4 209 524 644.120653692
5 210 527 645.509812041
6 211 529 647.718654413
7 212 531 648.863443967
6 213 535 651.834444932
5 214 536 653.147857465
4 215 537 653.509812041
5 216 542 658.792244665
4 217 544 659.147857465
5 218 545 662.170105135
4 219 547 662.863443967
5 220 548 664.959396815
6 221 552 666.576940743
5 222 554 667.718654413
4 223 557 675.792244665
3 224 562 682.170105135
2 225 563 683.576940743
1 226 564 684.959396815
2 227 565 689.000355168
3 228 569 692.819234833
4 229 571 693.115390444
5 230 573 701.855391487
6 231 575 702.007571192
5 232 577 703.000355168
6 233 582 705.906902505
5 234 586 709.819234833
4 235 587 710.115390444
5 236 588 710.464319456
6 237 590 711.087039026
5 238 598 718.855391487
4 239 599 719.007571192
5 240 601 719.181715221
4 241 605 725.906902505
3 242 606 727.464319456
2 243 607 728.087039026
1 244 608 737.087039026
2 245 609 742.963937087
3 246 611 743.131908629
4 247 613 743.9878574
5 248 619 751.20304731
4 249 621 751.9878574
3 250 624 756.963937087
4 251 625 758.48618843
5 252 627 762.317738278
6 253 630 762.323184935
5 254 636 766.131908629
4 255 639 769.48618843
5 256 640 769.500739474
4 257 642 771.20304731
5 258 643 773.056494254
6 259 646 775.782957424
5 260 649 779.317738278
4 261 652 780.20304731
3 262 655 783.782957424
4 263 656 786.196788916
5 264 658 786.653882836
4 265 660 789.500739474
5 266 662 789.910749516
4 267 663 790.056494254
5 268 666 792.783186036
4 269 668 794.653882836
3 270 674 806.196788916
4 271 675 808.973630844
3 272 677 809.783186036
4 273 678 810.732561707
3 274 680 812.196788916
4 275 683 817.61757598
5 276 687 821.633201354
6 277 689 822.326668616
5 278 691 822.973630844
4 279 696 827.732561707
5 280 697 827.983284963
6 281 701 829.192995784
7 282 704 832.467751967
6 283 705 834.61757598
5 284 708 835.633201354
4 285 709 836.326668616
3 286 710 838.983284963
4 287 714 848.712089265
5 288 716 850.605095095
4 289 718 855.192995784
3 290 719 855.192995784
4 291 722 859.706742182
5 292 728 866.39720968
4 293 730 867.605095095
3 294 731 867.706742182
4 295 732 868.298898299
5 296 735 869.405024347
4 297 736 871.712089265
5 298 742 879.611569202
6 299 744 883.709652828
5 300 748 888.298898299
4 301 749 888.298898299
3 302 750 889.39720968
2 303 753 891.709652828
1 304 754 893.611569202
2 305 755 921.473442984
3 306 757 921.965307495
4 307 759 928.887360469
5 308 765 935.170608724
6 309 767 937.070589176
5 310 771 938.965307495
4 311 772 941.473442984
3 312 773 942.887360469
2 313 778 954.070589176
3 314 779 954.485580397
2 315 781 955.170608724
3 316 784 963.784678304
4 317 786 964.46242721
3 318 790 968.485580397
2 319 791 977.784678304
3 320 794 989.381235208
4 321 797 992.626925836
5 322 798 993.273837295
4 323 800 993.46242721
3 324 806 1006.38123521
2 325 807 1006.38123521
3 326 808 1008.76452556
4 327 810 1009.62871048
3 328 812 1010.27383729
2 329 815 1019.76452556
3 330 816 1021.53273649
4 331 820 1024.81975554
3 332 824 1032.53273649
4 333 826 1034.45832005
3 334 827 1035.62871048
4 335 828 1037.27652857
3 336 833 1044.81975554
2 337 836 1053.81975554
1 338 837 1054.27652857
2 339 838 1057.1412664
3 340 840 1059.77076999
4 341 846 1067.84531206
3 342 848 1074.1412664
2 343 851 1076.77076999
3 344 852 1081.01378049
2 345 854 1084.84531206
3 346 855 1084.939721
2 347 861 1092.01378049
3 348 862 1093.42321388
4 349 864 1093.83583231
3 350 866 1095.939721
2 351 871 1101.42321388
3 352 872 1105.66245472
4 353 874 1108.50382421
5 354 876 1108.72633849
6 355 878 1108.80462914
7 356 884 1110.72956882
6 357 886 1113.83583231
5 358 889 1119.66245472
4 359 890 1119.80462914
3 360 895 1124.83583231
2 361 896 1128.72633849
1 362 897 1131.50382421
2 363 898 1140.83362547
3 364 900 1140.87658916
4 365 904 1144.64200238
3 366 908 1154.83362547
2 367 911 1158.64200238
3 368 912 1159.40682776
2 369 914 1160.87658916
3 370 917 1165.86812322
2 371 921 1167.40682776
1 372 922 1170.86812322
2 373 923 1176.5127288
3 374 925 1179.15006423
2 375 931 1193.15006423
1 376 932 1199.5127288
2 377 933 1200.969118
3 378 935 1206.98776095
4 379 939 1208.40821501
5 380 945 1220.68778429
4 381 947 1220.98776095
3 382 948 1223.969118
4 383 950 1224.01137433
3 384 953 1225.40821501
4 385 956 1234.08041908
3 386 958 1237.68778429
4 387 959 1238.67190848
5 388 961 1240.78747519
4 389 963 1241.01137433
5 390 970 1249.09069434
4 391 972 1251.78747519
3 392 973 1254.08041908
2 393 974 1255.67190848
3 394 975 1261.69879297
4 395 977 1262.00691289
5 396 982 1265.63220753
6 397 983 1269.1427686
7 398 989 1272.87190231
6 399 992 1275.09069434
5 400 994 1275.69879297
4 401 995 1276.00691289
3 402 996 1277.1427686
2 403 1001 1285.63220753
3 404 1002 1286.46875952
4 405 1005 1288.65680452
3 406 1006 1292.09069434
4 407 1010 1294.47174625
3 408 1014 1303.46875952
2 409 1015 1306.46875952
3 410 1016 1309.34427575
4 411 1018 1310.89003087
3 412 1022 1314.47174625
2 413 1023 1317.34427575
3 414 1024 1320.11867962
4 415 1028 1329.54022236
5 416 1030 1329.97807007
6 417 1034 1331.68399905
5 418 1036 1334.11867962
4 419 1041 1339.89003087
3 420 1044 1348.68399905
2 421 1045 1349.54022236
1 422 1046 1355.97807007
2 423 1048 1357.79815464
1 424 1051 1377.79815464
2 425 1053 1387.84032909
3 426 1054 1389.87597172
2 427 1058 1395.84032909
3 428 1059 1396.53787932
4 429 1065 1407.2335561
5 430 1067 1410.48110938
4 431 1069 1413.53787932
3 432 1070 1415.87597172
2 433 1075 1433.2335561
1 434 1076 1433.48110938
2 435 1078 1433.99923745
3 436 1079 1440.25928407
4 437 1081 1443.93435956
3 438 1089 1454.25928407
2 439 1090 1454.93435956
3 440 1091 1455.819149
2 441 1093 1456.99923745
3 442 1094 1457.41230093
4 443 1098 1468.67882841
3 444 1104 1472.819149
4 445 1105 1473.74507472
3 446 1107 1476.67882841
2 447 1108 1480.41230093
3 448 1111 1480.96157789
2 449 1113 1490.74507472
3 450 1116 1491.2568729
2 451 1118 1497.96157789
3 452 1122 1498.60234113
2 453 1124 1505.2568729
3 454 1128 1515.03101252
2 455 1132 1518.60234113
3 456 1133 1521.51547742
2 457 1137 1526.03101252
1 458 1138 1529.51547742
2 459 1139 1537.99054201
3 460 1141 1544.25910613
4 461 1145 1555.40412544
5 462 1147 1557.7435838
4 463 1149 1557.99054201
5 464 1155 1562.48439202
4 465 1159 1571.7435838
3 466 1161 1572.40412544
2 467 1162 1576.25910613
3 468 1165 1581.63274288
4 469 1167 1586.56606238
3 470 1173 1591.7435838
4 471 1174 1591.96447306
5 472 1176 1594.34118197
4 473 1177 1594.56606238
3 474 1179 1595.63274288
4 475 1180 1596.06780519
5 476 1182 1597.23797368
6 477 1186 1599.97487654
7 478 1187 1601.53841225
8 479 1190 1602.34987858
9 480 1191 1603.28607021
8 481 1192 1605.56606238
7 482 1197 1608.96447306
8 483 1201 1612.6263391
7 484 1204 1613.06780519
6 485 1205 1613.56606238
5 486 1208 1616.06780519
4 487 1213 1622.96447306
5 488 1215 1623.22879605
4 489 1216 1624.06780519
3 490 1218 1627.56606238
4 491 1221 1630.64125024
5 492 1225 1640.58425804
4 493 1226 1642.96447306
5 494 1230 1645.02532088
4 495 1233 1650.06780519
3 496 1237 1656.64125024
2 497 1238 1656.96447306
1 498 1241 1661.06780519
2 499 1243 1666.58333338
3 500 1247 1680.30629886
4 501 1248 1684.46766461
3 502 1250 1686.58333338
4 503 1253 1692.57914932
5 504 1254 1697.95752341
4 505 1256 1700.58333338
5 506 1257 1709.08405741
6 507 1260 1713.6745967
7 508 1261 1714.15801687
6 509 1262 1726.58333338
7 510 1264 1734.01499953
8 511 1265 1736.60742991
9 512 1266 1745.04007566
10 513 1267 1767.71990803
11 514 1268 1774.69102974
12 515 1269 1776.65760413
13 516 1270 1777.40954911
14 517 1271 1779.45165424
15 518 1272 1785.39217187
16 519 1273 1801.52721632
17 520 1274 1811.62111332
18 521 1275 1814.41801725
19 522 1276 1825.21010465
20 523 1277 1825.47539819
21 524 1278 1829.95553391
22 525 1279 1832.61865281
23 526 1280 1837.39238426
24 527 1281 1842.66852945
25 528 1282 1842.78763511
26 529 1283 1843.77822838
27 530 1284 1862.86612922
28 531 1285 1873.00608654
29 532 1286 1886.47876066
30 533 1287 1907.82674752
31 534 1288 1911.66599913
32 535 1289 1927.09452
33 536 1290 1933.25345909
34 537 1291 1933.45228681
35 538 1292 1937.25304151
36 539 1293 1939.59918121
37 540 1294 1942.20055423
38 541 1295 1961.12673995
39 542 1296 1961.15260086
40 543 1297 1970.36720585
41 544 1303 1983.5304487
42 545 1304 1989.77607414
43 546 1309 1991.23269978
44 547 1310 1991.53713596
45 548 1311 1997.51288372
46 549 1312 1999.2480172
45 550 1313 1999.96157789
44 551 1317 2002.96157789
43 552 1318 2002.96157789
44 553 1319 2006.24484658
43 554 1328 2019.96157789
42 555 1329 2019.96157789
41 556 1335 2034.96157789
40 557 1336 2036.96157789
39 558 1337 2039.96157789
40 559 1344 2040.12115262
39 560 1346 2045.96157789
38 561 1347 2045.96157789
37 562 1359 2056.99054201
38 563 1360 2059.01611623
37 564 1364 2059.96157789
36 565 1365 2059.99054201
37 566 1366 2061.87141244
36 567 1367 2062.99054201
35 568 1368 2062.99054201
34 569 1378 2067.99054201
33 570 1379 2073.96157789
32 571 1380 2073.96157789
31 572 1383 2073.99054201
30 573 1384 2073.99054201
31 574 1385 2075.51328852
32 575 1386 2075.99788242
31 576 1391 2076.96157789
30 577 1392 2076.99054201
31 578 1396 2083.79119155
30 579 1402 2090.96157789
29 580 1404 2090.99054201
28 581 1405 2093.96157789
27 582 1406 2093.99054201
26 583 1410 2096.96157789
25 584 1411 2099.96157789
24 585 1421 2104.99054201
25 586 1422 2106.90694961
26 587 1423 2111.70630555
27 588 1424 2111.76346966
26 589 1429 2112.99054201
25 590 1430 2113.96157789
24 591 1431 2113.96157789
23 592 1432 2115.99054201
22 593 1436 2116.96157789
21 594 1441 2121.99054201
22 595 1442 2122.11211972
23 596 1443 2124.91711186
24 597 1444 2126.06379075
23 598 1449 2127.96157789
22 599 1460 2132.99054201
23 600 1466 2135.83099937
22 601 1467 2136.96157789
21 602 1468 2136.96157789
22 603 1470 2137.14796708
23 604 1471 2138.70435264
22 605 1472 2138.96157789
21 606 1473 2138.99054201
20 607 1474 2138.99054201
19 608 1478 2141.99054201
18 609 1486 2144.96157789
17 610 1487 2144.96157789
16 611 1488 2147.96157789
15 612 1500 2151.96447306
14 613 1501 2151.96447306
13 614 1502 2152.99054201
12 615 1505 2152.99054201
13 616 1506 2154.36506447
12 617 1507 2154.96447306
11 618 1508 2155.96157789
10 619 1513 2161.96157789
9 620 1514 2162.96447306
8 621 1515 2162.96447306
7 622 1520 2164.96157789
6 623 1523 2165.96447306
7 624 1526 2166.58091522
6 625 1527 2166.99054201
5 626 1529 2172.99054201
6 627 1530 2174.64349815
5 628 1531 2175.96157789
4 629 1538 2179.96447306
3 630 1539 2180.99054201
2 631 1540 2182.96447306
3 632 1541 2187.94408443
4 633 1543 2191.57460726
5 634 1545 2191.84290945
4 635 1553 2198.96157789
5 636 1554 2200.87388286
4 637 1555 2201.94408443
3 638 1559 2205.57460726
2 639 1560 2206.96157789
3 640 1563 2212.28192383
2 641 1567 2217.28192383
1 642 1568 2218.94408443
2 643 1569 2227.34393779
3 644 1571 2228.18873652
4 645 1573 2228.34685102
3 646 1581 2238.34393779
2 647 1582 2245.18873652
1 648 1583 2248.34685102
2 649 1584 2257.92394297
3 650 1588 2264.46706075
2 651 1592 2268.92394297
3 652 1593 2270.0687517
2 653 1595 2275.46706075
3 654 1596 2277.99955431
4 655 1600 2285.01477668
5 656 1604 2286.58874385
4 657 1605 2290.0687517
3 658 1609 2297.99955431
4 659 1610 2298.04139708
5 660 1612 2299.67043268
4 661 1615 2305.01477668
5 662 1617 2305.63108371
4 663 1620 2310.0687517
5 664 1624 2313.44757395
6 665 1625 2314.21476214
5 666 1626 2316.01477668
6 667 1631 2317.66189368
5 668 1636 2321.04139708
4 669 1637 2321.0687517
3 670 1640 2326.04139708
4 671 1641 2327.15312989
3 672 1643 2330.01477668
4 673 1646 2334.92310686
3 674 1648 2336.01477668
2 675 1649 2338.15312989
3 676 1650 2341.89292896
4 677 1652 2342.61744593
5 678 1658 2349.41759421
4 679 1662 2357.92310686
3 680 1663 2358.89292896
4 681 1664 2359.64230806
5 682 1668 2362.83270738
6 683 1671 2365.16103762
5 684 1672 2365.61744593
4 685 1675 2367.64230806
3 686 1676 2368.92310686
4 687 1681 2376.05239187
5 688 1683 2379.57334306
4 689 1685 2379.61744593
3 690 1690 2387.64230806
2 691 1691 2390.05239187
3 692 1692 2392.23796952
2 693 1694 2393.61744593
3 694 1697 2397.62386219
4 695 1699 2399.61032943
5 696 1701 2401.62074843
4 697 1702 2403.23796952
3 698 1710 2413.61032943
4 699 1711 2414.18887666
3 700 1713 2414.62386219
2 701 1714 2417.23796952
3 702 1715 2422.89479011
4 703 1721 2432.55593659
3 704 1725 2437.55593659
2 705 1726 2439.89479011
1 706 1727 2440.18887666
2 707 1728 2442.14325649
3 708 1732 2450.84272958
2 709 1734 2453.14325649
3 710 1736 2453.7889859
4 711 1740 2467.0814268
3 712 1742 2467.84272958
2 713 1745 2470.84272958
3 714 1746 2473.39067356
4 715 1748 2482.14704327
5 716 1751 2483.23016191
4 717 1753 2484.0814268
3 718 1760 2491.23016191
4 719 1761 2492.98786538
3 720 1763 2493.39067356
2 721 1764 2496.14704327
3 722 1765 2499.55758841
2 723 1769 2503.98786538
3 724 1772 2506.60119314
4 725 1774 2507.64936721
3 726 1778 2516.55758841
2 727 1781 2524.64936721
1 728 1782 2526.60119314
2 729 1784 2549.77196668
3 730 1786 2558.59400908
4 731 1791 2563.49514047
3 732 1795 2566.59400908
4 733 1796 2574.07698832
5 734 1798 2574.28443465
4 735 1800 2575.77196668
5 736 1801 2577.78691251
6 737 1805 2581.34836511
5 738 1807 2581.77196668
6 739 1812 2590.31525761
5 740 1814 2597.07698832
4 741 1815 2597.28443465
3 742 1818 2600.78691251
4 743 1821 2603.38970364
5 744 1823 2604.62640344
4 745 1825 2607.31525761
3 746 1826 2610.34836511
4 747 1831 2615.11887891
5 748 1833 2619.95993803
4 749 1837 2623.38970364
3 750 1838 2624.62640344
2 751 1839 2626.11887891
1 752 1842 2639.95993803
2 753 1843 2641.18378082
3 754 1845 2645.14875329
4 755 1847 2645.52482055
5 756 1849 2648.7348923
4 757 1859 2656.7348923
3 758 1860 2661.18378082
2 759 1861 2662.14875329
3 760 1862 2664.26244303
4 761 1864 2666.24186109
5 762 1866 2666.99538729
4 763 1868 2668.52482055
5 764 1875 2678.04168844
6 765 1878 2678.20250536
5 766 1879 2680.99538729
4 767 1880 2681.26244303
3 768 1881 2683.24186109
4 769 1882 2684.46895748
5 770 1886 2693.27961742
4 771 1891 2698.46895748
3 772 1892 2701.04168844
2 773 1895 2704.04168844
3 774 1896 2706.44119509
4 775 1899 2706.58058109
5 776 1900 2706.84621063
6 777 1903 2709.21408454
5 778 1908 2713.27961742
6 779 1911 2716.70130041
5 780 1913 2717.44119509
4 781 1914 2717.44119509
3 782 1917 2720.44119509
4 783 1918 2720.840639
3 784 1920 2720.84621063
2 785 1921 2724.70130041
1 786 1924 2740.840639
2 787 1925 2742.66620396
3 788 1927 2744.34462853
4 789 1929 2747.58927821
5 790 1935 2752.01290445
4 791 1937 2753.66620396
5 792 1940 2755.30083189
6 793 1944 2756.451447
7 794 1946 2757.05130465
8 795 1947 2759.96564854
7 796 1948 2760.01290445
8 797 1950 2761.20820123
7 798 1954 2764.34462853
6 799 1955 2764.58927821
5 800 1965 2774.01290445
4 801 1966 2778.34462853
3 802 1967 2778.58927821
2 803 1968 2779.451447
1 804 1969 2781.30083189
2 805 1970 2794.63749043
3 806 1972 2800.04473593
4 807 1974 2801.48403732
5 808 1977 2801.70709219
6 809 1979 2804.32425453
5 810 1988 2811.63749043
4 811 1989 2812.48403732
3 812 1990 2814.04473593
4 813 1991 2814.23654485
3 814 1993 2815.48403732
2 815 1994 2820.04473593
1 816 1997 2834.23654485
2 817 1998 2838.80528747
3 818 2000 2843.72851043
4 819 2004 2847.32671034
3 820 2008 2855.80528747
4 821 2011 2856.97239482
3 822 2013 2858.32671034
4 823 2014 2862.76430653
3 824 2016 2866.72851043
4 825 2019 2868.82939744
5 826 2023 2873.19519022
6 827 2025 2873.89364277
5 828 2027 2876.97239482
4 829 2032 2882.76430653
3 830 2035 2884.19519022
4 831 2036 2886.25368753
3 832 2038 2888.82939744
4 833 2040 2890.78481318
3 834 2042 2890.89364277
4 835 2045 2897.22949055
3 836 2052 2904.78481318
2 837 2053 2906.25368753
1 838 2054 2911.22949055
2 839 2055 2911.67574491
3 840 2057 2913.76878145
4 841 2059 2917.49587471
3 842 2067 2931.49587471
4 843 2068 2935.75098883
3 844 2070 2936.76878145
2 845 2071 2937.67574491
1 846 2074 2958.75098883
2 847 2075 2959.85410145
3 848 2079 2966.18431189
4 849 2081 2967.72144885
3 850 2083 2967.85410145
4 851 2086 2973.40917583
5 852 2092 2980.16291733
4 853 2094 2980.18431189
5 854 2095 2984.12036774
4 855 2097 2984.72144885
5 856 2100 2990.39006581
4 857 2104 2993.40917583
3 858 2107 3003.16291733
2 859 2108 3007.12036774
3 860 2109 3007.8765234
4 861 2111 3007.90919556
3 862 2113 3013.39006581
4 863 2114 3017.43877437
3 864 2120 3027.8765234
2 865 2123 3030.90919556
3 866 2124 3037.19927769
2 867 2126 3040.43877437
3 868 2129 3046.12170518
2 869 2131 3048.19927769
3 870 2133 3050.84260715
4 871 2137 3053.19773076
5 872 2140 3054.6048122
4 873 2144 3058.84260715
5 874 2145 3062.15922957
6 875 2148 3064.80250109
7 876 2149 3064.81832827
8 877 2152 3071.96269011
7 878 2154 3072.12170518
6 879 2156 3072.84260715
5 880 2158 3073.19773076
4 881 2166 3081.19773076
3 882 2167 3083.12170518
4 883 2168 3083.34763383
5 884 2170 3085.93189029
4 885 2172 3086.84260715
3 886 2175 3095.19773076
4 887 2176 3096.14228201
5 888 2180 3101.64892621
4 889 2185 3106.34763383
3 890 2187 3106.84260715
4 891 2188 3108.16098108
5 892 2190 3109.27823603
6 893 2191 3113.05336415
5 894 2193 3113.14228201
6 895 2199 3122.95861924
5 896 2201 3123.34763383
4 897 2202 3125.16098108
3 898 2206 3130.14228201
2 899 2207 3133.14228201
3 900 2210 3143.41225583
4 901 2212 3145.33537046
3 902 2216 3149.34763383
4 903 2217 3150.73698549
3 904 2223 3160.41225583
2 905 2224 3162.33537046
3 906 2225 3165.45905399
2 907 2227 3167.73698549
3 908 2228 3174.49919836
4 909 2232 3184.96030132
5 910 2234 3185.22137833
6 911 2237 3187.78424094
7 912 2238 3189.55494204
8 913 2239 3192.24419152
7 914 2242 3194.49919836
8 915 2245 3196.53956845
7 916 2246 3197.45905399
8 917 2251 3201.8664917
7 918 2252 3202.49919836
6 919 2254 3205.49919836
5 920 2257 3210.96030132
6 921 2259 3211.25245626
7 922 2262 3212.20713866
8 923 2263 3212.42312846
9 924 2264 3213.68656574
10 925 2267 3217.64890558
9 926 2269 3219.49919836
8 927 2272 3220.45905399
9 928 2273 3221.06747791
8 929 2276 3221.96030132
7 930 2283 3228.45905399
6 931 2284 3230.49919836
5 932 2286 3231.45905399
6 933 2287 3233.30372251
5 934 2295 3244.96030132
4 935 2297 3244.96030132
3 936 2298 3245.45905399
2 937 2301 3250.49919836
1 938 2302 3252.96030132
2 939 2303 3253.26927825
3 940 2307 3255.36165097
4 941 2309 3256.92573883
5 942 2311 3258.51193299
6 943 2312 3258.83314308
5 944 2314 3261.26927825
4 945 2317 3266.36165097
5 946 2321 3268.07209998
6 947 2322 3270.20012177
5 948 2325 3273.92573883
6 949 2327 3274.49538626
5 950 2329 3275.26927825
6 951 2333 3277.91674528
7 952 2334 3278.15451514
6 953 2341 3283.36165097
5 954 2343 3287.92573883
4 955 2348 3295.26927825
3 956 2349 3298.26927825
2 957 2350 3298.92573883
1 958 2351 3303.36165097
2 959 2352 3307.89062675
3 960 2354 3311.24172953
4 961 2360 3319.69745361
5 962 2362 3322.92334238
4 963 2363 3324.89062675
3 964 2365 3325.24172953
4 965 2368 3326.87769917
5 966 2374 3329.34251451
6 967 2375 3331.04272899
5 968 2377 3336.69745361
4 969 2379 3337.87769917
5 970 2384 3344.33037497
4 971 2386 3344.89062675
3 972 2387 3345.87769917
2 973 2389 3347.69745361
1 974 2393 3361.89062675
2 975 2394 3365.14753436
3 976 2396 3366.38505045
4 977 2400 3370.94360569
5 978 2403 3376.07286261
4 979 2404 3376.14753436
3 980 2407 3380.38505045
4 981 2409 3380.94624812
5 982 2412 3382.73149458
6 983 2413 3385.25106676
5 984 2421 3393.14753436
4 985 2423 3396.14753436
3 986 2426 3397.38505045
2 987 2427 3397.94624812
3 988 2428 3401.81418954
4 989 2430 3404.97089521
3 990 2434 3407.14753436
4 991 2437 3412.21981755
3 992 2439 3412.97089521
2 993 2440 3415.81418954
3 994 2441 3415.81937236
4 995 2447 3425.08816687
5 996 2449 3425.64774783
4 997 2450 3426.21981755
3 998 2452 3429.81937236
4 999 2455 3433.55318239
5 1000 2457 3434.4891335
6 1001 2459 3436.21638061
7 1002 2462 3439.30856595
8 1003 2463 3440.26342215
7 1004 2464 3443.21981755
8 1005 2469 3443.79610677
9 1006 2470 3445.6018888
8 1007 2473 3450.55318239
7 1008 2477 3451.08816687
8 1009 2478 3454.0626434
7 1010 2485 3456.08816687
6 1011 2486 3456.55318239
5 1012 2487 3458.55318239
4 1013 2491 3460.21981755
3 1014 2492 3462.08816687
2 1015 2495 3472.55318239
1 1016 2496 3473.08816687
2 1017 2497 3474.53693852
3 1018 2501 3482.4525787
2 1019 2503 3485.53693852
1 1020 2506 3496.4525787
2 1021 2507 3514.52226103
3 1022 2510 3525.49111412
4 1023 2512 3529.46275277
5 1024 2517 3531.88113699
6 1025 2520 3534.48324995
7 1026 2525 3535.97422659
8 1027 2526 3537.46415049
9 1028 2527 3538.06143092
8 1029 2531 3540.46275277
9 1030 2534 3541.94939948
8 1031 2536 3542.48324995
7 1032 2537 3542.49111412
6 1033 2540 3543.52226103
5 1034 2541 3545.49111412
6 1035 2544 3547.33834695
7 1036 2545 3555.09345279
6 1037 2550 3557.46275277
5 1038 2552 3559.49111412
4 1039 2558 3565.46275277
3 1040 2559 3569.52226103
2 1041 2560 3570.49111412
1 1042 2561 3571.48324995
2 1043 2562 3573.48127255
3 1044 2565 3579.38199792
2 1045 2569 3584.48127255
3 1046 2570 3586.58159985
2 1047 2572 3587.48127255
3 1048 2573 3589.23397586
4 1049 2575 3592.49416082
5 1050 2581 3596.70711069
4 1051 2583 3600.23397586
3 1052 2585 3600.58159985
2 1053 2590 3609.49416082
1 1054 2591 3613.70711069
2 1055 2593 3619.78666075
3 1056 2595 3626.27972719
4 1057 2597 3627.03392586
5 1058 2599 3629.56981944
4 1059 2607 3636.78666075
3 1060 2608 3638.03392586
2 1061 2609 3643.27972719
3 1062 2612 3661.08575266
2 1063 2614 3662.78666075
3 1064 2617 3669.76501893
4 1065 2619 3674.39359687
5 1066 2621 3674.57210388
4 1067 2622 3675.08575266
3 1068 2628 3686.76501893
4 1069 2631 3688.43137642
5 1070 2633 3689.24400601
4 1071 2635 3692.08575266
3 1072 2636 3697.39359687
4 1073 2637 3697.66301077
5 1074 2640 3699.47046519
4 1075 2648 3711.43137642
3 1076 2649 3712.08575266
4 1077 2650 3716.45956555
3 1078 2652 3717.66301077
2 1079 2653 3720.66301077
3 1080 2656 3726.09575804
2 1081 2658 3730.45956555
3 1082 2661 3744.0438335
4 1083 2663 3746.38881761
5 1084 2667 3748.58230207
4 1085 2668 3749.09575804
5 1086 2670 3752.22623973
4 1087 2673 3755.0438335
5 1088 2677 3758.25300502
4 1089 2681 3760.09575804
5 1090 2682 3762.68487708
6 1091 2683 3763.16802978
7 1092 2684 3765.79252341
8 1093 2685 3767.3649975
7 1094 2687 3769.0438335
6 1095 2690 3769.38881761
5 1096 2699 3777.0438335
4 1097 2700 3777.38881761
3 1098 2701 3777.38881761
4 1099 2702 3780.41583095
3 1100 2708 3788.0438335
2 1101 2709 3789.09575804
3 1102 2710 3789.39886932
4 1103 2712 3793.62754226
3 1104 2714 3794.41583095
2 1105 2719 3810.62754226
1 1106 2721 3815.39886932
2 1107 2723 3818.3075276
3 1108 2727 3824.31974022
4 1109 2729 3830.77760074
3 1110 2732 3832.3075276
4 1111 2734 3835.55912898
5 1112 2735 3836.50127508
4 1113 2739 3841.31974022
5 1114 2742 3845.4019787
6 1115 2743 3846.06601249
5 1116 2747 3849.3075276
4 1117 2753 3851.87769917
3 1118 2754 3857.3075276
4 1119 2755 3858.75136929
5 1120 2759 3862.11194696
4 1121 2760 3862.87769917
5 1122 2763 3862.97067423
4 1123 2767 3867.31974022
3 1124 2768 3867.87769917
2 1125 2771 3872.75136929
3 1126 2772 3873.49330504
2 1127 2774 3873.87769917
3 1128 2775 3875.6846217
4 1129 2779 3880.31784819
3 1130 2781 3884.49330504
2 1131 2786 3892.6846217
3 1132 2787 3893.89709753
4 1133 2791 3898.10496959
5 1134 2794 3899.38040762
6 1135 2795 3902.31262026
5 1136 2796 3903.31784819
6 1137 2798 3903.35599167
5 1138 2804 3907.89709753
4 1139 2806 3909.10496959
5 1140 2807 3911.23915592
4 1141 2809 3911.31784819
3 1142 2812 3912.10496959
2 1143 2815 3924.89709753
1 1144 2816 3925.31784819
2 1145 2817 3929.46668532
3 1146 2819 3933.18688974
4 1147 2821 3933.33366499
5 1148 2825 3934.68958228
6 1149 2826 3936.56573261
5 1150 2830 3940.46668532
4 1151 2834 3947.33366499
5 1152 2837 3948.34647812
6 1153 2838 3954.17027789
5 1154 2841 3954.46668532
6 1155 2842 3955.7840045
5 1156 2843 3956.18688974
6 1157 2847 3959.67851975
5 1158 2848 3964.33366499
4 1159 2855 3968.46668532
5 1160 2856 3968.71175
4 1161 2858 3970.18688974
5 1162 2859 3970.99015722
6 1163 2861 3971.01203059
5 1164 2864 3977.46668532
6 1165 2869 3981.15759611
5 1166 2871 3981.33366499
4 1167 2872 3982.71175
3 1168 2874 3984.99015722
2 1169 2879 3998.33366499
1 1170 2880 4002.71175
2 1171 2881 4003.06939813
3 1172 2883 4007.62122969
2 1173 2889 4018.62122969
1 1174 2890 4020.06939813
2 1175 2891 4037.89071775
3 1176 2893 4043.88657189
2 1177 2897 4048.89071775
3 1178 2900 4057.55863862
2 1179 2902 4060.88657189
1 1180 2905 4071.55863862
2 1181 2906 4075.72284961
1 1182 2911 4089.72284961
2 1183 2912 4092.54655183
3 1184 2914 4097.06253482
4 1185 2916 4099.26649382
5 1186 2920 4102.09342339
6 1187 2924 4104.5229576
5 1188 2927 4108.06253482
4 1189 2929 4109.54655183
5 1190 2930 4115.33826482
4 1191 2932 4116.26649382
5 1192 2939 4122.42442031
6 1193 2943 4125.11402387
7 1194 2944 4125.58465838
8 1195 2945 4126.14039666
7 1196 2947 4126.33826482
6 1197 2948 4128.09342339
5 1198 2952 4133.42442031
4 1199 2954 4134.06253482
5 1200 2955 4137.74721507
6 1201 2961 4141.25261717
5 1202 2963 4143.33826482
4 1203 2966 4145.09342339
3 1204 2969 4147.42442031
4 1205 2970 4150.82680651
3 1206 2972 4154.74721507
2 1207 2975 4160.33826482
1 1208 2976 4161.82680651
2 1209 2977 4163.2905345
3 1210 2979 4165.53637367
2 1211 2985 4171.2905345
1 1212 2986 4173.53637367
2 1213 2987 4173.96058023
1 1214 2991 4190.96058023
2 1215 2992 4193.90651512
3 1216 2996 4203.59301362
4 1217 2998 4213.45601886
3 1218 3000 4213.90651512
2 1219 3005 4220.59301362
1 1220 3006 4221.45601886
2 1221 3007 4221.79001665
3 1222 3009 4222.92045115
4 1223 3012 4226.19206035
5 1224 3014 4226.66523009
6 1225 3015 4226.7102999
5 1226 3023 4230.92045115
4 1227 3024 4232.79001665
5 1228 3025 4234.31399329
6 1229 3027 4235.87645052
5 1230 3029 4236.92045115
4 1231 3030 4238.79001665
3 1232 3035 4248.31399329
2 1233 3038 4258.7102999
3 1234 3039 4259.73916526
2 1235 3041 4261.87645052
3 1236 3042 4270.27383069
4 1237 3045 4275.63263438
3 1238 3049 4282.73916526
2 1239 3050 4285.73916526
3 1240 3051 4285.76409497
4 1241 3055 4287.01861766
3 1242 3058 4293.27383069
4 1243 3063 4303.53323416
5 1244 3065 4304.00487073
4 1245 3067 4304.01861766
5 1246 3071 4307.68431413
4 1247 3072 4308.76409497
5 1248 3073 4308.84636121
6 1249 3077 4310.48598056
7 1250 3082 4313.81747182
6 1251 3084 4314.53323416
5 1252 3089 4321.00487073
4 1253 3090 4321.00487073
3 1254 3091 4324.48598056
2 1255 3092 4324.81747182
1 1256 3093 4325.84636121
2 1257 3094 4326.07337506
3 1258 3098 4340.13862547
2 1259 3100 4343.07337506
3 1260 3101 4343.73425964
4 1261 3103 4343.73746955
5 1262 3105 4344.08218297
4 1263 3113 4351.73425964
5 1264 3116 4356.70941529
6 1265 3118 4359.54608489
5 1266 3120 4360.73746955
6 1267 3122 4362.08236269
5 1268 3123 4363.13862547
4 1269 3129 4367.08218297
5 1270 3130 4369.13594585
4 1271 3132 4370.54608489
3 1272 3133 4373.70941529
2 1273 3136 4376.70941529
1 1274 3137 4380.13594585
2 1275 3138 4383.70555218
3 1276 3140 4393.34941531
2 1277 3144 4397.70555218
3 1278 3145 4397.9363634
4 1279 3147 4402.96612026
5 1280 3151 4408.61938709
6 1281 3157 4414.00509079
7 1282 3160 4414.30933847
8 1283 3161 4415.30626117
7 1284 3166 4419.96612026
6 1285 3167 4420.9363634
7 1286 3170 4421.983774
6 1287 3172 4422.00509079
5 1288 3173 4422.34941531
6 1289 3176 4424.03362802
5 1290 3178 4427.96612026
4 1291 3181 4428.61938709
3 1292 3182 4431.00509079
4 1293 3185 4440.23895456
3 1294 3187 4441.03362802
2 1295 3188 4441.983774
3 1296 3191 4445.71545004
4 1297 3193 4448.10947574
3 1298 3195 4454.23895456
4 1299 3198 4455.22915022
5 1300 3202 4459.32808233
6 1301 3204 4460.42425808
5 1302 3208 4465.10947574
4 1303 3209 4466.22915022
5 1304 3210 4466.63963204
6 1305 3212 4468.58504651
7 1306 3216 4472.78110129
6 1307 3219 4474.71545004
7 1308 3222 4475.56920685
6 1309 3223 4476.32808233
7 1310 3224 4477.51567529
8 1311 3233 4481.43499311
7 1312 3234 4483.42425808
6 1313 3236 4485.58504651
7 1314 3237 4485.6532219
8 1315 3239 4485.83290133
7 1316 3240 4488.51567529
6 1317 3242 4488.58504651
5 1318 3243 4489.63963204
6 1319 3250 4494.78427232
5 1320 3254 4496.6532219
4 1321 3255 4497.71545004
3 1322 3256 4499.51567529
4 1323 3257 4501.51851337
5 1324 3261 4507.14565547
4 1325 3265 4509.42425808
5 1326 3267 4509.65232151
4 1327 3271 4512.14565547
3 1328 3272 4512.51851337
4 1329 3273 4517.01064107
3 1330 3275 4518.14565547
2 1331 3276 4520.78427232
3 1332 3279 4524.51856643
4 1333 3281 4528.25377744
3 1334 3285 4531.01064107
4 1335 3286 4534.43424329
3 1336 3290 4536.25377744
4 1337 3291 4539.50682555
5 1338 3293 4540.34429157
4 1339 3297 4547.51856643
3 1340 3298 4548.43424329
4 1341 3303 4551.10537465
3 1342 3305 4553.50682555
4 1343 3308 4555.33957388
5 1344 3310 4558.19032982
4 1345 3312 4559.10537465
5 1346 3313 4561.95200201
4 1347 3315 4563.34429157
5 1348 3320 4567.13109804
6 1349 3324 4571.08033728
7 1350 3326 4572.49547607
8 1351 3328 4572.83629229
7 1352 3335 4575.13109804
8 1353 3336 4578.32929462
7 1354 3338 4578.33957388
6 1355 3339 4578.95200201
5 1356 3340 4579.08033728
4 1357 3341 4581.19032982
3 1358 3342 4581.95200201
4 1359 3345 4583.8733093
5 1360 3349 4592.33013323
4 1361 3351 4592.33957388
5 1362 3352 4593.5227526
4 1363 3354 4595.13109804
5 1364 3355 4598.86325376
6 1365 3357 4599.70499091
7 1366 3359 4601.64666375
8 1367 3366 4605.56574803
9 1368 3369 4606.58247316
8 1369 3371 4607.5227526
9 1370 3374 4609.72661843
8 1371 3375 4609.86325376
7 1372 3382 4618.33013323
6 1373 3383 4618.8733093
5 1374 3385 4619.70499091
4 1375 3386 4623.86325376
3 1376 3387 4624.5227526
2 1377 3392 4632.33013323
3 1378 3393 4633.86588543
4 1379 3395 4634.48962969
5 1380 3397 4634.78666431
4 1381 3399 4635.8733093
3 1382 3404 4644.86588543
4 1383 3405 4646.99022886
3 1384 3409 4651.78666431
4 1385 3410 4655.46840681
3 1386 3412 4657.48962969
4 1387 3413 4657.85582292
5 1388 3415 4658.19983206
6 1389 3418 4659.44764966
5 1390 3426 4669.46840681
4 1391 3427 4669.46840681
3 1392 3430 4671.85582292
2 1393 3431 4675.99022886
3 1394 3432 4681.07073556
2 1395 3434 4684.19983206
3 1396 3436 4684.24250232
4 1397 3438 4685.91186284
5 1398 3445 4693.40434769
4 1399 3447 4695.07073556
3 1400 3448 4696.91186284
4 1401 3451 4703.62619025
3 1402 3453 4704.24250232
2 1403 3458 4714.62619025
3 1404 3459 4714.85084661
2 1405 3463 4716.40434769
1 1406 3464 4719.85084661
2 1407 3465 4732.15757465
3 1408 3469 4735.5823817
2 1409 3471 4737.15757465
3 1410 3472 4737.28238992
4 1411 3474 4741.42229265
5 1412 3482 4750.05786714
6 1413 3484 4753.40983646
7 1414 3485 4753.64894939
8 1415 3486 4755.48312768
9 1416 3487 4755.51913419
10 1417 3488 4756.08012594
9 1418 3490 4758.42229265
8 1419 3494 4758.5823817
7 1420 3500 4763.28238992
6 1421 3501 4766.42229265
5 1422 3502 4767.05786714
4 1423 3509 4769.5823817
3 1424 3510 4772.5823817
4 1425 3511 4775.86098613
3 1426 3513 4777.28238992
4 1427 3514 4779.35599888
5 1428 3518 4781.7804484
4 1429 3520 4784.5823817
3 1430 3521 4786.86098613
4 1431 3526 4798.87194264
3 1432 3528 4801.7804484
2 1433 3529 4808.35599888
1 1434 3532 4818.87194264
2 1435 3533 4819.33514403
3 1436 3535 4822.55797396
2 1437 3541 4830.55797396
3 1438 3542 4830.70813206
4 1439 3546 4833.89074815
5 1440 3548 4835.05061573
4 1441 3552 4836.33514403
3 1442 3553 4838.70813206
4 1443 3554 4841.52624775
3 1444 3558 4846.05061573
4 1445 3559 4846.05361867
3 1446 3563 4852.52624775
4 1447 3565 4857.80932778
3 1448 3569 4859.89074815
2 1449 3570 4866.05361867
3 1450 3571 4866.76321525
4 1451 3573 4869.08810849
3 1452 3575 4872.05361867
4 1453 3578 4877.40172656
3 1454 3580 4877.76321525
4 1455 3583 4880.77999137
3 1456 3585 4883.08810849
2 1457 3590 4894.77999137
1 1458 3591 4897.40172656
2 1459 3592 4901.28966894
3 1460 3596 4914.5111324
2 1461 3598 4918.28966894
1 1462 3601 4928.5111324
2 1463 3602 4948.58867378
3 1464 3604 4949.35547203
4 1465 3608 4954.41151556
3 1466 3612 4960.35547203
4 1467 3613 4961.16108768
5 1468 3615 4967.78591957
4 1469 3619 4968.58867378
5 1470 3621 4970.10316134
6 1471 3624 4971.08912157
5 1472 3627 4975.16108768
4 1473 3632 4981.78591957
5 1474 3634 4987.52353676
4 1475 3636 4989.16108768
3 1476 3637 4989.41151556
4 1477 3640 5000.71458568
3 1478 3642 5001.78591957
4 1479 3645 5003.76203525
5 1480 3647 5004.93887913
6 1481 3649 5008.25252901
5 1482 3650 5009.16108768
6 1483 3659 5014.10763536
7 1484 3660 5014.55234387
8 1485 3661 5017.31773611
7 1486 3663 5017.71458568
6 1487 3665 5020.16108768
7 1488 3666 5023.57740623
6 1489 3667 5023.76203525
5 1490 3669 5023.76203525
6 1491 3670 5023.92921921
7 1492 3674 5033.361597
6 1493 3681 5040.71458568
7 1494 3682 5041.86436382
6 1495 3683 5043.16108768
5 1496 3685 5043.71458568
6 1497 3686 5049.28863375
5 1498 3687 5049.76203525
6 1499 3693 5054.92105104
7 1500 3694 5055.07935279
6 1501 3696 5057.71458568
7 1502 3698 5059.04455145
8 1503 3702 5062.12474238
9 1504 3703 5063.21817683
8 1505 3704 5063.76203525
7 1506 3706 5066.16108768
6 1507 3710 5069.76203525
7 1508 3711 5072.90923568
8 1509 3714 5077.09356053
7 1510 3716 5077.71458568
6 1511 3720 5080.76203525
7 1512 3721 5083.18046554
6 1513 3722 5086.16108768
7 1514 3724 5088.9042805
8 1515 3731 5090.97204024
7 1516 3733 5100.16108768
6 1517 3735 5103.76203525
5 1518 3739 5109.71458568
6 1519 3740 5110.34548895
5 1520 3741 5111.16108768
6 1521 3743 5113.61510532
5 1522 3749 5123.71458568
4 1523 3752 5126.76203525
3 1524 3757 5146.71458568
2 1525 3761 5152.76203525
1 1526 3762 5157.71458568
2 1527 3765 5184.77565166
3 1528 3767 5187.19932595
4 1529 3769 5192.81799369
5 1530 3771 5193.73434773
6 1531 3775 5197.32047747
7 1532 3776 5197.66617984
8 1533 3777 5199.19730889
7 1534 3779 5201.77565166
6 1535 3782 5204.77565166
7 1536 3783 5205.09820014
6 1537 3785 5213.19932595
7 1538 3788 5217.01080194
8 1539 3789 5217.18144727
7 1540 3793 5221.77565166
8 1541 3794 5224.40492399
7 1542 3796 5227.19932595
8 1543 3799 5233.42323713
7 1544 3801 5235.19932595
8 1545 3802 5238.91919155
7 1546 3810 5247.77565166
8 1547 3811 5250.56539176
7 1548 3816 5255.19932595
8 1549 3818 5262.38528936
7 1550 3820 5264.77565166
6 1551 3821 5264.77565166
5 1552 3822 5264.77565166
6 1553 3825 5266.47503673
7 1554 3826 5273.42959094
8 1555 3829 5278.83285344
7 1556 3831 5281.19932595
8 1557 3832 5287.70848681
7 1558 3834 5287.77565166
8 1559 3836 5291.18576063
9 1560 3842 5304.2149361
8 1561 3845 5304.77565166
7 1562 3846 5307.77565166
6 1563 3847 5310.19932595
5 1564 3852 5318.77565166
4 1565 3854 5321.77565166
5 1566 3858 5330.36575002
4 1567 3859 5335.77565166
5 1568 3861 5343.05069692
6 1569 3862 5344.88594169
7 1570 3863 5345.15784121
8 1571 3864 5348.66559917
9 1572 3865 5350.70160247
10 1573 3866 5353.06933147
11 1574 3867 5356.6914917
12 1575 3872 5368.5543733
13 1576 3876 5382.3022691
14 1577 3877 5387.12208907
13 1578 3880 5387.32781884
14 1579 3881 5387.46109943
13 1580 3888 5389.32781884
14 1581 3889 5389.42058472
13 1582 3890 5393.32781884
12 1583 3895 5400.32781884
11 1584 3896 5401.32781884
12 1585 3897 5401.6774618
11 1586 3899 5403.32781884
10 1587 3900 5403.32781884
11 1588 3901 5403.78232572
12 1589 3902 5404.60977367
13 1590 3905 5410.83570277
14 1591 3906 5419.24618922
13 1592 3909 5420.32781884
14 1593 3911 5420.33940338
15 1594 3912 5422.68337296
16 1595 3913 5427.13775903
17 1596 3914 5428.36738659
18 1597 3915 5428.59053507
19 1598 3920 5433.94764273
18 1599 3921 5434.32781884
17 1600 3925 5437.32781884
16 1601 3926 5437.32781884
17 1602 3931 5447.4799171
16 1603 3935 5448.32781884
15 1604 3936 5451.32781884
14 1605 3937 5457.32781884
15 1606 3942 5461.98781714
14 1607 3943 5462.32781884
15 1608 3944 5462.60926237
14 1609 3948 5465.32781884
15 1610 3949 5473.00176304
14 1611 3951 5474.32781884
15 1612 3954 5482.01733014
14 1613 3955 5488.32781884
15 1614 3958 5491.76127255
16 1615 3959 5497.42792671
15 1616 3963 5505.32781884
14 1617 3964 5511.32781884
15 1618 3974 5524.05142929
14 1619 3975 5525.32781884
13 1620 3976 5528.32781884
12 1621 3977 5528.32781884
11 1622 3979 5531.32781884
12 1623 3982 5544.41651074
11 1624 3984 5551.32781884
12 1625 3985 5552.23598048
13 1626 3986 5556.06357689
14 1627 3987 5559.4996311
15 1628 3988 5560.45047147
16 1629 3991 5567.90890891
15 1630 3995 5568.32781884
16 1631 4000 5578.57834227
17 1632 4001 5578.70281826
18 1633 4002 5581.75893608
17 1634 4003 5582.32781884
16 1635 4007 5588.32781884
15 1636 4008 5591.32781884
16 1637 4013 5601.83233502
15 1638 4015 5611.32781884
14 1639 4016 5611.32781884
13 1640 4017 5614.32781884
14 1641 4018 5617.25287213
15 1642 4023 5623.35216722
14 1643 4026 5625.32781884
13 1644 4032 5636.32781884
12 1645 4033 5639.32781884
13 1646 4034 5642.70737379
12 1647 4038 5653.32781884
13 1648 4041 5655.13193998
12 1649 4042 5656.32781884
11 1650 4049 5664.32781884
10 1651 4053 5664.32781884
9 1652 4060 5675.32781884
10 1653 4061 5675.34709749
11 1654 4062 5679.83244326
12 1655 4063 5679.98143475
11 1656 4065 5681.32781884
10 1657 4067 5681.42812993
11 1658 4070 5686.48738331
10 1659 4071 5687.32781884
11 1660 4074 5689.43118591
10 1661 4077 5695.42812993
9 1662 4082 5698.32781884
10 1663 4086 5704.63163351
11 1664 4092 5708.21623108
10 1665 4095 5709.42812993
9 1666 4096 5712.32781884
8 1667 4097 5712.42812993
7 1668 4098 5715.32781884
6 1669 4099 5718.32781884
7 1670 4102 5718.98572344
6 1671 4106 5721.32781884
5 1672 4107 5723.42812993
6 1673 4109 5727.023783
5 1674 4113 5729.42812993
6 1675 4114 5730.04084714
5 1676 4118 5735.32781884
6 1677 4119 5737.7749552
7 1678 4121 5740.72104658
6 1679 4122 5741.32781884
5 1680 4126 5743.42812993
4 1681 4128 5746.32781884
5 1682 4129 5746.79226834
6 1683 4130 5754.77099721
5 1684 4132 5755.32781884
6 1685 4135 5757.38737651
5 1686 4137 5760.42812993
6 1687 4138 5761.30906546
7 1688 4143 5771.46433527
6 1689 4145 5772.32781884
7 1690 4148 5773.97896771
8 1691 4149 5777.45725532
7 1692 4151 5780.42812993
8 1693 4152 5780.5560139
9 1694 4153 5785.48967312
8 1695 4157 5791.42812993
7 1696 4159 5792.32781884
6 1697 4164 5803.32781884
7 1698 4167 5807.28406236
6 1699 4169 5808.42812993
7 1700 4171 5808.82167018
8 1701 4175 5813.61613548
9 1702 4176 5813.70197282
8 1703 4177 5814.32781884
7 1704 4180 5817.32781884
6 1705 4184 5822.42812993
5 1706 4191 5828.32781884
4 1707 4192 5828.42812993
3 1708 4194 5831.32781884
4 1709 4195 5833.79706799
5 1710 4203 5840.2087854
6 1711 4206 5841.7757141
5 1712 4208 5845.42812993
4 1713 4210 5851.32781884
3 1714 4211 5851.5141688
4 1715 4212 5854.58556972
3 1716 4218 5862.32781884
2 1717 4219 5862.42812993
1 1718 4222 5871.58556972
2 1719 4223 5882.1759013
3 1720 4226 5885.83593344
4 1721 4227 5885.84639426
5 1722 4229 5887.51609667
6 1723 4234 5890.31656471
5 1724 4239 5896.1759013
6 1725 4240 5898.12213974
5 1726 4241 5898.51609667
4 1727 4243 5902.1759013
5 1728 4247 5903.84771968
6 1729 4248 5904.93287631
7 1730 4249 5905.7550766
6 1731 4251 5906.51609667
5 1732 4255 5911.84639426
4 1733 4261 5923.51609667
3 1734 4262 5925.1759013
4 1735 4263 5928.43477921
3 1736 4265 5931.84639426
4 1737 4268 5935.19996913
3 1738 4270 5936.43477921
2 1739 4273 5940.51609667
3 1740 4278 5951.92602506
2 1741 4280 5955.19996913
3 1742 4281 5956.03295397
4 1743 4283 5956.2004346
3 1744 4291 5970.03295397
4 1745 4292 5973.03350308
3 1746 4295 5977.92602506
2 1747 4297 5984.03295397
3 1748 4298 5984.55580329
2 1749 4302 5991.92602506
3 1750 4303 5992.01698376
4 1751 4305 5992.40687567
5 1752 4306 5993.3645185
6 1753 4309 5997.62225783
5 1754 4312 6001.55580329
6 1755 4314 6005.24411215
5 1756 4315 6006.01698376
6 1757 4321 6017.23183691
5 1758 4323 6020.01698376
4 1759 4325 6021.55580329
5 1760 4331 6025.08257019
4 1761 4332 6031.01698376
5 1762 4338 6035.53466422
6 1763 4341 6037.854045
5 1764 4342 6039.01698376
4 1765 4345 6044.55580329
3 1766 4350 6048.70277364
2 1767 4351 6050.01698376
3 1768 4352 6055.97470203
2 1769 4354 6061.55580329
3 1770 4355 6062.69937575
4 1771 4361 6072.78223495
3 1772 4363 6072.97470203
4 1773 4364 6074.26427241
5 1774 4367 6076.07894194
4 1775 4368 6076.69937575
5 1776 4371 6084.92859599
6 1777 4373 6085.23161128
7 1778 4374 6086.59221979
6 1779 4376 6091.26427241
5 1780 4380 6095.78223495
6 1781 4383 6099.42845105
5 1782 4384 6101.78223495
6 1783 4388 6108.5377592
5 1784 4391 6111.26427241
4 1785 4392 6113.92859599
5 1786 4393 6114.1746478
4 1787 4402 6122.1746478
3 1788 4403 6122.26427241
2 1789 4404 6122.26427241
3 1790 4405 6127.3840068
2 1791 4407 6130.78223495
3 1792 4410 6137.22187708
4 1793 4412 6138.86724107
3 1794 4416 6144.3840068
4 1795 4417 6146.28044958
3 1796 4419 6146.86724107
4 1797 4422 6149.693266
5 1798 4426 6150.91687013
6 1799 4430 6154.93151402
5 1800 4432 6157.22187708
4 1801 4435 6160.28044958
5 1802 4438 6164.11684868
4 1803 4440 6164.9959856
5 1804 4441 6166.13715774
6 1805 4443 6167.72715251
5 1806 4447 6172.693266
6 1807 4453 6173.36193703
5 1808 4454 6177.13715774
4 1809 4455 6177.22187708
3 1810 4456 6178.11684868
4 1811 4457 6179.25125894
5 1812 4462 6189.76120517
4 1813 4466 6192.693266
3 1814 4467 6195.693266
4 1815 4470 6196.91906102
5 1816 4472 6201.03516888
4 1817 4474 6202.25125894
3 1818 4475 6203.76120517
4 1819 4478 6205.54508599
5 1820 4484 6210.48760284
4 1821 4486 6212.03516888
3 1822 4487 6213.54508599
2 1823 4488 6213.91906102
3 1824 4489 6216.5284261
2 1825 4493 6221.48760284
3 1826 4496 6227.7719829
2 1827 4500 6236.5284261
3 1828 4501 6238.21955642
2 1829 4503 6238.7719829
1 1830 4506 6252.21955642
2 1831 4507 6254.27569484
3 1832 4511 6267.62220307
4 1833 4513 6269.0118026
5 1834 4515 6269.59403778
4 1835 4521 6277.27569484
3 1836 4524 6281.62220307
2 1837 4525 6283.59403778
3 1838 4526 6283.75786076
4 1839 4528 6288.33214686
5 1840 4530 6292.91571715
6 1841 4534 6294.87898252
5 1842 4538 6297.75786076
4 1843 4539 6298.0118026
3 1844 4544 6311.33214686
4 1845 4545 6311.42260849
3 1846 4547 6312.91571715
4 1847 4548 6313.2749797
3 1848 4550 6314.75786076
4 1849 4553 6320.62232009
5 1850 4557 6325.03812066
4 1851 4559 6325.42260849
5 1852 4560 6326.86090279
6 1853 4562 6328.75011557
5 1854 4565 6330.2749797
4 1855 4567 6333.03812066
5 1856 4572 6334.37278896
6 1857 4576 6338.63260979
5 1858 4578 6340.86090279
4 1859 4579 6342.37278896
5 1860 4580 6342.57349025
4 1861 4586 6346.62232009
5 1862 4587 6347.97493329
4 1863 4591 6351.86090279
3 1864 4592 6353.2749797
2 1865 4593 6353.57349025
3 1866 4594 6355.95823178
4 1867 4600 6366.95863969
3 1868 4602 6370.97493329
2 1869 4603 6375.95823178
3 1870 4606 6378.06926991
2 1871 4610 6386.95863969
1 1872 4611 6392.06926991
2 1873 4612 6393.95189613
3 1874 4616 6402.46980235
2 1875 4618 6404.95189613
3 1876 4619 6405.18220245
4 1877 4623 6407.38626958
3 1878 4625 6410.18220245
4 1879 4628 6412.58053204
3 1880 4632 6419.46980235
2 1881 4636 6430.38626958
1 1882 4637 6432.58053204
2 1883 4638 6442.28164156
3 1884 4640 6445.20194755
4 1885 4646 6457.72173216
5 1886 4648 6458.26808083
6 1887 4650 6459.19266943
5 1888 4654 6462.28164156
6 1889 4655 6462.83509289
7 1890 4657 6466.12535281
6 1891 4661 6468.20194755
5 1892 4664 6471.72173216
4 1893 4665 6472.26808083
5 1894 4668 6475.12588636
4 1895 4670 6479.83509289
3 1896 4673 6485.19266943
2 1897 4676 6488.20194755
3 1898 4678 6493.53970391
2 1899 4679 6501.12588636
3 1900 4680 6503.37728131
4 1901 4684 6503.71066185
3 1902 4686 6510.53970391
4 1903 4691 6515.28556124
5 1904 4693 6516.88242426
6 1905 4695 6517.97973562
7 1906 4697 6518.13616079
6 1907 4699 6520.37728131
5 1908 4706 6526.71066185
4 1909 4709 6529.28556124
5 1910 4710 6530.78129276
4 1911 4712 6531.37728131
5 1912 4713 6531.91539489
4 1913 4715 6531.97973562
5 1914 4716 6533.05234213
4 1915 4718 6533.88242426
5 1916 4719 6534.38549594
6 1917 4723 6539.36469372
7 1918 4727 6543.7043609
6 1919 4729 6545.91539489
5 1920 4736 6553.78129276
4 1921 4739 6556.05234213
3 1922 4740 6556.36469372
4 1923 4741 6557.60754388
3 1924 4743 6562.91539489
2 1925 4744 6563.38549594
1 1926 4747 6571.60754388
2 1927 4748 6587.36552744
3 1928 4750 6587.64501763
4 1929 4754 6595.30508422
5 1930 4757 6599.63385722
4 1931 4760 6604.36552744
5 1932 4761 6605.1894064
4 1933 4767 6607.64501763
5 1934 4768 6608.12675778
6 1935 4773 6612.28740574
5 1936 4774 6612.30508422
4 1937 4778 6616.63385722
5 1938 4779 6621.1701433
6 1939 4781 6622.18486561
5 1940 4783 6622.1894064
6 1941 4784 6622.579437
7 1942 4786 6624.11000107
6 1943 4788 6625.12675778
5 1944 4791 6625.1894064
6 1945 4794 6628.21056237
7 1946 4798 6631.27744792
8 1947 4799 6631.64814277
7 1948 4801 6632.1701433
6 1949 4802 6633.18486561
7 1950 4808 6638.3899528
6 1951 4814 6642.12675778
7 1952 4815 6643.21854485
6 1953 4817 6645.21056237
5 1954 4818 6645.579437
4 1955 4819 6646.1701433
5 1956 4824 6652.7776039
4 1957 4826 6653.18486561
3 1958 4827 6659.21056237
4 1959 4828 6661.85521071
3 1960 4830 6662.12675778
4 1961 4831 6662.57479323
5 1962 4833 6667.54968203
6 1963 4835 6670.27524641
7 1964 4841 6672.54825138
8 1965 4845 6675.47922
7 1966 4848 6675.85521071
8 1967 4850 6676.40821752
9 1968 4851 6676.75476253
10 1969 4852 6678.34830249
11 1970 4858 6684.1807319
10 1971 4859 6684.27524641
9 1972 4863 6684.7776039
10 1973 4864 6686.42379764
9 1974 4865 6687.54968203
8 1975 4873 6691.57479323
7 1976 4874 6692.85521071
8 1977 4877 6695.4192307
7 1978 4879 6696.54968203
6 1979 4880 6698.27524641
5 1980 4881 6698.7776039
4 1981 4882 6701.27524641
5 1982 4883 6701.48716452
4 1983 4885 6701.54968203
5 1984 4888 6704.50316654
4 1985 4892 6706.4192307
3 1986 4897 6712.50316654
2 1987 4898 6715.48716452
1 1988 4899 6717.57479323
2 1989 4902 6733.2314996
3 1990 4904 6734.372087
2 1991 4910 6745.372087
1 1992 4911 6747.2314996
2 1993 4912 6748.83431988
3 1994 4916 6764.46978322
2 1995 4918 6765.83431988
3 1996 4919 6772.7678996
4 1997 4921 6773.7738833
3 1998 4928 6780.7678996
2 1999 4929 6781.46978322
1 2000 4934 6793.7738833
0 2001 4935 6798.30911446
0 2002 4936 7214.57479323
