#data counter step time
0 1 0 0.0
1 2 1 0.0
2 3 12 4.77835064336
3 4 14 6.49187837393
4 5 18 15.7287055935
3 6 20 15.7783506434
2 7 25 32.4918783739
3 8 26 33.2165495932
4 9 28 35.2393794079
3 10 30 35.7287055935
2 11 35 47.2165495932
3 12 36 49.8842701852
4 13 38 50.6434999063
5 14 42 56.5794698328
6 15 44 58.1414414302
7 16 47 58.1868085391
6 17 48 58.2393794079
5 18 53 61.6434999063
6 19 54 61.8284573293
7 20 56 63.8427351743
8 21 59 63.9463938664
9 22 60 64.132723467
8 23 64 66.1414414302
7 24 69 66.8842701852
6 25 70 69.8284573293
5 26 71 70.5794698328
4 27 74 76.5794698328
3 28 75 76.5794698328
2 29 78 80.8427351743
1 30 79 83.1414414302
2 31 80 87.5405330299
3 32 82 89.6175257876
2 33 88 100.617525788
1 34 89 107.54053303
2 35 90 108.89167019
3 36 92 113.025473678
4 37 96 117.314463338
5 38 98 118.058994771
4 39 100 121.025473678
5 40 104 124.73619778
4 41 105 125.89167019
3 42 111 132.058994771
2 43 112 134.314463338
1 44 113 135.058994771
2 45 114 149.921209602
3 46 116 151.954940123
4 47 118 152.58480301
5 48 120 152.728464014
6 49 124 157.910880679
7 50 130 160.202564509
6 51 135 163.58480301
5 52 137 163.921209602
4 53 138 165.910880679
5 54 139 167.909898643
6 55 141 168.916233556
5 56 143 171.954940123
4 57 150 175.728464014
3 58 151 181.909898643
2 59 152 182.916233556
1 60 153 183.58480301
2 61 154 190.99666286
3 62 158 194.014354626
2 63 160 195.99666286
3 64 163 201.823702277
2 65 165 205.014354626
3 66 166 206.819768992
4 67 170 212.5867421
5 68 172 214.014343763
6 69 176 216.765559828
7 70 178 217.086867788
6 71 180 220.819768992
5 72 181 221.823702277
4 73 190 228.014343763
3 74 191 231.819768992
2 75 192 235.5867421
1 76 193 236.765559828
2 77 194 244.06808597
3 78 196 247.309077709
4 79 202 259.10352388
3 80 204 261.06808597
4 81 207 263.714055054
5 82 211 266.181095316
6 83 213 266.789556868
7 84 217 267.309281945
6 85 218 270.10352388
5 86 220 270.309077709
4 87 221 271.181095316
5 88 222 271.324853336
6 89 225 271.48734075
5 90 226 271.714055054
4 91 229 277.789556868
5 92 233 279.510915274
6 93 237 282.971754981
7 94 241 285.295433645
6 95 247 290.10352388
7 96 248 290.753354014
6 97 250 290.971754981
5 98 251 291.324853336
4 99 252 293.510915274
3 100 253 294.324853336
4 101 255 298.729987071
3 102 256 302.295433645
4 103 260 307.379557974
5 104 262 307.787405869
4 105 266 310.753354014
3 106 267 312.787405869
4 107 268 313.483584
3 108 270 313.753354014
4 109 275 321.556643351
3 110 277 324.379557974
2 111 278 324.483584
3 112 281 330.719564948
2 113 285 332.556643351
1 114 286 341.719564948
2 115 287 352.841021891
3 116 289 354.038890942
4 117 291 359.640543075
5 118 297 366.706144144
4 119 301 369.841021891
5 120 302 370.098305325
4 121 304 370.640543075
3 122 309 377.038890942
2 123 310 377.706144144
1 124 311 378.098305325
2 125 312 398.449161512
3 126 316 408.518275841
4 127 318 413.647056577
3 128 322 422.518275841
2 129 325 424.449161512
1 130 326 433.647056577
2 131 327 435.429279162
3 132 329 435.592163406
4 133 333 443.012893659
5 134 337 449.783530362
4 135 339 452.429279162
3 136 340 452.592163406
2 137 345 463.783530362
3 138 346 464.780647319
2 139 348 466.012893659
3 140 349 477.195041551
2 141 355 491.195041551
3 142 356 497.761789407
2 143 360 502.780647319
3 144 361 502.926030842
4 145 363 504.631722136
3 146 365 508.761789407
4 147 366 509.514190524
5 148 370 511.312533017
6 149 374 515.392488032
7 150 376 517.730547233
8 151 378 517.945410612
7 152 384 519.926030842
6 153 388 521.631722136
7 154 389 521.777996732
6 155 391 523.514190524
7 156 394 526.006821979
8 157 398 527.321019519
7 158 400 529.392488032
6 159 401 531.312533017
5 160 402 531.312533017
6 161 403 531.92728817
5 162 405 532.777996732
4 163 408 533.926030842
3 164 411 537.006821979
2 165 414 543.392488032
1 166 415 548.92728817
2 167 416 550.057259225
3 168 418 551.514142082
4 169 422 557.069263124
3 170 426 565.514142082
2 171 427 567.057259225
1 172 430 571.069263124
2 173 431 571.631974157
3 174 435 582.282364984
4 175 437 584.551279258
5 176 439 584.84428209
4 177 441 585.631974157
5 178 442 586.013321882
4 179 452 594.013321882
3 180 453 595.551279258
2 181 454 602.282364984
1 182 455 604.84428209
2 183 457 607.17642162
3 184 459 607.194719706
2 185 464 612.17642162
3 186 467 619.400633989
2 187 471 624.194719706
3 188 472 626.856663045
2 189 474 630.400633989
3 190 477 638.038945159
2 191 481 646.856663045
1 192 482 652.038945159
2 193 483 659.224887074
3 194 485 663.024069341
4 195 489 663.427275509
5 196 491 669.782713236
4 197 493 670.224887074
3 198 498 674.427275509
4 199 499 679.350706558
5 200 501 680.202200916
4 201 505 683.024069341
3 202 508 687.350706558
4 203 511 691.775094255
3 204 513 692.782713236
4 205 514 694.335921896
3 206 516 697.202200916
4 207 519 703.612440978
3 208 523 705.775094255
2 209 526 714.335921896
1 210 527 714.612440978
2 211 528 721.992876798
3 212 530 725.350380959
4 213 532 729.359450309
5 214 534 729.790748712
6 215 540 741.569010522
5 216 541 741.992876798
4 217 543 742.350380959
5 218 546 746.305114567
6 219 549 747.199057798
7 220 552 749.597615015
6 221 559 752.790748712
5 222 560 755.359450309
6 223 561 755.800749809
7 224 563 756.49940483
6 225 564 757.305114567
7 226 565 758.884803621
8 227 570 763.6093879
7 228 572 764.992876798
6 229 574 766.305114567
5 230 576 766.800749809
4 231 579 772.790748712
5 232 583 776.831320678
4 233 585 777.800749809
5 234 586 777.979135671
6 235 588 779.216880357
5 236 589 781.992876798
4 237 599 798.992876798
5 238 600 802.77548555
4 239 601 803.800749809
3 240 603 804.305114567
2 241 605 804.992876798
3 242 608 809.494087252
4 243 611 810.927480598
5 244 612 811.428813403
6 245 616 819.464989074
5 246 618 820.800749809
4 247 624 837.800749809
5 248 625 838.159395523
4 249 627 844.84428209
5 250 630 854.317569762
4 251 631 854.800749809
3 252 638 867.84428209
2 253 641 877.800749809
1 254 643 878.84428209
2 255 644 885.057942999
3 256 646 885.3246222
4 257 647 897.128526845
5 258 650 902.864152625
4 259 653 908.057942999
5 260 654 916.198612644
6 261 655 916.617262676
7 262 656 916.95439374
6 263 660 922.057942999
5 264 662 925.057942999
6 265 663 926.840005439
5 266 667 933.057942999
6 267 668 934.935774124
5 268 671 944.057942999
6 269 673 945.389476816
7 270 674 946.4036846
6 271 678 961.057942999
7 272 679 966.191984873
8 273 682 969.399662515
9 274 683 970.740350111
10 275 684 970.769499152
9 276 685 984.057942999
10 277 691 992.637076574
11 278 692 994.695740181
12 279 693 995.980214712
13 280 694 996.543341678
12 281 701 1004.057943
13 282 704 1010.36782459
14 283 705 1010.76316467
15 284 706 1010.91298743
14 285 709 1012.057943
13 286 712 1013.79074871
12 287 715 1013.79074871
13 288 716 1018.15214204
14 289 717 1018.89324387
13 290 723 1026.057943
12 291 728 1029.057943
11 292 729 1030.79074871
10 293 731 1033.79074871
9 294 734 1034.9928768
10 295 735 1036.76001598
11 296 736 1038.33946991
10 297 747 1046.057943
11 298 748 1046.32846113
12 299 749 1047.35634347
11 300 750 1048.9928768
10 301 754 1050.79074871
11 302 755 1050.7996588
12 303 757 1051.02513027
13 304 758 1052.40294951
14 305 759 1052.72040344
13 306 766 1057.9928768
14 307 772 1062.40473869
13 308 774 1064.79074871
12 309 775 1064.79074871
13 310 776 1066.94278066
12 311 777 1067.79074871
11 312 782 1069.057943
12 313 785 1070.77500697
11 314 786 1072.057943
10 315 788 1072.84428209
9 316 792 1077.9928768
8 317 793 1077.9928768
7 318 798 1080.057943
6 319 799 1081.79074871
5 320 805 1088.9928768
6 321 809 1092.1128468
5 322 811 1094.057943
6 323 812 1095.35339801
5 324 814 1095.79074871
4 325 815 1095.84428209
5 326 816 1096.4166915
6 327 820 1099.79589546
7 328 824 1102.95505945
6 329 825 1103.057943
7 330 826 1107.73627924
6 331 828 1109.1128468
5 332 829 1109.35339801
4 333 835 1113.4166915
5 334 836 1117.08249199
6 335 838 1121.61461051
5 336 843 1122.79589546
4 337 845 1126.1128468
3 338 848 1129.35339801
4 339 851 1136.05953545
3 340 853 1136.79589546
2 341 854 1137.08249199
1 342 857 1147.05953545
2 343 859 1150.38884966
3 344 861 1150.45541216
4 345 864 1151.51173495
5 346 865 1155.74457914
6 347 872 1160.94132215
5 348 874 1164.38884966
4 349 878 1167.38884966
3 350 879 1167.45541216
4 351 880 1173.81252952
3 352 882 1175.74457914
4 353 886 1180.40161605
3 354 890 1187.38884966
2 355 891 1187.81252952
1 356 892 1190.81252952
2 357 893 1192.8604101
3 358 895 1195.82815594
4 359 901 1200.93972266
3 360 905 1209.8604101
2 361 906 1212.82815594
3 362 907 1213.71625437
2 363 909 1214.93972266
3 364 910 1219.82446284
4 365 912 1220.40863477
5 366 916 1223.11740602
6 367 917 1224.66466702
5 368 923 1231.40863477
4 369 924 1233.71625437
5 370 926 1233.86396222
6 371 928 1234.88626884
5 372 930 1236.82446284
6 373 931 1238.30220292
5 374 940 1244.82446284
4 375 941 1247.71625437
3 376 942 1251.40863477
4 377 943 1251.72062145
5 378 949 1259.03207165
4 379 951 1259.71625437
3 380 952 1259.72062145
4 381 953 1261.73339184
3 382 955 1264.82446284
4 383 960 1270.35778036
3 384 965 1275.73339184
4 385 966 1277.4783524
3 386 968 1278.35778036
4 387 969 1279.27809365
5 388 971 1280.27774544
6 389 975 1285.32438357
5 390 977 1287.27809365
4 391 980 1288.71625437
5 392 983 1290.4369849
6 393 985 1290.86287542
7 394 988 1291.58734639
8 395 991 1296.70355096
7 396 993 1297.27774544
6 397 995 1297.4783524
5 398 996 1298.27809365
4 399 998 1298.4369849
5 400 999 1298.85446957
6 401 1002 1300.42723482
7 402 1005 1304.25259129
8 403 1010 1305.97868867
9 404 1011 1306.99540455
8 405 1012 1308.4783524
7 406 1016 1309.27809365
6 407 1017 1309.85446957
7 408 1018 1309.92926633
6 409 1028 1317.27774544
5 410 1029 1317.92926633
6 411 1030 1321.21569538
5 412 1034 1323.27774544
4 413 1035 1323.27809365
3 414 1036 1329.27809365
4 415 1039 1332.2214447
5 416 1041 1335.67564178
4 417 1043 1337.4783524
5 418 1044 1338.53395464
4 419 1048 1341.21569538
3 420 1049 1343.2214447
4 421 1054 1349.65615574
5 422 1056 1353.42325667
4 423 1058 1355.53395464
5 424 1060 1355.83935403
6 425 1064 1358.44979783
7 426 1068 1361.46969502
6 427 1070 1361.67564178
7 428 1071 1363.08154868
6 429 1076 1366.65615574
5 430 1078 1369.67564178
4 431 1079 1370.42325667
5 432 1081 1372.30643465
4 433 1082 1372.65615574
5 434 1084 1375.43893901
4 435 1086 1375.44979783
3 436 1091 1380.67564178
4 437 1094 1383.34627056
5 438 1098 1389.36105535
6 439 1100 1391.27395689
5 440 1102 1392.43893901
6 441 1105 1393.77537604
5 442 1109 1395.43893901
4 443 1111 1395.67564178
5 444 1112 1400.0690911
4 445 1114 1403.36105535
5 446 1116 1404.956663
4 447 1119 1408.27395689
5 448 1121 1408.49637778
4 449 1125 1413.77537604
3 450 1126 1414.36105535
4 451 1129 1415.32999898
5 452 1131 1416.32641104
6 453 1134 1421.34240211
7 454 1135 1423.29826077
8 455 1136 1423.62138871
7 456 1138 1425.27395689
8 457 1141 1426.33725548
9 458 1142 1426.8952875
10 459 1143 1427.73734289
9 460 1145 1429.32999898
8 461 1147 1433.77537604
7 462 1155 1443.32999898
6 463 1157 1444.77537604
5 464 1159 1445.27395689
6 465 1160 1448.60953884
7 466 1161 1451.18565242
6 467 1168 1458.77537604
5 468 1172 1462.27395689
4 469 1173 1463.32999898
5 470 1174 1465.64002032
6 471 1178 1472.17793345
5 472 1182 1475.77537604
6 473 1186 1479.17162114
5 474 1187 1479.27395689
4 475 1189 1479.27395689
5 476 1192 1480.83096997
6 477 1193 1481.4111492
7 478 1194 1482.50322248
6 479 1195 1482.64002032
5 480 1201 1489.77537604
6 481 1204 1495.86791957
5 482 1205 1496.27395689
6 483 1207 1499.32731399
7 484 1211 1500.25987404
6 485 1212 1505.64002032
7 486 1216 1512.05071321
6 487 1218 1512.77537604
5 488 1219 1512.77537604
4 489 1220 1513.27395689
3 490 1224 1519.64002032
2 491 1229 1530.27395689
3 492 1230 1531.00660869
4 493 1232 1534.59919035
3 494 1234 1535.77537604
4 495 1239 1539.54908787
5 496 1240 1543.47167769
6 497 1241 1543.73690428
5 498 1245 1545.00660869
6 499 1246 1546.38208482
7 500 1247 1548.12949403
6 501 1248 1548.59919035
7 502 1252 1551.48764114
8 503 1253 1555.2232407
9 504 1255 1556.39604435
8 505 1257 1559.00660869
7 506 1261 1568.59919035
8 507 1264 1570.90224611
7 508 1266 1574.59919035
8 509 1267 1577.03871985
9 510 1270 1581.90341876
8 511 1272 1582.00660869
7 512 1275 1585.59919035
8 513 1276 1589.93568595
7 514 1284 1608.59919035
6 515 1285 1611.00660869
5 516 1291 1614.59919035
6 517 1293 1617.23608618
7 518 1298 1619.84303194
8 519 1301 1623.46880743
7 520 1302 1623.65615574
8 521 1304 1624.24921443
7 522 1306 1628.00660869
6 523 1308 1630.43893901
5 524 1312 1634.59919035
4 525 1317 1641.43893901
3 526 1318 1643.65615574
4 527 1319 1643.66841726
5 528 1325 1652.52203789
4 529 1327 1654.00660869
3 530 1329 1657.59919035
4 531 1332 1660.5717938
3 532 1334 1660.66841726
4 533 1335 1662.02154283
5 534 1337 1663.17290916
4 535 1339 1663.52203789
3 536 1343 1670.02154283
4 537 1346 1670.6547628
5 538 1348 1671.06397563
4 539 1352 1677.5717938
5 540 1357 1681.65201937
4 541 1359 1681.6547628
5 542 1360 1683.4235682
4 543 1364 1689.52203789
3 544 1365 1691.5717938
2 545 1366 1692.6547628
3 546 1369 1705.54175155
2 547 1371 1706.52203789
3 548 1374 1718.77630084
4 549 1378 1724.15377219
3 550 1380 1725.54175155
2 551 1381 1729.77630084
3 552 1384 1734.77782096
2 553 1386 1735.15377219
3 554 1389 1744.92936799
4 555 1393 1746.95686305
3 556 1395 1749.92936799
4 557 1396 1752.12572886
3 558 1400 1754.77782096
4 559 1401 1758.09599715
3 560 1407 1763.95686305
4 561 1408 1764.10269121
3 562 1410 1769.09599715
2 563 1411 1769.12572886
1 564 1415 1775.10269121
2 565 1417 1788.30433225
3 566 1419 1791.00818324
2 567 1423 1799.00818324
3 568 1426 1813.50736464
4 569 1428 1814.11354553
3 570 1429 1814.30433225
2 571 1436 1821.50736464
3 572 1437 1826.7951678
2 573 1441 1831.30433225
1 574 1442 1840.7951678
2 575 1443 1854.29304064
3 576 1445 1860.76503623
4 577 1447 1860.90167659
5 578 1449 1863.21363472
6 579 1454 1872.62065408
7 580 1455 1873.51596822
8 581 1458 1876.0020666
9 582 1459 1876.8665449
8 583 1461 1877.29304064
9 584 1464 1881.21823696
8 585 1467 1883.90167659
7 586 1470 1886.76503623
8 587 1473 1888.13101278
9 588 1474 1890.72130341
10 589 1475 1891.20767041
9 590 1479 1895.00660869
8 591 1485 1897.76503623
7 592 1486 1900.29304064
8 593 1488 1902.86423409
7 594 1490 1903.90167659
8 595 1496 1906.24396429
9 596 1497 1907.51750675
8 597 1498 1908.76503623
9 598 1501 1911.20284071
8 599 1502 1911.76503623
7 600 1504 1911.76503623
6 601 1511 1917.29304064
5 602 1512 1918.00660869
6 603 1515 1919.00354166
5 604 1517 1920.90167659
4 605 1518 1921.00660869
5 606 1523 1928.54880388
4 607 1525 1928.76503623
3 608 1526 1931.29304064
2 609 1527 1931.90167659
3 610 1528 1932.24416545
4 611 1530 1933.64835087
3 612 1538 1943.24416545
4 613 1539 1943.98813063
3 614 1541 1948.54880388
4 615 1542 1949.96938059
3 616 1544 1953.64835087
4 617 1549 1964.34831388
3 618 1551 1966.98813063
2 619 1554 1969.96938059
3 620 1555 1970.81698068
2 621 1557 1975.34831388
3 622 1558 1983.14383732
4 623 1562 1985.53330349
5 624 1564 1992.57758116
4 625 1566 1993.81698068
5 626 1574 2001.46900198
4 627 1576 2006.57758116
3 628 1577 2008.53330349
2 629 1578 2012.14383732
3 630 1581 2018.5607084
2 631 1583 2027.46900198
1 632 1586 2044.5607084
2 633 1587 2053.25112344
3 634 1589 2054.66140914
4 635 1591 2056.07283998
5 636 1595 2060.94973717
6 637 1599 2065.45003047
7 638 1601 2066.92899789
6 639 1602 2067.07283998
5 640 1604 2067.25112344
6 641 1606 2067.364284
7 642 1610 2068.89582344
6 643 1614 2071.66140914
7 644 1615 2072.37040634
6 645 1625 2077.66140914
5 646 1626 2078.07283998
4 647 1627 2079.45003047
3 648 1628 2080.94973717
2 649 1629 2082.89582344
1 650 1630 2083.37040634
2 651 1631 2084.60724563
3 652 1633 2086.0139453
4 653 1639 2101.43299599
5 654 1641 2103.13495951
4 655 1643 2104.60724563
5 656 1644 2105.20742308
4 657 1646 2106.0139453
5 658 1651 2111.47838261
6 659 1653 2112.70798361
5 660 1657 2117.13495951
4 661 1660 2118.43299599
3 662 1665 2128.47838261
2 663 1666 2129.70798361
1 664 1667 2131.20742308
2 665 1668 2138.06996921
3 666 1672 2142.3707216
4 667 1676 2149.36630152
3 668 1678 2153.3707216
2 669 1680 2155.06996921
3 670 1681 2164.18289735
2 671 1686 2169.36630152
3 672 1689 2179.60600591
4 673 1691 2181.47296023
5 674 1693 2184.69168173
4 675 1694 2187.18289735
5 676 1696 2187.38546064
6 677 1698 2187.9182501
5 678 1702 2190.60600591
4 679 1708 2196.60600591
5 680 1709 2197.13537371
4 681 1712 2198.47296023
3 682 1714 2201.18289735
4 683 1715 2201.21958806
5 684 1718 2201.95770023
6 685 1719 2203.57750718
5 686 1720 2204.60600591
6 687 1723 2207.26464852
7 688 1729 2209.68468815
8 689 1730 2211.31445729
9 690 1731 2211.53262833
8 691 1735 2215.47296023
7 692 1738 2215.60600591
8 693 1739 2215.77443392
7 694 1741 2218.47296023
6 695 1742 2218.60600591
7 696 1743 2220.19414072
6 697 1745 2221.21958806
7 698 1751 2222.64076485
6 699 1752 2226.47296023
7 700 1756 2228.68484246
8 701 1757 2229.58849717
7 702 1759 2232.21958806
6 703 1760 2232.60600591
7 704 1761 2235.79343045
6 705 1765 2238.60600591
5 706 1769 2243.47296023
6 707 1772 2250.35687655
7 708 1773 2250.39566745
8 709 1774 2250.5731159
9 710 1777 2252.84749996
8 711 1779 2255.21958806
7 712 1781 2257.47296023
6 713 1782 2261.60600591
7 714 1784 2264.27165582
8 715 1788 2266.20403601
7 716 1791 2274.47296023
6 717 1796 2275.21958806
5 718 1798 2278.60600591
4 719 1802 2281.60600591
3 720 1807 2292.21958806
4 721 1808 2294.23468421
3 722 1810 2294.47296023
2 723 1811 2295.60600591
1 724 1814 2305.23468421
2 725 1815 2305.80453644
3 726 1819 2327.58314134
2 727 1821 2328.80453644
3 728 1825 2335.06062077
2 729 1827 2338.58314134
3 730 1828 2339.26449676
4 731 1836 2350.84676418
3 732 1838 2353.26449676
2 733 1839 2355.06062077
3 734 1840 2355.42208586
4 735 1846 2366.47337941
3 736 1850 2367.84676418
4 737 1851 2370.25224332
5 738 1853 2370.99556104
4 739 1854 2371.47337941
3 740 1856 2375.42208586
4 741 1864 2386.85300192
3 742 1866 2387.25224332
2 743 1867 2388.47337941
3 744 1868 2397.83137941
4 745 1871 2398.47614328
5 746 1872 2398.5350151
6 747 1875 2398.7631911
5 748 1882 2406.85300192
6 749 1884 2407.90167217
7 750 1888 2410.46717988
6 751 1890 2411.83137941
5 752 1893 2414.83137941
4 753 1894 2417.83137941
3 754 1895 2418.5350151
4 755 1896 2419.96045486
3 756 1898 2424.46717988
2 757 1899 2424.5350151
1 758 1902 2433.96045486
2 759 1903 2437.46198479
3 760 1907 2447.67519417
4 761 1909 2448.38019313
5 762 1911 2455.05498419
4 763 1917 2460.46198479
3 764 1918 2462.38019313
4 765 1919 2464.15525852
3 766 1921 2467.67519417
4 767 1924 2473.34524024
5 768 1928 2474.99847277
6 769 1929 2475.7085592
7 770 1930 2476.51724903
6 771 1931 2478.15525852
5 772 1935 2480.46198479
4 773 1937 2490.34524024
5 774 1943 2497.87269601
6 775 1944 2499.44452214
5 776 1947 2501.15525852
4 777 1950 2503.46198479
5 778 1951 2505.1299648
6 779 1952 2506.48250166
5 780 1954 2507.34524024
6 781 1955 2509.02977491
7 782 1960 2514.02174857
6 783 1965 2514.46198479
5 784 1966 2515.15525852
4 785 1968 2518.34524024
5 786 1973 2522.19356347
4 787 1974 2522.46198479
5 788 1978 2526.1755349
4 789 1980 2528.46198479
3 790 1982 2529.15525852
2 791 1983 2532.15525852
3 792 1984 2532.66042208
4 793 1987 2535.21381559
5 794 1988 2535.33307851
6 795 1993 2540.32040355
7 796 1994 2541.54634432
6 797 1995 2543.1755349
5 798 1997 2543.66042208
6 799 1999 2544.25940522
7 800 2000 2547.52802237
8 801 2001 2551.67139779
9 802 2009 2555.31242985
10 803 2010 2558.3154885
9 804 2012 2560.1755349
10 805 2013 2560.39200645
11 806 2014 2560.87874293
12 807 2016 2568.64762373
11 808 2021 2569.66042208
10 809 2025 2578.80453644
11 810 2026 2578.92455435
10 811 2029 2580.1755349
9 812 2030 2580.1755349
8 813 2032 2581.80453644
9 814 2037 2588.02370382
10 815 2038 2588.1642449
9 816 2040 2589.66042208
8 817 2042 2592.80453644
7 818 2053 2597.66042208
6 819 2054 2600.80453644
7 820 2056 2602.17615678
6 821 2058 2603.1755349
5 822 2063 2606.1755349
4 823 2066 2608.80453644
3 824 2067 2610.42208586
2 825 2070 2617.1755349
1 826 2071 2617.66042208
2 827 2072 2622.7425374
3 828 2076 2627.31425474
4 829 2078 2629.14600834
3 830 2080 2630.7425374
4 831 2083 2632.33574038
5 832 2086 2634.29710099
6 833 2087 2637.18703571
5 834 2089 2638.31425474
6 835 2092 2641.36116158
5 836 2099 2646.33574038
4 837 2102 2649.14600834
3 838 2103 2649.33574038
2 839 2104 2649.36116158
3 840 2105 2655.89229053
2 841 2107 2657.18703571
3 842 2108 2665.48412527
4 843 2112 2669.29603257
5 844 2114 2670.35926938
6 845 2118 2672.51216341
5 846 2123 2675.89229053
4 847 2125 2679.48412527
3 848 2128 2683.29603257
4 849 2129 2683.40702313
5 850 2131 2684.40855562
4 851 2133 2686.89229053
3 852 2134 2687.35926938
4 853 2135 2690.42179154
3 854 2139 2695.40855562
4 855 2140 2697.74764922
5 856 2146 2701.81112693
4 857 2150 2707.42179154
3 858 2151 2708.74764922
4 859 2154 2712.10141753
3 860 2156 2715.40702313
2 861 2159 2724.81112693
1 862 2160 2732.10141753
2 863 2161 2734.4681676
3 864 2163 2738.00515035
4 865 2167 2744.10834198
5 866 2169 2744.2737873
4 867 2177 2748.4681676
3 868 2178 2749.00515035
2 869 2179 2752.2737873
1 870 2180 2755.10834198
2 871 2181 2762.97088647
3 872 2185 2765.60472698
4 873 2187 2765.91802118
3 874 2191 2776.97088647
4 875 2192 2777.02516433
5 876 2195 2778.86478207
4 877 2199 2779.60472698
5 878 2201 2782.04940664
6 879 2203 2784.35976253
5 880 2212 2794.02516433
4 881 2213 2794.91802118
3 882 2214 2799.04940664
4 883 2215 2800.326941
3 884 2219 2801.86478207
4 885 2220 2803.87976465
5 886 2222 2803.9374742
6 887 2225 2804.97269403
7 888 2226 2806.31459438
6 889 2227 2808.02516433
7 890 2233 2810.88688857
6 891 2236 2814.326941
5 892 2238 2814.87976465
4 893 2244 2819.326941
3 894 2245 2820.9374742
2 895 2246 2825.02516433
1 896 2247 2826.9374742
2 897 2248 2834.50870153
3 898 2250 2837.11249615
4 899 2252 2837.52658125
5 900 2256 2839.80134497
6 901 2261 2844.39830513
7 902 2265 2845.75849048
6 903 2267 2848.11249615
5 904 2268 2848.50870153
4 905 2269 2848.52658125
3 906 2273 2853.80134497
2 907 2277 2860.52658125
1 908 2278 2862.11249615
2 909 2279 2874.54007312
3 910 2283 2902.21956099
4 911 2285 2902.47406697
3 912 2287 2903.54007312
4 913 2288 2906.55989576
5 914 2291 2909.001907
6 915 2297 2914.5022249
5 916 2299 2919.21956099
4 917 2300 2919.47406697
5 918 2303 2921.38602359
4 919 2305 2922.21956099
5 920 2308 2924.37105247
6 921 2309 2927.13078591
7 922 2310 2928.69654616
6 923 2312 2930.21956099
7 924 2315 2933.78587004
6 925 2316 2941.38602359
5 926 2319 2941.55989576
6 927 2322 2944.25074556
7 928 2323 2944.41061943
8 929 2324 2946.77934205
9 930 2325 2948.01128271
8 931 2331 2953.21956099
9 932 2332 2961.25498588
8 933 2334 2961.38602359
7 934 2338 2961.55989576
6 935 2348 2969.55989576
7 936 2349 2970.15289781
8 937 2350 2971.98279933
7 938 2351 2975.55989576
6 939 2355 2979.21956099
5 940 2356 2981.55989576
4 941 2357 2984.38602359
5 942 2360 2984.41722181
4 943 2363 2986.55989576
3 944 2364 2990.21956099
2 945 2368 2995.38602359
3 946 2369 2995.85889484
4 947 2371 2997.58199417
5 948 2373 3000.2345681
4 949 2375 3001.38602359
3 950 2380 3005.58199417
2 951 2384 3008.2345681
3 952 2385 3008.75039135
2 953 2389 3012.85889484
3 954 2390 3022.27941835
2 955 2392 3025.75039135
3 956 2393 3033.20255966
4 957 2396 3033.6450805
5 958 2397 3035.15662375
6 959 2404 3038.97526286
5 960 2408 3042.27941835
4 961 2409 3046.15662375
5 962 2410 3047.08586471
4 963 2412 3047.20255966
3 964 2415 3053.20255966
2 965 2416 3055.97526286
3 966 2419 3061.99109971
4 967 2421 3062.67307011
3 968 2423 3064.08586471
4 969 2425 3067.92789517
3 970 2432 3073.67307011
4 971 2434 3074.87300213
3 972 2435 3075.99109971
4 973 2437 3075.99725151
5 974 2443 3078.14003469
6 975 2445 3081.52270502
5 976 2447 3081.92789517
4 977 2448 3087.92789517
3 978 2449 3087.92789517
4 979 2451 3088.10652548
3 980 2460 3098.14003469
2 981 2461 3099.10652548
1 982 2462 3101.52270502
2 983 2463 3103.63574345
3 984 2467 3111.01839808
2 985 2469 3114.63574345
1 986 2472 3125.01839808
2 987 2473 3143.7693881
3 988 2475 3146.76632283
4 989 2477 3150.76405038
5 990 2483 3154.29205525
6 991 2484 3156.73156125
5 992 2486 3157.76632283
4 993 2488 3157.7693881
5 994 2489 3158.17880814
6 995 2493 3158.89631335
5 996 2499 3162.76632283
4 997 2503 3170.76405038
3 998 2504 3170.76632283
4 999 2505 3171.30488441
3 1000 2507 3173.76405038
2 1001 2508 3174.7693881
3 1002 2511 3178.57977877
4 1003 2513 3182.64963119
3 1004 2515 3185.30488441
4 1005 2516 3187.29197578
5 1006 2520 3189.83080204
6 1007 2521 3190.02349928
7 1008 2524 3194.63286758
6 1009 2527 3196.64963119
5 1010 2529 3198.57977877
6 1011 2537 3206.99759906
7 1012 2538 3209.87460546
6 1013 2540 3210.29197578
5 1014 2541 3212.57977877
6 1015 2543 3213.02279661
5 1016 2544 3213.64963119
4 1017 2546 3213.64963119
5 1018 2549 3215.59358963
4 1019 2555 3221.64963119
5 1020 2557 3226.19241319
4 1021 2561 3232.57977877
3 1022 2562 3233.29197578
2 1023 2563 3235.64963119
1 1024 2564 3235.64963119
2 1025 2566 3236.84289774
3 1026 2568 3239.57854011
4 1027 2570 3240.33193329
5 1028 2572 3245.1048686
6 1029 2577 3250.69012155
5 1030 2579 3253.57854011
6 1031 2582 3261.4853658
5 1032 2584 3262.84289774
6 1033 2587 3267.9709287
5 1034 2589 3270.57854011
4 1035 2590 3270.84289774
3 1036 2596 3287.57854011
2 1037 2598 3287.84289774
3 1038 2600 3289.66999899
2 1039 2604 3295.57854011
3 1040 2608 3304.7417123
2 1041 2610 3306.66999899
3 1042 2611 3312.5035381
4 1043 2613 3314.26221862
5 1044 2615 3315.42349723
6 1045 2619 3321.49987062
5 1046 2626 3329.42349723
4 1047 2628 3333.7417123
5 1048 2629 3338.08476119
4 1049 2631 3338.5035381
3 1050 2636 3340.26221862
2 1051 2637 3346.42349723
1 1052 2638 3352.08476119
2 1053 2639 3363.42853311
3 1054 2641 3367.25536674
4 1055 2643 3369.84359391
5 1056 2647 3375.23826823
6 1057 2649 3376.02002815
5 1058 2653 3378.25536674
4 1059 2660 3389.25536674
3 1060 2661 3389.84359391
2 1061 2662 3392.42853311
1 1062 2663 3398.23826823
2 1063 2664 3398.53036449
3 1064 2666 3398.94153631
4 1065 2670 3402.54970698
5 1066 2673 3405.65368056
4 1067 2679 3412.53036449
3 1068 2680 3412.94153631
2 1069 2681 3413.54970698
3 1070 2682 3415.09603826
2 1071 2684 3421.94153631
3 1072 2687 3427.36370776
2 1073 2689 3432.09603826
3 1074 2690 3433.70050305
4 1075 2692 3440.2426611
3 1076 2698 3444.36370776
4 1077 2701 3447.46821815
5 1078 2703 3452.31567825
4 1079 2706 3454.2426611
5 1080 2711 3461.60465894
4 1081 2713 3462.70050305
3 1082 2714 3464.46821815
2 1083 2717 3469.31567825
3 1084 2718 3471.08262287
4 1085 2720 3477.28054696
3 1086 2724 3481.60465894
2 1087 2727 3491.08262287
3 1088 2728 3494.05918747
2 1089 2730 3494.28054696
3 1090 2731 3496.28097946
4 1091 2737 3500.86743303
3 1092 2739 3502.05918747
2 1093 2740 3507.28097946
3 1094 2741 3516.45692047
4 1095 2745 3520.98717595
5 1096 2749 3525.73630417
6 1097 2751 3527.41862388
5 1098 2753 3527.45692047
4 1099 2756 3529.86743303
3 1100 2759 3536.73630417
2 1101 2762 3538.41862388
1 1102 2763 3546.98717595
2 1103 2764 3556.74234726
1 1104 2768 3564.74234726
2 1105 2769 3567.0473368
1 1106 2773 3581.0473368
2 1107 2774 3582.04091506
1 1108 2778 3593.04091506
2 1109 2779 3597.2322116
3 1110 2781 3597.4925053
4 1111 2785 3601.23395945
3 1112 2787 3605.4925053
4 1113 2788 3606.8326841
5 1114 2792 3611.06319623
6 1115 2794 3614.81624128
7 1116 2796 3616.19989507
6 1117 2800 3617.2322116
5 1118 2809 3627.23395945
4 1119 2810 3628.06319623
3 1120 2811 3629.8326841
2 1121 2812 3631.81624128
3 1122 2813 3637.2187978
2 1123 2815 3637.2322116
3 1124 2818 3641.46702216
4 1125 2819 3641.65620152
3 1126 2827 3652.65620152
4 1127 2828 3658.63775892
3 1128 2830 3660.2187978
2 1129 2831 3660.2187978
3 1130 2832 3660.68313364
4 1131 2836 3667.40754588
3 1132 2838 3669.63775892
4 1133 2841 3672.57471404
5 1134 2845 3679.06930046
4 1135 2847 3681.40754588
3 1136 2851 3683.68313364
4 1137 2853 3684.46380374
3 1138 2854 3686.57471404
2 1139 2859 3699.06930046
1 1140 2860 3699.06930046
2 1141 2861 3701.24838735
3 1142 2863 3705.89542048
4 1143 2865 3707.3528844
5 1144 2873 3716.28267071
4 1145 2875 3718.24838735
5 1146 2876 3719.45169968
4 1147 2878 3722.89542048
3 1148 2879 3724.3528844
2 1149 2884 3735.24838735
3 1150 2886 3738.51338485
2 1151 2887 3745.89542048
1 1152 2890 3758.51338485
2 1153 2891 3760.85707032
3 1154 2893 3763.77302576
4 1155 2899 3774.09135851
5 1156 2901 3774.61925744
4 1157 2902 3777.77302576
5 1158 2905 3778.18898713
4 1159 2906 3780.85707032
3 1160 2912 3788.09135851
2 1161 2913 3794.77302576
3 1162 2914 3796.24138654
4 1163 2916 3797.09947366
5 1164 2918 3800.2953264
4 1165 2920 3800.77302576
5 1166 2927 3810.67038121
4 1167 2929 3811.09947366
3 1168 2930 3813.24138654
4 1169 2931 3814.66731208
5 1170 2933 3817.14251711
6 1171 2934 3819.0757073
5 1172 2936 3820.2953264
6 1173 2939 3823.82098955
7 1174 2942 3828.09880202
8 1175 2943 3830.59230785
7 1176 2947 3834.09947366
6 1177 2949 3843.66731208
5 1178 2955 3846.2953264
4 1179 2957 3848.66731208
5 1180 2958 3848.94140754
6 1181 2961 3851.56083517
5 1182 2963 3854.09947366
6 1183 2968 3857.98348327
5 1184 2971 3860.2953264
4 1185 2975 3862.66731208
3 1186 2976 3865.09947366
4 1187 2978 3866.77081437
5 1188 2980 3867.63858557
4 1189 2981 3868.2953264
5 1190 2986 3876.56875196
4 1191 2991 3881.2322116
3 1192 2993 3882.2953264
4 1193 2995 3883.1996896
3 1194 2997 3886.77081437
2 1195 3001 3892.2322116
1 1196 3006 3903.77081437
2 1197 3007 3912.79092171
3 1198 3009 3913.14992663
4 1199 3015 3926.532604
3 1200 3016 3929.79092171
4 1201 3019 3931.61171616
3 1202 3020 3936.14992663
4 1203 3021 3942.27888466
3 1204 3026 3946.79092171
2 1205 3027 3946.79092171
3 1206 3030 3955.57100095
4 1207 3032 3960.18887191
5 1208 3035 3965.61580222
6 1209 3036 3967.05011897
5 1210 3037 3968.27888466
4 1211 3042 3978.57100095
3 1212 3045 3985.27888466
4 1213 3047 3986.14820713
3 1214 3051 3986.57100095
4 1215 3053 3988.15201919
3 1216 3054 3993.27888466
4 1217 3059 3993.70631564
3 1218 3061 4000.57100095
2 1219 3063 4006.57100095
1 1220 3066 4014.57100095
2 1221 3067 4021.16813885
3 1222 3069 4022.04678363
4 1223 3072 4029.67506385
3 1224 3073 4038.16813885
2 1225 3077 4052.16813885
1 1226 3081 4066.16813885
2 1227 3082 4071.91235216
3 1228 3084 4073.95397807
4 1229 3085 4082.05686941
5 1230 3086 4082.9437186
6 1231 3092 4091.47218314
5 1232 3094 4091.91235216
6 1233 3100 4100.90074783
7 1234 3106 4104.08050106
6 1235 3107 4106.09947366
5 1236 3108 4108.91235216
4 1237 3110 4109.09947366
5 1238 3113 4111.9710437
6 1239 3117 4118.77497392
5 1240 3119 4119.91235216
6 1241 3120 4120.43913982
5 1242 3121 4121.41531982
6 1243 3127 4125.2504453
7 1244 3132 4132.0927894
8 1245 3133 4132.25446647
7 1246 3135 4134.9710437
6 1247 3136 4138.2953264
5 1248 3138 4139.91235216
6 1249 3141 4140.63861673
5 1250 3142 4141.41531982
6 1251 3146 4142.89267587
5 1252 3148 4145.9710437
6 1253 3149 4146.94409957
5 1254 3152 4148.9710437
6 1255 3154 4149.16832818
5 1256 3158 4152.2953264
4 1257 3161 4153.91235216
3 1258 3166 4162.89267587
4 1259 3167 4163.49117355
5 1260 3169 4164.17690942
6 1261 3171 4164.68283927
7 1262 3172 4168.05327136
8 1263 3173 4168.60463903
7 1264 3179 4172.2953264
6 1265 3181 4175.17690942
7 1266 3184 4177.34842684
6 1267 3186 4180.17690942
5 1268 3188 4180.49117355
4 1269 3189 4180.9710437
5 1270 3191 4183.4705822
6 1271 3192 4184.38815341
7 1272 3195 4184.92656085
6 1273 3203 4191.49117355
7 1274 3204 4194.41426389
6 1275 3206 4197.17690942
7 1276 3210 4199.56260022
6 1277 3214 4207.2953264
5 1278 3215 4207.38815341
4 1279 3216 4207.38815341
5 1280 3219 4208.69066018
4 1281 3223 4210.2953264
5 1282 3224 4215.35047226
4 1283 3226 4217.41426389
3 1284 3231 4222.56260022
4 1285 3232 4227.87402817
3 1286 3234 4228.69066018
2 1287 3235 4229.35047226
3 1288 3236 4233.04720167
4 1289 3240 4238.92481858
3 1290 3244 4244.87402817
4 1291 3245 4244.89833238
3 1292 3249 4255.92481858
2 1293 3250 4256.04720167
3 1294 3253 4262.80124736
2 1295 3255 4264.89833238
3 1296 3256 4267.34752143
2 1297 3260 4273.80124736
3 1298 3263 4284.18762155
2 1299 3265 4287.34752143
3 1300 3268 4295.89734059
2 1301 3272 4298.18762155
1 1302 3274 4300.89734059
2 1303 3276 4304.25050973
1 1304 3280 4315.25050973
2 1305 3281 4347.63781989
3 1306 3283 4348.42327254
4 1307 3285 4349.9690406
3 1308 3293 4358.63781989
4 1309 3294 4359.92006359
5 1310 3296 4360.19637334
6 1311 3297 4360.38108356
7 1312 3298 4360.50497018
6 1313 3299 4360.9690406
5 1314 3302 4365.42327254
6 1315 3305 4377.02039461
5 1316 3307 4377.9690406
6 1317 3310 4378.86150693
7 1318 3313 4380.58640243
6 1319 3317 4388.92006359
5 1320 3319 4388.9690406
4 1321 3321 4391.42327254
5 1322 3322 4391.72743622
6 1323 3325 4395.14695385
7 1324 3328 4397.1872414
8 1325 3331 4398.90324928
7 1326 3333 4399.9690406
8 1327 3334 4404.47550578
7 1328 3341 4408.42327254
6 1329 3343 4408.92006359
7 1330 3346 4410.99447328
6 1331 3348 4416.9690406
7 1332 3351 4419.30797861
6 1333 3356 4419.92006359
7 1334 3357 4421.8355281
6 1335 3358 4425.42327254
7 1336 3362 4428.7999306
6 1337 3364 4429.70736065
7 1338 3368 4431.15722324
8 1339 3369 4431.27373988
7 1340 3370 4433.42327254
6 1341 3376 4436.92006359
5 1342 3380 4439.92006359
4 1343 3381 4440.70736065
5 1344 3382 4440.72590225
4 1345 3384 4444.42327254
3 1346 3385 4445.9690406
4 1347 3390 4453.18406878
5 1348 3392 4453.98506753
4 1349 3396 4459.92006359
3 1350 3399 4461.98506753
4 1351 3400 4466.6693895
5 1352 3402 4466.69313705
4 1353 3404 4466.72590225
5 1354 3405 4470.88974655
6 1355 3408 4471.47942977
5 1356 3409 4473.18406878
4 1357 3417 4484.88974655
3 1358 3418 4486.69313705
2 1359 3420 4489.6693895
1 1360 3422 4493.88974655
2 1361 3423 4513.53965077
3 1362 3428 4517.41865093
2 1363 3432 4524.53965077
1 1364 3433 4524.53965077
2 1365 3434 4537.71852839
3 1366 3436 4549.32054244
4 1367 3439 4551.47568635
3 1368 3445 4557.71852839
2 1369 3446 4557.71852839
1 1370 3447 4566.32054244
2 1371 3448 4566.60519101
3 1372 3452 4582.5562668
2 1373 3454 4583.60519101
3 1374 3457 4590.19910702
4 1375 3461 4597.90609154
3 1376 3463 4599.5562668
2 1377 3465 4604.19910702
3 1378 3468 4611.16876415
4 1379 3470 4613.72917834
5 1380 3471 4614.0156076
6 1381 3473 4617.09082634
7 1382 3476 4619.21480834
8 1383 3477 4619.88221911
7 1384 3479 4623.90609154
8 1385 3480 4624.79098617
9 1386 3481 4624.82632058
10 1387 3484 4628.28591224
9 1388 3486 4631.16876415
10 1389 3487 4631.99538909
11 1390 3488 4637.56994201
12 1391 3489 4638.49761452
13 1392 3490 4639.63921851
14 1393 3491 4639.87980362
13 1394 3495 4640.90609154
12 1395 3500 4648.16876415
13 1396 3501 4650.75133598
14 1397 3509 4657.03920397
13 1398 3510 4660.90609154
12 1399 3511 4660.90609154
11 1400 3513 4663.90609154
10 1401 3515 4665.16876415
9 1402 3516 4665.16876415
10 1403 3517 4667.25034396
9 1404 3525 4685.16876415
8 1405 3531 4686.90609154
7 1406 3532 4690.16876415
8 1407 3533 4690.58870366
7 1408 3535 4693.16876415
6 1409 3540 4696.16876415
5 1410 3544 4706.90609154
6 1411 3545 4710.01352198
5 1412 3547 4710.16876415
6 1413 3553 4718.76333335
7 1414 3558 4726.70650932
6 1415 3559 4726.90609154
5 1416 3562 4726.99872219
4 1417 3564 4727.16876415
5 1418 3566 4727.73677044
6 1419 3569 4732.64670182
7 1420 3571 4736.16957934
6 1421 3576 4740.99872219
7 1422 3577 4744.36274439
8 1423 3578 4746.19873691
7 1424 3579 4746.90609154
6 1425 3581 4749.90609154
7 1426 3582 4750.4019491
6 1427 3588 4757.99872219
5 1428 3590 4763.90609154
6 1429 3595 4768.54560679
5 1430 3597 4771.90609154
6 1431 3598 4773.0142061
7 1432 3599 4777.48879034
6 1433 3602 4777.99872219
7 1434 3604 4778.89722093
8 1435 3609 4782.53728644
7 1436 3613 4791.99872219
6 1437 3614 4791.99872219
5 1438 3615 4794.99872219
6 1439 3618 4803.03171015
7 1440 3619 4803.4955876
6 1441 3621 4803.90609154
7 1442 3622 4805.61576623
8 1443 3623 4806.65815106
9 1444 3626 4812.36868529
10 1445 3627 4812.87892802
9 1446 3629 4814.99872219
10 1447 3630 4816.57608596
9 1448 3633 4820.90609154
10 1449 3634 4826.86123903
11 1450 3637 4828.266024
12 1451 3638 4828.30555061
11 1452 3647 4837.90609154
10 1453 3648 4840.90609154
9 1454 3649 4840.99872219
10 1455 3651 4841.52229876
11 1456 3652 4844.40039359
12 1457 3653 4845.50469184
11 1458 3661 4851.90609154
10 1459 3665 4857.99872219
9 1460 3667 4859.90609154
10 1461 3668 4860.55596953
9 1462 3669 4860.90609154
10 1463 3670 4862.6834687
9 1464 3671 4866.90609154
10 1465 3674 4867.58714558
9 1466 3678 4870.90609154
8 1467 3681 4871.99872219
7 1468 3685 4878.90609154
8 1469 3686 4881.04602814
7 1470 3691 4882.99872219
8 1471 3693 4883.65291568
9 1472 3694 4886.22649263
8 1473 3695 4888.99872219
9 1474 3697 4891.59952605
8 1475 3701 4896.99872219
7 1476 3710 4901.90609154
8 1477 3711 4902.53106022
9 1478 3715 4903.90190334
8 1479 3719 4905.99872219
7 1480 3720 4906.90609154
6 1481 3721 4907.90609154
5 1482 3722 4912.90609154
6 1483 3724 4914.42211659
5 1484 3726 4914.4260943
6 1485 3727 4914.54205305
7 1486 3729 4915.90960917
8 1487 3732 4916.39990948
7 1488 3739 4925.99872219
6 1489 3741 4934.4260943
5 1490 3744 4935.90609154
4 1491 3748 4937.4260943
3 1492 3749 4939.99872219
2 1493 3750 4942.4260943
1 1494 3753 4949.90609154
2 1495 3755 4956.82783868
3 1496 3760 4965.67605511
4 1497 3762 4966.24613683
3 1498 3763 4973.82783868
4 1499 3768 4981.96823639
3 1500 3774 4988.67605511
4 1501 3775 4988.86090523
3 1502 3777 4990.82783868
4 1503 3779 4991.42869826
3 1504 3780 4995.96823639
4 1505 3781 4998.7738658
3 1506 3786 5005.86090523
4 1507 3787 5006.03906126
5 1508 3791 5007.83256847
6 1509 3795 5009.15163503
5 1510 3796 5011.86090523
6 1511 3798 5014.23963661
7 1512 3802 5016.06282805
8 1513 3803 5016.25233418
7 1514 3805 5018.7738658
6 1515 3807 5018.83256847
5 1516 3809 5020.03906126
4 1517 3810 5021.83256847
5 1518 3813 5024.72327845
6 1519 3815 5026.03328612
5 1520 3817 5026.83256847
4 1521 3825 5035.7738658
3 1522 3828 5037.03906126
4 1523 3829 5039.02465653
3 1524 3833 5041.7738658
4 1525 3834 5042.19174954
3 1526 3838 5046.83256847
2 1527 3841 5050.02465653
1 1528 3842 5053.19174954
2 1529 3843 5058.72736468
3 1530 3847 5063.92155699
2 1531 3849 5069.72736468
3 1532 3852 5079.84024207
4 1533 3854 5080.9130737
3 1534 3856 5080.92155699
4 1535 3861 5091.59482327
3 1536 3863 5091.9130737
4 1537 3864 5093.96106173
3 1538 3870 5099.84024207
2 1539 3871 5102.59482327
3 1540 3872 5104.46187052
2 1541 3874 5104.96106173
3 1542 3877 5118.55900758
4 1543 3880 5120.00393665
3 1544 3881 5121.46187052
4 1545 3882 5123.60785423
5 1546 3884 5124.636986
6 1547 3886 5125.26924914
7 1548 3890 5129.92709966
6 1549 3895 5132.55900758
5 1550 3897 5137.60785423
4 1551 3899 5138.55900758
3 1552 3900 5138.636986
4 1553 3901 5139.11789268
3 1554 3905 5145.60785423
4 1555 3906 5148.01412492
5 1556 3909 5148.88808752
6 1557 3917 5152.03051248
5 1558 3919 5153.11789268
6 1559 3920 5154.16963904
5 1560 3924 5158.55900758
4 1561 3925 5159.01412492
3 1562 3926 5162.01412492
4 1563 3927 5163.00942715
5 1564 3931 5166.81878672
4 1565 3934 5167.11789268
5 1566 3938 5171.84832085
4 1567 3940 5172.55900758
3 1568 3941 5174.00942715
4 1569 3942 5174.29747128
3 1570 3944 5175.11789268
2 1571 3947 5180.55900758
1 1572 3950 5185.29747128
2 1573 3951 5206.65276898
3 1574 3955 5213.80724596
4 1575 3957 5219.09955207
5 1576 3959 5222.99052987
4 1577 3961 5223.65276898
5 1578 3966 5233.0418701
4 1579 3970 5236.80724596
5 1580 3971 5239.20595484
6 1581 3972 5240.49636645
5 1582 3974 5240.65276898
6 1583 3975 5243.59376541
7 1584 3978 5246.72405076
6 1585 3980 5248.09955207
7 1586 3981 5248.25782183
6 1587 3988 5254.65276898
5 1588 3992 5259.09955207
4 1589 3994 5259.80724596
5 1590 3995 5261.3366626
6 1591 4003 5270.2165497
5 1592 4005 5271.65276898
6 1593 4006 5272.06432309
5 1594 4008 5272.3366626
4 1595 4009 5273.83256847
3 1596 4010 5276.09955207
4 1597 4015 5288.59976834
3 1598 4017 5289.3366626
2 1599 4018 5291.65276898
3 1600 4021 5293.28813842
2 1601 4023 5299.59976834
3 1602 4027 5306.46966917
4 1603 4030 5306.66960314
5 1604 4031 5307.57643964
4 1605 4036 5311.46966917
3 1606 4037 5313.28813842
4 1607 4038 5313.33691354
5 1608 4043 5315.67651884
4 1609 4044 5317.46966917
5 1610 4049 5325.44039676
6 1611 4050 5327.22051946
5 1612 4052 5327.33691354
4 1613 4053 5330.57643964
5 1614 4056 5331.38769852
4 1615 4058 5335.22051946
3 1616 4059 5336.33691354
4 1617 4060 5336.51328019
5 1618 4062 5338.24673347
6 1619 4068 5341.60778577
5 1620 4076 5351.38769852
4 1621 4077 5351.44039676
5 1622 4078 5353.93937395
4 1623 4080 5355.24673347
5 1624 4081 5355.3070896
6 1625 4083 5358.69450527
5 1626 4087 5361.60778577
4 1627 4088 5365.51328019
5 1628 4094 5369.75096203
4 1629 4098 5373.93937395
3 1630 4100 5381.3070896
2 1631 4101 5381.69450527
3 1632 4102 5386.5830916
4 1633 4104 5388.12494294
3 1634 4106 5389.75096203
2 1635 4109 5394.5830916
1 1636 4112 5405.12494294
2 1637 4113 5411.71606768
3 1638 4115 5412.06697872
4 1639 4119 5418.34848496
5 1640 4123 5423.49234001
4 1641 4129 5426.06697872
5 1642 4130 5428.5373256
4 1643 4132 5431.71606768
3 1644 4133 5432.34848496
4 1645 4134 5434.37651373
3 1646 4136 5434.49234001
4 1647 4137 5437.58278834
5 1648 4139 5437.58684916
6 1649 4141 5438.94525356
7 1650 4142 5441.72084867
8 1651 4149 5446.82432195
9 1652 4152 5450.01265532
10 1653 4153 5450.52758443
9 1654 4155 5451.58278834
8 1655 4157 5451.58684916
9 1656 4158 5453.05331308
8 1657 4160 5454.37651373
9 1658 4161 5457.88389889
10 1659 4166 5459.31473775
9 1660 4168 5463.5373256
8 1661 4171 5465.58278834
7 1662 4174 5468.37651373
6 1663 4176 5471.58684916
7 1664 4178 5474.56659011
6 1665 4188 5480.5373256
7 1666 4190 5482.68567922
8 1667 4191 5484.46462269
7 1668 4192 5485.58684916
8 1669 4193 5485.91800123
7 1670 4195 5488.58278834
6 1671 4197 5488.58684916
7 1672 4198 5490.41699981
6 1673 4201 5491.37651373
7 1674 4207 5495.60194032
8 1675 4208 5497.18371645
9 1676 4209 5499.55016159
8 1677 4210 5499.58684916
9 1678 4214 5500.68311637
8 1679 4218 5502.58278834
7 1680 4219 5503.5373256
8 1681 4226 5509.35551015
7 1682 4227 5510.58684916
6 1683 4228 5511.37651373
5 1684 4229 5513.58684916
4 1685 4230 5513.58684916
5 1686 4237 5519.39289298
4 1687 4239 5522.58278834
3 1688 4240 5523.5373256
4 1689 4245 5529.61764607
3 1690 4246 5531.58278834
4 1691 4249 5533.04291424
3 1692 4251 5533.39289298
4 1693 4256 5549.78917932
3 1694 4258 5550.39289298
4 1695 4259 5556.41729715
3 1696 4261 5557.58278834
4 1697 4264 5559.38870729
5 1698 4267 5563.20909812
4 1699 4269 5564.39289298
5 1700 4270 5564.5946733
4 1701 4273 5568.58278834
5 1702 4279 5578.61085238
4 1703 4280 5579.58278834
5 1704 4282 5580.76882759
6 1705 4283 5581.06433699
5 1706 4284 5581.39289298
6 1707 4287 5582.37502432
7 1708 4288 5584.37630027
6 1709 4294 5589.39289298
5 1710 4297 5591.58278834
4 1711 4298 5592.39289298
3 1712 4300 5593.58278834
4 1713 4301 5596.87933721
5 1714 4307 5602.79278672
4 1715 4311 5612.39289298
3 1716 4312 5613.87933721
2 1717 4315 5616.51328019
3 1718 4316 5616.77595044
4 1719 4318 5616.95647888
3 1720 4320 5623.39289298
4 1721 4323 5628.09594021
3 1722 4327 5633.77595044
4 1723 4330 5635.16360018
5 1724 4332 5636.62616443
6 1725 4333 5636.79791878
5 1726 4335 5639.09594021
6 1727 4337 5639.91032488
7 1728 4338 5640.3047175
6 1729 4339 5642.95647888
7 1730 4348 5650.49263918
8 1731 4349 5652.51258938
7 1732 4350 5653.09594021
6 1733 4353 5656.09594021
7 1734 4354 5657.79392475
6 1735 4356 5661.16360018
5 1736 4358 5662.95647888
4 1737 4362 5667.09594021
3 1738 4365 5673.09594021
4 1739 4366 5676.54378377
5 1740 4368 5680.16090299
4 1741 4374 5682.95647888
5 1742 4375 5684.32042885
6 1743 4376 5685.99853114
5 1744 4379 5693.95647888
6 1745 4381 5695.4098819
5 1746 4382 5696.16360018
4 1747 4384 5696.54378377
5 1748 4390 5705.95632051
4 1749 4394 5710.95647888
3 1750 4395 5713.16360018
4 1751 4396 5713.48823832
5 1752 4398 5713.60986045
6 1753 4401 5716.36963847
5 1754 4403 5716.54378377
6 1755 4404 5718.59360245
7 1756 4407 5722.08091963
6 1757 4411 5724.95647888
5 1758 4413 5727.54378377
4 1759 4415 5733.48823832
5 1760 4416 5734.31899475
4 1761 4423 5741.54378377
5 1762 4425 5742.13202795
4 1763 4431 5744.95647888
5 1764 4432 5745.63247915
6 1765 4435 5749.02934206
7 1766 4436 5749.67388733
6 1767 4439 5751.58684916
5 1768 4441 5753.48823832
6 1769 4442 5754.46271862
7 1770 4443 5755.16999724
6 1771 4444 5755.95647888
7 1772 4452 5765.23149667
6 1773 4454 5766.95647888
7 1774 4455 5767.45467042
6 1775 4457 5771.58684916
5 1776 4458 5776.48823832
4 1777 4464 5783.95647888
3 1778 4472 5791.58684916
4 1779 4473 5794.87959846
3 1780 4476 5796.48823832
2 1781 4477 5796.5373256
3 1782 4478 5800.73933522
4 1783 4484 5816.86574489
3 1784 4486 5817.87959846
2 1785 4487 5820.73933522
3 1786 4490 5828.66573154
2 1787 4492 5830.86574489
1 1788 4495 5839.66573154
2 1789 4496 5843.26014174
3 1790 4501 5854.81230116
4 1791 4502 5855.20978049
5 1792 4504 5855.7696233
6 1793 4505 5858.12972865
5 1794 4511 5863.26014174
4 1795 4513 5869.20978049
3 1796 4514 5871.81230116
4 1797 4519 5884.06408868
3 1798 4521 5886.26014174
2 1799 4522 5889.20978049
3 1800 4525 5892.44452379
2 1801 4527 5898.06408868
3 1802 4528 5898.90111578
4 1803 4530 5901.255723
5 1804 4534 5903.43744228
6 1805 4535 5904.35257956
5 1806 4541 5912.90111578
6 1807 4542 5913.6985079
7 1808 4543 5916.23086848
6 1809 4544 5918.44452379
5 1810 4551 5923.90111578
4 1811 4552 5924.255723
3 1812 4556 5929.44452379
2 1813 4557 5931.90111578
3 1814 4558 5933.10506635
2 1815 4564 5941.255723
3 1816 4565 5942.01657603
4 1817 4567 5944.11417769
3 1818 4569 5947.10506635
4 1819 4572 5954.9952005
3 1820 4576 5955.11417769
4 1821 4577 5957.42806548
5 1822 4579 5963.79774737
6 1823 4584 5969.67633527
5 1824 4586 5971.01657603
4 1825 4588 5971.42806548
3 1826 4589 5971.9952005
4 1827 4590 5975.86569358
5 1828 4592 5979.21009135
6 1829 4597 5984.01584084
5 1830 4599 5988.01657603
4 1831 4601 5988.42806548
3 1832 4605 5995.86569358
4 1833 4606 5996.30196568
5 1834 4608 5996.44030857
6 1835 4612 6000.76878319
5 1836 4614 6002.01657603
6 1837 4615 6002.02781252
7 1838 4618 6004.28846201
8 1839 4623 6006.27898146
7 1840 4625 6008.42806548
6 1841 4626 6010.01657603
5 1842 4630 6013.30196568
4 1843 4632 6016.44030857
5 1844 4635 6017.54276256
6 1845 4639 6019.45505649
7 1846 4642 6020.67040466
8 1847 4643 6022.05688436
7 1848 4647 6030.01657603
8 1849 4648 6030.6228074
7 1850 4653 6034.42806548
6 1851 4654 6036.30196568
5 1852 4656 6037.54276256
4 1853 4660 6044.01657603
3 1854 4662 6045.42806548
2 1855 4666 6051.42806548
1 1856 4667 6059.30196568
2 1857 4668 6064.40597838
3 1858 4670 6068.31235211
4 1859 4675 6071.3001632
3 1860 4676 6075.40597838
4 1861 4681 6082.31391427
5 1862 4683 6084.55093493
4 1863 4685 6085.31235211
3 1864 4690 6097.31235211
4 1865 4691 6098.99091139
3 1866 4693 6101.55093493
2 1867 4694 6102.31391427
3 1868 4695 6102.9273483
4 1869 4697 6105.9310605
5 1870 4701 6108.45267445
4 1871 4703 6109.99091139
5 1872 4704 6112.23666007
6 1873 4709 6115.79069473
5 1874 4714 6119.9310605
4 1875 4715 6122.45267445
3 1876 4716 6122.9273483
4 1877 4720 6126.44130764
5 1878 4722 6129.87401445
6 1879 4724 6130.60238231
7 1880 4727 6133.04006511
8 1881 4728 6133.1487007
7 1882 4732 6135.23666007
6 1883 4733 6135.23666007
7 1884 4735 6135.69120596
8 1885 4739 6138.52208927
7 1886 4741 6140.87401445
6 1887 4742 6140.87401445
5 1888 4748 6146.44130764
6 1889 4751 6149.51796213
5 1890 4753 6152.23666007
4 1891 4754 6153.60238231
5 1892 4755 6155.7603738
6 1893 4757 6155.90100926
5 1894 4759 6156.60238231
6 1895 4760 6156.66931054
5 1896 4761 6160.87401445
4 1897 4771 6169.51796213
5 1898 4772 6171.58547366
4 1899 4774 6171.87401445
5 1900 4776 6171.98469935
6 1901 4777 6173.54724183
7 1902 4778 6174.56524953
8 1903 4779 6175.56516281
9 1904 4780 6176.22772672
8 1905 4784 6178.7603738
7 1906 4786 6178.90100926
8 1907 4788 6181.00404032
9 1908 4794 6189.55706152
8 1909 4795 6191.58547366
7 1910 4800 6194.58547366
6 1911 4801 6195.7603738
5 1912 4803 6195.90100926
4 1913 4809 6198.7603738
3 1914 4812 6205.58547366
2 1915 4813 6212.90100926
3 1916 4815 6213.71064668
4 1917 4817 6214.17115203
5 1918 4818 6217.33283592
6 1919 4819 6221.38919056
7 1920 4820 6221.63936532
6 1921 4822 6221.7603738
5 1922 4826 6227.71064668
4 1923 4832 6238.7603738
3 1924 4836 6247.71064668
2 1925 4838 6252.7603738
3 1926 4839 6255.12370606
4 1927 4843 6259.63957663
5 1928 4844 6260.6235084
6 1929 4847 6265.55791314
5 1930 4849 6266.12370606
4 1931 4853 6273.71064668
3 1932 4854 6277.12370606
4 1933 4856 6278.57943658
5 1934 4857 6280.35352343
4 1935 4865 6285.12370606
3 1936 4866 6287.71064668
4 1937 4867 6293.0482375
3 1938 4875 6302.12370606
2 1939 4876 6304.0482375
3 1940 4877 6310.51327166
4 1941 4879 6310.83168111
5 1942 4881 6311.17682147
4 1943 4882 6314.01657603
3 1944 4890 6321.83168111
2 1945 4891 6324.51327166
3 1946 4892 6324.61053829
2 1947 4894 6328.01657603
3 1948 4897 6336.79108886
4 1949 4899 6339.79475714
5 1950 4902 6341.66244567
4 1951 4903 6344.61053829
5 1952 4906 6351.66422575
4 1953 4911 6353.79108886
3 1954 4912 6356.79475714
2 1955 4913 6359.79475714
3 1956 4914 6361.34446942
4 1957 4916 6361.84992439
5 1958 4918 6364.15101944
6 1959 4921 6368.04737889
5 1960 4923 6368.66422575
6 1961 4926 6370.69913787
7 1962 4929 6373.5178402
6 1963 4932 6381.84992439
7 1964 4934 6383.12987244
6 1965 4936 6387.34446942
7 1966 4937 6388.05835363
6 1967 4939 6388.66422575
7 1968 4946 6397.05980004
6 1969 4947 6398.84992439
7 1970 4951 6402.16876825
6 1971 4953 6405.66422575
7 1972 4958 6413.34325456
6 1973 4960 6413.34446942
7 1974 4961 6415.45636619
8 1975 4964 6417.10828396
7 1976 4966 6419.87401445
6 1977 4968 6421.84992439
7 1978 4969 6422.07360511
6 1979 4970 6422.66422575
5 1980 4980 6433.34446942
4 1981 4982 6435.84992439
3 1982 4984 6436.66422575
4 1983 4985 6437.7677859
3 1984 4992 6448.87401445
2 1985 4993 6454.7677859
3 1986 4994 6455.26424492
2 1987 4996 6456.34446942
3 1988 4999 6467.90927131
4 1989 5001 6468.73234026
3 1990 5006 6472.26424492
2 1991 5009 6481.90927131
3 1992 5010 6483.72984728
2 1993 5014 6488.73234026
1 1994 5015 6497.72984728
2 1995 5017 6503.48082676
3 1996 5019 6507.91149573
4 1997 5026 6512.71695894
3 1998 5030 6518.91149573
2 1999 5032 6520.48082676
1 2000 5033 6523.71695894
0 2001 5036 6532.91149573
0 2002 5038 6725.72984728
