#data counter step time
0 1 0 0.0
1 2 1 0.0
2 3 12 0.599513981589
3 4 14 6.167923717
4 5 18 9.81964013365
3 6 20 14.5995139816
4 7 25 26.2519006798
3 8 27 29.167923717
4 9 29 29.6214972935
3 10 30 29.8196401336
2 11 34 37.2519006798
1 12 35 37.2519006798
2 13 36 40.806039006
3 14 39 40.9796438834
2 15 43 54.806039006
3 16 44 56.1139269499
4 17 46 57.2838801672
3 18 48 60.806039006
4 19 51 71.5941792627
5 20 55 74.8245042025
4 21 57 76.1139269499
3 22 58 77.2838801672
4 23 59 77.4013338384
5 24 61 78.1607865544
6 25 63 78.7715834838
7 26 68 82.4610840827
6 27 75 89.1607865544
7 28 79 90.894670188
6 29 81 94.5941792627
5 30 82 95.7715834838
4 31 83 97.4013338384
5 32 84 97.6679798313
6 33 86 100.388054056
7 34 90 101.204965551
8 35 93 102.927071716
7 36 94 103.401333838
6 37 96 103.824504202
5 38 98 105.667979831
6 39 99 106.353887515
7 40 103 108.24560457
8 41 104 110.688459011
9 42 105 110.885691566
8 43 108 113.894670188
9 44 110 116.205764109
8 45 114 117.388054056
7 46 116 117.401333838
6 47 125 124.894670188
5 48 127 126.353887515
4 49 128 126.824504202
3 50 129 128.401333838
2 51 130 131.388054056
3 52 133 146.862235452
2 53 135 147.894670188
1 54 138 160.862235452
2 55 139 161.33407542
3 56 141 169.060921186
2 57 145 175.33407542
3 58 146 175.358350585
4 59 150 176.517113417
5 60 152 178.799211933
4 61 156 183.358350585
5 62 160 184.801921494
4 63 164 189.060921186
3 64 165 192.799211933
2 65 166 196.517113417
1 66 167 198.799211933
2 67 168 199.833240279
1 68 172 222.833240279
2 69 173 222.983187989
3 70 175 224.707199643
4 71 177 225.386325839
5 72 179 226.07718708
6 73 189 233.598065236
7 74 191 233.682069025
6 75 192 233.983187989
5 76 194 236.386325839
6 77 195 237.201560944
5 78 199 241.707199643
6 79 202 244.92858656
5 80 204 246.07718708
4 81 205 247.598065236
3 82 208 251.201560944
4 83 211 254.263122878
5 84 213 255.977818433
6 85 216 256.087871358
5 86 220 259.983187989
4 87 221 262.263122878
5 88 224 267.343690998
4 89 226 267.92858656
3 90 227 268.263122878
2 91 228 269.977818433
3 92 229 272.37760674
4 93 234 276.927174281
5 94 235 277.704776872
6 95 240 285.384959885
5 96 242 287.343690998
6 97 245 290.551198611
5 98 251 294.704776872
6 99 252 295.788945064
7 100 254 296.24465876
8 101 256 297.338878106
7 102 257 298.37760674
8 103 258 301.187201631
7 104 260 301.37760674
6 105 262 302.384959885
5 106 267 304.551198611
4 107 268 307.24465876
5 108 269 309.767255046
4 109 273 312.788945064
3 110 278 317.767255046
2 111 279 321.37760674
3 112 280 322.628197053
2 113 282 331.384959885
3 114 283 335.424716328
4 115 286 335.659014696
3 116 292 340.424716328
4 117 293 341.493052561
3 118 295 343.424716328
2 119 296 351.628197053
1 120 299 358.493052561
2 121 300 365.902247197
3 122 303 367.153929139
4 123 304 367.184292121
3 124 311 376.902247197
2 125 312 381.184292121
1 126 313 382.902247197
2 127 314 400.866556118
3 128 316 411.466738954
4 129 320 416.069466093
5 130 322 420.259194071
4 131 326 426.866556118
5 132 331 433.068660398
4 133 333 434.466738954
3 134 334 436.069466093
2 135 335 440.259194071
3 136 338 445.321394697
2 137 340 450.068660398
3 138 341 451.477434674
4 139 343 452.396705628
5 140 349 463.009606812
6 141 351 463.34081758
5 142 355 468.321394697
4 143 356 468.477434674
5 144 357 470.237568718
4 145 359 472.396705628
3 146 366 477.009606812
2 147 367 478.237568718
1 148 368 486.34081758
2 149 369 495.724566305
3 150 371 500.732368735
4 151 376 505.807707277
5 152 380 508.795072303
6 153 382 509.42967521
5 154 386 514.732368735
4 155 387 518.724566305
3 156 388 518.724566305
2 157 391 519.795072303
3 158 392 521.745236373
2 159 394 526.42967521
3 160 397 532.374475517
4 161 399 536.329315442
3 162 401 538.745236373
2 163 406 549.374475517
1 164 407 562.329315442
2 165 408 562.359066168
3 166 410 569.697666957
4 167 413 570.830208684
3 168 419 582.359066168
4 169 420 583.582955453
3 170 422 586.697666957
2 171 423 589.697666957
3 172 426 592.116542506
2 173 428 594.582955453
3 174 429 595.023307771
4 175 435 608.046989922
5 176 437 608.100530672
4 177 439 612.023307771
3 178 442 612.116542506
4 179 443 618.010631139
3 180 445 619.046989922
4 181 448 626.613429315
3 182 450 628.100530672
4 183 455 634.255628291
5 184 457 635.49879664
4 185 461 637.613429315
5 186 462 637.663550916
6 187 466 640.649473455
5 188 470 647.010631139
4 189 473 649.49879664
5 190 474 650.594127927
6 191 478 654.255578363
5 192 480 654.255628291
4 193 481 654.649473455
3 194 482 654.663550916
4 195 483 654.682181966
5 196 486 664.857922383
4 197 489 667.594127927
5 198 490 670.590583912
4 199 496 677.682181966
5 200 499 678.739374522
4 201 501 680.255578363
5 202 502 681.746984721
4 203 506 684.590583912
5 204 507 687.204839212
4 205 509 687.857922383
5 206 512 693.736619064
4 207 516 695.746984721
3 208 517 698.204839212
4 209 520 706.300643111
5 210 522 707.383961838
4 211 524 707.736619064
3 212 525 707.739374522
4 213 528 708.828352125
5 214 531 711.477821726
6 215 532 715.819181668
7 216 536 716.495520533
6 217 538 721.383961838
5 218 546 726.300643111
6 219 547 726.598062186
7 220 549 727.649161964
6 221 551 728.828352125
5 222 552 728.828352125
6 223 553 729.786050765
5 224 555 730.495520533
4 225 558 735.819181668
5 226 559 736.874630799
4 227 563 740.598062186
5 228 566 740.788072547
6 229 570 742.72912903
7 230 572 744.982987942
8 231 573 745.651635397
7 232 574 746.786050765
8 233 579 748.306995647
7 234 581 748.788072547
6 235 584 750.874630799
7 236 585 751.990236305
6 237 587 753.649161964
7 238 593 759.177742148
6 239 595 763.786050765
5 240 598 765.72912903
4 241 599 768.72912903
3 242 600 768.788072547
2 243 601 771.990236305
1 244 604 779.177742148
2 245 605 780.264941643
3 246 609 793.847196971
4 247 612 797.971948436
5 248 613 799.572425839
6 249 615 801.896882207
5 250 619 803.264941643
4 251 626 810.847196971
3 252 627 811.971948436
2 253 628 812.896882207
1 254 629 813.572425839
2 255 630 820.340681794
3 256 634 826.073313638
4 257 638 833.542227283
5 258 640 837.224936987
4 259 642 837.340681794
3 260 643 843.073313638
2 261 648 850.542227283
3 262 649 851.968932832
2 263 653 863.224936987
3 264 654 864.315987394
2 265 656 865.968932832
3 266 657 867.059173002
4 267 659 874.658821779
3 268 665 887.315987394
2 269 668 890.059173002
3 270 669 894.152685331
2 271 673 900.658821779
1 272 674 905.152685331
2 273 675 934.864271312
3 274 677 938.311696589
4 275 679 939.78958702
3 276 687 949.311696589
2 277 688 951.864271312
3 278 689 954.967762745
2 279 691 956.78958702
3 280 692 961.546204691
2 281 698 971.967762745
3 282 699 974.222165985
2 283 701 975.546204691
3 284 702 986.637297562
4 285 706 988.507287923
5 286 708 989.548547591
6 287 710 990.697211839
5 288 716 997.548547591
4 289 717 1000.22216599
3 290 722 1003.63729756
2 291 723 1007.69721184
3 292 724 1012.87990907
2 293 728 1017.50728792
1 294 729 1020.87990907
2 295 730 1023.47546971
3 296 732 1024.27803895
4 297 734 1027.10943439
5 298 740 1034.10858976
6 299 742 1034.42939267
5 300 746 1038.27803895
4 301 751 1044.10943439
5 302 752 1044.40912434
4 303 754 1046.47546971
5 304 755 1046.93013525
6 305 757 1050.2768439
7 306 759 1050.48253044
8 307 762 1051.39018575
7 308 766 1051.42939267
8 309 767 1054.49229212
7 310 769 1057.10858976
6 311 771 1057.93013525
5 312 772 1058.40912434
6 313 777 1065.55213995
5 314 783 1068.42939267
6 315 784 1070.92936008
5 316 786 1073.2768439
4 317 787 1074.93013525
5 318 790 1075.74666513
4 319 792 1079.55213995
3 320 793 1080.10858976
2 321 798 1093.92936008
1 322 799 1098.74666513
2 323 800 1100.75395848
3 324 804 1109.57259787
4 325 806 1111.32685322
5 326 808 1117.78314796
6 327 810 1117.8630619
7 328 813 1120.00790074
6 329 814 1120.75395848
7 330 815 1121.02639905
8 331 817 1122.48638448
9 332 829 1134.12483805
8 333 831 1134.32685322
7 334 833 1135.02639905
6 335 836 1135.57259787
7 336 837 1137.65858223
6 337 839 1140.78314796
5 338 840 1140.8630619
4 339 841 1142.32685322
3 340 844 1146.78314796
4 341 847 1148.60723136
3 342 849 1152.02639905
4 343 852 1154.30781039
3 344 854 1156.60723136
4 345 855 1157.91642577
5 346 857 1158.06413025
6 347 859 1162.23637705
5 348 861 1163.65858223
6 349 864 1165.19790027
7 350 872 1169.91678964
6 351 873 1174.91642577
5 352 877 1180.30781039
6 353 878 1180.71547268
5 354 880 1181.06413025
4 355 881 1182.23637705
5 356 882 1183.51844744
4 357 886 1185.19790027
5 358 889 1195.28341942
4 359 893 1197.71547268
3 360 896 1203.28341942
2 361 897 1203.51844744
1 362 898 1203.91642577
2 363 899 1204.67349032
3 364 903 1212.09968511
4 365 905 1213.28907693
3 366 909 1218.28907693
4 367 910 1223.18200226
3 368 916 1227.67349032
2 369 917 1232.09968511
1 370 918 1237.18200226
2 371 919 1238.23861125
3 372 923 1246.00105085
2 373 925 1249.23861125
3 374 926 1254.39399158
4 375 928 1260.37784675
5 376 934 1265.86259926
6 377 938 1269.76253855
7 378 941 1272.60416184
6 379 945 1274.37784675
5 380 946 1275.00105085
6 381 947 1276.60089169
7 382 949 1276.81295514
6 383 951 1279.86259926
7 384 954 1283.51490855
6 385 958 1285.86259926
5 386 959 1286.39399158
4 387 962 1287.60089169
5 388 965 1296.34445127
4 389 967 1296.81295514
3 390 968 1297.51490855
4 391 969 1298.47115441
3 392 971 1298.76253855
4 393 973 1298.92388952
5 394 977 1300.16114275
4 395 979 1300.47115441
3 396 980 1303.47115441
2 397 985 1314.16114275
1 398 986 1316.34445127
2 399 987 1319.6411554
3 400 989 1320.36267936
2 401 995 1328.36267936
3 402 996 1335.63336046
2 403 998 1336.6411554
3 404 1000 1340.89563061
4 405 1001 1342.1042679
5 406 1003 1343.10190847
6 407 1005 1344.45295501
7 408 1011 1346.47788273
6 409 1020 1354.10190847
5 410 1021 1355.63336046
4 411 1022 1356.1042679
5 412 1023 1356.56778645
6 413 1025 1357.424823
7 414 1027 1357.843746
6 415 1028 1361.45295501
5 416 1030 1363.47788273
4 417 1031 1364.63336046
5 418 1032 1365.7412246
4 419 1042 1379.56778645
3 420 1043 1379.7412246
2 421 1044 1380.424823
1 422 1045 1384.45295501
2 423 1048 1399.66261184
3 424 1050 1406.85798402
2 425 1054 1413.66261184
3 426 1055 1414.98991458
2 427 1061 1425.98991458
3 428 1062 1426.20499292
4 429 1064 1429.88158241
5 430 1066 1430.04776845
4 431 1068 1432.85798402
5 432 1074 1439.37080125
6 433 1075 1439.75147668
5 434 1080 1440.88158241
6 435 1081 1442.194707
5 436 1085 1449.20499292
6 437 1086 1449.9088279
5 438 1088 1450.04776845
4 439 1091 1453.04776845
5 440 1092 1454.90353031
4 441 1096 1462.75147668
3 442 1099 1465.194707
2 443 1101 1469.9088279
1 444 1103 1474.90353031
2 445 1104 1475.4433077
3 446 1106 1478.74751172
4 447 1108 1479.62339867
5 448 1110 1485.94427858
6 449 1113 1486.64715012
5 450 1118 1490.62339867
6 451 1122 1498.37642972
5 452 1123 1498.74751172
6 453 1126 1500.27065052
7 454 1127 1500.54665246
6 455 1128 1501.62339867
7 456 1133 1502.80586152
6 457 1135 1504.4433077
5 458 1137 1506.74751172
4 459 1140 1509.74751172
5 460 1141 1510.40307618
4 461 1144 1515.62339867
3 462 1146 1518.4433077
2 463 1152 1529.74751172
1 464 1155 1532.62339867
2 465 1156 1536.99668848
3 466 1158 1542.18532798
4 467 1159 1546.6806689
3 468 1163 1556.99668848
4 469 1164 1559.36617465
5 470 1165 1563.38009229
6 471 1166 1572.54751575
5 472 1170 1579.99668848
6 473 1173 1584.77278996
7 474 1174 1589.61763117
6 475 1175 1590.99668848
7 476 1179 1595.16187278
6 477 1180 1604.99668848
7 478 1182 1617.78339629
8 479 1183 1625.21366114
9 480 1184 1630.29789673
10 481 1185 1641.65093159
11 482 1186 1648.71228923
12 483 1187 1656.51843165
13 484 1188 1656.64326084
14 485 1189 1658.4463519
15 486 1190 1663.95562393
16 487 1191 1668.85796916
17 488 1192 1670.86563008
18 489 1193 1679.40858557
19 490 1194 1696.58564238
20 491 1195 1702.54559579
21 492 1196 1725.96365107
22 493 1197 1726.286011
23 494 1198 1730.8940424
24 495 1199 1732.03311921
25 496 1200 1739.83675352
26 497 1201 1740.22134514
27 498 1202 1746.09851609
28 499 1203 1746.99078033
29 500 1204 1753.38206074
30 501 1205 1757.88594046
31 502 1206 1768.42957097
32 503 1207 1770.05369898
33 504 1208 1788.07041721
34 505 1209 1788.44867153
35 506 1210 1794.05064114
36 507 1211 1832.57186011
37 508 1212 1836.91214972
38 509 1213 1844.78915146
39 510 1214 1846.00232476
40 511 1215 1852.76596292
41 512 1216 1857.40071586
42 513 1217 1867.7206957
41 514 1227 1877.45295501
40 515 1228 1883.45295501
39 516 1233 1886.45295501
40 517 1234 1889.52293621
39 518 1240 1894.45295501
38 519 1241 1897.45295501
37 520 1245 1900.45295501
36 521 1246 1903.45295501
37 522 1251 1912.19186588
36 523 1252 1917.45295501
35 524 1254 1920.45295501
36 525 1256 1920.70795143
37 526 1257 1921.06459732
38 527 1258 1923.03152718
37 528 1262 1926.45295501
36 529 1266 1931.45295501
37 530 1267 1932.90881577
36 531 1268 1937.45295501
35 532 1279 1945.45295501
34 533 1280 1948.45295501
35 534 1286 1950.17284103
34 535 1290 1951.45295501
35 536 1291 1952.39717589
36 537 1292 1952.90744534
35 538 1293 1953.194707
34 539 1294 1953.194707
35 540 1295 1957.36930091
34 541 1300 1959.194707
33 542 1305 1962.194707
32 543 1306 1965.45295501
33 544 1307 1968.15219327
32 545 1308 1968.45295501
31 546 1318 1971.45295501
32 547 1319 1971.9018367
31 548 1321 1973.194707
32 549 1322 1974.40720934
31 550 1323 1976.194707
32 551 1324 1978.22621943
31 552 1325 1979.194707
32 553 1326 1979.96233277
31 554 1329 1982.194707
32 555 1335 1985.23937684
33 556 1336 1985.53724887
32 557 1339 1987.194707
31 558 1340 1988.45295501
30 559 1341 1991.45295501
29 560 1349 1994.45295501
28 561 1350 1994.45295501
29 562 1351 1998.143075
30 563 1352 1999.4442982
29 564 1362 2004.194707
28 565 1363 2004.194707
29 566 1369 2008.01729221
28 567 1370 2008.45295501
27 568 1371 2008.45295501
26 569 1372 2008.45295501
25 570 1381 2011.45295501
24 571 1385 2018.194707
23 572 1386 2018.194707
22 573 1387 2018.194707
21 574 1397 2021.194707
20 575 1400 2023.4433077
19 576 1408 2025.45295501
18 577 1409 2025.45295501
19 578 1410 2025.84106295
18 579 1411 2026.4433077
17 580 1412 2028.45295501
16 581 1413 2029.4433077
15 582 1414 2032.4433077
16 583 1422 2033.7074612
15 584 1424 2035.194707
14 585 1425 2036.45295501
13 586 1429 2037.4433077
12 587 1430 2038.194707
11 588 1431 2041.194707
10 589 1435 2042.45295501
9 590 1436 2042.45295501
8 591 1441 2046.4433077
7 592 1442 2051.4433077
8 593 1445 2053.83072683
9 594 1446 2054.75897569
8 595 1449 2055.194707
7 596 1451 2057.4433077
6 597 1452 2057.4433077
7 598 1453 2058.35645381
6 599 1455 2059.45295501
7 600 1458 2066.52782352
8 601 1459 2067.37096343
7 602 1462 2067.45295501
8 603 1465 2070.30530882
7 604 1470 2071.4433077
8 605 1475 2076.40112883
7 606 1476 2078.194707
6 607 1480 2078.45295501
7 608 1481 2082.27401078
6 609 1483 2084.194707
5 610 1484 2084.45295501
4 611 1486 2085.4433077
3 612 1487 2085.4433077
4 613 1488 2089.27060858
5 614 1496 2099.70089521
4 615 1498 2100.27060858
3 616 1499 2104.194707
2 617 1502 2107.45295501
3 618 1503 2109.80798322
2 619 1505 2111.27060858
3 620 1508 2117.21896576
4 621 1510 2122.59981459
3 622 1512 2123.80798322
4 623 1515 2128.59366593
3 624 1519 2134.21896576
4 625 1520 2139.96053957
5 626 1522 2140.107863
4 627 1526 2142.59366593
5 628 1528 2145.14453045
4 629 1532 2150.96053957
5 630 1533 2154.39224964
4 631 1536 2156.96053957
3 632 1538 2160.59981459
2 633 1539 2162.59366593
3 634 1542 2165.3134646
4 635 1544 2166.14941485
5 636 1548 2170.07517016
4 637 1552 2174.14941485
5 638 1553 2174.19758957
6 639 1554 2174.54976962
5 640 1558 2176.96053957
4 641 1559 2179.3134646
5 642 1561 2181.19311414
4 643 1567 2185.14941485
5 644 1569 2186.47310286
4 645 1570 2187.96053957
5 646 1571 2189.93080739
6 647 1576 2196.07164535
5 648 1577 2196.3134646
4 649 1581 2202.14941485
3 650 1584 2208.14941485
2 651 1585 2210.3134646
3 652 1586 2211.21027357
2 653 1588 2212.93080739
3 654 1589 2213.58631521
4 655 1591 2213.9521844
5 656 1596 2215.25450132
4 657 1602 2221.9521844
3 658 1603 2224.58631521
2 659 1604 2224.9521844
1 660 1605 2234.21027357
2 661 1606 2241.79687335
3 662 1608 2242.51653429
4 663 1614 2250.60066592
5 664 1616 2251.03569028
6 665 1617 2256.99402221
5 666 1618 2258.79687335
6 667 1621 2259.36799673
5 668 1623 2259.51653429
6 669 1627 2262.96464786
5 670 1631 2266.79687335
4 671 1632 2266.79687335
5 672 1633 2267.50182851
6 673 1636 2270.26523505
7 674 1637 2272.75112454
6 675 1640 2273.60066592
5 676 1643 2280.79687335
6 677 1645 2282.29783907
5 678 1647 2282.51653429
6 679 1648 2284.69087766
5 680 1654 2296.60066592
4 681 1656 2297.79687335
5 682 1659 2301.79399827
4 683 1661 2302.60066592
5 684 1662 2303.50955615
4 685 1663 2305.51653429
5 686 1671 2311.37561998
4 687 1673 2315.79399827
3 688 1674 2316.51653429
4 689 1675 2319.24580771
3 690 1677 2319.60066592
2 691 1680 2329.79399827
3 692 1683 2333.90432304
2 693 1685 2339.24580771
1 694 1688 2347.90432304
2 695 1689 2353.25527791
3 696 1691 2355.18125511
2 697 1698 2367.25527791
1 698 1699 2369.18125511
2 699 1700 2374.18568938
3 700 1703 2379.99681202
2 701 1707 2391.18568938
1 702 1708 2391.18568938
2 703 1709 2393.57089814
3 704 1713 2403.10804009
2 705 1715 2407.57089814
3 706 1716 2408.02893104
4 707 1722 2414.32844817
5 708 1724 2415.86071005
4 709 1726 2416.02893104
3 710 1727 2420.10804009
4 711 1732 2428.41701103
5 712 1734 2429.72423565
6 713 1736 2430.53135754
5 714 1738 2432.86071005
6 715 1739 2434.8145729
7 716 1744 2439.00838756
6 717 1748 2440.32844817
7 718 1749 2441.75097653
6 719 1752 2443.72423565
5 720 1756 2448.41701103
6 721 1757 2449.47969699
7 722 1760 2450.13606904
6 723 1761 2452.86071005
7 724 1767 2453.94286177
6 725 1771 2457.194707
5 726 1772 2460.32844817
4 727 1773 2463.47969699
3 728 1774 2463.72423565
2 729 1775 2466.194707
3 730 1776 2468.18346374
2 731 1780 2473.94286177
3 732 1781 2474.65280783
4 733 1785 2479.13928629
5 734 1791 2483.47714293
4 735 1793 2485.18346374
3 736 1794 2487.13928629
4 737 1797 2488.09034325
3 738 1799 2488.65280783
4 739 1800 2495.55816861
3 740 1802 2497.47714293
4 741 1803 2500.57950973
5 742 1808 2506.69556805
4 743 1811 2511.09034325
3 744 1815 2518.55816861
2 745 1816 2523.57950973
1 746 1817 2523.57950973
2 747 1818 2538.94443726
3 748 1820 2543.65826223
4 749 1824 2548.52821593
5 750 1826 2549.0383824
6 751 1831 2550.93737483
7 752 1833 2551.34517575
6 753 1834 2552.94443726
5 754 1835 2553.52821593
6 755 1836 2555.4957949
7 756 1838 2557.02817614
8 757 1840 2557.62102428
9 758 1843 2559.69992321
10 759 1851 2563.70863683
9 760 1855 2569.0383824
10 761 1856 2569.39127463
9 762 1858 2569.65826223
10 763 1859 2570.64435808
9 764 1860 2572.4957949
8 765 1863 2574.02817614
7 766 1864 2574.34517575
6 767 1866 2575.0383824
5 768 1875 2585.02817614
4 769 1876 2586.0383824
3 770 1877 2586.65826223
4 771 1880 2587.63663312
3 772 1882 2589.4957949
4 773 1883 2590.98462489
3 774 1889 2603.34517575
2 775 1890 2610.63663312
1 776 1891 2613.98462489
2 777 1892 2618.3827984
3 778 1896 2622.52319299
4 779 1898 2625.82975747
3 780 1900 2626.3827984
4 781 1905 2634.80277594
3 782 1907 2636.52319299
2 783 1908 2642.82975747
1 784 1911 2648.80277594
2 785 1912 2649.38460648
3 786 1916 2651.26751344
4 787 1919 2657.9422257
3 788 1923 2660.38460648
2 789 1924 2665.26751344
3 790 1925 2665.36809527
2 791 1927 2668.26751344
1 792 1930 2673.36809527
2 793 1931 2680.36463132
3 794 1935 2688.16470827
4 795 1939 2690.28042983
3 796 1941 2693.16470827
2 797 1944 2698.28042983
1 798 1945 2700.36463132
2 799 1946 2724.20610591
3 800 1950 2732.88963267
4 801 1952 2736.58541756
3 802 1954 2738.20610591
4 803 1959 2747.39418388
5 804 1961 2750.65370018
4 805 1963 2752.88963267
3 806 1964 2753.58541756
4 807 1966 2754.48638052
5 808 1975 2760.64939798
6 809 1977 2761.41642171
7 810 1978 2761.65013582
8 811 1979 2762.8666757
7 812 1983 2765.48638052
6 813 1984 2767.39418388
5 814 1987 2768.64939798
6 815 1988 2770.50555108
5 816 1991 2773.65370018
6 817 1993 2775.20263835
5 818 2001 2781.39418388
6 819 2003 2783.60503863
7 820 2007 2786.66069424
8 821 2008 2788.28432263
7 822 2010 2788.48638052
6 823 2012 2789.39418388
5 824 2013 2791.64939798
4 825 2014 2793.65370018
3 826 2015 2795.39418388
2 827 2020 2802.48638052
3 828 2021 2808.15869139
2 829 2023 2812.39418388
3 830 2024 2813.80578589
2 831 2030 2828.15869139
3 832 2031 2828.60448711
2 833 2033 2836.80578589
1 834 2036 2842.60448711
2 835 2037 2853.61767016
3 836 2040 2854.21513852
2 837 2044 2867.61767016
3 838 2045 2867.96151024
4 839 2047 2868.10822215
5 840 2049 2868.29687665
4 841 2055 2870.61767016
3 842 2058 2872.96151024
4 843 2059 2875.15470294
3 844 2061 2882.10822215
2 845 2064 2885.29687665
1 846 2065 2895.15470294
2 847 2066 2910.33478291
1 848 2070 2921.33478291
2 849 2071 2924.09783098
3 850 2073 2927.4225314
4 851 2075 2931.72002156
5 852 2081 2934.50536274
4 853 2085 2941.4225314
5 854 2086 2942.08258282
4 855 2088 2942.72002156
3 856 2093 2947.09783098
4 857 2094 2953.49941525
3 858 2096 2954.50536274
2 859 2097 2956.08258282
3 860 2101 2969.6126323
2 861 2103 2970.49941525
3 862 2107 2982.04967279
2 863 2109 2986.6126323
1 864 2112 2993.04967279
2 865 2113 2994.54439041
3 866 2115 2997.48635206
2 867 2119 3011.54439041
3 868 2120 3014.41658714
4 869 2122 3014.5182222
5 870 2124 3014.71053065
6 871 2129 3020.05675854
5 872 2131 3022.41658714
6 873 2132 3026.01371341
5 874 2136 3031.5182222
4 875 2140 3035.48635206
3 876 2143 3036.41658714
4 877 2144 3040.1453566
3 878 2148 3042.5182222
4 879 2151 3048.76331186
3 880 2153 3049.48635206
4 881 2154 3050.23932633
5 882 2156 3051.10603688
4 883 2158 3051.1453566
5 884 2159 3054.51343786
6 885 2160 3054.52001913
7 886 2165 3059.17824825
6 887 2166 3059.76331186
7 888 2170 3060.8448186
6 889 2172 3062.1453566
7 890 2173 3062.47928565
8 891 2174 3064.57818408
9 892 2175 3065.91779678
8 893 2181 3070.76331186
7 894 2183 3076.23932633
8 895 2185 3076.59404154
7 896 2187 3079.1453566
8 897 2188 3081.13797384
7 898 2196 3090.23932633
6 899 2198 3093.23932633
5 900 2200 3093.76331186
4 901 2203 3099.1453566
5 902 2205 3099.78191853
6 903 2206 3100.54536277
7 904 2207 3100.70989841
8 905 2210 3109.05381664
7 906 2213 3110.76331186
8 907 2214 3111.67269704
7 908 2221 3113.23932633
6 909 2224 3116.1453566
5 910 2226 3118.76331186
6 911 2227 3119.47697721
5 912 2229 3124.76331186
6 913 2230 3124.99674882
7 914 2231 3125.58192883
6 915 2236 3127.23932633
7 916 2242 3132.61624073
6 917 2244 3133.1453566
5 918 2246 3141.23932633
4 919 2247 3141.76331186
3 920 2250 3144.23932633
2 921 2251 3147.1453566
1 922 2254 3164.23932633
2 923 2255 3165.1298924
3 924 2259 3175.72230976
4 925 2261 3180.24326816
3 926 2263 3182.1298924
4 927 2266 3187.06689299
5 928 2269 3187.68890884
6 929 2270 3188.33965919
5 930 2271 3189.72230976
6 931 2275 3195.22179021
5 932 2277 3197.24326816
4 933 2283 3201.06689299
3 934 2284 3204.06689299
2 935 2287 3206.72230976
3 936 2289 3208.49077136
2 937 2293 3211.24326816
3 938 2295 3213.16996551
2 939 2297 3213.49077136
3 940 2298 3216.81077704
4 941 2300 3217.08396415
5 942 2301 3221.8464639
6 943 2308 3230.28005517
5 944 2310 3233.16996551
4 945 2311 3233.81077704
5 946 2313 3237.12143921
6 947 2316 3238.26125381
7 948 2319 3240.18237085
6 949 2322 3244.58541756
5 950 2327 3250.16996551
6 951 2328 3250.70983857
5 952 2329 3253.81077704
4 953 2333 3255.58541756
5 954 2337 3261.52615543
6 955 2338 3262.66888511
5 956 2340 3264.16996551
6 957 2343 3266.27823394
7 958 2344 3266.95018144
6 959 2346 3267.81077704
5 960 2347 3269.58541756
4 961 2354 3275.81077704
3 962 2355 3278.16996551
4 963 2356 3278.33943377
5 964 2361 3280.68489957
6 965 2364 3281.62295182
5 966 2370 3292.33943377
4 967 2371 3292.58541756
3 968 2372 3292.58541756
4 969 2373 3292.75298424
5 970 2375 3293.94553615
4 971 2377 3294.68489957
5 972 2378 3297.45474343
4 973 2379 3298.33943377
5 974 2383 3301.05416289
4 975 2385 3302.68489957
5 976 2388 3306.41700787
6 977 2389 3309.14155375
5 978 2391 3309.75298424
6 979 2396 3315.05939511
7 980 2399 3318.85187145
8 981 2400 3323.66209516
7 982 2402 3325.68489957
8 983 2403 3326.21049517
7 984 2406 3326.75298424
6 985 2408 3327.33943377
7 986 2409 3330.31066257
6 987 2417 3335.33943377
5 988 2421 3340.75298424
6 989 2422 3342.24142779
5 990 2424 3343.33943377
4 991 2426 3343.75298424
3 992 2429 3348.68489957
4 993 2430 3350.62292735
5 994 2434 3353.85653862
6 995 2437 3357.37182883
5 996 2438 3360.75298424
6 997 2440 3361.36879541
5 998 2442 3363.33943377
6 999 2445 3364.34014264
7 1000 2446 3367.05661207
6 1001 2448 3367.62292735
7 1002 2449 3367.67261652
8 1003 2452 3370.49410068
9 1004 2453 3373.3050805
10 1005 2454 3373.54444392
9 1006 2458 3378.62292735
8 1007 2460 3380.75298424
7 1008 2461 3383.33943377
8 1009 2463 3386.07048887
9 1010 2470 3390.72641386
8 1011 2472 3391.75298424
7 1012 2474 3392.62292735
8 1013 2475 3393.46828632
9 1014 2476 3397.99027103
8 1015 2482 3403.33943377
7 1016 2486 3411.75298424
8 1017 2493 3418.04463465
7 1018 2494 3419.75298424
6 1019 2497 3420.33943377
7 1020 2498 3422.82000624
6 1021 2503 3426.33943377
5 1022 2504 3426.33943377
4 1023 2505 3427.62292735
3 1024 2506 3427.75298424
4 1025 2507 3428.35877335
3 1026 2513 3439.75298424
2 1027 2514 3440.33943377
1 1028 2515 3445.35877335
2 1029 2516 3449.95633786
3 1030 2521 3461.94774148
4 1031 2525 3463.71414495
5 1032 2527 3464.06538187
4 1033 2529 3466.95633786
5 1034 2530 3467.31306253
6 1035 2533 3468.53638482
5 1036 2534 3469.94774148
4 1037 2542 3477.71414495
3 1038 2543 3480.71414495
4 1039 2544 3481.79412216
3 1040 2546 3484.06538187
4 1041 2547 3488.04833485
3 1042 2549 3490.31306253
4 1043 2552 3495.48833024
3 1044 2554 3495.79412216
4 1045 2556 3501.27315734
5 1046 2557 3502.01445634
6 1047 2561 3505.14547343
7 1048 2568 3508.08336361
6 1049 2570 3509.48833024
7 1050 2572 3510.81094116
6 1051 2576 3512.48833024
5 1052 2577 3513.01445634
6 1053 2580 3517.83309252
5 1054 2582 3519.14547343
4 1055 2583 3519.14547343
3 1056 2584 3520.04833485
4 1057 2585 3520.28644659
5 1058 2589 3522.73323263
4 1059 2591 3523.48833024
3 1060 2594 3528.28644659
2 1061 2595 3528.83309252
3 1062 2599 3536.72870767
4 1063 2602 3549.63093769
3 1064 2606 3551.73323263
2 1065 2607 3553.72870767
1 1066 2610 3566.63093769
2 1067 2613 3587.33638975
3 1068 2615 3592.63728708
4 1069 2618 3594.26881869
5 1070 2622 3598.88763136
4 1071 2623 3601.33638975
3 1072 2627 3607.33638975
4 1073 2628 3607.93450563
5 1074 2629 3609.16370968
6 1075 2630 3610.24073313
5 1076 2634 3615.63728708
6 1077 2637 3619.6229242
5 1078 2639 3624.33638975
4 1079 2641 3626.63728708
5 1080 2642 3630.40556055
6 1081 2643 3632.79658253
7 1082 2644 3636.02391573
8 1083 2649 3643.74923877
7 1084 2652 3644.33638975
8 1085 2653 3647.21271399
9 1086 2657 3649.01982675
8 1087 2658 3649.33638975
7 1088 2660 3649.63728708
8 1089 2664 3651.09505909
7 1090 2665 3652.33638975
6 1091 2669 3657.63728708
7 1092 2672 3659.25948345
6 1093 2674 3669.33638975
5 1094 2676 3671.63728708
4 1095 2680 3680.33638975
5 1096 2684 3682.73537292
4 1097 2685 3685.63728708
5 1098 2687 3686.50073437
4 1099 2697 3693.63728708
3 1100 2698 3697.33638975
4 1101 2699 3697.82695623
5 1102 2701 3699.94747698
4 1103 2702 3702.72230976
3 1104 2704 3703.33638975
4 1105 2709 3709.77890685
5 1106 2711 3714.35831405
4 1107 2712 3717.82695623
3 1108 2716 3722.72230976
2 1109 2717 3723.77890685
1 1110 2720 3734.82695623
2 1111 2721 3741.8229231
3 1112 2723 3743.65141316
4 1113 2727 3744.7321953
3 1114 2729 3748.65141316
4 1115 2734 3754.87103176
5 1116 2736 3756.77241886
4 1117 2737 3761.7321953
3 1118 2739 3761.8229231
4 1119 2742 3762.62800494
3 1120 2746 3765.87103176
4 1121 2747 3768.22684334
3 1122 2749 3769.7321953
4 1123 2752 3774.23139323
3 1124 2758 3782.22684334
2 1125 2759 3782.62800494
3 1126 2760 3784.32251102
2 1127 2762 3791.23139323
3 1128 2765 3794.95730806
4 1129 2767 3797.32676085
3 1130 2769 3798.32251102
4 1131 2772 3801.38187259
5 1132 2775 3804.11181794
4 1133 2781 3808.32676085
3 1134 2782 3808.95730806
2 1135 2783 3808.95730806
1 1136 2784 3809.38187259
2 1137 2785 3810.28449231
3 1138 2789 3819.74991499
2 1139 2791 3827.28449231
1 1140 2794 3836.74991499
2 1141 2795 3839.96242433
3 1142 2797 3841.15336356
4 1143 2799 3841.29904026
5 1144 2805 3845.77100446
4 1145 2807 3849.29904026
3 1146 2812 3856.96242433
4 1147 2813 3857.20562089
5 1148 2815 3857.31466215
4 1149 2816 3858.15336356
5 1150 2818 3859.86935089
6 1151 2819 3861.68097576
5 1152 2823 3869.29904026
4 1153 2826 3871.20562089
5 1154 2828 3877.546196
4 1155 2832 3881.15336356
5 1156 2835 3884.29508152
4 1157 2837 3885.20562089
3 1158 2838 3886.29904026
2 1159 2841 3895.15336356
1 1160 2844 3908.20562089
2 1161 2845 3930.49855865
1 1162 2849 3956.49855865
2 1163 2850 3965.95269902
3 1164 2852 3969.41907768
4 1165 2854 3975.21227669
3 1166 2862 3989.21227669
2 1167 2863 3991.95269902
3 1168 2864 3996.11106112
4 1169 2868 3998.24283725
3 1170 2870 3998.41907768
4 1171 2871 4000.89028996
3 1172 2873 4001.11106112
4 1173 2874 4001.37269047
5 1174 2878 4007.00286915
4 1175 2881 4009.24283725
5 1176 2886 4013.14623075
6 1177 2890 4016.87383657
5 1178 2891 4018.37269047
4 1179 2895 4020.89028996
3 1180 2896 4023.24283725
2 1181 2897 4024.14623075
3 1182 2898 4024.33356361
4 1183 2904 4037.46756195
5 1184 2906 4039.84310038
6 1185 2910 4041.07283408
5 1186 2911 4041.33356361
6 1187 2913 4043.03951532
5 1188 2915 4044.37269047
4 1189 2918 4044.84310038
5 1190 2921 4045.48714402
6 1191 2923 4048.30385478
7 1192 2926 4052.69905116
6 1193 2927 4053.48714402
5 1194 2933 4054.46756195
4 1195 2934 4055.33356361
5 1196 2935 4056.80821053
6 1197 2937 4057.18913764
5 1198 2947 4064.37269047
4 1199 2948 4064.80821053
3 1200 2949 4068.18913764
2 1201 2950 4070.48714402
3 1202 2951 4072.75289244
4 1203 2953 4074.07131591
5 1204 2955 4075.62608062
4 1205 2959 4079.63093769
5 1206 2960 4083.25882107
4 1207 2966 4088.07131591
5 1208 2967 4089.0786174
6 1209 2969 4089.09293638
5 1210 2973 4095.62608062
4 1211 2974 4095.75289244
3 1212 2975 4097.0786174
4 1213 2978 4103.34945396
5 1214 2982 4106.54865907
6 1215 2984 4106.58511109
7 1216 2986 4108.01241525
6 1217 2988 4112.09293638
5 1218 2993 4115.25882107
6 1219 2996 4116.87696717
7 1220 2998 4116.93041755
6 1221 3001 4120.54865907
7 1222 3005 4122.23967931
6 1223 3007 4123.34945396
5 1224 3008 4123.58511109
4 1225 3009 4125.54865907
3 1226 3010 4126.09293638
4 1227 3015 4130.80826097
3 1228 3017 4133.87696717
2 1229 3018 4134.34945396
3 1230 3021 4143.52957854
2 1231 3023 4150.80826097
3 1232 3026 4162.436573
4 1233 3028 4163.47828527
5 1234 3030 4164.40719203
4 1235 3034 4169.52957854
5 1236 3037 4177.21678313
4 1237 3041 4180.47828527
3 1238 3042 4185.436573
2 1239 3045 4190.40719203
3 1240 3046 4191.74567984
4 1241 3048 4192.60881287
3 1242 3054 4197.21678313
4 1243 3055 4197.40561307
3 1244 3057 4199.74567984
2 1245 3058 4200.60881287
3 1246 3061 4211.37981331
4 1247 3063 4213.17787137
3 1248 3065 4214.40561307
4 1249 3070 4229.34970225
5 1250 3072 4229.75319761
6 1251 3074 4232.10246716
5 1252 3078 4234.37981331
4 1253 3079 4236.17787137
3 1254 3080 4240.75319761
4 1255 3085 4244.91325534
3 1256 3087 4246.34970225
4 1257 3088 4247.59090081
3 1258 3092 4252.91325534
2 1259 3095 4258.10246716
1 1260 3096 4267.59090081
2 1261 3097 4271.34662768
3 1262 3099 4272.13540945
4 1263 3105 4278.82431294
3 1264 3107 4282.34662768
2 1265 3108 4283.13540945
3 1266 3111 4289.66035789
2 1267 3113 4292.82431294
1 1268 3116 4318.66035789
2 1269 3117 4321.35451594
1 1270 3121 4329.35451594
2 1271 3122 4329.96543672
3 1272 3124 4332.54475438
4 1273 3126 4335.48187557
5 1274 3128 4336.11455728
6 1275 3132 4340.19914722
7 1276 3141 4346.61949892
6 1277 3142 4347.11455728
5 1278 3146 4348.19914722
6 1279 3147 4351.55753167
5 1280 3149 4352.54475438
4 1281 3151 4352.96543672
5 1282 3152 4353.16319466
4 1283 3154 4355.48187557
5 1284 3156 4358.26751692
4 1285 3157 4360.19914722
5 1286 3158 4361.3937587
4 1287 3168 4370.16319466
3 1288 3169 4372.3937587
2 1289 3170 4373.16319466
3 1290 3171 4373.90013118
2 1291 3173 4377.55753167
1 1292 3176 4387.90013118
2 1293 3177 4388.13757939
3 1294 3181 4395.65935552
4 1295 3185 4404.82884637
3 1296 3187 4405.13757939
4 1297 3190 4405.98603575
3 1298 3192 4406.65935552
2 1299 3195 4418.82884637
1 1300 3196 4419.98603575
2 1301 3197 4429.07199746
3 1302 3199 4430.03307397
2 1303 3205 4447.03307397
3 1304 3206 4448.30824334
2 1305 3208 4449.07199746
3 1306 3209 4450.38382201
4 1307 3211 4453.18493288
3 1308 3215 4462.30824334
4 1309 3216 4462.46497666
5 1310 3222 4463.548668
4 1311 3224 4467.18493288
3 1312 3225 4467.38382201
2 1313 3230 4477.548668
1 1314 3231 4485.46497666
2 1315 3232 4493.80282816
3 1316 3235 4495.06158062
4 1317 3236 4503.37406472
3 1318 3241 4507.80282816
4 1319 3242 4509.08297092
5 1320 3244 4511.78251209
4 1321 3248 4513.80282816
5 1322 3253 4520.85048835
4 1323 3255 4522.78251209
3 1324 3256 4526.37406472
2 1325 3257 4529.08297092
3 1326 3258 4534.26479446
4 1327 3262 4536.38703861
3 1328 3266 4539.26479446
2 1329 3267 4546.85048835
3 1330 3270 4553.25386962
4 1331 3273 4555.14275383
3 1332 3274 4559.38703861
2 1333 3278 4567.25386962
1 1334 3279 4570.25386962
2 1335 3280 4574.72676709
3 1336 3282 4576.56666559
2 1337 3288 4590.56666559
1 1338 3289 4591.72676709
2 1339 3290 4592.9640507
1 1340 3294 4603.9640507
2 1341 3295 4605.48156621
3 1342 3297 4606.97389167
2 1343 3303 4619.48156621
3 1344 3304 4622.92907176
2 1345 3306 4623.97389167
3 1346 3308 4629.63180533
4 1347 3312 4635.32275415
5 1348 3314 4635.97202067
4 1349 3318 4636.92907176
5 1350 3319 4638.0253118
4 1351 3321 4639.92907176
5 1352 3324 4640.03184406
4 1353 3328 4646.32275415
5 1354 3329 4646.55420987
4 1355 3331 4649.97202067
3 1356 3334 4652.0253118
2 1357 3335 4657.03184406
3 1358 3338 4664.56462101
2 1359 3340 4669.55420987
1 1360 3343 4681.56462101
2 1361 3344 4690.57966745
1 1362 3348 4701.57966745
2 1363 3349 4706.48154348
3 1364 3352 4708.18629665
4 1365 3353 4716.09789948
3 1366 3360 4729.48154348
4 1367 3361 4730.48233363
5 1368 3365 4732.25227042
4 1369 3367 4732.48154348
3 1370 3368 4733.09789948
2 1371 3371 4744.48233363
3 1372 3372 4745.35511351
4 1373 3374 4747.44205382
5 1374 3376 4749.21223695
6 1375 3379 4751.92559162
5 1376 3380 4752.25227042
4 1377 3388 4761.44205382
3 1378 3389 4761.44205382
2 1379 3390 4763.21223695
1 1380 3391 4765.35511351
2 1381 3392 4765.99782402
3 1382 3396 4771.50522479
2 1383 3398 4773.99782402
3 1384 3401 4775.58307636
4 1385 3403 4779.28050808
5 1386 3405 4780.61077249
4 1387 3411 4785.50522479
5 1388 3412 4786.46799238
6 1389 3414 4788.63596585
7 1390 3417 4790.16443455
8 1391 3418 4792.31275109
7 1392 3420 4792.58307636
6 1393 3421 4793.28050808
7 1394 3425 4796.60948481
6 1395 3427 4797.61077249
7 1396 3428 4799.40310898
8 1397 3431 4802.59938227
7 1398 3435 4803.46799238
8 1399 3440 4806.51014686
7 1400 3442 4808.61077249
6 1401 3443 4809.58307636
7 1402 3444 4811.2356368
6 1403 3452 4819.28050808
5 1404 3453 4820.46799238
4 1405 3454 4823.46799238
3 1406 3455 4823.46799238
2 1407 3458 4828.2356368
1 1408 3459 4828.61077249
2 1409 3463 4838.65965125
3 1410 3468 4843.931591
4 1411 3471 4845.56436485
3 1412 3475 4852.65965125
2 1413 3476 4854.931591
1 1414 3477 4860.931591
2 1415 3478 4864.47657619
1 1416 3482 4881.47657619
2 1417 3483 4881.58735484
3 1418 3487 4890.13930476
4 1419 3489 4891.82994775
5 1420 3492 4893.49608225
6 1421 3495 4896.52707716
5 1422 3496 4898.58735484
4 1423 3501 4902.82994775
3 1424 3504 4910.13930476
2 1425 3505 4913.13930476
3 1426 3506 4915.04146785
2 1427 3510 4924.58735484
3 1428 3511 4925.96819922
2 1429 3513 4926.04146785
1 1430 3516 4936.96819922
2 1431 3517 4937.73703586
3 1432 3519 4941.47891845
4 1433 3521 4942.81873153
5 1434 3525 4944.38399145
6 1435 3530 4949.56633029
5 1436 3532 4950.81873153
6 1437 3533 4951.05804607
5 1438 3535 4951.73703586
4 1439 3537 4952.47891845
5 1440 3540 4958.76661801
6 1441 3541 4959.63991097
5 1442 3543 4963.47891845
4 1443 3549 4967.81873153
3 1444 3552 4974.73703586
4 1445 3553 4975.06289416
5 1446 3557 4976.65688254
4 1447 3558 4978.81873153
3 1448 3564 4980.47891845
4 1449 3565 4980.88560584
5 1450 3567 4981.17348153
4 1451 3569 4986.81873153
3 1452 3570 4989.06289416
4 1453 3571 4993.63261451
5 1454 3577 4998.14761297
6 1455 3578 4998.29347338
5 1456 3581 5000.88560584
4 1457 3584 5004.63261451
3 1458 3589 5009.81873153
2 1459 3590 5015.63261451
3 1460 3591 5016.91421228
4 1461 3595 5021.55468955
3 1462 3597 5023.88560584
2 1463 3600 5033.91421228
1 1464 3601 5035.55468955
2 1465 3604 5045.60405292
3 1466 3608 5061.23722977
4 1467 3610 5062.35826686
5 1468 3612 5066.47191956
6 1469 3614 5067.61940328
5 1470 3616 5068.60405292
6 1471 3617 5071.85434513
7 1472 3622 5074.60473357
8 1473 3627 5082.02884163
7 1474 3630 5082.60405292
6 1475 3632 5083.47191956
5 1476 3633 5085.35826686
6 1477 3634 5085.84814866
5 1478 3636 5087.23722977
6 1479 3642 5092.8724212
7 1480 3644 5094.13623718
6 1481 3645 5094.47191956
7 1482 3649 5095.91472319
6 1483 3650 5096.60405292
7 1484 3651 5098.44990894
6 1485 3652 5099.60405292
5 1486 3654 5105.84814866
6 1487 3658 5108.4371225
7 1488 3663 5113.68611599
6 1489 3668 5120.47191956
5 1490 3669 5125.84814866
4 1491 3673 5127.8724212
3 1492 3674 5128.84814866
4 1493 3677 5136.22506199
3 1494 3679 5136.84814866
2 1495 3682 5140.47191956
3 1496 3683 5141.54077204
4 1497 3685 5141.82503913
5 1498 3687 5143.07684589
6 1499 3688 5145.13310231
5 1500 3693 5149.54077204
4 1501 3695 5152.82503913
5 1502 3697 5153.97125228
4 1503 3698 5156.22506199
5 1504 3702 5156.70568849
6 1505 3703 5157.37287473
7 1506 3704 5157.43700653
8 1507 3705 5158.19965825
9 1508 3706 5160.12892012
10 1509 3707 5160.99271734
9 1510 3711 5163.54077204
8 1511 3715 5172.82503913
7 1512 3719 5176.22506199
6 1513 3723 5183.54077204
7 1514 3724 5185.95883527
8 1515 3727 5187.90479164
7 1516 3729 5189.82503913
6 1517 3730 5190.22506199
7 1518 3734 5192.3143026
8 1519 3735 5192.81607316
9 1520 3740 5201.28673115
8 1521 3741 5204.22506199
7 1522 3747 5206.82503913
6 1523 3748 5209.54077204
5 1524 3758 5221.22506199
4 1525 3759 5223.82503913
3 1526 3760 5224.22506199
4 1527 3761 5225.94028777
3 1528 3763 5226.82503913
2 1529 3764 5229.82503913
1 1530 3767 5239.94028777
2 1531 3768 5243.10452011
3 1532 3770 5243.87892519
4 1533 3772 5249.05879703
5 1534 3773 5251.88029221
6 1535 3776 5254.87877987
5 1536 3780 5257.87892519
4 1537 3784 5266.10452011
3 1538 3786 5271.87892519
4 1539 3790 5273.69389999
5 1540 3791 5276.46715414
4 1541 3795 5283.10452011
5 1542 3797 5283.53721186
6 1543 3798 5285.83470947
5 1544 3799 5285.87892519
6 1545 3800 5286.09565445
5 1546 3803 5288.87892519
4 1547 3805 5291.10452011
3 1548 3812 5302.10452011
2 1549 3813 5308.87892519
1 1550 3816 5322.10452011
2 1551 3819 5334.70104456
3 1552 3821 5340.48652022
2 1553 3825 5348.70104456
3 1554 3828 5350.96893444
4 1555 3830 5352.79799004
5 1556 3831 5354.53822534
6 1557 3833 5359.48782895
7 1558 3835 5360.12675697
6 1559 3837 5360.48652022
7 1560 3844 5368.34718413
6 1561 3845 5370.96893444
7 1562 3846 5371.04122438
6 1563 3848 5371.48652022
5 1564 3850 5373.96893444
4 1565 3851 5373.96893444
5 1566 3852 5375.88916588
6 1567 3853 5378.63017062
7 1568 3854 5378.93899512
8 1569 3855 5379.6882787
9 1570 3858 5382.02212951
10 1571 3861 5387.87087408
9 1572 3865 5388.48652022
8 1573 3866 5390.96893444
9 1574 3868 5391.30665479
8 1575 3875 5399.48652022
9 1576 3876 5399.87076465
8 1577 3877 5402.48652022
9 1578 3878 5408.5654127
10 1579 3879 5408.91465622
9 1580 3880 5410.96893444
8 1581 3882 5411.48652022
9 1582 3886 5415.72967057
10 1583 3887 5417.95780304
9 1584 3891 5418.96893444
8 1585 3895 5428.48652022
7 1586 3898 5429.96893444
6 1587 3901 5433.48652022
7 1588 3904 5433.83454489
8 1589 3905 5436.61662209
9 1590 3906 5438.75430832
10 1591 3907 5439.51157503
11 1592 3909 5440.92638723
12 1593 3914 5444.19769258
11 1594 3915 5447.48652022
12 1595 3916 5450.34387643
11 1596 3917 5450.48652022
12 1597 3918 5452.32680574
11 1598 3920 5453.48652022
12 1599 3923 5459.54778396
11 1600 3924 5461.48652022
12 1601 3930 5465.80389162
11 1602 3934 5469.48652022
12 1603 3936 5470.99733333
13 1604 3937 5471.26939077
12 1605 3938 5472.48652022
13 1606 3944 5481.66124004
14 1607 3945 5485.00791778
13 1608 3946 5486.48652022
12 1609 3947 5486.48652022
11 1610 3950 5489.48652022
10 1611 3951 5489.48652022
9 1612 3956 5500.48652022
8 1613 3957 5500.48652022
9 1614 3958 5512.37591272
10 1615 3961 5513.78753979
9 1616 3963 5523.48652022
8 1617 3967 5528.48652022
9 1618 3968 5530.3675404
8 1619 3979 5539.48652022
7 1620 3982 5544.79512784
6 1621 3984 5547.48652022
7 1622 3985 5549.7816036
8 1623 3986 5549.93356715
7 1624 3989 5550.79512784
6 1625 3992 5558.48652022
7 1626 3998 5566.15475476
8 1627 3999 5566.83680229
7 1628 4000 5567.79512784
6 1629 4002 5570.79512784
7 1630 4006 5575.32533321
6 1631 4009 5581.48652022
5 1632 4011 5581.48652022
4 1633 4013 5581.79512784
5 1634 4014 5581.82702451
6 1635 4016 5584.31421654
7 1636 4017 5584.40775973
8 1637 4018 5584.56569402
9 1638 4019 5589.86228152
10 1639 4020 5592.38443428
11 1640 4023 5595.36572043
12 1641 4027 5597.97547023
13 1642 4028 5599.33482412
14 1643 4031 5601.57076161
13 1644 4035 5604.48652022
12 1645 4037 5604.79512784
11 1646 4042 5607.48652022
10 1647 4044 5609.48652022
9 1648 4047 5612.48652022
8 1649 4048 5615.79512784
7 1650 4052 5618.48652022
8 1651 4053 5620.21465305
9 1652 4054 5620.91632666
10 1653 4055 5621.7755075
9 1654 4059 5626.48652022
10 1655 4060 5632.32639958
9 1656 4063 5632.79512784
8 1657 4071 5643.79512784
7 1658 4072 5643.79512784
6 1659 4075 5649.48652022
5 1660 4079 5654.79512784
4 1661 4081 5657.79512784
5 1662 4084 5662.54111426
6 1663 4085 5663.14227459
7 1664 4089 5665.92986789
8 1665 4090 5669.40306482
7 1666 4092 5672.48652022
6 1667 4095 5674.79512784
5 1668 4096 5675.48652022
6 1669 4097 5679.21750047
7 1670 4100 5686.35138122
6 1671 4107 5694.79512784
5 1672 4108 5694.79512784
4 1673 4109 5695.48652022
5 1674 4111 5695.87198144
6 1675 4114 5701.83350184
5 1676 4118 5706.48652022
6 1677 4119 5707.7164849
7 1678 4120 5709.09942418
8 1679 4121 5713.72461643
7 1680 4125 5717.79512784
8 1681 4128 5723.53842212
7 1682 4129 5725.79512784
8 1683 4131 5725.83261481
7 1684 4133 5726.48652022
8 1685 4134 5726.94539343
7 1686 4140 5743.48652022
8 1687 4141 5744.15493978
7 1688 4143 5748.79512784
8 1689 4148 5756.90150529
9 1690 4149 5760.41191171
10 1691 4150 5761.88275407
9 1692 4152 5768.79512784
8 1693 4155 5769.48652022
9 1694 4156 5770.1385017
10 1695 4157 5771.97706292
11 1696 4158 5775.01125783
12 1697 4159 5775.29789927
11 1698 4167 5786.48652022
10 1699 4170 5788.79512784
11 1700 4171 5789.39701777
10 1701 4172 5789.48652022
9 1702 4180 5797.48652022
10 1703 4181 5800.18376082
9 1704 4182 5800.48652022
8 1705 4183 5802.79512784
9 1706 4184 5803.17418125
8 1707 4187 5808.48652022
7 1708 4191 5808.79512784
6 1709 4202 5822.48652022
5 1710 4205 5828.79512784
4 1711 4206 5831.79512784
3 1712 4209 5832.12103858
4 1713 4212 5841.18608896
5 1714 4213 5843.10926005
4 1715 4216 5849.12103858
5 1716 4218 5850.33191758
6 1717 4219 5850.60909066
7 1718 4220 5851.35414309
6 1719 4224 5857.79512784
7 1720 4225 5862.14712012
6 1721 4229 5866.12103858
7 1722 4231 5866.58710379
8 1723 4232 5872.15883747
9 1724 4233 5872.5101796
8 1725 4235 5874.79512784
9 1726 4239 5879.25539869
8 1727 4240 5883.12103858
9 1728 4243 5886.08526803
8 1729 4250 5891.79512784
7 1730 4251 5895.12103858
8 1731 4252 5895.19575541
9 1732 4254 5897.86230283
10 1733 4261 5900.13550695
9 1734 4262 5903.12103858
8 1735 4266 5905.79512784
7 1736 4267 5906.12103858
6 1737 4268 5908.37112818
7 1738 4270 5908.43291791
6 1739 4272 5912.12103858
7 1740 4276 5915.03219916
8 1741 4279 5918.47695786
7 1742 4280 5919.37112818
8 1743 4283 5919.96005932
9 1744 4287 5923.12495751
10 1745 4288 5927.54340259
9 1746 4290 5928.79512784
10 1747 4296 5934.9583709
9 1748 4297 5935.12103858
8 1749 4299 5938.12103858
7 1750 4302 5942.37112818
6 1751 4305 5945.37112818
7 1752 4307 5948.08092598
6 1753 4308 5949.12103858
7 1754 4310 5950.03394892
6 1755 4311 5951.79512784
7 1756 4317 5958.89319509
8 1757 4320 5963.04638106
7 1758 4321 5963.12103858
6 1759 4324 5965.37112818
7 1760 4325 5970.45979973
6 1761 4326 5971.79512784
7 1762 4332 5976.16892476
8 1763 4333 5981.75787248
7 1764 4336 5982.37112818
6 1765 4339 5989.12103858
7 1766 4341 5993.47868131
6 1767 4346 5997.79512784
7 1768 4347 5998.88508299
8 1769 4350 6000.80216114
9 1770 4352 6002.16461406
8 1771 4353 6002.37112818
7 1772 4357 6005.37112818
8 1773 4360 6008.80236029
7 1774 4361 6009.12103858
8 1775 4363 6011.5152843
7 1776 4364 6011.79512784
8 1777 4366 6012.65958769
7 1778 4375 6020.12103858
6 1779 4376 6020.79512784
7 1780 4377 6021.80868094
8 1781 4378 6022.65213424
9 1782 4379 6022.98046607
8 1783 4383 6025.37112818
7 1784 4384 6025.37112818
6 1785 4386 6028.79512784
7 1786 4387 6032.76244312
6 1787 4389 6034.12103858
5 1788 4397 6042.12103858
6 1789 4398 6043.26889835
5 1790 4401 6045.79512784
4 1791 4402 6048.37112818
5 1792 4408 6055.20377351
4 1793 4410 6059.12103858
5 1794 4411 6059.21698687
4 1795 4413 6059.79512784
3 1796 4414 6062.79512784
4 1797 4417 6069.20919457
5 1798 4421 6072.23892635
4 1799 4425 6075.20377351
3 1800 4426 6077.20919457
2 1801 4429 6082.21698687
3 1802 4430 6089.26047658
4 1803 4432 6090.71046017
3 1804 4434 6092.20377351
4 1805 4435 6097.40435891
5 1806 4443 6101.02233633
4 1807 4444 6102.40435891
3 1808 4446 6109.26047658
4 1809 4447 6109.48247833
3 1810 4451 6110.71046017
4 1811 4454 6114.37535285
3 1812 4458 6122.37535285
2 1813 4459 6122.40435891
3 1814 4460 6125.91434237
2 1815 4462 6126.48247833
3 1816 4463 6127.08931886
4 1817 4467 6131.21575043
5 1818 4471 6135.71813056
4 1819 4474 6138.08931886
3 1820 4478 6139.91434237
2 1821 4481 6145.21575043
3 1822 4482 6149.48422236
2 1823 4484 6152.08931886
3 1824 4485 6152.57739603
4 1825 4491 6160.54223109
3 1826 4493 6163.48422236
2 1827 4496 6168.54223109
3 1828 4497 6169.033241
2 1829 4499 6169.57739603
3 1830 4500 6172.15511245
2 1831 4506 6186.033241
1 1832 4507 6186.15511245
2 1833 4508 6195.19118338
3 1834 4510 6196.11247285
4 1835 4512 6197.67883713
5 1836 4516 6206.49003108
6 1837 4520 6208.1493633
7 1838 4523 6208.49596547
8 1839 4526 6211.35977899
7 1840 4528 6213.11247285
6 1841 4529 6214.67883713
5 1842 4532 6215.19118338
4 1843 4538 6220.49003108
5 1844 4539 6222.57990269
4 1845 4541 6222.67883713
3 1846 4544 6228.67883713
2 1847 4545 6230.57990269
1 1848 4546 6233.11247285
2 1849 4547 6233.18769195
3 1850 4549 6236.79739547
4 1851 4553 6243.18545528
5 1852 4555 6246.35028413
4 1853 4559 6247.18769195
5 1854 4560 6249.49297279
6 1855 4568 6257.2785767
5 1856 4570 6257.35028413
4 1857 4573 6265.35028413
3 1858 4574 6265.79739547
2 1859 4575 6266.49297279
1 1860 4576 6269.18545528
2 1861 4577 6274.61397118
1 1862 4581 6282.61397118
2 1863 4582 6286.12835424
3 1864 4584 6286.92668363
2 1865 4590 6297.92668363
3 1866 4591 6302.81340036
2 1867 4593 6306.12835424
3 1868 4596 6310.40467868
4 1869 4598 6311.7948245
5 1870 4600 6313.26378483
4 1871 4609 6325.81340036
3 1872 4610 6327.26378483
2 1873 4611 6327.40467868
3 1874 4612 6329.96154424
2 1875 4614 6334.7948245
3 1876 4615 6336.07528435
4 1877 4621 6343.25100455
3 1878 4625 6349.96154424
2 1879 4626 6350.07528435
1 1880 4627 6354.25100455
2 1881 4628 6355.33437128
3 1882 4630 6359.89597613
4 1883 4634 6363.41031837
5 1884 4636 6363.69796152
6 1885 4638 6365.94977498
5 1886 4640 6369.33437128
6 1887 4641 6369.70568506
7 1888 4648 6372.00338657
8 1889 4649 6375.43925514
7 1890 4655 6379.89597613
6 1891 4656 6380.69796152
5 1892 4657 6383.41031837
4 1893 4662 6385.94977498
3 1894 4663 6386.70568506
4 1895 4666 6388.30562604
3 1896 4671 6396.89597613
4 1897 4672 6400.95251524
3 1898 4674 6401.70568506
2 1899 4675 6408.30562604
3 1900 4677 6412.5671101
4 1901 4682 6425.53071453
3 1902 4684 6426.5671101
4 1903 4685 6428.28263293
5 1904 4687 6429.90661927
4 1905 4689 6432.95251524
5 1906 4694 6437.00154856
4 1907 4696 6439.28263293
3 1908 4701 6448.53071453
2 1909 4702 6451.00154856
1 1910 4703 6452.90661927
2 1911 4704 6460.25139539
3 1912 4706 6460.82582436
2 1913 4712 6474.82582436
1 1914 4713 6477.25139539
2 1915 4714 6477.4745323
3 1916 4716 6480.69724292
4 1917 4720 6485.59674318
3 1918 4722 6485.69724292
2 1919 4725 6491.4745323
3 1920 4728 6497.26752072
4 1921 4732 6504.28492548
5 1922 4734 6505.22163139
4 1923 4736 6508.59674318
3 1924 4739 6514.26752072
4 1925 4742 6519.08569316
3 1926 4746 6524.28492548
2 1927 4747 6525.22163139
3 1928 4748 6525.7808752
2 1929 4750 6530.08569316
3 1930 4751 6531.96174248
2 1931 4757 6542.7808752
1 1932 4758 6545.96174248
2 1933 4759 6549.90313416
3 1934 4761 6550.94350837
4 1935 4764 6552.92445736
3 1936 4768 6557.90313416
2 1937 4769 6560.90313416
1 1938 4772 6573.94350837
2 1939 4773 6575.20692496
3 1940 4777 6588.28362867
2 1941 4781 6598.20692496
1 1942 4782 6599.28362867
2 1943 4783 6612.49253068
3 1944 4787 6624.1112816
2 1945 4789 6626.49253068
3 1946 4790 6632.10602849
4 1947 4794 6637.05526959
3 1948 4800 6644.1112816
4 1949 4801 6644.21527026
5 1950 4803 6646.67488527
6 1951 4805 6648.09382341
5 1952 4807 6652.10602849
4 1953 4810 6654.05526959
5 1954 4813 6657.75283092
4 1955 4815 6660.67488527
5 1956 4818 6662.28979231
6 1957 4821 6662.69390478
5 1958 4822 6664.21527026
4 1959 4828 6670.28979231
5 1960 4829 6672.06974598
4 1961 4831 6675.10602849
3 1962 4834 6677.75283092
2 1963 4835 6677.75283092
1 1964 4836 6680.06974598
2 1965 4837 6685.81356139
3 1966 4839 6687.28676733
4 1967 4841 6691.51417644
5 1968 4843 6693.79144093
4 1969 4851 6699.81356139
3 1970 4852 6704.28676733
2 1971 4855 6708.51417644
3 1972 4856 6715.85535929
2 1973 4860 6719.79144093
1 1974 4861 6726.85535929
2 1975 4862 6727.58547313
3 1976 4864 6733.88859453
4 1977 4870 6742.77308484
3 1978 4872 6744.58547313
4 1979 4873 6745.24133098
5 1980 4875 6746.56934926
4 1981 4879 6750.88859453
3 1982 4884 6762.77308484
2 1983 4885 6763.56934926
1 1984 4886 6765.24133098
2 1985 4887 6768.52302246
3 1986 4889 6772.78846699
2 1987 4895 6785.52302246
3 1988 4896 6789.02978181
4 1989 4900 6794.76011488
3 1990 4902 6795.78846699
4 1991 4903 6796.43083982
5 1992 4907 6799.22180988
4 1993 4909 6802.76011488
3 1994 4912 6806.02978181
2 1995 4913 6810.22180988
1 1996 4916 6822.43083982
2 1997 4917 6830.55754325
3 1998 4919 6836.29308781
2 1999 4926 6847.55754325
1 2000 4927 6856.29308781
0 2001 4931 6866.34023208
0 2002 4931 6866.34023208
