#data counter step time
0 1 0 0.0
1 2 1 0.0
2 3 12 0.853649757619
3 4 14 6.7144451076
4 5 16 6.83105188711
3 6 24 23.7144451076
2 7 25 26.8310518871
1 8 26 26.8536497576
2 9 27 32.4847421675
3 10 29 41.2126290828
2 11 35 49.2126290828
3 12 36 51.065303798
2 13 38 55.4847421675
3 14 41 60.6620834912
4 15 43 64.0453924696
3 16 45 65.065303798
4 17 46 70.0617629681
3 18 54 83.6620834912
4 19 55 83.6841626123
3 20 57 90.0453924696
4 21 58 91.3792187227
3 22 60 93.0617629681
4 23 63 94.6000614205
3 24 65 100.684162612
4 25 66 101.114042009
3 26 74 111.60006142
2 27 75 114.379218723
1 28 76 115.114042009
2 29 77 127.666510064
3 30 82 133.535253239
2 31 83 135.666510064
3 32 84 136.173526269
4 33 88 141.494198881
3 34 92 144.173526269
4 35 95 148.923809965
3 36 97 152.494198881
2 37 98 156.535253239
1 38 101 171.923809965
2 39 102 180.298303039
3 40 104 184.647138347
2 41 108 197.298303039
3 42 111 200.068265765
2 43 113 207.647138347
3 44 114 209.245794765
4 45 118 211.508182589
5 46 120 214.587217457
6 47 122 217.163353171
5 48 130 223.068265765
4 49 133 228.508182589
3 50 134 229.245794765
2 51 135 231.163353171
1 52 136 231.587217457
2 53 137 234.269511191
3 54 142 245.724918654
2 55 143 248.269511191
3 56 144 249.928211125
4 57 146 250.20775731
5 58 154 261.547465271
4 59 156 263.928211125
3 60 157 264.20775731
4 61 159 266.249639566
5 62 160 266.53992798
4 63 167 271.724918654
3 64 168 272.547465271
4 65 169 273.403811879
3 66 171 275.547465271
4 67 172 277.437144751
3 68 174 277.53992798
4 69 176 281.564597177
3 70 182 290.403811879
2 71 183 294.437144751
3 72 184 295.362831085
2 73 186 297.437144751
3 74 188 302.928247926
4 75 189 304.89123357
5 76 193 308.223619944
6 77 195 309.761096038
7 78 198 311.674474063
8 79 201 313.25335893
7 80 203 315.362831085
6 81 204 315.89123357
7 82 205 318.88847323
6 83 216 328.223619944
5 84 217 329.761096038
4 85 220 334.928247926
3 86 221 335.362831085
2 87 222 337.223619944
3 88 223 337.915804013
2 89 225 341.88847323
3 90 228 356.963518967
2 91 230 357.915804013
1 92 233 367.963518967
2 93 234 374.321234425
3 94 237 374.49270773
4 95 241 382.219764377
3 96 243 385.321234425
2 97 244 391.321234425
3 98 247 392.252406017
4 99 249 393.131133374
3 100 253 405.219764377
2 101 256 406.252406017
3 102 257 406.371330654
4 103 261 411.238655401
3 104 263 414.371330654
2 105 266 422.131133374
3 106 267 425.70745904
2 107 269 431.238655401
3 108 272 436.687254453
4 109 276 446.912444532
3 110 278 448.70745904
2 111 279 450.687254453
3 112 280 453.730288191
4 113 284 466.392251996
3 114 288 469.912444532
4 115 291 471.644661239
3 116 293 473.730288191
2 117 294 480.392251996
3 118 297 485.782467437
2 119 299 488.644661239
3 120 302 491.899365334
2 121 306 499.782467437
3 122 307 504.060013965
4 123 309 505.933971299
5 124 313 513.34981
4 125 319 514.899365334
3 126 320 516.933971299
2 127 321 518.34981
3 128 322 519.175091487
2 129 324 521.060013965
3 130 327 529.088732308
4 131 331 538.269758294
3 132 333 539.175091487
2 133 334 543.088732308
3 134 335 543.125638003
2 135 341 557.125638003
1 136 342 558.269758294
2 137 343 572.865104601
3 138 345 577.415979907
4 139 351 587.350390826
5 140 355 593.359199716
6 141 357 594.346854586
5 142 359 595.865104601
4 143 360 597.415979907
3 144 361 598.350390826
4 145 362 600.203697227
3 146 370 614.203697227
2 147 371 614.346854586
3 148 372 614.500966259
2 149 374 616.359199716
3 150 375 619.379319319
4 151 377 621.330323977
3 152 385 628.500966259
2 153 386 636.379319319
1 154 387 638.330323977
2 155 388 641.42714904
3 156 392 653.38358627
2 157 394 655.42714904
3 158 395 658.664258186
4 159 397 660.013625675
5 160 405 671.41646798
4 161 409 673.38358627
3 162 410 674.013625675
2 163 411 675.664258186
3 164 412 676.299644264
4 165 414 676.947779051
3 166 416 679.41646798
4 167 417 684.729584351
3 168 425 690.947779051
2 169 426 698.729584351
1 170 427 702.299644264
2 171 428 703.903633794
3 172 430 705.511895378
4 173 432 712.773565429
5 174 436 714.646871645
6 175 440 718.466348858
5 176 442 719.511895378
4 177 443 720.903633794
3 178 450 726.466348858
2 179 451 731.646871645
3 180 452 733.310975704
4 181 454 739.228048303
3 182 458 741.773565429
4 183 459 745.978940421
3 184 465 750.310975704
2 185 466 753.978940421
3 186 467 758.132906449
2 187 469 762.228048303
3 188 470 762.953142948
4 189 474 768.426753102
3 190 476 769.132906449
4 191 477 769.159790712
3 192 485 779.953142948
4 193 486 780.242666054
3 194 488 786.159790712
4 195 489 786.698642763
3 196 491 788.426753102
4 197 496 794.934640273
3 198 498 803.698642763
4 199 499 804.762880246
3 200 501 806.242666054
4 201 504 811.797533851
5 202 506 814.11273051
6 203 508 818.839111323
7 204 510 819.449828039
6 205 513 820.934640273
7 206 517 821.286375364
8 207 520 826.261469379
7 208 526 828.11273051
8 209 527 832.061163534
7 210 529 834.934640273
6 211 530 835.839111323
5 212 532 836.762880246
4 213 533 837.797533851
5 214 538 843.369676959
6 215 540 843.839531034
7 216 542 845.807793516
6 217 544 846.839111323
7 218 546 847.854606056
8 219 549 850.159511423
7 220 550 851.11273051
8 221 552 851.814624939
7 222 560 854.934640273
6 223 562 857.369676959
7 224 563 862.167782508
6 225 567 865.11273051
5 226 568 866.839531034
4 227 571 869.839111323
3 228 572 869.839531034
4 229 573 871.570197648
5 230 577 873.840837746
6 231 579 874.758500271
7 232 583 876.931247106
6 233 584 877.934640273
5 234 592 885.758500271
4 235 593 887.840837746
3 236 594 888.167782508
4 237 595 890.336183944
5 238 597 891.007071796
4 239 599 891.570197648
5 240 602 894.572037434
4 241 604 894.934640273
3 242 607 901.336183944
2 243 610 911.007071796
3 244 611 911.115131487
2 245 613 911.572037434
3 246 614 912.037323314
4 247 616 913.37597902
5 248 624 925.28979753
4 249 626 927.37597902
3 250 627 928.115131487
4 251 628 930.504715444
3 252 630 932.037323314
4 253 633 941.852714353
5 254 637 944.536012544
6 255 641 948.860091495
7 256 645 952.174189654
6 257 647 953.504715444
7 258 648 954.268232564
6 259 650 954.28979753
7 260 655 956.410644962
6 261 656 961.536012544
5 262 658 961.852714353
6 263 663 964.960952186
7 264 665 965.46911297
6 265 667 965.860091495
5 266 668 966.536012544
4 267 669 970.504715444
3 268 670 971.28979753
4 269 671 971.341125525
5 270 677 980.373485255
4 271 681 984.960952186
3 272 684 988.341125525
4 273 685 988.929571545
5 274 687 989.76660439
4 275 689 994.373485255
3 276 690 994.860091495
4 277 693 1002.05986653
3 278 697 1002.92957155
2 279 698 1009.76660439
1 280 701 1016.05986653
2 281 702 1016.2767876
3 282 704 1021.12783329
4 283 706 1021.9210435
5 284 710 1026.60867377
4 285 718 1032.12783329
3 286 719 1032.9210435
2 287 720 1036.2767876
1 288 721 1037.60867377
2 289 723 1045.27592964
3 290 724 1053.79250727
4 291 727 1057.19395224
5 292 728 1057.27689215
4 293 732 1062.27592964
5 294 739 1067.20928089
4 295 741 1070.79250727
5 296 742 1071.09901847
4 297 744 1071.27689215
5 298 745 1071.34576377
4 299 747 1074.19395224
5 300 754 1079.49262636
4 301 756 1084.20928089
3 302 757 1085.09901847
2 303 758 1085.34576377
3 304 761 1097.14085519
4 305 763 1101.659137
3 306 765 1102.49262636
4 307 766 1103.31326955
5 308 774 1116.70349876
4 309 776 1117.31326955
5 310 777 1117.41233214
6 311 779 1119.67159572
5 312 783 1123.14085519
4 313 786 1124.659137
3 314 787 1125.41233214
4 315 790 1129.69093749
3 316 792 1130.67159572
2 317 793 1130.70349876
3 318 794 1136.76204188
4 319 796 1138.29249279
5 320 798 1140.05993629
6 321 800 1140.44028389
7 322 808 1145.47930574
6 323 810 1146.29249279
5 324 813 1149.69093749
6 325 816 1150.58016641
5 326 818 1150.76204188
6 327 821 1153.14779157
5 328 823 1154.05993629
6 329 824 1156.33799437
5 330 826 1158.58016641
4 331 831 1163.44028389
3 332 834 1169.29249279
2 333 835 1176.14779157
1 334 836 1176.33799437
2 335 837 1185.61751874
3 336 839 1188.89906282
4 337 842 1191.79065388
5 338 844 1192.97921864
6 339 846 1193.2126489
7 340 854 1197.57350228
6 341 856 1202.61751874
7 342 857 1204.39290757
6 343 859 1205.61751874
5 344 860 1205.61751874
4 345 861 1205.89906282
3 346 862 1205.89906282
4 347 863 1206.45324137
5 348 865 1208.42933787
4 349 875 1218.39290757
3 350 876 1220.45324137
4 351 877 1224.1289784
5 352 879 1225.98655269
4 353 881 1226.57350228
3 354 884 1228.42933787
4 355 885 1231.50973517
3 356 887 1232.1289784
2 357 890 1242.98655269
3 358 891 1243.64834914
4 359 895 1245.38775815
3 360 899 1251.50973517
2 361 900 1254.64834914
3 362 903 1262.61479566
4 363 905 1264.18806232
3 364 907 1265.38775815
4 365 908 1267.94976038
3 366 914 1273.61479566
4 367 915 1273.68878784
5 368 921 1278.16823893
4 369 923 1278.94976038
3 370 924 1281.68878784
4 371 925 1282.14904469
5 372 929 1282.18983653
6 373 931 1282.29632717
7 374 933 1282.43740338
8 375 934 1283.85720418
7 376 936 1287.18806232
8 377 938 1288.69578753
7 378 949 1295.16823893
6 379 950 1299.14904469
5 380 951 1299.18983653
4 381 952 1301.18806232
3 382 953 1302.29632717
2 383 954 1304.18806232
3 384 955 1307.78025342
4 385 959 1309.98836182
3 386 963 1315.16823893
2 387 966 1318.78025342
3 388 967 1321.97626004
2 389 969 1323.98836182
3 390 972 1331.61891294
4 391 976 1341.64041429
3 392 978 1341.97626004
2 393 979 1342.61891294
3 394 982 1355.10961773
2 395 984 1358.64041429
3 396 987 1365.65676062
4 397 989 1365.93800813
3 398 991 1369.10961773
2 399 996 1379.93800813
3 400 997 1381.98268134
4 401 999 1383.84727047
3 402 1001 1385.65676062
2 403 1006 1395.98268134
3 404 1007 1398.66567433
4 405 1009 1402.05145983
3 406 1011 1403.84727047
4 407 1012 1404.84782991
3 408 1020 1415.66567433
2 409 1021 1415.84782991
3 410 1022 1421.61160464
2 411 1024 1422.05145983
3 412 1025 1423.37041586
4 413 1029 1426.92035094
3 414 1035 1435.61160464
4 415 1036 1436.04356975
3 416 1038 1437.37041586
4 417 1041 1440.95207076
3 418 1043 1443.92035094
4 419 1046 1448.68092035
3 420 1048 1450.04356975
4 421 1049 1450.13860684
5 422 1051 1451.51264904
6 423 1054 1454.20109938
7 424 1055 1455.14423679
6 425 1059 1457.95207076
5 426 1067 1465.51264904
4 427 1068 1468.51264904
3 428 1069 1468.68092035
2 429 1070 1470.13860684
3 430 1072 1470.2735779
2 431 1076 1478.14423679
3 432 1079 1483.67190925
2 433 1081 1487.2735779
3 434 1085 1496.53316214
2 435 1087 1497.67190925
1 436 1090 1510.53316214
2 437 1091 1519.24617245
3 438 1093 1523.36394825
4 439 1097 1532.73700166
5 440 1103 1533.79056915
4 441 1105 1536.24617245
5 442 1106 1539.34587909
6 443 1107 1540.00010459
5 444 1110 1543.36394825
4 445 1113 1543.73700166
5 446 1114 1545.3576867
6 447 1115 1548.80592291
5 448 1117 1550.24617245
6 449 1120 1552.38521469
7 450 1121 1552.39588093
6 451 1127 1560.36394825
5 452 1128 1560.73700166
6 453 1130 1561.29510279
7 454 1131 1562.07336682
8 455 1132 1563.23787161
7 456 1133 1564.24617245
8 457 1137 1566.65597758
9 458 1140 1567.6404151
8 459 1147 1571.36394825
9 460 1149 1574.06281413
8 461 1151 1575.24617245
7 462 1152 1575.24617245
6 463 1155 1577.73700166
7 464 1157 1578.58756836
6 465 1158 1581.24617245
7 466 1161 1583.0559028
8 467 1162 1584.1145419
9 468 1165 1587.88627107
8 469 1169 1588.36394825
7 470 1171 1588.73700166
6 471 1172 1595.24617245
5 472 1182 1602.73700166
6 473 1183 1604.58246496
5 474 1184 1605.36394825
6 475 1185 1606.72378722
5 476 1187 1608.36394825
4 477 1188 1608.36394825
5 478 1191 1615.60950358
6 479 1192 1616.50202293
7 480 1193 1617.79034375
8 481 1194 1618.08858455
7 482 1198 1625.73700166
8 483 1199 1626.92203368
9 484 1200 1628.26110342
10 485 1203 1635.92760711
9 486 1204 1637.36394825
10 487 1206 1642.42338951
9 488 1210 1642.73700166
10 489 1213 1650.29034339
11 490 1218 1653.50611851
10 491 1219 1656.73700166
9 492 1221 1656.73700166
8 493 1222 1657.36394825
7 494 1224 1662.73700166
8 495 1225 1663.02499132
9 496 1230 1667.22867121
8 497 1232 1671.36394825
9 498 1233 1672.72643613
8 499 1235 1673.73700166
9 500 1238 1684.35080096
10 501 1239 1685.69695003
11 502 1242 1687.32180905
10 503 1243 1688.36394825
11 504 1245 1690.42796389
12 505 1246 1691.90635043
11 506 1247 1702.73700166
12 507 1249 1706.96427236
13 508 1250 1707.19687066
14 509 1251 1711.35984535
15 510 1252 1725.05561829
16 511 1253 1732.04415253
17 512 1254 1739.38840941
18 513 1255 1754.72197958
19 514 1256 1761.16000377
20 515 1257 1765.84231059
21 516 1258 1768.25108938
22 517 1259 1773.1007083
23 518 1260 1776.26437099
24 519 1261 1781.6179254
25 520 1262 1794.76648428
26 521 1263 1798.60697186
27 522 1264 1805.60123161
28 523 1265 1814.24187948
29 524 1266 1829.63428504
30 525 1267 1834.53508941
31 526 1268 1837.94831963
32 527 1269 1848.42398759
33 528 1270 1856.42585306
34 529 1271 1874.66346062
35 530 1272 1875.29043864
36 531 1273 1879.0849613
37 532 1274 1882.807631
38 533 1275 1888.46643234
39 534 1276 1893.39744945
40 535 1277 1903.75880262
41 536 1278 1904.73731123
42 537 1279 1914.59701746
43 538 1280 1925.81167104
44 539 1281 1927.49802854
45 540 1282 1940.90311908
46 541 1283 1941.97170399
47 542 1284 1950.43782333
48 543 1291 1959.94381819
49 544 1297 1967.08894346
50 545 1298 1971.42454553
49 546 1299 1972.13860684
48 547 1300 1972.13860684
47 548 1304 1975.13860684
48 549 1309 1976.58596764
47 550 1310 1977.13860684
46 551 1317 1978.13860684
45 552 1318 1980.13860684
44 553 1320 1986.13860684
45 554 1328 1996.94042983
46 555 1329 2000.50871322
45 556 1334 2003.14423679
44 557 1335 2003.14423679
43 558 1340 2006.13860684
42 559 1341 2006.14423679
41 560 1342 2009.14423679
42 561 1348 2011.38184298
43 562 1349 2014.80004483
44 563 1350 2017.01080722
43 564 1351 2017.14423679
42 565 1359 2020.14423679
41 566 1360 2020.14423679
42 567 1361 2023.49868364
43 568 1362 2024.7053646
44 569 1363 2024.98092963
43 570 1364 2026.13860684
42 571 1365 2026.13860684
41 572 1366 2026.14423679
42 573 1367 2026.77093022
41 574 1374 2029.13860684
40 575 1375 2029.13860684
41 576 1376 2030.73293724
40 577 1377 2034.14423679
39 578 1382 2040.13860684
38 579 1386 2040.14423679
37 580 1391 2046.13860684
38 581 1392 2049.30573597
39 582 1393 2049.34910192
40 583 1394 2053.14483064
39 584 1399 2054.14423679
38 585 1400 2054.14423679
39 586 1401 2054.18144183
38 587 1405 2055.13860684
39 588 1406 2055.44408421
38 589 1407 2057.14423679
37 590 1416 2065.14423679
38 591 1417 2066.06247871
37 592 1422 2068.14423679
36 593 1423 2074.14423679
35 594 1424 2075.13860684
34 595 1429 2077.14423679
35 596 1430 2079.94373363
36 597 1431 2080.43836928
35 598 1436 2081.13860684
34 599 1437 2081.13860684
35 600 1438 2081.16043551
36 601 1439 2082.00932572
35 602 1444 2082.14423679
34 603 1445 2082.14423679
35 604 1446 2082.48267246
34 605 1447 2085.14423679
35 606 1448 2086.13730923
36 607 1449 2087.31053409
35 608 1455 2090.14423679
34 609 1461 2095.13860684
33 610 1462 2095.13860684
32 611 1463 2096.14423679
33 612 1464 2097.2204079
32 613 1465 2098.13860684
31 614 1470 2101.13860684
30 615 1475 2102.14423679
29 616 1476 2102.14423679
30 617 1477 2103.25205847
31 618 1481 2107.46681925
32 619 1484 2110.77923797
31 620 1485 2112.13860684
30 621 1493 2115.13860684
29 622 1494 2116.14423679
28 623 1499 2118.24617245
29 624 1501 2118.82608074
28 625 1506 2119.14423679
27 626 1507 2119.14423679
26 627 1510 2122.14423679
25 628 1511 2129.13860684
24 629 1518 2132.13860684
23 630 1519 2132.13860684
22 631 1524 2132.24617245
21 632 1525 2132.24617245
20 633 1531 2138.24617245
19 634 1535 2142.14423679
18 635 1541 2144.24617245
17 636 1542 2145.14423679
16 637 1544 2146.13860684
15 638 1545 2146.24617245
14 639 1546 2149.24617245
13 640 1547 2149.24617245
12 641 1554 2152.24617245
11 642 1561 2154.13860684
10 643 1568 2156.14423679
11 644 1569 2156.3149845
10 645 1570 2159.14423679
11 646 1572 2161.82899338
10 647 1573 2162.14423679
9 648 1576 2166.24617245
8 649 1577 2166.24617245
7 650 1578 2166.24617245
6 651 1582 2168.13860684
5 652 1583 2169.24617245
6 653 1587 2170.81664198
5 654 1588 2173.14423679
6 655 1590 2175.36617598
7 656 1591 2175.83016746
6 657 1592 2177.24617245
7 658 1595 2181.00626924
6 659 1599 2183.24617245
5 660 1602 2187.14423679
4 661 1603 2188.13860684
3 662 1609 2197.24617245
2 663 1610 2198.14423679
1 664 1611 2201.14423679
2 665 1612 2206.35962331
1 666 1616 2217.35962331
2 667 1617 2233.23073009
3 668 1619 2236.86628938
4 669 1621 2240.12549059
3 670 1627 2247.23073009
2 671 1630 2256.86628938
3 672 1631 2260.15637151
2 673 1633 2263.12549059
3 674 1634 2265.53164979
4 675 1638 2268.2080678
3 676 1642 2276.53164979
2 677 1643 2277.15637151
1 678 1646 2282.2080678
2 679 1647 2284.06710417
3 680 1649 2285.40522063
4 681 1653 2294.01359263
3 682 1655 2298.06710417
4 683 1656 2299.37497251
3 684 1662 2305.40522063
4 685 1663 2307.07776443
3 686 1669 2312.07776443
4 687 1670 2312.16051163
5 688 1672 2312.63226174
4 689 1674 2314.01359263
3 690 1677 2319.37497251
4 691 1678 2320.43649735
5 692 1680 2325.44392236
6 693 1681 2326.0229184
7 694 1684 2329.76934914
6 695 1686 2332.16051163
5 696 1689 2337.01359263
6 697 1692 2337.96803663
7 698 1693 2340.51443669
8 699 1695 2340.70162114
9 700 1697 2341.0812168
8 701 1702 2343.43649735
7 702 1707 2346.16051163
6 703 1709 2346.16051163
7 704 1714 2350.27215462
6 705 1716 2354.01359263
5 706 1717 2355.16051163
4 707 1718 2357.01359263
3 708 1719 2357.16051163
2 709 1720 2357.43649735
3 710 1723 2362.02981812
4 711 1725 2367.92448872
3 712 1727 2368.01359263
4 713 1728 2370.91709349
5 714 1734 2375.59712876
6 715 1737 2379.83333421
7 716 1738 2379.97691317
6 717 1740 2382.02981812
7 718 1741 2382.73225066
6 719 1743 2384.91709349
5 720 1745 2387.92448872
6 721 1752 2398.26957481
5 722 1755 2404.92448872
6 723 1756 2405.68334008
5 724 1758 2407.91709349
4 725 1762 2414.02981812
3 726 1765 2415.92448872
4 727 1766 2418.9052015
5 728 1768 2419.85803542
6 729 1770 2419.92570729
5 730 1771 2421.92448872
4 731 1776 2427.91709349
5 732 1778 2435.41826052
4 733 1780 2436.85803542
5 734 1785 2441.30060962
4 735 1787 2441.9052015
5 736 1788 2446.29619208
6 737 1789 2446.30183279
7 738 1790 2447.34200758
6 739 1792 2447.91709349
5 740 1794 2450.85803542
4 741 1803 2458.85803542
5 742 1804 2459.12239764
6 743 1806 2462.85412788
5 744 1809 2464.91709349
6 745 1811 2469.01192426
5 746 1813 2470.12239764
4 747 1816 2473.9052015
3 748 1817 2475.13860684
2 749 1823 2481.91709349
3 750 1824 2483.55646683
2 751 1828 2487.12239764
3 752 1829 2489.75642017
2 753 1831 2497.55646683
1 754 1834 2506.75642017
2 755 1835 2508.20887759
1 756 1839 2528.20887759
2 757 1840 2529.54404568
3 758 1842 2530.29504051
4 759 1844 2531.24473973
5 760 1847 2532.63539178
6 761 1848 2534.37582829
5 762 1859 2543.54404568
4 763 1860 2544.29504051
3 764 1861 2548.24473973
4 765 1862 2550.6264863
3 766 1864 2551.24473973
2 767 1865 2554.37582829
3 768 1866 2557.6411982
4 769 1870 2567.20090145
5 770 1872 2568.13391818
4 771 1878 2576.6264863
5 772 1881 2579.79673055
6 773 1883 2580.85983766
5 774 1885 2583.6411982
4 775 1888 2587.20090145
3 776 1889 2588.13391818
2 777 1892 2597.85983766
1 778 1893 2602.79673055
2 779 1894 2620.27439422
3 780 1897 2621.4263028
4 781 1898 2632.84392949
5 782 1903 2634.97301261
6 783 1905 2638.51971748
5 784 1911 2643.27439422
4 785 1913 2645.97301261
3 786 1914 2646.27439422
2 787 1917 2649.84392949
1 788 1919 2661.51971748
2 789 1920 2662.5721012
3 790 1922 2663.3694096
4 791 1925 2670.08537568
5 792 1931 2679.83524348
6 793 1933 2680.11453604
5 794 1935 2680.3694096
6 795 1936 2681.65752628
5 796 1938 2682.5721012
6 797 1941 2683.49536372
5 798 1946 2691.11453604
4 799 1948 2691.5721012
3 800 1949 2693.83524348
2 801 1952 2695.65752628
1 802 1953 2699.11453604
2 803 1954 2711.29342516
3 804 1956 2721.22596283
4 805 1958 2726.21715518
5 806 1966 2736.18875226
4 807 1968 2740.29342516
3 808 1969 2741.22596283
4 809 1972 2744.4746343
3 810 1974 2746.21715518
4 811 1975 2746.28691131
5 812 1977 2747.41221861
4 813 1979 2750.18875226
5 814 1984 2752.29348558
4 815 1988 2757.28691131
3 816 1989 2758.4746343
4 817 1992 2762.4705734
3 818 1994 2764.41221861
4 819 1995 2765.00599498
3 820 1997 2766.29348558
4 821 1999 2766.33544716
3 822 2006 2773.4705734
2 823 2007 2780.33544716
1 824 2008 2782.00599498
2 825 2009 2782.63034488
3 826 2012 2786.40784485
4 827 2013 2787.56223804
5 828 2015 2788.01438189
6 829 2023 2798.22923797
5 830 2024 2802.01438189
4 831 2028 2805.63034488
3 832 2029 2807.56223804
2 833 2030 2808.63034488
1 834 2031 2810.56223804
2 835 2032 2846.7423561
1 836 2036 2857.7423561
2 837 2037 2867.2780068
3 838 2041 2883.15679374
2 839 2043 2884.2780068
3 840 2044 2894.62623845
4 841 2048 2906.48214237
3 842 2052 2909.15679374
2 843 2053 2917.62623845
3 844 2054 2921.28630776
4 845 2058 2925.6804545
5 846 2060 2926.32694936
4 847 2066 2932.48214237
3 848 2067 2938.28630776
2 849 2070 2942.6804545
1 850 2071 2943.32694936
2 851 2072 2946.68196602
3 852 2074 2951.05781841
4 853 2076 2952.91017897
5 854 2084 2959.86305549
6 855 2086 2960.2981405
5 856 2087 2960.91017897
4 857 2089 2962.05781841
3 858 2090 2963.68196602
4 859 2093 2969.11087871
5 860 2097 2971.12071629
4 861 2103 2976.86305549
3 862 2104 2977.11087871
4 863 2105 2980.86164401
3 864 2107 2980.91017897
2 865 2108 2982.12071629
3 866 2109 2991.78403087
4 867 2115 2999.70052845
5 868 2118 3006.76416129
4 869 2119 3008.78403087
3 870 2120 3009.86164401
4 871 2124 3014.33891526
3 872 2126 3016.70052845
2 873 2129 3022.70052845
3 874 2130 3025.87153836
4 875 2132 3028.32049631
3 876 2134 3031.33891526
4 877 2135 3035.48964203
5 878 2137 3036.82928565
4 879 2145 3042.87153836
3 880 2146 3048.32049631
2 881 2147 3049.48964203
3 882 2150 3050.01621348
2 883 2154 3064.01621348
3 884 2155 3067.07570351
2 885 2157 3068.82928565
3 886 2161 3074.61257428
4 887 2162 3074.98107692
5 888 2164 3078.75186031
4 889 2166 3081.07570351
5 890 2169 3084.34380563
6 891 2171 3084.98008912
5 892 2174 3088.61257428
6 893 2179 3092.51450239
7 894 2183 3092.86940877
8 895 2184 3093.69918643
7 896 2187 3096.61257428
6 897 2188 3096.61257428
5 898 2191 3098.34380563
6 899 2192 3103.5281282
7 900 2194 3103.91461742
6 901 2196 3103.98107692
7 902 2197 3104.45876691
8 903 2199 3104.75606898
7 904 2204 3107.75186031
8 905 2208 3109.1375647
7 906 2212 3114.98107692
6 907 2213 3115.34380563
7 908 2215 3115.3733495
6 909 2216 3118.34380563
5 910 2217 3118.34380563
6 911 2220 3119.62464457
7 912 2222 3120.42628607
8 913 2226 3122.62724525
7 914 2228 3125.61257428
6 915 2231 3127.75186031
5 916 2232 3128.98107692
4 917 2237 3133.75186031
3 918 2241 3136.61257428
2 919 2242 3136.98107692
3 920 2245 3140.19722929
2 921 2247 3142.62464457
3 922 2248 3142.76065778
4 923 2251 3144.2600334
5 924 2252 3144.63349847
6 925 2254 3146.19711979
7 926 2255 3148.43653413
8 927 2258 3149.79455049
9 928 2262 3155.06135089
8 929 2266 3156.76065778
7 930 2268 3157.19722929
8 931 2269 3157.8921305
7 932 2270 3159.76065778
6 933 2275 3163.19722929
7 934 2278 3164.65885345
8 935 2279 3167.22781868
7 936 2281 3167.76065778
6 937 2282 3170.63349847
7 938 2289 3174.65663447
6 939 2290 3177.19722929
7 940 2291 3177.36505761
6 941 2293 3178.76065778
5 942 2294 3183.19722929
6 943 2298 3183.90701458
5 944 2302 3187.63349847
6 945 2303 3188.159304
7 946 2304 3191.98621554
8 947 2307 3195.76222123
9 948 2308 3195.93205653
8 949 2312 3203.19722929
9 950 2313 3203.54130292
8 951 2316 3204.63349847
9 952 2317 3211.26015149
10 953 2320 3213.40713947
9 954 2323 3213.76065778
10 955 2324 3213.78388204
9 956 2328 3220.19722929
8 957 2332 3221.63349847
7 958 2339 3227.63349847
6 959 2340 3227.76065778
5 960 2344 3231.19722929
4 961 2345 3232.63349847
3 962 2346 3233.76065778
2 963 2347 3237.19722929
3 964 2348 3240.75254154
2 965 2354 3247.76065778
3 966 2355 3252.29339215
2 967 2357 3254.75254154
1 968 2360 3269.29339215
2 969 2361 3287.58987018
3 970 2363 3290.89745714
4 971 2365 3293.32226459
5 972 2371 3298.63098967
6 973 2372 3299.42775533
5 974 2374 3301.89745714
6 975 2376 3303.12636861
5 976 2380 3304.58987018
4 977 2384 3310.32226459
3 978 2385 3313.32226459
2 979 2388 3315.58987018
3 980 2389 3317.72335886
2 981 2393 3321.89745714
3 982 2394 3323.13950765
4 983 2396 3324.24003632
3 984 2398 3325.72335886
2 985 2401 3332.24003632
3 986 2402 3338.05793072
2 987 2408 3343.13950765
1 988 2409 3346.05793072
2 989 2410 3359.11652854
1 990 2414 3367.11652854
2 991 2415 3369.23061047
3 992 2417 3374.55962638
4 993 2419 3375.44402168
5 994 2421 3378.09304596
4 995 2425 3382.55962638
5 996 2430 3386.73357206
4 997 2433 3396.55962638
5 998 2435 3398.05218842
4 999 2437 3398.23061047
3 1000 2438 3398.44402168
4 1001 2441 3407.35776914
5 1002 2443 3408.47162832
6 1003 2446 3410.12762383
5 1004 2449 3412.23061047
6 1005 2451 3414.97328503
7 1006 2452 3420.48794327
6 1007 2454 3421.35776914
7 1008 2455 3424.53988656
6 1009 2458 3425.55962638
5 1010 2463 3432.23061047
4 1011 2466 3438.35776914
3 1012 2470 3442.55962638
2 1013 2473 3452.23061047
1 1014 2474 3458.35776914
2 1015 2475 3459.31268864
3 1016 2478 3462.18364435
4 1017 2482 3466.70851914
5 1018 2484 3473.56535263
6 1019 2486 3474.27003698
5 1020 2487 3476.31268864
4 1021 2492 3482.31268864
3 1022 2496 3484.56535263
4 1023 2497 3491.22112982
5 1024 2499 3492.62798044
4 1025 2501 3492.70851914
5 1026 2502 3494.18039509
6 1027 2503 3494.21290394
7 1028 2506 3497.11140045
6 1029 2509 3499.31268864
7 1030 2510 3500.61613361
6 1031 2513 3505.22112982
5 1032 2519 3510.31268864
4 1033 2520 3510.31268864
5 1034 2521 3510.34603825
4 1035 2523 3512.70851914
5 1036 2525 3513.10595713
6 1037 2529 3517.97506154
7 1038 2531 3518.27183696
6 1039 2532 3519.22112982
7 1040 2533 3519.90393946
6 1041 2540 3525.22112982
5 1042 2541 3525.97506154
6 1043 2543 3526.39774635
5 1044 2544 3527.34603825
4 1045 2546 3530.34603825
5 1046 2551 3537.56611106
6 1047 2554 3540.68480261
5 1048 2555 3541.34603825
4 1049 2557 3542.22112982
3 1050 2559 3542.97506154
2 1051 2562 3547.22112982
3 1052 2565 3562.41510724
2 1053 2567 3564.34603825
1 1054 2570 3579.41510724
2 1055 2571 3583.98894625
3 1056 2573 3588.10747031
4 1057 2579 3597.90512126
3 1058 2581 3597.98894625
2 1059 2582 3602.10747031
3 1060 2585 3614.18958604
2 1061 2587 3614.90512126
3 1062 2588 3615.12204242
4 1063 2592 3621.2887422
3 1064 2598 3631.18958604
4 1065 2599 3631.70924017
5 1066 2601 3637.82090925
4 1067 2603 3638.12204242
5 1068 2606 3643.49180246
4 1069 2611 3645.70924017
3 1070 2612 3647.12204242
4 1071 2613 3648.75329167
5 1072 2615 3650.87893255
6 1073 2618 3651.77511428
5 1074 2619 3651.82090925
6 1075 2620 3653.38856518
5 1076 2629 3662.75329167
4 1077 2630 3663.49180246
3 1078 2633 3665.75329167
4 1079 2634 3668.6324588
3 1080 2636 3670.38856518
2 1081 2637 3673.87893255
3 1082 2638 3675.69870962
2 1083 2642 3685.6324588
3 1084 2645 3698.16262561
2 1085 2647 3698.69870962
1 1086 2650 3715.16262561
2 1087 2651 3752.43311216
3 1088 2655 3767.77972766
2 1089 2657 3772.43311216
3 1090 2662 3785.86667504
2 1091 2664 3790.77972766
1 1092 2667 3799.86667504
2 1093 2668 3807.81285958
3 1094 2670 3817.41128202
4 1095 2674 3820.61616703
3 1096 2680 3824.81285958
2 1097 2681 3831.61616703
3 1098 2682 3832.90576703
2 1099 2684 3834.41128202
3 1100 2685 3836.47780822
4 1101 2687 3839.21396327
3 1102 2695 3849.90576703
2 1103 2696 3853.21396327
1 1104 2697 3856.47780822
2 1105 2698 3860.99634841
3 1106 2700 3861.26854075
4 1107 2702 3862.07115621
5 1108 2706 3866.04650719
6 1109 2710 3870.04391485
5 1110 2712 3872.26854075
4 1111 2717 3876.07115621
3 1112 2720 3883.26854075
2 1113 2721 3886.99634841
3 1114 2722 3893.00206588
2 1115 2724 3895.04650719
3 1116 2727 3904.24281291
4 1117 2729 3908.53942007
5 1118 2731 3909.81822647
4 1119 2733 3910.00206588
5 1120 2736 3912.57810272
4 1121 2738 3915.24281291
5 1122 2739 3916.53106097
6 1123 2743 3919.55550383
7 1124 2748 3923.89596734
6 1125 2752 3927.53106097
5 1126 2755 3929.81822647
4 1127 2757 3931.53942007
3 1128 2758 3932.57810272
2 1129 2761 3938.53106097
3 1130 2762 3940.78733761
2 1131 2764 3940.81822647
3 1132 2766 3942.30033924
4 1133 2771 3945.22389299
5 1134 2772 3946.02804959
4 1135 2780 3957.78733761
3 1136 2781 3959.30033924
2 1137 2782 3960.02804959
3 1138 2783 3960.04808165
4 1139 2785 3964.2782185
3 1140 2787 3965.30033924
2 1141 2790 3971.04808165
1 1142 2793 3981.2782185
2 1143 2794 3981.92622899
3 1144 2796 3985.94641065
4 1145 2800 3989.07319784
5 1146 2806 3997.21456762
4 1147 2808 4001.92622899
3 1148 2809 4003.07319784
2 1149 2810 4005.94641065
3 1150 2812 4009.58261763
4 1151 2816 4016.88267247
3 1152 2818 4018.92622899
4 1153 2821 4025.52969362
3 1154 2823 4027.88267247
4 1155 2824 4027.91741592
5 1156 2828 4033.85651796
4 1157 2829 4033.92622899
5 1158 2833 4037.82228547
6 1159 2834 4038.97513912
5 1160 2836 4041.91741592
4 1161 2837 4042.52969362
5 1162 2843 4050.25121645
4 1163 2846 4056.92622899
3 1164 2848 4059.52969362
2 1165 2851 4061.91741592
1 1166 2852 4064.92622899
2 1167 2853 4078.4333275
3 1168 2855 4083.7601933
4 1169 2859 4091.57577202
5 1170 2863 4094.95484233
6 1171 2864 4096.23131318
5 1172 2865 4097.7601933
4 1173 2867 4098.4333275
5 1174 2871 4100.8221825
6 1175 2872 4105.29254262
5 1176 2875 4105.57577202
4 1177 2880 4111.7601933
5 1178 2883 4114.68908152
4 1179 2885 4115.4333275
5 1180 2886 4121.97666142
4 1181 2888 4122.57577202
5 1182 2889 4123.38091188
4 1183 2895 4132.4333275
3 1184 2896 4134.7601933
4 1185 2901 4140.18865743
5 1186 2903 4141.9989684
4 1187 2905 4143.4333275
5 1188 2906 4145.32211471
6 1189 2907 4146.02562603
7 1190 2910 4148.14616622
6 1191 2914 4151.18865743
5 1192 2917 4151.57577202
4 1193 2918 4157.4333275
5 1194 2921 4159.09965265
4 1195 2926 4168.57577202
3 1196 2929 4171.18865743
2 1197 2930 4171.57577202
3 1198 2931 4177.92538209
2 1199 2933 4179.09965265
1 1200 2936 4191.92538209
2 1201 2937 4197.09395496
3 1202 2939 4200.8336056
2 1203 2945 4211.09395496
1 1204 2946 4214.8336056
2 1205 2947 4226.33432258
3 1206 2951 4228.65200766
2 1207 2953 4234.33432258
3 1208 2956 4245.89354233
2 1209 2959 4251.65200766
1 1210 2962 4271.89354233
2 1211 2963 4274.61532344
3 1212 2967 4292.49793209
2 1213 2969 4297.61532344
3 1214 2972 4315.35662276
2 1215 2974 4315.49793209
3 1216 2975 4322.2891866
2 1217 2981 4338.35662276
1 1218 2982 4348.2891866
2 1219 2983 4350.2864499
3 1220 2987 4355.525429
4 1221 2989 4359.91425145
5 1222 2991 4361.0617502
4 1223 2993 4361.2864499
5 1224 2996 4365.70951842
6 1225 2998 4366.54342442
5 1226 3003 4372.525429
4 1227 3007 4376.91425145
3 1228 3008 4378.0617502
4 1229 3011 4383.15518494
3 1230 3013 4389.525429
4 1231 3015 4389.93977207
3 1232 3017 4391.70951842
4 1233 3018 4396.40411377
5 1234 3027 4404.65835831
6 1235 3028 4405.67034035
7 1236 3029 4406.74390314
6 1237 3032 4407.40411377
7 1238 3033 4409.7296723
6 1239 3035 4409.93977207
7 1240 3041 4414.74479001
6 1241 3042 4415.15518494
7 1242 3044 4416.38234627
6 1243 3046 4417.93977207
7 1244 3050 4419.15948937
8 1245 3052 4419.85733231
7 1246 3053 4421.40411377
8 1247 3054 4424.03616174
7 1248 3055 4424.40411377
8 1249 3057 4425.62903157
9 1250 3060 4427.61046023
8 1251 3068 4432.15518494
7 1252 3069 4434.93977207
6 1253 3071 4435.40411377
7 1254 3076 4440.75022345
6 1255 3077 4440.93977207
5 1256 3079 4440.93977207
6 1257 3080 4443.47376584
5 1258 3081 4443.81822647
4 1259 3085 4446.15518494
3 1260 3088 4454.93977207
2 1261 3089 4455.40411377
3 1262 3092 4459.6246686
2 1263 3094 4460.81822647
3 1264 3095 4462.5459379
4 1265 3100 4466.06162918
5 1266 3101 4466.36750602
6 1267 3104 4466.66292614
5 1268 3109 4470.5459379
4 1269 3110 4470.6246686
3 1270 3113 4479.5459379
2 1271 3114 4479.5459379
3 1272 3115 4488.81763556
4 1273 3117 4490.54641987
5 1274 3121 4493.42375465
4 1275 3123 4495.36750602
3 1276 3128 4499.81763556
2 1277 3129 4507.42375465
1 1278 3130 4507.54641987
2 1279 3131 4509.63812919
3 1280 3133 4515.41723367
4 1281 3135 4515.74840164
5 1282 3138 4520.95967777
4 1283 3144 4526.63812919
5 1284 3145 4527.44879158
4 1285 3149 4529.74840164
5 1286 3150 4530.26666415
6 1287 3154 4533.63411157
5 1288 3158 4538.44879158
4 1289 3159 4538.63812919
5 1290 3160 4538.99431663
4 1291 3162 4541.41723367
5 1292 3163 4541.97641384
4 1293 3167 4544.26666415
5 1294 3168 4548.57263818
4 1295 3172 4550.63411157
5 1296 3173 4553.74060918
6 1297 3180 4559.11971193
5 1298 3181 4559.57263818
4 1299 3182 4561.97641384
3 1300 3186 4564.99431663
4 1301 3187 4565.76318235
3 1302 3191 4567.74060918
2 1303 3192 4570.74060918
3 1304 3193 4573.03949384
2 1305 3195 4576.76318235
3 1306 3196 4580.17685409
4 1307 3200 4589.94777747
5 1308 3204 4592.80031944
6 1309 3206 4595.75786544
5 1310 3208 4596.03949384
6 1311 3209 4596.3980104
5 1312 3211 4597.17685409
6 1313 3216 4600.79997524
7 1314 3221 4602.85954621
6 1315 3222 4605.17685409
5 1316 3224 4606.80031944
4 1317 3226 4607.03949384
5 1318 3229 4615.49634709
4 1319 3231 4616.17685409
3 1320 3232 4618.94777747
2 1321 3237 4623.49634709
1 1322 3238 4626.80031944
2 1323 3239 4645.20145713
3 1324 3241 4649.48641509
2 1325 3245 4657.48641509
3 1326 3248 4659.37896738
4 1327 3250 4667.0246909
3 1328 3254 4671.20145713
2 1329 3257 4676.37896738
1 1330 3258 4690.0246909
2 1331 3259 4701.83462439
3 1332 3263 4715.30587201
4 1333 3265 4719.68160633
5 1334 3267 4720.29440605
6 1335 3270 4720.35504061
7 1336 3271 4723.95928236
6 1337 3273 4724.83462439
7 1338 3279 4730.39408273
6 1339 3280 4731.29440605
5 1340 3283 4732.83462439
6 1341 3285 4733.91133755
7 1342 3290 4736.95570905
6 1343 3292 4737.29440605
5 1344 3294 4738.30587201
6 1345 3295 4738.97668715
7 1346 3298 4743.01398705
6 1347 3302 4745.68160633
5 1348 3303 4746.83462439
4 1349 3305 4749.30587201
3 1350 3308 4754.29440605
4 1351 3311 4759.06153553
3 1352 3313 4760.83462439
4 1353 3316 4774.52662474
3 1354 3318 4774.68160633
2 1355 3319 4776.06153553
3 1356 3320 4783.75471369
4 1357 3324 4787.18521933
5 1358 3330 4797.78692796
4 1359 3332 4798.18521933
5 1360 3333 4800.02063691
4 1361 3335 4800.52662474
3 1362 3336 4806.75471369
2 1363 3341 4811.78692796
1 1364 3342 4814.02063691
2 1365 3343 4818.17021432
3 1366 3345 4822.50418035
4 1367 3347 4825.79619849
5 1368 3353 4829.65397128
6 1369 3357 4830.06246971
7 1370 3358 4830.82889899
6 1371 3360 4836.79619849
5 1372 3362 4838.17021432
6 1373 3363 4838.99294139
5 1374 3371 4845.50418035
6 1375 3372 4846.76738193
7 1376 3373 4847.90857679
8 1377 3374 4849.15473875
7 1378 3376 4850.79619849
6 1379 3378 4852.17021432
5 1380 3381 4852.65397128
6 1381 3383 4853.96813223
7 1382 3384 4855.41128767
6 1383 3391 4859.50418035
5 1384 3394 4863.17021432
4 1385 3395 4864.79619849
5 1386 3399 4867.26302704
6 1387 3401 4868.03959574
5 1388 3403 4869.65397128
6 1389 3404 4871.16381108
5 1390 3408 4876.50418035
6 1391 3411 4878.33239876
5 1392 3413 4879.50418035
4 1393 3418 4882.16381108
3 1394 3419 4884.26302704
4 1395 3420 4886.42260773
5 1396 3424 4892.94743942
6 1397 3428 4895.04030549
7 1398 3429 4895.84954699
6 1399 3431 4897.03959574
7 1400 3432 4897.2217772
6 1401 3436 4900.42260773
5 1402 3438 4902.50418035
6 1403 3441 4903.8369136
7 1404 3442 4905.65470437
6 1405 3446 4908.03959574
5 1406 3450 4912.94743942
6 1407 3453 4913.80274324
5 1408 3454 4916.03959574
4 1409 3456 4916.50418035
3 1410 3462 4920.42260773
2 1411 3463 4924.03959574
3 1412 3464 4924.6808014
2 1413 3467 4926.94743942
3 1414 3471 4936.89027117
4 1415 3473 4937.69763786
5 1416 3474 4937.81053846
4 1417 3475 4938.6808014
5 1418 3480 4950.05427969
4 1419 3483 4956.89027117
3 1420 3487 4961.6808014
2 1421 3491 4970.89027117
1 1422 3492 4972.6808014
2 1423 3493 4974.85299263
3 1424 3496 4974.93190216
4 1425 3500 4985.20113916
3 1426 3502 4985.85299263
2 1427 3503 4985.85299263
3 1428 3506 4990.97468754
4 1429 3508 4992.16676536
5 1430 3511 4995.72860495
4 1431 3513 4996.20113916
5 1432 3514 4998.19727206
4 1433 3518 5004.97468754
3 1434 3519 5007.20113916
4 1435 3525 5014.35883433
3 1436 3526 5015.97468754
4 1437 3530 5023.69255302
3 1438 3531 5024.20113916
2 1439 3533 5026.97468754
3 1440 3534 5032.13927281
2 1441 3540 5050.20113916
1 1442 3541 5052.13927281
2 1443 3542 5059.82605221
3 1444 3544 5062.51836909
4 1445 3546 5069.05122147
5 1446 3554 5082.29757054
4 1447 3555 5085.82605221
3 1448 3557 5088.51836909
4 1449 3558 5089.41387535
5 1450 3565 5094.55941448
6 1451 3569 5099.06064934
7 1452 3570 5102.53435829
6 1453 3572 5105.82605221
5 1454 3573 5106.41387535
6 1455 3575 5107.64609815
7 1456 3576 5108.01801436
6 1457 3577 5108.78670345
5 1458 3579 5111.78670345
6 1459 3580 5113.12000152
7 1460 3583 5119.92840233
8 1461 3588 5122.13558179
9 1462 3589 5123.27810155
8 1463 3591 5123.41387535
7 1464 3592 5128.78670345
6 1465 3595 5128.82605221
5 1466 3601 5136.82605221
4 1467 3606 5143.41387535
3 1468 3608 5145.78670345
4 1469 3609 5147.35145915
3 1470 3611 5147.82605221
4 1471 3612 5152.88394235
5 1472 3614 5153.30244316
4 1473 3622 5160.41387535
5 1474 3623 5161.31183095
4 1475 3625 5161.35145915
3 1476 3626 5166.88394235
4 1477 3629 5168.28785635
3 1478 3633 5171.41387535
4 1479 3634 5174.40310921
5 1480 3638 5175.73959639
6 1481 3641 5178.89644994
5 1482 3642 5181.35145915
4 1483 3645 5182.28785635
3 1484 3648 5188.40310921
2 1485 3651 5189.35145915
1 1486 3652 5193.28785635
2 1487 3653 5193.84802091
3 1488 3657 5200.3096457
4 1489 3659 5201.09614347
5 1490 3661 5206.26301388
4 1491 3662 5207.84802091
5 1492 3664 5208.41993817
6 1493 3665 5209.37381419
7 1494 3668 5211.55103496
6 1495 3674 5218.09614347
5 1496 3676 5218.84802091
4 1497 3679 5223.3096457
3 1498 3683 5229.09614347
4 1499 3686 5236.72326017
3 1500 3688 5237.3096457
2 1501 3689 5238.84802091
3 1502 3692 5241.55038758
2 1503 3694 5244.72326017
1 1504 3697 5261.55038758
2 1505 3698 5265.64552239
3 1506 3700 5266.0795508
4 1507 3702 5267.98551124
5 1508 3704 5269.62884354
4 1509 3711 5277.0795508
5 1510 3713 5277.30323897
4 1511 3715 5285.64552239
3 1512 3716 5287.98551124
2 1513 3719 5294.0795508
3 1514 3720 5294.34727943
4 1515 3724 5301.08499504
3 1516 3728 5305.64552239
4 1517 3732 5310.57689844
5 1518 3734 5311.22586938
4 1519 3735 5311.34727943
5 1520 3737 5317.21508475
6 1521 3742 5317.63906684
5 1522 3744 5318.57689844
4 1523 3745 5321.08499504
3 1524 3746 5321.57689844
4 1525 3747 5323.93703814
3 1526 3749 5330.57689844
4 1527 3752 5331.78065892
5 1528 3754 5333.79017481
6 1529 3757 5335.02638217
5 1530 3762 5340.93703814
6 1531 3763 5344.7010246
5 1532 3765 5346.63906684
4 1533 3768 5351.78065892
5 1534 3772 5354.21389349
4 1535 3774 5360.63906684
3 1536 3775 5360.93703814
4 1537 3778 5365.95437158
5 1538 3780 5366.81579831
4 1539 3782 5366.93703814
3 1540 3787 5374.21389349
4 1541 3788 5376.04738746
3 1542 3792 5377.81579831
4 1543 3793 5382.44215688
3 1544 3795 5382.95437158
2 1545 3796 5390.04738746
3 1546 3799 5395.62191641
2 1547 3801 5396.44215688
3 1548 3804 5399.13529056
2 1549 3810 5410.13529056
1 1550 3811 5418.62191641
2 1551 3814 5424.72896771
3 1552 3816 5428.63401441
4 1553 3819 5433.2974108
3 1554 3824 5438.72896771
4 1555 3825 5441.03970089
3 1556 3827 5445.63401441
4 1557 3832 5452.62365291
5 1558 3834 5454.50569617
4 1559 3835 5461.03970089
3 1560 3837 5462.2974108
2 1561 3842 5478.62365291
1 1562 3844 5487.03970089
2 1563 3846 5489.80130182
3 1564 3848 5492.98622523
4 1565 3852 5502.48409441
3 1566 3856 5506.80130182
2 1567 3857 5506.98622523
3 1568 3858 5511.01176475
4 1569 3860 5512.48409594
5 1570 3865 5520.70049362
4 1571 3867 5522.01176475
5 1572 3868 5523.76026916
4 1573 3870 5523.80130182
3 1574 3874 5533.01176475
4 1575 3875 5533.40987158
3 1576 3881 5543.80130182
4 1577 3882 5549.35373672
5 1578 3883 5549.39896138
6 1579 3884 5549.8448689
7 1580 3885 5550.95348163
8 1581 3886 5551.43679649
7 1582 3887 5553.01176475
6 1583 3892 5557.80130182
7 1584 3893 5559.56161335
8 1585 3896 5564.315979
7 1586 3900 5571.80130182
8 1587 3901 5572.08579165
7 1588 3904 5573.01176475
8 1589 3907 5576.9669292
7 1590 3909 5579.80130182
8 1591 3913 5583.52752889
9 1592 3914 5583.94264417
8 1593 3916 5587.01176475
7 1594 3919 5590.01176475
6 1595 3923 5592.01176475
7 1596 3925 5592.40092197
8 1597 3928 5593.85552607
7 1598 3932 5605.80130182
6 1599 3937 5605.97241963
7 1600 3941 5616.06033065
6 1601 3943 5616.80130182
5 1602 3950 5622.80130182
4 1603 3951 5622.97241963
5 1604 3956 5627.34133122
4 1605 3958 5628.97241963
5 1606 3959 5629.53380368
4 1607 3960 5630.80130182
3 1608 3964 5633.84159627
4 1609 3965 5635.49977072
5 1610 3967 5636.70420678
4 1611 3971 5638.34133122
5 1612 3972 5639.45033475
6 1613 3976 5645.23754283
5 1614 3980 5646.34133122
4 1615 3982 5647.80130182
5 1616 3983 5651.77554738
4 1617 3985 5655.49977072
3 1618 3986 5658.49977072
4 1619 3991 5660.65625992
3 1620 3993 5662.77554738
4 1621 3994 5671.15010595
3 1622 3996 5672.34133122
4 1623 3997 5672.92324436
5 1624 3999 5673.08471669
6 1625 4000 5674.68573902
7 1626 4005 5677.77698261
6 1627 4009 5682.15010595
7 1628 4010 5684.68999373
6 1629 4011 5686.65625992
7 1630 4015 5689.76282558
6 1631 4020 5692.92324436
7 1632 4021 5693.31105776
8 1633 4022 5695.05078316
7 1634 4023 5696.15010595
8 1635 4026 5700.19191487
7 1636 4028 5700.65625992
8 1637 4033 5703.16267566
9 1638 4036 5706.46491084
8 1639 4037 5706.92324436
9 1640 4038 5707.21567123
8 1641 4039 5709.92324436
7 1642 4041 5712.92324436
8 1643 4042 5713.46299603
7 1644 4048 5719.15010595
6 1645 4049 5726.65625992
5 1646 4052 5726.92324436
6 1647 4053 5727.31223129
5 1648 4061 5739.15010595
4 1649 4063 5740.65625992
3 1650 4064 5740.92324436
4 1651 4065 5745.13304264
5 1652 4067 5746.39479429
4 1653 4073 5753.15010595
3 1654 4074 5757.65625992
2 1655 4079 5764.15010595
1 1656 4080 5765.13304264
2 1657 4081 5765.74209022
3 1658 4085 5774.7332783
2 1659 4087 5782.74209022
3 1660 4088 5785.99594857
2 1661 4092 5794.7332783
3 1662 4093 5794.75659517
4 1663 4095 5795.11487178
5 1664 4099 5796.06753514
6 1665 4102 5802.89214881
5 1666 4106 5805.99594857
4 1667 4108 5814.75659517
3 1668 4111 5818.11487178
2 1669 4112 5819.99594857
1 1670 4115 5828.75659517
2 1671 4116 5830.78536672
3 1672 4118 5835.60838853
2 1673 4124 5844.78536672
1 1674 4125 5849.60838853
2 1675 4126 5857.23351526
3 1676 4128 5863.04803061
4 1677 4132 5866.96045676
3 1678 4134 5871.04803061
4 1679 4137 5878.86504321
3 1680 4141 5880.23351526
4 1681 4142 5885.44718773
5 1682 4146 5888.10700631
4 1683 4148 5889.86504321
3 1684 4149 5889.96045676
2 1685 4152 5896.44718773
1 1686 4155 5906.86504321
2 1687 4156 5907.50491441
3 1688 4160 5917.79092718
2 1689 4162 5918.50491441
3 1690 4165 5924.8963475
4 1691 4167 5925.52076974
5 1692 4169 5931.54100839
4 1693 4172 5936.52076974
3 1694 4174 5940.79092718
4 1695 4177 5943.06897207
5 1696 4179 5944.69227691
6 1697 4180 5947.19325098
5 1698 4185 5956.52076974
4 1699 4188 5956.8963475
5 1700 4189 5959.49163011
4 1701 4193 5963.06897207
3 1702 4200 5971.06897207
2 1703 4201 5973.52076974
3 1704 4202 5977.17554978
4 1705 4204 5977.19075829
5 1706 4206 5977.9519169
4 1707 4207 5979.8963475
3 1708 4211 5985.17554978
4 1709 4216 5993.88880483
3 1710 4218 5993.8963475
4 1711 4220 5997.15145964
5 1712 4221 5999.3028245
6 1713 4222 5999.44651543
5 1714 4223 6000.19075829
6 1715 4230 6005.79092259
7 1716 4231 6006.02892478
6 1717 4233 6007.88880483
5 1718 4234 6011.19075829
6 1719 4236 6011.38835713
7 1720 4239 6015.87683914
8 1721 4240 6016.21353473
7 1722 4244 6021.88880483
8 1723 4245 6025.04864522
7 1724 4250 6025.19075829
6 1725 4259 6027.19075829
7 1726 4261 6027.40084562
8 1727 4262 6027.59585521
9 1728 4263 6028.54829578
10 1729 4264 6029.66971552
9 1730 4265 6030.19075829
10 1731 4266 6031.78533575
9 1732 4267 6033.19075829
8 1733 4271 6035.88880483
7 1734 4274 6036.19075829
6 1735 4278 6041.19075829
7 1736 4280 6042.85287801
6 1737 4281 6044.19075829
7 1738 4282 6044.81507289
6 1739 4286 6049.19075829
5 1740 4288 6049.88880483
4 1741 4289 6049.88880483
5 1742 4292 6061.09293757
4 1743 4295 6066.19075829
5 1744 4297 6068.56959824
4 1745 4299 6078.88880483
5 1746 4300 6079.12896363
6 1747 4303 6082.41115777
7 1748 4304 6085.29418265
6 1749 4309 6086.19075829
7 1750 4310 6086.76710597
6 1751 4312 6095.88880483
7 1752 4318 6102.12172985
6 1753 4321 6109.19075829
5 1754 4323 6112.19075829
4 1755 4325 6112.88880483
3 1756 4330 6123.88880483
4 1757 4332 6124.54513355
3 1758 4333 6126.19075829
4 1759 4335 6128.35280343
5 1760 4336 6129.26407951
6 1761 4339 6131.65803189
7 1762 4340 6136.65695555
6 1763 4344 6140.88880483
5 1764 4346 6143.19075829
4 1765 4350 6151.88880483
5 1766 4356 6161.75256282
4 1767 4359 6163.19075829
3 1768 4365 6171.88880483
2 1769 4366 6177.19075829
1 1770 4367 6178.60231543
2 1771 4368 6211.78419747
3 1772 4372 6215.16616308
2 1773 4374 6219.78419747
3 1774 4375 6220.64579724
4 1775 4381 6230.68165433
3 1776 4383 6240.64579724
2 1777 4384 6244.16616308
3 1778 4387 6248.21004384
2 1779 4391 6253.68165433
3 1780 4392 6256.6480863
2 1781 4396 6265.21004384
3 1782 4397 6267.77382308
4 1783 4399 6268.59975893
5 1784 4401 6270.54787415
4 1785 4403 6273.6480863
5 1786 4407 6275.63444935
4 1787 4410 6279.59975893
5 1788 4411 6281.19168666
6 1789 4413 6282.70971117
5 1790 4414 6284.77382308
6 1791 4416 6286.16394035
7 1792 4417 6289.53496516
6 1793 4427 6296.6480863
5 1794 4430 6299.6480863
4 1795 4433 6301.19168666
3 1796 4434 6301.77382308
2 1797 4435 6307.6480863
3 1798 4438 6315.11824267
2 1799 4442 6321.30227469
1 1800 4443 6326.11824267
2 1801 4444 6328.74541332
3 1802 4447 6330.66539003
4 1803 4448 6337.59645451
5 1804 4450 6344.59358102
6 1805 4455 6346.57438448
5 1806 4459 6348.74541332
4 1807 4464 6351.74541332
5 1808 4465 6354.47442502
4 1809 4467 6354.57438448
3 1810 4468 6355.59358102
2 1811 4471 6365.47442502
1 1812 4472 6366.59645451
2 1813 4473 6378.09791661
3 1814 4475 6382.05408732
2 1815 4479 6389.09791661
3 1816 4482 6393.89749307
2 1817 4484 6399.05408732
3 1818 4485 6399.13758935
4 1819 4489 6408.77393102
5 1820 4491 6408.910447
4 1821 4493 6410.13758935
3 1822 4500 6419.89749307
2 1823 4501 6419.910447
1 1824 4502 6422.77393102
2 1825 4503 6437.57327076
3 1826 4507 6452.26469716
4 1827 4509 6453.60413413
3 1828 4511 6454.57327076
4 1829 4514 6457.43937995
5 1830 4517 6459.2145486
4 1831 4521 6463.26469716
3 1832 4522 6464.60413413
2 1833 4526 6473.60413413
1 1834 4527 6474.43937995
2 1835 4528 6477.21384062
3 1836 4530 6477.77913238
4 1837 4536 6491.18600655
3 1838 4538 6494.77913238
2 1839 4539 6497.21384062
3 1840 4542 6500.53902384
2 1841 4544 6508.18600655
3 1842 4545 6509.06613581
2 1843 4549 6517.53902384
3 1844 4550 6520.01927434
4 1845 4556 6529.85489292
3 1846 4560 6535.06613581
2 1847 4561 6540.01927434
1 1848 4562 6540.85489292
2 1849 4563 6546.50321521
3 1850 4565 6548.90459238
4 1851 4567 6554.22408701
5 1852 4571 6556.951332
6 1853 4573 6557.61371345
7 1854 4575 6558.2837036
8 1855 4578 6561.43425905
9 1856 4579 6561.6057048
8 1857 4583 6566.50321521
9 1858 4586 6568.03643447
8 1859 4589 6568.22408701
7 1860 4591 6568.90459238
8 1861 4594 6572.66727663
7 1862 4595 6573.951332
6 1863 4599 6580.61371345
5 1864 4605 6583.50321521
6 1865 4608 6586.45652737
5 1866 4610 6588.90459238
4 1867 4611 6591.22408701
3 1868 4613 6597.22408701
4 1869 4614 6597.27544715
3 1870 4618 6599.951332
4 1871 4620 6601.35451494
5 1872 4623 6601.9419556
4 1873 4627 6611.27544715
3 1874 4628 6614.27544715
4 1875 4631 6614.46441886
5 1876 4633 6615.28404572
4 1877 4635 6615.45652737
5 1878 4636 6617.25698866
6 1879 4638 6617.34097182
7 1880 4641 6620.30512352
6 1881 4642 6621.35451494
5 1882 4648 6628.46441886
6 1883 4650 6629.39904803
5 1884 4654 6632.28404572
4 1885 4655 6632.35451494
3 1886 4656 6634.25698866
4 1887 4659 6636.41316995
5 1888 4662 6638.25576175
6 1889 4663 6638.57290043
7 1890 4665 6638.64114653
6 1891 4666 6640.28404572
7 1892 4668 6641.29359422
8 1893 4678 6646.02257204
7 1894 4680 6647.41316995
8 1895 4681 6648.4511534
9 1896 4682 6649.44282212
8 1897 4684 6651.28404572
9 1898 4685 6651.54148731
8 1899 4687 6654.46441886
7 1900 4690 6659.41316995
8 1901 4691 6660.92377875
7 1902 4693 6661.57290043
6 1903 4699 6667.41316995
5 1904 4700 6671.46441886
6 1905 4705 6674.19533752
5 1906 4706 6677.28404572
6 1907 4710 6677.56000585
5 1908 4712 6678.57290043
6 1909 4713 6680.26792526
5 1910 4715 6684.41316995
4 1911 4720 6687.41316995
3 1912 4721 6688.46441886
4 1913 4723 6690.40857381
5 1914 4727 6692.31684744
4 1915 4729 6694.56000585
3 1916 4730 6697.26792526
2 1917 4731 6697.56000585
3 1918 4732 6698.17316319
4 1919 4734 6700.85802404
5 1920 4737 6701.57550589
4 1921 4745 6711.85802404
5 1922 4746 6712.04517487
4 1923 4748 6715.17316319
3 1924 4749 6715.31684744
2 1925 4750 6715.31684744
3 1926 4751 6717.31516296
2 1927 4757 6723.04517487
1 1928 4758 6725.31516296
2 1929 4759 6746.43451261
3 1930 4761 6748.30091029
4 1931 4763 6750.9309756
5 1932 4771 6758.00291609
4 1933 4773 6759.30091029
3 1934 4774 6764.9309756
2 1935 4777 6769.00291609
1 1936 4779 6772.43451261
2 1937 4781 6776.23247594
3 1938 4785 6785.832541
2 1939 4787 6787.23247594
3 1940 4788 6788.86033397
2 1941 4794 6799.832541
3 1942 4795 6800.59302765
2 1943 4797 6802.86033397
3 1944 4798 6809.44506797
4 1945 4804 6816.32093098
3 1946 4806 6817.59302765
4 1947 4808 6818.07367458
3 1948 4812 6823.44506797
4 1949 4813 6826.12895791
3 1950 4815 6827.32093098
4 1951 4816 6829.15069672
5 1952 4820 6830.29436484
4 1953 4822 6830.32093098
5 1954 4823 6833.7316621
4 1955 4827 6837.12895791
3 1956 4832 6842.12895791
2 1957 4833 6849.15069672
1 1958 4834 6850.29436484
2 1959 4835 6882.0598674
3 1960 4837 6888.47674647
4 1961 4841 6889.80120266
5 1962 4844 6896.4885819
6 1963 4845 6899.82739681
7 1964 4846 6899.8747038
8 1965 4849 6901.81973126
7 1966 4851 6902.0598674
6 1967 4855 6909.80120266
5 1968 4856 6909.80120266
6 1969 4858 6910.82527122
7 1970 4859 6912.42263736
8 1971 4860 6913.47604196
7 1972 4863 6914.47674647
8 1973 4868 6915.09312711
9 1974 4869 6915.51313197
10 1975 4871 6917.36492255
9 1976 4873 6917.80120266
8 1977 4875 6919.0598674
7 1978 4882 6922.47674647
8 1979 4883 6922.88474051
9 1980 4885 6923.85368007
10 1981 4886 6923.94358778
11 1982 4887 6924.13168265
10 1983 4889 6925.80120266
11 1984 4890 6926.29352332
12 1985 4891 6926.76233424
11 1986 4895 6931.47674647
10 1987 4898 6933.0598674
9 1988 4900 6937.47674647
10 1989 4901 6938.06149328
9 1990 4903 6939.0598674
8 1991 4905 6945.80120266
9 1992 4906 6946.72248772
8 1993 4914 6959.80120266
7 1994 4916 6960.47674647
6 1995 4918 6962.0598674
5 1996 4925 6968.47674647
4 1997 4927 6970.80120266
3 1998 4929 6971.47674647
2 1999 4936 6976.47674647
1 2000 4937 6981.80120266
0 2001 4938 6988.0598674
0 2002 4940 7243.00291609
