#data counter step time
0 1 0 0.0
1 2 1 0.0
2 3 12 2.41942168897
3 4 14 3.39643500715
4 5 16 8.43842718449
5 6 18 8.74315889806
6 7 20 11.1186633954
7 8 22 11.8842203913
6 9 24 16.419421689
7 10 28 21.2421874383
6 11 30 22.7431588981
5 12 33 28.4384271845
4 13 34 29.3964350071
5 14 37 31.7956066595
4 15 39 33.419421689
5 16 40 34.1983827263
4 17 43 37.1186633954
3 18 44 42.7431588981
2 19 45 42.7956066595
1 20 47 48.1983827263
2 21 48 92.0678132712
3 22 50 92.1950455969
4 23 52 93.2988497545
5 24 57 105.707837405
4 25 59 110.298849755
3 26 61 115.067813271
4 27 62 117.437550233
3 28 64 118.195045597
2 29 65 119.707837405
3 30 66 121.26270594
2 31 70 134.437550233
3 32 71 140.407111133
2 33 73 144.26270594
1 34 75 160.407111133
2 35 76 160.888813437
3 36 79 166.504717645
4 37 81 167.439886571
5 38 83 172.3693524
4 39 86 174.888813437
3 40 89 181.439886571
2 41 90 186.3693524
1 42 91 186.504717645
2 43 92 189.517506495
1 44 95 194.517506495
2 45 96 222.973214922
3 46 98 223.001550513
2 47 102 231.001550513
1 48 103 239.973214922
2 49 104 240.813456929
3 50 107 247.084979054
4 51 110 255.641556793
3 52 112 257.813456929
2 53 113 258.084979054
3 54 114 259.785093838
4 55 117 266.587509892
3 56 120 272.641556793
2 57 122 277.587509892
3 58 123 279.034449346
2 59 125 282.785093838
1 60 127 287.034449346
2 61 128 287.617457672
1 62 131 301.617457672
2 63 132 303.943530589
3 64 134 306.19587071
4 65 136 309.324659968
3 66 140 320.19587071
4 67 141 322.133191406
5 68 144 326.680627475
4 69 146 326.943530589
3 70 148 329.324659968
4 71 149 330.078158871
5 72 151 330.796534457
4 73 153 331.680627475
5 74 157 341.734192974
6 75 159 343.13763967
5 76 161 344.796534457
4 77 162 345.133191406
5 78 163 345.371513949
4 79 165 347.078158871
5 80 166 347.12729902
6 81 171 352.805548649
5 82 174 355.734192974
6 83 175 356.877968303
7 84 177 356.927034307
6 85 179 360.13763967
5 86 181 360.805548649
4 87 182 362.371513949
5 88 183 363.640355853
6 89 186 366.338767232
5 90 188 370.12729902
4 91 191 373.877968303
5 92 193 378.928827032
6 93 195 379.965359805
7 94 197 379.987183125
6 95 198 380.13763967
5 96 200 380.640355853
4 97 201 386.338767232
5 98 203 387.115490601
4 99 207 396.965359805
3 100 209 401.928827032
2 101 210 403.13763967
1 102 211 404.115490601
2 103 212 405.517524399
3 104 215 419.459247715
4 105 217 420.096861127
3 106 219 422.517524399
4 107 220 428.36206121
5 108 222 429.455504863
4 109 227 433.459247715
5 110 229 439.729639588
6 111 231 441.478345192
5 112 233 446.096861127
4 113 234 446.455504863
3 114 236 451.36206121
2 115 238 455.478345192
3 116 239 456.866356216
4 117 241 460.404903846
3 118 243 465.729639588
4 119 246 476.765665601
3 120 248 479.866356216
2 121 249 483.404903846
1 122 251 487.765665601
2 123 252 490.708143375
3 124 254 493.361424738
2 125 258 501.708143375
1 126 259 507.361424738
2 127 260 509.785311046
3 128 262 515.694276702
4 129 265 517.368789425
3 130 267 520.785311046
4 131 269 526.478370317
3 132 271 529.694276702
2 133 274 534.478370317
3 134 275 535.621593195
4 135 277 538.590303246
5 136 279 539.198330004
6 137 281 539.746856199
5 138 283 540.368789425
6 139 284 540.936431526
7 140 286 542.080917272
8 141 287 543.016877978
9 142 288 544.928147068
10 143 291 546.707705088
11 144 295 549.878882013
12 145 296 552.257956644
11 146 298 552.590303246
10 147 300 552.621593195
11 148 301 555.554534336
10 149 303 556.198330004
9 150 305 556.746856199
8 151 307 557.936431526
9 152 308 559.355641823
8 153 315 567.198330004
9 154 316 570.047920215
8 155 318 570.746856199
7 156 319 572.621593195
6 157 323 574.936431526
5 158 324 575.590303246
6 159 325 577.203050624
7 160 327 577.980396585
8 161 328 578.753359495
9 162 331 581.2908544
8 163 333 583.621593195
7 164 336 584.746856199
6 165 337 585.936431526
5 166 339 590.198330004
6 167 341 590.362363858
7 168 343 591.483976416
6 169 348 597.203050624
7 170 350 599.116254541
8 171 351 600.689321408
9 172 352 600.916268617
8 173 355 604.746856199
7 174 357 605.936431526
6 175 359 606.621593195
5 176 360 610.362363858
6 177 361 610.61525858
7 178 364 611.66684782
6 179 366 614.203050624
7 180 368 614.276335787
6 181 370 614.621593195
5 182 372 618.746856199
4 183 374 621.61525858
5 184 375 623.268357845
6 185 378 626.263625633
5 186 381 631.936431526
4 187 384 634.621593195
5 188 385 636.274414108
4 189 387 637.203050624
3 190 388 637.268357845
2 191 389 646.263625633
3 192 390 648.528890774
4 193 393 650.946497979
3 194 395 653.274414108
2 195 397 668.528890774
3 196 400 673.071624584
4 197 402 677.750183548
3 198 404 679.946497979
4 199 406 684.351533526
5 200 410 687.132306693
6 201 412 687.938620762
5 202 414 690.071624584
4 203 417 695.351533526
5 204 418 695.485051708
4 205 420 697.750183548
3 206 423 701.132306693
4 207 425 707.534345325
5 208 428 710.722046174
6 209 429 711.339579324
5 210 431 712.485051708
4 211 433 716.071624584
5 212 435 723.668527554
6 213 436 724.626755213
7 214 438 733.701956177
6 215 441 735.485051708
7 216 442 738.972234716
6 217 444 739.071624584
5 218 446 739.534345325
6 219 447 741.544779285
7 220 450 751.926894989
8 221 452 753.525768507
9 222 453 754.415294551
8 223 455 755.485051708
7 224 457 756.071624584
6 225 460 759.534345325
7 226 462 760.574740277
6 227 465 764.071624584
7 228 466 765.720563711
6 229 469 772.485051708
5 230 472 773.534345325
4 231 473 775.071624584
5 232 475 777.213160331
6 233 476 779.565630082
7 234 478 784.267727632
6 235 480 786.485051708
5 236 483 793.534345325
4 237 485 798.071624584
5 238 488 803.945511908
4 239 491 813.534345325
5 240 492 814.754220936
4 241 493 815.071624584
3 242 495 815.485051708
4 243 497 817.708697936
5 244 498 818.710345749
5 245 500 820.534345325
