#data counter step time
0 1 0 0.0
1 2 1 0.0
2 3 12 15.0018606384
3 4 15 15.7949719609
4 5 16 18.0228739729
5 6 18 22.5595161037
4 7 26 29.0018606384
5 8 27 29.6247811511
4 9 29 29.7949719609
5 10 30 30.3578819082
4 11 34 36.5595161037
3 12 37 41.0228739729
2 13 40 43.6247811511
1 14 41 50.3578819082
2 15 42 50.5282978802
1 16 46 73.5282978802
2 17 47 75.8104288592
1 18 51 89.8104288592
2 19 52 91.1873118054
3 20 56 97.3273699388
4 21 58 98.1327731077
3 22 60 102.187311805
4 23 63 105.161389066
3 24 67 115.132773108
2 25 70 123.327369939
1 26 71 128.161389066
2 27 72 135.709070978
3 28 74 136.058481138
4 29 76 136.298206816
5 30 84 144.890064227
6 31 86 145.404456464
7 32 88 145.868406442
6 33 91 146.709070978
5 34 93 147.058481138
4 35 94 147.298206816
5 36 97 149.765575251
6 37 103 153.916164614
7 38 105 155.118108361
8 39 107 155.913880393
7 40 109 156.404456464
8 41 111 157.501792425
7 42 112 157.709070978
8 43 116 161.473703657
7 44 118 161.890064227
6 45 122 163.765575251
5 46 123 167.404456464
4 47 124 167.916164614
5 48 125 169.128099294
4 49 127 170.404456464
3 50 130 176.916164614
2 51 133 181.473703657
1 52 134 186.128099294
2 53 135 187.902492836
3 54 137 189.059084964
4 55 143 197.295504499
5 56 146 197.847021642
6 57 147 198.363353549
5 58 149 200.059084964
6 59 155 204.054642478
5 60 157 204.902492836
6 61 158 208.148728905
5 62 160 208.295504499
4 63 163 212.363353549
5 64 164 213.583178351
4 65 166 214.295504499
3 66 167 218.054642478
4 67 170 219.378209552
3 68 172 222.148728905
2 69 177 227.583178351
1 70 178 230.378209552
2 71 179 234.251966909
3 72 183 239.463448103
2 73 185 242.251966909
3 74 188 252.479111976
4 75 190 253.387920967
3 76 192 259.463448103
2 77 197 266.479111976
1 78 198 267.387920967
2 79 199 268.666189958
3 80 201 273.196255891
4 81 203 275.267900009
5 82 205 275.966444525
6 83 207 276.308650334
5 84 219 287.196255891
4 85 220 287.308650334
3 86 221 288.666189958
2 87 222 289.966444525
3 88 223 290.085995486
2 89 225 295.267900009
3 90 228 317.782310411
2 91 230 319.085995486
3 92 233 326.179312172
4 93 237 330.831411606
5 94 240 336.103464374
4 95 241 337.782310411
5 96 242 338.94192804
4 97 244 340.179312172
5 98 248 340.975267308
4 99 250 341.831411606
5 100 251 344.01996443
4 101 257 349.94192804
5 102 260 354.132372147
4 103 262 354.975267308
3 104 263 355.01996443
2 105 264 356.831411606
3 106 265 360.620385314
4 107 267 362.963075627
5 108 273 364.659649018
4 109 275 371.620385314
3 110 278 374.132372147
4 111 279 374.618986528
3 112 285 382.963075627
4 113 286 384.196402088
3 114 288 387.659649018
4 115 291 394.420685636
5 116 293 395.463919342
4 117 295 398.196402088
5 118 298 398.842537723
4 119 302 400.618986528
3 120 303 402.420685636
4 121 304 403.338543361
3 122 306 403.842537723
2 123 311 408.338543361
1 124 312 409.463919342
2 125 313 411.446466597
3 126 317 426.167668791
4 127 320 430.799979639
3 128 321 431.446466597
4 129 325 439.277534012
3 130 327 440.167668791
2 131 328 446.167668791
3 132 331 452.375405507
2 133 333 453.277534012
3 134 334 457.054929057
4 135 340 468.935042746
5 136 342 470.606156026
6 137 344 471.310828301
5 138 352 478.375405507
4 139 353 480.054929057
3 140 354 481.606156026
4 141 355 486.289043815
3 142 357 488.935042746
2 143 358 491.310828301
3 144 361 496.439976252
2 145 363 509.289043815
3 146 366 513.555308443
2 147 368 519.439976252
3 148 369 519.849165796
4 149 373 527.025466863
3 150 375 527.555308443
4 151 376 529.754341895
3 152 384 539.849165796
2 153 385 540.754341895
1 154 386 541.025466863
2 155 387 541.076723453
3 156 389 545.642078296
4 157 392 546.878704955
5 158 398 553.69749995
4 159 400 556.642078296
3 160 401 559.642078296
2 161 404 561.076723453
3 162 405 562.025000238
2 163 407 564.69749995
3 164 408 566.086367009
2 165 414 577.086367009
3 166 415 581.311810151
2 167 417 588.025000238
3 168 420 596.001329381
4 169 422 602.981145788
3 170 424 607.311810151
2 171 429 616.001329381
1 172 430 616.981145788
2 173 431 623.739170795
3 174 433 628.431619149
2 175 439 645.431619149
3 176 440 647.295627545
2 177 444 652.739170795
3 178 445 655.554033882
4 179 447 656.922368621
5 180 451 664.210181442
4 181 453 664.295627545
5 182 457 667.477859453
6 183 458 667.577459625
5 184 460 669.554033882
4 185 466 676.922368621
3 186 467 681.210181442
2 187 468 681.577459625
1 188 469 684.210181442
2 189 470 727.047719467
3 190 474 734.127672689
2 191 476 738.047719467
1 192 479 751.127672689
2 193 480 751.48859161
3 194 482 758.105941968
4 195 484 760.557475804
5 196 488 761.563829023
6 197 490 761.580391953
5 198 494 765.48859161
6 199 497 766.183336692
5 200 503 772.105941968
4 201 504 772.563829023
5 202 505 775.196582689
4 203 507 775.580391953
5 204 510 777.124992872
4 205 512 777.557475804
3 206 513 780.183336692
4 207 516 782.027717541
3 208 518 785.124992872
4 209 521 790.481305489
3 210 525 798.196582689
4 211 528 803.899637102
3 212 530 807.481305489
2 213 531 808.027717541
3 214 532 810.648250537
4 215 538 819.929088467
3 216 540 820.899637102
2 217 541 821.648250537
3 218 542 826.923807227
4 219 544 827.856918409
5 220 546 828.066192656
4 221 552 833.929088467
5 222 555 840.869733435
4 223 557 840.923807227
3 224 558 841.856918409
4 225 561 847.740894956
5 226 563 847.757222181
4 227 567 857.066192656
5 228 572 863.678092131
4 229 574 864.740894956
3 230 575 867.757222181
2 231 576 869.869733435
3 232 579 870.851173104
2 233 581 874.678092131
3 234 582 876.446957203
4 235 586 878.546727245
3 236 590 883.546727245
2 237 593 887.446957203
1 238 594 887.851173104
2 239 595 888.676873433
3 240 597 892.608183147
4 241 601 894.199137943
3 242 605 896.676873433
4 243 606 898.428453904
3 244 608 900.608183147
2 245 611 908.199137943
3 246 612 910.416606
4 247 618 924.049613107
3 248 620 924.416606
2 249 621 924.428453904
3 250 622 925.247248314
4 251 624 925.776953437
5 252 630 931.916444649
6 253 634 937.184586738
5 254 636 939.247248314
4 255 637 941.049613107
3 256 640 942.776953437
4 257 643 951.274104245
3 258 645 951.916444649
2 259 646 957.184586738
3 260 649 964.520686196
4 261 651 973.422919464
5 262 653 974.208470631
4 263 655 974.274104245
5 264 660 977.925890783
6 265 662 978.009009479
5 266 666 978.520686196
6 267 667 979.63836381
7 268 669 981.270041919
6 269 670 981.422919464
5 270 676 985.208470631
4 271 681 990.63836381
5 272 682 991.605706171
4 273 684 991.925890783
5 274 685 994.849065241
4 275 689 998.422919464
5 276 690 999.338399161
6 277 692 1000.36881394
5 278 696 1002.84906524
4 279 699 1004.00900948
3 280 702 1008.60570617
4 281 703 1013.077657
3 282 705 1013.33839916
2 283 706 1014.36881394
3 284 707 1015.00255925
4 285 713 1031.78975278
5 286 715 1032.02679499
6 287 717 1033.746932
5 288 719 1035.00255925
4 289 720 1036.077657
5 290 723 1039.55550494
6 291 727 1040.89226875
5 292 729 1044.55550494
4 293 734 1048.78975278
3 294 735 1049.02679499
2 295 738 1054.89226875
1 296 739 1059.746932
2 297 740 1060.2262542
3 298 744 1074.25609052
4 299 746 1078.90236617
3 300 748 1080.2262542
4 301 749 1080.79234656
5 302 751 1080.92965664
4 303 757 1088.25609052
3 304 762 1094.79234656
4 305 763 1099.54157018
5 306 765 1100.43094018
4 307 767 1100.92965664
3 308 768 1101.90236617
4 309 769 1102.4340797
5 310 774 1104.94445339
6 311 775 1105.37747445
5 312 779 1110.54157018
4 313 783 1114.43094018
3 314 786 1119.4340797
4 315 787 1119.52592217
3 316 789 1122.37747445
2 317 790 1122.4340797
3 318 793 1131.48047953
2 319 797 1139.52592217
3 320 798 1140.8650864
4 321 801 1143.19395706
3 322 802 1148.48047953
4 323 803 1152.77945733
5 324 808 1159.54279804
6 325 812 1161.27135052
5 326 814 1163.8650864
4 327 815 1166.8650864
3 328 820 1169.77945733
2 329 821 1176.54279804
3 330 822 1176.68839862
2 331 824 1178.27135052
3 332 827 1185.24795346
2 333 829 1187.68839862
3 334 832 1190.49725648
4 335 834 1193.08221042
3 336 838 1202.24795346
2 337 841 1210.08221042
1 338 842 1210.49725648
2 339 843 1216.98771374
3 340 847 1228.87354034
2 341 849 1233.98771374
3 342 850 1235.9659866
2 343 856 1245.87354034
1 344 857 1246.9659866
2 345 858 1247.03129997
3 346 860 1248.3765859
4 347 863 1252.3112736
3 348 867 1256.3765859
2 349 870 1262.3765859
1 350 871 1264.03129997
2 351 872 1269.45638102
3 352 874 1272.90055697
4 353 876 1275.52725603
3 354 884 1289.45638102
2 355 885 1292.52725603
1 356 886 1292.90055697
2 357 887 1295.31716085
3 358 889 1301.29673026
4 359 896 1302.43599924
5 360 897 1303.10248417
4 361 899 1306.29673026
3 362 900 1306.31716085
4 363 902 1306.71697203
5 364 908 1313.10555142
4 365 910 1313.43599924
3 366 911 1317.10248417
2 367 912 1320.10248417
3 368 915 1327.24423109
2 369 917 1333.10555142
1 370 920 1338.24423109
2 371 921 1340.62447657
3 372 923 1348.77071786
4 373 929 1352.97653361
5 374 931 1356.62938857
4 375 933 1356.77071786
5 376 938 1362.28063399
6 377 940 1365.38935863
5 378 942 1366.62447657
6 379 943 1367.33530776
5 380 947 1369.97653361
4 381 948 1370.62938857
5 382 949 1371.57119049
6 383 955 1377.56154598
7 384 957 1379.32237279
6 385 958 1379.38935863
5 386 960 1379.57119049
6 387 961 1381.70720258
5 388 963 1385.28063399
6 389 968 1386.43414029
5 390 972 1389.70720258
4 391 975 1396.33530776
5 392 976 1396.48944953
4 393 978 1397.56154598
3 394 979 1399.38935863
4 395 982 1408.05077691
5 396 986 1409.18453289
4 397 988 1409.43414029
5 398 991 1412.86827105
4 399 993 1416.05077691
5 400 994 1416.05091078
6 401 996 1417.51119447
5 402 1000 1419.48944953
6 403 1003 1421.2264565
5 404 1007 1424.05091078
4 405 1012 1432.18453289
3 406 1013 1432.86827105
4 407 1014 1436.89190842
3 408 1016 1437.51119447
2 409 1019 1447.2264565
1 410 1020 1462.89190842
2 411 1021 1465.70729312
3 412 1023 1466.69007428
4 413 1025 1466.88641891
5 414 1028 1470.14448995
6 415 1030 1471.69479054
5 416 1037 1480.69007428
6 417 1038 1482.40573121
7 418 1040 1483.36916445
8 419 1042 1483.75249553
7 420 1044 1483.88641891
6 421 1047 1486.69007428
5 422 1048 1486.88641891
6 423 1051 1489.85966746
7 424 1053 1490.12290875
6 425 1057 1491.70729312
5 426 1058 1494.36916445
6 427 1059 1495.30554099
5 428 1065 1497.75249553
6 429 1070 1500.4965599
7 430 1072 1502.33261887
6 431 1074 1502.40573121
5 432 1075 1503.85966746
6 433 1078 1508.35125866
5 434 1080 1508.4965599
4 435 1081 1509.30554099
5 436 1082 1509.74499539
4 437 1084 1511.70729312
5 438 1089 1514.59210707
6 439 1093 1517.23617866
5 440 1095 1519.35125866
6 441 1096 1520.17414843
5 442 1104 1523.74499539
6 443 1105 1524.34229724
5 444 1107 1525.40573121
4 445 1108 1528.17414843
3 446 1110 1531.59210707
4 447 1113 1536.64655756
5 448 1116 1538.8566858
4 449 1118 1540.23617866
5 450 1121 1543.19377917
4 451 1125 1547.34229724
5 452 1126 1547.77824688
4 453 1128 1549.8566858
5 454 1129 1551.08695585
6 455 1131 1551.23239663
5 456 1138 1562.64655756
6 457 1140 1567.20938363
5 458 1141 1567.77824688
4 459 1143 1569.19377917
3 460 1144 1571.08695585
4 461 1145 1574.84140156
5 462 1147 1574.84359466
6 463 1153 1579.49456105
7 464 1154 1580.39065498
8 465 1156 1580.53514275
7 466 1162 1584.77824688
6 467 1164 1585.84140156
7 468 1165 1586.1651404
6 469 1168 1588.64655756
7 470 1169 1589.63545163
6 471 1172 1591.84140156
5 472 1174 1591.84359466
6 473 1178 1593.73192358
5 474 1182 1598.77824688
4 475 1183 1602.64655756
3 476 1184 1602.64655756
4 477 1185 1604.61909381
3 478 1187 1605.84140156
4 479 1190 1607.42928909
5 480 1196 1616.4897501
4 481 1198 1616.73192358
3 482 1200 1618.61909381
2 483 1205 1628.73192358
1 484 1206 1633.4897501
2 485 1207 1648.62463088
3 486 1209 1649.81754863
4 487 1211 1651.11281083
5 488 1212 1654.5647081
4 489 1218 1665.62463088
3 490 1219 1666.81754863
4 491 1221 1670.09850807
5 492 1226 1680.86229755
4 493 1227 1683.81754863
3 494 1231 1688.62463088
4 495 1233 1692.75333036
3 496 1237 1703.81754863
4 497 1238 1706.31130657
3 498 1239 1708.62463088
4 499 1241 1710.00544459
5 500 1242 1713.66473754
4 501 1245 1720.81754863
5 502 1249 1731.26409396
4 503 1252 1734.62463088
5 504 1253 1738.44492197
6 505 1254 1740.14540559
7 506 1255 1743.41535732
6 507 1259 1745.62463088
7 508 1262 1748.28221803
8 509 1263 1750.88246787
9 510 1265 1751.08382061
8 511 1266 1754.62463088
7 512 1271 1756.62463088
8 513 1272 1756.90553202
9 514 1273 1757.02208108
8 515 1275 1762.62463088
7 516 1276 1762.62463088
8 517 1277 1769.13425388
9 518 1279 1772.24273339
8 519 1284 1779.62463088
7 520 1287 1785.62463088
8 521 1288 1785.68137884
9 522 1289 1790.35037707
8 523 1290 1793.62463088
9 524 1292 1798.15638673
10 525 1293 1814.64073501
11 526 1294 1820.7458083
12 527 1295 1837.86711224
13 528 1296 1847.80207242
14 529 1297 1863.56709416
15 530 1298 1879.94491805
16 531 1299 1885.98236596
17 532 1300 1889.1367515
18 533 1301 1889.32052715
19 534 1302 1898.28313988
20 535 1303 1898.56524921
21 536 1304 1925.36041527
22 537 1305 1945.02654593
23 538 1306 1946.9478236
24 539 1307 1947.61433339
25 540 1308 1951.91140804
26 541 1309 1962.40925315
27 542 1310 1965.06050298
28 543 1311 1969.48857758
29 544 1312 1970.59267909
30 545 1313 1974.91866162
31 546 1314 1989.96988474
32 547 1315 1991.96542831
33 548 1316 1993.24696532
32 549 1328 2013.17414843
31 550 1333 2022.17414843
30 551 1334 2022.17414843
29 552 1340 2028.17414843
28 553 1341 2030.17414843
29 554 1342 2030.24549712
28 555 1346 2036.17414843
27 556 1347 2036.17414843
26 557 1348 2036.17414843
25 558 1357 2041.17414843
26 559 1358 2041.71907234
25 560 1364 2047.17414843
24 561 1365 2047.17414843
25 562 1366 2049.77583368
24 563 1367 2052.17414843
25 564 1368 2054.11923308
24 565 1369 2055.17414843
23 566 1370 2058.17414843
22 567 1373 2061.17414843
23 568 1374 2064.01982595
24 569 1376 2066.2703366
25 570 1377 2066.92908439
24 571 1382 2075.17414843
23 572 1386 2078.17414843
24 573 1387 2079.0372106
23 574 1392 2084.17414843
22 575 1393 2086.17414843
23 576 1394 2087.23431817
24 577 1395 2088.32538166
23 578 1396 2092.17414843
24 579 1397 2096.65885309
23 580 1398 2098.17414843
24 581 1406 2106.64188098
25 582 1407 2107.95145376
24 583 1412 2109.17414843
23 584 1413 2109.17414843
22 585 1423 2115.17414843
21 586 1427 2122.84140156
20 587 1434 2125.84140156
21 588 1441 2129.34376724
22 589 1442 2129.45311633
23 590 1444 2129.98789146
22 591 1449 2132.73192358
21 592 1450 2132.73192358
22 593 1451 2132.84265919
23 594 1452 2132.86777522
22 595 1454 2135.17414843
21 596 1455 2135.17414843
20 597 1456 2135.17414843
19 598 1461 2138.17414843
18 599 1462 2141.73192358
17 600 1470 2142.84140156
16 601 1471 2142.84140156
15 602 1472 2144.73192358
14 603 1474 2145.84140156
13 604 1476 2146.17414843
14 605 1477 2147.40549188
13 606 1480 2149.73192358
12 607 1481 2149.73192358
11 608 1484 2152.73192358
10 609 1485 2152.73192358
9 610 1487 2153.84140156
10 611 1488 2154.42379974
9 612 1494 2160.73192358
8 613 1499 2167.84140156
7 614 1502 2169.73192358
8 615 1503 2171.80231496
7 616 1507 2172.17414843
6 617 1513 2177.73192358
5 618 1516 2181.84140156
4 619 1517 2181.84140156
3 620 1518 2183.73192358
4 621 1521 2189.68867497
3 622 1523 2195.17414843
4 623 1524 2196.15635589
3 624 1528 2197.73192358
2 625 1531 2210.15635589
3 626 1532 2211.53894855
4 627 1534 2211.83026324
5 628 1536 2212.58154602
4 629 1538 2212.68867497
3 630 1541 2220.68867497
4 631 1542 2222.66173818
5 632 1548 2231.01691501
4 633 1549 2231.53894855
3 634 1551 2234.83026324
4 635 1552 2234.97237449
3 636 1558 2245.66173818
4 637 1559 2247.27995958
3 638 1565 2251.53894855
4 639 1566 2253.5874261
3 640 1570 2258.27995958
2 641 1571 2260.97237449
1 642 1572 2264.5874261
2 643 1573 2282.99930465
3 644 1575 2288.29083578
4 645 1579 2293.76209392
5 646 1582 2298.36194508
4 647 1588 2302.29083578
3 648 1589 2305.99930465
4 649 1590 2310.41754592
3 650 1592 2314.99930465
2 651 1593 2316.76209392
1 652 1596 2327.41754592
2 653 1597 2349.03827157
3 654 1599 2351.10881283
4 655 1601 2351.58145906
3 656 1609 2359.10881283
4 657 1610 2361.81800355
3 658 1612 2365.58145906
2 659 1613 2369.03827157
3 660 1616 2373.480543
4 661 1618 2373.66148204
5 662 1624 2384.89248793
4 663 1625 2387.81800355
3 664 1627 2390.480543
2 665 1628 2390.66148204
3 666 1629 2400.69887409
2 667 1633 2407.81800355
3 668 1634 2409.96281203
4 669 1636 2410.1290671
3 670 1642 2420.69887409
4 671 1645 2427.07004587
5 672 1649 2428.29309498
4 673 1650 2429.96281203
3 674 1652 2430.1290671
4 675 1653 2430.5957342
5 676 1655 2431.99303459
4 677 1657 2435.07004587
3 678 1662 2440.96281203
2 679 1663 2441.5957342
3 680 1664 2441.94393093
2 681 1670 2452.07004587
1 682 1671 2458.94393093
2 683 1672 2465.10112102
3 684 1676 2475.8946052
2 685 1678 2476.10112102
3 686 1681 2484.88385705
4 687 1684 2490.14992819
3 688 1685 2492.8946052
4 689 1688 2494.94384106
5 690 1691 2497.67901744
6 691 1692 2500.35465693
7 692 1702 2506.43357294
6 693 1703 2507.14992819
5 694 1705 2507.88385705
4 695 1706 2508.94384106
5 696 1707 2510.95371364
4 697 1709 2511.94384106
5 698 1712 2516.99573202
6 699 1714 2517.20039122
5 700 1715 2518.17414843
4 701 1719 2521.95371364
5 702 1720 2523.81382528
4 703 1728 2530.14992819
5 704 1729 2530.77957637
4 705 1731 2532.17414843
5 706 1732 2535.32840811
6 707 1734 2536.60548994
5 708 1738 2537.81382528
4 709 1739 2539.99573202
3 710 1742 2544.77957637
4 711 1743 2546.24371436
5 712 1746 2547.26165153
4 713 1747 2549.32840811
3 714 1751 2554.81382528
2 715 1754 2557.81382528
1 716 1755 2560.24371436
2 717 1756 2576.16487122
3 718 1758 2576.90183398
4 719 1764 2583.59950525
3 720 1766 2584.16487122
2 721 1767 2587.90183398
3 722 1770 2599.08368125
2 723 1772 2600.59950525
3 724 1774 2603.7545324
4 725 1777 2603.77592645
5 726 1781 2609.61302368
6 727 1785 2610.99100792
5 728 1787 2613.08368125
6 729 1790 2614.22921347
5 730 1792 2616.08368125
6 731 1795 2619.12500509
5 732 1797 2620.61302368
4 733 1798 2620.7545324
5 734 1799 2621.9700066
4 735 1805 2627.99100792
3 736 1806 2634.22921347
2 737 1809 2636.12500509
1 738 1810 2638.9700066
2 739 1812 2655.18591622
3 740 1813 2667.91092841
4 741 1817 2670.57540249
5 742 1821 2681.15516676
4 743 1823 2681.18591622
3 744 1824 2681.57540249
2 745 1829 2693.91092841
1 746 1830 2695.15516676
2 747 1831 2701.65344457
3 748 1833 2706.57924586
4 749 1836 2711.45292071
3 750 1839 2715.65344457
4 751 1843 2717.33910376
5 752 1845 2722.28078373
4 753 1847 2726.57924586
5 754 1850 2728.25581177
4 755 1854 2729.57924586
5 756 1857 2732.74266743
4 757 1859 2733.28078373
3 758 1860 2734.33910376
2 759 1861 2739.25581177
1 760 1864 2749.74266743
2 761 1865 2754.47314303
1 762 1869 2768.47314303
2 763 1870 2779.68483301
3 764 1874 2791.11943175
4 765 1876 2791.17385359
3 766 1878 2793.68483301
2 767 1883 2808.11943175
3 768 1884 2813.56658385
2 769 1886 2814.17385359
3 770 1889 2822.07259276
2 771 1891 2827.56658385
1 772 1894 2839.07259276
2 773 1895 2842.90088891
3 774 1897 2846.51953188
2 775 1903 2853.90088891
3 776 1904 2854.36614416
4 777 1906 2860.27571745
3 778 1908 2860.51953188
2 779 1913 2871.36614416
3 780 1914 2873.08179551
4 781 1918 2878.9389011
5 782 1922 2880.08174064
4 783 1924 2883.27571745
3 784 1925 2886.9389011
2 785 1926 2887.08179551
3 786 1927 2887.09428027
2 787 1933 2898.09428027
3 788 1934 2899.67094436
4 789 1937 2899.71212845
3 790 1938 2903.08174064
2 791 1942 2913.67094436
1 792 1943 2913.67094436
2 793 1944 2933.69236057
3 794 1946 2939.63718995
4 795 1948 2942.68206285
5 796 1950 2943.08837094
4 797 1958 2950.69236057
3 798 1959 2956.63718995
2 799 1960 2957.08837094
3 800 1963 2961.69156632
4 801 1965 2971.3605163
3 802 1967 2971.68206285
4 803 1970 2974.63966071
5 804 1974 2981.89352616
4 805 1978 2984.69156632
5 806 1981 2988.32195288
4 807 1983 2988.3605163
5 808 1984 2990.58137624
6 809 1986 2991.00966743
5 810 1992 2995.89352616
4 811 1993 2999.00966743
3 812 1994 2999.32195288
4 813 1995 3000.37094249
3 814 1999 3000.63966071
2 815 2001 3004.58137624
3 816 2005 3012.88605831
4 817 2007 3014.99593432
5 818 2010 3017.34763359
4 819 2011 3017.37094249
5 820 2012 3018.38749512
6 821 2014 3019.51437896
5 822 2023 3028.99593432
4 823 2026 3032.38749512
5 824 2027 3032.70352919
4 825 2029 3034.99593432
3 826 2030 3036.51437896
4 827 2033 3040.77801388
3 828 2035 3041.88605831
2 829 2038 3046.70352919
3 830 2039 3052.1481871
4 831 2043 3057.33171624
3 832 2045 3057.77801388
4 833 2046 3063.09892216
3 834 2048 3063.1481871
4 835 2049 3066.96995887
3 836 2053 3071.33171624
4 837 2058 3076.22062277
3 838 2062 3083.09892216
4 839 2063 3083.47937798
3 840 2067 3086.96995887
2 841 2068 3087.22062277
1 842 2069 3091.47937798
2 843 2070 3093.31996707
3 844 2072 3103.71793714
4 845 2078 3110.69881726
3 846 2080 3113.31996707
2 847 2081 3117.71793714
3 848 2084 3125.88045477
2 849 2086 3127.69881726
3 850 2087 3130.88858982
2 851 2091 3139.88045477
3 852 2094 3148.36115612
4 853 2096 3152.24096729
5 854 2098 3152.88667928
4 855 2102 3153.88858982
5 856 2103 3154.12498856
6 857 2105 3155.19522883
7 858 2109 3157.18754821
8 859 2110 3158.42012417
9 860 2111 3159.81040519
10 861 2112 3164.09525305
9 862 2119 3169.24096729
10 863 2120 3170.68234553
9 864 2121 3171.36115612
8 865 2123 3172.88667928
7 866 2125 3174.12498856
6 867 2131 3177.12498856
5 868 2135 3180.24096729
4 869 2136 3185.12498856
3 870 2137 3186.88667928
4 871 2142 3194.90341638
3 872 2146 3200.24096729
4 873 2147 3201.85693701
3 874 2149 3206.36115612
4 875 2150 3208.61399859
3 876 2154 3208.90341638
4 877 2155 3213.055822
3 878 2161 3221.85693701
2 879 2162 3228.61399859
3 880 2163 3232.2719348
2 881 2165 3233.055822
3 882 2166 3233.99211855
4 883 2168 3241.43000506
3 884 2174 3252.2719348
4 885 2175 3253.51741858
5 886 2179 3254.729376
6 887 2181 3255.36483982
5 888 2183 3262.99211855
4 889 2184 3264.43000506
5 890 2187 3266.32499866
6 891 2189 3267.83448415
7 892 2194 3270.36378507
6 893 2198 3274.729376
5 894 2199 3277.32499866
6 895 2201 3277.5675003
5 896 2205 3279.99211855
4 897 2208 3282.51741858
3 898 2209 3285.32499866
4 899 2212 3290.23141778
5 900 2214 3292.46765969
4 901 2216 3293.99211855
3 902 2217 3294.729376
4 903 2220 3296.91464838
5 904 2224 3303.35798452
4 905 2226 3307.23141778
3 906 2227 3309.46765969
4 907 2229 3309.46864761
5 908 2235 3314.92992808
6 909 2237 3318.66544965
7 910 2239 3318.998927
8 911 2240 3319.36634934
7 912 2242 3319.91464838
6 913 2243 3320.35798452
5 914 2247 3325.91464838
4 915 2248 3325.92992808
3 916 2255 3331.35798452
4 917 2256 3332.79580611
3 918 2258 3333.91464838
4 919 2260 3336.19834791
3 920 2266 3341.66544965
4 921 2267 3343.59037846
3 922 2269 3343.79580611
2 923 2270 3344.19834791
3 924 2274 3354.41424898
2 925 2276 3360.59037846
3 926 2279 3371.83137491
4 927 2281 3372.9074189
3 928 2283 3374.41424898
2 929 2286 3379.83137491
3 930 2287 3380.15908825
4 931 2291 3389.46807726
5 932 2295 3391.7111622
4 933 2296 3394.15908825
5 934 2300 3401.65464826
4 935 2304 3404.9074189
3 936 2305 3406.46807726
4 937 2306 3411.12226803
5 938 2308 3413.44248837
4 939 2309 3414.15908825
5 940 2315 3417.124536
4 941 2318 3421.9074189
3 942 2320 3422.15908825
2 943 2323 3428.12226803
1 944 2324 3432.9074189
2 945 2326 3435.00711468
1 946 2331 3446.00711468
2 947 2332 3456.88278576
3 948 2334 3457.15981188
4 949 2336 3466.48930145
5 950 2337 3467.05884206
4 951 2341 3471.15981188
5 952 2344 3474.23979399
4 953 2346 3476.88278576
5 954 2347 3476.928862
6 955 2349 3478.16565865
5 956 2360 3493.88278576
4 957 2361 3496.63966071
3 958 2362 3496.88278576
2 959 2363 3497.15981188
1 960 2366 3501.88278576
2 961 2367 3511.53381439
3 962 2369 3516.24249715
4 963 2371 3517.18531843
5 964 2373 3518.73560854
4 965 2378 3525.53381439
5 966 2384 3528.78894293
4 967 2385 3530.24249715
3 968 2387 3530.53381439
2 969 2388 3534.18531843
3 970 2389 3537.25275662
4 971 2391 3538.1323443
3 972 2399 3547.24249715
4 973 2400 3547.53226067
3 974 2402 3548.25275662
2 975 2403 3552.1323443
3 976 2406 3556.73012382
4 977 2408 3558.49297962
5 978 2410 3560.0921668
4 979 2415 3567.53226067
3 980 2417 3567.73012382
4 981 2418 3569.22383543
3 982 2420 3572.49297962
2 983 2425 3584.53226067
1 984 2426 3586.22383543
2 985 2427 3588.91942464
3 986 2431 3590.13509707
2 987 2435 3599.91942464
3 988 2436 3603.57107372
2 989 2438 3604.13509707
3 990 2441 3609.72465142
2 991 2443 3611.57107372
3 992 2446 3617.01835471
4 993 2448 3620.04088329
5 994 2450 3623.6769738
4 995 2452 3623.72465142
5 996 2455 3624.84249132
6 997 2456 3629.96701044
5 998 2462 3634.01835471
4 999 2466 3640.72465142
3 1000 2467 3642.01835471
2 1001 2470 3646.04088329
1 1002 2471 3648.72465142
2 1003 2472 3659.36041296
1 1004 2476 3676.36041296
2 1005 2478 3682.95022635
1 1006 2481 3696.95022635
2 1007 2482 3703.54439719
3 1008 2484 3712.19985367
4 1009 2486 3713.03649183
3 1010 2494 3724.03649183
2 1011 2495 3726.19985367
1 1012 2496 3726.54439719
2 1013 2497 3735.80124635
3 1014 2501 3747.20500493
2 1015 2503 3752.80124635
1 1016 2506 3761.20500493
2 1017 2507 3765.68459466
3 1018 2509 3767.9142102
4 1019 2513 3773.63062798
5 1020 2515 3776.66431708
6 1021 2516 3778.46024876
5 1022 2520 3778.9142102
4 1023 2521 3782.68459466
5 1024 2529 3790.38518327
6 1025 2530 3792.29380832
5 1026 2532 3793.68459466
6 1027 2533 3794.18368124
5 1028 2536 3795.9142102
4 1029 2539 3798.68459466
3 1030 2540 3799.63062798
4 1031 2543 3805.56077451
3 1032 2547 3809.9142102
2 1033 2548 3812.68459466
3 1034 2549 3814.03323775
4 1035 2553 3815.99333574
3 1036 2557 3825.56077451
2 1037 2559 3828.03323775
1 1038 2562 3835.99333574
2 1039 2563 3844.90992346
3 1040 2565 3850.29623056
4 1041 2571 3858.87033795
3 1042 2573 3861.29623056
2 1043 2574 3864.90992346
3 1044 2575 3867.09249825
4 1045 2579 3873.32610191
5 1046 2581 3875.83406638
4 1047 2583 3878.87033795
3 1048 2590 3887.09249825
2 1049 2591 3890.32610191
3 1050 2592 3891.73823522
2 1051 2596 3898.83406638
3 1052 2597 3901.31054983
2 1053 2599 3902.73823522
3 1054 2602 3909.78347197
2 1055 2605 3915.31054983
3 1056 2606 3915.57458454
4 1057 2610 3924.88926544
3 1058 2614 3926.57458454
4 1059 2615 3937.22908913
3 1060 2619 3938.78347197
4 1061 2620 3941.38069035
3 1062 2622 3941.88926544
4 1063 2623 3946.44296488
3 1064 2629 3951.22908913
2 1065 2632 3958.38069035
1 1066 2633 3963.44296488
2 1067 2634 3972.86028723
3 1068 2636 3973.38376463
4 1069 2638 3974.54046696
3 1070 2646 3987.38376463
2 1071 2647 3988.54046696
1 1072 2648 3989.86028723
2 1073 2649 3993.40317818
3 1074 2651 3998.23231119
4 1075 2653 4001.88141482
5 1076 2655 4002.68420319
4 1077 2665 4013.40317818
5 1078 2666 4014.64704627
4 1079 2668 4015.88141482
5 1080 2669 4016.5000093
4 1081 2671 4019.68420319
3 1082 2672 4021.23231119
4 1083 2677 4027.01909556
3 1084 2679 4028.64704627
4 1085 2680 4030.78102684
3 1086 2682 4033.5000093
4 1087 2687 4046.84593126
3 1088 2689 4047.78102684
2 1089 2690 4050.01909556
3 1090 2693 4060.22467481
2 1091 2695 4060.84593126
3 1092 2698 4061.65382317
4 1093 2702 4065.92959909
3 1094 2704 4069.65382317
4 1095 2705 4072.28094497
3 1096 2707 4074.22467481
4 1097 2710 4082.53811006
5 1098 2712 4082.75784634
4 1099 2714 4082.92959909
5 1100 2715 4084.85942911
6 1101 2719 4085.58712005
5 1102 2727 4095.28094497
6 1103 2729 4095.78590317
5 1104 2731 4096.53811006
4 1105 2732 4096.58712005
3 1106 2733 4096.75784634
4 1107 2734 4097.37364923
5 1108 2738 4098.22053845
4 1109 2740 4101.85942911
5 1110 2741 4105.16650269
4 1111 2752 4113.16650269
3 1112 2753 4114.37364923
2 1113 2754 4116.53811006
1 1114 2755 4121.22053845
2 1115 2756 4121.85289026
3 1116 2758 4123.6613615
2 1117 2762 4129.85289026
3 1118 2765 4137.24133314
2 1119 2769 4145.24133314
3 1120 2770 4145.42263391
2 1121 2774 4149.6613615
3 1122 2776 4149.68255932
4 1123 2779 4155.55228243
3 1124 2780 4156.42263391
4 1125 2781 4158.43009474
5 1126 2787 4166.29249078
4 1127 2789 4166.68255932
3 1128 2792 4169.68255932
4 1129 2795 4178.83646892
5 1130 2799 4182.57922323
4 1131 2800 4183.29249078
5 1132 2804 4186.37047042
4 1133 2806 4190.43009474
3 1134 2807 4192.83646892
4 1135 2810 4195.97357333
5 1136 2812 4197.31659247
4 1137 2814 4200.29249078
3 1138 2815 4204.43009474
4 1139 2820 4207.82210437
3 1140 2822 4209.97357333
4 1141 2823 4210.58902844
5 1142 2825 4211.67787895
4 1143 2827 4214.29249078
3 1144 2834 4225.29249078
2 1145 2835 4230.58902844
1 1146 2836 4230.82210437
2 1147 2837 4245.84451746
3 1148 2839 4250.2330144
4 1149 2845 4259.08719349
5 1150 2847 4259.59450027
4 1151 2849 4261.2330144
5 1152 2852 4265.69696357
4 1153 2854 4265.84451746
5 1154 2857 4267.98791694
6 1155 2860 4271.21065663
5 1156 2862 4272.2330144
4 1157 2863 4273.08719349
5 1158 2865 4276.76882293
6 1159 2867 4278.42834623
5 1160 2869 4279.84451746
6 1161 2870 4282.13121963
7 1162 2871 4282.39031969
8 1163 2878 4287.70282003
7 1164 2883 4290.08719349
8 1165 2884 4291.11253124
7 1166 2886 4293.84451746
8 1167 2887 4295.56355968
7 1168 2889 4298.2330144
6 1169 2890 4299.08719349
5 1170 2895 4304.2330144
6 1171 2896 4307.60840981
5 1172 2900 4312.2330144
6 1173 2901 4312.70321252
5 1174 2903 4313.08719349
4 1175 2905 4313.84451746
5 1176 2906 4314.34781201
6 1177 2908 4315.58828441
7 1178 2914 4322.76614114
6 1179 2917 4327.08719349
5 1180 2918 4330.08719349
6 1181 2920 4330.22469154
5 1182 2923 4332.2330144
4 1183 2924 4333.84451746
3 1184 2930 4340.2330144
2 1185 2931 4341.08719349
3 1186 2932 4344.99280414
2 1187 2934 4346.2330144
3 1188 2936 4350.03521219
4 1189 2940 4355.17958753
5 1190 2942 4356.14881276
4 1191 2944 4358.99280414
5 1192 2945 4362.87252967
4 1193 2948 4364.99280414
3 1194 2954 4372.17958753
2 1195 2955 4373.14881276
1 1196 2956 4375.99280414
2 1197 2957 4378.17873134
3 1198 2959 4385.04364127
4 1199 2961 4388.20535178
5 1200 2965 4392.79352749
6 1201 2966 4393.35771763
7 1202 2969 4395.98883041
6 1203 2970 4396.04364127
7 1204 2974 4399.7121627
6 1205 2977 4402.20535178
7 1206 2978 4404.68327295
6 1207 2979 4407.17873134
5 1208 2986 4413.04364127
6 1209 2989 4416.2470019
7 1210 2993 4417.9829115
8 1211 2995 4419.07695632
7 1212 2996 4419.20535178
8 1213 2997 4419.52806798
9 1214 2998 4422.53723169
10 1215 2999 4422.84199912
9 1216 3000 4424.17873134
8 1217 3002 4425.20535178
9 1218 3003 4426.08974194
10 1219 3006 4428.13360049
9 1220 3010 4430.17873134
8 1221 3016 4436.04364127
7 1222 3018 4436.20535178
6 1223 3021 4438.17873134
5 1224 3022 4438.17873134
4 1225 3023 4439.04364127
5 1226 3024 4440.02232043
4 1227 3031 4444.20535178
3 1228 3034 4448.02232043
2 1229 3035 4450.04364127
1 1230 3036 4450.20535178
2 1231 3037 4454.46182699
3 1232 3039 4456.92572563
4 1233 3043 4463.62863441
3 1234 3049 4467.92572563
2 1235 3050 4471.62863441
3 1236 3051 4472.50007972
2 1237 3053 4474.46182699
3 1238 3054 4478.82190739
4 1239 3056 4478.99199723
5 1240 3058 4481.39439181
6 1241 3063 4484.08983992
5 1242 3065 4489.99199723
4 1243 3068 4492.50007972
5 1244 3072 4498.13602034
4 1245 3074 4500.99199723
3 1246 3075 4501.82190739
4 1247 3078 4503.40936533
3 1248 3082 4511.99199723
4 1249 3085 4514.934743
5 1250 3087 4515.30684363
4 1251 3088 4515.50007972
3 1252 3090 4517.40936533
2 1253 3095 4537.934743
3 1254 3096 4538.95098812
2 1255 3098 4544.50007972
1 1256 3101 4555.95098812
2 1257 3102 4562.02552475
3 1258 3104 4563.68225531
2 1259 3108 4576.02552475
3 1260 3112 4584.43804827
4 1261 3114 4586.37326794
5 1262 3118 4588.97567594
4 1263 3122 4595.68225531
5 1264 3123 4597.07366677
4 1265 3125 4597.37326794
3 1266 3126 4598.43804827
4 1267 3129 4601.136237
5 1268 3133 4606.38853899
4 1269 3135 4608.07366677
3 1270 3136 4608.97567594
4 1271 3141 4615.83744341
3 1272 3143 4617.38853899
2 1273 3146 4621.136237
3 1274 3147 4628.54854709
4 1275 3149 4629.25761383
3 1276 3151 4629.83744341
4 1277 3157 4640.48631135
3 1278 3159 4642.54854709
2 1279 3160 4643.25761383
3 1280 3161 4652.05306478
4 1281 3165 4657.8409252
5 1282 3167 4660.35567456
4 1283 3169 4660.48631135
5 1284 3176 4666.60474817
4 1285 3178 4671.35567456
3 1286 3179 4671.8409252
2 1287 3180 4672.05306478
3 1288 3181 4672.74181728
4 1289 3183 4673.55127276
3 1290 3191 4677.74181728
4 1291 3192 4680.79675993
3 1292 3194 4684.55127276
4 1293 3195 4685.36350219
3 1294 3197 4686.60474817
2 1295 3202 4700.79675993
1 1296 3203 4702.36350219
2 1297 3204 4703.09537204
3 1298 3206 4707.20699063
4 1299 3208 4710.57946587
5 1300 3210 4711.89026329
6 1301 3215 4716.34019174
7 1302 3217 4719.92320702
8 1303 3222 4724.23681943
7 1304 3228 4727.20699063
6 1305 3229 4728.89026329
5 1306 3230 4729.09537204
6 1307 3231 4730.53742227
5 1308 3233 4730.57946587
4 1309 3235 4731.89026329
5 1310 3236 4732.6274545
4 1311 3240 4737.89026329
3 1312 3246 4747.23681943
2 1313 3247 4747.53742227
3 1314 3248 4748.84664312
4 1315 3252 4755.9054483
3 1316 3254 4758.6274545
4 1317 3257 4759.98285032
3 1318 3259 4766.9054483
2 1319 3260 4768.84664312
3 1320 3261 4771.12827194
4 1321 3263 4775.58669114
5 1322 3269 4778.68173233
4 1323 3271 4782.12827194
5 1324 3273 4785.66693451
4 1325 3277 4785.98285032
3 1326 3280 4792.58669114
2 1327 3281 4792.68173233
3 1328 3282 4794.19098717
2 1329 3284 4795.68173233
3 1330 3287 4801.3241395
4 1331 3289 4802.24518189
5 1332 3293 4809.638487
4 1333 3295 4811.19098717
3 1334 3300 4816.24518189
2 1335 3301 4821.3241395
3 1336 3302 4822.90192966
2 1337 3304 4826.638487
3 1338 3305 4828.78527068
4 1339 3307 4834.28067842
5 1340 3309 4835.94817627
6 1341 3311 4836.15657707
5 1342 3316 4842.90192966
6 1343 3320 4844.88552696
7 1344 3323 4849.46170848
6 1345 3327 4854.28067842
5 1346 3329 4855.94817627
4 1347 3330 4857.78527068
3 1348 3333 4862.90192966
4 1349 3336 4864.71447646
3 1350 3338 4866.94817627
2 1351 3339 4871.28067842
1 1352 3342 4881.71447646
2 1353 3343 4883.3556501
3 1354 3347 4890.93809924
4 1355 3349 4891.27988282
3 1356 3351 4897.3556501
4 1357 3356 4904.72776971
5 1358 3358 4911.19360608
6 1359 3362 4912.17936108
5 1360 3364 4913.93809924
4 1361 3365 4914.27988282
3 1362 3368 4915.72776971
4 1363 3369 4916.42777218
5 1364 3373 4918.59444932
4 1365 3377 4924.93809924
3 1366 3378 4926.59444932
2 1367 3379 4928.19360608
3 1368 3382 4931.34384075
4 1369 3384 4935.53770259
3 1370 3386 4936.42777218
4 1371 3389 4938.95127015
5 1372 3391 4941.33178308
4 1373 3397 4951.34384075
3 1374 3400 4952.53770259
4 1375 3401 4958.08509107
3 1376 3403 4958.33178308
4 1377 3404 4958.63217833
3 1378 3406 4961.95127015
2 1379 3409 4969.08509107
3 1380 3410 4970.76565677
4 1381 3414 4971.64667047
3 1382 3418 4975.63217833
2 1383 3421 4981.76565677
3 1384 3422 4986.48833864
4 1385 3426 4996.53376121
3 1386 3428 4997.64667047
4 1387 3429 4998.81362232
3 1388 3431 5000.48833864
4 1389 3434 5004.93120366
3 1390 3438 5009.81362232
4 1391 3440 5009.92140959
3 1392 3442 5013.53376121
4 1393 3443 5016.05057659
5 1394 3445 5017.36116553
6 1395 3446 5017.7420527
5 1396 3453 5021.93120366
4 1397 3456 5026.92140959
5 1398 3458 5028.77635212
4 1399 3462 5030.05057659
5 1400 3464 5030.51950243
6 1401 3465 5031.69345607
7 1402 3466 5034.1464967
6 1403 3471 5038.93120366
7 1404 3474 5043.7287559
6 1405 3476 5043.92140959
5 1406 3479 5046.92140959
6 1407 3482 5051.59247972
5 1408 3484 5053.05057659
4 1409 3486 5054.92140959
3 1410 3487 5058.93120366
4 1411 3490 5065.59329039
5 1412 3495 5070.38523065
4 1413 3496 5073.05057659
3 1414 3497 5074.92140959
2 1415 3502 5076.59329039
1 1416 3503 5085.59329039
2 1417 3505 5086.93281229
3 1418 3507 5087.50088543
4 1419 3509 5089.66525827
5 1420 3514 5097.03117058
6 1421 3515 5097.17606714
5 1422 3517 5098.50088543
6 1423 3520 5102.8615554
5 1424 3522 5103.93281229
6 1425 3524 5104.62804481
7 1426 3525 5106.26420288
6 1427 3527 5106.50088543
7 1428 3531 5112.27387472
8 1429 3532 5112.40854133
9 1430 3535 5116.29214991
8 1431 3538 5117.50088543
7 1432 3539 5117.93281229
6 1433 3541 5117.93281229
7 1434 3542 5120.04410717
8 1435 3543 5126.6696923
7 1436 3549 5137.50088543
6 1437 3550 5137.93281229
5 1438 3553 5140.50088543
4 1439 3559 5154.50088543
3 1440 3563 5160.93281229
4 1441 3564 5162.59964451
5 1442 3565 5164.1222723
4 1443 3567 5168.50088543
5 1444 3568 5170.36215545
6 1445 3571 5175.30739106
5 1446 3575 5180.93281229
4 1447 3577 5185.50088543
5 1448 3578 5188.23972646
4 1449 3583 5197.93281229
3 1450 3589 5211.93281229
2 1451 3590 5214.50088543
3 1452 3591 5214.58807121
2 1453 3595 5217.93281229
3 1454 3596 5222.70794254
2 1455 3602 5231.58807121
3 1456 3603 5234.09452375
4 1457 3605 5234.58730491
5 1458 3608 5244.75080719
4 1459 3609 5245.70794254
3 1460 3612 5251.09452375
4 1461 3613 5257.29479728
5 1462 3617 5261.09176565
4 1463 3622 5268.70794254
3 1464 3623 5274.09452375
4 1465 3624 5277.06932872
3 1466 3625 5277.09452375
2 1467 3629 5285.70794254
3 1468 3632 5288.30336355
4 1469 3634 5290.95230898
5 1470 3635 5296.94956336
6 1471 3638 5299.3900247
5 1472 3639 5300.09452375
4 1473 3641 5305.30336355
5 1474 3643 5312.5284031
4 1475 3649 5317.09452375
5 1476 3652 5325.02886363
4 1477 3653 5325.30336355
3 1478 3655 5328.09452375
4 1479 3658 5330.9398
5 1480 3659 5333.02441287
4 1481 3666 5345.09452375
3 1482 3667 5348.09452375
2 1483 3668 5351.30336355
3 1484 3669 5353.89853946
4 1485 3673 5359.0151321
5 1486 3676 5367.74298177
4 1487 3679 5367.89853946
3 1488 3680 5368.09452375
4 1489 3681 5376.89353452
5 1490 3683 5377.25605163
6 1491 3687 5378.85928257
7 1492 3690 5387.67100042
6 1493 3691 5390.89853946
5 1494 3693 5390.89853946
6 1495 3695 5393.35942082
7 1496 3696 5396.5546194
6 1497 3698 5396.89353452
5 1498 3704 5404.89853946
6 1499 3705 5406.37031335
7 1500 3706 5409.62328872
8 1501 3712 5412.44240269
7 1502 3714 5412.89853946
6 1503 3715 5413.89853946
7 1504 3719 5416.32445699
6 1505 3721 5416.89353452
7 1506 3726 5418.20521564
6 1507 3727 5418.89853946
7 1508 3728 5423.72583672
8 1509 3729 5423.85091076
7 1510 3731 5426.89853946
6 1511 3733 5428.05309246
7 1512 3738 5436.07997586
8 1513 3739 5436.40905492
7 1514 3740 5437.89853946
6 1515 3746 5439.89353452
7 1516 3747 5441.79608829
6 1517 3750 5445.05309246
7 1518 3752 5446.95868322
8 1519 3754 5449.48037649
7 1520 3759 5451.89853946
6 1521 3760 5453.89353452
7 1522 3764 5455.10490701
8 1523 3765 5459.52483876
7 1524 3767 5459.89353452
6 1525 3772 5462.05309246
7 1526 3773 5465.62496213
6 1527 3775 5465.89853946
5 1528 3776 5468.05309246
4 1529 3784 5476.05309246
3 1530 3785 5476.89353452
2 1531 3786 5479.89853946
3 1532 3787 5483.29173793
2 1533 3789 5485.05309246
1 1534 3794 5494.29173793
2 1535 3795 5494.99915098
3 1536 3797 5496.0672641
4 1537 3801 5504.32176515
5 1538 3803 5506.98395918
4 1539 3804 5508.99915098
3 1540 3812 5522.0672641
2 1541 3813 5524.32176515
3 1542 3814 5527.10455983
2 1543 3818 5531.99915098
3 1544 3819 5537.80891342
2 1545 3821 5541.10455983
3 1546 3824 5548.3197205
4 1547 3826 5549.07237631
3 1548 3828 5551.80891342
4 1549 3833 5562.07772959
5 1550 3835 5565.69272395
4 1551 3840 5568.3197205
5 1552 3842 5568.63501739
4 1553 3844 5572.07237631
5 1554 3845 5572.72130465
4 1555 3850 5576.07772959
3 1556 3854 5582.3197205
2 1557 3856 5586.07237631
3 1558 3857 5590.57983795
2 1559 3862 5596.07772959
1 1560 3864 5598.57983795
2 1561 3865 5600.51850712
3 1562 3868 5600.62854768
4 1563 3873 5610.86822742
3 1564 3874 5611.51850712
2 1565 3876 5614.51850712
3 1566 3877 5615.93954732
4 1567 3878 5622.63989824
5 1568 3881 5625.7788938
4 1569 3882 5631.51850712
5 1570 3884 5640.56534087
6 1571 3887 5646.64877978
7 1572 3888 5647.12344132
8 1573 3889 5651.67913169
7 1574 3891 5657.51850712
8 1575 3894 5666.76010806
9 1576 3895 5667.72907098
10 1577 3896 5668.17241272
9 1578 3897 5668.51850712
10 1579 3899 5669.10142702
11 1580 3900 5669.71169108
12 1581 3901 5671.23305559
13 1582 3902 5671.79890181
14 1583 3903 5672.83342672
15 1584 3906 5680.6331344
14 1585 3907 5682.51850712
13 1586 3914 5693.51850712
12 1587 3915 5696.51850712
13 1588 3925 5707.40063841
12 1589 3927 5707.51850712
11 1590 3929 5707.93740015
10 1591 3930 5710.93740015
11 1592 3935 5714.87768424
12 1593 3936 5715.65645965
13 1594 3937 5718.06154791
14 1595 3938 5718.41465838
13 1596 3940 5718.93740015
12 1597 3944 5724.51850712
11 1598 3946 5726.93740015
12 1599 3949 5730.8320625
13 1600 3950 5731.81970229
14 1601 3953 5737.17170266
15 1602 3954 5737.92225142
16 1603 3955 5738.8690008
15 1604 3957 5740.93740015
14 1605 3960 5744.51850712
15 1606 3961 5748.55122726
16 1607 3962 5750.43661822
17 1608 3963 5753.16397164
18 1609 3969 5755.32025029
17 1610 3973 5758.51850712
16 1611 3974 5761.51850712
15 1612 3980 5763.93740015
14 1613 3990 5775.51850712
13 1614 3991 5776.65284017
14 1615 3992 5776.69101108
13 1616 3994 5778.51850712
12 1617 3995 5778.51850712
11 1618 3998 5780.93740015
10 1619 4000 5782.65284017
11 1620 4006 5787.24573511
10 1621 4009 5794.93740015
9 1622 4012 5796.65284017
8 1623 4016 5797.93740015
7 1624 4017 5798.51850712
6 1625 4025 5808.93740015
5 1626 4026 5808.93740015
4 1627 4027 5811.93740015
5 1628 4031 5813.05517671
6 1629 4033 5813.92337701
5 1630 4035 5815.51850712
6 1631 4038 5821.59681247
7 1632 4041 5822.72847038
6 1633 4043 5825.65284017
5 1634 4044 5825.65284017
4 1635 4046 5827.05517671
3 1636 4047 5829.51850712
2 1637 4052 5839.65284017
1 1638 4053 5841.05517671
2 1639 4054 5848.47249044
3 1640 4056 5854.95110294
4 1641 4060 5857.68152601
5 1642 4064 5861.09607236
6 1643 4067 5871.0628448
5 1644 4069 5871.47249044
4 1645 4070 5871.68152601
3 1646 4072 5871.95110294
2 1647 4077 5879.68152601
1 1648 4078 5885.47249044
2 1649 4079 5896.1714539
3 1650 4081 5905.99180905
4 1651 4085 5906.5907706
5 1652 4087 5908.95392047
6 1653 4090 5911.81621213
7 1654 4093 5914.42561876
6 1655 4094 5919.1714539
7 1656 4098 5920.57281573
8 1657 4099 5922.69621492
9 1658 4100 5922.90004891
8 1659 4103 5922.99180905
7 1660 4104 5923.5907706
6 1661 4110 5924.1714539
5 1662 4112 5927.99180905
4 1663 4113 5927.99180905
5 1664 4114 5929.37317633
6 1665 4115 5930.08450888
5 1666 4123 5940.5907706
4 1667 4126 5947.1714539
5 1668 4128 5947.44021636
4 1669 4129 5947.99180905
3 1670 4131 5951.5907706
4 1671 4134 5954.4282201
5 1672 4139 5955.89736339
6 1673 4140 5958.15312398
5 1674 4145 5961.1714539
4 1675 4146 5961.99180905
5 1676 4148 5962.82609065
4 1677 4152 5968.4282201
3 1678 4153 5968.4282201
4 1679 4154 5969.77599591
3 1680 4158 5972.1714539
4 1681 4159 5973.44753252
3 1682 4161 5975.1714539
4 1683 4162 5981.50566459
3 1684 4166 5983.77599591
4 1685 4167 5986.28517821
5 1686 4173 5993.4206079
4 1687 4175 5993.44753252
5 1688 4177 5994.11275007
4 1689 4178 5997.28517821
5 1690 4179 5999.80882247
4 1691 4186 6004.50566459
5 1692 4187 6005.73282113
4 1693 4189 6010.44753252
3 1694 4190 6010.44753252
2 1695 4191 6013.80882247
3 1696 4192 6017.03965149
4 1697 4196 6019.30518261
3 1698 4198 6022.73282113
2 1699 4203 6033.30518261
1 1700 4204 6037.03965149
2 1701 4205 6052.09175671
3 1702 4207 6052.3058994
4 1703 4211 6060.03968042
5 1704 4213 6060.72435382
4 1705 4217 6063.3058994
3 1706 4220 6066.09175671
2 1707 4223 6068.03968042
3 1708 4224 6068.0845064
4 1709 4226 6069.63808089
5 1710 4228 6072.14730751
6 1711 4229 6072.73648491
5 1712 4237 6077.3058994
4 1713 4239 6077.63808089
3 1714 4240 6082.0845064
4 1715 4245 6084.85414875
3 1716 4249 6091.3058994
4 1717 4250 6092.12110134
3 1718 4256 6097.63808089
4 1719 4257 6100.77112037
5 1720 4261 6103.84746245
6 1721 4262 6104.20677651
5 1722 4265 6105.77112037
4 1723 4266 6106.12110134
3 1724 4267 6107.85414875
4 1725 4271 6110.33428238
5 1726 4273 6115.08906717
6 1727 4275 6116.61370055
5 1728 4278 6119.77112037
4 1729 4280 6122.77112037
5 1730 4281 6122.98560125
4 1731 4287 6127.33428238
5 1732 4288 6131.87931925
4 1733 4290 6132.08906717
5 1734 4291 6135.88779714
4 1735 4292 6136.77112037
5 1736 4296 6137.78595677
6 1737 4299 6142.23815366
7 1738 4300 6145.04816788
6 1739 4302 6146.08906717
7 1740 4303 6148.96602854
8 1741 4306 6152.73820288
7 1742 4310 6153.33428238
6 1743 4312 6153.77112037
7 1744 4317 6158.13661236
6 1745 4319 6160.08906717
7 1746 4320 6160.50054878
6 1747 4323 6167.33428238
5 1748 4325 6167.77112037
4 1749 4328 6168.08906717
5 1750 4332 6169.37850184
4 1751 4335 6172.33428238
3 1752 4339 6178.77112037
2 1753 4340 6179.08906717
1 1754 4341 6181.77112037
2 1755 4342 6189.6873208
3 1756 4346 6205.54178341
4 1757 4348 6206.28455143
3 1758 4350 6209.6873208
4 1759 4351 6213.75427084
5 1760 4353 6214.35513714
6 1761 4356 6221.70385285
5 1762 4362 6225.54178341
4 1763 4363 6227.75427084
5 1764 4366 6228.45365289
4 1765 4369 6235.28455143
3 1766 4373 6236.54178341
2 1767 4374 6238.75427084
3 1768 4375 6240.59706529
4 1769 4377 6242.04558031
3 1770 4381 6248.54178341
4 1771 4382 6249.36122617
3 1772 4384 6253.04558031
2 1773 4387 6257.59706529
3 1774 4390 6262.77165967
2 1775 4392 6269.36122617
3 1776 4397 6284.20590256
2 1777 4399 6285.77165967
3 1778 4400 6286.79681126
4 1779 4404 6287.67823166
3 1780 4408 6292.20590256
4 1781 4413 6297.98804882
5 1782 4415 6302.54691657
4 1783 4417 6303.79681126
3 1784 4418 6304.67823166
2 1785 4423 6317.98804882
3 1786 4424 6320.54947874
2 1787 4426 6322.54691657
3 1788 4427 6327.38688175
4 1789 4431 6332.86119497
3 1790 4435 6341.38688175
2 1791 4438 6346.54947874
3 1792 4439 6347.22100291
4 1793 4441 6347.22732897
5 1794 4447 6360.4716571
4 1795 4449 6361.22100291
3 1796 4450 6361.86119497
2 1797 4451 6367.22732897
1 1798 4454 6380.4716571
2 1799 4455 6380.8405783
3 1800 4457 6381.925859
4 1801 4459 6385.13048823
5 1802 4465 6389.04621849
6 1803 4467 6393.07703831
7 1804 4469 6393.12027625
8 1805 4470 6393.92718818
9 1806 4472 6393.96353155
8 1807 4478 6398.925859
7 1808 4479 6403.8405783
6 1809 4481 6406.04621849
7 1810 4489 6410.9534359
6 1811 4491 6413.07703831
5 1812 4492 6413.07703831
4 1813 4495 6417.13048823
3 1814 4496 6417.8405783
2 1815 4499 6421.925859
3 1816 4500 6428.07907678
2 1817 4502 6430.9534359
3 1818 4503 6434.51991213
4 1819 4507 6436.01443996
5 1820 4509 6438.68152816
6 1821 4511 6440.16670602
5 1822 4513 6442.07907678
6 1823 4517 6445.52008763
7 1824 4525 6452.83791197
6 1825 4527 6453.01443996
5 1826 4528 6458.68152816
4 1827 4529 6459.07907678
3 1828 4532 6460.51991213
4 1829 4533 6460.86988931
3 1830 4535 6463.51991213
4 1831 4536 6470.53698999
5 1832 4540 6472.84297283
4 1833 4542 6473.01443996
5 1834 4543 6473.81330062
6 1835 4547 6473.99328047
7 1836 4550 6478.25622406
6 1837 4554 6480.86988931
7 1838 4556 6484.25683483
6 1839 4558 6484.53698999
5 1840 4559 6484.81330062
4 1841 4560 6486.84297283
5 1842 4564 6493.39450728
4 1843 4568 6497.86988931
3 1844 4569 6500.86988931
4 1845 4570 6504.16195187
3 1846 4572 6504.53698999
4 1847 4577 6511.57136709
3 1848 4579 6513.39450728
4 1849 4580 6513.50920895
5 1850 4582 6515.42371922
6 1851 4586 6518.25273662
5 1852 4589 6521.16195187
4 1853 4593 6526.42371922
5 1854 4594 6527.23114105
4 1855 4596 6527.50920895
3 1856 4597 6528.57136709
4 1857 4598 6530.94448082
5 1858 4602 6531.90512771
6 1859 4604 6531.91132757
7 1860 4607 6537.19018759
8 1861 4608 6538.01279601
7 1862 4610 6538.16195187
6 1863 4616 6541.94448082
7 1864 4621 6551.76826467
6 1865 4623 6551.90512771
5 1866 4625 6552.16195187
4 1867 4626 6552.94448082
3 1868 4627 6553.23114105
2 1869 4632 6568.90512771
1 1870 4633 6572.16195187
2 1871 4634 6572.1670133
3 1872 4638 6580.70103133
4 1873 4642 6587.82109201
3 1874 4644 6588.70103133
2 1875 4645 6589.1670133
3 1876 4648 6598.353075
4 1877 4650 6599.47088055
5 1878 4654 6605.6060201
6 1879 4657 6606.90953399
5 1880 4660 6610.47088055
4 1881 4661 6610.82109201
5 1882 4663 6610.95086593
4 1883 4664 6612.353075
5 1884 4665 6614.88087547
6 1885 4671 6618.2744788
7 1886 4673 6619.48813858
6 1887 4675 6619.6060201
5 1888 4680 6622.6060201
4 1889 4681 6625.6060201
5 1890 4684 6626.5943502
4 1891 4686 6628.88087547
3 1892 4689 6632.2744788
2 1893 4690 6634.5943502
1 1894 4691 6636.48813858
2 1895 4692 6636.62767179
3 1896 4696 6641.33189657
2 1897 4698 6644.62767179
3 1898 4699 6647.33254906
4 1899 4705 6657.69551193
3 1900 4707 6658.33189657
2 1901 4708 6664.33254906
1 1902 4711 6674.69551193
2 1903 4712 6694.44487449
3 1904 4714 6696.59154733
4 1905 4716 6700.98420849
5 1906 4718 6702.13377096
4 1907 4726 6708.44487449
5 1908 4729 6715.38284823
4 1909 4731 6716.13377096
3 1910 4732 6717.98420849
2 1911 4735 6719.59154733
3 1912 4736 6721.55178796
4 1913 4738 6721.73407007
5 1914 4740 6722.38033317
6 1915 4742 6726.07796319
7 1916 4743 6730.28804354
8 1917 4744 6731.21287152
7 1918 4750 6735.38284823
6 1919 4754 6738.55178796
5 1920 4756 6738.73407007
6 1921 4761 6750.34176489
5 1922 4763 6752.38284823
4 1923 4764 6754.38033317
3 1924 4767 6755.73407007
4 1925 4772 6758.77813723
3 1926 4774 6763.38284823
4 1927 4775 6765.27405271
3 1928 4779 6767.55178796
2 1929 4782 6769.77813723
3 1930 4783 6776.67197857
4 1931 4785 6778.76216035
3 1932 4787 6779.27405271
4 1933 4790 6780.13900178
5 1934 4793 6780.47712398
6 1935 4796 6781.45201485
5 1936 4801 6792.76216035
4 1937 4802 6793.67197857
3 1938 4803 6793.67197857
4 1939 4805 6798.92881917
3 1940 4809 6800.13900178
4 1941 4810 6800.61740493
5 1942 4814 6802.19567435
6 1943 4816 6805.07105798
5 1944 4818 6806.76216035
4 1945 4819 6808.61740493
3 1946 4820 6809.76216035
4 1947 4823 6813.72026415
3 1948 4827 6820.76216035
4 1949 4831 6824.75746889
3 1950 4833 6825.19567435
4 1951 4834 6831.46933311
3 1952 4838 6839.72026415
2 1953 4840 6851.19567435
1 1954 4843 6859.72026415
2 1955 4844 6861.79576459
3 1956 4846 6862.83392312
4 1957 4848 6867.43123333
5 1958 4853 6874.01844204
6 1959 4854 6874.59297279
7 1960 4855 6875.68981213
8 1961 4856 6875.81032662
7 1962 4858 6878.79576459
8 1963 4859 6882.09962494
9 1964 4860 6883.47609885
8 1965 4862 6885.83392312
9 1966 4863 6885.85178373
10 1967 4864 6889.56401136
11 1968 4871 6894.63214189
10 1969 4873 6899.83392312
11 1970 4878 6908.73117753
10 1971 4880 6910.79576459
9 1972 4884 6912.07703831
8 1973 4886 6913.83392312
9 1974 4887 6918.71820969
8 1975 4889 6918.79576459
9 1976 4894 6922.61101864
10 1977 4895 6925.46159814
11 1978 4896 6926.47516201
12 1979 4899 6931.96679599
13 1980 4900 6932.31525689
12 1981 4903 6935.07703831
11 1982 4905 6936.83392312
10 1983 4908 6941.79576459
11 1984 4910 6942.30263537
12 1985 4920 6949.07987819
11 1986 4921 6949.79576459
10 1987 4922 6952.07703831
9 1988 4924 6955.07703831
8 1989 4926 6955.79576459
7 1990 4927 6956.83392312
6 1991 4932 6959.83392312
7 1992 4935 6966.23853283
8 1993 4936 6966.43606238
7 1994 4941 6972.07703831
6 1995 4943 6975.79576459
5 1996 4944 6976.83392312
4 1997 4945 6976.83392312
3 1998 4952 6989.79576459
2 1999 4955 6992.07703831
1 2000 4956 6999.83392312
0 2001 4959 7006.79576459
0 2002 4961 7316.76216035
