#data counter step time
0 1 0 0.0
1 2 1 0.0
2 3 12 4.81071623757
3 4 16 21.6484315785
4 5 18 24.4451047056
5 6 20 28.0817300233
4 7 22 30.8107162376
3 8 29 39.0817300233
4 9 30 46.8572438183
3 10 32 47.6484315785
4 11 33 49.5309778177
3 12 35 50.4451047056
4 13 36 52.840127789
5 14 44 60.8305426319
6 15 46 62.5464859769
5 16 48 63.8572438183
6 17 49 66.4238862887
5 18 51 66.840127789
4 19 54 69.5309778177
5 20 57 74.536598815
4 21 59 74.8305426319
5 22 62 78.7857986046
4 23 66 79.5464859769
5 24 67 81.4255462927
6 25 69 81.7192154668
5 26 75 86.7857986046
4 27 76 88.536598815
3 28 77 89.4238862887
4 29 78 91.2817470955
3 30 84 95.4255462927
2 31 85 101.719215467
3 32 87 103.270525854
4 33 88 104.218443649
3 34 90 105.281747095
4 35 91 106.692742448
5 36 97 114.314781097
4 37 103 117.270525854
3 38 104 117.692742448
2 39 105 119.314781097
1 40 106 124.218443649
2 41 107 140.921245775
3 42 109 141.989827377
4 43 115 150.289932167
3 44 117 151.921245775
4 45 118 156.178568257
5 46 121 156.717918423
4 47 125 161.289932167
3 48 126 161.989827377
2 49 129 164.289932167
1 50 130 173.178568257
2 51 131 175.503433684
3 52 136 188.215798924
2 53 137 189.503433684
3 54 138 193.949479916
4 55 142 204.421444415
3 56 146 211.215798924
4 57 147 213.742717212
3 58 149 213.949479916
2 59 154 227.742717212
1 60 155 230.421444415
2 61 156 234.835309357
3 62 158 238.832137826
4 63 161 240.059630009
5 64 164 245.770269275
6 65 166 247.146554014
5 66 171 251.835309357
4 67 172 254.835309357
3 68 175 255.832137826
2 69 178 262.770269275
3 70 179 263.439542676
4 71 181 263.50807157
5 72 183 263.705877743
4 73 185 264.146554014
3 74 192 271.705877743
2 75 193 274.439542676
1 76 194 280.50807157
2 77 195 283.152076922
3 78 199 287.255139319
4 79 201 297.066052857
3 80 203 297.152076922
4 81 206 303.421277006
3 82 210 304.255139319
4 83 211 308.81198206
3 84 215 314.066052857
4 85 216 316.000072142
3 86 218 317.421277006
4 87 219 320.107812034
5 88 221 321.015522665
6 89 230 325.550610755
5 90 234 326.015522665
4 91 235 331.81198206
5 92 236 332.993658833
4 93 238 333.000072142
5 94 239 333.701350726
4 95 241 334.107812034
3 96 242 336.000072142
4 97 245 341.996355457
3 98 251 346.993658833
2 99 252 349.996355457
1 100 253 353.701350726
2 101 254 356.022357287
3 102 256 358.555763234
4 103 262 366.995250674
3 104 264 375.555763234
2 105 265 379.022357287
3 106 266 379.216575832
2 107 272 392.995250674
3 108 273 395.868210055
2 109 275 396.216575832
1 110 278 406.868210055
2 111 279 429.542953847
3 112 283 436.985103734
4 113 285 439.957686541
5 114 287 442.564832947
4 115 293 449.542953847
5 116 296 452.098894203
4 117 298 453.564832947
3 118 299 453.957686541
4 119 302 459.293423465
3 120 304 465.985103734
2 121 305 466.098894203
1 122 308 470.293423465
2 123 309 485.651180369
3 124 311 486.856519231
4 125 313 488.592172739
5 126 317 495.719872002
6 127 320 499.247182178
5 128 321 499.651180369
6 129 324 501.409798103
7 130 330 505.73863316
8 131 335 512.680910377
7 132 336 512.856519231
6 133 338 514.592172739
5 134 339 515.409798103
4 135 340 518.719872002
3 136 341 518.719872002
4 137 342 519.458948312
5 138 348 526.455968439
6 139 350 527.640347767
7 140 354 529.470177529
6 141 356 529.856519231
5 142 363 534.73863316
6 143 364 537.688311682
5 144 366 539.458948312
4 145 367 543.455968439
3 146 368 543.856519231
4 147 369 544.614862309
3 148 371 544.640347767
4 149 372 551.140500614
5 150 374 551.360631549
6 151 378 553.088019949
7 152 388 559.999798752
6 153 389 561.614862309
5 154 391 562.140500614
4 155 392 563.688311682
5 156 393 563.757303472
4 157 395 565.360631549
3 158 398 567.088019949
4 159 399 569.46885016
5 160 402 570.607337006
4 161 406 572.614862309
5 162 407 574.484699308
4 163 411 580.757303472
3 164 412 580.757303472
4 165 415 581.491813584
5 166 417 581.95324351
4 167 419 586.46885016
5 168 420 587.174803189
6 169 422 591.334134909
5 170 424 591.484699308
4 171 433 598.95324351
3 172 434 601.491813584
2 173 435 602.334134909
1 174 436 604.174803189
2 175 437 612.867018741
3 176 439 615.668170485
2 177 445 626.668170485
1 178 446 626.867018741
2 179 447 627.053861581
3 180 451 634.336588286
4 181 453 634.931510685
5 182 455 635.12639539
4 183 459 641.053861581
3 184 460 642.336588286
4 185 465 646.929188928
5 186 467 647.608753428
6 187 469 648.25129724
5 188 473 651.931510685
4 189 474 652.12639539
3 190 479 659.25129724
2 191 480 663.929188928
1 192 481 667.608753428
2 193 482 668.299991064
3 194 486 678.965465746
2 195 488 679.299991064
1 196 491 695.965465746
2 197 492 719.715790913
3 198 496 726.282922765
4 199 498 727.878203034
5 200 500 728.029560405
4 201 502 730.715790913
5 202 503 731.732421439
6 203 505 731.868336799
7 204 511 736.644765957
6 205 518 745.029560405
5 206 520 745.732421439
4 207 521 745.868336799
3 208 524 749.282922765
4 209 525 749.968278545
3 210 527 750.878203034
4 211 528 752.400558184
3 212 532 757.968278545
4 213 533 758.411272866
5 214 536 759.01835258
4 215 537 759.029560405
3 216 543 769.411272866
2 217 544 772.411272866
3 218 545 775.069304339
2 219 547 775.400558184
3 220 548 782.674206112
4 221 552 784.022997952
3 222 558 790.674206112
4 223 559 790.812527884
5 224 561 791.679847075
6 225 566 800.708191159
5 226 567 801.022997952
6 227 569 801.44410546
7 228 571 803.605186473
6 229 572 804.069304339
5 230 573 805.679847075
6 231 579 811.396816704
5 232 581 813.812527884
4 233 582 813.812527884
5 234 583 818.469690992
4 235 585 819.812527884
3 236 590 825.812527884
4 237 591 827.739656604
3 238 593 832.469690992
2 239 594 837.396816704
3 240 595 839.10414502
2 241 599 847.739656604
1 242 602 856.10414502
2 243 603 856.433145276
3 244 607 862.804328296
4 245 609 863.072695872
3 246 611 870.433145276
4 247 616 878.353213551
5 248 618 878.825737168
4 249 620 879.804328296
3 250 621 880.072695872
4 251 622 883.42106491
5 252 625 884.289512187
6 253 628 886.006925424
7 254 630 888.33185352
6 255 632 889.353213551
5 256 640 897.42106491
4 257 641 897.42106491
5 258 642 898.256714528
6 259 646 899.345084111
5 260 648 902.33185352
4 261 651 907.825737168
3 262 652 912.006925424
2 263 653 912.256714528
3 264 656 922.489911657
2 265 658 925.345084111
3 266 660 934.020195794
4 267 664 936.007719278
5 268 666 937.74873969
6 269 668 938.030286825
5 270 670 942.489911657
6 271 671 944.682756214
7 272 673 944.89849502
6 273 679 948.489911657
7 274 681 950.432427804
6 275 686 956.007719278
7 276 687 957.51905901
6 277 692 961.030286825
5 278 693 964.682756214
4 279 694 964.682756214
5 280 695 966.675771109
4 281 697 966.74873969
3 282 698 967.89849502
2 283 703 977.675771109
1 284 704 986.51905901
2 285 705 1000.6428706
3 286 707 1003.86095831
4 287 710 1006.72270611
5 288 711 1010.51949285
4 289 718 1011.86095831
3 290 719 1014.86095831
4 291 720 1017.54113278
3 292 722 1020.6428706
4 293 727 1030.56248621
5 294 729 1031.82352372
4 295 731 1034.54113278
5 296 732 1035.95545464
4 297 736 1039.51949285
3 298 741 1045.82352372
2 299 742 1049.95545464
1 300 743 1050.56248621
2 301 744 1054.57426569
3 302 746 1056.06457906
2 303 750 1068.57426569
3 304 751 1069.60419259
4 305 756 1072.25559927
3 306 757 1079.06457906
4 307 758 1081.50391417
5 308 760 1082.83277391
6 309 767 1090.75410044
5 310 769 1092.50391417
4 311 770 1092.60419259
3 312 771 1092.60419259
4 313 774 1093.81358292
5 314 776 1096.17941014
6 315 778 1096.64200469
7 316 780 1098.73299743
6 317 783 1102.83277391
7 318 787 1106.25896469
8 319 788 1107.47283425
9 320 789 1108.12540407
8 321 797 1110.75410044
7 322 799 1116.17941014
6 323 800 1116.81358292
5 324 802 1116.83277391
6 325 803 1118.36677663
7 326 811 1122.39464347
6 327 815 1125.64200469
5 328 816 1127.17941014
4 329 817 1127.81358292
3 330 818 1132.36677663
2 331 819 1136.75410044
3 332 822 1142.0436416
2 333 826 1153.0436416
1 334 827 1154.64200469
2 335 828 1164.23042611
3 336 830 1165.46501276
4 337 833 1168.70057859
5 338 839 1172.51120493
6 339 841 1175.1688413
7 340 843 1177.21944799
6 341 845 1178.23042611
7 342 847 1179.62179422
8 343 850 1181.51789052
7 344 852 1182.46501276
8 345 858 1187.42553634
7 346 860 1188.46501276
6 347 863 1189.1688413
5 348 864 1191.21944799
4 349 865 1192.51789052
3 350 866 1195.1688413
2 351 867 1198.51120493
3 352 868 1200.15382311
4 353 872 1205.61404353
5 354 874 1207.54487913
6 355 877 1208.10787427
5 356 885 1211.46501276
6 357 886 1213.74625277
5 358 888 1217.15382311
6 359 890 1218.02423329
5 360 894 1221.54487913
6 361 895 1223.1311379
5 362 897 1223.15382311
6 363 898 1226.51125648
5 364 900 1227.74625277
4 365 901 1228.61404353
5 366 904 1236.11148415
4 367 906 1236.74625277
5 368 907 1240.25141459
4 369 911 1243.1311379
5 370 916 1249.86625194
4 371 918 1250.11148415
3 372 919 1251.25141459
4 373 920 1251.3327091
3 374 924 1257.86625194
2 375 927 1258.51125648
1 376 928 1262.3327091
2 377 929 1265.17667442
3 378 931 1267.1608018
2 379 937 1281.1608018
1 380 938 1282.17667442
2 381 939 1282.25436672
3 382 941 1286.34451894
4 383 943 1287.81789514
3 384 949 1293.25436672
4 385 950 1298.97023987
3 386 952 1301.81789514
4 387 955 1308.95867199
3 388 959 1309.34451894
4 389 960 1310.72357587
5 390 962 1311.89802393
6 391 966 1314.75789799
7 392 970 1317.8089598
6 393 974 1318.97023987
5 394 975 1319.95867199
4 395 980 1324.72357587
3 396 981 1325.75789799
2 397 982 1329.97023987
3 398 983 1333.89700583
4 399 985 1334.85527129
3 400 987 1334.89802393
4 401 990 1346.49948979
3 402 996 1356.89700583
2 403 997 1357.85527129
1 404 998 1360.49948979
2 405 999 1367.19756164
3 406 1003 1374.95722987
4 407 1005 1380.03509774
5 408 1007 1382.75667914
4 409 1009 1384.19756164
5 410 1012 1389.48558048
4 411 1018 1393.75667914
3 412 1019 1394.95722987
4 413 1022 1396.7883006
3 414 1024 1397.03509774
2 415 1027 1412.48558048
3 416 1028 1421.0710502
2 417 1030 1422.7883006
3 418 1033 1431.55766207
4 419 1035 1435.45310616
5 420 1039 1435.74848226
4 421 1041 1438.0710502
3 422 1044 1442.55766207
4 423 1048 1448.8129195
3 424 1049 1449.45310616
2 425 1050 1452.74848226
3 426 1052 1454.93239624
4 427 1054 1458.73265711
5 428 1061 1464.75478755
4 429 1067 1471.8129195
5 430 1068 1474.12327664
4 431 1070 1474.93239624
3 432 1071 1475.75478755
4 433 1072 1476.68920984
5 434 1074 1481.13930198
4 435 1078 1484.73265711
5 436 1082 1487.72058784
4 437 1083 1488.12327664
5 438 1087 1492.65425898
4 439 1089 1498.13930198
3 440 1090 1499.68920984
2 441 1091 1501.13930198
1 442 1094 1515.65425898
2 443 1096 1517.54472689
3 444 1099 1524.69713012
2 445 1101 1531.54472689
3 446 1102 1534.19286938
4 447 1106 1537.90254307
3 448 1108 1538.69713012
2 449 1113 1548.19286938
3 450 1114 1550.55483094
2 451 1116 1554.90254307
3 452 1121 1564.39863819
4 453 1123 1565.94493012
3 454 1125 1567.55483094
4 455 1128 1577.31988916
3 456 1130 1578.39863819
4 457 1135 1586.28249928
5 458 1137 1586.55258722
6 459 1138 1586.84956996
5 460 1140 1588.31988916
4 461 1146 1594.94493012
5 462 1147 1595.22962599
6 463 1150 1598.07761058
5 464 1152 1599.31988916
4 465 1154 1603.28249928
3 466 1155 1605.94493012
4 467 1161 1612.62110069
5 468 1162 1615.03383639
4 469 1163 1617.28249928
5 470 1165 1618.93636674
4 471 1170 1625.31988916
3 472 1171 1628.28249928
4 473 1177 1644.0834588
5 474 1178 1644.34586297
4 475 1180 1645.28249928
3 476 1182 1645.31988916
4 477 1183 1649.256372
5 478 1184 1650.00134528
6 479 1185 1656.53058783
7 480 1188 1660.47794267
8 481 1191 1666.10501306
9 482 1192 1667.89492988
8 483 1193 1668.31988916
9 484 1196 1670.14764583
10 485 1197 1670.46803428
9 486 1199 1671.28249928
10 487 1203 1680.71854709
11 488 1206 1684.37278451
10 489 1207 1688.31988916
11 490 1208 1690.18521555
10 491 1209 1691.28249928
9 492 1212 1691.31988916
10 493 1213 1692.083513
11 494 1215 1701.26236646
12 495 1219 1702.20254865
13 496 1220 1706.26001227
12 497 1221 1708.31988916
13 498 1223 1711.68484386
12 499 1224 1714.31988916
13 500 1225 1724.40883646
14 501 1226 1743.87422767
15 502 1227 1744.55617723
16 503 1228 1749.15126215
17 504 1229 1760.44902394
18 505 1230 1760.98119742
19 506 1231 1763.56683996
20 507 1232 1764.62537472
21 508 1233 1766.17928847
22 509 1234 1795.40645323
23 510 1235 1803.9159866
24 511 1236 1807.7847081
25 512 1237 1812.2832975
26 513 1238 1812.37995746
27 514 1239 1821.19146318
28 515 1240 1824.949651
29 516 1241 1830.32326777
30 517 1242 1834.45901435
31 518 1243 1835.1829265
32 519 1244 1837.34527862
33 520 1245 1875.63394292
34 521 1246 1881.54936476
35 522 1247 1898.68468412
36 523 1248 1903.3354102
37 524 1249 1914.97829961
38 525 1250 1918.05282016
39 526 1251 1919.25984358
40 527 1252 1928.75867291
41 528 1259 1931.18189997
42 529 1265 1941.52131521
43 530 1266 1944.88891316
42 531 1271 1947.74848226
41 532 1272 1947.74848226
40 533 1273 1947.74848226
39 534 1274 1950.74848226
40 535 1280 1955.00637354
41 536 1281 1958.66896815
40 537 1282 1961.74848226
39 538 1283 1964.74848226
38 539 1284 1964.74848226
39 540 1285 1967.27755567
38 541 1286 1967.74848226
39 542 1294 1975.35214648
38 543 1299 1978.74848226
37 544 1300 1984.74848226
36 545 1301 1984.74848226
35 546 1310 1986.74848226
34 547 1311 1989.74848226
35 548 1312 1990.55165953
36 549 1313 1991.81474068
35 550 1314 1992.74848226
34 551 1315 1992.74848226
35 552 1320 2000.03064154
36 553 1321 2000.0373071
35 554 1326 2003.74848226
34 555 1327 2003.74848226
33 556 1328 2006.74848226
34 557 1334 2008.38395433
33 558 1335 2008.74848226
34 559 1336 2010.71253586
35 560 1337 2012.62674531
34 561 1338 2014.74848226
33 562 1343 2017.74848226
32 563 1344 2017.74848226
33 564 1354 2022.69138421
34 565 1355 2022.9383705
35 566 1356 2025.1978596
36 567 1357 2026.52434982
35 568 1358 2028.74848226
34 569 1362 2031.74848226
33 570 1363 2031.74848226
32 571 1364 2031.74848226
33 572 1368 2037.93839744
32 573 1373 2041.90254307
31 574 1374 2042.74848226
32 575 1375 2044.75359689
31 576 1376 2045.74848226
32 577 1377 2048.76918699
33 578 1378 2049.11096486
32 579 1383 2050.90254307
31 580 1388 2054.74848226
30 581 1399 2058.90254307
29 582 1404 2059.74848226
28 583 1405 2059.74848226
27 584 1411 2061.90254307
28 585 1412 2061.91173161
27 586 1413 2062.74848226
26 587 1414 2064.74848226
25 588 1418 2064.74848226
24 589 1419 2065.74848226
23 590 1424 2067.90254307
24 591 1425 2068.25058483
23 592 1426 2070.74848226
22 593 1427 2070.74848226
21 594 1428 2070.90254307
20 595 1441 2072.74848226
21 596 1442 2074.87506024
20 597 1443 2075.74848226
19 598 1444 2075.90254307
18 599 1445 2075.90254307
17 600 1446 2078.74848226
16 601 1449 2081.90254307
15 602 1450 2081.90254307
14 603 1458 2089.74848226
13 604 1459 2092.74848226
12 605 1460 2092.90254307
11 606 1465 2095.74848226
10 607 1467 2095.90254307
11 608 1469 2096.39196675
12 609 1472 2105.12847244
13 610 1479 2112.02810645
12 611 1480 2112.74848226
11 612 1481 2112.74848226
10 613 1483 2112.94493012
9 614 1486 2115.74848226
8 615 1489 2115.90254307
9 616 1490 2117.53735745
10 617 1491 2122.12439726
9 618 1497 2126.74848226
10 619 1498 2129.04422053
9 620 1500 2129.74848226
10 621 1506 2135.4852658
9 622 1507 2137.74848226
10 623 1509 2138.92225233
9 624 1514 2141.90254307
8 625 1515 2141.90254307
7 626 1517 2141.94493012
8 627 1518 2144.01807408
9 628 1524 2147.58221549
8 629 1526 2148.74848226
7 630 1529 2152.90254307
8 631 1530 2155.66719603
7 632 1533 2158.94493012
6 633 1535 2161.90254307
5 634 1536 2162.74848226
6 635 1539 2163.73405353
7 636 1541 2164.29555672
8 637 1542 2165.21040633
9 638 1547 2166.08695755
10 639 1548 2166.59306368
9 640 1550 2166.94493012
8 641 1556 2172.94493012
7 642 1557 2175.90254307
8 643 1558 2177.55733829
9 644 1559 2179.15520566
10 645 1560 2180.1351216
9 646 1562 2181.90254307
8 647 1563 2181.94493012
7 648 1565 2185.74848226
8 649 1570 2191.65208046
9 650 1571 2193.76787656
10 651 1572 2194.70114674
9 652 1574 2195.90254307
8 653 1577 2195.94493012
9 654 1578 2197.87954675
10 655 1581 2203.69022833
11 656 1585 2207.15037511
12 657 1588 2209.13195556
11 658 1589 2209.94493012
12 659 1590 2210.162539
11 660 1592 2211.74848226
12 661 1593 2211.76503957
13 662 1594 2214.05282563
12 663 1596 2215.90254307
11 664 1597 2215.94493012
10 665 1604 2222.74848226
11 666 1606 2222.98262527
12 667 1607 2226.24708302
13 668 1608 2226.61488889
12 669 1615 2229.94493012
11 670 1617 2233.74848226
10 671 1620 2235.90254307
11 672 1621 2236.63803935
10 673 1622 2238.90254307
9 674 1630 2246.94493012
10 675 1631 2247.18833951
9 676 1634 2249.90254307
8 677 1636 2252.90254307
9 678 1642 2254.85484704
8 679 1646 2254.94493012
7 680 1648 2260.90254307
8 681 1649 2261.40518661
7 682 1654 2262.74848226
6 683 1656 2263.94493012
7 684 1657 2264.66528552
6 685 1658 2265.94493012
5 686 1659 2265.94493012
6 687 1663 2267.38948502
7 688 1664 2267.44305446
6 689 1666 2271.94493012
5 690 1670 2276.74848226
6 691 1672 2279.87184846
5 692 1677 2283.90254307
4 693 1679 2284.74848226
3 694 1680 2285.94493012
4 695 1681 2286.19397014
3 696 1683 2286.90254307
4 697 1685 2288.70081543
3 698 1691 2300.19397014
2 699 1692 2309.19397014
1 700 1693 2309.90254307
2 701 1694 2313.64919114
3 702 1696 2314.96931264
4 703 1700 2323.15527023
3 704 1702 2327.64919114
2 705 1707 2337.15527023
1 706 1708 2337.96931264
2 707 1709 2339.61830716
3 708 1711 2339.78770281
4 709 1713 2345.98575895
5 710 1715 2346.32670999
4 711 1721 2353.78770281
5 712 1726 2360.58470101
4 713 1728 2362.61830716
3 714 1729 2362.98575895
2 715 1730 2364.78770281
3 716 1733 2372.06651847
4 717 1735 2375.80404215
3 718 1737 2376.61830716
2 719 1742 2383.06651847
1 720 1743 2383.80404215
2 721 1744 2393.06815811
3 722 1746 2395.45598515
4 723 1752 2405.35673295
3 724 1754 2407.06815811
4 725 1755 2408.49479034
5 726 1759 2412.10738427
4 727 1762 2418.45598515
3 728 1764 2419.49479034
4 729 1765 2424.56324551
5 730 1769 2426.15770678
4 731 1771 2428.35673295
5 732 1774 2429.61468948
4 733 1777 2432.45598515
5 734 1778 2434.52244877
4 735 1782 2438.56324551
5 736 1785 2444.98293735
4 737 1789 2448.35673295
3 738 1790 2450.74848226
4 739 1791 2453.38816176
3 740 1793 2454.52244877
4 741 1796 2456.66953421
5 742 1798 2457.27715792
6 743 1801 2458.40756793
7 744 1802 2461.13526031
6 745 1804 2461.98293735
5 746 1811 2467.66953421
4 747 1815 2473.38816176
5 748 1816 2473.46032992
4 749 1818 2475.98293735
3 750 1819 2476.38816176
2 751 1820 2477.27715792
3 752 1821 2479.39839006
4 753 1825 2482.48886527
3 754 1827 2484.46032992
4 755 1828 2486.23693308
5 756 1830 2486.60350243
6 757 1840 2498.86467512
5 758 1841 2499.48886527
4 759 1843 2500.60350243
3 760 1844 2503.23693308
2 761 1845 2505.39839006
1 762 1849 2522.48886527
2 763 1850 2543.15206202
3 764 1852 2546.1957816
4 765 1854 2547.87908795
3 766 1862 2560.15206202
4 767 1863 2564.21671581
3 768 1865 2567.87908795
2 769 1868 2569.1957816
3 770 1869 2575.63219358
4 771 1873 2577.93973829
3 772 1875 2578.21671581
2 773 1876 2583.63219358
3 774 1879 2594.19068467
2 775 1881 2594.93973829
3 776 1884 2602.55350141
2 777 1886 2605.19068467
3 778 1889 2622.59942622
2 779 1891 2625.55350141
3 780 1892 2626.57938332
2 781 1896 2634.57938332
3 782 1899 2638.48246313
2 783 1901 2639.59942622
1 784 1904 2664.48246313
2 785 1905 2667.14187357
3 786 1909 2676.9771184
2 787 1911 2681.14187357
3 788 1912 2685.0583135
4 789 1918 2698.14869491
3 790 1922 2702.0583135
2 791 1923 2702.9771184
1 792 1924 2703.14869491
2 793 1925 2710.47126338
3 794 1929 2716.45722166
2 795 1931 2724.47126338
3 796 1933 2724.9474518
2 797 1938 2733.45722166
3 798 1939 2736.4971215
2 799 1945 2750.4971215
1 800 1946 2750.9474518
2 801 1947 2755.77762992
3 802 1949 2758.75811591
4 803 1951 2759.00538712
3 804 1957 2763.77762992
2 805 1958 2764.00538712
3 806 1961 2783.74308021
4 807 1963 2785.36465711
3 808 1965 2787.75811591
2 809 1970 2800.74308021
3 810 1971 2801.4381088
2 811 1973 2802.36465711
3 812 1974 2812.65206341
2 813 1980 2821.4381088
3 814 1981 2827.66962898
4 815 1983 2830.10351214
3 816 1985 2832.65206341
4 817 1987 2833.41320793
5 818 1991 2838.50146873
6 819 1995 2843.74097498
7 820 1997 2844.34019794
6 821 1998 2844.66962898
5 822 2002 2847.10351214
4 823 2003 2847.66962898
3 824 2006 2852.50146873
2 825 2009 2855.10351214
3 826 2010 2859.56234517
4 827 2012 2859.80851558
5 828 2014 2862.32946709
6 829 2016 2864.63254176
5 830 2018 2866.74097498
4 831 2027 2879.32946709
3 832 2028 2879.80851558
2 833 2029 2883.74097498
3 834 2030 2886.69962082
4 835 2032 2887.56173854
5 836 2034 2889.6889935
6 837 2036 2890.19732222
5 838 2038 2891.56234517
4 839 2043 2897.69962082
3 840 2046 2900.6889935
2 841 2049 2905.56234517
1 842 2050 2907.56173854
2 843 2051 2914.70652292
3 844 2053 2922.4819004
2 845 2057 2934.70652292
3 846 2060 2937.46096192
4 847 2062 2937.50886187
5 848 2067 2946.25416536
4 849 2071 2948.4819004
3 850 2072 2951.46096192
4 851 2073 2952.91280029
3 852 2075 2957.50886187
2 853 2076 2960.50886187
3 854 2077 2962.45468963
4 855 2079 2965.74272147
5 856 2085 2968.30808194
4 857 2087 2972.91280029
5 858 2088 2973.02888372
4 859 2090 2973.74272147
5 860 2091 2974.29458967
6 861 2095 2975.45141384
7 862 2098 2976.92374859
6 863 2100 2979.45468963
5 864 2104 2982.30808194
4 865 2105 2984.02888372
5 866 2106 2985.30590611
4 867 2116 2996.30590611
3 868 2117 2996.30808194
4 869 2118 2998.25451583
3 870 2120 2999.45468963
2 871 2121 3000.29458967
3 872 2122 3013.52319894
4 873 2124 3013.73377689
5 874 2126 3013.87951226
6 875 2132 3020.55916576
7 876 2135 3022.44538883
6 877 2136 3024.25451583
5 878 2142 3033.52319894
4 879 2144 3033.73377689
3 880 2145 3033.87951226
4 881 2146 3038.55460761
3 882 2148 3044.25451583
4 883 2153 3057.19584139
3 884 2155 3062.52319894
2 885 2156 3064.55460761
3 886 2157 3064.97514023
2 887 2163 3074.19584139
1 888 2164 3075.97514023
2 889 2165 3089.50937629
3 890 2168 3091.92574006
4 891 2172 3102.33893435
3 892 2174 3103.50937629
4 893 2175 3111.06523409
3 894 2177 3112.50937629
4 895 2180 3118.86675387
5 896 2184 3122.29522563
4 897 2186 3125.06523409
3 898 2187 3125.33893435
4 899 2192 3131.2302877
3 900 2194 3133.29522563
2 901 2195 3135.86675387
3 902 2198 3144.68966207
2 903 2200 3148.2302877
3 904 2201 3149.17251285
2 905 2207 3158.68966207
3 906 2208 3160.55148825
2 907 2210 3163.17251285
3 908 2213 3166.39071426
2 909 2215 3168.55148825
3 910 2216 3170.04117063
4 911 2218 3170.60734646
3 912 2226 3181.60734646
4 913 2227 3186.23505456
3 914 2229 3186.39071426
2 915 2230 3187.04117063
3 916 2235 3197.84424127
4 917 2240 3201.94708569
3 918 2242 3203.23505456
2 919 2243 3205.84424127
3 920 2244 3206.23071532
4 921 2246 3206.32233644
5 922 2248 3208.412232
6 923 2254 3215.64363141
5 924 2260 3219.412232
6 925 2261 3220.25447703
5 926 2262 3223.23071532
4 927 2264 3223.32233644
3 928 2266 3224.94708569
4 929 2271 3228.42004513
3 930 2274 3231.23071532
2 931 2277 3239.412232
1 932 2278 3239.42004513
2 933 2279 3239.83862273
1 934 2283 3247.83862273
2 935 2284 3248.04472841
3 936 2288 3258.39838411
4 937 2290 3258.53852201
3 938 2294 3265.04472841
2 939 2295 3269.39838411
3 940 2298 3273.09136662
2 941 2300 3275.53852201
1 942 2303 3287.09136662
2 943 2304 3298.66607294
3 944 2306 3302.05131824
4 945 2308 3307.02024858
5 946 2310 3308.66485759
6 947 2313 3310.05780233
5 948 2316 3313.05131824
4 949 2320 3318.66607294
3 950 2324 3324.02024858
4 951 2325 3325.56739774
3 952 2327 3327.05131824
4 953 2330 3336.78711751
5 954 2334 3343.00759172
6 955 2335 3345.49167317
5 956 2337 3345.56739774
4 957 2338 3347.66607294
5 958 2342 3352.14359662
6 959 2344 3357.12108848
7 960 2347 3361.02059373
6 961 2348 3362.78711751
5 962 2354 3368.56739774
6 963 2357 3369.97649785
5 964 2358 3373.66607294
6 965 2359 3376.50164029
5 966 2360 3376.78711751
4 967 2365 3379.66607294
5 968 2366 3382.04261406
6 969 2369 3385.26193234
7 970 2372 3387.2519709
6 971 2374 3388.56739774
5 972 2378 3393.78711751
4 973 2380 3396.56739774
3 974 2381 3396.66607294
4 975 2386 3403.97168051
3 976 2388 3404.56739774
2 977 2389 3404.78711751
3 978 2390 3405.03057505
2 979 2396 3420.97168051
1 980 2397 3422.03057505
2 981 2398 3430.47603975
3 982 2400 3431.95329551
4 983 2403 3438.42226537
5 984 2404 3439.36029062
6 985 2411 3448.68120887
5 986 2414 3450.47603975
4 987 2416 3451.95329551
3 988 2417 3456.36029062
2 989 2418 3456.47603975
3 990 2419 3457.5994686
4 991 2425 3466.74127379
3 992 2427 3468.5994686
2 993 2428 3468.95329551
3 994 2429 3470.73875978
4 995 2431 3471.26618862
5 996 2433 3473.8809622
6 997 2440 3482.33757313
7 998 2441 3482.4173139
6 999 2443 3486.74127379
5 1000 2446 3491.26618862
4 1001 2447 3493.73875978
5 1002 2450 3494.89455845
6 1003 2454 3500.34083882
5 1004 2456 3500.74127379
4 1005 2460 3505.26618862
3 1006 2461 3505.89455845
2 1007 2462 3508.26618862
3 1008 2463 3509.76680465
4 1009 2469 3519.95825104
5 1010 2473 3521.39029135
6 1011 2474 3524.0877621
7 1012 2475 3526.19477035
8 1013 2476 3526.49936607
7 1014 2478 3530.95825104
6 1015 2480 3532.76680465
5 1016 2481 3535.74127379
4 1017 2487 3546.76680465
5 1018 2491 3550.58527474
6 1019 2493 3554.32287595
7 1020 2494 3554.56377254
6 1021 2498 3556.95825104
5 1022 2500 3558.74127379
6 1023 2502 3560.00938617
7 1024 2504 3560.09812354
8 1025 2505 3561.03697987
9 1026 2509 3566.59107006
8 1027 2511 3566.74127379
7 1028 2512 3566.76680465
6 1029 2514 3566.76680465
5 1030 2519 3573.95825104
4 1031 2521 3575.74127379
5 1032 2522 3576.08523601
6 1033 2525 3580.31987473
5 1034 2527 3583.76680465
4 1035 2531 3590.95825104
3 1036 2534 3592.74127379
4 1037 2535 3598.38449374
5 1038 2539 3599.79602998
4 1039 2540 3601.95825104
5 1040 2543 3608.60009372
6 1041 2545 3612.19613974
5 1042 2546 3612.76680465
4 1043 2553 3618.38449374
5 1044 2555 3618.41166259
4 1045 2557 3621.38449374
5 1046 2558 3621.83099134
4 1047 2560 3621.95825104
3 1048 2562 3624.95825104
2 1049 2567 3638.41166259
1 1050 2568 3641.95825104
2 1051 2569 3647.43263493
1 1052 2573 3658.43263493
2 1053 2574 3661.61914747
3 1054 2577 3664.56818686
4 1055 2579 3667.54733427
3 1056 2587 3681.54733427
4 1057 2588 3681.97512697
3 1058 2590 3684.56818686
2 1059 2591 3684.61914747
1 1060 2594 3692.97512697
2 1061 2595 3697.36924641
1 1062 2600 3708.36924641
2 1063 2601 3717.56412762
1 1064 2605 3734.56412762
2 1065 2606 3753.14808635
3 1066 2608 3753.33325903
4 1067 2610 3754.39712048
5 1068 2614 3760.73582476
4 1069 2616 3761.33325903
5 1070 2619 3765.15445289
4 1071 2621 3765.39712048
3 1072 2626 3776.14808635
4 1073 2629 3781.05358768
5 1074 2631 3786.92830372
4 1075 2633 3788.15445289
3 1076 2634 3789.73582476
4 1077 2635 3792.47049745
5 1078 2641 3800.99516482
6 1079 2643 3801.60650703
5 1080 2646 3807.05358768
6 1081 2648 3809.07595212
5 1082 2649 3809.92830372
4 1083 2655 3812.47049745
3 1084 2658 3821.05358768
4 1085 2659 3822.25352959
3 1086 2661 3823.99516482
2 1087 2662 3826.92830372
3 1088 2663 3829.14361315
2 1089 2667 3833.25352959
1 1090 2670 3855.14361315
2 1091 2671 3885.38981554
3 1092 2673 3886.89780503
4 1093 2675 3889.46565154
5 1094 2683 3898.95294402
6 1095 2685 3901.21301211
5 1096 2687 3902.38981554
6 1097 2688 3902.84537345
5 1098 2690 3903.46565154
6 1099 2692 3903.77495189
7 1100 2693 3906.34827593
6 1101 2695 3906.89780503
7 1102 2696 3907.20057647
6 1103 2706 3913.38981554
7 1104 2707 3913.39176474
6 1105 2710 3914.89780503
7 1106 2711 3915.01527615
6 1107 2712 3915.95294402
5 1108 2719 3920.46565154
4 1109 2720 3922.38981554
5 1110 2722 3923.50142645
4 1111 2724 3926.95294402
3 1112 2725 3928.89780503
2 1113 2728 3934.89780503
1 1114 2730 3940.50142645
2 1115 2731 3942.19283193
3 1116 2733 3946.17344361
4 1117 2737 3955.12973346
3 1118 2743 3965.19283193
4 1119 2744 3969.14753743
3 1120 2746 3969.17344361
2 1121 2747 3975.12973346
3 1122 2750 3979.24565378
2 1123 2752 3980.14753743
3 1124 2753 3987.02340007
4 1125 2759 3996.436167
3 1126 2761 3998.02340007
4 1127 2762 4003.7563959
3 1128 2764 4005.24565378
4 1129 2767 4012.32367357
3 1130 2771 4017.7563959
2 1131 2774 4025.436167
1 1132 2775 4029.32367357
2 1133 2776 4031.13685114
3 1134 2778 4031.44541741
4 1135 2780 4035.91987076
5 1136 2783 4036.06352223
6 1137 2789 4040.91436113
5 1138 2790 4045.44541741
6 1139 2795 4054.09486144
5 1140 2797 4054.13685114
4 1141 2798 4055.91987076
3 1142 2799 4058.91987076
4 1143 2800 4061.48150612
5 1144 2802 4064.03515553
4 1145 2806 4064.91987076
5 1146 2809 4068.11596159
4 1147 2813 4071.09486144
5 1148 2815 4072.19128861
4 1149 2816 4072.48150612
3 1150 2820 4076.09486144
2 1151 2821 4084.03515553
1 1152 2822 4085.09486144
2 1153 2824 4097.70544366
3 1154 2826 4097.98747812
4 1155 2828 4108.82459651
5 1156 2832 4113.81873495
6 1157 2835 4116.03884806
7 1158 2840 4120.32364979
6 1159 2841 4120.70544366
5 1160 2846 4124.81873495
6 1161 2847 4125.89806443
5 1162 2849 4128.82459651
4 1163 2852 4132.98747812
3 1164 2855 4136.82459651
2 1165 2856 4139.81873495
1 1166 2857 4146.70544366
2 1167 2858 4151.57372968
1 1168 2862 4165.57372968
2 1169 2863 4168.86340229
3 1170 2867 4170.06524503
2 1171 2871 4176.86340229
1 1172 2872 4181.06524503
2 1173 2873 4185.50757708
3 1174 2875 4185.93311754
4 1175 2877 4188.11947483
5 1176 2881 4193.11700907
6 1177 2885 4195.73463606
5 1178 2889 4199.11947483
6 1179 2890 4201.24867739
5 1180 2894 4205.93311754
4 1181 2897 4208.50757708
3 1182 2898 4210.11700907
2 1183 2899 4210.11947483
3 1184 2901 4211.22141855
4 1185 2905 4214.18552643
3 1186 2907 4216.93311754
2 1187 2908 4219.93311754
3 1188 2909 4221.65471855
4 1189 2913 4228.7263427
3 1190 2915 4231.18552643
2 1191 2918 4235.65471855
3 1192 2919 4235.91528263
4 1193 2921 4237.30597874
5 1194 2926 4239.87597889
6 1195 2930 4243.75144081
5 1196 2932 4245.30597874
4 1197 2935 4248.30597874
3 1198 2936 4251.7263427
2 1199 2937 4254.75144081
3 1200 2940 4268.65128908
4 1201 2942 4270.39237446
3 1202 2944 4270.91528263
4 1203 2945 4271.61509313
5 1204 2951 4277.75805987
6 1205 2953 4277.96725048
5 1206 2954 4278.39237446
6 1207 2958 4284.97629016
5 1208 2960 4285.65128908
4 1209 2965 4291.61509313
5 1210 2968 4294.63675024
6 1211 2970 4297.56167879
7 1212 2972 4300.36671698
8 1213 2976 4302.14666685
9 1214 2977 4303.08520135
8 1215 2980 4303.75805987
7 1216 2981 4305.63675024
6 1217 2983 4305.65128908
5 1218 2984 4307.39237446
4 1219 2987 4311.63675024
5 1220 2988 4316.34164665
6 1221 2993 4317.49961213
5 1222 2995 4319.63675024
6 1223 2996 4323.74114374
5 1224 2998 4323.75805987
4 1225 2999 4323.75805987
5 1226 3003 4324.8391722
6 1227 3007 4330.19047427
5 1228 3008 4330.34164665
4 1229 3011 4331.49961213
5 1230 3012 4332.75382399
6 1231 3013 4333.20940596
5 1232 3021 4342.49961213
6 1233 3022 4345.57055396
5 1234 3024 4346.74114374
4 1235 3026 4350.34164665
5 1236 3033 4363.28227641
4 1237 3035 4364.34164665
3 1238 3038 4366.74114374
2 1239 3039 4368.49961213
1 1240 3040 4369.34164665
2 1241 3041 4376.96191027
3 1242 3043 4380.3718621
4 1243 3049 4393.00393638
3 1244 3051 4393.96191027
4 1245 3052 4394.40965581
3 1246 3054 4397.3718621
2 1247 3059 4405.40965581
3 1248 3060 4410.28561016
4 1249 3062 4411.41459952
5 1250 3064 4414.03486801
6 1251 3065 4414.33103416
5 1252 3069 4419.00393638
6 1253 3073 4423.72717223
5 1254 3074 4424.28561016
6 1255 3076 4427.32694504
7 1256 3077 4427.80472021
6 1257 3085 4437.41459952
7 1258 3087 4437.59402476
8 1259 3088 4437.99435371
7 1260 3092 4439.00393638
6 1261 3093 4439.00393638
5 1262 3094 4441.28561016
4 1263 3096 4442.41459952
5 1264 3101 4449.30943647
4 1265 3103 4450.00393638
5 1266 3104 4450.11700847
6 1267 3108 4454.41194346
5 1268 3109 4458.38981554
4 1269 3115 4467.11700847
3 1270 3116 4467.28561016
4 1271 3119 4476.77921028
3 1272 3121 4478.30943647
4 1273 3122 4480.86034825
3 1274 3124 4481.38981554
2 1275 3127 4493.77921028
3 1276 3130 4496.8831363
4 1277 3132 4498.61759565
5 1278 3134 4501.42944186
4 1279 3136 4503.86034825
5 1280 3139 4505.60313742
4 1281 3141 4507.8831363
5 1282 3142 4508.05768675
6 1283 3146 4511.31192047
7 1284 3151 4513.5668213
6 1285 3153 4515.42944186
5 1286 3157 4515.61759565
4 1287 3158 4519.05768675
3 1288 3159 4522.60313742
2 1289 3164 4529.42944186
1 1290 3165 4532.61759565
2 1291 3166 4535.45618577
3 1292 3168 4538.35474933
4 1293 3172 4543.22304335
5 1294 3174 4543.64050734
6 1295 3176 4545.60242476
7 1296 3178 4548.94286413
6 1297 3179 4549.45618577
7 1298 3186 4553.35586336
6 1299 3192 4558.35474933
5 1300 3193 4558.35474933
6 1301 3194 4559.52944051
5 1302 3196 4560.22304335
4 1303 3197 4563.45618577
3 1304 3198 4563.64050734
4 1305 3201 4566.71417629
3 1306 3203 4568.22304335
4 1307 3208 4572.52083296
5 1308 3210 4573.69333654
4 1309 3214 4574.71417629
5 1310 3215 4575.65125027
4 1311 3217 4578.35474933
3 1312 3220 4581.69333654
2 1313 3221 4583.65125027
3 1314 3224 4590.84902458
4 1315 3226 4599.39006436
3 1316 3230 4601.52083296
4 1317 3232 4605.20322949
5 1318 3233 4605.33920288
6 1319 3240 4612.41955266
5 1320 3242 4613.39006436
4 1321 3243 4613.84902458
5 1322 3244 4614.53580635
4 1323 3250 4620.41955266
3 1324 3251 4622.33920288
2 1325 3252 4622.39006436
1 1326 3253 4628.53580635
2 1327 3254 4637.39818299
3 1328 3258 4657.41126156
4 1329 3260 4659.82297874
3 1330 3262 4663.39818299
4 1331 3267 4667.03167814
5 1332 3269 4667.84091311
6 1333 3271 4669.09475238
5 1334 3275 4671.41126156
6 1335 3280 4673.64960831
5 1336 3281 4673.82297874
4 1337 3283 4675.84091311
3 1338 3286 4685.41126156
4 1339 3287 4685.68704289
3 1340 3289 4687.03167814
2 1341 3290 4687.82297874
3 1342 3291 4689.68012234
2 1343 3297 4705.68704289
1 1344 3298 4712.68012234
2 1345 3299 4718.68377171
3 1346 3301 4722.69047472
4 1347 3305 4733.43087972
5 1348 3308 4733.73092655
6 1349 3310 4734.18153654
7 1350 3311 4735.55455176
8 1351 3317 4737.32183545
7 1352 3320 4738.68377171
6 1353 3326 4744.43087972
7 1354 3327 4746.53714404
6 1355 3329 4748.69047472
5 1356 3330 4748.69047472
4 1357 3331 4748.69047472
5 1358 3332 4748.98342522
4 1359 3334 4749.55455176
3 1360 3335 4755.68377171
2 1361 3340 4765.98342522
1 1362 3341 4766.53714404
2 1363 3342 4788.26059884
3 1364 3344 4789.6522105
4 1365 3346 4791.01985783
5 1366 3348 4793.01126266
6 1367 3354 4797.18777592
7 1368 3355 4797.87212177
6 1369 3357 4800.6522105
5 1370 3361 4805.01985783
4 1371 3364 4808.26059884
3 1372 3369 4814.6522105
4 1373 3370 4815.20569475
5 1374 3372 4819.54772279
4 1375 3376 4822.01126266
3 1376 3379 4825.01985783
2 1377 3382 4829.20569475
1 1378 3383 4830.54772279
2 1379 3384 4843.66700326
3 1380 3388 4852.21686931
4 1381 3392 4861.89538474
5 1382 3394 4862.24121518
4 1383 3396 4863.21686931
3 1384 3397 4863.66700326
4 1385 3403 4867.01264882
3 1386 3404 4872.89538474
4 1387 3405 4875.48738046
3 1388 3409 4879.24121518
2 1389 3410 4884.01264882
3 1390 3413 4888.66586062
2 1391 3415 4892.48738046
1 1392 3418 4908.66586062
2 1393 3419 4910.09817473
3 1394 3421 4910.97973027
4 1395 3424 4911.5570805
5 1396 3427 4918.42273219
6 1397 3429 4918.72436898
5 1398 3434 4924.97973027
4 1399 3437 4927.09817473
5 1400 3439 4932.83852476
4 1401 3445 4935.42273219
3 1402 3447 4936.09817473
4 1403 3448 4936.1956391
3 1404 3450 4937.83852476
4 1405 3453 4949.26546176
3 1406 3455 4950.72436898
2 1407 3456 4953.1956391
3 1408 3459 4954.18646874
4 1409 3463 4963.45073823
5 1410 3465 4965.22963869
6 1411 3466 4966.02750325
5 1412 3468 4966.26546176
4 1413 3470 4971.18646874
5 1414 3476 4979.77777719
4 1415 3477 4980.26546176
3 1416 3478 4980.45073823
4 1417 3482 4981.97233554
5 1418 3484 4984.97390643
4 1419 3486 4985.18646874
3 1420 3487 4991.18646874
4 1421 3492 4999.3110391
5 1422 3495 5001.88568069
4 1423 3496 5004.97233554
3 1424 3497 5004.97390643
4 1425 3499 5004.98399457
3 1426 3505 5013.3110391
2 1427 3508 5016.3110391
3 1428 3509 5016.42354419
4 1429 3511 5018.45011635
3 1430 3517 5027.98399457
4 1431 3518 5030.20305293
3 1432 3520 5030.42354419
4 1433 3523 5035.31761829
3 1434 3525 5038.20305293
4 1435 3527 5038.2896235
5 1436 3531 5041.62970571
4 1437 3533 5042.40070106
3 1438 3534 5042.40070106
2 1439 3539 5055.31761829
1 1440 3540 5055.62970571
2 1441 3541 5060.2857917
1 1442 3545 5083.2857917
2 1443 3546 5091.42363468
1 1444 3550 5096.42363468
2 1445 3551 5105.97965006
3 1446 3555 5120.41692176
2 1447 3557 5122.97965006
3 1448 3558 5127.60413671
4 1449 3564 5135.8385436
3 1450 3566 5141.60413671
4 1451 3567 5142.01264744
5 1452 3571 5143.37138679
6 1453 3572 5143.54225912
7 1454 3573 5145.16309607
6 1455 3577 5146.41692176
7 1456 3578 5149.19255373
8 1457 3580 5150.15640361
7 1458 3584 5151.41692176
6 1459 3586 5152.8385436
5 1460 3588 5153.01264744
4 1461 3592 5160.41692176
3 1462 3593 5161.01264744
2 1463 3598 5168.41692176
3 1464 3599 5171.84581099
2 1465 3603 5178.8385436
1 1466 3604 5188.84581099
2 1467 3605 5191.0729333
3 1468 3608 5201.65941688
4 1469 3612 5205.38312887
5 1470 3614 5205.87080133
4 1471 3616 5208.0729333
3 1472 3619 5214.0729333
2 1473 3622 5219.38312887
3 1474 3623 5219.51949968
4 1475 3625 5221.93420765
3 1476 3629 5228.87080133
2 1477 3630 5233.51949968
3 1478 3631 5236.86548143
4 1479 3633 5237.9092571
5 1480 3641 5243.40208514
6 1481 3642 5246.50049267
5 1482 3644 5247.93420765
4 1483 3646 5254.9092571
3 1484 3649 5256.86548143
2 1485 3650 5258.93420765
1 1486 3653 5268.9092571
2 1487 3654 5269.27914834
1 1488 3658 5289.27914834
2 1489 3659 5296.53800712
3 1490 3662 5301.82230297
4 1491 3663 5304.35373484
5 1492 3668 5306.96621136
4 1493 3672 5313.53800712
3 1494 3673 5316.53800712
4 1495 3676 5318.30767906
3 1496 3678 5318.35373484
4 1497 3679 5320.8592697
3 1498 3681 5320.96621136
2 1499 3686 5334.8592697
1 1500 3687 5335.30767906
2 1501 3688 5338.4769929
1 1502 3692 5352.4769929
2 1503 3693 5366.46673416
3 1504 3695 5368.42350971
4 1505 3699 5378.11763338
3 1506 3701 5379.42350971
4 1507 3704 5380.26239586
5 1508 3706 5380.27547188
4 1509 3709 5386.46673416
5 1510 3711 5390.10210002
4 1511 3717 5397.46673416
3 1512 3718 5398.11763338
4 1513 3719 5398.56883863
5 1514 3721 5400.03909649
4 1515 3723 5403.26239586
5 1516 3726 5405.11299689
6 1517 3729 5411.18192071
7 1518 3732 5414.23924294
6 1519 3734 5414.46673416
5 1520 3739 5419.46673416
4 1521 3741 5421.56883863
3 1522 3743 5423.26239586
4 1523 3746 5427.63115844
3 1524 3750 5433.46673416
4 1525 3751 5435.13339446
3 1526 3755 5441.56883863
2 1527 3758 5444.63115844
3 1528 3759 5445.0249122
4 1529 3761 5445.63966561
3 1530 3763 5449.13339446
4 1531 3764 5450.03200644
5 1532 3772 5459.07077925
4 1533 3773 5462.0249122
3 1534 3775 5462.63966561
2 1535 3778 5470.03200644
3 1536 3781 5474.33093074
2 1537 3787 5485.0249122
3 1538 3788 5486.53020195
2 1539 3790 5488.33093074
1 1540 3793 5509.53020195
2 1541 3794 5511.19443711
3 1542 3796 5517.30345513
2 1543 3800 5525.19443711
3 1544 3803 5532.69772364
2 1545 3805 5537.30345513
1 1546 3808 5558.69772364
2 1547 3809 5562.61318703
3 1548 3811 5569.44935771
4 1549 3813 5573.38236894
5 1550 3816 5579.27089238
4 1551 3820 5588.61318703
3 1552 3821 5595.44935771
4 1553 3827 5600.83940279
3 1554 3829 5602.61318703
2 1555 3834 5615.44935771
3 1556 3835 5618.18537554
2 1557 3837 5620.83940279
3 1558 3840 5629.49264852
4 1559 3842 5634.03391547
5 1560 3844 5639.29614194
6 1561 3845 5640.1155026
5 1562 3849 5641.18537554
6 1563 3852 5647.4264514
5 1564 3855 5652.49264852
4 1565 3858 5654.03391547
3 1566 3863 5661.18537554
4 1567 3864 5663.51899718
5 1568 3866 5664.65286399
4 1569 3867 5668.03391547
3 1570 3869 5669.49264852
4 1571 3871 5671.83543673
3 1572 3877 5676.03391547
2 1573 3878 5677.51899718
3 1574 3882 5680.42549499
4 1575 3888 5691.98463339
3 1576 3890 5693.03391547
4 1577 3891 5693.29554653
3 1578 3895 5700.42549499
4 1579 3896 5701.92108149
5 1580 3900 5705.90563373
4 1581 3902 5707.29554653
5 1582 3903 5707.33943447
4 1583 3908 5714.98463339
3 1584 3910 5715.92108149
4 1585 3913 5722.58158208
5 1586 3915 5724.08910573
6 1587 3918 5727.34935059
5 1588 3920 5728.98463339
4 1589 3924 5730.29554653
5 1590 3925 5732.83687615
4 1591 3926 5733.58158208
3 1592 3928 5736.98463339
4 1593 3929 5737.59719673
5 1594 3931 5737.80264784
6 1595 3935 5743.21201433
5 1596 3938 5744.29554653
6 1597 3945 5748.81708391
5 1598 3946 5750.58158208
6 1599 3948 5751.87260028
5 1600 3949 5757.59719673
4 1601 3951 5757.59719673
3 1602 3952 5758.29554653
2 1603 3957 5779.58158208
1 1604 3958 5783.59719673
2 1605 3959 5785.95213814
3 1606 3961 5786.95560097
4 1607 3967 5796.56685189
5 1608 3969 5796.93794903
4 1609 3971 5797.95560097
5 1610 3974 5802.89927766
4 1611 3976 5805.95213814
3 1612 3977 5805.95560097
4 1613 3978 5806.1761197
5 1614 3982 5807.03583644
4 1615 3987 5822.56685189
3 1616 3989 5822.95213814
4 1617 3992 5831.86300276
3 1618 3994 5838.1761197
2 1619 3997 5839.56685189
3 1620 3998 5841.71953229
2 1621 4002 5845.86300276
1 1622 4003 5861.71953229
2 1623 4004 5868.91635174
3 1624 4008 5882.66309331
4 1625 4010 5883.68051437
3 1626 4012 5885.91635174
2 1627 4015 5890.66309331
3 1628 4018 5897.58224937
2 1629 4020 5897.68051437
3 1630 4021 5902.67181235
4 1631 4023 5903.16427912
5 1632 4025 5903.49313332
6 1633 4026 5903.59724697
7 1634 4029 5904.6950947
8 1635 4030 5905.90513602
9 1636 4031 5906.45442673
8 1637 4036 5911.58224937
7 1638 4043 5920.16427912
6 1639 4044 5922.58224937
5 1640 4045 5922.58224937
4 1641 4047 5922.67181235
5 1642 4049 5924.235519
6 1643 4050 5925.56823913
7 1644 4053 5932.27986669
6 1645 4058 5937.16427912
5 1646 4062 5939.58224937
4 1647 4065 5939.67181235
5 1648 4068 5942.16081777
6 1649 4073 5946.38675099
7 1650 4074 5948.95112834
6 1651 4075 5954.16427912
5 1652 4079 5956.58224937
4 1653 4082 5959.58224937
5 1654 4084 5960.58761906
4 1655 4085 5962.16427912
5 1656 4087 5965.83415911
6 1657 4090 5966.94918869
5 1658 4092 5968.16081777
6 1659 4093 5975.12916856
5 1660 4097 5976.16427912
6 1661 4098 5979.68304694
5 1662 4100 5982.58224937
6 1663 4103 5985.68163129
7 1664 4106 5993.07330882
6 1665 4107 5993.16427912
7 1666 4111 5997.81718456
6 1667 4115 6000.16081777
7 1668 4116 6006.69103167
6 1669 4119 6007.16427912
7 1670 4121 6008.298967
8 1671 4122 6008.42029099
7 1672 4124 6008.58224937
6 1673 4126 6014.16081777
7 1674 4127 6014.61238682
8 1675 4128 6015.45926651
9 1676 4131 6022.01854746
8 1677 4134 6024.16427912
7 1678 4140 6031.16081777
6 1679 4142 6031.58224937
7 1680 4143 6033.41184119
8 1681 4144 6034.47737108
9 1682 4145 6035.82414416
10 1683 4150 6040.41070047
11 1684 4151 6040.63112482
10 1685 4155 6041.16427912
9 1686 4159 6045.58224937
8 1687 4161 6047.16427912
7 1688 4162 6048.16081777
6 1689 4164 6051.16081777
5 1690 4170 6058.16427912
6 1691 4172 6059.42319309
5 1692 4177 6062.58224937
4 1693 4178 6068.16081777
3 1694 4179 6068.16081777
4 1695 4183 6071.92993736
5 1696 4184 6072.09812678
6 1697 4188 6079.18854212
7 1698 4189 6079.46490839
8 1699 4190 6080.65907757
7 1700 4192 6082.58224937
6 1701 4196 6090.16427912
7 1702 4197 6091.53567055
8 1703 4198 6092.34297254
7 1704 4200 6096.58224937
8 1705 4205 6106.15907558
9 1706 4206 6109.42052463
8 1707 4207 6110.16427912
9 1708 4209 6113.02248196
8 1709 4210 6113.58224937
9 1710 4212 6115.13455928
10 1711 4213 6117.77415982
9 1712 4222 6127.58224937
10 1713 4223 6128.35827144
11 1714 4224 6129.85901914
10 1715 4225 6130.16427912
9 1716 4235 6138.16427912
10 1717 4238 6140.83467346
9 1718 4239 6141.16427912
8 1719 4243 6144.16427912
7 1720 4246 6147.24677324
6 1721 4247 6150.16427912
7 1722 4250 6150.52265494
6 1723 4254 6156.58224937
7 1724 4258 6157.49538832
6 1725 4260 6158.16427912
5 1726 4261 6161.24677324
6 1727 4267 6165.18208406
5 1728 4270 6167.24677324
4 1729 4272 6173.58224937
5 1730 4273 6173.88374716
4 1731 4274 6175.16427912
3 1732 4276 6175.24677324
4 1733 4279 6186.82627533
5 1734 4283 6194.63198159
4 1735 4285 6195.16427912
3 1736 4286 6196.58224937
4 1737 4289 6202.20793659
3 1738 4293 6206.82627533
2 1739 4294 6209.16427912
3 1740 4295 6212.78566823
2 1741 4299 6225.20793659
3 1742 4300 6228.32837579
2 1743 4304 6232.78566823
1 1744 4307 6245.32837579
2 1745 4308 6267.72166997
3 1746 4310 6267.78271772
4 1747 4312 6271.70573549
5 1748 4318 6278.48750506
4 1749 4319 6278.78271772
5 1750 4321 6278.83757602
6 1751 4322 6285.1201988
5 1752 4327 6291.70573549
6 1753 4329 6291.82953096
5 1754 4330 6293.72166997
4 1755 4335 6295.78271772
5 1756 4336 6298.98342599
6 1757 4338 6299.28682594
7 1758 4342 6300.03758707
6 1759 4346 6305.70573549
7 1760 4347 6306.31294778
6 1761 4348 6306.78271772
7 1762 4350 6310.90865988
6 1763 4351 6312.78271772
7 1764 4356 6317.16877346
6 1765 4359 6319.72166997
7 1766 4360 6321.65630238
6 1767 4362 6325.70573549
5 1768 4365 6328.70573549
6 1769 4371 6333.35003611
5 1770 4373 6336.70573549
4 1771 4374 6336.72166997
3 1772 4375 6339.72166997
4 1773 4378 6341.88126023
3 1774 4382 6344.70573549
2 1775 4383 6344.78271772
3 1776 4384 6349.79728947
2 1777 4386 6349.88126023
3 1778 4387 6352.10246782
4 1779 4391 6360.26614811
3 1780 4395 6363.79728947
4 1781 4396 6363.89333757
5 1782 4400 6365.17683736
6 1783 4402 6365.60481544
7 1784 4403 6365.71219706
8 1785 4404 6367.38111466
7 1786 4407 6372.10246782
6 1787 4413 6377.26614811
7 1788 4415 6378.40600581
6 1789 4419 6383.10246782
5 1790 4420 6383.89333757
4 1791 4422 6385.17683736
5 1792 4423 6386.02654129
4 1793 4431 6394.26614811
5 1794 4432 6395.93755014
4 1795 4434 6397.02654129
5 1796 4436 6397.79579958
4 1797 4442 6403.10246782
3 1798 4443 6403.89333757
2 1799 4444 6409.93755014
3 1800 4445 6410.28441145
2 1801 4447 6412.10246782
1 1802 4450 6418.28441145
2 1803 4451 6437.04724381
3 1804 4453 6441.13422477
2 1805 4459 6451.04724381
1 1806 4460 6452.13422477
2 1807 4461 6455.11979098
3 1808 4463 6465.08657767
2 1809 4469 6478.11979098
1 1810 4470 6479.08657767
2 1811 4471 6493.00554225
3 1812 4473 6497.8687349
2 1813 4477 6504.00554225
3 1814 4480 6511.54906067
2 1815 4482 6514.8687349
3 1816 4483 6518.1055261
4 1817 4485 6519.30135615
5 1818 4487 6521.58152642
6 1819 4490 6522.67453634
5 1820 4500 6532.58152642
4 1821 4501 6534.54906067
3 1822 4502 6535.58152642
4 1823 4503 6535.84761736
5 1824 4505 6536.2897211
6 1825 4507 6537.97608378
5 1826 4509 6539.30135615
4 1827 4510 6544.1055261
5 1828 4515 6551.90144978
4 1829 4520 6555.84761736
3 1830 4521 6556.30135615
2 1831 4524 6565.2897211
1 1832 4525 6571.90144978
2 1833 4527 6573.93727646
3 1834 4530 6575.46454386
2 1835 4536 6586.46454386
3 1836 4537 6589.4138324
2 1837 4539 6590.93727646
3 1838 4541 6593.52085555
4 1839 4542 6594.63144517
5 1840 4546 6596.75612321
6 1841 4551 6599.81377266
7 1842 4552 6603.06619595
6 1843 4553 6603.4138324
5 1844 4557 6604.52085555
6 1845 4560 6607.59331126
5 1846 4565 6611.4138324
6 1847 4569 6612.24804769
5 1848 4570 6616.75612321
4 1849 4572 6617.63144517
3 1850 4573 6618.59331126
2 1851 4574 6620.63144517
3 1852 4577 6624.85183346
2 1853 4580 6627.75612321
3 1854 4581 6628.2359383
4 1855 4585 6638.93294344
5 1856 4587 6639.34227633
6 1857 4588 6639.88204166
5 1858 4594 6645.2359383
4 1859 4595 6647.85183346
3 1860 4599 6652.85183346
2 1861 4600 6652.93294344
3 1862 4603 6655.32762789
2 1863 4605 6659.2359383
3 1864 4606 6669.30426974
2 1865 4612 6678.32762789
1 1866 4613 6683.30426974
2 1867 4614 6706.39379876
3 1868 4616 6715.06378029
4 1869 4618 6715.90305163
3 1870 4622 6723.39379876
4 1871 4625 6726.53174155
5 1872 4627 6727.73080288
6 1873 4629 6728.1994675
7 1874 4635 6732.48638723
6 1875 4636 6732.90305163
5 1876 4638 6735.06378029
6 1877 4639 6735.55251163
5 1878 4641 6737.53174155
4 1879 4643 6738.90305163
3 1880 4648 6746.90305163
4 1881 4651 6748.072811
5 1882 4653 6750.2514106
4 1883 4654 6752.06378029
3 1884 4656 6754.53174155
4 1885 4657 6754.57625539
5 1886 4659 6757.97305517
4 1887 4666 6771.072811
3 1888 4668 6774.57625539
2 1889 4669 6775.06378029
1 1890 4672 6785.072811
2 1891 4673 6795.57343905
3 1892 4675 6801.5667804
4 1893 4679 6803.89672672
5 1894 4685 6811.25900089
4 1895 4686 6815.57343905
3 1896 4688 6817.89672672
2 1897 4691 6821.5667804
1 1898 4692 6826.57343905
2 1899 4693 6837.75222646
3 1900 4695 6846.95176677
4 1901 4697 6849.31543671
5 1902 4701 6851.37342156
4 1903 4702 6857.75222646
3 1904 4708 6863.95176677
4 1905 4711 6868.47906765
3 1906 4713 6871.75222646
2 1907 4714 6872.31543671
3 1908 4717 6876.98721945
4 1909 4719 6881.18261005
5 1910 4725 6885.18434021
4 1911 4726 6885.47906765
3 1912 4730 6890.98721945
2 1913 4731 6892.18261005
1 1914 4732 6899.47906765
2 1915 4733 6903.64959925
3 1916 4736 6903.65737558
4 1917 4740 6908.24373808
3 1918 4744 6914.64959925
2 1919 4745 6917.64959925
3 1920 4746 6918.61043905
2 1921 4748 6922.24373808
1 1922 4751 6929.61043905
2 1923 4752 6951.05762878
3 1924 4756 6955.51961999
2 1925 4760 6962.05762878
1 1926 4761 6969.51961999
2 1927 4762 6980.18369639
3 1928 4764 6986.12746369
4 1929 4770 6988.21825365
5 1930 4773 6990.63168002
4 1931 4777 6994.12746369
3 1932 4778 6994.18369639
4 1933 4779 6997.66649794
3 1934 4781 6999.21825365
4 1935 4782 7001.50856351
3 1936 4784 7002.21825365
4 1937 4789 7015.66299774
3 1938 4791 7017.66649794
4 1939 4794 7022.67414482
3 1940 4796 7026.66299774
2 1941 4799 7027.50856351
3 1942 4800 7029.16285303
2 1943 4802 7030.67414482
1 1944 4806 7049.16285303
2 1945 4807 7050.25327909
3 1946 4809 7051.88348669
4 1947 4815 7066.9458965
5 1948 4817 7068.63918046
6 1949 4819 7071.69884578
5 1950 4820 7074.88348669
6 1951 4824 7077.64004828
5 1952 4827 7079.25327909
4 1953 4829 7083.9458965
5 1954 4830 7084.08545358
4 1955 4834 7088.63918046
3 1956 4835 7088.88348669
4 1957 4836 7089.930294
5 1958 4840 7092.40705782
4 1959 4848 7100.930294
3 1960 4850 7104.08545358
2 1961 4851 7108.25327909
1 1962 4852 7109.40705782
2 1963 4853 7112.86398153
3 1964 4857 7119.68754411
4 1965 4859 7119.90726475
5 1966 4861 7121.66936221
4 1967 4867 7126.86398153
5 1968 4868 7130.95845797
4 1969 4870 7132.66936221
3 1970 4871 7133.90726475
4 1971 4874 7142.79682062
5 1972 4878 7146.02022816
4 1973 4880 7148.68754411
5 1974 4881 7152.1482596
6 1975 4883 7152.39703433
5 1976 4889 7156.79682062
4 1977 4890 7156.95845797
3 1978 4891 7157.02022816
4 1979 4892 7158.69910552
5 1980 4898 7166.90311673
6 1981 4902 7168.7665212
5 1982 4904 7169.1482596
4 1983 4909 7175.39703433
5 1984 4910 7175.62028829
6 1985 4912 7178.3527829
5 1986 4914 7178.69910552
4 1987 4915 7179.7665212
3 1988 4918 7183.90311673
4 1989 4921 7191.33390084
3 1990 4925 7198.3527829
2 1991 4926 7198.62028829
3 1992 4927 7198.85098275
2 1993 4929 7208.33390084
3 1994 4932 7215.15480698
4 1995 4934 7218.54287368
3 1996 4938 7221.85098275
4 1997 4941 7229.09444959
3 1998 4943 7229.15480698
2 1999 4947 7232.54287368
1 2000 4950 7236.92083088
0 2001 4951 7240.09444959
0 2002 4951 7240.09444959
