#data counter step time
0 1 0 0.0
1 2 1 0.0
2 3 12 2.58331042515
3 4 14 3.81866956338
2 5 20 17.8186695634
1 6 21 25.5833104251
2 7 22 38.8450414572
3 8 24 50.5860032108
4 9 26 53.2791153194
3 10 32 64.8450414572
2 11 35 73.5860032108
3 12 36 74.4352829505
4 13 38 76.4854780788
5 14 42 81.704081776
6 15 44 82.121163044
5 16 46 82.2791153194
6 17 49 85.0255268868
5 18 55 90.4854780788
4 19 56 91.4352829505
3 20 59 93.0255268868
2 21 60 98.704081776
1 22 61 99.121163044
2 23 62 105.444616898
3 24 64 106.503620843
4 25 67 108.099045458
5 26 70 110.56297558
4 27 72 116.444616898
5 28 77 118.344416808
6 29 81 125.512503026
7 30 84 127.616842304
6 31 85 128.099045458
7 32 88 128.744364294
8 33 90 130.351266993
7 34 91 130.56297558
6 35 98 136.512503026
5 36 101 138.344416808
4 37 102 138.503620843
3 38 103 139.744364294
2 39 104 142.512503026
1 40 105 144.56297558
2 41 106 156.595206769
3 42 108 161.665219493
4 43 110 162.324648955
5 44 115 165.588954334
4 45 119 170.595206769
3 46 120 173.324648955
2 47 121 173.324648955
3 48 124 177.025987683
4 49 126 177.853438207
5 50 132 184.176615763
4 51 134 184.665219493
3 52 135 185.853438207
4 53 136 186.990895782
3 54 140 191.025987683
4 55 143 191.315996113
3 56 145 194.990895782
4 57 148 200.184739813
3 58 150 201.176615763
2 59 151 202.315996113
3 60 152 211.221361247
4 61 156 214.117908406
5 62 158 215.905638327
6 63 160 216.501731503
5 64 164 220.184739813
4 65 169 224.501731503
5 66 170 224.930786708
4 67 174 228.221361247
5 68 175 228.432244159
4 69 181 232.905638327
3 70 182 237.117908406
2 71 183 241.930786708
3 72 184 243.506671022
2 73 186 245.432244159
3 74 187 246.970557388
4 75 193 259.745216599
3 76 195 260.506671022
2 77 196 263.970557388
1 78 199 273.745216599
2 79 200 275.197047771
3 80 203 279.0505779
4 81 204 279.560155441
3 82 211 289.197047771
2 83 212 292.197047771
1 84 213 293.560155441
2 85 214 293.641267151
3 86 216 295.891825065
4 87 218 297.208204805
3 88 226 303.891825065
2 89 227 304.641267151
1 90 228 314.208204805
2 91 229 333.437351221
3 92 233 340.368760253
2 93 235 344.437351221
1 94 238 360.368760253
2 95 239 361.184261792
1 96 243 384.184261792
2 97 244 388.325295724
3 98 246 392.279092787
4 99 250 397.332078328
5 100 252 397.517091818
4 101 256 399.325295724
3 102 257 403.279092787
4 103 261 407.03354003
3 104 262 408.332078328
2 105 267 417.517091818
1 106 268 418.03354003
2 107 269 445.314653494
3 108 271 450.287356895
4 109 275 458.932129209
3 110 279 462.314653494
2 111 282 463.932129209
1 112 283 467.287356895
2 113 284 468.156364379
1 114 288 482.156364379
2 115 289 489.966747678
3 116 291 499.373555433
2 117 297 506.966747678
1 118 298 516.373555433
2 119 299 534.499249018
3 120 301 535.61594674
4 121 303 537.521942296
5 122 306 539.758363379
4 123 311 546.61594674
5 124 315 550.779575598
4 125 317 551.499249018
3 126 318 551.521942296
2 127 321 557.521942296
3 128 322 566.108364778
4 129 324 569.539869275
3 130 326 570.779575598
4 131 327 571.891304027
5 132 331 579.455247408
6 133 335 579.861601128
7 134 337 580.173408593
8 135 338 582.100234661
7 136 342 582.891304027
6 137 344 583.539869275
5 138 345 586.108364778
6 139 350 587.283715884
7 140 355 592.225425086
6 141 358 593.891304027
5 142 362 597.539869275
6 143 363 598.799815232
7 144 365 599.076771758
6 145 367 599.455247408
5 146 368 599.861601128
4 147 369 601.283715884
3 148 372 604.283715884
4 149 373 604.953484603
5 150 375 611.923959702
4 151 377 613.076771758
3 152 384 618.799815232
4 153 385 619.585160982
5 154 387 622.822267894
4 155 389 622.923959702
3 156 390 627.953484603
4 157 391 634.259904547
5 158 397 637.579426634
4 159 399 639.585160982
5 160 402 643.107951336
4 161 406 648.822267894
3 162 409 651.259904547
4 163 410 651.421776594
3 164 412 654.579426634
4 165 414 656.716867185
3 166 418 662.421776594
4 167 419 663.029702391
3 168 421 663.107951336
4 169 422 664.857870909
3 170 424 668.421776594
4 171 425 669.988203693
5 172 433 679.889635012
4 173 437 683.029702391
3 174 438 684.857870909
4 175 439 689.596756418
3 176 441 689.988203693
2 177 442 693.889635012
1 178 445 706.596756418
2 179 446 708.282074601
3 180 448 713.053300996
4 181 450 717.215017762
5 182 454 718.505026871
4 183 458 722.282074601
5 184 459 723.669224689
6 185 461 724.951116497
5 186 463 727.053300996
6 187 470 733.750086385
5 188 474 738.505026871
4 189 475 740.215017762
3 190 476 741.951116497
2 191 477 743.669224689
1 192 482 750.750086385
2 193 483 760.021651273
3 194 487 775.936940252
4 195 489 778.886254884
3 196 493 786.021651273
4 197 496 789.789251076
3 198 498 789.936940252
4 199 499 790.88635018
3 200 501 792.886254884
4 201 504 796.557192217
3 202 506 798.88635018
4 203 510 801.05491507
3 204 514 809.789251076
2 205 515 813.557192217
1 206 516 815.789251076
2 207 518 816.722248007
3 208 520 820.628086532
4 209 526 826.942600239
3 210 528 827.722248007
2 211 529 828.628086532
3 212 533 841.132153516
4 213 535 843.275820295
5 214 537 843.317081672
6 215 538 844.699310425
7 216 539 845.03291971
6 217 542 846.942600239
7 218 543 848.109875649
8 219 547 848.280115072
7 220 555 852.132153516
8 221 556 855.650238764
7 222 559 857.942600239
6 223 560 860.132153516
5 224 562 860.275820295
6 225 564 860.838131732
5 226 565 860.942600239
4 227 566 860.942600239
5 228 574 867.418129015
6 229 575 869.910454514
5 230 576 871.132153516
4 231 579 874.275820295
3 232 580 874.942600239
4 233 585 884.97362705
3 234 587 888.132153516
4 235 589 888.685405422
3 236 591 891.275820295
2 237 596 898.97362705
3 238 598 903.06489985
2 239 600 908.275820295
3 240 602 913.326083447
4 241 603 914.925620565
5 242 606 918.756831895
6 243 607 923.694989121
7 244 608 926.711532904
6 245 609 928.275820295
5 246 613 939.275820295
6 247 615 939.541394049
7 248 618 942.84969295
6 249 620 944.275820295
7 250 622 946.201949978
8 251 626 950.489380826
9 252 627 950.786450091
8 253 630 952.275820295
7 254 631 955.275820295
8 255 639 967.822425218
9 256 640 968.122484571
10 257 642 968.791996828
11 258 643 971.09045957
10 259 644 975.275820295
11 260 649 980.549356989
10 261 651 981.275820295
9 262 652 984.669224689
8 263 656 990.669224689
7 264 657 990.669224689
6 265 661 998.669224689
7 266 662 1002.7796178
8 267 663 1003.72867993
7 268 664 1004.27582029
8 269 670 1014.52635815
7 270 672 1015.66922469
6 271 676 1024.27582029
7 272 677 1026.75784063
8 273 678 1026.92852503
7 274 680 1029.66922469
8 275 685 1036.3608469
7 276 687 1038.27582029
6 277 689 1040.66922469
7 278 693 1044.0916546
8 279 700 1053.24913277
7 280 701 1054.66922469
6 281 703 1055.27582029
5 282 705 1057.66922469
6 283 706 1057.67738643
7 284 707 1060.92219547
6 285 715 1067.78925108
7 286 716 1069.68425931
8 287 717 1069.77569652
7 288 720 1071.66922469
6 289 721 1073.78925108
5 290 724 1075.27582029
6 291 725 1081.0053354
7 292 729 1083.05852452
8 293 730 1083.5479826
9 294 731 1083.7785471
8 295 736 1088.66922469
9 296 737 1088.89888562
10 297 738 1089.64461984
9 298 740 1092.27582029
10 299 741 1092.33284485
9 300 742 1093.78925108
8 301 744 1094.66922469
9 302 748 1101.69842823
8 303 752 1106.27582029
9 304 753 1106.57766666
10 305 756 1109.20987676
11 306 757 1111.45617507
10 307 760 1114.66922469
11 308 762 1116.64863621
10 309 764 1116.78925108
9 310 771 1125.66922469
8 311 772 1125.66922469
7 312 776 1128.66922469
6 313 778 1132.27582029
7 314 780 1132.53654775
6 315 788 1139.66922469
5 316 792 1143.27582029
4 317 793 1144.13215352
3 318 794 1145.78925108
2 319 795 1146.27582029
3 320 799 1153.74029218
4 321 801 1156.33398424
3 322 806 1159.66922469
2 323 809 1164.74029218
3 324 810 1169.75916584
2 325 812 1170.33398424
3 326 816 1190.20809018
2 327 818 1195.75916584
3 328 819 1198.07783298
4 329 823 1203.32503795
3 330 825 1207.20809018
4 331 830 1219.88309048
3 332 832 1221.07783298
4 333 833 1222.28966288
3 334 835 1229.32503795
4 335 836 1229.34564559
3 336 844 1236.88309048
2 337 845 1239.28966288
1 338 846 1240.34564559
2 339 847 1258.19835278
3 340 851 1261.64575376
4 341 854 1262.82595623
5 342 856 1266.90828072
4 343 857 1269.19835278
5 344 858 1271.9243738
6 345 860 1275.06489103
7 346 862 1277.25635718
6 347 870 1281.64575376
5 348 875 1284.64575376
4 349 876 1286.06489103
5 350 877 1287.09057009
4 351 879 1287.64575376
5 352 880 1287.82785834
4 353 884 1288.9243738
5 354 886 1290.85398094
4 355 890 1291.25635718
5 356 891 1292.0177575
4 357 895 1295.09057009
3 358 896 1298.09057009
2 359 897 1300.0177575
1 360 898 1301.82785834
2 361 899 1305.39454908
3 362 902 1310.41364982
2 363 906 1319.39454908
1 364 908 1325.39454908
2 365 910 1329.49393874
3 366 914 1336.99410773
4 367 916 1337.54553093
3 368 922 1349.49393874
4 369 923 1350.58321121
5 370 925 1350.78371817
4 371 927 1354.54553093
5 372 928 1355.72422917
6 373 929 1357.11523183
5 374 933 1359.99410773
4 375 939 1364.58321121
3 376 942 1367.99410773
2 377 943 1374.54553093
1 378 944 1375.58321121
2 379 945 1376.35895667
3 380 947 1377.47270966
2 381 953 1397.47270966
1 382 954 1402.35895667
2 383 955 1411.10311057
1 384 959 1419.10311057
2 385 960 1429.74145104
3 386 962 1431.55827981
2 387 968 1440.74145104
3 388 969 1444.91295026
2 389 971 1445.55827981
1 390 974 1467.91295026
2 391 975 1470.73608134
1 392 979 1478.73608134
2 393 980 1483.44540331
3 394 983 1487.2111491
4 395 984 1490.25559629
5 396 991 1493.46856267
4 397 993 1495.25559629
5 398 994 1496.86453232
4 399 996 1500.44540331
3 400 997 1500.44540331
4 401 1002 1505.94202797
5 402 1004 1506.14537265
4 403 1006 1507.86453232
5 404 1007 1509.89675911
4 405 1009 1510.46856267
5 406 1016 1521.0272379
4 407 1018 1521.86453232
5 408 1019 1524.18362226
6 409 1020 1525.33488634
5 410 1023 1525.94202797
6 411 1026 1529.42167677
5 412 1028 1530.46856267
6 413 1029 1535.83949895
7 414 1033 1536.45076108
8 415 1036 1540.94511796
7 416 1038 1541.86453232
6 417 1043 1545.94202797
7 418 1046 1546.87662237
6 419 1048 1547.46856267
5 420 1051 1548.94202797
6 421 1052 1552.81347459
5 422 1054 1552.86453232
4 423 1055 1553.27582029
5 424 1056 1553.67326094
6 425 1058 1554.59866419
7 426 1060 1556.08891269
6 427 1066 1560.87662237
7 428 1073 1565.04217389
6 429 1074 1570.67326094
5 430 1076 1572.81347459
4 431 1079 1574.39454908
3 432 1080 1574.59866419
4 433 1083 1579.26636202
3 434 1087 1584.67326094
2 435 1088 1586.87662237
3 436 1089 1587.28669603
2 437 1091 1590.26636202
1 438 1094 1601.28669603
2 439 1095 1607.1549766
3 440 1099 1617.38411519
2 441 1101 1621.1549766
3 442 1102 1627.87034373
4 443 1104 1629.70785563
5 444 1110 1632.73474227
6 445 1112 1635.93118859
5 446 1114 1637.38411519
4 447 1115 1638.87034373
5 448 1120 1644.26051151
4 449 1126 1649.73474227
3 450 1127 1649.93118859
4 451 1128 1654.2139412
3 452 1130 1655.26051151
4 453 1132 1657.71840467
3 454 1133 1658.70785563
4 455 1134 1660.76072854
3 456 1141 1668.76072854
2 457 1142 1671.2139412
1 458 1144 1680.2139412
2 459 1146 1707.40504531
3 460 1148 1707.94792392
4 461 1151 1708.68233058
3 462 1157 1718.40504531
2 463 1158 1721.94792392
3 464 1159 1723.27823723
2 465 1161 1724.40504531
3 466 1162 1725.17639411
4 467 1164 1729.56105886
5 468 1170 1738.5452272
6 469 1174 1740.12128742
5 470 1175 1743.56105886
4 471 1179 1745.17639411
3 472 1180 1746.27823723
2 473 1184 1748.56105886
1 474 1185 1755.5452272
2 475 1186 1763.50897355
3 476 1191 1772.28794795
4 477 1195 1776.54773704
5 478 1197 1779.9982506
4 479 1198 1780.50897355
3 480 1202 1787.54773704
4 481 1205 1791.78574028
3 482 1207 1792.28794795
4 483 1208 1796.36010844
3 484 1210 1800.50897355
4 485 1211 1802.49035225
5 486 1215 1804.504705
6 487 1216 1805.62893997
7 488 1217 1807.49548784
8 489 1220 1813.80115973
7 490 1223 1814.78574028
8 491 1227 1815.56360156
7 492 1229 1816.36010844
8 493 1231 1819.14539489
7 494 1240 1825.49035225
6 495 1241 1825.78574028
7 496 1242 1826.75719088
6 497 1244 1828.78574028
5 498 1247 1831.78574028
4 499 1250 1834.78574028
5 500 1251 1835.72825905
4 501 1252 1836.36010844
3 502 1254 1839.49035225
4 503 1256 1841.94116562
3 504 1259 1849.75719088
2 505 1261 1850.36010844
3 506 1262 1852.85213421
4 507 1264 1853.39340962
5 508 1267 1856.75735521
6 509 1269 1858.55351094
7 510 1270 1860.58184488
8 511 1272 1861.23170864
7 512 1277 1866.75719088
8 513 1278 1867.78019278
9 514 1279 1874.51652829
8 515 1280 1875.85213421
7 516 1284 1878.85213421
8 517 1285 1879.03996623
7 518 1290 1880.75719088
6 519 1291 1886.85213421
7 520 1293 1890.02423075
6 521 1300 1900.75719088
5 522 1301 1900.85213421
4 523 1305 1906.75719088
5 524 1308 1911.46390052
4 525 1311 1914.85213421
3 526 1317 1923.75719088
4 527 1318 1925.44298337
3 528 1320 1927.2139412
2 529 1321 1934.85213421
3 530 1322 1934.90136574
4 531 1326 1941.91389826
3 532 1330 1945.44298337
4 533 1333 1954.2218987
3 534 1335 1957.90136574
2 535 1336 1958.91389826
3 536 1339 1964.24276571
2 537 1341 1965.2218987
3 538 1344 1969.01497168
2 539 1346 1975.24276571
3 540 1347 1976.40502024
4 541 1350 1977.50508789
3 542 1357 1990.40502024
4 543 1358 1992.38531346
3 544 1360 1993.40502024
4 545 1361 1994.79475302
3 546 1363 1995.01497168
4 547 1368 2002.26430726
3 548 1370 2006.38531346
2 549 1371 2008.79475302
1 550 1374 2019.26430726
2 551 1375 2022.32183112
1 552 1379 2033.32183112
2 553 1380 2038.23480155
3 554 1384 2049.54910666
2 555 1386 2052.23480155
3 556 1387 2058.92239285
4 557 1389 2061.21374644
5 558 1391 2061.88272384
6 559 1393 2062.41411609
7 560 1396 2067.19340292
6 561 1399 2069.54910666
7 562 1401 2070.35862228
6 563 1409 2075.92239285
5 564 1410 2078.21374644
4 565 1411 2078.88272384
3 566 1414 2084.49035225
2 567 1419 2089.54910666
1 568 1420 2095.92239285
2 569 1422 2098.59105028
3 570 1425 2102.26719954
4 571 1429 2105.54117593
3 572 1433 2112.59105028
4 573 1435 2113.87136259
3 574 1437 2116.26719954
4 575 1438 2117.27833692
5 576 1443 2120.24092852
6 577 1446 2121.97443904
7 578 1447 2126.6904307
8 579 1450 2128.23234186
7 580 1452 2128.54117593
8 581 1453 2128.86159753
7 582 1456 2130.87136259
6 583 1458 2131.27833692
7 584 1459 2135.60719791
6 585 1467 2147.87136259
5 586 1469 2148.27833692
4 587 1471 2148.54117593
3 588 1472 2156.87136259
2 589 1477 2162.54117593
1 590 1478 2165.27833692
2 591 1479 2165.62937113
3 592 1483 2173.57972216
2 593 1485 2176.62937113
3 594 1486 2180.41735716
4 595 1492 2190.20650004
3 596 1494 2190.57972216
2 597 1495 2191.41735716
1 598 1498 2204.20650004
2 599 1499 2212.46251456
3 600 1503 2216.69062664
4 601 1505 2218.41024916
5 602 1509 2224.24434696
6 603 1510 2224.49540551
7 604 1511 2225.41949932
6 605 1513 2226.46251456
7 606 1514 2228.18447555
6 607 1520 2234.46251456
5 608 1522 2236.69062664
4 609 1523 2238.41024916
5 610 1527 2244.81626858
4 611 1528 2245.46251456
3 612 1536 2253.69062664
2 613 1537 2256.46251456
3 614 1538 2257.15137616
2 615 1540 2261.41024916
3 616 1541 2263.05420449
4 617 1545 2275.53505531
3 618 1549 2277.15137616
2 619 1552 2286.05420449
1 620 1553 2286.53505531
2 621 1554 2297.29053408
3 622 1556 2300.94460365
4 623 1558 2303.68776349
5 624 1564 2310.44807837
6 625 1567 2314.58559895
5 626 1569 2317.68776349
4 627 1570 2317.94460365
5 628 1572 2319.26342033
4 629 1574 2320.29053408
3 630 1578 2325.68776349
4 631 1580 2327.47113111
3 632 1587 2337.29053408
2 633 1588 2337.29053408
1 634 1589 2337.94460365
2 635 1590 2350.8873223
1 636 1594 2361.8873223
2 637 1595 2366.66355765
3 638 1599 2372.56680111
4 639 1601 2374.73295584
3 640 1603 2380.66355765
2 641 1608 2385.73295584
1 642 1609 2389.56680111
2 643 1610 2390.32637159
3 644 1612 2394.36857166
4 645 1618 2401.12199934
5 646 1620 2402.28020769
6 647 1622 2403.12597557
5 648 1624 2404.32637159
6 649 1626 2404.34452131
5 650 1627 2408.36857166
4 651 1633 2417.12597557
5 652 1634 2418.32098031
4 653 1638 2424.12199934
3 654 1639 2424.12199934
2 655 1642 2428.28020769
3 656 1643 2437.07068641
2 657 1645 2438.32098031
3 658 1647 2440.42448837
2 659 1651 2445.07068641
3 660 1655 2451.9960857
2 661 1659 2454.42448837
3 662 1660 2461.01305759
2 663 1662 2462.9960857
3 664 1665 2468.72964629
4 665 1669 2473.14455592
5 666 1671 2473.71710587
4 667 1673 2473.72964629
3 668 1674 2475.01305759
4 669 1675 2479.68769916
3 670 1683 2490.68769916
2 671 1684 2490.71710587
1 672 1685 2493.14455592
2 673 1686 2497.17186867
3 674 1688 2503.02724561
4 675 1692 2505.88755925
5 676 1694 2506.48518411
4 677 1696 2508.02724561
5 678 1697 2508.24117841
4 679 1707 2516.88755925
3 680 1708 2519.24117841
2 681 1709 2520.17186867
1 682 1710 2520.48518411
2 683 1711 2533.05910302
3 684 1713 2534.55372071
4 685 1717 2539.31592801
5 686 1722 2542.26023956
4 687 1723 2545.55372071
3 688 1724 2550.05910302
4 689 1725 2550.77170319
3 690 1730 2559.31592801
4 691 1731 2561.49379933
3 692 1735 2568.31592801
4 693 1738 2571.84453662
3 694 1740 2575.49379933
4 695 1741 2575.963517
3 696 1743 2576.77170319
4 697 1744 2579.24606489
3 698 1750 2591.84453662
2 699 1753 2592.963517
3 700 1754 2594.24276936
2 701 1758 2602.24606489
3 702 1759 2603.08718251
2 703 1761 2605.24276936
3 704 1762 2608.20059782
4 705 1764 2608.29177734
5 706 1766 2609.5822831
6 707 1774 2615.15886955
5 708 1775 2617.08718251
6 709 1777 2618.03272021
5 710 1781 2619.29177734
6 711 1782 2619.70667842
5 712 1787 2625.20059782
4 713 1789 2626.5822831
5 714 1790 2626.93082433
6 715 1793 2629.42502416
7 716 1794 2630.39803841
6 717 1797 2633.29177734
5 718 1799 2634.08718251
4 719 1803 2639.20059782
3 720 1804 2639.20059782
2 721 1806 2640.93082433
3 722 1808 2643.37022945
4 723 1809 2647.32835634
5 724 1815 2652.64450183
4 725 1819 2656.29177734
5 726 1820 2657.78317399
4 727 1822 2658.32835634
3 728 1823 2659.29177734
4 729 1826 2662.33804259
3 730 1829 2666.64450183
4 731 1833 2675.05957763
5 732 1835 2675.21005529
6 733 1837 2677.29082643
5 734 1839 2678.32835634
4 735 1844 2681.32835634
3 736 1847 2685.29082643
2 737 1848 2689.05957763
1 738 1849 2692.21005529
2 739 1850 2692.29115071
3 740 1852 2700.3784539
4 741 1854 2704.29731997
3 742 1860 2709.29115071
4 743 1863 2716.40278504
3 744 1865 2717.3784539
2 745 1866 2721.29731997
3 746 1867 2722.71184291
4 747 1871 2727.98132638
3 748 1873 2730.40278504
4 749 1874 2731.52275217
5 750 1879 2732.76839761
6 751 1883 2736.61301305
5 752 1887 2739.52275217
6 753 1888 2741.03657113
5 754 1890 2741.98132638
4 755 1893 2742.71184291
5 756 1894 2743.42124247
4 757 1898 2744.98132638
5 758 1899 2745.15245653
6 759 1901 2745.54679416
5 760 1902 2746.03657113
4 761 1906 2750.61301305
5 762 1909 2752.60709036
4 763 1913 2756.15245653
3 764 1916 2760.03657113
4 765 1917 2762.16684832
5 766 1919 2763.35847599
4 767 1921 2763.42124247
3 768 1922 2766.03657113
4 769 1925 2767.57630306
5 770 1930 2772.08148126
6 771 1931 2776.15578113
7 772 1934 2781.89286523
6 773 1936 2782.16684832
5 774 1938 2783.42124247
6 775 1941 2785.51122979
7 776 1942 2787.74038864
6 777 1944 2791.42124247
5 778 1945 2793.57630306
6 779 1949 2797.09890024
7 780 1950 2798.03944037
8 781 1951 2799.83066314
7 782 1953 2802.16684832
8 783 1960 2810.39119077
7 784 1961 2810.57630306
6 785 1963 2813.16684832
5 786 1968 2817.42124247
4 787 1972 2821.16684832
3 788 1975 2827.57630306
2 789 1978 2838.16684832
3 790 1979 2841.352069
2 791 1981 2843.42124247
3 792 1984 2847.06881948
2 793 1986 2852.352069
3 794 1989 2855.59088744
4 795 1991 2857.60757637
3 796 1993 2858.06881948
4 797 1994 2862.14970437
5 798 2003 2869.00745539
4 799 2005 2870.14970437
3 800 2006 2872.59088744
2 801 2007 2874.60757637
3 802 2010 2886.53505149
2 803 2012 2889.00745539
3 804 2013 2892.20083959
4 805 2016 2892.53489605
5 806 2017 2896.36558445
6 807 2026 2906.53940476
5 808 2028 2909.20083959
4 809 2030 2909.53505149
3 810 2031 2909.53505149
4 811 2035 2911.45811807
3 812 2037 2916.36558445
2 813 2038 2920.53940476
3 814 2043 2941.24291483
2 815 2045 2945.36558445
3 816 2048 2953.17441207
4 817 2050 2953.33171211
3 818 2052 2955.24291483
2 819 2057 2963.24291483
1 820 2058 2967.17441207
2 821 2059 2985.99937796
3 822 2062 2996.01951585
4 823 2064 2996.72218822
5 824 2068 2999.88698399
6 825 2069 3002.4972677
7 826 2070 3003.13527978
6 827 2072 3005.99937796
7 828 2075 3009.58287892
6 829 2079 3016.01951585
7 830 2080 3017.31525783
6 831 2084 3019.72218822
5 832 2090 3027.01951585
4 833 2091 3031.99937796
3 834 2095 3036.72218822
4 835 2098 3047.01684224
3 836 2100 3048.99937796
2 837 2101 3050.01951585
3 838 2102 3050.08537381
4 839 2106 3057.43239202
3 840 2108 3058.01684224
4 841 2109 3059.03493262
5 842 2111 3062.11292188
6 843 2116 3069.39113602
7 844 2119 3071.46533134
6 845 2120 3073.08537381
5 846 2123 3076.03493262
4 847 2129 3081.08537381
5 848 2130 3082.10602931
4 849 2132 3083.43239202
5 850 2133 3084.72328906
4 851 2137 3090.03493262
3 852 2140 3101.08537381
4 853 2144 3103.30863802
3 854 2146 3106.43239202
2 855 2150 3116.03493262
1 856 2151 3120.43239202
2 857 2152 3127.58247085
3 858 2154 3129.02784548
4 859 2156 3131.58095816
5 860 2157 3136.73168936
4 861 2164 3141.58247085
5 862 2166 3141.78253957
6 863 2169 3146.52327585
5 864 2170 3149.02784548
4 865 2180 3158.20083959
5 866 2181 3159.39984287
4 867 2183 3161.53505149
3 868 2184 3161.58247085
2 869 2185 3163.02784548
3 870 2188 3165.4419287
4 871 2190 3166.13856657
5 872 2192 3175.16112032
4 873 2196 3176.39984287
5 874 2197 3177.81960164
6 875 2205 3185.64706519
5 876 2207 3186.13856657
4 877 2208 3188.4419287
3 878 2209 3188.81960164
2 879 2210 3189.16112032
3 880 2211 3193.14214616
2 881 2215 3200.13856657
3 882 2218 3209.32223257
2 883 2220 3213.14214616
1 884 2223 3220.32223257
2 885 2224 3225.48643734
3 886 2226 3228.32793973
4 887 2228 3230.26278989
5 888 2234 3236.87847249
4 889 2236 3239.32793973
3 890 2237 3242.48643734
4 891 2240 3246.11519648
3 892 2246 3256.26278989
4 893 2247 3259.34785308
3 894 2249 3259.87847249
2 895 2250 3263.11519648
3 896 2253 3274.33030883
2 897 2255 3276.34785308
3 898 2258 3291.02642912
4 899 2262 3293.02831102
3 900 2264 3294.33030883
2 901 2265 3302.02642912
1 902 2268 3310.02831102
2 903 2269 3317.16895701
3 904 2271 3318.52421332
2 905 2278 3329.52421332
1 906 2279 3331.16895701
2 907 2280 3333.30517494
3 908 2282 3333.87760952
4 909 2285 3336.50218624
5 910 2286 3339.38909884
6 911 2288 3344.55714071
7 912 2297 3351.29421657
8 913 2301 3352.54579309
7 914 2304 3356.30517494
6 915 2306 3356.87760952
5 916 2307 3359.87760952
4 917 2308 3362.29421657
3 918 2309 3362.38909884
4 919 2310 3362.84886092
3 920 2312 3364.55714071
2 921 2317 3373.84886092
3 922 2318 3375.91280186
4 923 2320 3379.58183958
5 924 2324 3380.10458767
6 925 2327 3384.31397929
5 926 2328 3385.30517494
6 927 2329 3385.8699768
7 928 2332 3386.81653328
6 929 2335 3386.91280186
7 930 2336 3389.64253071
6 931 2344 3396.58183958
5 932 2345 3397.10458767
6 933 2346 3399.50850161
5 934 2348 3400.10458767
6 935 2350 3403.13838177
7 936 2351 3403.85546076
6 937 2353 3405.58183958
5 938 2354 3405.8699768
4 939 2360 3409.64253071
3 940 2363 3415.64253071
2 941 2364 3416.50850161
3 942 2366 3418.1989284
4 943 2368 3419.59508076
3 944 2370 3420.85546076
4 945 2372 3423.42729962
3 946 2380 3430.59508076
2 947 2381 3435.1989284
3 948 2382 3443.24588229
4 949 2384 3445.96535061
3 950 2386 3446.42729962
4 951 2387 3446.68605567
5 952 2391 3447.05112269
6 953 2395 3449.17110822
7 954 2400 3459.66151439
6 955 2402 3459.96535061
5 956 2403 3463.24588229
6 957 2405 3463.42892093
5 958 2407 3466.68605567
4 959 2412 3470.05112269
3 960 2413 3470.96535061
4 961 2414 3472.44568967
5 962 2418 3477.81426322
4 963 2422 3480.24588229
3 964 2423 3486.44568967
2 965 2424 3486.68605567
3 966 2427 3488.13025388
2 967 2429 3491.81426322
3 968 2430 3499.47539402
4 969 2432 3499.55236967
3 970 2438 3508.13025388
2 971 2441 3513.47539402
1 972 2442 3516.55236967
2 973 2443 3529.76417581
3 974 2445 3529.80131018
2 975 2451 3540.80131018
1 976 2452 3543.76417581
2 977 2453 3544.85024201
3 978 2457 3551.87486176
4 979 2461 3556.21995692
3 980 2463 3558.85024201
2 981 2464 3562.87486176
1 982 2467 3570.21995692
2 983 2468 3593.38373537
3 984 2470 3597.46558685
2 985 2476 3611.46558685
3 986 2477 3611.77345519
2 987 2479 3616.38373537
3 988 2482 3619.04154286
2 989 2484 3625.77345519
3 990 2487 3626.83306845
4 991 2490 3632.48752765
3 992 2492 3633.04154286
4 993 2497 3644.71105018
3 994 2499 3646.48752765
2 995 2500 3646.83306845
3 996 2503 3655.69929257
2 997 2505 3658.71105018
3 998 2509 3670.82386924
2 999 2511 3672.69929257
3 1000 2515 3677.21328792
4 1001 2519 3685.06265645
3 1002 2521 3687.82386924
2 1003 2522 3691.21328792
3 1004 2525 3693.81222482
4 1005 2527 3698.8604704
3 1006 2531 3702.06265645
4 1007 2532 3702.65169967
3 1008 2536 3710.81222482
4 1009 2537 3711.57332417
3 1010 2541 3713.65169967
2 1011 2544 3722.57332417
1 1012 2545 3727.8604704
2 1013 2546 3735.98375225
3 1014 2548 3737.92346526
2 1015 2554 3745.92346526
3 1016 2555 3747.5677232
4 1017 2559 3756.35269987
3 1018 2561 3758.98375225
4 1019 2564 3761.41242335
3 1020 2566 3761.5677232
2 1021 2569 3764.35269987
1 1022 2570 3766.41242335
2 1023 2571 3785.85869577
3 1024 2575 3791.959414
4 1025 2577 3797.00026443
3 1026 2581 3799.85869577
4 1027 2584 3804.95359725
3 1028 2586 3814.00026443
2 1029 2587 3814.959414
3 1030 2590 3822.07363449
4 1031 2594 3827.07856937
3 1032 2596 3827.95359725
4 1033 2597 3827.96436773
5 1034 2599 3831.50634108
4 1035 2601 3833.07363449
3 1036 2606 3838.96436773
2 1037 2609 3847.07856937
1 1038 2610 3851.50634108
2 1039 2611 3857.47738165
3 1040 2613 3864.07045856
4 1041 2617 3869.99587091
5 1042 2621 3872.19377051
4 1043 2627 3875.07045856
5 1044 2629 3875.61758336
4 1045 2630 3877.19377051
3 1046 2632 3880.47738165
2 1047 2636 3883.99587091
3 1048 2637 3884.34327886
4 1049 2639 3886.50523552
5 1050 2642 3888.69038442
4 1051 2645 3891.19377051
5 1052 2646 3891.45640073
4 1053 2652 3897.50523552
5 1054 2653 3898.36057819
4 1055 2657 3901.34327886
3 1056 2661 3903.36057819
2 1057 2662 3904.34327886
3 1058 2663 3905.00282229
4 1059 2668 3909.9352213
5 1060 2670 3913.90938114
4 1061 2671 3914.45640073
3 1062 2673 3916.00282229
2 1063 2676 3920.9352213
3 1064 2679 3924.63926793
4 1065 2683 3933.38165857
3 1066 2685 3934.45640073
4 1067 2686 3940.38702007
3 1068 2688 3941.63926793
4 1069 2691 3945.32286707
5 1070 2693 3951.27799243
4 1071 2699 3956.38165857
3 1072 2700 3957.38702007
2 1073 2701 3962.32286707
1 1074 2704 3970.38165857
2 1075 2707 3983.68148259
3 1076 2709 3990.14847926
4 1077 2711 3992.03649169
5 1078 2715 3994.39271296
6 1079 2716 3995.30036179
7 1080 2720 3998.25293581
8 1081 2721 3998.71760661
9 1082 2722 3999.63654282
10 1083 2723 4000.07089276
11 1084 2724 4000.09458249
10 1085 2727 4001.14847926
11 1086 2728 4002.68767528
10 1087 2729 4004.14847926
9 1088 2731 4006.68148259
8 1089 2738 4012.14847926
9 1090 2739 4015.15190079
8 1091 2740 4017.68148259
9 1092 2743 4019.52074592
10 1093 2745 4020.14438646
9 1094 2746 4021.14847926
8 1095 2753 4025.68148259
7 1096 2754 4025.68148259
6 1097 2756 4028.68148259
7 1098 2757 4031.1433023
8 1099 2758 4031.73666801
7 1100 2761 4035.14847926
8 1101 2762 4035.80441464
9 1102 2765 4042.32016663
10 1103 2769 4049.5777467
9 1104 2770 4052.14847926
8 1105 2772 4054.68148259
7 1106 2774 4055.14847926
8 1107 2779 4059.48337651
9 1108 2780 4060.70833477
8 1109 2782 4062.68148259
9 1110 2784 4062.91213058
10 1111 2785 4063.25294873
9 1112 2787 4066.14847926
10 1113 2788 4068.81643491
11 1114 2789 4069.08018615
12 1115 2795 4078.88368262
13 1116 2796 4081.350298
12 1117 2799 4082.68148259
11 1118 2801 4083.14847926
12 1119 2807 4084.22896441
13 1120 2808 4084.82429294
12 1121 2813 4093.68148259
11 1122 2814 4093.68148259
10 1123 2817 4094.14847926
9 1124 2818 4094.68148259
8 1125 2823 4099.14847926
7 1126 2831 4104.68148259
8 1127 2834 4106.53760599
9 1128 2835 4108.87183188
8 1129 2837 4109.07045856
7 1130 2838 4110.14847926
8 1131 2840 4110.76704089
7 1132 2842 4111.14847926
6 1133 2844 4112.07045856
5 1134 2848 4115.14847926
4 1135 2853 4121.68148259
3 1136 2854 4126.07045856
4 1137 2855 4126.80128618
3 1138 2857 4127.68148259
2 1139 2864 4137.80128618
1 1140 2865 4138.14847926
2 1141 2866 4139.76127148
3 1142 2868 4139.9318441
4 1143 2873 4144.33837562
5 1144 2874 4145.84331449
6 1145 2876 4147.39537148
7 1146 2877 4149.72006516
6 1147 2879 4150.9318441
7 1148 2880 4152.67923107
6 1149 2888 4159.84331449
7 1150 2890 4160.83937206
6 1151 2891 4164.9318441
5 1152 2894 4165.76127148
4 1153 2895 4168.76127148
5 1154 2898 4171.36481832
4 1155 2903 4176.76127148
3 1156 2905 4176.84331449
4 1157 2906 4180.57825629
5 1158 2908 4181.43308313
4 1159 2910 4181.9318441
5 1160 2911 4182.78141316
6 1161 2914 4190.62320998
5 1162 2917 4190.76127148
4 1163 2922 4197.57825629
3 1164 2926 4201.76127148
4 1165 2927 4202.89512246
3 1166 2930 4204.76127148
2 1167 2931 4204.9318441
3 1168 2932 4205.44719932
4 1169 2936 4215.04397057
5 1170 2940 4218.37138606
4 1171 2942 4222.44719932
3 1172 2943 4222.89512246
4 1173 2944 4224.83995539
5 1174 2950 4234.07594151
6 1175 2954 4237.44184933
5 1176 2955 4238.04397057
4 1177 2959 4238.83995539
5 1178 2960 4239.05544068
6 1179 2962 4240.33726448
5 1180 2963 4241.37138606
6 1181 2969 4246.31379888
7 1182 2970 4246.56583884
6 1183 2971 4248.07594151
5 1184 2973 4249.04397057
4 1185 2975 4250.05544068
5 1186 2976 4251.21011345
4 1187 2984 4258.37138606
5 1188 2985 4260.14375656
4 1189 2989 4265.21011345
3 1190 2990 4266.04397057
2 1191 2991 4268.07594151
3 1192 2994 4277.74747051
4 1193 2996 4281.72587039
3 1194 2998 4283.14375656
4 1195 3001 4289.23274322
5 1196 3006 4294.8303109
6 1197 3007 4296.40643705
7 1198 3009 4297.11417142
6 1199 3015 4301.72587039
5 1200 3017 4303.74747051
4 1201 3021 4306.23274322
3 1202 3023 4307.40643705
4 1203 3024 4308.09923074
3 1204 3026 4309.23274322
2 1205 3027 4309.72587039
3 1206 3028 4310.94620907
4 1207 3030 4312.74673281
5 1208 3036 4319.57331804
4 1209 3039 4321.94620907
3 1210 3041 4322.09923074
2 1211 3042 4326.74673281
3 1212 3043 4329.42187303
4 1213 3047 4332.68651483
5 1214 3051 4335.44037339
6 1215 3052 4339.35321969
5 1216 3056 4341.94620907
6 1217 3057 4342.98662558
5 1218 3058 4343.42187303
6 1219 3060 4344.8697502
7 1220 3061 4345.16394762
8 1221 3062 4345.3560867
9 1222 3065 4346.34241347
8 1223 3068 4352.94620907
9 1224 3070 4354.58034286
8 1225 3072 4355.68651483
9 1226 3073 4355.96500402
10 1227 3074 4356.04547733
9 1228 3079 4360.42187303
10 1229 3083 4363.28167495
9 1230 3084 4366.42187303
10 1231 3087 4369.19591956
9 1232 3089 4369.94620907
8 1233 3090 4369.94620907
9 1234 3099 4377.2860046
8 1235 3101 4377.42187303
7 1236 3102 4377.94620907
8 1237 3106 4382.33664293
9 1238 3107 4384.32742354
8 1239 3108 4385.42187303
9 1240 3110 4386.72262349
8 1241 3118 4390.68651483
9 1242 3121 4395.1301255
10 1243 3122 4395.24150924
11 1244 3123 4395.92723454
12 1245 3124 4396.26248484
11 1246 3127 4396.42187303
10 1247 3128 4396.68148259
9 1248 3129 4397.94620907
10 1249 3132 4398.50357557
9 1250 3134 4399.68148259
10 1251 3135 4399.94465752
9 1252 3136 4402.68148259
10 1253 3147 4406.70439161
9 1254 3149 4410.68148259
8 1255 3151 4413.42187303
7 1256 3155 4417.94620907
6 1257 3156 4419.42187303
5 1258 3157 4419.68651483
4 1259 3160 4420.94620907
5 1260 3161 4424.47749826
4 1261 3163 4430.42187303
3 1262 3167 4433.68148259
4 1263 3168 4434.31717599
5 1264 3171 4436.35111073
6 1265 3175 4440.57824937
5 1266 3176 4440.94620907
4 1267 3181 4444.47749826
3 1268 3184 4450.47749826
2 1269 3185 4451.31717599
1 1270 3186 4451.94620907
2 1271 3187 4458.12669655
3 1272 3189 4461.41404202
4 1273 3193 4463.46827429
3 1274 3195 4469.12669655
2 1275 3200 4478.41404202
1 1276 3201 4483.46827429
2 1277 3204 4501.14063224
3 1278 3207 4503.04444263
4 1279 3208 4504.20311878
5 1280 3211 4504.95195497
4 1281 3215 4506.14063224
5 1282 3216 4507.25217635
4 1283 3220 4512.14063224
3 1284 3224 4515.20311878
2 1285 3225 4518.20311878
1 1286 3226 4518.25217635
2 1287 3229 4521.82050124
3 1288 3232 4525.21557687
4 1289 3233 4528.5383845
5 1290 3238 4534.38729132
4 1291 3239 4535.82050124
5 1292 3240 4540.06069826
6 1293 3241 4541.97369807
5 1294 3245 4544.82050124
6 1295 3248 4546.57587163
5 1296 3251 4552.82050124
6 1297 3252 4556.31453023
7 1298 3256 4560.61702826
6 1299 3257 4560.82050124
5 1300 3259 4563.5383845
4 1301 3263 4572.82050124
3 1302 3267 4577.5383845
4 1303 3268 4581.00058638
3 1304 3270 4589.82050124
4 1305 3273 4596.68262478
3 1306 3276 4600.82050124
2 1307 3278 4606.5383845
1 1308 3281 4623.82050124
2 1309 3282 4635.43712164
3 1310 3284 4637.90663298
4 1311 3288 4641.05933507
5 1312 3289 4644.36554015
6 1313 3290 4645.75730243
5 1314 3293 4646.43712164
6 1315 3296 4650.28974752
5 1316 3298 4651.90663298
6 1317 3299 4652.68628433
7 1318 3300 4653.10228902
6 1319 3307 4660.43712164
7 1320 3312 4664.36894085
8 1321 3313 4665.14645021
7 1322 3316 4665.90663298
8 1323 3317 4669.45008194
7 1324 3319 4671.43712164
6 1325 3320 4672.43712164
7 1326 3324 4673.43712578
6 1327 3327 4679.90663298
7 1328 3328 4680.28924041
6 1329 3330 4685.43712164
5 1330 3331 4685.90663298
6 1331 3333 4692.75415305
5 1332 3337 4699.90663298
6 1333 3340 4701.96921884
7 1334 3341 4703.07352542
6 1335 3344 4705.43712164
5 1336 3353 4716.90663298
6 1337 3354 4719.35261083
5 1338 3356 4719.43712164
4 1339 3357 4722.43712164
3 1340 3367 4736.43712164
2 1341 3369 4737.47011705
3 1342 3370 4738.43826776
4 1343 3373 4742.49079252
3 1344 3375 4745.90663298
2 1345 3378 4752.43826776
3 1346 3379 4752.98223763
2 1347 3385 4765.90663298
1 1348 3387 4766.98223763
2 1349 3388 4777.58700722
3 1350 3393 4789.21099126
4 1351 3394 4789.30213038
5 1352 3395 4789.82615705
6 1353 3396 4793.62529968
7 1354 3397 4793.63882053
6 1355 3398 4797.58700722
7 1356 3401 4808.01095522
8 1357 3405 4814.56252399
9 1358 3406 4819.84061163
8 1359 3408 4820.58700722
7 1360 3409 4820.58700722
8 1361 3410 4821.62919093
9 1362 3413 4830.07986261
8 1363 3416 4834.58700722
9 1364 3420 4840.63600576
10 1365 3421 4849.05476836
11 1366 3422 4849.49464342
10 1367 3424 4851.58700722
9 1368 3425 4851.58700722
8 1369 3433 4868.58700722
9 1370 3439 4879.11491436
8 1371 3440 4880.39554961
7 1372 3443 4885.58700722
6 1373 3447 4891.58700722
7 1374 3450 4896.92013668
6 1375 3452 4897.39554961
5 1376 3453 4900.39554961
6 1377 3455 4900.71745187
5 1378 3460 4902.58700722
6 1379 3461 4904.15676941
7 1380 3462 4904.3805606
8 1381 3463 4905.16014757
9 1382 3464 4905.97041587
10 1383 3467 4910.19523768
9 1384 3468 4911.58700722
8 1385 3473 4917.39554961
7 1386 3477 4917.58700722
8 1387 3480 4922.23158409
7 1388 3485 4928.39554961
6 1389 3492 4933.89866807
5 1390 3493 4933.89866807
4 1391 3496 4939.39554961
3 1392 3497 4940.58700722
2 1393 3498 4940.58700722
1 1394 3499 4944.89866807
2 1395 3502 4959.58261525
1 1396 3506 4976.58261525
2 1397 3507 4983.36995544
3 1398 3509 4986.72113793
2 1399 3513 4994.36995544
3 1400 3514 4998.9243139
4 1401 3518 5004.42726705
5 1402 3520 5009.78102719
6 1403 3521 5010.42466917
5 1404 3526 5012.72113793
6 1405 3528 5014.46031331
5 1406 3532 5018.9243139
6 1407 3533 5021.21237887
5 1408 3535 5021.42726705
4 1409 3538 5023.72113793
3 1410 3544 5035.42726705
4 1411 3545 5037.46541932
5 1412 3547 5038.77413543
6 1413 3548 5040.19742919
5 1414 3551 5040.72113793
4 1415 3552 5041.9243139
5 1416 3554 5046.3592199
4 1417 3563 5054.72113793
3 1418 3564 5054.72113793
2 1419 3565 5057.72113793
3 1420 3566 5060.65000389
2 1421 3568 5066.46541932
3 1422 3569 5066.63343306
4 1423 3571 5067.50114716
5 1424 3579 5073.81758859
4 1425 3581 5075.50114716
3 1426 3582 5077.63343306
2 1427 3583 5077.65000389
3 1428 3584 5083.48481474
4 1429 3586 5086.53334135
3 1430 3592 5097.48481474
4 1431 3593 5100.48446665
5 1432 3595 5100.70701967
6 1433 3596 5101.455019
5 1434 3597 5101.50114716
6 1435 3601 5105.02620438
7 1436 3602 5105.55253236
6 1437 3609 5114.48446665
7 1438 3610 5115.41180496
6 1439 3612 5115.53334135
5 1440 3613 5118.50114716
6 1441 3615 5120.95447868
7 1442 3616 5122.84908315
6 1443 3625 5131.48446665
7 1444 3626 5132.57330142
6 1445 3627 5134.48446665
5 1446 3629 5135.50114716
4 1447 3635 5144.53334135
3 1448 3638 5152.50114716
2 1449 3639 5157.48446665
1 1450 3643 5161.53334135
2 1451 3645 5173.16632445
3 1452 3649 5181.53258291
2 1453 3651 5184.16632445
3 1454 3652 5185.26640228
4 1455 3656 5191.45932306
3 1456 3658 5196.26640228
4 1457 3663 5210.30018971
3 1458 3665 5211.45932306
4 1459 3666 5212.02296884
3 1460 3668 5213.53258291
4 1461 3669 5220.22124427
5 1462 3673 5220.30297813
4 1463 3675 5224.30018971
5 1464 3680 5230.58553958
4 1465 3684 5235.02296884
3 1466 3685 5235.30018971
2 1467 3686 5237.22124427
3 1468 3687 5240.98829404
4 1469 3691 5242.38954706
3 1470 3693 5252.02296884
4 1471 3696 5253.87489
5 1472 3700 5254.01534983
4 1473 3704 5259.38954706
3 1474 3705 5260.98829404
4 1475 3707 5261.58490412
5 1476 3710 5267.86668248
4 1477 3712 5267.87489
3 1478 3716 5275.99974998
4 1479 3717 5278.75964416
3 1480 3719 5278.99974998
4 1481 3720 5280.27310939
5 1482 3726 5282.48772946
6 1483 3730 5288.22974124
5 1484 3734 5291.27310939
4 1485 3735 5292.75964416
3 1486 3736 5293.86668248
4 1487 3737 5295.56903223
3 1488 3739 5296.48772946
4 1489 3746 5304.45478361
5 1490 3748 5305.52825186
6 1491 3749 5306.67681385
7 1492 3750 5315.89559968
6 1493 3752 5317.27310939
5 1494 3755 5318.56903223
6 1495 3757 5320.67281314
5 1496 3760 5321.45478361
6 1497 3766 5332.44800739
5 1498 3767 5332.56903223
6 1499 3769 5333.77692559
5 1500 3772 5340.27310939
4 1501 3774 5341.45478361
5 1502 3776 5345.03526857
4 1503 3782 5350.45478361
3 1504 3783 5351.27310939
4 1505 3785 5353.27796792
3 1506 3786 5355.56903223
4 1507 3788 5361.00675151
5 1508 3791 5362.04295807
6 1509 3794 5364.45396771
7 1510 3795 5368.11062679
8 1511 3796 5368.8189819
9 1512 3797 5370.37216363
8 1513 3800 5371.27310939
7 1514 3802 5372.56903223
8 1515 3803 5375.44539194
9 1516 3809 5389.51652608
10 1517 3810 5391.20851075
9 1518 3812 5391.27310939
8 1519 3813 5391.27310939
7 1520 3815 5395.56903223
8 1521 3820 5403.27765998
9 1522 3823 5409.63401635
8 1523 3825 5414.27310939
7 1524 3827 5415.56903223
8 1525 3830 5416.71862011
7 1526 3834 5423.48446665
6 1527 3840 5431.27310939
5 1528 3842 5432.56903223
4 1529 3845 5440.48446665
5 1530 3851 5442.51135075
6 1531 3852 5444.26519058
5 1532 3854 5445.48446665
4 1533 3856 5446.56903223
3 1534 3857 5454.27310939
4 1535 3858 5455.61594263
5 1536 3864 5461.74413161
6 1537 3865 5463.19565908
5 1538 3866 5465.48446665
6 1539 3872 5472.49996765
5 1540 3874 5472.56903223
6 1541 3875 5475.46253793
5 1542 3877 5475.61594263
6 1543 3878 5476.90432138
7 1544 3879 5477.27942629
8 1545 3880 5477.97202947
7 1546 3882 5479.48446665
8 1547 3883 5484.37708414
9 1548 3890 5494.72090852
8 1549 3892 5495.56903223
7 1550 3897 5498.61594263
6 1551 3899 5500.56903223
7 1552 3902 5504.22280807
8 1553 3904 5505.46220888
7 1554 3905 5505.48446665
8 1555 3911 5509.15235999
7 1556 3912 5509.61594263
6 1557 3917 5515.61594263
7 1558 3919 5516.31741695
6 1559 3924 5521.61594263
5 1560 3926 5523.48772946
6 1561 3927 5523.58692776
5 1562 3928 5523.61594263
4 1563 3930 5525.48446665
3 1564 3931 5526.56903223
4 1565 3936 5538.61456535
3 1566 3940 5543.48772946
2 1567 3941 5543.61594263
1 1568 3942 5546.61456535
2 1569 3944 5568.53016651
3 1570 3946 5575.44064354
4 1571 3949 5577.50541205
5 1572 3950 5581.29819875
4 1573 3957 5589.44064354
3 1574 3961 5591.53016651
2 1575 3962 5592.44064354
1 1576 3963 5595.29819875
2 1577 3965 5601.96905302
3 1578 3967 5607.6339104
4 1579 3969 5607.95162623
5 1580 3971 5611.27366479
6 1581 3975 5614.77868835
7 1582 3978 5616.25438821
8 1583 3981 5620.74184166
7 1584 3984 5627.6339104
6 1585 3986 5628.27366479
7 1586 3989 5629.47743146
8 1587 3990 5629.60736052
7 1588 3992 5630.95162623
6 1589 3993 5633.96905302
5 1590 4000 5639.27366479
6 1591 4002 5640.00276794
7 1592 4003 5642.25209996
6 1593 4004 5642.27366479
5 1594 4011 5647.95162623
4 1595 4013 5651.00276794
3 1596 4014 5653.6339104
2 1597 4017 5659.96905302
1 1598 4018 5664.95162623
2 1599 4020 5668.59155986
3 1600 4022 5670.65808403
4 1601 4027 5678.04357872
5 1602 4029 5681.0227783
4 1603 4035 5685.59155986
3 1604 4036 5687.65808403
2 1605 4037 5689.04357872
3 1606 4040 5704.04303952
2 1607 4044 5711.59155986
1 1608 4045 5715.04303952
2 1609 4046 5716.89157893
3 1610 4048 5719.13326695
4 1611 4050 5721.20364051
5 1612 4054 5730.74516967
6 1613 4057 5731.9963127
5 1614 4061 5733.89157893
4 1615 4062 5736.13326695
3 1616 4066 5741.20364051
4 1617 4069 5746.37052479
3 1618 4071 5747.89157893
4 1619 4072 5748.1547158
5 1620 4074 5750.40213896
6 1621 4077 5755.85792205
7 1622 4080 5758.45659379
6 1623 4082 5759.13326695
5 1624 4083 5760.37052479
6 1625 4085 5761.28042419
5 1626 4087 5762.1547158
6 1627 4089 5762.81539444
7 1628 4091 5764.74720583
6 1629 4100 5773.13326695
5 1630 4102 5773.1547158
4 1631 4103 5776.13326695
3 1632 4104 5776.1547158
2 1633 4105 5777.37052479
3 1634 4108 5781.29204328
4 1635 4110 5785.91984469
5 1636 4112 5786.26366436
4 1637 4116 5793.13326695
5 1638 4117 5794.75436037
6 1639 4118 5795.84895631
5 1640 4120 5796.91984469
6 1641 4125 5797.68120231
7 1642 4126 5800.25020432
6 1643 4131 5804.29204328
5 1644 4133 5807.13326695
4 1645 4134 5807.91984469
5 1646 4135 5809.09586575
6 1647 4141 5812.19345109
7 1648 4147 5819.57513377
8 1649 4150 5820.923982
7 1650 4151 5824.29204328
6 1651 4153 5824.29204328
5 1652 4154 5826.09586575
4 1653 4156 5826.19345109
5 1654 4157 5830.28387292
4 1655 4161 5833.13326695
3 1656 4162 5838.29204328
2 1657 4165 5843.09586575
1 1658 4168 5859.28387292
2 1659 4169 5859.30646411
3 1660 4171 5859.83290647
4 1661 4173 5860.07626374
5 1662 4176 5864.85481012
6 1663 4180 5869.06171412
5 1664 4186 5870.83290647
4 1665 4187 5870.83290647
3 1666 4190 5877.07626374
4 1667 4191 5883.12240137
5 1668 4194 5883.20400385
4 1669 4195 5885.30646411
3 1670 4197 5886.06171412
4 1671 4198 5887.31887863
5 1672 4205 5898.67268583
6 1673 4207 5898.721889
5 1674 4209 5903.12240137
4 1675 4211 5904.31887863
3 1676 4212 5906.12240137
2 1677 4218 5917.12240137
1 1678 4219 5918.67268583
2 1679 4220 5923.2810173
3 1680 4224 5938.9588243
2 1681 4226 5946.2810173
1 1682 4229 5952.9588243
2 1683 4230 5963.6065308
3 1684 4232 5968.99222259
4 1685 4234 5969.20339713
5 1686 4238 5973.47875388
6 1687 4240 5973.87192371
5 1688 4246 5983.6065308
4 1689 4249 5986.20339713
5 1690 4250 5988.60909361
4 1691 4252 5991.99222259
3 1692 4253 5993.47875388
2 1693 4256 6000.6065308
3 1694 4259 6007.98390727
4 1695 4263 6013.73464347
3 1696 4265 6014.60909361
2 1697 4266 6018.98390727
1 1698 4269 6024.73464347
2 1699 4270 6033.57491134
3 1700 4272 6034.69159576
4 1701 4274 6036.35074672
5 1702 4280 6044.31671339
6 1703 4284 6050.17662119
5 1704 4286 6050.35074672
6 1705 4287 6050.79998622
7 1706 4288 6052.1019692
8 1707 4291 6054.40840471
7 1708 4293 6054.69159576
6 1709 4294 6059.57491134
5 1710 4300 6067.31671339
4 1711 4302 6068.69159576
5 1712 4307 6073.21940166
4 1713 4309 6076.57491134
5 1714 4310 6081.62848036
4 1715 4312 6082.35074672
5 1716 4316 6082.67054122
4 1717 4320 6084.31671339
3 1718 4321 6089.62848036
2 1719 4323 6093.21940166
3 1720 4324 6096.7633298
4 1721 4330 6110.09023015
3 1722 4332 6113.31671339
2 1723 4334 6113.7633298
3 1724 4337 6114.31180846
2 1725 4340 6118.09023015
3 1726 4341 6118.98530261
4 1727 4345 6121.41649466
3 1728 4349 6128.31180846
4 1729 4352 6129.36012182
5 1730 4353 6133.85025961
6 1731 4358 6135.13354031
5 1732 4360 6135.98530261
6 1733 4365 6141.40987604
5 1734 4366 6141.41649466
4 1735 4368 6143.98530261
5 1736 4369 6145.47586862
6 1737 4371 6147.17423886
5 1738 4372 6147.41649466
4 1739 4374 6147.85025961
5 1740 4376 6149.30519773
4 1741 4384 6158.41649466
3 1742 4385 6158.41649466
2 1743 4386 6158.85025961
1 1744 4387 6159.47586862
2 1745 4388 6161.3741195
3 1746 4390 6166.27177343
4 1747 4395 6172.33370101
5 1748 4399 6174.42997965
6 1749 4401 6177.58943264
5 1750 4402 6178.3741195
4 1751 4404 6180.27177343
3 1752 4409 6185.42997965
2 1753 4410 6186.27177343
1 1754 4411 6195.3741195
2 1755 4412 6199.59562694
3 1756 4414 6203.30957683
4 1757 4416 6203.39608592
5 1758 4421 6209.76931812
6 1759 4422 6209.93976096
7 1760 4426 6211.14480335
6 1761 4430 6214.30957683
5 1762 4431 6214.39608592
6 1763 4432 6217.40129925
5 1764 4436 6220.39608592
4 1765 4437 6222.59562694
3 1766 4441 6225.30957683
2 1767 4442 6228.39608592
3 1768 4446 6234.50811559
2 1769 4447 6236.59562694
1 1770 4450 6245.50811559
2 1771 4451 6254.26842954
3 1772 4455 6262.58749719
2 1773 4457 6265.26842954
3 1774 4458 6265.44362222
4 1775 4460 6267.16920376
5 1776 4462 6268.1848315
6 1777 4463 6268.24620574
7 1778 4464 6270.2161713
8 1779 4469 6274.19159115
7 1780 4474 6278.16920376
8 1781 4475 6279.46450958
7 1782 4477 6279.58749719
8 1783 4478 6282.18686753
7 1784 4484 6285.44362222
6 1785 4486 6292.16920376
5 1786 4489 6293.58749719
4 1787 4492 6295.16920376
3 1788 4493 6299.44362222
4 1789 4494 6300.13107484
5 1790 4499 6306.77526878
6 1791 4503 6309.51623618
5 1792 4505 6310.58749719
4 1793 4512 6315.58749719
3 1794 4513 6317.13107484
2 1795 4514 6326.77526878
1 1796 4515 6327.16920376
2 1797 4518 6336.74493911
3 1798 4520 6338.66217233
4 1799 4522 6342.99497143
3 1800 4528 6349.66217233
2 1801 4531 6353.74493911
3 1802 4532 6355.93662146
2 1803 4534 6356.99497143
3 1804 4535 6359.02036533
4 1805 4542 6369.07362434
3 1806 4544 6376.02036533
4 1807 4545 6376.60600769
5 1808 4547 6379.99986703
4 1809 4551 6381.93662146
3 1810 4554 6384.99986703
4 1811 4555 6385.38957548
5 1812 4559 6390.58790135
4 1813 4561 6390.60600769
3 1814 4564 6395.07362434
4 1815 4565 6398.25295252
3 1816 4569 6401.58790135
4 1817 4570 6402.38438844
5 1818 4572 6404.47186865
6 1819 4574 6406.17118637
7 1820 4575 6407.00410996
6 1821 4579 6408.38957548
7 1822 4582 6416.03120808
6 1823 4584 6416.38957548
7 1824 4587 6418.34164285
8 1825 4590 6418.67054158
9 1826 4591 6419.54076722
10 1827 4592 6420.58479859
9 1828 4595 6421.25295252
10 1829 4596 6421.35337611
9 1830 4601 6424.47186865
10 1831 4602 6426.13222216
9 1832 4604 6427.38957548
8 1833 4608 6429.25295252
7 1834 4613 6434.38438844
6 1835 4617 6435.25295252
7 1836 4618 6438.19142881
6 1837 4621 6441.47186865
5 1838 4623 6441.47186865
6 1839 4624 6442.73706742
7 1840 4625 6443.51955043
6 1841 4627 6446.25295252
7 1842 4630 6449.32008579
6 1843 4632 6450.38957548
5 1844 4634 6451.38438844
6 1845 4639 6457.45312036
5 1846 4643 6458.47186865
4 1847 4644 6460.25295252
5 1848 4646 6464.20900922
4 1849 4647 6465.38438844
5 1850 4654 6467.76165415
4 1851 4656 6470.38957548
5 1852 4659 6476.91077486
6 1853 4662 6477.88915026
5 1854 4663 6478.47186865
4 1855 4665 6479.38957548
5 1856 4666 6482.29233995
4 1857 4672 6484.76165415
3 1858 4673 6489.47186865
2 1859 4674 6493.91077486
3 1860 4675 6495.33809052
4 1861 4681 6512.24050427
3 1862 4683 6513.76165415
2 1863 4684 6515.33809052
3 1864 4685 6515.96919591
4 1865 4688 6517.74618606
5 1866 4689 6521.59689725
6 1867 4693 6522.25774996
5 1868 4699 6526.24050427
4 1869 4701 6526.96919591
5 1870 4702 6528.75650122
4 1871 4704 6529.59689725
3 1872 4705 6532.96919591
4 1873 4706 6533.60250467
3 1874 4714 6548.75650122
2 1875 4716 6552.24050427
1 1876 4717 6553.60250467
2 1877 4719 6559.00946919
3 1878 4721 6559.18887353
4 1879 4723 6559.64118152
5 1880 4724 6560.86691321
6 1881 4732 6576.04217854
5 1882 4737 6579.00946919
4 1883 4738 6579.18887353
3 1884 4739 6580.16920376
2 1885 4740 6583.16920376
3 1886 4743 6589.58339995
2 1887 4747 6602.00946919
3 1888 4748 6602.82147798
2 1889 4750 6606.58339995
3 1890 4753 6612.94905633
4 1891 4755 6613.10778699
5 1892 4757 6617.71757319
6 1893 4760 6620.80159054
7 1894 4761 6622.38029642
6 1895 4762 6622.82147798
7 1896 4766 6623.99366162
6 1897 4770 6626.94905633
7 1898 4771 6632.72279399
6 1899 4775 6633.10778699
7 1900 4776 6639.19339706
8 1901 4783 6647.05120416
7 1902 4784 6648.82147798
8 1903 4786 6649.29604331
7 1904 4788 6652.94905633
6 1905 4789 6652.94905633
5 1906 4793 6656.10778699
4 1907 4794 6658.94905633
3 1908 4797 6662.82147798
4 1909 4800 6666.33374782
3 1910 4802 6666.94905633
4 1911 4804 6669.59053234
5 1912 4805 6671.27152284
6 1913 4806 6674.6186659
5 1914 4808 6676.10778699
4 1915 4813 6680.59053234
5 1916 4815 6682.49789022
4 1917 4819 6686.33374782
3 1918 4823 6691.59053234
2 1919 4824 6693.10778699
3 1920 4828 6697.04458659
4 1921 4830 6698.70829465
3 1922 4832 6700.33374782
4 1923 4834 6705.12767674
3 1924 4840 6711.04458659
4 1925 4841 6711.07660075
3 1926 4844 6712.70829465
2 1927 4845 6717.04458659
3 1928 4846 6717.10565855
2 1929 4850 6725.07660075
3 1930 4851 6728.69735503
4 1931 4857 6736.55822615
3 1932 4859 6740.10565855
4 1933 4860 6743.84529372
3 1934 4864 6748.69735503
4 1935 4867 6753.29523679
3 1936 4869 6754.84529372
4 1937 4872 6757.75281284
3 1938 4874 6759.55822615
4 1939 4875 6759.97834834
3 1940 4879 6761.29523679
4 1941 4880 6761.76511159
5 1942 4882 6763.49880059
4 1943 4885 6764.97834834
3 1944 4890 6771.75281284
2 1945 4893 6772.76511159
1 1946 4894 6775.97834834
2 1947 4895 6776.25312198
3 1948 4898 6778.72869434
2 1949 4901 6790.25312198
3 1950 4904 6793.36611657
4 1951 4906 6793.36874342
3 1952 4912 6798.72869434
4 1953 4913 6799.31282167
5 1954 4916 6805.27500845
4 1955 4917 6807.36611657
5 1956 4918 6807.39263096
4 1957 4920 6810.36874342
5 1958 4922 6811.65266741
6 1959 4929 6820.45212671
7 1960 4930 6822.9415234
6 1961 4934 6825.31282167
5 1962 4936 6825.65266741
4 1963 4937 6828.31282167
3 1964 4941 6833.39263096
2 1965 4942 6833.65266741
3 1966 4943 6834.75934989
4 1967 4947 6840.36128505
3 1968 4953 6851.31282167
2 1969 4954 6851.36128505
3 1970 4956 6861.82114104
2 1971 4959 6866.75934989
1 1972 4960 6869.82114104
2 1973 4961 6880.33907213
3 1974 4963 6883.37453632
4 1975 4966 6883.83266598
3 1976 4972 6894.33907213
4 1977 4973 6895.01622383
3 1978 4975 6897.37453632
2 1979 4976 6900.37453632
3 1980 4978 6900.52650404
4 1981 4982 6907.19069357
3 1982 4984 6909.01622383
2 1983 4987 6912.01622383
1 1984 4988 6918.19069357
2 1985 4989 6923.69493472
1 1986 4994 6934.69493472
2 1987 4995 6936.56247727
3 1988 4997 6938.75662066
4 1989 4999 6945.08080694
5 1990 5003 6947.74052247
4 1991 5011 6956.56247727
5 1992 5012 6957.61352555
4 1993 5016 6961.74052247
5 1994 5017 6961.76504148
6 1995 5019 6965.35858131
5 1996 5021 6967.75662066
4 1997 5022 6971.08080694
3 1998 5023 6971.61352555
2 1999 5029 6984.76504148
1 2000 5031 6987.75662066
0 2001 5035 7006.00611459
0 2002 5037 7201.76504148
