#data counter step time
0 1 0 0.0
1 2 1 0.0
2 3 12 19.9880211955
3 4 14 20.8907137032
4 5 16 25.4630353874
5 6 18 25.4994344646
6 7 20 25.9124521077
7 8 30 35.7718882267
6 9 34 39.4994344646
5 10 35 42.4630353874
4 11 36 42.9124521077
5 12 37 42.9395554719
4 13 39 42.9880211955
3 14 42 43.8907137032
2 15 45 53.4994344646
3 16 46 58.9972065115
4 17 48 60.5679762792
3 18 50 62.9395554719
4 19 53 64.8985787942
3 20 59 78.8985787942
2 21 60 83.5679762792
1 22 61 84.9972065115
2 23 62 88.0702392058
3 24 66 107.402562307
2 25 68 108.070239206
3 26 71 114.322858775
4 27 73 114.597712146
3 28 77 119.322858775
4 29 79 119.530513474
3 30 80 121.402562307
2 31 84 134.597712146
3 32 85 137.420844901
2 33 87 137.597712146
3 34 89 139.898445026
4 35 90 143.346380758
3 36 95 151.420844901
2 37 96 151.420844901
1 38 99 163.346380758
2 39 100 165.500360434
3 40 102 166.671352585
4 41 104 167.159669849
5 42 106 170.292335511
4 43 114 174.671352585
3 44 117 182.500360434
2 45 118 184.292335511
1 46 119 187.159669849
2 47 120 189.883713425
3 48 122 191.661027484
4 49 124 192.078149582
5 50 126 196.059292334
6 51 130 200.347313971
5 52 140 211.661027484
6 53 141 212.019419249
5 54 143 212.078149582
6 55 144 213.792933009
5 56 146 215.883713425
4 57 147 219.059292334
3 58 148 220.347313971
4 59 149 222.986072999
5 60 153 224.720440344
6 61 157 225.92532145
7 62 161 228.024373423
6 63 163 230.792933009
5 64 164 230.986072999
6 65 167 232.18754199
7 66 169 233.134356058
6 67 170 235.720440344
5 68 172 238.019419249
6 69 181 248.915667457
5 70 183 250.792933009
4 71 184 251.92532145
3 72 185 252.720440344
2 73 186 255.18754199
3 74 189 259.498374358
2 75 191 262.915667457
3 76 194 263.810400351
4 77 197 268.712726844
5 78 198 270.519094707
4 79 203 274.810400351
3 80 204 276.498374358
2 81 205 277.810400351
3 82 206 282.774643743
4 83 212 291.667696267
5 84 214 291.718651951
4 85 218 293.519094707
5 86 219 294.481084798
4 87 223 299.774643743
5 88 224 302.389765901
4 89 226 302.718651951
3 90 229 308.481084798
2 91 230 308.667696267
3 92 231 309.095777092
2 93 235 313.389765901
3 94 237 315.152397898
2 95 241 323.095777092
1 96 242 329.095777092
2 97 243 329.356511755
3 98 247 336.637991568
4 99 249 336.842413568
5 100 251 337.187520984
4 101 255 343.356511755
3 102 260 344.637991568
4 103 261 347.544214213
3 104 263 347.842413568
4 105 264 354.486220818
3 106 266 357.187520984
4 107 267 357.858869772
5 108 271 361.756887928
6 109 279 368.841312456
5 110 281 370.544214213
4 111 282 374.858869772
5 112 285 380.425303358
4 113 287 380.486220818
3 114 288 381.756887928
4 115 289 382.462743076
3 116 293 388.841312456
2 117 294 391.425303358
1 118 297 402.462743076
2 119 298 403.456965676
3 120 302 413.520271862
2 121 304 414.456965676
3 122 306 415.831918528
4 123 307 417.33602317
3 124 314 421.520271862
4 125 315 422.466353774
3 126 317 427.520271862
4 127 319 432.293496851
5 128 320 432.397292934
4 129 325 434.33602317
5 130 326 435.458758583
4 131 328 436.466353774
5 132 331 439.441230712
6 133 335 441.959698503
7 134 337 442.050099214
6 135 338 442.466353774
5 136 340 443.458758583
6 137 341 443.958351832
7 138 347 449.206467808
6 139 348 451.958351832
5 140 352 455.397292934
4 141 355 455.959698503
3 142 358 465.441230712
2 143 359 465.466353774
3 144 360 470.728089286
4 145 362 472.265074173
5 146 365 474.363080851
4 147 366 474.958351832
5 148 370 479.650382025
4 149 372 484.728089286
3 150 375 487.728089286
4 151 377 488.670771458
3 152 380 495.265074173
2 153 383 502.670771458
3 154 384 505.195373375
2 155 386 505.650382025
3 156 387 506.657100152
4 157 389 509.404550513
3 158 393 519.195373375
4 159 396 519.548263862
3 160 402 529.404550513
2 161 403 535.657100152
3 162 404 538.380997527
4 163 406 538.382654486
5 164 409 539.518850913
4 165 410 542.548263862
5 166 411 545.506842053
4 167 420 552.380997527
3 168 421 553.506842053
2 169 422 555.380997527
1 170 423 555.382654486
2 171 424 556.459979334
1 172 428 564.459979334
2 173 429 566.277868251
3 174 433 573.44141762
4 175 435 576.473563433
3 176 437 577.277868251
2 177 440 584.44141762
3 178 441 586.415329869
4 179 448 596.515837305
5 180 449 596.619252379
6 181 451 600.334875479
7 182 455 604.027366528
8 183 456 604.301883444
7 184 457 605.473563433
6 185 459 606.415329869
5 186 463 607.619252379
6 187 465 612.618521336
7 188 470 618.524730326
6 189 472 619.515837305
7 190 473 621.492136015
6 191 475 622.473563433
5 192 476 623.334875479
4 193 485 632.415329869
3 194 486 632.524730326
2 195 487 635.492136015
1 196 489 638.415329869
2 197 492 649.981078214
3 198 496 659.525495433
2 199 498 663.981078214
3 200 501 675.958376032
2 201 503 679.525495433
3 202 504 681.004363728
2 203 508 689.958376032
3 204 509 690.721195058
4 205 515 697.843925646
5 206 517 698.594925685
6 207 518 699.635263941
7 208 519 700.954596805
6 209 520 701.004363728
7 210 522 701.518342667
8 211 525 703.910555172
7 212 526 707.721195058
8 213 528 708.191915234
9 214 530 708.253278104
10 215 531 709.973803298
9 216 535 711.843925646
10 217 537 712.687409465
11 218 541 715.061539797
10 219 543 718.721195058
9 220 548 719.843925646
8 221 549 721.004363728
7 222 551 721.721195058
8 223 553 722.900428356
9 224 559 728.650036286
8 225 562 731.843925646
7 226 563 732.004363728
6 227 564 733.843925646
7 228 567 737.89713185
6 229 568 738.004363728
7 230 572 741.439067458
6 231 574 741.721195058
5 232 578 747.843925646
4 233 579 753.843925646
3 234 583 755.004363728
4 235 586 758.65787551
3 236 590 764.721195058
2 237 591 764.843925646
3 238 593 765.323628791
4 239 594 768.371382737
5 240 597 775.321079974
6 241 598 777.132926255
7 242 599 779.817608019
6 243 601 781.721195058
7 244 604 790.622191477
6 245 606 792.721195058
7 246 607 792.954739671
8 247 609 795.114533288
9 248 611 797.981442266
8 249 616 803.721195058
7 250 617 809.721195058
8 251 618 811.947071598
7 252 620 815.721195058
8 253 623 817.492104553
9 254 624 829.505105333
10 255 625 831.565026257
9 256 628 832.721195058
10 257 629 836.127377937
11 258 630 839.080254261
12 259 631 844.505840893
11 260 635 849.721195058
12 261 636 852.420004567
11 262 644 858.721195058
12 263 648 865.360549477
11 264 649 869.334875479
10 265 657 875.334875479
9 266 664 881.721195058
8 267 666 884.415329869
7 268 667 884.721195058
6 269 668 884.721195058
7 270 672 888.237495868
6 271 673 889.334875479
7 272 676 889.350743726
6 273 677 889.721195058
5 274 681 895.721195058
4 275 687 903.334875479
5 276 688 906.296558243
4 277 690 906.721195058
5 278 692 907.262458262
4 279 693 907.415329869
5 280 695 910.840423455
6 281 697 911.190490463
5 282 698 913.415329869
6 283 701 917.313772359
7 284 706 919.341466906
6 285 708 923.296558243
5 286 710 924.415329869
4 287 711 926.296558243
5 288 716 935.284569023
4 289 717 940.296558243
5 290 719 947.13758219
4 291 722 950.415329869
5 292 725 954.253247217
4 293 729 960.296558243
3 294 731 961.415329869
2 295 732 964.415329869
1 296 735 977.296558243
2 297 736 980.87468349
3 298 738 993.796790349
4 299 743 995.760429766
5 300 745 1002.16099459
4 301 749 1003.87468349
5 302 750 1006.2297375
4 303 751 1010.79679035
3 304 757 1018.76042977
2 305 758 1020.87468349
1 306 761 1030.79679035
2 307 762 1033.76871392
3 308 764 1036.31207233
4 309 770 1047.39799369
3 310 772 1047.76871392
4 311 773 1047.95296413
5 312 776 1048.29833533
6 313 777 1051.89396781
5 314 782 1053.31207233
4 315 785 1055.95296413
3 316 786 1058.95296413
2 317 789 1064.39799369
1 318 790 1070.31207233
2 319 792 1093.60424344
3 320 794 1102.8199971
4 321 800 1108.76188775
3 322 802 1110.8199971
4 323 803 1111.43540576
5 324 806 1111.61351329
4 325 807 1113.60424344
5 326 813 1126.89811257
6 327 815 1127.71159012
5 328 817 1128.43540576
6 329 820 1133.84077601
5 330 821 1134.43540576
4 331 823 1134.89811257
5 332 824 1135.30780929
6 333 827 1135.54234252
7 334 828 1136.63328588
6 335 832 1137.76188775
7 336 833 1140.70798561
8 337 834 1141.57418983
9 338 835 1143.79950852
8 339 839 1147.71159012
7 340 846 1149.30780929
6 341 849 1152.30780929
7 342 850 1156.24444375
6 343 853 1157.43540576
5 344 856 1157.76188775
4 345 857 1163.30780929
3 346 860 1164.71159012
4 347 863 1174.84383786
5 348 865 1176.09270289
6 349 867 1177.11246
5 350 869 1177.43540576
4 351 870 1180.76188775
3 352 877 1193.09270289
4 353 878 1193.09371549
3 354 880 1194.43540576
4 355 881 1200.44091784
3 356 883 1200.84383786
4 357 887 1203.50493754
5 358 891 1208.20680902
4 359 895 1210.09371549
3 360 896 1214.44091784
4 361 897 1215.55130015
5 362 899 1216.21970173
4 363 901 1219.20680902
3 364 904 1223.44091784
4 365 905 1226.03798424
3 366 909 1229.55130015
2 367 910 1230.21970173
3 368 913 1240.51567104
4 369 916 1243.66628203
5 370 917 1244.46458301
4 371 924 1255.03798424
5 372 925 1256.88635258
4 373 927 1260.51567104
3 374 928 1260.51567104
2 375 929 1264.46458301
3 376 933 1269.71487929
2 377 935 1270.88635258
3 378 937 1284.90335054
4 379 941 1287.32965276
5 380 943 1288.48184076
4 381 945 1289.71487929
5 382 946 1291.99718994
4 383 948 1295.71487929
5 384 952 1297.15401117
4 385 958 1302.99718994
5 386 959 1303.43474672
4 387 961 1305.48184076
3 388 962 1307.32965276
2 389 963 1308.48184076
3 390 966 1313.54439462
4 391 968 1314.1730857
5 392 970 1317.01041647
4 393 972 1317.43474672
5 394 973 1320.44586942
6 395 977 1322.18942668
5 396 985 1330.18942668
4 397 989 1330.54439462
3 398 990 1331.01041647
2 399 991 1337.44586942
1 400 992 1340.1730857
2 401 993 1341.95522356
3 402 995 1345.73532842
2 403 1002 1358.95522356
3 404 1003 1359.71507053
2 405 1007 1365.73532842
1 406 1008 1370.71507053
2 407 1011 1381.54478451
3 408 1013 1388.06285157
2 409 1019 1398.54478451
3 410 1020 1401.09836136
4 411 1022 1403.03976027
3 412 1024 1408.06285157
2 413 1027 1412.09836136
3 414 1030 1420.72160993
2 415 1032 1423.03976027
3 416 1033 1425.77545178
4 417 1035 1426.0323179
5 418 1038 1427.16298923
4 419 1046 1434.72160993
5 420 1047 1441.84234004
4 421 1049 1442.77545178
3 422 1050 1445.77545178
2 423 1053 1446.0323179
3 424 1054 1452.53616436
4 425 1056 1456.4495404
5 426 1060 1457.61450753
4 427 1061 1458.84234004
3 428 1065 1460.53616436
4 429 1066 1460.75644642
5 430 1068 1465.54233015
4 431 1069 1469.84234004
5 432 1071 1469.94184009
6 433 1072 1470.44028807
5 434 1078 1483.75644642
4 435 1079 1485.4495404
3 436 1087 1495.84234004
4 437 1088 1497.46715666
3 438 1090 1500.75644642
4 439 1091 1501.09395421
3 440 1093 1502.4495404
4 441 1096 1507.27000173
5 442 1098 1508.15254034
6 443 1100 1510.03039651
7 444 1101 1510.45386117
8 445 1102 1513.77621367
7 446 1109 1517.46715666
6 447 1111 1521.09395421
5 448 1112 1524.27000173
4 449 1113 1524.27000173
5 450 1119 1528.38401799
6 451 1122 1534.91227899
5 452 1124 1535.09395421
4 453 1126 1538.27000173
5 454 1127 1539.77356919
4 455 1130 1543.46715666
5 456 1132 1545.28163768
6 457 1133 1546.71100761
5 458 1137 1552.27000173
4 459 1142 1561.09395421
5 460 1144 1563.6985926
4 461 1149 1566.46715666
5 462 1150 1567.84601204
4 463 1156 1569.27000173
3 464 1157 1575.09395421
2 465 1159 1575.84601204
1 466 1161 1581.18942668
2 467 1162 1582.24545029
3 468 1164 1588.8158176
4 469 1167 1590.80357623
5 470 1172 1598.17655157
4 471 1176 1599.24545029
3 472 1177 1599.24545029
2 473 1178 1602.8158176
3 474 1181 1615.06392087
4 475 1183 1618.43368827
5 476 1185 1618.92515445
4 477 1189 1627.17655157
5 478 1191 1627.34938381
4 479 1197 1632.43368827
3 480 1198 1632.43368827
2 481 1200 1635.92515445
1 482 1202 1641.06392087
2 483 1203 1649.87318055
3 484 1206 1651.63731316
4 485 1210 1659.1474614
3 486 1212 1660.87318055
4 487 1213 1661.03361508
3 488 1215 1663.87318055
4 489 1220 1671.12798184
3 490 1222 1672.03361508
4 491 1223 1677.30879161
3 492 1229 1682.1474614
2 493 1230 1685.12798184
1 494 1231 1688.30879161
2 495 1232 1691.18465333
3 496 1234 1694.2426496
2 497 1240 1705.18465333
3 498 1241 1712.63573653
2 499 1243 1714.2426496
3 500 1244 1716.4554827
4 501 1246 1718.58634522
3 502 1250 1724.4554827
4 503 1253 1725.79622993
5 504 1255 1726.7104089
6 505 1260 1733.84031258
5 506 1261 1735.58634522
6 507 1264 1736.3996285
7 508 1265 1737.58122472
6 509 1266 1738.63573653
7 510 1271 1740.86607229
6 511 1273 1742.79622993
7 512 1274 1744.59827517
6 513 1277 1746.58634522
5 514 1279 1746.58634522
6 515 1280 1746.80269829
7 516 1283 1748.14939799
8 517 1284 1750.98565654
7 518 1286 1752.63573653
8 519 1287 1757.82947968
9 520 1290 1760.8185275
8 521 1294 1763.58634522
7 522 1296 1768.79622993
6 523 1298 1769.63573653
7 524 1302 1771.36401642
8 525 1303 1772.70544946
7 526 1309 1777.58634522
8 527 1310 1777.83687218
9 528 1311 1778.13224203
8 529 1314 1780.63573653
7 530 1316 1783.63573653
6 531 1318 1785.79622993
7 532 1324 1790.52435966
6 533 1326 1791.63573653
7 534 1327 1791.8360981
8 535 1328 1795.55867961
7 536 1331 1797.58634522
8 537 1332 1799.48365652
9 538 1335 1802.60754048
10 539 1336 1803.58302172
9 540 1338 1803.58634522
10 541 1339 1805.13437062
9 542 1341 1808.79622993
8 543 1345 1814.63573653
9 544 1350 1819.57609166
8 545 1360 1828.79622993
7 546 1361 1829.09395421
6 547 1363 1829.58634522
5 548 1364 1831.63573653
4 549 1365 1831.63573653
3 550 1367 1834.63573653
2 551 1372 1839.79622993
3 552 1373 1839.83056147
4 553 1375 1842.22006472
3 554 1377 1846.09395421
4 555 1384 1850.64574115
3 556 1386 1856.83056147
2 557 1387 1859.22006472
1 558 1390 1876.64574115
2 559 1391 1891.08526759
3 560 1395 1901.95860985
2 561 1397 1902.08526759
3 562 1398 1906.66741271
4 563 1400 1908.87268308
3 564 1406 1915.95860985
4 565 1407 1917.19939132
3 566 1409 1917.66741271
2 567 1414 1925.87268308
1 568 1415 1931.19939132
2 569 1416 1931.47462987
1 570 1420 1948.47462987
2 571 1421 1953.88481076
3 572 1425 1955.94650972
2 573 1429 1964.88481076
3 574 1430 1965.88437387
2 575 1432 1969.94650972
3 576 1433 1971.35647345
4 577 1435 1975.11612007
5 578 1441 1981.95599728
4 579 1445 1985.35647345
3 580 1446 1988.88437387
4 581 1449 1992.56617659
3 582 1451 1995.95599728
2 583 1452 1998.11612007
3 584 1453 1999.54694819
4 585 1459 2010.33807557
3 586 1461 2013.54694819
2 587 1462 2015.56617659
3 588 1463 2015.80496227
4 589 1467 2022.81972248
3 590 1471 2030.33807557
4 591 1472 2033.68606449
5 592 1474 2033.94474691
4 593 1478 2035.80496227
5 594 1481 2039.14067316
4 595 1483 2042.81972248
3 596 1486 2047.68606449
2 597 1487 2050.94474691
3 598 1490 2055.28817386
2 599 1492 2056.14067316
3 600 1493 2061.21544129
4 601 1497 2062.72003024
5 602 1499 2067.43900145
4 603 1505 2072.21544129
3 604 1506 2075.43900145
2 605 1507 2078.28817386
1 606 1510 2082.72003024
2 607 1511 2082.99953626
3 608 1515 2086.27826901
4 609 1517 2086.47053489
5 610 1519 2090.42730404
4 611 1523 2093.99953626
5 612 1528 2097.67463602
6 613 1530 2098.1127882
5 614 1531 2100.47053489
4 615 1533 2101.42730404
3 616 1537 2112.27826901
4 617 1542 2116.99053453
3 618 1544 2123.47053489
2 619 1545 2126.67463602
3 620 1546 2126.82830563
4 621 1548 2128.0000626
3 622 1554 2133.99053453
4 623 1555 2135.65779935
3 624 1559 2140.82830563
2 625 1560 2142.0000626
3 626 1561 2142.01079711
4 627 1565 2145.31496148
5 628 1567 2145.74239993
4 629 1569 2146.65779935
5 630 1572 2154.92237635
4 631 1576 2156.01079711
5 632 1580 2167.48664317
4 633 1584 2168.31496148
3 634 1585 2168.74239993
4 635 1586 2169.34888913
5 636 1591 2173.23055447
4 637 1593 2174.92237635
3 638 1594 2179.31496148
4 639 1595 2181.2551451
5 640 1598 2182.52752391
6 641 1600 2182.58918258
5 642 1607 2188.92237635
4 643 1608 2188.92237635
3 644 1609 2191.92237635
2 645 1610 2192.34888913
1 646 1613 2201.2551451
2 647 1614 2204.4476234
3 648 1616 2207.7316262
4 649 1618 2208.65815525
5 650 1624 2215.86593681
6 651 1627 2218.53553772
5 652 1629 2218.7316262
6 653 1630 2222.3170774
5 654 1632 2222.65815525
4 655 1635 2233.4476234
5 656 1639 2239.49373256
4 657 1641 2241.7316262
3 658 1642 2242.65815525
4 659 1643 2244.29452804
5 660 1649 2254.21425363
6 661 1650 2255.88070372
5 662 1652 2256.4476234
4 663 1656 2261.29452804
3 664 1661 2269.29452804
2 665 1662 2270.7316262
1 666 1663 2273.4476234
2 667 1664 2282.52154945
3 668 1668 2292.34470565
2 669 1670 2293.52154945
3 670 1671 2300.58457343
4 671 1675 2306.86618599
5 672 1681 2313.71836318
4 673 1682 2315.34470565
3 674 1684 2320.58457343
2 675 1686 2323.86618599
3 676 1687 2329.2010627
4 677 1689 2330.17048737
5 678 1692 2330.63031091
6 679 1700 2340.75639009
5 680 1702 2341.34470565
6 681 1704 2342.20019829
5 682 1705 2343.2010627
6 683 1706 2343.28576147
5 684 1709 2344.17048737
4 685 1710 2346.2010627
3 686 1716 2349.17048737
2 687 1717 2351.75639009
1 688 1718 2355.17048737
2 689 1720 2370.49917549
3 690 1722 2376.45969269
4 691 1728 2381.81971149
5 692 1730 2382.90299802
6 693 1731 2383.79927582
5 694 1732 2384.49917549
4 695 1736 2387.45969269
5 696 1737 2387.50507639
6 697 1739 2389.54207924
7 698 1740 2390.61410867
8 699 1742 2391.18930509
7 700 1752 2398.50507639
8 701 1754 2398.89800192
9 702 1757 2400.57429472
8 703 1758 2401.50507639
7 704 1760 2401.81971149
8 705 1761 2402.24444637
9 706 1762 2403.90868156
8 707 1766 2407.49917549
7 708 1769 2409.50507639
6 709 1771 2410.01079711
7 710 1772 2410.90227645
8 711 1773 2411.8927205
7 712 1775 2415.81971149
8 713 1779 2418.36202624
7 714 1783 2420.50507639
6 715 1784 2420.50507639
7 716 1785 2422.38548245
6 717 1787 2424.49917549
5 718 1796 2434.50507639
6 719 1798 2436.5783206
7 720 1799 2438.63916076
6 721 1801 2439.01079711
7 722 1804 2440.0455048
8 723 1805 2441.348252
7 724 1807 2441.49917549
6 725 1808 2441.81971149
5 726 1813 2450.01079711
6 727 1818 2454.99854161
5 728 1820 2455.49917549
4 729 1823 2466.50507639
5 730 1824 2466.60313109
4 731 1826 2467.81971149
5 732 1828 2470.23322226
6 733 1833 2473.76150075
5 734 1835 2476.01079711
4 735 1837 2481.49917549
5 736 1838 2482.0683129
4 737 1841 2483.60313109
5 738 1846 2486.16066242
6 739 1847 2487.57604464
5 740 1848 2490.01079711
4 741 1850 2492.49917549
5 742 1852 2492.83677777
6 743 1855 2496.33755601
5 744 1856 2497.60313109
4 745 1865 2509.49917549
5 746 1866 2510.78381572
6 747 1867 2512.89105693
7 748 1869 2517.15923928
6 749 1872 2517.60313109
5 750 1876 2522.01079711
6 751 1877 2522.42467556
5 752 1884 2528.60313109
4 753 1885 2531.60313109
3 754 1886 2532.49917549
4 755 1887 2532.73376019
3 756 1889 2533.42467556
4 757 1890 2533.43341496
3 758 1892 2535.49917549
4 759 1898 2538.91766647
3 760 1900 2546.73376019
2 761 1902 2553.43341496
3 762 1903 2553.52345234
4 763 1905 2553.86904659
3 764 1910 2560.73376019
2 765 1912 2570.52345234
3 766 1915 2573.51589946
2 767 1919 2577.73376019
3 768 1920 2581.08576399
2 769 1923 2587.51589946
3 770 1926 2594.25254203
2 771 1928 2604.08576399
3 772 1929 2606.93232945
4 773 1933 2609.22688139
5 774 1937 2619.77648823
4 775 1938 2620.93232945
5 776 1942 2622.37400993
4 777 1944 2623.25254203
5 778 1945 2625.64569434
4 779 1947 2626.22688139
5 780 1948 2627.00770026
4 781 1955 2634.22688139
3 782 1957 2634.25254203
4 783 1958 2635.38670673
3 784 1962 2640.93232945
4 785 1963 2641.40081888
3 786 1965 2643.38670673
4 787 1968 2646.91294523
5 788 1974 2654.23188463
4 789 1976 2655.40081888
3 790 1979 2660.22688139
4 791 1980 2661.01626941
3 792 1982 2663.91294523
4 793 1983 2664.83620877
3 794 1985 2666.40081888
4 795 1986 2670.1336835
5 796 1989 2672.74914932
4 797 1995 2678.83620877
3 798 1998 2681.01626941
2 799 1999 2684.01626941
3 800 2000 2687.67926244
2 801 2004 2693.1336835
3 802 2005 2699.57914714
4 803 2009 2706.23244179
3 804 2011 2707.67926244
2 805 2012 2713.57914714
3 806 2015 2716.97000325
2 807 2019 2723.23244179
3 808 2021 2723.23997555
4 809 2023 2724.70409679
5 810 2024 2725.91005173
4 811 2026 2727.97000325
5 812 2029 2730.81573542
6 813 2030 2733.08098271
7 814 2036 2737.52422759
6 815 2040 2743.23997555
7 816 2043 2747.68492199
6 817 2044 2749.23997555
7 818 2045 2750.0809041
8 819 2046 2750.69171597
7 820 2047 2750.81971149
6 821 2050 2753.97000325
7 822 2052 2754.79102788
8 823 2057 2762.17175645
7 824 2064 2764.81971149
8 825 2065 2765.45053155
9 826 2066 2766.10752222
8 827 2069 2767.97000325
7 828 2073 2769.23997555
6 829 2075 2773.81971149
7 830 2080 2778.40182588
6 831 2081 2778.97000325
7 832 2084 2780.76536417
8 833 2085 2780.98604567
7 834 2087 2783.49917549
6 835 2088 2784.97000325
5 836 2091 2786.23997555
6 837 2092 2786.54265016
5 838 2093 2787.81971149
6 839 2095 2791.32372307
7 840 2100 2797.00418741
6 841 2106 2804.81971149
7 842 2107 2809.09933782
6 843 2109 2809.49917549
5 844 2110 2810.97000325
6 845 2112 2812.07547007
5 846 2114 2812.23997555
6 847 2115 2812.30861993
7 848 2122 2823.06140736
6 849 2124 2823.49917549
7 850 2127 2825.35746725
6 851 2129 2827.81971149
7 852 2130 2829.71774287
6 853 2135 2833.97000325
5 854 2138 2838.23997555
4 855 2139 2843.49917549
5 856 2143 2844.07156937
4 857 2145 2844.81971149
5 858 2147 2845.91508362
4 859 2148 2847.97000325
5 860 2150 2856.8241392
4 861 2152 2856.97000325
5 862 2156 2857.80231917
6 863 2158 2858.20314101
5 864 2160 2861.07156937
4 865 2162 2867.07156937
3 866 2169 2876.8241392
2 867 2170 2878.07156937
1 868 2171 2880.80231917
2 869 2172 2884.38693751
3 870 2175 2889.23346275
4 871 2177 2895.58462787
5 872 2182 2901.85807465
6 873 2184 2908.24126088
5 874 2188 2910.38693751
4 875 2189 2910.38693751
3 876 2192 2913.38693751
4 877 2193 2915.52747158
5 878 2195 2915.74197412
4 879 2197 2918.85807465
3 880 2198 2919.24126088
4 881 2199 2921.2271597
3 882 2207 2932.85807465
4 883 2208 2938.181439
3 884 2210 2938.2271597
4 885 2214 2949.89661525
3 886 2216 2950.52747158
4 887 2217 2950.57202649
3 888 2219 2955.181439
4 889 2222 2958.10095011
5 890 2227 2963.86500527
6 891 2228 2964.54199271
5 892 2230 2964.57202649
6 893 2231 2966.46311685
5 894 2233 2966.89661525
4 895 2239 2972.10095011
3 896 2240 2975.54199271
4 897 2243 2977.43584157
3 898 2245 2978.10095011
4 899 2246 2980.17920532
3 900 2250 2983.46311685
2 901 2251 2988.43584157
1 902 2254 2994.17920532
2 903 2255 3004.91877547
3 904 2257 3007.62475384
4 905 2261 3012.67058503
5 906 2263 3018.49285086
6 907 2269 3024.64072748
5 908 2270 3027.91877547
4 909 2274 3032.67058503
3 910 2277 3036.62475384
2 911 2280 3044.49285086
1 912 2281 3044.91877547
2 913 2282 3045.08693629
3 914 2284 3048.17251651
4 915 2288 3055.88729335
5 916 2290 3056.20110971
6 917 2291 3056.61126106
7 918 2292 3056.6698575
8 919 2296 3059.54286618
7 920 2300 3065.17251651
8 921 2302 3072.05891211
7 922 2303 3072.88729335
6 923 2305 3074.08693629
5 924 2308 3075.88729335
6 925 2310 3078.72876209
7 926 2311 3079.93087049
8 927 2312 3084.02451082
7 928 2314 3085.17251651
6 929 2320 3091.08693629
5 930 2324 3098.88729335
6 931 2325 3103.86306633
5 932 2330 3108.08693629
4 933 2333 3109.88729335
3 934 2334 3111.17251651
4 935 2337 3121.79413048
5 936 2341 3124.80870549
4 937 2343 3125.08693629
3 938 2346 3130.08693629
2 939 2350 3132.88729335
3 940 2351 3132.96211137
4 941 2354 3143.46258834
3 942 2356 3144.79413048
4 943 2360 3151.62808495
3 944 2364 3158.96211137
4 945 2367 3161.33327532
3 946 2369 3162.62808495
4 947 2372 3172.14141479
3 948 2374 3172.46258834
4 949 2375 3172.64140935
5 950 2379 3178.50740411
4 951 2380 3180.64140935
3 952 2382 3181.33327532
4 953 2385 3182.55640896
3 954 2389 3194.64140935
2 955 2390 3198.14141479
3 956 2393 3205.50169538
2 957 2395 3214.55640896
3 958 2396 3215.1608394
4 959 2400 3220.86134998
5 960 2404 3223.67686612
6 961 2407 3228.49373394
5 962 2408 3228.50169538
4 963 2410 3229.1608394
5 964 2414 3232.39828377
4 965 2416 3237.86134998
3 966 2419 3242.50169538
4 967 2421 3243.36924649
5 968 2424 3247.70607891
6 969 2427 3248.81773295
5 970 2430 3249.1608394
4 971 2431 3251.86134998
5 972 2437 3253.93102114
4 973 2439 3257.1608394
3 974 2440 3257.67058503
2 975 2443 3260.1608394
3 976 2445 3267.34082702
2 977 2447 3270.93102114
3 978 2448 3276.53454778
2 979 2452 3281.34082702
3 980 2453 3282.63152086
4 981 2459 3291.871377
3 982 2461 3296.53454778
2 983 2462 3299.63152086
3 984 2465 3304.15682484
2 985 2467 3305.871377
3 986 2470 3313.4187308
2 987 2472 3318.15682484
3 988 2475 3322.58449443
2 989 2479 3327.4187308
3 990 2480 3332.69091694
2 991 2482 3333.58449443
3 992 2483 3335.07881081
2 993 2487 3343.69091694
3 994 2490 3349.82089044
4 995 2492 3352.29984017
3 996 2494 3355.07881081
4 997 2495 3361.35128419
5 998 2497 3362.3424531
6 999 2500 3363.73425478
7 1000 2505 3369.41872769
6 1001 2507 3369.82089044
7 1002 2508 3370.44088693
8 1003 2509 3371.01425834
7 1004 2511 3372.29984017
6 1005 2512 3375.35128419
7 1006 2515 3375.41590123
6 1007 2523 3383.35128419
7 1008 2524 3387.94901698
6 1009 2528 3389.35128419
7 1010 2529 3389.73820268
6 1011 2531 3392.29984017
5 1012 2533 3392.82089044
4 1013 2540 3403.82089044
5 1014 2541 3404.0235824
4 1015 2545 3406.35128419
3 1016 2546 3412.08693629
2 1017 2549 3418.29984017
1 1018 2552 3427.0235824
2 1019 2553 3431.58867066
3 1020 2555 3434.88070257
4 1021 2557 3438.99522842
5 1022 2561 3441.80679226
4 1023 2563 3445.58867066
3 1024 2568 3451.88070257
2 1025 2571 3455.99522842
1 1026 2572 3456.58867066
2 1027 2573 3483.67425497
3 1028 2576 3488.56867667
4 1029 2580 3496.43586811
3 1030 2582 3497.67425497
4 1031 2585 3502.01876972
5 1032 2589 3503.83312201
6 1033 2592 3504.7360329
5 1034 2593 3505.56867667
4 1035 2599 3513.01876972
3 1036 2600 3514.83312201
2 1037 2601 3517.83312201
1 1038 2602 3519.43586811
2 1039 2603 3529.02841689
3 1040 2605 3532.85357681
4 1041 2611 3552.73372953
3 1042 2613 3555.02841689
4 1043 2614 3555.28133457
5 1044 2617 3555.94546999
6 1045 2618 3556.50649403
7 1046 2621 3556.65726586
6 1047 2625 3558.85357681
5 1048 2631 3563.28133457
4 1049 2632 3563.73372953
3 1050 2633 3566.73372953
2 1051 2634 3570.50649403
1 1052 2635 3575.28133457
2 1053 2636 3586.58135364
3 1054 2640 3601.26491532
2 1055 2642 3612.58135364
1 1056 2645 3618.26491532
2 1057 2646 3626.83665758
3 1058 2649 3628.6148647
4 1059 2654 3638.71414443
5 1060 2656 3641.42982943
4 1061 2658 3643.83665758
3 1062 2661 3646.83665758
4 1063 2664 3651.45097179
3 1064 2666 3652.42982943
4 1065 2669 3658.76347948
5 1066 2671 3660.44965686
4 1067 2675 3664.71414443
5 1068 2676 3665.27686721
4 1069 2678 3665.45097179
5 1070 2679 3665.79053011
6 1071 2683 3668.91257876
7 1072 2685 3670.81175076
6 1073 2687 3672.76347948
7 1074 2690 3674.21550169
6 1075 2695 3677.44965686
7 1076 2697 3678.77122735
6 1077 2701 3679.27686721
5 1078 2702 3679.79053011
4 1079 2703 3683.76347948
3 1080 2708 3688.91257876
2 1081 2709 3690.27686721
1 1082 2710 3697.44965686
2 1083 2711 3697.57162603
3 1084 2713 3698.34677188
4 1085 2715 3699.78957259
5 1086 2717 3700.5856579
4 1087 2725 3712.34677188
5 1088 2728 3716.63485362
6 1089 2730 3718.80973778
5 1090 2732 3720.57162603
4 1091 2733 3722.78957259
5 1092 2738 3727.85388699
4 1093 2742 3729.5856579
5 1094 2743 3731.22783769
4 1095 2745 3732.80973778
5 1096 2746 3734.81777501
4 1097 2750 3739.63485362
5 1098 2753 3741.68660675
4 1099 2757 3744.85388699
3 1100 2758 3745.22783769
2 1101 2759 3748.81777501
3 1102 2762 3757.55084649
4 1103 2764 3761.02245438
3 1104 2766 3761.68660675
4 1105 2767 3764.38902411
5 1106 2771 3766.04235094
6 1107 2773 3768.29357833
7 1108 2778 3771.48095224
6 1109 2780 3772.02245438
7 1110 2781 3777.26779047
8 1111 2784 3779.03617603
7 1112 2788 3781.38902411
6 1113 2790 3783.04235094
5 1114 2792 3783.55084649
4 1115 2793 3786.02245438
5 1116 2800 3792.72043389
4 1117 2802 3797.55084649
3 1118 2803 3800.04235094
4 1119 2806 3808.42021037
3 1120 2808 3810.38902411
4 1121 2809 3810.57371586
3 1122 2813 3812.72043389
2 1123 2816 3818.57371586
1 1124 2817 3825.42021037
2 1125 2818 3827.13643052
3 1126 2820 3829.42448836
4 1127 2822 3831.09607325
5 1128 2826 3831.24291015
6 1129 2831 3833.971455
7 1130 2832 3836.02782669
6 1131 2838 3840.42448836
5 1132 2840 3841.13643052
4 1133 2841 3845.24291015
3 1134 2842 3845.24291015
2 1135 2843 3848.09607325
3 1136 2847 3855.50464031
4 1137 2850 3862.80644721
5 1138 2853 3864.32706026
4 1139 2857 3869.42448836
5 1140 2860 3870.11959495
6 1141 2863 3872.08171927
5 1142 2864 3872.50464031
4 1143 2865 3872.50464031
3 1144 2866 3876.80644721
4 1145 2870 3882.2216305
3 1146 2872 3884.11959495
2 1147 2873 3887.11959495
3 1148 2874 3894.52818432
4 1149 2878 3896.0047386
5 1150 2880 3897.5643768
4 1151 2883 3899.52818432
5 1152 2885 3900.65776977
6 1153 2886 3900.9461156
5 1154 2890 3913.0047386
4 1155 2892 3914.2216305
3 1156 2897 3922.52818432
2 1157 2898 3924.0047386
3 1158 2899 3925.39003168
4 1159 2903 3929.32092278
3 1160 2905 3931.2216305
4 1161 2911 3935.93500237
5 1162 2913 3937.86118045
4 1163 2915 3939.39003168
3 1164 2918 3940.32092278
4 1165 2919 3940.43903378
3 1166 2923 3952.93500237
4 1167 2924 3953.38133391
3 1168 2930 3957.43903378
4 1169 2931 3959.60811666
3 1170 2933 3960.86118045
4 1171 2934 3965.11617218
5 1172 2936 3966.42786789
6 1173 2938 3969.19317114
5 1174 2941 3970.38133391
6 1175 2945 3973.31408692
7 1176 2946 3973.39719664
6 1177 2948 3974.42786789
7 1178 2949 3974.83933896
6 1179 2953 3979.60811666
7 1180 2959 3984.99517095
6 1181 2961 3985.11617218
5 1182 2962 3987.38133391
4 1183 2963 3988.42786789
5 1184 2967 3991.52529119
4 1185 2969 3993.60811666
5 1186 2970 3993.68927595
4 1187 2976 3999.11617218
3 1188 2980 4002.60811666
2 1189 2982 4004.68927595
1 1190 2985 4014.52529119
2 1191 2986 4015.62235372
3 1192 2989 4020.50404133
4 1193 2993 4022.80149096
3 1194 2997 4026.62235372
2 1195 2998 4035.62235372
1 1196 2999 4036.80149096
2 1197 3000 4043.25636309
3 1198 3002 4046.63297043
4 1199 3006 4050.53727644
5 1200 3009 4054.71591627
4 1201 3011 4057.25636309
3 1202 3012 4060.63297043
2 1203 3019 4074.63297043
3 1204 3020 4075.74953586
4 1205 3022 4076.23760465
3 1206 3024 4077.25636309
4 1207 3027 4086.82151997
5 1208 3029 4087.52167145
6 1209 3034 4095.18346003
5 1210 3036 4095.74953586
4 1211 3037 4096.23760465
3 1212 3039 4097.82151997
4 1213 3040 4108.01541935
5 1214 3042 4109.22466898
6 1215 3047 4112.88357064
5 1216 3051 4115.74953586
6 1217 3052 4115.86528796
7 1218 3053 4115.97159388
6 1219 3055 4119.01541935
7 1220 3056 4121.54507381
6 1221 3060 4128.23760465
5 1222 3064 4130.01541935
4 1223 3065 4132.74953586
3 1224 3071 4138.01541935
4 1225 3074 4142.76818843
5 1226 3076 4145.86127915
4 1227 3077 4146.74953586
3 1228 3081 4151.23760465
4 1229 3083 4151.42729379
3 1230 3085 4156.76818843
4 1231 3089 4162.30407226
5 1232 3091 4163.84357284
6 1233 3092 4166.09046992
5 1234 3094 4166.74953586
6 1235 3098 4172.45805115
5 1236 3101 4173.76818843
6 1237 3105 4177.76799742
5 1238 3106 4179.76818843
4 1239 3108 4180.74953586
5 1240 3109 4182.39881471
4 1241 3112 4187.76818843
5 1242 3114 4194.72100294
4 1243 3116 4194.74953586
5 1244 3118 4198.5954645
6 1245 3121 4204.2243825
7 1246 3125 4206.02195199
6 1247 3126 4208.74953586
5 1248 3128 4214.74953586
4 1249 3131 4219.76818843
5 1250 3139 4230.31668909
4 1251 3140 4231.74953586
3 1252 3144 4233.76818843
4 1253 3145 4236.32571478
5 1254 3149 4239.30408048
4 1255 3153 4245.11617218
3 1256 3154 4245.74953586
4 1257 3156 4245.90746808
5 1258 3157 4247.81415002
4 1259 3159 4250.32571478
5 1260 3162 4253.61396411
4 1261 3167 4261.81415002
3 1262 3168 4262.11617218
2 1263 3171 4265.11617218
3 1264 3172 4272.65324271
2 1265 3174 4276.61396411
3 1266 3175 4280.53154279
4 1267 3178 4281.78511088
3 1268 3184 4289.65324271
2 1269 3185 4289.65324271
1 1270 3186 4294.53154279
2 1271 3187 4299.5189069
3 1272 3191 4310.34068824
2 1273 3195 4316.5189069
1 1274 3196 4318.34068824
2 1275 3197 4324.75761751
3 1276 3199 4333.61526204
4 1277 3203 4336.93828209
3 1278 3207 4341.75761751
2 1279 3210 4347.93828209
1 1280 3211 4350.61526204
2 1281 3212 4352.83827964
3 1282 3216 4363.15539873
4 1283 3218 4366.84055077
5 1284 3221 4370.54337001
4 1285 3225 4375.83827964
3 1286 3226 4377.84055077
2 1287 3229 4380.84055077
3 1288 3230 4392.0690666
2 1289 3232 4392.15539873
3 1290 3235 4398.49059889
4 1291 3241 4405.66538142
3 1292 3243 4406.0690666
4 1293 3245 4408.5435602
5 1294 3249 4410.82868429
4 1295 3250 4411.0690666
3 1296 3254 4415.49059889
2 1297 3257 4420.0690666
1 1298 3260 4431.0690666
2 1299 3261 4441.26739244
3 1300 3263 4442.48075139
4 1301 3266 4442.64462325
5 1302 3267 4443.25745342
6 1303 3269 4443.8067846
7 1304 3270 4443.96359553
8 1305 3278 4454.54462075
7 1306 3279 4459.48075139
6 1307 3280 4460.25745342
7 1308 3282 4460.77055786
6 1309 3286 4464.26739244
5 1310 3290 4468.48075139
6 1311 3291 4469.37026103
5 1312 3292 4474.25745342
6 1313 3294 4474.42702033
5 1314 3296 4478.26739244
6 1315 3298 4478.79545838
7 1316 3305 4484.24860702
6 1317 3309 4485.48075139
7 1318 3311 4487.60059101
8 1319 3312 4487.99645192
7 1320 3313 4488.25745342
8 1321 3315 4489.95721732
9 1322 3316 4491.76194232
8 1323 3319 4492.26739244
7 1324 3321 4495.26739244
6 1325 3324 4497.25745342
5 1326 3325 4499.25745342
4 1327 3327 4499.48075139
5 1328 3329 4499.6488998
4 1329 3334 4506.26739244
3 1330 3338 4507.25745342
4 1331 3339 4513.17448928
3 1332 3343 4516.48075139
4 1333 3344 4520.38472511
3 1334 3346 4523.26739244
4 1335 3348 4524.12534239
5 1336 3352 4527.17120008
4 1337 3357 4530.17448928
5 1338 3358 4533.77666401
4 1339 3359 4534.38472511
5 1340 3360 4535.19920195
6 1341 3362 4535.67204121
5 1342 3364 4537.38472511
6 1343 3365 4537.45985236
7 1344 3366 4539.30881785
8 1345 3369 4540.67678456
7 1346 3373 4554.38472511
8 1347 3374 4556.83501412
9 1348 3375 4556.85025328
10 1349 3376 4558.21349379
9 1350 3380 4559.17448928
10 1351 3381 4560.05859615
9 1352 3385 4568.38472511
8 1353 3387 4570.17448928
9 1354 3388 4571.88665719
8 1355 3395 4587.17448928
9 1356 3396 4594.01940475
8 1357 3401 4594.38472511
9 1358 3402 4595.56219932
8 1359 3403 4601.17448928
7 1360 3408 4607.17448928
8 1361 3410 4608.2734779
9 1362 3411 4609.49150092
8 1363 3413 4611.38472511
9 1364 3416 4619.71543137
8 1365 3424 4624.17448928
7 1366 3430 4626.17448928
6 1367 3431 4628.38472511
5 1368 3433 4629.17448928
4 1369 3438 4633.8835252
3 1370 3442 4636.38472511
4 1371 3443 4640.0077712
3 1372 3445 4640.17448928
2 1373 3449 4643.17448928
1 1374 3450 4648.0077712
2 1375 3452 4656.0505954
3 1376 3454 4667.53504109
4 1377 3460 4673.93632703
5 1378 3461 4675.03316191
6 1379 3462 4675.08928013
7 1380 3463 4676.46041677
6 1381 3464 4678.53504109
7 1382 3466 4679.7949074
6 1383 3469 4682.0505954
7 1384 3470 4683.38216824
8 1385 3476 4691.71063233
9 1386 3477 4692.81632485
8 1387 3479 4693.0505954
7 1388 3483 4701.0505954
6 1389 3485 4701.53504109
5 1390 3486 4702.0505954
6 1391 3491 4705.98919763
5 1392 3492 4715.0505954
4 1393 3495 4718.53504109
3 1394 3500 4729.0505954
2 1395 3502 4735.53504109
3 1396 3505 4737.34888533
4 1397 3507 4738.30838106
3 1398 3510 4742.34888533
4 1399 3513 4742.93561451
3 1400 3514 4743.0505954
4 1401 3515 4745.67780868
5 1402 3517 4745.85961101
4 1403 3526 4759.34888533
3 1404 3527 4762.34888533
4 1405 3528 4762.83920955
3 1406 3531 4768.67780868
2 1407 3533 4770.34888533
3 1408 3536 4780.29641108
2 1409 3538 4785.67780868
3 1410 3540 4786.36886134
2 1411 3544 4794.29641108
1 1412 3548 4802.29641108
2 1413 3549 4805.34943705
3 1414 3551 4805.79696731
2 1415 3559 4825.34943705
3 1416 3560 4827.46471277
2 1417 3562 4828.51298434
3 1418 3565 4838.44464858
2 1419 3567 4841.46471277
3 1420 3570 4851.20156491
2 1421 3572 4852.44464858
3 1422 3573 4853.39141122
4 1423 3579 4865.64549723
5 1424 3580 4866.69939169
6 1425 3581 4868.75704041
7 1426 3582 4871.16552908
8 1427 3583 4871.21334581
7 1428 3588 4873.39141122
6 1429 3589 4874.20156491
7 1430 3591 4876.15346724
6 1431 3597 4881.39141122
5 1432 3599 4884.39141122
6 1433 3600 4884.68199092
5 1434 3604 4888.20156491
6 1435 3607 4895.35644684
7 1436 3608 4901.17571385
6 1437 3610 4901.39141122
5 1438 3612 4902.20156491
6 1439 3614 4905.12133324
7 1440 3615 4906.23139434
8 1441 3616 4907.30794693
9 1442 3620 4916.53437983
10 1443 3621 4919.44827322
11 1444 3624 4923.3063013
10 1445 3625 4925.20156491
9 1446 3626 4925.20156491
10 1447 3630 4926.94683526
9 1448 3633 4930.20156491
8 1449 3637 4933.39141122
9 1450 3638 4933.71001777
10 1451 3642 4934.28897743
11 1452 3643 4937.11976335
10 1453 3645 4938.20156491
9 1454 3646 4938.20156491
10 1455 3651 4944.08000698
9 1456 3653 4947.39141122
8 1457 3654 4947.39141122
9 1458 3657 4950.32123089
8 1459 3658 4950.39141122
7 1460 3661 4955.20156491
8 1461 3669 4962.90320555
9 1462 3670 4963.20428424
8 1463 3675 4968.04539721
9 1464 3676 4968.40599664
8 1465 3679 4970.39141122
7 1466 3681 4972.20156491
8 1467 3682 4974.39297864
7 1468 3687 4978.20156491
6 1469 3689 4980.20156491
5 1470 3693 4982.04539721
6 1471 3695 4984.2182404
5 1472 3698 4990.39141122
4 1473 3702 4996.39141122
5 1474 3705 5001.71602552
6 1475 3706 5002.36831576
5 1476 3708 5003.20156491
6 1477 3709 5003.43274379
5 1478 3712 5005.04539721
4 1479 3714 5010.39141122
5 1480 3720 5015.0827363
6 1481 3723 5019.73845995
5 1482 3724 5020.20156491
6 1483 3727 5020.32457106
5 1484 3732 5025.04539721
4 1485 3733 5026.0827363
3 1486 3734 5028.04539721
2 1487 3735 5029.0827363
1 1488 3736 5029.0827363
2 1489 3737 5030.78685159
3 1490 3740 5037.97656108
4 1491 3746 5050.58104263
3 1492 3748 5050.78685159
2 1493 3749 5054.97656108
3 1494 3752 5057.85953735
4 1495 3754 5062.55410037
3 1496 3756 5064.58104263
4 1497 3759 5068.25492364
5 1498 3767 5075.84918048
4 1499 3769 5077.85953735
3 1500 3770 5079.25492364
2 1501 3771 5079.55410037
3 1502 3772 5081.87435512
2 1503 3778 5086.87435512
3 1504 3779 5095.07850206
2 1505 3781 5098.84918048
1 1506 3784 5109.07850206
2 1507 3785 5114.94830714
1 1508 3789 5128.94830714
2 1509 3790 5141.10296565
3 1510 3792 5141.4042935
4 1511 3794 5142.39520583
5 1512 3798 5149.10164673
4 1513 3804 5153.39520583
3 1514 3807 5157.10164673
2 1515 3808 5158.10296565
1 1516 3809 5161.4042935
2 1517 3810 5180.82294397
3 1518 3812 5183.4345893
4 1519 3814 5186.90318925
3 1520 3822 5200.82294397
4 1521 3823 5202.3123072
3 1522 3825 5206.4345893
2 1523 3826 5206.90318925
3 1524 3827 5211.02954101
4 1525 3833 5215.68523262
5 1526 3835 5215.98422161
4 1527 3837 5219.3123072
5 1528 3838 5221.00710354
4 1529 3840 5222.02954101
5 1530 3843 5224.71674835
4 1531 3849 5229.68523262
5 1532 3850 5235.73961129
4 1533 3854 5238.98422161
3 1534 3858 5241.00710354
4 1535 3859 5243.75489357
5 1536 3861 5244.60349149
4 1537 3862 5244.71674835
5 1538 3868 5248.27924813
4 1539 3872 5255.71674835
3 1540 3873 5255.73961129
2 1541 3874 5257.75489357
1 1542 3875 5258.71674835
2 1543 3876 5259.67772406
3 1544 3882 5264.59198377
4 1545 3883 5271.16113964
5 1546 3885 5271.99348158
4 1547 3887 5273.67772406
5 1548 3890 5276.01739991
6 1549 3894 5280.87404714
5 1550 3897 5282.16113964
4 1551 3903 5284.59198377
3 1552 3904 5290.01739991
2 1553 3905 5291.99348158
3 1554 3906 5297.86730335
2 1555 3908 5299.16113964
3 1556 3909 5303.81056729
4 1557 3915 5313.04594612
5 1558 3917 5313.12048425
4 1559 3919 5317.86730335
3 1560 3922 5323.81056729
2 1561 3925 5330.04594612
3 1562 3926 5332.33859496
2 1563 3928 5333.12048425
3 1564 3929 5337.1331269
4 1565 3931 5337.79787308
5 1566 3936 5342.02330349
6 1567 3942 5348.99462702
5 1568 3944 5349.33859496
4 1569 3945 5351.1331269
3 1570 3946 5352.33859496
4 1571 3947 5352.79869521
5 1572 3949 5352.85046141
6 1573 3954 5355.79411817
5 1574 3955 5362.99462702
6 1575 3956 5363.03750467
5 1576 3958 5363.79787308
4 1577 3964 5369.79869521
5 1578 3965 5371.26079124
4 1579 3967 5372.79869521
5 1580 3970 5375.07006415
4 1581 3972 5375.85046141
5 1582 3973 5378.54690915
6 1583 3976 5380.18394673
7 1584 3981 5382.77072903
8 1585 3982 5383.40019614
9 1586 3984 5384.23739709
10 1587 3985 5385.8381134
9 1588 3987 5386.54690915
8 1589 3988 5389.03750467
7 1590 3991 5391.26079124
8 1591 3998 5395.54374287
9 1592 3999 5395.95467153
8 1593 4002 5398.07006415
7 1594 4006 5403.03750467
6 1595 4008 5403.54690915
5 1596 4009 5407.07006415
6 1597 4010 5408.34798822
5 1598 4014 5410.07006415
4 1599 4015 5411.26079124
5 1600 4019 5415.39928619
4 1601 4022 5420.03750467
3 1602 4023 5422.34798822
2 1603 4026 5426.54690915
1 1604 4027 5429.39928619
2 1605 4028 5429.9235277
3 1606 4032 5440.22458355
2 1607 4036 5446.9235277
3 1608 4038 5450.16307472
2 1609 4040 5451.22458355
3 1610 4045 5466.67873004
4 1611 4047 5468.9687572
3 1612 4049 5470.16307472
2 1613 4052 5477.67873004
3 1614 4053 5477.77120145
4 1615 4057 5480.38953954
3 1616 4061 5488.9687572
4 1617 4062 5490.16998845
3 1618 4066 5497.77120145
2 1619 4069 5504.16998845
3 1620 4070 5505.67912211
2 1621 4072 5509.38953954
3 1622 4075 5513.70549486
4 1623 4077 5518.65615753
5 1624 4081 5521.64605972
4 1625 4085 5522.67912211
5 1626 4086 5522.85055828
6 1627 4088 5527.06970849
5 1628 4089 5527.70549486
6 1629 4093 5529.06835148
5 1630 4097 5532.65615753
4 1631 4098 5533.85055828
3 1632 4099 5535.64605972
2 1633 4102 5540.65615753
1 1634 4105 5544.70549486
2 1635 4106 5548.50121744
3 1636 4108 5554.98813265
4 1637 4111 5556.90838906
5 1638 4112 5558.16798135
6 1639 4118 5562.25435646
7 1640 4120 5562.59931529
6 1641 4124 5565.50121744
5 1642 4126 5566.16798135
6 1643 4127 5566.39883135
5 1644 4129 5568.98813265
6 1645 4132 5571.50504621
5 1646 4133 5574.98813265
6 1647 4139 5577.45863038
5 1648 4140 5579.25435646
6 1649 4142 5580.90787562
5 1650 4148 5583.39883135
4 1651 4149 5585.50121744
3 1652 4150 5593.25435646
2 1653 4154 5594.98813265
3 1654 4155 5598.41169591
4 1655 4157 5599.93812402
3 1656 4159 5600.39883135
4 1657 4160 5601.42477522
5 1658 4162 5606.21744013
6 1659 4170 5617.14953191
7 1660 4171 5621.26121611
6 1661 4172 5622.93812402
5 1662 4175 5624.41169591
4 1663 4176 5624.42477522
5 1664 4178 5625.70210527
6 1665 4185 5634.61027401
7 1666 4186 5634.96729475
8 1667 4187 5636.0243463
9 1668 4188 5636.2264711
8 1669 4190 5638.42477522
7 1670 4192 5639.93812402
8 1671 4193 5640.35318431
7 1672 4195 5641.41169591
8 1673 4202 5654.07096901
7 1674 4204 5656.93812402
6 1675 4206 5658.41169591
5 1676 4209 5658.42477522
6 1677 4215 5664.39928617
5 1678 4217 5666.42477522
6 1679 4218 5668.29465281
5 1680 4223 5672.41169591
4 1681 4224 5672.42477522
3 1682 4225 5673.93812402
2 1683 4228 5683.42477522
3 1684 4232 5686.55590458
2 1685 4236 5691.9235277
1 1686 4238 5703.55590458
2 1687 4239 5713.35312551
3 1688 4241 5713.63603683
2 1689 4247 5727.35312551
1 1690 4248 5727.63603683
2 1691 4249 5729.79982013
3 1692 4251 5731.73560318
4 1693 4253 5734.94399539
5 1694 4257 5737.2561842
6 1695 4259 5738.45774645
5 1696 4263 5740.79982013
6 1697 4264 5740.96463416
7 1698 4265 5741.3016864
8 1699 4269 5747.16690039
7 1700 4270 5751.73560318
6 1701 4272 5751.73560318
5 1702 4274 5751.94399539
6 1703 4277 5753.96522856
7 1704 4278 5754.88026419
8 1705 4283 5759.93470794
7 1706 4285 5763.79982013
6 1707 4287 5765.73560318
5 1708 4293 5768.94399539
6 1709 4294 5769.16232951
7 1710 4295 5769.90523536
6 1711 4297 5770.73560318
5 1712 4299 5771.79982013
4 1713 4306 5782.79982013
3 1714 4308 5784.73560318
2 1715 4310 5785.94399539
1 1716 4313 5793.79982013
2 1717 4314 5796.63571633
3 1718 4319 5817.93668562
2 1719 4321 5819.63571633
3 1720 4323 5823.21124058
4 1721 4325 5824.72652442
3 1722 4333 5837.93668562
4 1723 4334 5841.69481603
3 1724 4336 5843.21124058
2 1725 4337 5847.72652442
3 1726 4338 5848.20751145
4 1727 4344 5857.8111413
3 1728 4346 5861.69481603
2 1729 4347 5862.20751145
3 1730 4348 5862.41402286
4 1731 4352 5869.63797226
5 1732 4354 5870.67283404
4 1733 4355 5871.8111413
5 1734 4357 5874.22971057
4 1735 4364 5882.41402286
3 1736 4366 5885.8111413
2 1737 4369 5892.63797226
1 1738 4370 5899.41402286
2 1739 4371 5904.62609651
3 1740 4373 5904.84690775
2 1741 4379 5918.62609651
1 1742 4380 5918.84690775
2 1743 4381 5918.97439767
3 1744 4383 5923.09263124
4 1745 4387 5926.23326265
5 1746 4391 5930.33971684
4 1747 4392 5932.97439767
5 1748 4394 5933.53746172
4 1749 4399 5937.09263124
3 1750 4401 5940.97439767
4 1751 4403 5942.38231301
3 1752 4404 5946.23326265
2 1753 4410 5951.09263124
3 1754 4411 5954.1527652
4 1755 4413 5955.06650164
3 1756 4416 5957.09263124
4 1757 4421 5962.8369152
3 1758 4423 5969.06650164
2 1759 4424 5971.1527652
1 1760 4427 5982.8369152
2 1761 4428 5993.73356993
1 1762 4432 6010.73356993
2 1763 4433 6020.16167193
3 1764 4437 6026.28603692
4 1765 4441 6029.1764267
5 1766 4445 6030.71539444
4 1767 4447 6031.16167193
5 1768 4449 6032.40290888
6 1769 4450 6033.26671362
5 1770 4455 6040.28603692
4 1771 4456 6043.28603692
3 1772 4457 6044.71539444
2 1773 4460 6050.71539444
1 1774 4461 6062.26671362
2 1775 4462 6066.07159854
3 1776 4465 6069.22333525
2 1777 4469 6083.07159854
1 1778 4470 6083.07159854
2 1779 4472 6083.24614542
3 1780 4473 6085.90673776
4 1781 4475 6087.83094284
5 1782 4481 6094.07409412
4 1783 4485 6100.24614542
3 1784 4486 6102.90673776
4 1785 4487 6103.4029076
3 1786 4489 6104.83094284
4 1787 4492 6110.63255689
5 1788 4494 6110.66883661
4 1789 4496 6114.07409412
5 1790 4503 6120.28694897
6 1791 4505 6121.39324392
7 1792 4506 6122.41334428
6 1793 4507 6123.4029076
5 1794 4510 6124.63255689
4 1795 4511 6124.66883661
5 1796 4514 6129.39774832
6 1797 4516 6129.49157958
5 1798 4522 6135.63255689
4 1799 4523 6137.4029076
5 1800 4524 6138.41182765
6 1801 4526 6138.84072468
7 1802 4529 6140.15635637
6 1803 4531 6140.28694897
7 1804 4538 6144.20668336
6 1805 4540 6148.28694897
5 1806 4542 6152.39774832
4 1807 4543 6152.41182765
3 1808 4544 6152.63255689
4 1809 4547 6154.33859027
5 1810 4549 6157.95997451
4 1811 4555 6165.33859027
5 1812 4557 6165.93902774
4 1813 4559 6169.39774832
3 1814 4564 6171.28694897
4 1815 4565 6171.60294821
5 1816 4567 6171.85681322
4 1817 4572 6183.95997451
3 1818 4573 6183.95997451
4 1819 4576 6187.88147074
3 1820 4580 6194.60294821
4 1821 4581 6195.05255584
3 1822 4583 6201.88147074
2 1823 4584 6203.85681322
3 1824 4585 6207.74873984
2 1825 4589 6212.05255584
3 1826 4590 6212.13754204
4 1827 4592 6213.07847292
5 1828 4594 6213.68383438
4 1829 4604 6229.13754204
3 1830 4605 6233.74873984
2 1831 4606 6236.07847292
1 1832 4607 6236.68383438
2 1833 4608 6237.51872586
3 1834 4610 6248.52710401
4 1835 4616 6256.12744938
3 1836 4618 6257.51872586
4 1837 4619 6260.87325694
5 1838 4621 6261.73646976
4 1839 4623 6265.52710401
5 1840 4630 6269.52374961
4 1841 4632 6270.12744938
5 1842 4633 6271.36133825
4 1843 4635 6271.87325694
5 1844 4638 6276.1384817
4 1845 4644 6283.52374961
3 1846 4645 6284.73646976
4 1847 4646 6285.2009043
5 1848 4648 6287.25684781
6 1849 4650 6288.38641877
5 1850 4653 6290.1384817
4 1851 4655 6291.36133825
5 1852 4656 6293.83134205
6 1853 4658 6295.71317277
5 1854 4663 6299.2009043
6 1855 4665 6301.72361841
5 1856 4667 6304.25684781
4 1857 4670 6310.1384817
5 1858 4673 6312.90156731
4 1859 4675 6313.83134205
3 1860 4678 6319.2009043
2 1861 4681 6324.25684781
3 1862 4682 6328.94011024
2 1863 4684 6332.90156731
1 1864 4687 6339.94011024
2 1865 4688 6341.21269058
3 1866 4692 6347.1060621
4 1867 4694 6347.16101961
3 1868 4696 6349.21269058
4 1869 4698 6349.52658448
5 1870 4702 6355.73922698
4 1871 4708 6360.73922698
5 1872 4709 6360.96693568
4 1873 4711 6361.1060621
3 1874 4712 6361.1060621
4 1875 4715 6366.09399322
3 1876 4717 6370.16101961
2 1877 4719 6371.96693568
1 1878 4723 6377.09399322
2 1879 4724 6386.23500805
3 1880 4726 6388.97331581
4 1881 4728 6394.32721111
5 1882 4730 6396.20204663
6 1883 4733 6398.93273922
5 1884 4739 6406.23500805
4 1885 4742 6411.32721111
5 1886 4743 6411.60184984
4 1887 4745 6411.97331581
5 1888 4748 6413.53616091
6 1889 4752 6419.91906729
5 1890 4758 6423.23500805
6 1891 4759 6423.25474102
5 1892 4761 6424.39774832
6 1893 4762 6424.90786187
5 1894 4766 6427.53616091
4 1895 4769 6431.60184984
3 1896 4770 6437.23500805
2 1897 4771 6438.39774832
3 1898 4772 6439.20676304
4 1899 4775 6439.21860438
5 1900 4779 6446.80812221
4 1901 4781 6447.53616091
3 1902 4784 6450.53616091
4 1903 4787 6456.50868415
5 1904 4789 6457.01181975
4 1905 4791 6460.80812221
3 1906 4792 6462.20676304
4 1907 4797 6472.0714178
5 1908 4800 6476.43153793
4 1909 4801 6476.50868415
3 1910 4803 6477.01181975
2 1911 4807 6483.0714178
3 1912 4808 6484.04835971
2 1913 4813 6492.04835971
1 1914 4814 6492.0714178
2 1915 4815 6494.3222322
3 1916 4817 6494.93767872
4 1917 4819 6495.40239772
5 1918 4823 6497.24964676
4 1919 4828 6505.3222322
3 1920 4830 6509.40239772
2 1921 4832 6511.93767872
3 1922 4833 6513.91828986
4 1923 4838 6519.16543355
3 1924 4841 6522.3222322
2 1925 4843 6524.91828986
3 1926 4846 6531.66855365
4 1927 4849 6538.12623402
3 1928 4850 6539.3222322
4 1929 4851 6540.88773378
5 1930 4856 6541.9211403
6 1931 4858 6544.15476605
5 1932 4860 6548.66855365
4 1933 4861 6548.66855365
5 1934 4867 6554.41774099
4 1935 4868 6554.88773378
5 1936 4871 6555.77843961
6 1937 4872 6556.03317463
7 1938 4873 6556.09825954
6 1939 4874 6557.88773378
7 1940 4875 6560.42238768
6 1941 4877 6562.66855365
7 1942 4878 6564.48808694
6 1943 4884 6574.88773378
7 1944 4885 6576.08412023
6 1945 4887 6576.66855365
5 1946 4891 6577.88773378
6 1947 4892 6582.54023559
5 1948 4899 6591.88773378
6 1949 4901 6594.8262909
5 1950 4903 6596.66855365
4 1951 4905 6597.16101961
3 1952 4912 6605.88773378
2 1953 4913 6607.66855365
1 1954 4914 6617.16101961
2 1955 4915 6627.66127158
1 1956 4919 6644.66127158
2 1957 4920 6646.32197259
3 1958 4922 6654.50476602
4 1959 4928 6660.231649
3 1960 4930 6662.50476602
4 1961 4932 6665.43621309
3 1962 4933 6669.32197259
4 1963 4937 6679.71048044
3 1964 4941 6686.231649
2 1965 4942 6686.231649
3 1966 4943 6687.24857452
4 1967 4945 6687.59063813
3 1968 4947 6687.71048044
4 1969 4948 6692.69408306
5 1970 4954 6695.5335804
4 1971 4956 6701.59063813
3 1972 4959 6704.24857452
2 1973 4963 6712.59063813
3 1974 4965 6716.95766859
2 1975 4966 6718.69408306
3 1976 4968 6719.16501676
4 1977 4972 6723.30857097
3 1978 4975 6724.95766859
2 1979 4976 6727.95766859
3 1980 4977 6730.55448056
2 1981 4983 6738.55448056
1 1982 4984 6743.30857097
2 1983 4986 6743.42423466
3 1984 4988 6744.07110627
4 1985 4995 6755.20487049
3 1986 4997 6757.42423466
2 1987 4998 6758.07110627
3 1988 5001 6774.09475314
2 1989 5003 6775.20487049
3 1990 5004 6780.0211886
4 1991 5008 6782.79967602
5 1992 5012 6785.44916617
4 1993 5014 6788.09475314
5 1994 5017 6790.25052777
6 1995 5020 6794.45519947
5 1996 5023 6796.44916617
4 1997 5024 6796.79967602
3 1998 5028 6809.0211886
2 1999 5030 6813.25052777
1 2000 5031 6819.25052777
0 2001 5034 6829.13619487
0 2002 5035 6957.30857097
