#data counter step time
0 1 0 0.0
1 2 1 0.0
2 3 12 1.15507843019
3 4 14 5.96258349417
2 5 20 24.1550784302
1 6 21 31.9625834942
2 7 22 36.3933950698
1 8 26 56.3933950698
2 9 27 57.1335282578
3 10 29 61.4556316773
4 11 35 71.9372735826
3 12 37 74.1335282578
2 13 38 78.4556316773
3 14 41 83.9533396942
2 15 45 85.9372735826
3 16 46 89.2202766614
4 17 49 93.8734531217
3 18 53 100.953339694
2 19 54 106.220276661
3 20 55 108.902468864
4 21 57 111.844807466
3 22 59 112.220276661
4 23 60 116.898032247
5 24 64 119.379628846
6 25 70 122.026851453
5 26 72 122.844807466
6 27 75 129.675120835
7 28 77 129.908204639
6 29 78 130.898032247
5 30 82 136.026851453
6 31 83 136.735712452
5 32 85 139.379628846
4 33 86 140.902468864
5 34 89 142.966838696
4 35 93 149.675120835
5 36 98 156.17515289
4 37 100 156.735712452
3 38 101 156.898032247
4 39 102 159.650657926
5 40 104 161.281695316
4 41 110 165.966838696
5 42 111 166.287508411
6 43 113 167.515986392
5 44 117 173.17515289
4 45 118 173.650657926
5 46 120 174.21997183
4 47 126 181.281695316
3 48 127 181.515986392
4 49 128 182.918800528
3 50 130 190.281695316
2 51 131 195.287508411
3 52 134 199.399247847
2 53 138 205.918800528
3 54 139 209.016405075
2 55 141 210.399247847
3 56 142 214.860030379
4 57 144 215.09810765
3 58 150 223.016405075
4 59 151 223.931060406
3 60 155 228.860030379
2 61 156 229.09810765
3 62 157 236.55279426
4 63 161 238.475220693
5 64 163 240.47250388
4 65 165 240.931060406
5 66 168 244.047043948
6 67 170 244.132451148
5 68 178 253.55279426
4 69 179 255.132451148
3 70 180 255.475220693
4 71 183 258.615151483
3 72 185 269.47250388
2 73 186 270.047043948
3 74 187 270.245814412
2 75 193 284.615151483
1 76 194 290.245814412
2 77 195 293.241381785
3 78 197 306.174430695
4 79 201 308.014330206
3 80 205 313.241381785
2 81 208 317.174430695
1 82 209 322.014330206
2 83 210 324.563109507
3 84 212 327.300987705
4 85 218 339.340213592
5 86 220 340.786532486
6 87 222 342.501042137
5 88 224 344.563109507
6 89 227 349.636025747
5 90 229 350.300987705
4 91 234 354.786532486
3 92 235 356.501042137
4 93 238 357.984959424
3 94 240 359.340213592
2 95 243 369.636025747
1 96 244 374.984959424
2 97 245 377.242028251
3 98 247 377.550596266
4 99 249 382.080184892
5 100 253 389.249439887
6 101 259 391.406376604
7 102 261 392.536989315
6 103 263 396.080184892
5 104 268 400.242028251
6 105 269 402.210178725
5 106 271 402.406376604
4 107 274 403.550596266
3 108 275 406.249439887
2 109 278 413.080184892
3 110 279 417.504950631
2 111 281 419.210178725
3 112 282 426.01245055
4 113 284 426.0531398
3 114 288 431.504950631
4 115 289 435.614240222
3 116 297 440.01245055
2 117 298 443.614240222
1 118 299 449.0531398
2 119 300 459.406422328
3 120 304 468.489208016
4 121 306 472.519666986
3 122 308 473.406422328
4 123 311 477.305189382
5 124 313 477.562518796
6 125 315 479.705318941
5 126 321 482.489208016
6 127 322 483.440341321
7 128 324 486.138425234
8 129 327 488.510342807
7 130 330 491.305189382
6 131 333 491.440341321
5 132 334 494.562518796
4 133 335 495.519666986
5 134 341 499.109476294
4 135 343 505.305189382
3 136 346 508.705318941
2 137 347 511.305189382
1 138 348 516.109476294
2 139 349 520.010027875
3 140 353 524.243459242
4 141 355 526.853456361
5 142 361 533.057704333
4 143 363 534.010027875
5 144 365 534.597145209
4 145 366 534.853456361
5 146 367 535.812556139
4 147 369 538.243459242
5 148 370 538.379408413
6 149 372 538.773811615
5 150 382 545.597145209
4 151 383 547.057704333
5 152 386 549.776773294
4 153 388 549.812556139
5 154 389 550.118079145
4 155 393 555.773811615
3 156 394 558.379408413
4 157 395 558.811428576
5 158 397 559.986537953
4 159 401 560.776773294
3 160 404 564.118079145
4 161 407 569.000798468
3 162 409 570.986537953
2 163 410 572.811428576
1 164 413 577.000798468
2 165 414 585.356256378
1 166 418 593.356256378
2 167 419 593.820520926
3 168 421 597.738690277
2 169 427 610.820520926
3 170 428 611.008408158
2 171 430 617.738690277
3 172 433 620.504831605
2 173 435 628.008408158
3 174 436 632.830811474
2 175 442 649.504831605
3 176 443 652.981541954
2 177 445 655.830811474
3 178 446 658.193149217
4 179 448 658.206262583
3 180 456 669.193149217
2 181 457 669.981541954
3 182 458 671.5149248
4 183 460 673.004514367
3 184 462 675.206262583
4 185 465 676.583141427
5 186 467 676.747238377
6 187 471 683.562314555
5 188 473 684.583141427
6 189 476 686.336163286
5 190 480 693.004514367
6 191 481 693.140691382
5 192 483 693.747238377
4 193 484 694.5149248
3 194 491 700.336163286
4 195 492 702.791154254
5 196 494 706.425386159
6 197 496 710.426779044
5 198 498 712.562314555
4 199 501 713.140691382
5 200 502 714.691201646
4 201 504 719.791154254
5 202 505 720.117084612
6 203 508 720.278786032
5 204 515 727.426779044
4 205 516 729.425386159
5 206 517 730.229040176
4 207 522 734.117084612
3 208 523 734.691201646
4 209 524 736.429224805
5 210 529 737.647923883
4 211 530 737.691201646
5 212 531 739.113733603
6 213 538 744.743880911
5 214 540 747.429224805
4 215 541 750.229040176
5 216 542 750.34084477
4 217 544 753.113733603
3 218 545 753.429224805
4 219 548 755.731270409
5 220 550 758.56064017
6 221 552 761.121081735
7 222 554 761.743444146
6 223 563 767.743880911
5 224 565 770.34084477
4 225 566 772.121081735
3 226 567 772.731270409
2 227 568 775.56064017
3 228 569 776.223572478
4 229 572 776.787636157
5 230 573 777.013524442
6 231 577 778.481986759
5 232 586 787.223572478
4 233 587 787.743880911
3 234 588 789.481986759
2 235 589 790.223572478
1 236 590 791.013524442
2 237 591 794.912692152
3 238 593 795.323173869
4 239 599 805.722772286
3 240 601 805.912692152
4 241 602 810.535300609
5 242 604 811.5121547
4 243 608 812.323173869
5 244 609 812.871263141
4 245 615 815.535300609
3 246 618 822.5121547
2 247 619 822.722772286
3 248 620 823.049219703
2 249 622 826.871263141
3 250 625 833.574368321
4 251 629 839.580949012
3 252 631 843.049219703
2 253 632 844.574368321
3 254 635 852.610973269
4 255 637 854.852577998
5 256 639 855.680925016
4 257 641 859.580949012
5 258 644 861.791605615
6 259 650 867.525402059
5 260 654 868.852577998
4 261 655 869.610973269
3 262 658 878.525402059
2 263 659 878.680925016
1 264 660 881.791605615
2 265 661 883.928951772
3 266 663 885.282725114
2 267 667 896.282725114
3 268 670 898.027460077
4 269 674 906.619113859
3 270 676 909.928951772
2 271 677 912.027460077
1 272 680 923.619113859
2 273 681 924.651409335
3 274 685 932.871335062
2 275 687 941.651409335
1 276 690 952.871335062
2 277 691 954.831228975
3 278 693 955.244321125
2 279 699 968.831228975
1 280 700 972.244321125
2 281 701 974.819701382
3 282 704 975.341177644
4 283 705 980.19318447
5 284 707 982.397893856
4 285 712 988.819701382
5 286 715 990.438463337
6 287 719 992.448016058
5 288 721 994.19318447
6 289 722 994.259790954
7 290 724 995.700698426
6 291 728 997.819701382
7 292 729 997.923981807
8 293 731 999.259168382
7 294 735 1004.43846334
6 295 739 1006.44801606
7 296 742 1007.39103513
6 297 744 1009.70069843
5 298 745 1011.39789386
4 299 746 1013.43846334
5 300 751 1017.09158832
4 301 753 1017.25979095
5 302 754 1017.55757644
6 303 757 1019.1450273
5 304 758 1021.43846334
6 305 759 1024.26735499
5 306 761 1024.39103513
6 307 767 1028.01865806
5 308 769 1028.55757644
4 309 770 1031.55757644
3 310 771 1034.09158832
4 311 776 1035.87840904
3 312 778 1039.01865806
2 313 779 1041.26735499
3 314 782 1046.45259049
4 315 784 1046.90008177
3 316 786 1055.87840904
4 317 791 1060.52424071
3 318 793 1060.90008177
4 319 794 1062.5469049
3 320 796 1066.45259049
4 321 798 1068.36586061
5 322 799 1069.20265985
6 323 803 1071.81803104
5 324 812 1079.81803104
6 325 813 1080.63091889
5 326 815 1082.5469049
4 327 816 1083.20265985
3 328 817 1083.52424071
4 329 818 1083.62012833
5 330 820 1083.97991017
4 331 824 1085.5469049
5 332 828 1092.30663929
4 333 829 1094.63091889
3 334 830 1094.97991017
2 335 834 1100.62012833
1 336 835 1106.62012833
2 337 836 1107.49380424
1 338 840 1121.49380424
2 339 841 1129.80384059
3 340 843 1132.57514999
4 341 846 1136.30043378
5 342 847 1139.00027198
6 343 851 1140.83574905
7 344 856 1145.25420429
6 345 864 1152.57514999
7 346 865 1152.94170546
6 347 866 1154.83574905
5 348 868 1155.57514999
4 349 869 1155.80384059
5 350 870 1156.02223834
4 351 874 1162.00027198
5 352 877 1163.91726416
6 353 879 1164.62536898
5 354 883 1165.25420429
4 355 884 1165.83574905
5 356 885 1171.50809524
6 357 887 1174.89219956
5 358 889 1176.02223834
4 359 892 1177.91726416
3 360 895 1181.62536898
2 361 898 1182.50809524
3 362 899 1185.56311367
2 363 901 1185.89219956
3 364 904 1195.52597851
2 365 906 1196.56311367
3 366 907 1205.12305898
4 367 913 1210.88143441
5 368 916 1211.34130141
4 369 917 1215.52597851
3 370 918 1219.12305898
4 371 922 1225.61321634
3 372 924 1227.88143441
2 373 925 1233.88143441
1 374 928 1242.61321634
2 375 929 1250.15132769
3 376 931 1255.53715786
4 377 933 1256.91924516
5 378 939 1266.47762653
4 379 941 1267.91924516
5 380 944 1269.19943405
6 381 946 1269.27739802
7 382 949 1273.15881844
8 383 950 1276.08531143
7 384 951 1276.15132769
6 385 960 1283.19943405
5 386 961 1283.47762653
4 387 962 1284.53715786
3 388 963 1286.19943405
2 389 966 1289.27739802
3 390 967 1290.17846816
2 391 969 1293.15132769
1 392 974 1307.17846816
2 393 975 1315.13399255
3 394 977 1321.47037264
4 395 981 1323.12501638
3 396 987 1329.13399255
2 397 988 1332.47037264
1 398 989 1334.12501638
2 399 990 1336.60240883
3 400 994 1341.84401989
4 401 996 1346.49697513
3 402 1000 1350.60240883
4 403 1001 1352.92329374
5 404 1004 1354.94096894
6 405 1007 1357.55638134
5 406 1012 1364.84401989
6 407 1015 1368.39385519
5 408 1019 1369.49697513
4 409 1020 1369.92329374
3 410 1021 1372.92329374
4 411 1022 1376.51320879
3 412 1024 1377.55638134
2 413 1025 1379.39385519
3 414 1026 1380.28738985
4 415 1030 1383.93190475
5 416 1034 1387.74238237
6 417 1036 1388.57003493
7 418 1037 1388.97573986
8 419 1039 1393.80557734
9 420 1045 1396.00115193
8 421 1047 1396.51320879
7 422 1049 1397.28738985
8 423 1050 1397.48115295
9 424 1051 1398.50690771
8 425 1053 1398.74238237
7 426 1058 1403.93190475
6 427 1060 1406.93190475
7 428 1061 1410.11436693
6 429 1064 1410.51320879
7 430 1066 1417.997449
6 431 1068 1418.74238237
5 432 1071 1423.28738985
6 433 1079 1431.6980264
5 434 1080 1432.93190475
6 435 1083 1433.25785633
5 436 1084 1434.28738985
4 437 1086 1435.74238237
3 438 1087 1436.51320879
4 439 1090 1442.56876662
5 440 1095 1447.02119513
4 441 1096 1449.93190475
5 442 1098 1453.89419968
4 443 1102 1458.93190475
3 444 1104 1459.56876662
4 445 1106 1461.12446586
5 446 1111 1466.20303114
6 447 1112 1467.3209662
5 448 1117 1475.93190475
4 449 1118 1478.93190475
5 450 1119 1481.23721596
6 451 1121 1481.93789259
5 452 1122 1482.56876662
4 453 1126 1485.56876662
5 454 1130 1495.50008953
4 455 1131 1495.93190475
3 456 1133 1496.56876662
2 457 1135 1501.93190475
3 458 1138 1507.09813033
2 459 1139 1509.93190475
3 460 1141 1511.88378645
4 461 1142 1513.39477859
5 462 1143 1516.089283
6 463 1146 1518.42008757
7 464 1147 1519.80883848
8 465 1148 1522.72690684
9 466 1149 1524.34908491
10 467 1150 1525.00310658
11 468 1151 1525.61109864
10 469 1153 1529.93190475
9 470 1156 1537.93190475
8 471 1160 1545.93190475
9 472 1162 1572.77453302
10 473 1163 1574.83647941
11 474 1164 1576.58217378
12 475 1165 1577.13818969
13 476 1166 1581.31796542
14 477 1167 1585.74792396
15 478 1168 1591.75342198
16 479 1169 1601.01010265
17 480 1170 1605.06839677
18 481 1171 1612.95675541
19 482 1172 1633.05063179
20 483 1173 1637.22396968
21 484 1174 1648.92061419
22 485 1175 1683.91232257
23 486 1176 1686.89098663
24 487 1177 1687.64636585
25 488 1178 1709.38215787
26 489 1179 1713.9878769
27 490 1180 1715.82581888
28 491 1181 1717.1844372
29 492 1182 1727.24772511
30 493 1183 1729.46351049
31 494 1184 1737.01042248
32 495 1185 1738.72392008
33 496 1186 1746.56115304
34 497 1187 1748.82660115
35 498 1193 1761.27451075
36 499 1194 1761.99478109
37 500 1195 1762.50794406
38 501 1196 1764.09482599
37 502 1199 1766.15132769
38 503 1200 1767.61079468
39 504 1204 1771.6946691
40 505 1205 1778.55430562
39 506 1206 1780.15132769
38 507 1210 1783.15132769
39 508 1211 1785.14695572
40 509 1212 1786.53250896
41 510 1213 1798.47581635
42 511 1214 1798.54825588
41 512 1219 1806.15132769
40 513 1220 1806.15132769
41 514 1221 1807.47922236
42 515 1222 1808.62807536
43 516 1223 1811.64322168
42 517 1228 1812.15132769
43 518 1234 1818.08545226
42 519 1235 1823.15132769
43 520 1236 1823.26109775
42 521 1240 1826.15132769
41 522 1241 1826.15132769
40 523 1242 1826.15132769
41 524 1243 1827.24994167
42 525 1244 1828.18638533
43 526 1245 1830.59224539
44 527 1246 1834.05265799
45 528 1247 1841.16112456
46 529 1252 1850.04613363
45 530 1253 1852.15132769
44 531 1254 1852.15132769
43 532 1255 1855.15132769
44 533 1260 1857.1506573
45 534 1261 1859.63750966
46 535 1262 1863.35697458
45 536 1268 1869.15132769
44 537 1273 1872.15132769
43 538 1274 1872.15132769
42 539 1275 1872.15132769
41 540 1281 1880.15132769
40 541 1292 1883.15132769
41 542 1293 1884.43167092
40 543 1294 1886.15132769
39 544 1295 1886.15132769
40 545 1296 1889.34141654
41 546 1297 1890.71194387
42 547 1298 1891.77265146
41 548 1309 1894.15132769
40 549 1314 1897.28738985
39 550 1318 1900.15132769
38 551 1319 1900.15132769
37 552 1320 1900.28738985
36 553 1321 1903.15132769
35 554 1322 1903.28738985
36 555 1323 1904.95571917
35 556 1328 1906.28738985
36 557 1334 1910.58571024
37 558 1343 1913.97631137
36 559 1346 1917.15132769
35 560 1347 1917.15132769
34 561 1349 1917.28738985
33 562 1350 1917.28738985
32 563 1351 1918.51320879
31 564 1352 1920.28738985
30 565 1353 1920.28738985
31 566 1354 1920.57457289
30 567 1359 1921.51320879
29 568 1360 1921.51320879
30 569 1364 1924.5391547
29 570 1372 1929.15132769
30 571 1373 1929.35025627
29 572 1374 1929.51320879
28 573 1375 1929.51320879
27 574 1376 1931.15132769
26 575 1379 1932.51320879
27 576 1380 1932.6664804
26 577 1382 1935.51320879
25 578 1383 1937.15132769
26 579 1384 1937.58296562
27 580 1385 1940.02507445
26 581 1392 1943.28738985
27 582 1401 1948.79827745
26 583 1406 1949.51320879
25 584 1407 1951.28738985
24 585 1411 1951.28738985
25 586 1412 1954.35386446
24 587 1420 1957.15132769
23 588 1421 1957.15132769
22 589 1422 1957.28738985
23 590 1423 1957.73574449
22 591 1424 1959.28738985
21 592 1430 1960.28738985
20 593 1431 1960.51320879
19 594 1432 1960.51320879
20 595 1433 1961.49050376
19 596 1434 1962.28738985
18 597 1435 1963.51320879
17 598 1440 1965.28738985
16 599 1445 1968.15132769
17 600 1446 1968.37597206
16 601 1451 1974.15132769
15 602 1452 1974.15132769
14 603 1453 1975.51320879
15 604 1465 1981.47222754
14 605 1466 1982.15132769
13 606 1467 1985.15132769
12 607 1470 1985.28738985
11 608 1471 1986.51320879
10 609 1472 1986.51320879
9 610 1474 1989.51320879
8 611 1476 1991.15132769
7 612 1477 1994.15132769
8 613 1483 1999.16070876
7 614 1486 2002.28738985
6 615 1487 2003.51320879
7 616 1491 2007.62487182
8 617 1492 2010.72915257
7 618 1495 2011.28738985
8 619 1496 2012.57235576
7 620 1498 2014.15132769
8 621 1500 2014.16110015
9 622 1501 2014.82635494
8 623 1507 2020.51320879
9 624 1509 2021.36357428
8 625 1510 2025.28738985
7 626 1517 2028.28738985
6 627 1518 2028.28738985
5 628 1520 2031.15132769
4 629 1521 2031.51320879
3 630 1524 2037.51320879
2 631 1525 2039.28738985
1 632 1528 2051.15132769
2 633 1529 2053.65550676
3 634 1531 2056.85472308
4 635 1533 2057.00973695
5 636 1535 2060.3171112
4 637 1541 2067.65550676
3 638 1544 2074.00973695
2 639 1545 2076.85472308
3 640 1548 2085.8726739
4 641 1550 2088.64739574
5 642 1552 2089.24569666
4 643 1553 2090.65550676
5 644 1561 2099.44174337
4 645 1563 2099.64739574
5 646 1566 2107.79786929
6 647 1567 2108.73064366
5 648 1569 2110.64739574
6 649 1570 2111.07918173
5 650 1572 2113.65550676
4 651 1575 2114.8726739
5 652 1579 2116.57862656
4 653 1581 2122.8726739
5 654 1584 2124.17792739
4 655 1585 2130.64739574
3 656 1587 2130.65550676
4 657 1588 2131.50008352
5 658 1592 2134.31078281
6 659 1593 2140.0044814
7 660 1595 2140.29031531
6 661 1601 2141.64739574
5 662 1603 2145.8726739
4 663 1607 2147.64739574
3 664 1608 2148.50008352
2 665 1611 2156.8726739
3 666 1612 2158.82431437
2 667 1614 2161.64739574
1 668 1617 2172.82431437
2 669 1618 2174.42085578
3 670 1620 2176.06584266
2 671 1624 2185.42085578
3 672 1627 2193.81113633
2 673 1629 2196.06584266
3 674 1630 2206.24068183
2 675 1634 2213.81113633
3 676 1637 2222.05989783
2 677 1639 2223.24068183
3 678 1642 2232.4377489
2 679 1644 2239.05989783
3 680 1648 2251.28756388
2 681 1650 2255.4377489
3 682 1651 2257.01198026
2 683 1657 2265.28756388
1 684 1658 2268.01198026
2 685 1659 2272.96665638
3 686 1661 2277.82066424
4 687 1663 2286.18758648
3 688 1669 2295.96665638
2 689 1670 2300.82066424
3 690 1671 2301.95136843
4 691 1675 2308.38995652
5 692 1677 2308.69104423
6 693 1683 2314.2157898
5 694 1684 2315.18758648
6 695 1686 2319.65378401
5 696 1687 2319.69104423
4 697 1689 2321.95136843
5 698 1694 2324.70082663
6 699 1696 2324.77831471
7 700 1697 2326.79312651
8 701 1698 2326.83992958
7 702 1700 2328.38995652
6 703 1708 2335.18758648
5 704 1709 2336.69104423
4 705 1716 2345.38995652
3 706 1717 2346.28738985
2 707 1718 2347.70082663
1 708 1719 2355.18758648
2 709 1721 2365.16899282
1 710 1724 2379.16899282
2 711 1726 2382.0529013
3 712 1729 2390.05101866
4 713 1731 2390.64933119
3 714 1739 2401.05101866
4 715 1740 2401.71649669
5 716 1742 2402.22223238
4 717 1744 2407.64933119
3 718 1745 2408.0529013
2 719 1748 2415.71649669
3 720 1751 2421.49428438
4 721 1753 2422.70070808
5 722 1755 2427.36224441
4 723 1757 2428.22223238
5 724 1761 2430.33690322
6 725 1767 2437.63392078
7 726 1769 2438.81431499
6 727 1770 2439.70070808
5 728 1772 2444.49428438
4 729 1775 2447.36224441
3 730 1776 2447.36224441
2 731 1779 2451.63392078
3 732 1780 2451.96711958
2 733 1784 2459.70070808
1 734 1785 2465.96711958
2 735 1786 2470.0083651
3 736 1788 2471.73925935
4 737 1790 2475.59509806
5 738 1794 2478.28675135
6 739 1800 2483.05245779
5 740 1802 2483.28675135
4 741 1803 2484.0083651
3 742 1806 2486.59509806
4 743 1809 2490.41166463
5 744 1811 2494.01573525
4 745 1813 2494.28675135
5 746 1814 2497.07510698
6 747 1816 2497.94325701
5 748 1822 2500.73925935
6 749 1823 2503.6147952
5 750 1828 2505.07510698
6 751 1830 2505.43608065
5 752 1833 2508.01573525
6 753 1835 2508.69559144
5 754 1837 2510.07510698
4 755 1838 2510.41166463
3 756 1839 2511.73925935
4 757 1840 2512.42830515
5 758 1843 2512.52589556
6 759 1845 2512.74381475
5 760 1851 2522.01573525
6 761 1855 2525.79998515
5 762 1857 2526.42830515
4 763 1858 2527.07510698
3 764 1859 2528.01573525
2 765 1862 2532.42830515
3 766 1863 2532.76442357
4 767 1865 2535.43228864
3 768 1867 2539.79998515
4 769 1868 2540.17866645
3 770 1874 2549.43228864
4 771 1875 2551.8684941
5 772 1878 2551.92856231
6 773 1879 2551.9830917
5 774 1881 2552.76442357
6 775 1882 2553.75389227
7 776 1884 2558.70185446
8 777 1892 2559.58678353
9 778 1893 2564.22977976
10 779 1894 2565.18521829
9 780 1896 2565.9830917
8 781 1899 2568.8684941
7 782 1900 2569.17866645
6 783 1904 2572.17866645
7 784 1905 2572.74600269
8 785 1913 2577.33307328
7 786 1915 2579.8684941
6 787 1917 2582.75389227
5 788 1918 2582.9830917
6 789 1919 2585.02892954
7 790 1921 2585.15144487
6 791 1922 2585.8684941
5 792 1926 2586.17866645
6 793 1933 2590.32180014
7 794 1934 2592.87630947
6 795 1935 2593.02892954
5 796 1938 2594.17866645
4 797 1939 2596.8684941
3 798 1942 2599.75389227
2 799 1943 2604.02892954
3 800 1946 2610.65084777
4 801 1948 2610.80519153
3 802 1950 2614.17866645
4 803 1952 2620.01281737
5 804 1958 2623.80677887
4 805 1960 2624.65084777
3 806 1961 2624.80519153
4 807 1964 2630.418687
3 808 1966 2630.65084777
4 809 1967 2632.08156687
3 810 1973 2637.80677887
2 811 1974 2644.418687
1 812 1975 2646.08156687
2 813 1976 2668.42343401
3 814 1980 2683.97128442
4 815 1982 2686.03209367
5 816 1984 2686.98298958
4 817 1986 2688.42343401
5 818 1993 2697.51569369
4 819 1995 2697.97128442
5 820 1996 2702.5636565
6 821 1998 2703.25628648
5 822 1999 2706.03209367
4 823 2001 2706.98298958
5 824 2004 2710.8116232
6 825 2007 2711.31778872
5 826 2013 2717.51569369
4 827 2014 2720.03209367
3 828 2017 2723.03209367
2 829 2018 2724.8116232
3 830 2019 2730.56923803
2 831 2021 2731.5636565
3 832 2022 2732.48560126
4 833 2028 2744.6318886
5 834 2030 2747.74375785
6 835 2034 2749.33013878
5 836 2036 2749.48560126
4 837 2037 2750.56923803
5 838 2038 2752.94000748
4 839 2042 2755.6318886
3 840 2045 2761.74375785
2 841 2048 2763.48560126
3 842 2049 2765.94025771
2 843 2051 2766.94000748
3 844 2055 2771.73257374
4 845 2057 2771.8871797
5 846 2060 2775.19594307
6 847 2062 2775.93728509
5 848 2064 2776.94025771
6 849 2068 2780.19024035
5 850 2073 2782.73257374
6 851 2074 2782.77933854
7 852 2076 2783.03702845
8 853 2077 2784.07814533
7 854 2078 2785.73257374
6 855 2079 2788.8871797
5 856 2086 2791.8871797
4 857 2090 2796.77933854
5 858 2091 2796.83050662
4 859 2093 2800.19024035
5 860 2094 2802.58005864
4 861 2096 2805.8871797
3 862 2099 2808.8871797
4 863 2100 2810.4055283
3 864 2102 2810.83050662
4 865 2104 2811.24696634
5 866 2111 2817.21788885
6 867 2115 2819.28238638
5 868 2116 2819.58005864
4 869 2118 2821.4055283
3 870 2119 2827.4055283
2 871 2122 2833.58005864
3 872 2125 2837.37081877
4 873 2127 2838.97258502
5 874 2133 2851.20894276
4 875 2134 2851.37081877
3 876 2136 2852.16899282
2 877 2137 2858.97258502
1 878 2140 2874.37081877
2 879 2141 2886.56729985
3 880 2143 2887.94481834
4 881 2145 2891.73539783
5 882 2153 2902.87210641
4 883 2155 2903.56729985
5 884 2156 2905.67581087
4 885 2158 2905.73539783
5 886 2160 2905.89293161
4 887 2163 2913.94481834
5 888 2167 2922.69797729
4 889 2169 2923.56729985
3 890 2170 2928.73539783
4 891 2171 2930.44826045
5 892 2173 2931.399147
4 893 2175 2931.73539783
5 894 2182 2941.30426316
4 895 2183 2945.73539783
3 896 2187 2948.69797729
2 897 2188 2953.44826045
3 898 2189 2955.1466236
2 899 2191 2959.73539783
3 900 2194 2964.33766443
2 901 2196 2969.1466236
3 902 2199 2979.2877329
4 903 2201 2980.90202456
3 904 2203 2984.33766443
4 905 2206 2986.32403242
3 906 2208 2991.90202456
4 907 2211 2994.33572264
5 908 2213 2997.69411784
4 909 2218 3005.2877329
3 910 2220 3006.32403242
4 911 2221 3008.62595934
5 912 2223 3011.36777348
6 913 2224 3014.71957294
5 914 2225 3017.33572264
6 915 2233 3024.76432709
5 916 2234 3025.2877329
4 917 2237 3025.62595934
3 918 2238 3031.33572264
4 919 2243 3041.20385022
3 920 2245 3042.62595934
2 921 2246 3051.2877329
3 922 2249 3063.19618822
4 923 2251 3064.06917954
3 924 2253 3064.20385022
4 925 2254 3065.87047876
5 926 2256 3066.77124305
6 927 2258 3068.85002764
7 928 2259 3070.68840826
8 929 2260 3070.82301796
9 930 2264 3073.21241727
10 931 2267 3078.31591291
9 932 2269 3079.87047876
10 933 2272 3081.79283439
9 934 2275 3084.06917954
10 935 2278 3084.48556968
9 936 2279 3085.87047876
8 937 2283 3086.19618822
9 938 2285 3087.11974687
10 939 2289 3093.52747514
9 940 2290 3093.87047876
8 941 2293 3095.06917954
9 942 2299 3096.5621164
8 943 2301 3098.06917954
7 944 2302 3103.19618822
8 945 2303 3105.95136288
7 946 2304 3106.19618822
6 947 2306 3106.19618822
7 948 2310 3107.12488279
8 949 2313 3110.47406843
7 950 2314 3112.19618822
6 951 2317 3113.87047876
5 952 2319 3115.06917954
4 953 2320 3119.87047876
3 954 2322 3120.19618822
4 955 2323 3121.25990644
3 956 2327 3126.06917954
2 957 2332 3135.25990644
1 958 2333 3136.87047876
2 959 2335 3137.11443402
3 960 2336 3137.97266502
4 961 2342 3145.97006316
3 962 2344 3148.11443402
2 963 2345 3148.97266502
3 964 2346 3151.15211587
4 965 2352 3164.74104057
3 966 2354 3165.15211587
2 967 2357 3165.97006316
1 968 2358 3169.74104057
2 969 2359 3172.00912301
3 970 2361 3179.70636429
4 971 2363 3180.55982525
5 972 2365 3181.7766184
6 973 2369 3183.35640167
7 974 2370 3186.23359722
6 975 2377 3191.55982525
7 976 2378 3193.94713491
8 977 2379 3194.38211784
7 978 2382 3196.70636429
6 979 2383 3197.55982525
7 980 2386 3198.91514852
8 981 2387 3199.24123173
7 982 2390 3201.00912301
8 983 2391 3202.61865216
7 984 2395 3207.70636429
6 985 2398 3208.55982525
7 986 2400 3210.12359138
6 987 2402 3213.70636429
5 988 2410 3221.94000748
4 989 2413 3225.55982525
3 990 2414 3227.00912301
2 991 2415 3230.00912301
1 992 2416 3236.70636429
2 993 2418 3237.90026685
1 994 2424 3251.90026685
2 995 2425 3255.25356942
3 996 2429 3256.70792963
4 997 2431 3260.97699811
3 998 2433 3263.25356942
4 999 2436 3269.50026587
5 1000 2440 3270.23171676
6 1001 2442 3272.07507972
7 1002 2443 3276.9300329
6 1003 2449 3279.70792963
5 1004 2451 3280.97699811
4 1005 2452 3281.23171676
3 1006 2455 3286.50026587
4 1007 2458 3290.20804009
3 1008 2460 3290.70792963
2 1009 2461 3294.97699811
3 1010 2463 3296.78431541
2 1011 2467 3301.20804009
1 1012 2468 3304.20804009
2 1013 2469 3308.01288722
3 1014 2471 3317.66059848
4 1015 2475 3327.91410966
5 1016 2477 3328.24940196
6 1017 2481 3331.50120584
5 1018 2485 3335.91410966
6 1019 2486 3336.63015823
5 1020 2488 3337.01288722
6 1021 2489 3337.81059281
5 1022 2494 3343.66059848
4 1023 2496 3345.24940196
3 1024 2497 3349.91410966
4 1025 2502 3357.18022124
3 1026 2504 3363.66059848
2 1027 2505 3366.01288722
3 1028 2508 3370.08255464
4 1029 2510 3370.31573551
3 1030 2514 3380.18022124
4 1031 2517 3384.20560044
3 1032 2519 3387.08255464
4 1033 2524 3394.65671873
3 1034 2526 3399.31573551
2 1035 2527 3401.20560044
3 1036 2530 3404.74821594
4 1037 2532 3404.79250799
5 1038 2536 3413.83047661
6 1039 2539 3416.96869529
5 1040 2541 3417.65671873
4 1041 2542 3421.74821594
3 1042 2544 3421.79250799
4 1043 2548 3424.39807786
3 1044 2552 3428.65671873
2 1045 2553 3431.65671873
3 1046 2554 3435.2358822
2 1047 2556 3435.74821594
3 1048 2559 3448.74360218
4 1049 2563 3456.75011635
3 1050 2565 3458.2358822
4 1051 2566 3460.94589214
3 1052 2570 3465.74360218
2 1053 2571 3467.75011635
1 1054 2574 3477.94589214
2 1055 2575 3483.6560714
3 1056 2577 3485.31818003
4 1057 2581 3489.77798467
5 1058 2584 3490.91655754
4 1059 2585 3494.6560714
5 1060 2586 3497.42488202
6 1061 2592 3503.77101402
5 1062 2594 3505.31818003
4 1063 2598 3508.42488202
5 1064 2599 3512.13823424
4 1065 2601 3512.77798467
5 1066 2602 3512.98945904
6 1067 2604 3514.7121874
5 1068 2607 3518.77798467
6 1069 2610 3520.97560223
5 1070 2614 3525.31818003
4 1071 2615 3529.13823424
5 1072 2617 3530.01644881
6 1073 2618 3531.91812836
7 1074 2619 3532.89021619
6 1075 2621 3535.98945904
5 1076 2629 3545.31818003
6 1077 2630 3545.41609727
7 1078 2631 3549.27100075
8 1079 2632 3549.3471112
7 1080 2634 3549.98945904
6 1081 2637 3554.98945904
5 1082 2639 3555.13823424
6 1083 2645 3561.76503783
5 1084 2646 3562.98945904
6 1085 2648 3564.57395165
5 1086 2652 3568.31818003
6 1087 2655 3571.19655475
7 1088 2658 3572.79331393
6 1089 2660 3575.13823424
5 1090 2662 3579.98945904
4 1091 2668 3588.31818003
5 1092 2669 3592.32907305
4 1093 2671 3596.98945904
3 1094 2672 3598.13823424
4 1095 2675 3600.56894321
5 1096 2677 3606.88048422
4 1097 2683 3611.31818003
3 1098 2684 3614.56894321
2 1099 2687 3616.98945904
1 1100 2688 3619.31818003
2 1101 2689 3631.15740444
3 1102 2691 3634.58898725
4 1103 2693 3638.1661518
3 1104 2701 3648.58898725
4 1105 2702 3652.01437051
3 1106 2704 3654.15740444
2 1107 2707 3658.1661518
3 1108 2708 3658.27671352
4 1109 2712 3666.01231462
3 1110 2714 3666.01437051
4 1111 2715 3671.16299115
3 1112 2717 3675.27671352
4 1113 2718 3675.36477943
5 1114 2720 3675.53927463
6 1115 2721 3676.03729184
5 1116 2729 3686.36477943
4 1117 2732 3692.01231462
3 1118 2734 3697.16299115
2 1119 2735 3697.36477943
3 1120 2739 3701.96623638
4 1121 2741 3705.73811755
3 1122 2743 3706.01231462
4 1123 2744 3706.70529334
5 1124 2747 3708.06854864
6 1125 2750 3710.18632321
7 1126 2759 3719.43657275
6 1127 2760 3719.73811755
5 1128 2762 3720.70529334
6 1129 2763 3722.86171142
5 1130 2765 3723.70529334
4 1131 2768 3727.18632321
3 1132 2769 3727.96623638
2 1133 2770 3730.73811755
3 1134 2771 3731.46371225
4 1135 2773 3732.3695185
5 1136 2777 3734.94675284
4 1137 2779 3737.3695185
5 1138 2784 3745.67021697
4 1139 2786 3745.94675284
3 1140 2791 3749.70529334
4 1141 2793 3750.04137163
5 1142 2795 3750.7963875
6 1143 2796 3751.85920855
7 1144 2797 3755.11505397
6 1145 2799 3757.46371225
5 1146 2801 3762.67021697
6 1147 2806 3765.04844843
7 1148 2807 3765.13791855
6 1149 2811 3770.04137163
5 1150 2819 3774.46371225
4 1151 2820 3776.67021697
3 1152 2821 3777.46371225
2 1153 2822 3781.04137163
1 1154 2823 3784.04137163
2 1155 2824 3784.51746921
3 1156 2826 3786.31339739
4 1157 2832 3797.97675922
3 1158 2834 3800.31339739
4 1159 2835 3801.27170928
3 1160 2837 3804.51746921
2 1161 2842 3817.97675922
3 1162 2844 3819.7325407
2 1163 2848 3821.27170928
3 1164 2849 3822.07601125
2 1165 2853 3827.07601125
1 1166 2854 3827.7325407
2 1167 2855 3828.27139057
3 1168 2857 3831.54660878
4 1169 2861 3838.07124858
5 1170 2863 3838.67744527
4 1171 2871 3848.27139057
3 1172 2872 3848.54660878
4 1173 2873 3853.20153108
3 1174 2875 3855.07124858
2 1175 2876 3858.67744527
3 1176 2877 3862.23671502
4 1177 2881 3867.74973849
3 1178 2885 3870.20153108
4 1179 2888 3874.84118561
3 1180 2890 3878.74973849
2 1181 2893 3882.23671502
1 1182 2894 3888.84118561
2 1183 2895 3893.53680725
3 1184 2897 3894.22421031
4 1185 2903 3906.82720979
5 1186 2905 3907.50272238
4 1187 2907 3908.22421031
3 1188 2908 3910.53680725
4 1189 2913 3923.26071777
5 1190 2915 3925.06794792
6 1191 2917 3929.59559511
5 1192 2918 3930.50272238
6 1193 2920 3930.92206574
5 1194 2927 3935.82720979
4 1195 2929 3938.50272238
5 1196 2932 3940.99528302
4 1197 2934 3942.06794792
3 1198 2937 3949.82720979
2 1199 2938 3952.26071777
3 1200 2939 3952.64145586
2 1201 2943 3957.99528302
1 1202 2944 3960.64145586
2 1203 2945 3964.00529409
1 1204 2949 3969.00529409
2 1205 2950 3970.5876247
3 1206 2952 3975.2643314
4 1207 2954 3977.79976873
5 1208 2958 3979.35407588
4 1209 2962 3986.2643314
5 1210 2965 3989.19557587
4 1211 2969 3990.5876247
5 1212 2971 3991.72226742
6 1213 2972 3992.97412708
5 1214 2974 3994.79976873
6 1215 2975 3996.11634167
5 1216 2980 3999.35407588
4 1217 2983 4000.19557587
3 1218 2984 4003.19557587
2 1219 2985 4003.97412708
3 1220 2988 4015.32861798
2 1221 2990 4022.11634167
3 1222 2993 4022.95374917
4 1223 2995 4027.17638401
3 1224 3001 4035.32861798
2 1225 3002 4039.95374917
1 1226 3003 4041.17638401
2 1227 3004 4043.57442291
1 1228 3008 4057.57442291
2 1229 3009 4072.93614712
1 1230 3013 4080.93614712
2 1231 3014 4099.07083342
3 1232 3016 4099.28920631
2 1233 3022 4116.07083342
3 1234 3023 4120.71682393
4 1235 3025 4127.60559508
3 1236 3027 4131.28920631
4 1237 3030 4139.18491682
5 1238 3032 4140.53782435
6 1239 3036 4141.06824832
7 1240 3037 4143.14087831
6 1241 3042 4144.60559508
5 1242 3043 4146.71682393
4 1243 3046 4151.53782435
3 1244 3050 4158.60559508
2 1245 3051 4159.18491682
3 1246 3052 4159.59390561
2 1247 3056 4167.60559508
1 1248 3057 4170.59390561
2 1249 3058 4173.37106904
1 1250 3062 4181.37106904
2 1251 3063 4190.78539508
3 1252 3067 4197.38156366
4 1253 3071 4201.83205629
5 1254 3073 4202.86286473
4 1255 3077 4205.38156366
3 1256 3080 4210.78539508
4 1257 3081 4210.85534373
3 1258 3085 4213.86286473
2 1259 3086 4215.83205629
3 1260 3089 4221.53422405
2 1261 3093 4230.85534373
3 1262 3094 4233.63713507
4 1263 3096 4239.10630626
5 1264 3098 4240.45863924
4 1265 3100 4244.53422405
3 1266 3105 4253.10630626
4 1267 3106 4255.77310144
3 1268 3110 4256.63713507
4 1269 3111 4265.05386688
3 1270 3115 4266.45863924
4 1271 3118 4271.23403871
5 1272 3120 4273.05312753
4 1273 3122 4273.05386688
5 1274 3123 4274.43033729
4 1275 3127 4278.77310144
3 1276 3132 4285.23403871
4 1277 3134 4285.26559624
3 1278 3136 4288.43033729
4 1279 3137 4291.40330397
3 1280 3141 4293.05312753
4 1281 3143 4300.82042275
3 1282 3147 4302.26559624
4 1283 3148 4303.63141699
5 1284 3150 4304.03794528
4 1285 3151 4305.40330397
5 1286 3155 4308.1367884
6 1287 3156 4308.33983976
7 1288 3161 4316.74876971
8 1289 3162 4317.006047
7 1290 3164 4317.82042275
8 1291 3165 4318.0782397
7 1292 3166 4319.40330397
6 1293 3171 4320.63141699
7 1294 3172 4321.85909984
6 1295 3177 4336.40330397
5 1296 3179 4337.63141699
4 1297 3182 4337.82042275
5 1298 3187 4342.41834305
6 1299 3190 4349.69911374
5 1300 3191 4351.82042275
4 1301 3193 4353.40330397
5 1302 3195 4353.46552105
6 1303 3196 4355.96197881
7 1304 3197 4356.22162145
6 1305 3199 4357.63141699
5 1306 3207 4367.40330397
6 1307 3208 4369.24582993
7 1308 3209 4370.71546582
8 1309 3210 4372.899785
7 1310 3213 4374.63141699
6 1311 3216 4377.82042275
7 1312 3221 4385.01256839
6 1313 3223 4388.82042275
5 1314 3224 4390.40330397
6 1315 3226 4391.53813601
5 1316 3228 4397.63141699
4 1317 3236 4405.82042275
3 1318 3240 4413.40330397
4 1319 3243 4414.06987023
3 1320 3245 4417.63141699
2 1321 3249 4425.06987023
1 1322 3250 4425.80662155
2 1323 3251 4431.1180011
3 1324 3253 4435.00321029
4 1325 3256 4442.58281706
5 1326 3262 4451.86893329
4 1327 3264 4455.00321029
3 1328 3265 4458.00321029
2 1329 3268 4460.1180011
1 1330 3269 4462.86893329
2 1331 3270 4473.50807494
1 1332 3274 4484.50807494
2 1333 3275 4497.63085854
1 1334 3279 4514.63085854
2 1335 3280 4519.35836296
3 1336 3282 4527.11512793
4 1337 3284 4528.98535979
3 1338 3290 4533.98535979
4 1339 3291 4535.16163712
3 1340 3293 4536.35836296
4 1341 3295 4538.07614354
5 1342 3301 4541.87954014
6 1343 3303 4542.24293497
7 1344 3304 4544.61809387
8 1345 3305 4549.25966556
7 1346 3306 4550.11512793
8 1347 3308 4552.10160625
7 1348 3310 4552.16163712
6 1349 3311 4553.11512793
5 1350 3318 4567.87954014
4 1351 3322 4570.11512793
5 1352 3326 4575.65139452
4 1353 3327 4578.16163712
3 1354 3329 4578.87954014
2 1355 3330 4581.11512793
1 1356 3333 4595.16163712
2 1357 3334 4600.51898622
3 1358 3336 4602.5012176
4 1359 3340 4605.46333028
5 1360 3342 4609.54109277
6 1361 3344 4611.95514239
5 1362 3346 4614.51898622
6 1363 3352 4620.99446316
5 1364 3354 4622.46333028
6 1365 3355 4622.95892097
7 1366 3359 4624.02140569
6 1367 3363 4625.46333028
5 1368 3365 4625.51898622
4 1369 3366 4628.51898622
3 1370 3367 4630.46333028
4 1371 3368 4631.34760675
3 1372 3370 4631.5012176
2 1373 3373 4639.51898622
3 1374 3374 4640.46012392
4 1375 3378 4647.21794281
5 1376 3382 4648.52778257
4 1377 3384 4651.34760675
3 1378 3385 4651.46012392
4 1379 3386 4653.30350015
3 1380 3390 4658.21794281
2 1381 3395 4664.30350015
1 1382 3396 4674.34760675
2 1383 3397 4682.95272601
3 1384 3399 4693.77845029
2 1385 3403 4702.95272601
3 1386 3406 4706.48795325
4 1387 3408 4711.10628754
5 1388 3410 4712.1054233
4 1389 3412 4713.77845029
5 1390 3413 4715.68677493
6 1391 3414 4715.88888141
7 1392 3419 4719.48426415
6 1393 3423 4725.10628754
7 1394 3424 4726.17647503
6 1395 3426 4726.48795325
5 1396 3432 4730.77845029
6 1397 3435 4739.25597689
5 1398 3437 4740.48795325
4 1399 3443 4748.10628754
5 1400 3444 4749.71715013
6 1401 3445 4750.24103204
5 1402 3447 4750.77845029
6 1403 3448 4750.92451868
5 1404 3450 4751.48795325
4 1405 3457 4762.10628754
3 1406 3459 4770.77845029
2 1407 3460 4771.48795325
3 1408 3463 4776.68249719
2 1409 3465 4779.10628754
3 1410 3466 4779.7757775
2 1411 3472 4787.68249719
1 1412 3473 4790.7757775
2 1413 3474 4793.14388972
3 1414 3476 4798.77548484
4 1415 3478 4799.73572934
5 1416 3482 4800.64050728
6 1417 3484 4801.0967819
7 1418 3485 4805.28979512
6 1419 3489 4807.14388972
7 1420 3490 4807.31413106
6 1421 3492 4810.73572934
7 1422 3498 4814.96586932
6 1423 3499 4818.77548484
5 1424 3503 4824.14388972
4 1425 3504 4824.77548484
5 1426 3508 4826.17021876
6 1427 3511 4829.28257679
5 1428 3512 4829.77548484
4 1429 3515 4833.73572934
3 1430 3516 4841.14388972
2 1431 3520 4852.77548484
1 1432 3521 4855.77548484
2 1433 3522 4855.97316802
3 1434 3524 4856.6866327
4 1435 3528 4865.55781635
5 1436 3530 4869.39654047
6 1437 3533 4870.51652986
5 1438 3534 4870.6866327
6 1439 3540 4872.3145978
5 1440 3542 4873.55781635
4 1441 3546 4878.6866327
3 1442 3547 4884.55781635
2 1443 3550 4887.97316802
3 1444 3554 4890.08207601
4 1445 3557 4900.06147863
5 1446 3560 4900.97497523
4 1447 3562 4901.6866327
5 1448 3563 4902.15506749
6 1449 3564 4903.85818396
7 1450 3565 4908.62749095
8 1451 3566 4909.33465592
7 1452 3571 4913.08207601
8 1453 3575 4914.26230338
7 1454 3576 4918.6866327
6 1455 3580 4921.08207601
7 1456 3581 4923.20476096
6 1457 3582 4924.08207601
5 1458 3591 4932.08207601
6 1459 3592 4932.54849293
5 1460 3594 4935.08207601
4 1461 3597 4938.6866327
3 1462 3601 4940.08207601
2 1463 3605 4945.8221122
1 1464 3606 4949.6866327
2 1465 3607 4952.47958447
1 1466 3612 4963.47958447
2 1467 3613 4965.91610336
3 1468 3617 4976.18216736
2 1469 3619 4982.91610336
3 1470 3620 4989.27579228
2 1471 3626 5008.18216736
1 1472 3627 5009.27579228
2 1473 3628 5023.54778447
3 1474 3630 5024.10650902
4 1475 3634 5032.55025056
3 1476 3637 5041.10650902
2 1477 3639 5043.54778447
3 1478 3640 5046.00683644
4 1479 3644 5051.34664192
5 1480 3645 5054.04598759
4 1481 3647 5055.10650902
5 1482 3650 5057.62523126
4 1483 3654 5066.00683644
3 1484 3655 5069.10650902
4 1485 3659 5075.52395017
3 1486 3662 5077.10650902
4 1487 3664 5085.22641306
5 1488 3669 5086.66442391
6 1489 3670 5090.32563671
5 1490 3671 5092.00683644
4 1491 3678 5097.33340886
5 1492 3679 5098.77232923
4 1493 3683 5100.33340886
3 1494 3686 5106.00683644
2 1495 3687 5106.10650902
1 1496 3688 5109.77232923
2 1497 3689 5121.14998299
3 1498 3691 5124.35576371
4 1499 3694 5126.13165701
5 1500 3698 5128.77993098
6 1501 3702 5132.87210778
5 1502 3705 5138.14998299
4 1503 3706 5138.14998299
3 1504 3708 5142.77993098
2 1505 3709 5150.35576371
3 1506 3710 5153.67808372
2 1507 3716 5161.14998299
3 1508 3717 5170.01278863
2 1509 3719 5170.67808372
3 1510 3720 5171.32443541
4 1511 3722 5173.1386617
3 1512 3728 5185.32443541
2 1513 3729 5187.01278863
3 1514 3730 5187.62964574
4 1515 3734 5189.2505194
5 1516 3736 5194.22776599
6 1517 3737 5195.3051329
7 1518 3739 5199.7783996
8 1519 3742 5204.34990067
7 1520 3744 5204.62964574
6 1521 3745 5205.1386617
5 1522 3753 5215.2505194
4 1523 3754 5215.62964574
3 1524 3757 5221.2505194
4 1525 3760 5226.81327751
3 1526 3764 5237.1386617
2 1527 3765 5238.2505194
1 1528 3766 5243.81327751
2 1529 3767 5247.21119824
3 1530 3769 5253.7173441
4 1531 3771 5258.96371858
3 1532 3779 5270.21119824
2 1533 3780 5270.7173441
1 1534 3781 5272.96371858
2 1535 3782 5281.14484565
3 1536 3784 5288.19005675
4 1537 3788 5293.58410541
5 1538 3792 5297.10246007
4 1539 3794 5298.14484565
3 1540 3797 5305.19005675
2 1541 3800 5313.58410541
1 1542 3801 5324.14484565
2 1543 3804 5336.39670276
3 1544 3806 5339.66743722
4 1545 3812 5348.23255501
3 1546 3814 5350.39670276
4 1547 3815 5352.0109434
5 1548 3817 5355.73442486
4 1549 3819 5356.66743722
5 1550 3822 5364.72017243
6 1551 3825 5366.61051431
5 1552 3828 5369.0109434
4 1553 3832 5370.66743722
3 1554 3834 5374.23255501
4 1555 3835 5374.77178509
3 1556 3837 5377.0109434
4 1557 3840 5381.44275961
5 1558 3842 5382.99332131
6 1559 3845 5385.55268476
7 1560 3846 5387.41851591
8 1561 3849 5389.33707107
7 1562 3851 5390.66743722
6 1563 3853 5394.77178509
5 1564 3854 5395.44275961
4 1565 3862 5404.66743722
3 1566 3866 5408.77178509
4 1567 3870 5412.16126534
3 1568 3872 5415.66743722
4 1569 3874 5422.40075706
5 1570 3875 5426.15039333
6 1571 3876 5428.55651228
5 1572 3879 5430.44275961
4 1573 3882 5435.66743722
5 1574 3885 5441.58260679
4 1575 3888 5449.66743722
3 1576 3891 5453.44275961
4 1577 3893 5455.46615648
5 1578 3896 5466.11999834
6 1579 3900 5466.48392967
5 1580 3902 5467.44275961
6 1581 3903 5472.18827865
5 1582 3904 5472.66743722
4 1583 3906 5473.44275961
5 1584 3907 5476.24245338
6 1585 3909 5476.59550077
7 1586 3915 5484.51163748
6 1587 3916 5486.66743722
7 1588 3917 5487.64802598
6 1589 3919 5492.66743722
5 1590 3920 5493.44275961
6 1591 3924 5498.2874201
5 1592 3926 5501.44275961
6 1593 3927 5505.41948645
7 1594 3932 5506.82247235
6 1595 3934 5509.44275961
7 1596 3936 5509.66807344
6 1597 3939 5518.66743722
5 1598 3946 5526.44275961
4 1599 3950 5529.44275961
3 1600 3951 5529.66743722
2 1601 3952 5532.66743722
3 1602 3953 5534.82111349
4 1603 3955 5538.11092419
5 1604 3958 5538.45045043
6 1605 3961 5542.88042038
7 1606 3967 5549.13303294
8 1607 3968 5549.78088238
9 1608 3969 5550.03462932
8 1609 3971 5551.82111349
7 1610 3972 5551.82111349
6 1611 3974 5555.42798992
7 1612 3975 5556.57695125
6 1613 3976 5558.11092419
5 1614 3985 5562.82111349
4 1615 3986 5566.11092419
5 1616 3990 5567.87209245
4 1617 3991 5569.42798992
3 1618 3997 5580.11092419
4 1619 3998 5580.976001
3 1620 4000 5582.82111349
4 1621 4001 5587.92845927
3 1622 4003 5589.42798992
4 1623 4010 5595.80120597
3 1624 4012 5600.976001
2 1625 4015 5607.92845927
3 1626 4016 5609.49746897
2 1627 4018 5609.80120597
1 1628 4021 5617.49746897
2 1629 4022 5620.51272425
3 1630 4024 5620.59985587
4 1631 4026 5621.73015642
5 1632 4028 5622.4545926
6 1633 4032 5626.52972559
7 1634 4039 5634.89032847
6 1635 4041 5637.51272425
7 1636 4042 5637.83407496
6 1637 4044 5638.73015642
5 1638 4046 5639.4545926
4 1639 4047 5640.59985587
3 1640 4050 5648.51272425
4 1641 4052 5648.81587645
3 1642 4056 5653.4545926
4 1643 4059 5658.37300357
3 1644 4063 5659.4545926
4 1645 4064 5664.15819017
3 1646 4066 5664.73015642
2 1647 4067 5666.37300357
3 1648 4068 5668.60474516
4 1649 4070 5669.00165289
3 1650 4076 5675.15819017
4 1651 4078 5677.74465077
5 1652 4079 5678.17086946
4 1653 4084 5682.60474516
3 1654 4085 5682.60474516
2 1655 4086 5683.00165289
3 1656 4089 5692.10263795
2 1657 4093 5704.17086946
1 1658 4094 5709.10263795
2 1659 4095 5715.91646845
3 1660 4097 5718.2863848
4 1661 4099 5720.39950007
5 1662 4101 5722.10883103
6 1663 4105 5728.14167108
7 1664 4112 5735.76833134
6 1665 4114 5735.91646845
5 1666 4116 5739.10883103
4 1667 4117 5743.39950007
5 1668 4119 5743.75682868
4 1669 4125 5747.2863848
5 1670 4126 5753.49411449
4 1671 4128 5755.91646845
3 1672 4129 5756.10883103
4 1673 4131 5760.89838084
3 1674 4132 5762.10883103
2 1675 4136 5770.49411449
1 1676 4137 5773.49411449
2 1677 4138 5785.71857818
3 1678 4140 5788.50547039
4 1679 4145 5790.38269821
3 1680 4149 5793.71857818
2 1681 4150 5802.50547039
1 1682 4151 5802.50547039
2 1683 4152 5804.06489562
3 1684 4155 5805.84601525
4 1685 4156 5809.05175091
5 1686 4161 5810.24223387
6 1687 4162 5810.68032187
5 1688 4168 5814.05175091
4 1689 4169 5815.06489562
3 1690 4171 5818.06489562
4 1691 4175 5821.11866447
5 1692 4177 5821.36786794
4 1693 4179 5824.06489562
3 1694 4180 5827.68032187
4 1695 4183 5828.32347974
5 1696 4187 5832.87546765
6 1697 4188 5834.26995581
7 1698 4189 5834.58396128
6 1699 4194 5839.32347974
7 1700 4195 5839.3914937
8 1701 4196 5839.54626905
7 1702 4198 5841.11866447
6 1703 4199 5844.36786794
5 1704 4207 5849.11866447
6 1705 4209 5850.49724278
7 1706 4212 5858.80391393
6 1707 4213 5859.32347974
5 1708 4215 5860.11866447
6 1709 4219 5861.73884446
5 1710 4221 5862.32347974
4 1711 4222 5864.36786794
5 1712 4225 5867.00925597
4 1713 4228 5870.36786794
5 1714 4229 5871.27235996
4 1715 4233 5878.73884446
3 1716 4236 5879.32347974
4 1717 4239 5882.21117511
3 1718 4243 5888.77178509
4 1719 4244 5891.66206383
5 1720 4246 5892.11049762
6 1721 4248 5892.67294906
5 1722 4249 5894.27235996
6 1723 4252 5895.20704906
5 1724 4256 5896.21117511
4 1725 4259 5902.66206383
3 1726 4262 5905.66206383
2 1727 4263 5908.27235996
3 1728 4264 5911.2698368
2 1729 4266 5912.11049762
3 1730 4267 5914.48768003
2 1731 4273 5922.2698368
1 1732 4274 5928.48768003
2 1733 4275 5937.60205599
3 1734 4277 5941.04014789
4 1735 4281 5942.47336194
5 1736 4285 5950.74293629
6 1737 4287 5953.58054133
5 1738 4289 5954.60205599
4 1739 4292 5958.04014789
3 1740 4293 5962.47336194
4 1741 4296 5966.36498454
5 1742 4300 5971.62937528
4 1743 4302 5973.74293629
3 1744 4303 5974.60205599
4 1745 4306 5977.60327984
5 1746 4308 5980.31429232
4 1747 4312 5983.36498454
3 1748 4317 5988.60327984
2 1749 4318 5991.31429232
1 1750 4319 5991.62937528
2 1751 4320 6001.56475527
3 1752 4322 6003.51285884
4 1753 4325 6008.293719
5 1754 4326 6010.78180027
6 1755 4331 6016.17178672
5 1756 4339 6023.51285884
4 1757 4340 6024.56475527
3 1758 4341 6024.78180027
2 1759 4342 6028.293719
3 1760 4343 6028.95721085
2 1761 4345 6034.293719
3 1762 4350 6045.034314
4 1763 4352 6051.95402863
3 1764 4354 6051.95721085
4 1765 4357 6056.88011433
3 1766 4359 6062.034314
4 1767 4364 6069.99926811
5 1768 4366 6070.33606976
4 1769 4367 6074.95402863
3 1770 4369 6076.88011433
2 1771 4374 6089.99926811
1 1772 4375 6091.95402863
2 1773 4377 6098.70727556
3 1774 4378 6103.59904188
4 1775 4380 6108.00535344
3 1776 4386 6117.59904188
4 1777 4389 6124.5474682
3 1778 4391 6124.70727556
2 1779 4394 6132.5474682
1 1780 4395 6134.00535344
2 1781 4396 6141.52049126
3 1782 4398 6147.08816835
4 1783 4402 6153.564243
3 1784 4406 6158.52049126
2 1785 4407 6164.08816835
3 1786 4409 6169.9693788
4 1787 4413 6174.98304118
5 1788 4415 6179.48963241
4 1789 4417 6179.564243
3 1790 4418 6179.564243
4 1791 4419 6181.551216
5 1792 4423 6187.05726606
4 1793 4428 6191.98304118
3 1794 4432 6202.48963241
2 1795 4433 6204.551216
1 1796 4434 6205.98304118
2 1797 4435 6209.79813549
3 1798 4439 6220.92395032
4 1799 4441 6222.03798085
3 1800 4443 6223.79813549
4 1801 4446 6227.89749751
5 1802 4450 6235.52451858
4 1803 4453 6237.92395032
3 1804 4455 6239.03798085
2 1805 4458 6247.89749751
1 1806 4459 6254.92395032
2 1807 4461 6264.3352518
1 1808 4465 6284.3352518
2 1809 4466 6289.96343242
3 1810 4468 6292.69484196
4 1811 4470 6293.00667072
5 1812 4472 6295.40502293
6 1813 4476 6297.28167517
5 1814 4480 6300.69484196
4 1815 4483 6306.96343242
5 1816 4484 6307.40164877
4 1817 4490 6312.40502293
5 1818 4493 6318.65196358
4 1819 4495 6319.00667072
3 1820 4498 6323.69484196
2 1821 4499 6324.40164877
1 1822 4500 6329.65196358
2 1823 4501 6339.21122854
3 1824 4505 6346.54255347
4 1825 4507 6346.87396714
5 1826 4509 6347.7853986
4 1827 4511 6350.21122854
5 1828 4516 6354.64264654
6 1829 4520 6358.93998498
7 1830 4521 6359.94843158
6 1831 4522 6360.54255347
5 1832 4527 6361.7853986
4 1833 4528 6363.87396714
5 1834 4529 6364.87529009
4 1835 4537 6374.54255347
3 1836 4538 6374.64264654
4 1837 4539 6375.27338668
3 1838 4541 6375.87529009
2 1839 4542 6378.7853986
3 1840 4545 6383.6708146
2 1841 4547 6386.27338668
3 1842 4550 6394.65347093
4 1843 4554 6395.9517946
3 1844 4558 6399.65347093
2 1845 4559 6403.6708146
3 1846 4560 6404.7476968
2 1847 4562 6409.9517946
3 1848 4565 6420.89237562
2 1849 4569 6430.7476968
3 1850 4570 6441.13850962
4 1851 4572 6443.35813584
3 1852 4574 6446.89237562
4 1853 4575 6449.42316225
5 1854 4581 6452.99645687
6 1855 4583 6454.32618036
5 1856 4585 6454.35813584
4 1857 4586 6458.13850962
5 1858 4590 6458.58285084
6 1859 4593 6460.59207063
7 1860 4598 6467.04307564
6 1861 4600 6471.35813584
5 1862 4601 6472.42316225
4 1863 4603 6475.58285084
3 1864 4606 6478.99645687
2 1865 4608 6482.35813584
1 1866 4611 6486.42316225
2 1867 4612 6486.78947667
1 1868 4616 6494.78947667
2 1869 4617 6501.06402771
1 1870 4621 6509.06402771
2 1871 4622 6510.62294706
3 1872 4624 6517.80941994
4 1873 4626 6518.3000502
5 1874 4634 6528.05642045
4 1875 4636 6528.80941994
3 1876 4637 6530.62294706
2 1877 4640 6532.3000502
3 1878 4641 6540.5606262
4 1879 4643 6540.83341234
3 1880 4645 6542.05642045
4 1881 4646 6546.08103983
5 1882 4648 6549.50188061
6 1883 4653 6551.47148661
5 1884 4659 6554.08103983
4 1885 4660 6554.83341234
5 1886 4661 6561.47480726
4 1887 4667 6563.08103983
3 1888 4668 6563.5606262
4 1889 4669 6568.18411875
3 1890 4671 6569.47480726
2 1891 4674 6572.50188061
3 1892 4675 6574.97682479
4 1893 4677 6575.0633761
3 1894 4681 6576.18411875
2 1895 4684 6582.97682479
3 1896 4685 6583.55062104
4 1897 4689 6591.89724071
3 1898 4691 6592.0633761
4 1899 4692 6594.03974013
3 1900 4698 6602.03974013
2 1901 4699 6602.89724071
1 1902 4700 6603.55062104
2 1903 4701 6608.21523961
3 1904 4704 6608.40984497
4 1905 4705 6609.4794935
3 1906 4712 6617.4794935
2 1907 4713 6619.21523961
1 1908 4714 6625.21523961
2 1909 4715 6641.78159584
3 1910 4717 6647.67998645
4 1911 4719 6649.43597501
3 1912 4725 6658.78159584
2 1913 4726 6661.67998645
1 1914 4729 6669.43597501
2 1915 4730 6671.76095682
3 1916 4734 6679.38185061
4 1917 4736 6679.79920254
3 1918 4738 6682.76095682
2 1919 4743 6696.79920254
1 1920 4744 6705.38185061
2 1921 4745 6710.47003462
3 1922 4747 6712.44527992
4 1923 4749 6714.970755
5 1924 4751 6715.51048956
4 1925 4757 6724.47003462
5 1926 4760 6727.34596698
6 1927 4764 6728.3957731
5 1928 4766 6731.970755
4 1929 4767 6732.44527992
5 1930 4768 6733.02427201
4 1931 4774 6735.51048956
3 1932 4775 6741.34596698
2 1933 4776 6742.3957731
3 1934 4779 6750.55421757
4 1935 4781 6750.56367395
5 1936 4787 6758.73508915
4 1937 4789 6759.02427201
5 1938 4790 6759.83932259
4 1939 4792 6761.55421757
3 1940 4793 6764.56367395
4 1941 4794 6769.30029795
5 1942 4798 6771.08565776
6 1943 4802 6776.16217324
5 1944 4804 6776.83932259
4 1945 4805 6778.73508915
5 1946 4812 6785.28556022
4 1947 4814 6787.16217324
3 1948 4815 6789.30029795
2 1949 4816 6791.08565776
3 1950 4817 6791.90081995
4 1951 4821 6794.81682159
3 1952 4825 6796.28556022
2 1953 4828 6802.81682159
3 1954 4829 6808.01997855
4 1955 4831 6814.19928916
3 1956 4833 6814.90081995
4 1957 4834 6817.38961344
5 1958 4838 6818.69175978
4 1959 4840 6825.01997855
5 1960 4841 6825.32878917
6 1961 4849 6832.66079014
5 1962 4851 6832.69175978
4 1963 4852 6837.19928916
5 1964 4855 6839.0733394
6 1965 4857 6839.13984572
7 1966 4860 6839.18240129
6 1967 4864 6840.38961344
7 1968 4865 6842.74783697
6 1969 4869 6843.66079014
5 1970 4870 6845.32878917
6 1971 4871 6849.02069881
7 1972 4873 6849.28722179
6 1973 4874 6852.66079014
5 1974 4880 6853.0733394
6 1975 4881 6853.31312041
7 1976 4887 6855.1507807
8 1977 4888 6862.11680316
7 1978 4889 6862.74783697
6 1979 4891 6863.02069881
5 1980 4895 6863.66079014
4 1981 4896 6868.13984572
5 1982 4898 6870.97738534
4 1983 4902 6873.31312041
5 1984 4904 6873.91685715
4 1985 4910 6879.74783697
3 1986 4911 6881.97738534
2 1987 4912 6883.02069881
3 1988 4915 6888.9033847
4 1989 4918 6888.96030391
5 1990 4919 6890.26929366
4 1991 4921 6892.02069881
5 1992 4928 6899.7207221
6 1993 4930 6903.08848372
7 1994 4931 6903.27519647
6 1995 4933 6904.26929366
5 1996 4934 6905.9033847
4 1997 4935 6908.9033847
3 1998 4944 6919.7207221
2 1999 4945 6921.26929366
1 2000 4948 6925.9033847
0 2001 4949 6933.7207221
0 2002 4951 7331.13984572
