#data counter step time
0 1 0 0.0
1 2 2 0.0
2 3 12 5.01591606695
3 4 14 6.21748726141
4 5 16 8.9096386958
5 6 19 11.7459759821
4 7 24 20.2174872614
5 8 25 21.5714023194
6 9 27 21.7193950111
7 10 32 22.9736580557
6 11 34 25.0159160669
7 12 35 26.1213358419
8 13 39 30.9512259977
7 14 40 31.9096386958
8 15 41 33.7726569025
9 16 44 35.7447462339
8 17 47 36.9736580557
7 18 49 37.9096386958
6 19 51 38.7193950111
7 20 53 39.3627799325
6 21 59 46.1213358419
7 22 63 50.125402838
6 23 64 50.9736580557
7 24 66 51.9946557487
6 25 73 56.5714023194
5 26 74 57.1213358419
4 27 75 57.9096386958
3 28 76 57.9096386958
2 29 77 58.7193950111
1 30 78 60.1213358419
2 31 79 61.1365259948
3 32 82 65.6616110062
4 33 86 81.7235523995
5 34 88 83.1211628382
4 35 90 84.1365259948
5 36 91 86.5982616332
4 37 93 87.1365259948
5 38 98 92.665304846
4 39 102 94.1211628382
5 40 103 96.7841546037
4 41 105 97.5982616332
5 42 106 98.3646429852
4 43 108 101.723552399
5 44 113 107.554395469
4 45 115 107.784154604
5 46 116 108.060686834
6 47 120 109.865901711
5 48 124 112.665304846
4 49 127 115.364642985
3 50 128 115.554395469
4 51 129 116.536351527
3 52 131 119.060686834
4 53 136 125.071471508
5 54 138 128.811954629
6 55 140 130.082531908
7 56 142 132.201689776
6 57 146 132.865901711
5 58 147 133.536351527
6 59 150 134.383581659
7 60 152 138.271889581
8 61 153 138.469705703
7 62 159 141.082531908
6 63 162 142.811954629
5 64 164 143.865901711
4 65 165 145.071471508
3 66 168 151.383581659
2 67 169 152.082531908
3 68 172 161.817861933
2 69 174 165.811954629
3 70 177 169.860898777
4 71 179 170.739049887
5 72 181 176.770242643
6 73 183 176.770862805
5 74 187 178.817861933
6 75 192 182.20489021
7 76 194 182.974085616
6 77 195 184.739049887
5 78 197 187.770862805
4 79 202 192.860898777
3 80 205 195.739049887
4 81 206 197.877464888
3 82 208 199.20489021
4 83 209 203.908147565
3 84 213 205.770242643
4 85 216 208.288736358
5 86 218 211.969328584
4 87 220 214.877464888
3 88 221 217.908147565
4 89 226 223.576458207
3 90 228 225.288736358
2 91 229 225.969328584
3 92 232 228.859030927
4 93 236 231.746370347
5 94 238 233.527703277
4 95 240 237.576458207
3 96 241 239.859030927
4 97 244 243.997848937
3 98 250 248.746370347
2 99 251 253.527703277
3 100 252 254.621988782
2 101 254 254.997848937
3 102 257 266.377671022
2 103 259 274.621988782
3 104 260 275.040653819
4 105 262 277.448486811
3 106 270 286.377671022
2 107 271 288.448486811
1 108 272 289.040653819
2 109 273 290.57034803
3 110 276 290.619613671
4 111 277 291.552532895
5 112 280 297.892689603
4 113 287 307.57034803
3 114 288 311.552532895
4 115 289 313.144143432
3 116 291 313.57034803
2 117 292 317.552532895
3 118 293 319.278487584
4 119 296 322.461605919
3 120 302 333.144143432
2 121 303 333.278487584
1 122 304 339.144143432
2 123 305 341.58699373
3 124 308 343.165269723
4 125 309 346.176278915
3 126 316 358.58699373
2 127 317 361.58699373
1 128 318 366.176278915
2 129 319 389.639295734
3 130 321 393.0787263
4 131 323 394.595105625
5 132 326 395.39219648
6 133 327 396.469297826
5 134 336 403.639295734
4 135 339 408.595105625
3 136 340 411.595105625
2 137 341 413.0787263
3 138 342 413.380991465
4 139 344 415.707440655
5 140 346 419.952100809
6 141 350 422.191032002
5 142 352 422.469297826
6 143 355 424.733613792
5 144 357 424.952100809
6 145 359 429.063026778
7 146 367 432.541019578
6 147 369 432.707440655
5 148 370 433.191032002
4 149 371 439.380991465
3 150 372 444.707440655
2 151 373 444.733613792
3 152 376 450.381085614
2 153 380 455.541019578
3 154 381 455.670845532
4 155 384 460.886517017
3 156 385 467.381085614
4 157 386 468.607048091
5 158 393 474.875392801
6 159 395 480.924037336
5 160 397 481.670845532
4 161 398 481.670845532
3 162 401 482.607048091
4 163 402 490.845286288
5 164 406 491.473567666
6 165 408 495.003307085
5 166 410 497.875392801
4 167 411 497.924037336
3 168 416 503.003307085
2 169 419 505.473567666
3 170 420 508.921826031
2 171 422 510.845286288
3 172 423 520.134298966
4 173 425 521.600478125
5 174 429 524.116230193
6 175 433 526.844828949
7 176 439 529.775245527
8 177 440 531.572754926
7 178 441 534.921826031
6 179 444 535.600478125
5 180 445 537.134298966
4 181 451 542.921826031
3 182 452 544.116230193
4 183 453 544.656003385
3 184 455 545.921826031
4 185 456 547.080385185
3 186 460 555.844828949
4 187 461 557.98840868
5 188 465 564.607199195
4 189 467 564.656003385
3 190 468 567.080385185
4 191 470 571.675491341
5 192 477 580.918876215
4 193 479 580.98840868
5 194 480 581.394769628
4 195 482 582.675491341
5 196 484 584.510624967
6 197 488 589.063858848
5 198 490 590.607199195
4 199 493 591.918876215
3 200 494 591.918876215
4 201 495 598.97371345
3 202 499 601.394769628
4 203 500 604.826771292
3 204 502 606.063858848
4 205 509 621.698694999
5 206 511 623.860615702
4 207 515 624.97371345
5 208 517 625.465260835
6 209 520 630.436822452
5 210 522 630.826771292
4 211 524 632.698694999
5 212 525 633.438925347
4 213 528 634.860615702
5 214 535 642.335042387
6 215 536 642.648422064
7 216 537 642.743235007
8 217 538 643.943658269
7 218 541 644.826771292
6 219 543 645.860615702
5 220 544 646.698694999
4 221 550 656.860615702
5 222 555 661.196985444
6 223 556 663.041954194
5 224 559 663.698694999
6 225 561 668.765408519
5 226 566 670.826771292
4 227 567 673.826771292
3 228 568 677.698694999
2 229 569 677.698694999
3 230 573 683.00041538
2 231 574 690.826771292
3 232 576 702.196599663
4 233 579 705.424592692
5 234 580 713.64335392
4 235 582 713.826771292
5 236 583 714.391725757
6 237 584 716.309207052
5 238 588 733.826771292
6 239 589 735.578805185
7 240 592 746.991763919
6 241 594 747.826771292
7 242 595 748.011191245
8 243 597 749.484992067
7 244 602 755.826771292
8 245 603 756.824022404
7 246 604 758.826771292
8 247 605 761.684229562
9 248 608 763.570001702
10 249 609 763.956449537
9 250 612 769.826771292
8 251 616 786.826771292
9 252 617 790.170966524
10 253 618 790.576685048
9 254 621 792.826771292
10 255 623 795.864080673
9 256 630 797.826771292
8 257 634 800.826771292
7 258 635 805.826771292
6 259 636 806.826771292
7 260 637 808.460794289
6 261 639 811.826771292
7 262 641 816.334385658
8 263 642 821.319249906
9 264 643 823.108425625
8 265 651 831.826771292
9 266 655 836.389969338
8 267 659 840.826771292
7 268 661 847.063858848
8 269 662 848.995100204
7 270 665 851.826771292
6 271 666 851.826771292
5 272 676 859.826771292
4 273 678 860.97371345
3 274 679 861.063858848
2 275 680 862.826771292
3 276 681 865.185517355
4 277 685 866.890734697
3 278 689 870.826771292
4 279 691 872.959067442
3 280 695 879.185517355
4 281 696 882.719646899
5 282 699 885.167739776
6 283 700 886.266434396
5 284 702 886.890734697
4 285 708 893.185517355
3 286 711 899.185517355
2 287 712 900.890734697
3 288 715 909.428352576
2 289 717 909.860615702
3 290 718 910.711788441
2 291 724 917.428352576
1 292 725 921.711788441
2 293 726 928.480104295
1 294 730 942.480104295
2 295 731 945.630359645
3 296 733 949.062519799
4 297 735 951.277036224
5 298 738 954.575195695
4 299 746 960.062519799
3 300 747 962.630359645
2 301 748 965.630359645
3 302 749 967.681330357
2 303 751 971.277036224
3 304 752 971.512293058
4 305 756 972.755810549
5 306 759 972.779848612
6 307 760 974.205091711
5 308 762 978.681330357
6 309 763 979.627663013
7 310 766 982.27825622
8 311 767 985.424136305
7 312 773 989.755810549
6 313 775 991.512293058
5 314 777 992.755810549
6 315 778 993.363883036
5 316 781 995.681330357
6 317 783 998.187113929
7 318 784 999.814833638
8 319 785 999.818049844
9 320 786 1000.27510382
10 321 787 1002.58278643
11 322 788 1003.72478553
10 323 792 1006.75581055
9 324 798 1014.51229306
10 325 799 1017.45180979
9 326 802 1022.51229306
8 327 808 1024.68133036
7 328 813 1026.75581055
8 329 814 1027.45533154
7 330 819 1029.68133036
6 331 821 1032.68133036
5 332 822 1033.51229306
4 333 823 1033.51229306
3 334 825 1036.51229306
4 335 827 1036.63664534
3 336 833 1040.68133036
2 337 834 1040.75581055
3 338 835 1044.68010841
2 339 837 1046.68133036
3 340 839 1048.62155935
4 341 843 1051.48840996
3 342 847 1055.68010841
4 343 848 1061.63850327
3 344 850 1061.68010841
4 345 852 1065.76178969
5 346 853 1067.48370303
6 347 855 1067.66242448
7 348 860 1071.05601687
6 349 864 1071.48840996
7 350 866 1072.13823542
6 351 867 1072.63850327
5 352 871 1075.63850327
4 353 872 1078.48370303
3 354 875 1081.66242448
2 355 876 1081.66242448
3 356 877 1084.67058388
2 357 879 1088.48840996
1 358 882 1101.67058388
2 359 883 1103.2870586
1 360 887 1108.2870586
2 361 888 1115.37500915
3 362 890 1118.6565498
4 363 894 1121.49402454
3 364 898 1126.37500915
4 365 899 1128.294975
3 366 901 1129.6565498
4 367 904 1133.09988058
3 368 906 1138.49402454
4 369 909 1144.11735102
5 370 912 1144.72181093
4 371 913 1145.294975
3 372 919 1153.09988058
2 373 920 1153.09988058
3 374 921 1160.50648734
2 375 923 1161.11735102
3 376 926 1166.55243391
4 377 928 1166.74290711
5 378 930 1167.26998664
6 379 936 1172.09282779
5 380 938 1177.50648734
6 381 941 1181.11129674
5 382 942 1183.74290711
4 383 944 1186.55243391
5 384 945 1188.36759548
4 385 947 1190.26998664
5 386 950 1196.08350274
4 387 958 1203.74290711
3 388 959 1206.50648734
2 389 960 1213.08350274
1 390 961 1214.36759548
2 391 962 1215.18981073
3 392 964 1219.19454832
4 393 967 1219.80551145
5 394 973 1230.72499673
6 395 975 1232.80689582
5 396 977 1236.19454832
4 397 982 1241.18981073
3 398 983 1242.19454832
2 399 984 1243.80689582
1 400 985 1250.72499673
2 401 986 1255.73100389
3 402 988 1255.94159469
4 403 990 1256.30486093
3 404 998 1269.94159469
2 405 999 1276.30486093
1 406 1000 1278.73100389
2 407 1002 1289.48021737
3 408 1004 1290.43661307
4 409 1011 1299.95110445
3 410 1012 1307.43661307
4 411 1015 1311.09384176
5 412 1017 1312.6718698
4 413 1019 1313.95110445
3 414 1020 1315.48021737
2 415 1024 1322.09384176
3 416 1026 1326.36776843
4 417 1032 1334.18143058
3 418 1036 1341.6718698
2 419 1037 1346.36776843
3 420 1038 1349.50821962
2 421 1040 1354.18143058
1 422 1043 1363.50821962
2 423 1044 1364.3924624
3 424 1046 1367.76149076
4 425 1052 1387.76911613
3 426 1054 1390.76149076
2 427 1056 1393.3924624
3 428 1057 1394.11343283
2 429 1064 1405.11343283
1 430 1065 1407.76911613
2 431 1066 1413.77779471
3 432 1068 1413.8694852
4 433 1070 1417.74933938
5 434 1077 1418.85658676
6 435 1078 1420.07779508
5 436 1080 1421.77779471
6 437 1083 1424.00026465
5 438 1087 1431.74933938
4 439 1089 1435.77779471
3 440 1090 1436.8694852
2 441 1091 1436.8694852
3 442 1092 1437.71334457
4 443 1096 1439.75049885
3 444 1098 1442.74933938
4 445 1099 1443.49493503
3 446 1105 1454.71334457
4 447 1109 1455.98919348
5 448 1110 1457.2938724
4 449 1112 1457.49493503
3 450 1115 1465.75049885
4 451 1118 1470.39656352
5 452 1121 1472.00743236
4 453 1123 1479.75049885
5 454 1124 1482.97016013
6 455 1125 1487.05820026
5 456 1127 1489.49493503
6 457 1128 1489.63746315
7 458 1133 1491.66769439
8 459 1134 1497.94482841
7 460 1136 1499.75049885
8 461 1137 1499.78064125
9 462 1138 1500.66240992
8 463 1140 1503.49493503
9 464 1142 1506.03144732
10 465 1143 1508.4952647
11 466 1149 1513.02196894
10 467 1150 1514.49493503
9 468 1152 1519.75049885
8 469 1157 1522.75049885
7 470 1160 1528.49493503
6 471 1168 1536.49493503
5 472 1170 1536.75049885
6 473 1171 1538.03858494
7 474 1172 1540.34455074
8 475 1177 1541.08433681
7 476 1178 1545.49493503
6 477 1181 1547.49493503
5 478 1183 1548.75049885
4 479 1187 1553.75049885
3 480 1192 1560.48021737
2 481 1193 1561.75049885
1 482 1194 1564.49493503
2 483 1196 1565.87121664
3 484 1199 1568.05486184
2 485 1203 1573.05486184
1 486 1204 1573.87121664
2 487 1206 1574.46110774
3 488 1211 1592.78622855
2 489 1213 1594.46110774
3 490 1214 1596.52283475
4 491 1218 1602.77033302
5 492 1219 1603.07676415
6 493 1220 1606.187918
7 494 1221 1606.76785151
6 495 1224 1609.78622855
7 496 1226 1612.66244897
8 497 1227 1614.90192692
9 498 1232 1617.2695363
10 499 1233 1618.82227454
9 500 1237 1620.78622855
8 501 1240 1622.52283475
9 502 1243 1625.83064731
10 503 1247 1627.12596798
9 504 1253 1629.76149076
8 505 1254 1631.78622855
9 506 1255 1632.09317683
10 507 1256 1633.2645637
9 508 1258 1633.52283475
8 509 1259 1634.78622855
7 510 1260 1636.52283475
6 511 1264 1637.78622855
5 512 1267 1643.76149076
4 513 1269 1644.52283475
5 514 1271 1648.80312688
4 515 1279 1655.52283475
3 516 1280 1660.76149076
2 517 1283 1666.78622855
1 518 1285 1672.52283475
2 519 1286 1673.52335098
3 520 1288 1674.39230526
4 521 1292 1677.2094889
5 522 1294 1679.22827633
4 523 1296 1682.39230526
5 524 1297 1682.5133582
4 525 1303 1687.22827633
5 526 1306 1692.87675828
6 527 1308 1694.62266663
5 528 1309 1696.52335098
4 529 1311 1697.2094889
5 530 1314 1699.17725913
6 531 1318 1703.81197272
5 532 1321 1706.87675828
6 533 1325 1712.74144442
7 534 1327 1713.97947326
6 535 1328 1714.5133582
5 536 1330 1716.17725913
4 537 1334 1719.52335098
5 538 1335 1719.52364138
4 539 1337 1720.87675828
3 540 1341 1723.87675828
2 541 1342 1728.5133582
1 542 1346 1733.52364138
2 543 1347 1734.02808577
3 544 1349 1734.68924087
4 545 1351 1737.1577506
5 546 1355 1743.95177699
6 547 1356 1745.56875336
5 548 1359 1748.02808577
4 549 1364 1751.68924087
5 550 1367 1758.12083735
4 551 1369 1760.1577506
5 552 1370 1763.51566949
4 553 1374 1765.02808577
5 554 1375 1765.78297503
6 555 1376 1767.0006485
7 556 1379 1767.3546462
6 557 1381 1768.68924087
5 558 1382 1771.1577506
4 559 1390 1785.68924087
3 560 1392 1788.02808577
4 561 1393 1788.06222221
3 562 1395 1788.1577506
4 563 1398 1797.9320592
3 564 1402 1799.68924087
4 565 1403 1804.81163366
5 566 1410 1810.39745677
4 567 1412 1811.06222221
3 568 1413 1812.81163366
4 569 1414 1814.06726609
5 570 1416 1815.51545279
6 571 1418 1815.52178641
5 572 1421 1820.9320592
6 573 1427 1829.75122552
5 574 1429 1830.39745677
6 575 1430 1831.89308554
5 576 1431 1832.51545279
4 577 1435 1834.06726609
5 578 1440 1840.2898261
4 579 1442 1840.9320592
5 580 1443 1842.80987657
4 581 1445 1844.39745677
3 582 1446 1846.51545279
2 583 1449 1851.2898261
3 584 1450 1851.81713071
4 585 1452 1854.53346056
3 586 1460 1859.81713071
2 587 1461 1865.53346056
3 588 1462 1867.44381665
2 589 1464 1868.80987657
1 590 1467 1881.44381665
2 591 1468 1890.11489956
3 592 1472 1905.72642088
2 593 1474 1907.11489956
3 594 1475 1919.8000764
2 595 1481 1931.72642088
1 596 1482 1933.8000764
2 597 1484 1959.72679591
3 598 1486 1965.95415987
4 599 1491 1966.93415525
3 600 1495 1970.72679591
2 601 1496 1973.95415987
1 602 1497 1979.95415987
2 603 1499 2000.07818664
3 604 1500 2005.82654993
4 605 1502 2009.53067609
3 606 1508 2016.82654993
4 607 1509 2022.06662304
3 608 1513 2023.07818664
4 609 1514 2024.73040639
5 610 1516 2031.38504713
6 611 1518 2031.72455958
5 612 1524 2035.53067609
6 613 1526 2035.74085147
7 614 1527 2035.85211237
6 615 1530 2039.06662304
5 616 1535 2041.73040639
4 617 1540 2045.72455958
5 618 1541 2046.44405945
6 619 1543 2048.35333245
5 620 1545 2050.06662304
4 621 1546 2050.06662304
3 622 1549 2051.38504713
4 623 1550 2052.58424807
3 624 1554 2060.44405945
2 625 1557 2065.35333245
1 626 1558 2072.58424807
2 627 1559 2075.47418697
3 628 1561 2077.17433603
4 629 1565 2086.07334321
3 630 1569 2092.47418697
2 631 1570 2097.17433603
3 632 1573 2108.92697162
2 633 1575 2109.07334321
3 634 1576 2110.6404821
4 635 1582 2119.0408967
3 636 1584 2124.6404821
2 637 1587 2128.92697162
1 638 1588 2133.0408967
2 639 1589 2138.44230439
3 640 1591 2140.5492147
2 641 1595 2146.44230439
3 642 1598 2153.96822148
2 643 1602 2166.5492147
3 644 1603 2167.30379526
2 645 1605 2170.96822148
3 646 1606 2171.21695496
4 647 1612 2184.24748488
3 648 1614 2187.30379526
4 649 1615 2188.44778434
5 650 1618 2188.65661523
4 651 1624 2197.21695496
5 652 1625 2198.62277017
4 653 1627 2199.44778434
3 654 1630 2204.24748488
4 655 1631 2205.22047536
3 656 1633 2206.62277017
2 657 1634 2211.44778434
3 658 1637 2222.60703501
2 659 1639 2225.22047536
3 660 1640 2226.46710448
4 661 1644 2228.83693986
5 662 1648 2229.75371859
6 663 1650 2232.57435898
5 664 1653 2236.60703501
4 665 1655 2237.46710448
3 666 1656 2240.75371859
2 667 1661 2250.60703501
1 668 1662 2251.83693986
2 669 1663 2253.12070292
3 670 1665 2254.26447061
4 671 1669 2260.60564878
3 672 1671 2262.26447061
4 673 1677 2275.51208255
3 674 1679 2276.12070292
2 675 1680 2277.60564878
3 676 1682 2279.18293164
4 677 1686 2287.30599684
5 678 1688 2288.81096746
6 679 1693 2290.92324682
5 680 1694 2292.51208255
4 681 1698 2293.18293164
3 682 1699 2296.81096746
4 683 1702 2298.8877022
5 684 1706 2302.63401013
6 685 1711 2307.68882861
7 686 1712 2309.09896445
6 687 1714 2312.51208255
5 688 1718 2315.8877022
4 689 1719 2316.30599684
3 690 1720 2316.63401013
4 691 1721 2323.6120931
3 692 1725 2325.63401013
4 693 1726 2329.6269797
5 694 1732 2332.53836821
4 695 1734 2334.6120931
3 696 1735 2335.51208255
4 697 1736 2335.62913721
3 698 1738 2340.6269797
4 699 1743 2350.60887556
5 700 1745 2352.00953721
4 701 1747 2352.62913721
5 702 1750 2358.42845295
6 703 1752 2359.43651485
5 704 1754 2361.53836821
4 705 1755 2361.60887556
5 706 1759 2367.2931711
4 707 1760 2369.00953721
5 708 1761 2370.61746821
4 709 1770 2378.42845295
3 710 1771 2381.61746821
4 711 1772 2383.67087497
3 712 1776 2387.42845295
2 713 1777 2390.53836821
3 714 1780 2390.86981549
4 715 1783 2400.44219958
3 716 1785 2400.67087497
2 717 1788 2407.86981549
3 718 1790 2409.98752869
2 719 1792 2411.44219958
3 720 1793 2414.1696684
4 721 1797 2421.41715943
5 722 1799 2422.90022674
6 723 1802 2425.3654293
5 724 1806 2426.98752869
4 725 1807 2431.1696684
3 726 1811 2435.41715943
4 727 1815 2440.56046978
5 728 1816 2440.63241004
6 729 1817 2445.24022561
5 730 1819 2448.1696684
4 731 1822 2458.98752869
5 732 1823 2459.68370205
6 733 1824 2463.829639
5 734 1828 2468.1696684
6 735 1831 2478.07493934
7 736 1834 2478.24946415
6 737 1835 2478.98752869
7 738 1837 2479.29126007
8 739 1838 2481.76834704
9 740 1839 2486.58753096
10 741 1840 2488.71621518
9 742 1845 2491.1696684
10 743 1849 2496.40826107
9 744 1852 2498.98752869
8 745 1853 2499.1696684
7 746 1858 2505.1696684
6 747 1864 2515.98752869
5 748 1869 2518.98752869
4 749 1870 2524.60564878
5 750 1872 2525.30153735
4 751 1876 2526.98752869
3 752 1877 2528.1696684
2 753 1879 2529.98752869
1 754 1880 2531.1696684
2 755 1881 2535.15265274
3 756 1886 2548.43514947
4 757 1888 2549.73952478
5 758 1889 2551.50515616
4 759 1891 2552.15265274
5 760 1894 2557.05202061
4 761 1898 2563.15265274
3 762 1899 2568.43514947
4 763 1901 2569.38921441
5 764 1902 2572.99016487
6 765 1907 2583.60395647
5 766 1910 2586.15265274
6 767 1911 2588.33472589
5 768 1913 2588.43514947
6 769 1917 2593.28833651
5 770 1919 2597.15265274
4 771 1924 2603.15265274
3 772 1926 2605.15265274
4 773 1929 2608.15716937
3 774 1930 2608.43514947
4 775 1933 2609.63878501
3 776 1934 2610.15265274
4 777 1935 2612.94051074
5 778 1937 2615.57687471
6 779 1940 2618.13549796
5 780 1945 2625.43514947
4 781 1946 2628.43514947
3 782 1950 2632.94051074
2 783 1951 2636.43514947
3 784 1954 2643.05133935
4 785 1956 2644.57518586
5 786 1957 2644.85859544
6 787 1958 2645.62868751
5 788 1965 2658.94051074
6 789 1967 2660.86238777
7 790 1968 2661.00944498
6 791 1971 2663.05133935
5 792 1974 2665.53836821
6 793 1981 2674.94970206
5 794 1983 2676.53836821
4 795 1984 2677.05133935
5 796 1989 2681.64060533
4 797 1991 2682.41715943
3 798 1992 2684.53836821
4 799 1993 2688.67071009
3 800 1995 2690.94051074
4 801 1997 2691.03689571
3 802 2003 2698.64060533
4 803 2004 2699.06501099
3 804 2007 2702.67071009
2 805 2012 2711.03689571
3 806 2013 2711.40367812
4 807 2015 2711.41620594
5 808 2018 2714.80261033
4 809 2022 2716.06501099
5 810 2023 2716.98310741
4 811 2025 2719.40367812
3 812 2030 2728.40367812
2 813 2031 2731.41620594
3 814 2032 2733.39395331
2 815 2034 2736.98310741
3 816 2035 2743.07342147
4 817 2039 2749.45020606
3 818 2043 2750.39395331
4 819 2044 2753.65731087
5 820 2046 2754.71643377
6 821 2049 2758.9281048
5 822 2050 2760.07342147
6 823 2055 2760.92135755
5 824 2057 2767.65731087
4 825 2058 2769.45020606
5 826 2064 2776.83552584
6 827 2066 2777.50202154
7 828 2067 2781.40380729
6 829 2068 2783.07342147
5 830 2070 2783.07342147
4 831 2072 2784.65731087
3 832 2075 2793.83552584
4 833 2081 2799.54250334
3 834 2083 2801.65731087
2 835 2084 2806.07342147
3 836 2086 2806.70454235
4 837 2087 2807.14215256
5 838 2094 2814.50343483
6 839 2096 2815.60474153
5 840 2098 2819.54250334
4 841 2099 2819.54250334
5 842 2102 2820.64617134
4 843 2104 2821.14215256
5 844 2107 2823.84635695
4 845 2109 2826.60474153
5 846 2114 2828.92057067
6 847 2116 2829.17144329
5 848 2118 2834.50343483
4 849 2119 2834.84635695
5 850 2122 2836.79699558
4 851 2124 2837.64617134
3 852 2125 2839.92057067
4 853 2129 2847.78475374
3 854 2133 2854.50343483
4 855 2134 2855.00784002
5 856 2136 2858.50310602
4 857 2142 2865.79699558
5 858 2143 2866.15151941
6 859 2145 2867.23685912
5 860 2147 2868.79699558
4 861 2148 2869.00784002
3 862 2149 2869.50310602
4 863 2150 2871.96254646
5 864 2152 2873.69546751
6 865 2156 2876.72424234
7 866 2159 2880.07794716
6 867 2164 2883.15151941
7 868 2168 2887.59754112
6 869 2169 2887.69546751
5 870 2172 2888.96254646
4 871 2177 2896.23685912
3 872 2178 2897.15151941
2 873 2179 2901.69546751
1 874 2180 2902.96254646
2 875 2181 2909.85538386
3 876 2185 2916.57971325
4 877 2187 2920.7250726
5 878 2189 2921.43321869
4 879 2192 2926.85538386
5 880 2195 2930.33522416
4 881 2201 2939.57971325
3 882 2206 2946.7250726
2 883 2207 2950.33522416
3 884 2208 2951.78600546
4 885 2211 2951.86122269
3 886 2212 2953.43321869
4 887 2213 2958.48333829
3 888 2218 2965.78600546
4 889 2219 2967.95970361
3 890 2223 2971.78600546
4 891 2224 2974.60030451
3 892 2226 2978.48333829
2 893 2231 2990.95970361
1 894 2232 3000.60030451
2 895 2233 3006.43166985
3 896 2237 3015.18040086
2 897 2239 3020.43166985
1 898 2242 3029.18040086
2 899 2243 3036.77230319
3 900 2245 3038.85564969
4 901 2247 3045.4832265
3 902 2255 3056.77230319
4 903 2256 3058.35404577
3 904 2260 3059.4832265
4 905 2261 3062.77929309
3 906 2263 3064.85564969
2 907 2264 3066.35404577
3 908 2265 3067.27532856
4 909 2271 3076.30327625
3 910 2273 3078.27532856
2 911 2274 3082.77929309
3 912 2277 3088.8200127
2 913 2279 3090.30327625
1 914 2282 3102.8200127
2 915 2283 3104.11041098
3 916 2285 3110.2444031
4 917 2287 3110.41182496
5 918 2294 3120.41009401
4 919 2295 3121.11041098
3 920 2299 3124.41182496
2 921 2300 3127.2444031
1 922 2301 3127.41182496
2 923 2302 3130.68659705
3 924 2304 3135.4863546
4 925 2308 3140.13935388
5 926 2314 3147.60694956
4 927 2316 3148.13935388
3 928 2317 3149.4863546
4 929 2319 3150.37428302
3 930 2325 3159.68659705
2 931 2328 3161.60694956
3 932 2329 3162.22662628
2 933 2331 3164.37428302
3 934 2332 3165.29829695
4 935 2336 3172.25296536
3 936 2340 3176.22662628
4 937 2343 3179.38364614
3 938 2345 3183.25296536
2 939 2346 3185.29829695
1 940 2349 3196.38364614
2 941 2350 3210.24396066
3 942 2352 3210.74662482
4 943 2354 3221.43913526
3 944 2360 3230.24396066
4 945 2361 3231.41201559
5 946 2367 3235.25284126
6 947 2369 3236.15523607
5 948 2370 3236.41201559
4 949 2372 3238.43913526
3 950 2373 3239.74662482
2 951 2376 3246.25284126
3 952 2379 3248.51607456
2 953 2381 3250.41201559
3 954 2382 3259.50992035
4 955 2385 3266.00604721
5 956 2386 3266.13205249
6 957 2391 3267.07636894
5 958 2395 3270.50992035
6 959 2396 3271.26104181
7 960 2398 3271.70670949
6 961 2400 3274.51607456
7 962 2402 3277.67356824
8 963 2403 3278.25152381
9 964 2404 3278.4846075
8 965 2410 3280.51607456
9 966 2413 3285.30688741
8 967 2414 3286.13205249
7 968 2420 3289.13205249
6 969 2421 3292.13205249
5 970 2422 3294.26104181
4 971 2424 3294.70670949
5 972 2427 3298.98117984
4 973 2431 3300.51607456
3 974 2434 3303.13205249
2 975 2435 3303.13205249
3 976 2438 3306.18845255
2 977 2440 3311.26104181
3 978 2444 3321.18255408
4 979 2446 3321.43134294
3 980 2447 3326.18845255
4 981 2451 3328.34652783
5 982 2452 3332.64996612
6 983 2455 3334.08839761
7 984 2456 3336.21849668
6 985 2458 3338.18255408
7 986 2459 3338.2868054
6 987 2463 3346.18845255
5 988 2465 3349.18255408
6 989 2470 3359.20013314
5 990 2473 3363.18845255
4 991 2477 3366.18255408
3 992 2480 3368.18845255
2 993 2481 3368.18845255
3 994 2482 3373.57395814
4 995 2484 3374.43164132
5 996 2488 3378.91457488
4 997 2492 3381.57395814
3 998 2497 3392.18255408
2 999 2498 3395.57395814
3 1000 2499 3396.12583489
2 1001 2501 3397.43164132
3 1002 2502 3397.4573215
4 1003 2504 3398.13646462
5 1004 2506 3399.11840605
6 1005 2507 3400.69522741
7 1006 2510 3405.05772853
6 1007 2516 3412.13646462
7 1008 2517 3415.65160507
6 1009 2519 3416.12583489
5 1010 2523 3417.4573215
6 1011 2524 3417.52449859
5 1012 2528 3420.13646462
6 1013 2531 3424.5916415
5 1014 2535 3431.13646462
4 1015 2536 3433.12583489
5 1016 2538 3433.7318931
6 1017 2539 3437.7790004
5 1018 2543 3440.4573215
6 1019 2544 3440.83233429
7 1020 2545 3445.7982821
6 1021 2551 3448.13646462
7 1022 2554 3452.89123573
8 1023 2555 3454.81693183
9 1024 2556 3458.37920058
8 1025 2558 3460.4573215
7 1026 2560 3462.12583489
6 1027 2561 3462.13646462
5 1028 2568 3474.4573215
6 1029 2571 3477.32221162
7 1030 2574 3482.02563604
6 1031 2576 3482.12583489
7 1032 2579 3488.10978094
6 1033 2581 3488.13646462
5 1034 2583 3488.4573215
4 1035 2584 3493.12583489
5 1036 2586 3498.33592385
6 1037 2587 3499.48860925
7 1038 2592 3503.60242613
8 1039 2593 3506.80840006
7 1040 2596 3507.12583489
8 1041 2599 3511.91259233
9 1042 2600 3513.58292146
8 1043 2605 3514.13646462
9 1044 2608 3519.1895984
10 1045 2611 3519.99038993
9 1046 2613 3520.4573215
8 1047 2615 3521.12583489
7 1048 2616 3521.12583489
8 1049 2617 3523.28209387
7 1050 2621 3525.13646462
6 1051 2626 3534.4573215
5 1052 2629 3535.12583489
4 1053 2634 3542.70670949
5 1054 2635 3544.13905231
4 1055 2637 3545.4573215
5 1056 2644 3550.64672941
4 1057 2646 3551.13646462
3 1058 2648 3555.12583489
2 1059 2650 3558.13905231
1 1060 2654 3573.64672941
2 1061 2655 3590.46448977
3 1062 2659 3605.48578468
4 1063 2663 3607.86431102
3 1064 2665 3610.46448977
4 1065 2666 3611.56342488
3 1066 2670 3616.48578468
4 1067 2671 3617.86847293
3 1068 2673 3621.86431102
4 1069 2674 3624.3632184
3 1070 2682 3629.3632184
2 1071 2683 3631.56342488
3 1072 2684 3632.52713872
2 1073 2686 3634.86847293
3 1074 2687 3638.60102461
4 1075 2691 3641.97837772
5 1076 2693 3647.66028803
4 1077 2698 3649.52713872
5 1078 2700 3650.96219928
6 1079 2701 3657.26425471
5 1080 2703 3658.60102461
4 1081 2706 3661.97837772
5 1082 2708 3665.12536718
4 1083 2711 3666.52713872
3 1084 2715 3669.97837772
2 1085 2718 3674.52713872
3 1086 2719 3677.84840522
2 1087 2721 3681.60102461
3 1088 2724 3683.7695688
2 1089 2726 3688.84840522
3 1090 2729 3697.80179618
4 1091 2732 3699.63119648
3 1092 2733 3700.7695688
2 1093 2737 3708.80179618
1 1094 2738 3708.80179618
2 1095 2739 3714.23025031
3 1096 2741 3715.24294066
4 1097 2747 3722.78738743
5 1098 2751 3724.45595865
6 1099 2752 3725.38728548
7 1100 2753 3726.36736554
8 1101 2754 3727.66763062
7 1102 2756 3731.23025031
6 1103 2757 3733.78738743
5 1104 2759 3735.24294066
6 1105 2761 3736.75761208
7 1106 2762 3737.4835408
8 1107 2769 3748.81376296
9 1108 2770 3749.68145675
8 1109 2771 3750.78738743
7 1110 2775 3751.23025031
6 1111 2777 3752.24294066
7 1112 2778 3755.26882418
8 1113 2780 3756.00852862
9 1114 2791 3766.52579412
8 1115 2792 3767.78738743
7 1116 2794 3768.23025031
6 1117 2796 3769.24294066
7 1118 2799 3770.89804498
6 1119 2800 3771.23025031
5 1120 2802 3773.78738743
6 1121 2805 3776.07953852
5 1122 2807 3776.4573215
6 1123 2810 3777.75429725
5 1124 2812 3779.23025031
6 1125 2814 3779.45232807
5 1126 2819 3784.4573215
6 1127 2820 3785.78934204
5 1128 2825 3789.24294066
4 1129 2828 3793.78738743
3 1130 2829 3796.23025031
4 1131 2831 3797.91825469
3 1132 2833 3799.23025031
4 1133 2834 3799.84577636
3 1134 2840 3805.78934204
2 1135 2841 3805.91825469
3 1136 2844 3812.44242215
4 1137 2848 3819.77513521
3 1138 2850 3819.84577636
4 1139 2852 3821.38807605
3 1140 2853 3823.44242215
2 1141 2857 3833.77513521
3 1142 2858 3836.26910149
2 1143 2860 3839.77513521
3 1144 2863 3841.18338927
4 1145 2865 3848.38567263
3 1146 2869 3853.26910149
4 1147 2870 3854.92414618
5 1148 2874 3856.23509688
4 1149 2878 3864.18338927
3 1150 2879 3864.23509688
2 1151 2880 3865.38567263
3 1152 2881 3867.06822875
4 1153 2885 3872.28324527
3 1154 2889 3881.06822875
2 1155 2892 3886.92414618
3 1156 2893 3890.07507726
4 1157 2895 3890.59635923
5 1158 2897 3891.04214309
4 1159 2901 3892.28324527
3 1160 2902 3901.07507726
4 1161 2907 3904.32486239
5 1162 2909 3906.28635125
4 1163 2913 3911.04214309
5 1164 2914 3912.26711672
4 1165 2916 3913.59635923
3 1166 2917 3915.32486239
4 1167 2918 3915.52769868
5 1168 2920 3916.07868764
4 1169 2930 3920.52769868
3 1170 2931 3926.26711672
2 1171 2932 3927.07868764
3 1172 2933 3928.96472732
4 1173 2935 3929.44290995
3 1174 2937 3932.28635125
4 1175 2938 3937.96655469
5 1176 2944 3941.0453745
4 1177 2946 3943.44290995
3 1178 2951 3948.96655469
2 1179 2952 3951.96472732
1 1180 2953 3952.0453745
2 1181 2954 3966.76964856
3 1182 2956 3972.21102556
4 1183 2958 3974.57204494
5 1184 2963 3980.56466298
6 1185 2969 3985.9437815
5 1186 2971 3989.21102556
4 1187 2972 3989.21102556
3 1188 2973 3989.76964856
2 1189 2976 3991.57204494
3 1190 2977 3992.91513976
2 1191 2979 3996.9437815
3 1192 2980 3997.09332525
4 1193 2982 3999.93659488
5 1194 2985 4001.03555406
6 1195 2991 4006.11916318
7 1196 2993 4006.68130472
6 1197 2994 4008.09332525
5 1198 2996 4009.91513976
6 1199 3001 4012.82267675
5 1200 3005 4014.09332525
6 1201 3006 4016.6044048
5 1202 3007 4016.93659488
6 1203 3009 4018.03035717
5 1204 3012 4019.09332525
4 1205 3018 4026.11916318
3 1206 3020 4027.93659488
2 1207 3024 4038.82267675
1 1208 3026 4044.23025031
2 1209 3027 4051.32535771
3 1210 3029 4053.13621196
4 1211 3033 4056.91575705
5 1212 3035 4057.45338454
4 1213 3037 4062.32535771
3 1214 3044 4073.13621196
4 1215 3045 4077.77150647
5 1216 3047 4077.98664635
6 1217 3048 4078.74738269
5 1218 3050 4082.32535771
4 1219 3052 4082.91575705
3 1220 3055 4088.77150647
4 1221 3058 4100.61758289
5 1222 3062 4105.48093357
6 1223 3063 4105.91007225
5 1224 3065 4108.32535771
4 1225 3069 4111.91575705
5 1226 3070 4115.11513547
4 1227 3076 4122.91575705
3 1228 3077 4123.61758289
4 1229 3080 4126.08565812
3 1230 3082 4127.91575705
4 1231 3083 4128.11977669
3 1232 3089 4137.32535771
4 1233 3090 4139.18630987
3 1234 3092 4140.08565812
2 1235 3095 4142.11977669
1 1236 3096 4144.18630987
2 1237 3097 4148.99302127
3 1238 3099 4150.2773968
2 1239 3103 4159.99302127
3 1240 3106 4164.24157172
4 1241 3108 4165.01538696
5 1242 3110 4166.68247202
6 1243 3111 4168.37520343
5 1244 3113 4170.2773968
6 1245 3114 4170.67001196
7 1246 3115 4172.59631246
8 1247 3120 4177.94261199
7 1248 3122 4179.01538696
6 1249 3126 4184.24157172
7 1250 3127 4185.36842662
6 1251 3131 4190.2773968
7 1252 3136 4197.98407283
6 1253 3137 4201.2773968
5 1254 3139 4202.01538696
4 1255 3142 4204.24157172
3 1256 3148 4212.2773968
4 1257 3149 4215.53139122
3 1258 3151 4216.01538696
4 1259 3152 4216.87275935
5 1260 3156 4220.31553125
6 1261 3158 4221.96024602
5 1262 3159 4222.01538696
6 1263 3161 4225.3301536
7 1264 3164 4227.56248974
6 1265 3166 4229.53139122
7 1266 3170 4231.76277102
8 1267 3171 4231.80528016
9 1268 3172 4234.16563948
8 1269 3176 4236.87275935
7 1270 3177 4237.31553125
8 1271 3178 4237.8977499
9 1272 3179 4238.96690349
8 1273 3184 4240.31553125
7 1274 3191 4245.31553125
6 1275 3194 4246.53139122
5 1276 3200 4251.31553125
4 1277 3201 4253.31553125
3 1278 3203 4253.87275935
4 1279 3205 4257.12967011
3 1280 3207 4257.53139122
4 1281 3208 4264.72155575
3 1282 3211 4266.53139122
4 1283 3214 4272.31388674
5 1284 3216 4272.57164284
4 1285 3217 4274.12967011
5 1286 3221 4274.99697168
6 1287 3222 4279.10003492
5 1288 3227 4284.72155575
6 1289 3229 4288.94436636
5 1290 3231 4294.12967011
4 1291 3232 4295.31388674
3 1292 3240 4307.72155575
2 1293 3241 4308.12967011
3 1294 3242 4308.85021898
2 1295 3244 4309.31388674
3 1296 3245 4315.45235901
4 1297 3247 4316.00764338
3 1298 3255 4324.00764338
2 1299 3256 4325.85021898
3 1300 3257 4326.0050782
4 1301 3261 4328.52725896
3 1302 3263 4329.45235901
4 1303 3265 4332.03246155
5 1304 3268 4336.20887051
4 1305 3269 4337.0050782
3 1306 3272 4339.52725896
2 1307 3278 4350.52725896
1 1308 3279 4351.0050782
2 1309 3280 4357.2612898
3 1310 3282 4358.04138626
4 1311 3284 4359.98264695
5 1312 3287 4367.39160078
4 1313 3291 4368.2612898
3 1314 3292 4378.04138626
4 1315 3296 4380.9661755
3 1316 3300 4394.2612898
4 1317 3301 4397.95030975
3 1318 3304 4401.04138626
4 1319 3306 4407.96113363
3 1320 3308 4408.2612898
2 1321 3311 4415.04138626
1 1322 3316 4419.2612898
2 1323 3317 4421.10371845
3 1324 3319 4423.78345617
4 1325 3322 4428.29428194
3 1326 3323 4432.10371845
4 1327 3328 4436.02235995
5 1328 3331 4441.91190947
6 1329 3334 4442.10724884
5 1330 3337 4446.10371845
4 1331 3341 4451.32121847
3 1332 3343 4457.10371845
2 1333 3344 4460.10371845
3 1334 3345 4460.52713602
2 1335 3351 4468.52713602
3 1336 3352 4469.66200702
4 1337 3354 4469.67798831
5 1338 3355 4469.96129778
4 1339 3360 4477.32121847
3 1340 3362 4480.66200702
4 1341 3364 4483.52039257
5 1342 3369 4494.20688282
4 1343 3371 4494.66200702
3 1344 3373 4497.32121847
4 1345 3375 4502.53301641
5 1346 3378 4506.72673359
6 1347 3382 4508.26499761
5 1348 3383 4514.32121847
4 1349 3385 4514.32121847
3 1350 3387 4517.66200702
4 1351 3390 4519.73853844
3 1352 3394 4522.32121847
4 1353 3397 4527.45684985
3 1354 3399 4534.66200702
2 1355 3402 4539.32121847
3 1356 3403 4540.09597661
2 1357 3405 4548.66200702
3 1358 3410 4553.91410095
4 1359 3413 4554.11949683
5 1360 3417 4557.76462458
4 1361 3419 4560.09597661
5 1362 3420 4560.40856547
6 1363 3421 4561.37284237
5 1364 3424 4564.91410095
4 1365 3426 4567.91410095
3 1366 3427 4571.09597661
4 1367 3433 4576.06216162
5 1368 3434 4582.05489522
4 1369 3435 4582.09597661
3 1370 3439 4587.91410095
4 1371 3441 4589.49224526
5 1372 3442 4592.82504773
4 1373 3444 4599.09597661
5 1374 3447 4605.09424598
6 1375 3448 4606.81166931
5 1376 3450 4607.91410095
6 1377 3453 4609.32491332
7 1378 3454 4609.40408343
6 1379 3456 4613.09597661
7 1380 3458 4613.17095139
6 1381 3465 4624.09597661
5 1382 3469 4627.91410095
4 1383 3473 4635.09597661
3 1384 3474 4636.09597661
4 1385 3475 4636.59282477
5 1386 3476 4639.35141674
6 1387 3477 4641.85247247
5 1388 3480 4641.91410095
4 1389 3488 4655.91410095
3 1390 3490 4655.91410095
2 1391 3491 4661.09597661
1 1392 3494 4666.91410095
2 1393 3496 4668.5890124
3 1394 3501 4674.21260612
4 1395 3507 4678.4396135
3 1396 3509 4682.5890124
4 1397 3510 4687.77965223
3 1398 3512 4688.21260612
4 1399 3515 4694.83853954
5 1400 3518 4699.86460342
6 1401 3519 4701.32526465
5 1402 3521 4702.5890124
6 1403 3522 4702.71399909
7 1404 3523 4705.29306075
6 1405 3524 4711.21260612
7 1406 3532 4722.04378315
6 1407 3534 4725.5890124
7 1408 3535 4727.33700025
6 1409 3538 4731.21260612
7 1410 3539 4731.68852748
6 1411 3541 4734.21260612
7 1412 3543 4735.42744828
6 1413 3544 4736.5890124
5 1414 3554 4750.5890124
6 1415 3559 4753.2439095
5 1416 3560 4755.5890124
6 1417 3561 4756.75603469
5 1418 3563 4757.21260612
4 1419 3564 4757.21260612
5 1420 3567 4766.0442588
6 1421 3572 4768.26891476
5 1422 3575 4770.75603469
6 1423 3579 4775.32647639
5 1424 3581 4776.88885492
4 1425 3582 4776.88885492
3 1426 3583 4777.0442588
4 1427 3584 4778.40117844
5 1428 3586 4782.43826288
6 1429 3591 4788.79845494
5 1430 3592 4790.75603469
6 1431 3594 4791.97494604
5 1432 3596 4792.40117844
4 1433 3602 4796.88885492
5 1434 3603 4798.10995907
6 1435 3604 4798.45204848
5 1436 3608 4803.40117844
6 1437 3609 4804.50186991
5 1438 3612 4804.88885492
4 1439 3613 4810.75603469
3 1440 3618 4815.88885492
2 1441 3622 4821.88885492
1 1442 3623 4826.40117844
2 1443 3625 4827.86052472
3 1444 3626 4832.58227924
4 1445 3628 4835.50388015
3 1446 3633 4846.58227924
2 1447 3635 4847.86052472
3 1448 3638 4855.08049929
4 1449 3640 4856.93858311
5 1450 3642 4861.99884699
4 1451 3649 4866.58227924
5 1452 3651 4868.3244613
4 1453 3652 4875.08049929
5 1454 3656 4876.88575263
4 1455 3658 4876.93858311
3 1456 3661 4883.58227924
2 1457 3664 4886.08049929
3 1458 3665 4886.36788926
4 1459 3667 4887.42862164
3 1460 3671 4893.93858311
2 1461 3674 4903.36788926
3 1462 3675 4903.81314899
4 1463 3677 4904.17312761
5 1464 3679 4905.49658134
4 1465 3681 4907.42862164
5 1466 3684 4911.11446026
6 1467 3687 4913.24449621
7 1468 3690 4914.33644007
6 1469 3693 4918.17312761
7 1470 3695 4920.27957722
6 1471 3697 4923.81314899
5 1472 3699 4924.42862164
6 1473 3704 4926.71013259
5 1474 3707 4929.17312761
6 1475 3708 4929.40900559
7 1476 3712 4935.91523799
6 1477 3715 4938.42862164
7 1478 3719 4942.49026194
6 1479 3720 4943.17312761
5 1480 3722 4946.17312761
6 1481 3723 4949.26926562
5 1482 3725 4949.42862164
4 1483 3726 4949.81314899
5 1484 3730 4954.31224732
6 1485 3731 4955.92503808
7 1486 3736 4961.99058799
6 1487 3738 4963.17312761
5 1488 3740 4963.42862164
4 1489 3741 4966.81314899
5 1490 3749 4981.35742845
4 1491 3751 4983.42862164
3 1492 3752 4983.81314899
4 1493 3753 4985.55890126
3 1494 3755 4986.17312761
4 1495 3756 4991.74858364
3 1496 3762 4999.55890126
4 1497 3763 5000.17529491
3 1498 3767 5003.42862164
2 1499 3770 5005.74858364
3 1500 3771 5009.09052598
2 1501 3773 5011.17529491
3 1502 3776 5018.03544315
4 1503 3778 5021.19440805
5 1504 3780 5022.6765221
4 1505 3782 5023.09052598
5 1506 3784 5026.00239583
6 1507 3787 5028.06725608
7 1508 3791 5034.22912501
6 1509 3794 5040.09052598
5 1510 3795 5041.03544315
4 1511 3798 5041.19440805
3 1512 3799 5043.09052598
2 1513 3806 5055.03544315
1 1514 3807 5055.19440805
2 1515 3808 5055.75049166
3 1516 3810 5057.07398106
4 1517 3813 5063.93887287
5 1518 3818 5066.92757614
6 1519 3819 5068.76208903
7 1520 3823 5075.67566872
6 1521 3825 5075.75049166
7 1522 3826 5075.94391549
6 1523 3830 5077.93887287
7 1524 3831 5082.19541493
6 1525 3834 5083.93887287
5 1526 3835 5086.75049166
4 1527 3837 5089.07398106
3 1528 3845 5100.75049166
2 1529 3846 5100.93887287
1 1530 3847 5103.07398106
2 1531 3850 5116.37863515
3 1532 3852 5125.250357
2 1533 3856 5133.37863515
3 1534 3858 5135.87837262
4 1535 3865 5147.28058725
5 1536 3868 5149.03543387
4 1537 3869 5151.250357
3 1538 3870 5155.87837262
4 1539 3874 5158.59668382
5 1540 3876 5159.02075594
4 1541 3878 5161.28058725
3 1542 3879 5164.28058725
4 1543 3884 5170.56201995
5 1544 3886 5171.89217744
4 1545 3887 5172.59668382
5 1546 3893 5174.91285386
4 1547 3895 5177.59668382
5 1548 3896 5179.03152014
4 1549 3899 5182.02075594
3 1550 3901 5185.59668382
2 1551 3902 5187.56201995
3 1552 3905 5200.80919041
4 1553 3907 5206.64640808
3 1554 3909 5208.02075594
4 1555 3910 5209.15514804
5 1556 3914 5211.03538177
6 1557 3919 5216.64046424
7 1558 3920 5219.84565453
8 1559 3921 5222.37975917
7 1560 3923 5223.64640808
6 1561 3927 5226.80919041
5 1562 3929 5229.15514804
4 1563 3931 5231.64640808
5 1564 3936 5239.05677408
6 1565 3939 5241.32184791
7 1566 3940 5242.60643187
6 1567 3942 5242.64640808
7 1568 3945 5245.06567789
6 1569 3948 5246.15514804
7 1570 3952 5250.41015335
6 1571 3954 5250.64640808
5 1572 3956 5255.80919041
6 1573 3957 5256.70868272
5 1574 3958 5257.15514804
6 1575 3960 5258.51823372
5 1576 3963 5263.15514804
4 1577 3968 5271.15514804
3 1578 3972 5276.64640808
4 1579 3973 5276.92768413
5 1580 3975 5277.39918589
6 1581 3976 5278.16026884
5 1582 3978 5278.80919041
4 1583 3979 5282.15514804
5 1584 3983 5287.13151884
4 1585 3989 5293.92768413
5 1586 3990 5295.75521495
6 1587 3991 5297.04433834
5 1588 3994 5298.80919041
4 1589 3996 5299.15514804
5 1590 4002 5305.21249088
4 1591 4007 5309.80919041
3 1592 4008 5310.92768413
4 1593 4009 5314.08869792
3 1594 4011 5317.09052598
4 1595 4014 5324.46493892
5 1596 4016 5325.03625417
4 1597 4020 5329.80919041
3 1598 4023 5334.08869792
4 1599 4025 5334.21797941
3 1600 4029 5340.80919041
2 1601 4030 5344.46493892
1 1602 4031 5344.46493892
2 1603 4033 5355.97495119
3 1604 4035 5361.56760282
4 1605 4041 5374.72112099
3 1606 4043 5375.56760282
4 1607 4044 5376.0806116
3 1608 4046 5378.97495119
4 1609 4049 5381.63830556
3 1610 4055 5385.72112099
4 1611 4056 5389.76094015
3 1612 4058 5390.0806116
2 1613 4059 5392.63830556
1 1614 4062 5397.76094015
2 1615 4063 5403.95730719
3 1616 4065 5406.62875476
4 1617 4071 5411.84405271
5 1618 4075 5413.8063518
6 1619 4077 5414.56430379
5 1620 4079 5417.62875476
4 1621 4080 5417.95730719
3 1622 4083 5422.84405271
4 1623 4084 5423.22863981
5 1624 4086 5425.00977346
4 1625 4090 5427.8063518
5 1626 4091 5428.51361619
6 1627 4095 5432.42250385
5 1628 4101 5439.00977346
4 1629 4102 5443.22863981
3 1630 4103 5443.62875476
2 1631 4104 5445.51361619
3 1632 4105 5446.58567658
4 1633 4108 5448.95427683
3 1634 4114 5453.00977346
2 1635 4115 5456.00977346
1 1636 4116 5460.58567658
2 1637 4117 5469.35686961
3 1638 4119 5470.68034335
4 1639 4121 5476.96899961
5 1640 4129 5482.40463539
4 1641 4131 5484.96899961
3 1642 4132 5486.35686961
2 1643 4135 5496.68034335
3 1644 4136 5497.91282312
4 1645 4138 5502.08820176
3 1646 4140 5502.40463539
4 1647 4143 5507.75832342
3 1648 4145 5510.08820176
4 1649 4150 5516.1395922
5 1650 4152 5517.77977085
4 1651 4154 5518.75832342
5 1652 4155 5522.29379326
4 1653 4157 5523.91282312
3 1654 4164 5530.29379326
2 1655 4165 5531.77977085
3 1656 4166 5532.24090441
2 1657 4168 5533.1395922
3 1658 4171 5543.641709
2 1659 4173 5546.24090441
3 1660 4174 5549.54015095
4 1661 4178 5551.7779682
5 1662 4182 5554.31352881
6 1663 4185 5557.95017626
5 1664 4189 5560.54015095
4 1665 4192 5562.7779682
3 1666 4194 5563.641709
2 1667 4196 5568.31352881
3 1668 4199 5581.80917669
2 1669 4201 5583.95017626
3 1670 4202 5586.83675922
2 1671 4208 5598.80917669
1 1672 4209 5603.83675922
2 1673 4210 5622.20031592
3 1674 4212 5624.14936987
4 1675 4214 5626.46765524
3 1676 4220 5636.20031592
2 1677 4221 5641.14936987
1 1678 4224 5655.46765524
2 1679 4225 5656.77482472
3 1680 4227 5663.25701878
4 1681 4231 5672.54540695
3 1682 4235 5673.77482472
4 1683 4236 5675.80713566
3 1684 4242 5686.25701878
4 1685 4243 5688.38523125
3 1686 4245 5689.80713566
4 1687 4246 5693.81904225
3 1688 4252 5701.54540695
4 1689 4253 5707.34676899
3 1690 4255 5707.81904225
4 1691 4257 5710.4539487
3 1692 4258 5711.38523125
4 1693 4262 5721.76026479
5 1694 4264 5722.09179497
4 1695 4268 5724.34676899
3 1696 4269 5724.34676899
4 1697 4271 5725.5742744
3 1698 4278 5730.09179497
4 1699 4279 5732.14909177
3 1700 4281 5732.76026479
4 1701 4284 5736.06022657
5 1702 4286 5736.22349126
4 1703 4288 5739.5742744
3 1704 4291 5740.14909177
4 1705 4292 5742.38021907
3 1706 4294 5747.06022657
4 1707 4299 5753.74427805
3 1708 4303 5759.38021907
2 1709 4304 5759.5742744
3 1710 4305 5762.44664486
4 1711 4307 5765.19786267
5 1712 4309 5765.53955628
4 1713 4311 5770.74427805
5 1714 4314 5772.59550582
4 1715 4323 5788.19786267
3 1716 4324 5788.44664486
4 1717 4325 5793.75415762
3 1718 4327 5793.7779682
2 1719 4328 5796.74427805
3 1720 4331 5798.79240858
2 1721 4335 5803.79240858
3 1722 4336 5805.29937556
2 1723 4338 5807.75415762
3 1724 4339 5807.91225086
4 1725 4343 5812.46743758
5 1726 4346 5814.43598203
4 1727 4352 5822.29937556
5 1728 4353 5824.90815411
4 1729 4355 5824.91225086
3 1730 4356 5829.46743758
2 1731 4357 5830.91225086
3 1732 4360 5838.09700031
2 1733 4362 5838.90815411
3 1734 4363 5844.13367475
4 1735 4369 5850.06630246
3 1736 4371 5852.13367475
4 1737 4372 5859.36101382
5 1738 4378 5862.2356332
4 1739 4380 5864.09700031
3 1740 4381 5864.36101382
4 1741 4382 5866.57517819
3 1742 4384 5870.06630246
4 1743 4389 5874.96364721
5 1744 4391 5878.21343454
4 1745 4395 5879.2356332
5 1746 4396 5881.87454237
4 1747 4398 5883.57517819
5 1748 4399 5887.43751487
6 1749 4405 5891.77913161
5 1750 4407 5892.21343454
6 1751 4410 5895.58057118
7 1752 4411 5897.68563801
6 1753 4413 5901.87454237
7 1754 4414 5902.17012047
6 1755 4415 5904.43751487
5 1756 4419 5906.96364721
4 1757 4423 5912.21343454
3 1758 4426 5915.43751487
4 1759 4430 5918.5428246
5 1760 4432 5922.91156278
4 1761 4433 5923.96364721
3 1762 4436 5924.87454237
2 1763 4439 5932.5428246
1 1764 4443 5940.96364721
2 1765 4444 5942.86564124
3 1766 4448 5953.80186381
4 1767 4450 5958.24673414
3 1768 4452 5959.86564124
2 1769 4457 5972.24673414
3 1770 4458 5972.51023404
4 1771 4460 5976.69522255
3 1772 4462 5976.80186381
4 1773 4465 5981.18495124
3 1774 4467 5987.69522255
4 1775 4468 5988.2044816
5 1776 4470 5988.21102457
6 1777 4476 5991.69060772
7 1778 4481 5994.11738295
6 1779 4483 5996.21102457
5 1780 4484 5998.51023404
4 1781 4486 6001.18495124
3 1782 4487 6002.2044816
2 1783 4492 6009.51023404
1 1784 4493 6016.21102457
2 1785 4494 6021.82830864
3 1786 4496 6024.22788413
4 1787 4498 6027.53260823
3 1788 4506 6038.82830864
4 1789 4509 6044.39146636
3 1790 4511 6044.53260823
2 1791 4512 6047.22788413
3 1792 4513 6051.07809557
4 1793 4519 6059.12173139
3 1794 4521 6061.39146636
2 1795 4522 6062.07809557
3 1796 4525 6064.85731647
2 1797 4527 6073.12173139
3 1798 4530 6076.34529157
4 1799 4533 6077.9219926
5 1800 4534 6079.76056785
6 1801 4539 6083.0827574
5 1802 4541 6084.34529157
4 1803 4542 6087.85731647
5 1804 4543 6089.89144059
4 1805 4545 6090.34529157
5 1806 4548 6095.05158311
6 1807 4551 6099.25809952
7 1808 4554 6102.23197262
6 1809 4555 6102.76056785
7 1810 4557 6105.64404675
8 1811 4558 6105.97374003
9 1812 4559 6106.10451763
8 1813 4560 6106.89144059
7 1814 4563 6107.34529157
6 1815 4569 6115.34529157
5 1816 4571 6116.76056785
6 1817 4574 6120.07118116
5 1818 4580 6126.89144059
4 1819 4581 6130.76056785
5 1820 4583 6134.59481415
4 1821 4585 6135.34529157
5 1822 4589 6140.91032026
4 1823 4595 6149.34529157
3 1824 4597 6149.89144059
4 1825 4598 6153.6073625
3 1826 4600 6153.76056785
4 1827 4606 6164.53285425
5 1828 4608 6166.18520209
4 1829 4610 6166.91032026
3 1830 4611 6167.6073625
4 1831 4612 6169.24333596
5 1832 4614 6170.36732988
6 1833 4617 6179.18657938
5 1834 4620 6181.53285425
6 1835 4624 6186.04530179
5 1836 4626 6189.24333596
4 1837 4630 6192.91032026
5 1838 4631 6196.90990655
6 1839 4632 6198.21445717
5 1840 4633 6198.53285425
6 1841 4639 6204.24740657
5 1842 4641 6206.91032026
4 1843 4647 6211.91032026
3 1844 4648 6212.24333596
4 1845 4649 6214.73951227
5 1846 4651 6217.33070568
4 1847 4653 6218.53285425
5 1848 4656 6223.61235991
4 1849 4661 6228.73951227
3 1850 4663 6228.91032026
4 1851 4664 6231.2739724
3 1852 4666 6232.53285425
4 1853 4669 6239.61217512
5 1854 4672 6241.06498856
6 1855 4673 6243.92929516
5 1856 4674 6245.73951227
6 1857 4684 6250.39931283
5 1858 4686 6251.2739724
6 1859 4687 6251.34348304
7 1860 4689 6252.39994492
6 1861 4693 6256.73951227
5 1862 4696 6259.61217512
4 1863 4697 6261.39931283
5 1864 4698 6262.14228197
4 1865 4700 6262.34348304
3 1866 4701 6263.2739724
4 1867 4706 6268.80554998
5 1868 4708 6269.21886918
4 1869 4710 6270.14228197
5 1870 4713 6273.62151752
6 1871 4715 6274.73741235
5 1872 4718 6276.73951227
4 1873 4720 6277.21886918
3 1874 4725 6279.80554998
4 1875 4726 6279.97862164
5 1876 4728 6280.25022689
4 1877 4732 6284.62151752
3 1878 4733 6285.25022689
4 1879 4736 6288.28897719
3 1880 4740 6293.73951227
2 1881 4742 6296.97862164
1 1882 4743 6302.28897719
2 1883 4744 6302.7554245
3 1884 4746 6303.6398874
4 1885 4751 6307.95918767
5 1886 4753 6308.6730976
6 1887 4758 6317.64732638
5 1888 4760 6318.95918767
4 1889 4761 6322.7554245
5 1890 4763 6325.32466822
4 1891 4765 6326.6398874
5 1892 4766 6327.45099506
6 1893 4769 6330.63331946
5 1894 4773 6335.95918767
6 1895 4774 6338.78766104
7 1896 4779 6343.25244654
6 1897 4781 6346.6398874
7 1898 4782 6348.99108551
8 1899 4783 6349.50438107
7 1900 4784 6349.95918767
8 1901 4786 6354.40744834
9 1902 4787 6355.34253835
8 1903 4790 6357.7554245
9 1904 4794 6358.2153269
10 1905 4797 6362.67341498
9 1906 4798 6363.6398874
8 1907 4806 6368.7554245
7 1908 4808 6372.95918767
6 1909 4809 6374.6398874
5 1910 4811 6374.7554245
4 1911 4812 6377.7554245
5 1912 4814 6381.86047462
6 1913 4815 6382.39926728
5 1914 4818 6386.95918767
6 1915 4822 6389.41443653
7 1916 4823 6390.60340425
6 1917 4829 6394.95918767
5 1918 4833 6400.6398874
4 1919 4836 6403.7554245
5 1920 4837 6404.85020292
4 1921 4843 6408.95918767
5 1922 4844 6409.15512769
6 1923 4847 6410.28085325
7 1924 4851 6413.75208105
6 1925 4853 6414.6398874
5 1926 4854 6415.34529157
4 1927 4855 6415.85020292
3 1928 4856 6415.85020292
4 1929 4861 6425.50911175
5 1930 4863 6428.00123276
4 1931 4865 6431.6398874
3 1932 4867 6432.15512769
4 1933 4868 6433.21534697
3 1934 4874 6439.00123276
4 1935 4878 6448.02814699
3 1936 4880 6448.50911175
2 1937 4881 6450.21534697
1 1938 4884 6459.02814699
2 1939 4885 6461.03978112
3 1940 4889 6468.62355931
4 1941 4891 6469.51634726
3 1942 4895 6475.03978112
2 1943 4898 6476.62355931
3 1944 4899 6479.20968582
2 1945 4901 6483.51634726
3 1946 4902 6490.35379121
4 1947 4908 6503.54049912
3 1948 4910 6507.35379121
2 1949 4911 6508.20968582
3 1950 4914 6516.01193219
2 1951 4916 6517.54049912
3 1952 4917 6518.31775614
2 1953 4923 6530.01193219
3 1954 4925 6531.13209113
2 1955 4929 6532.31775614
3 1956 4930 6538.04996247
2 1957 4932 6539.13209113
1 1958 4936 6546.04996247
2 1959 4937 6551.93979791
3 1960 4942 6562.10063609
4 1961 4944 6565.30150352
3 1962 4946 6568.93979791
4 1963 4948 6571.30568932
5 1964 4952 6574.78970313
4 1965 4954 6576.10063609
3 1966 4955 6576.10063609
2 1967 4960 6585.78970313
3 1968 4961 6591.2077708
2 1969 4963 6591.30150352
3 1970 4964 6593.86694957
2 1971 4970 6605.2077708
3 1972 4971 6607.31210063
2 1973 4973 6610.86694957
3 1974 4974 6615.30486483
4 1975 4976 6615.39844531
5 1976 4978 6616.2211036
4 1977 4986 6624.31210063
3 1978 4987 6629.30486483
2 1979 4988 6629.39844531
3 1980 4991 6643.25282851
4 1981 4993 6649.9804289
3 1982 4995 6650.31210063
4 1983 4998 6654.21215629
5 1984 5000 6654.55611744
6 1985 5001 6654.93911107
5 1986 5006 6663.25282851
6 1987 5010 6665.67688794
5 1988 5013 6668.25282851
4 1989 5014 6671.25282851
5 1990 5016 6674.12358271
4 1991 5017 6675.9804289
3 1992 5019 6677.21215629
2 1993 5024 6689.9804289
3 1994 5026 6696.81164353
4 1995 5028 6699.65185519
3 1996 5030 6700.25282851
4 1997 5031 6700.59979181
3 1998 5042 6719.81164353
2 1999 5043 6720.48372215
1 2000 5044 6720.59979181
0 2001 5045 6728.65185519
0 2002 5046 6754.01193219
