#data counter step time
0 1 0 0.0
1 2 1 0.0
2 3 12 0.517345346042
3 4 16 17.9468230651
2 5 18 20.517345346
3 6 19 21.9349533088
4 7 21 22.9711017846
5 8 23 24.2794309212
6 9 29 27.6229642108
7 10 31 29.07993315
6 11 38 37.9468230651
7 12 40 38.036248797
6 13 41 38.9349533088
5 14 43 42.9711017846
4 15 44 44.2794309212
3 16 45 47.6229642108
4 17 50 53.0469702639
5 18 52 57.4095228137
4 19 54 57.9468230651
3 20 55 61.9349533088
4 21 58 70.6567022131
3 22 60 73.0469702639
2 23 65 80.4095228137
1 24 66 87.6567022131
2 25 67 89.8141870732
3 26 71 101.889831304
2 27 73 103.814187073
3 28 74 104.288683214
4 29 77 105.149562009
5 30 81 110.340303464
4 31 85 115.889831304
3 32 86 115.889831304
2 33 89 124.288683214
3 34 90 127.177196795
4 35 92 128.459450948
3 36 94 130.340303464
4 37 95 132.862775397
5 38 97 133.084264872
6 39 107 138.067596802
7 40 109 141.574892327
6 41 113 144.177196795
5 42 114 146.862775397
4 43 115 147.084264872
5 44 116 147.304985198
4 45 118 151.459450948
3 46 119 152.067596802
2 47 124 161.177196795
1 48 125 167.304985198
2 49 127 169.675151443
3 50 128 178.068330826
4 51 132 187.677116537
5 52 136 193.495682123
4 53 138 195.068330826
3 54 141 198.675151443
4 55 144 201.715742868
5 56 146 202.141650502
6 57 148 203.173912252
5 58 152 204.677116537
4 59 155 210.495682123
3 60 156 211.173912252
4 61 157 214.74135564
3 62 161 219.141650502
2 63 162 221.715742868
3 64 165 229.31459604
2 65 167 231.74135564
3 66 170 240.05620871
2 67 174 246.31459604
3 68 175 247.157668821
2 69 177 248.05620871
3 70 178 254.152663335
4 71 181 257.285890688
3 72 185 267.157668821
4 73 186 269.119891156
3 74 190 273.157668821
4 75 191 273.92212956
5 76 195 279.128578281
6 77 197 279.507784062
5 78 201 283.119891156
4 79 204 287.507784062
3 80 207 289.152663335
4 81 208 291.078732915
3 82 210 293.128578281
4 83 211 295.089528102
3 84 213 296.92212956
4 85 214 298.99677097
5 86 218 304.756730874
4 87 224 309.756730874
3 88 225 311.078732915
4 89 226 314.017629308
5 90 228 314.806061419
4 91 232 318.089528102
3 92 237 324.99677097
4 93 239 327.596985123
3 94 240 334.017629308
2 95 241 334.806061419
3 96 244 348.346540338
2 97 246 350.596985123
3 98 247 353.609827433
4 99 251 356.273703087
3 100 253 365.346540338
4 101 256 366.578684817
3 102 260 370.273703087
2 103 263 379.609827433
3 104 264 381.312922842
4 105 266 382.238931655
3 106 272 386.312922842
4 107 273 387.190691223
3 108 275 390.238931655
4 109 278 394.702909256
3 110 280 395.190691223
2 111 281 395.578684817
1 112 284 408.702909256
2 113 285 413.292697448
3 114 289 420.682706925
4 115 291 421.530642064
3 116 293 427.292697448
2 117 298 440.682706925
3 118 299 442.670252236
2 119 301 444.530642064
3 120 304 447.249360477
2 121 306 450.670252236
3 122 307 453.46922332
4 123 313 461.619511351
5 124 315 465.9328158
4 125 317 467.249360477
5 126 318 467.459161137
4 127 320 467.46922332
5 128 321 467.688587328
4 129 329 475.619511351
5 130 330 477.688377078
4 131 332 478.688587328
3 132 335 481.459161137
4 133 336 484.570076766
5 134 342 488.882298369
4 135 344 492.570076766
3 136 345 494.688377078
2 137 346 494.9328158
3 138 347 498.927603414
4 139 349 500.614663198
5 140 353 502.403977707
6 141 355 503.32786789
5 142 359 508.882298369
4 143 364 514.614663198
3 144 367 517.32786789
4 145 368 518.310902535
5 146 370 518.814680698
4 147 372 518.927603414
5 148 374 522.121491451
4 149 377 522.403977707
5 150 378 522.940687123
6 151 380 525.310789809
7 152 385 531.427456738
6 153 387 532.310902535
5 154 388 532.814680698
6 155 391 537.644718721
7 156 395 538.537559057
6 157 399 541.814680698
5 158 400 542.940687123
4 159 405 551.310789809
5 160 406 552.724968292
4 161 408 552.814680698
3 162 409 554.427456738
4 163 412 559.327797537
3 164 416 563.644718721
2 165 417 566.724968292
3 166 418 567.974745929
4 167 421 569.898508376
3 168 422 576.327797537
4 169 423 579.832298465
5 170 425 581.658572738
4 171 432 590.974745929
3 172 435 595.658572738
2 173 436 596.974745929
3 174 437 598.373286079
4 175 440 599.171819931
5 176 441 602.182053606
4 177 443 605.832298465
5 178 444 611.666858001
4 179 451 615.373286079
5 180 454 621.55422778
4 181 456 622.182053606
3 182 457 622.666858001
2 183 458 627.373286079
3 184 461 629.839947185
4 185 463 630.685336922
5 186 465 633.370393744
4 187 467 635.55422778
5 188 470 637.146459861
6 189 474 637.937148443
5 190 478 640.839947185
4 191 481 644.370393744
3 192 484 647.685336922
2 193 485 651.937148443
3 194 486 652.307951065
4 195 488 654.082579371
3 196 494 660.146459861
2 197 495 663.307951065
1 198 496 665.082579371
2 199 497 668.986769735
3 200 501 680.237199214
4 201 503 680.285404069
5 202 505 684.774220542
4 203 509 688.986769735
5 204 510 689.134305006
6 205 518 695.841073063
5 206 520 697.285404069
6 207 521 698.162553105
5 208 525 700.134305006
4 209 526 701.774220542
3 210 527 703.237199214
4 211 529 705.343909085
3 212 530 709.841073063
4 213 531 712.92854343
3 214 538 718.162553105
2 215 539 723.92854343
1 216 540 724.162553105
2 217 541 724.312885998
3 218 543 724.616645903
2 219 549 732.312885998
1 220 550 741.616645903
2 221 551 747.879496747
3 222 553 748.556504267
4 223 555 750.896710005
5 224 561 762.743371406
4 225 565 765.556504267
3 226 566 770.879496747
2 227 567 773.896710005
3 228 570 781.217940994
4 229 572 785.654323208
3 230 574 788.743371406
2 231 579 799.654323208
1 232 580 801.217940994
2 233 581 801.533861803
1 234 585 818.533861803
2 235 586 838.086090066
3 236 588 839.515438748
2 237 594 846.086090066
1 238 595 847.515438748
2 239 596 853.594774566
3 240 598 862.636075787
4 241 604 867.881724927
5 242 606 868.829487779
4 243 608 870.594774566
3 244 609 873.636075787
2 245 614 881.881724927
1 246 615 882.829487779
2 247 616 892.638524026
1 248 620 903.638524026
2 249 621 913.244383776
3 250 623 913.803786574
4 251 626 916.019519846
3 252 632 921.244383776
4 253 633 921.862191964
5 254 635 922.102832566
4 255 637 924.803786574
3 256 638 927.803786574
2 257 643 939.102832566
3 258 644 940.614685627
4 259 646 944.066450182
3 260 648 944.862191964
2 261 651 951.614685627
3 262 652 952.193306699
4 263 655 952.394680731
5 264 659 959.100254816
6 265 663 960.528780646
7 266 665 962.108393297
8 267 668 962.182705546
7 268 669 964.066450182
6 269 670 964.100254816
7 270 673 965.416484952
6 271 678 967.066450182
5 272 679 967.108393297
4 273 680 970.108393297
3 274 681 972.193306699
4 275 682 972.815083174
5 276 686 974.874213575
6 277 688 975.117185632
7 278 696 980.898505411
6 279 698 983.528780646
5 280 699 983.815083174
6 281 700 984.24763005
5 282 708 988.416484952
4 283 709 991.528780646
3 284 710 991.874213575
2 285 711 992.117185632
3 286 712 992.478491904
2 287 716 998.24763005
1 288 717 1009.4784919
2 289 718 1044.07499202
3 290 720 1047.46092537
4 291 723 1053.0376063
5 292 726 1057.06640748
6 293 730 1058.83006594
5 294 735 1062.06640748
4 295 738 1064.07499202
3 296 739 1064.46092537
4 297 740 1068.38959705
5 298 743 1068.56829643
4 299 744 1069.83006594
3 300 745 1070.46092537
4 301 746 1071.38814104
3 302 751 1076.38959705
4 303 752 1078.28967135
5 304 754 1080.29726222
4 305 756 1082.38959705
5 306 763 1086.27693805
6 307 767 1088.34639563
5 308 769 1088.38814104
6 309 770 1088.84849813
5 310 772 1091.27693805
6 311 775 1093.36139421
5 312 777 1095.28967135
6 313 778 1096.07376747
7 314 780 1097.8720708
6 315 784 1100.29726222
7 316 785 1101.08546243
8 317 786 1101.48554916
9 318 789 1103.34978997
10 319 791 1105.09184044
11 320 792 1105.32096572
12 321 793 1105.6347811
13 322 794 1106.0282292
12 323 799 1108.34639563
13 324 800 1111.33920417
12 325 803 1111.84849813
11 326 809 1116.07376747
12 327 810 1118.70898243
11 328 814 1119.36139421
10 329 815 1119.36139421
9 330 818 1120.29726222
10 331 819 1120.64126449
9 332 820 1122.34639563
8 333 823 1122.84849813
7 334 824 1122.84849813
6 335 831 1127.34639563
5 336 834 1130.07376747
6 337 837 1131.43422546
5 338 841 1133.34639563
6 339 842 1135.77044175
5 340 844 1136.36139421
6 341 845 1138.59310811
5 342 849 1140.29726222
6 343 851 1140.87663612
7 344 852 1141.90477528
6 345 854 1142.84849813
5 346 860 1149.59310811
4 347 861 1149.77044175
3 348 862 1151.43422546
2 349 865 1155.59310811
1 350 866 1161.90477528
2 351 867 1162.60256087
3 352 871 1169.69863689
2 353 873 1176.60256087
3 354 876 1192.4466927
2 355 878 1192.69863689
3 356 879 1196.0364612
4 357 883 1199.38627918
3 358 887 1203.4466927
4 359 890 1209.01111131
5 360 892 1210.1940634
4 361 894 1210.38627918
5 362 895 1212.01993278
4 363 897 1213.0364612
5 364 898 1213.06248956
4 365 906 1220.01111131
3 366 907 1221.1940634
2 367 908 1223.01993278
3 368 911 1232.22606882
2 369 913 1233.06248956
3 370 914 1240.53821337
4 371 918 1243.192915
5 372 922 1245.69156136
4 373 924 1248.53821337
3 374 927 1253.69156136
2 375 928 1255.22606882
3 376 929 1257.1709085
4 377 935 1259.66384761
3 378 937 1265.1709085
2 379 940 1270.66384761
1 380 941 1275.192915
2 381 942 1280.50984671
3 382 944 1283.90900781
4 383 946 1289.46182005
5 384 948 1292.43237956
6 385 950 1292.88307653
7 386 954 1296.18687497
6 387 957 1300.50984671
7 388 959 1300.84739639
8 389 961 1301.47029227
9 390 963 1302.20809063
10 391 972 1306.98294052
9 392 975 1309.43237956
8 393 980 1312.88307653
7 394 981 1314.43237956
6 395 982 1315.46182005
5 396 983 1315.90900781
4 397 986 1318.46182005
3 398 987 1318.88307653
2 399 988 1320.50984671
1 400 989 1320.88307653
2 401 990 1323.97478851
3 402 994 1326.44610562
4 403 998 1331.20150855
3 404 1000 1334.97478851
2 405 1001 1337.44610562
1 406 1004 1348.20150855
2 407 1005 1353.87371195
1 408 1009 1367.87371195
2 409 1010 1395.66346523
3 410 1013 1396.66936604
4 411 1014 1396.84482319
5 412 1016 1400.52331018
6 413 1025 1410.48154473
7 414 1027 1411.45122745
6 415 1029 1411.52331018
5 416 1030 1413.84482319
4 417 1033 1415.66346523
5 418 1034 1418.04866633
4 419 1036 1421.66346523
3 420 1037 1422.45122745
4 421 1040 1425.59573804
3 422 1042 1427.48154473
4 423 1045 1428.53949466
3 424 1049 1438.04866633
2 425 1052 1439.59573804
3 426 1053 1440.11182913
4 427 1055 1440.58673326
5 428 1057 1441.00300342
6 429 1059 1444.88498272
7 430 1061 1445.89041316
8 431 1062 1445.96035056
9 432 1069 1450.96243789
8 433 1071 1451.53949466
7 434 1072 1455.00300342
6 435 1077 1457.58673326
7 436 1080 1459.9580893
6 437 1084 1466.11182913
5 438 1085 1467.88498272
4 439 1088 1468.53949466
3 440 1090 1468.58673326
4 441 1091 1468.95201816
3 442 1095 1472.00300342
4 443 1097 1475.26352546
3 444 1102 1482.95201816
2 445 1106 1489.26352546
3 446 1107 1494.15191476
2 447 1109 1495.11182913
3 448 1112 1497.18032015
2 449 1114 1505.15191476
3 450 1117 1508.10137593
4 451 1119 1508.36837183
5 452 1121 1514.36965075
6 453 1126 1518.12074022
5 454 1128 1519.36837183
6 455 1129 1521.37225445
7 456 1130 1521.98716009
6 457 1133 1522.10137593
5 458 1135 1523.18032015
4 459 1143 1530.10137593
3 460 1144 1533.10137593
4 461 1146 1533.829638
5 462 1147 1534.88045578
4 463 1149 1537.18032015
3 464 1150 1539.36837183
4 465 1152 1542.2759086
3 466 1158 1547.36837183
2 467 1160 1548.18032015
3 468 1162 1549.28533963
4 469 1163 1550.05394239
5 470 1164 1555.65231993
6 471 1165 1556.28859297
7 472 1166 1563.34861371
6 473 1169 1567.36837183
7 474 1172 1568.25264899
8 475 1173 1570.62592151
9 476 1174 1571.95336511
8 477 1180 1578.36837183
9 478 1181 1582.092383
8 479 1182 1584.36837183
9 480 1183 1584.95068528
8 481 1189 1595.36837183
9 482 1190 1595.48878252
10 483 1191 1598.24186294
11 484 1192 1599.31634777
12 485 1196 1601.99897567
11 486 1198 1603.36837183
10 487 1199 1604.36837183
11 488 1200 1604.87431777
10 489 1201 1606.36837183
11 490 1204 1612.04631929
10 491 1205 1614.36837183
11 492 1209 1618.85225933
12 493 1210 1619.16663988
13 494 1211 1622.69991948
14 495 1212 1623.53456688
13 496 1213 1628.36837183
14 497 1215 1629.00884438
15 498 1216 1641.42000831
16 499 1217 1649.11333999
17 500 1218 1649.17907875
18 501 1219 1649.88353837
19 502 1220 1653.45119841
20 503 1221 1667.91891425
21 504 1222 1672.4423118
22 505 1223 1681.84770845
23 506 1224 1682.74399171
24 507 1225 1686.59056654
25 508 1226 1688.53504701
26 509 1227 1696.89362882
27 510 1228 1712.29886814
28 511 1229 1721.63752451
29 512 1230 1732.12540253
30 513 1231 1732.86721447
31 514 1232 1737.85827126
32 515 1233 1744.21534366
33 516 1234 1747.082702
34 517 1235 1753.39848437
35 518 1236 1754.2525923
36 519 1237 1760.30548421
37 520 1238 1760.94448762
38 521 1239 1775.07887442
39 522 1240 1780.55815588
40 523 1241 1783.82490631
41 524 1242 1789.73200052
42 525 1243 1791.90898277
43 526 1244 1797.17515721
44 527 1245 1803.8209741
45 528 1246 1816.34610352
46 529 1247 1817.40932917
47 530 1248 1819.34509596
48 531 1249 1822.23108478
49 532 1250 1822.44486013
50 533 1251 1832.97205606
51 534 1252 1840.18669424
52 535 1253 1841.60929943
53 536 1254 1843.14267525
54 537 1255 1843.62448849
55 538 1256 1845.09891002
56 539 1257 1861.62529677
57 540 1258 1867.37484018
58 541 1259 1875.00588491
59 542 1260 1876.6603579
60 543 1261 1881.74189351
61 544 1262 1888.67177703
62 545 1263 1894.72953042
63 546 1264 1894.93631465
64 547 1265 1905.61301198
65 548 1272 1914.21829907
66 549 1273 1917.74261718
65 550 1285 1923.00300342
64 551 1286 1926.00300342
65 552 1292 1930.07904962
66 553 1293 1930.88129538
65 554 1294 1932.00300342
64 555 1299 1933.53949466
63 556 1300 1933.53949466
62 557 1301 1933.53949466
61 558 1311 1935.00300342
62 559 1312 1937.44905464
61 560 1316 1938.53949466
60 561 1321 1941.53949466
59 562 1322 1941.53949466
58 563 1323 1944.53949466
57 564 1324 1945.53949466
58 565 1325 1948.31424914
57 566 1326 1949.53949466
56 567 1332 1952.53949466
57 568 1333 1952.55804652
58 569 1334 1953.53268691
57 570 1338 1955.53949466
58 571 1339 1956.76895928
57 572 1340 1958.00300342
58 573 1341 1961.78799628
57 574 1346 1966.53949466
56 575 1347 1967.00300342
55 576 1352 1967.00300342
54 577 1356 1969.53949466
53 578 1357 1969.53949466
52 579 1358 1970.00300342
53 580 1364 1975.2761467
54 581 1365 1976.36532237
53 582 1370 1978.00300342
52 583 1375 1981.00300342
51 584 1376 1981.00300342
50 585 1382 1983.53949466
49 586 1383 1983.53949466
50 587 1384 1984.15198492
49 588 1385 1986.00300342
48 589 1386 1986.00300342
47 590 1390 1989.00300342
46 591 1391 1989.00300342
45 592 1397 1989.53949466
44 593 1402 1990.00300342
45 594 1403 1993.58976074
46 595 1405 1993.7989292
47 596 1421 1999.85250254
46 597 1424 2000.10137593
45 598 1427 2000.53949466
44 599 1432 2003.00300342
43 600 1433 2003.10137593
42 601 1434 2003.53949466
41 602 1435 2006.00300342
40 603 1436 2006.10137593
39 604 1437 2006.53949466
38 605 1443 2009.00300342
37 606 1444 2009.10137593
36 607 1445 2009.53949466
37 608 1446 2010.10553548
36 609 1453 2014.00300342
35 610 1454 2014.00300342
34 611 1455 2017.00300342
33 612 1456 2017.10137593
32 613 1457 2018.00300342
31 614 1462 2020.00300342
32 615 1463 2020.53402673
31 616 1468 2023.10137593
30 617 1473 2023.53949466
29 618 1474 2023.53949466
28 619 1485 2031.00300342
29 620 1486 2032.3733526
28 621 1492 2037.00300342
27 622 1495 2037.00300342
26 623 1496 2037.00300342
25 624 1497 2037.10137593
24 625 1498 2040.10137593
23 626 1500 2040.53949466
22 627 1501 2040.53949466
23 628 1502 2042.9816758
22 629 1505 2043.10137593
21 630 1506 2043.10137593
20 631 1507 2043.53949466
19 632 1516 2049.53949466
20 633 1517 2050.86129918
19 634 1518 2051.10137593
20 635 1519 2052.31273697
19 636 1520 2054.00300342
18 637 1522 2054.10137593
17 638 1527 2057.00300342
18 639 1528 2057.95905052
19 640 1531 2058.28014178
18 641 1534 2060.53949466
17 642 1540 2062.10137593
18 643 1542 2062.45885533
19 644 1543 2062.84350995
18 645 1547 2065.00300342
17 646 1548 2068.00300342
16 647 1549 2068.00300342
15 648 1553 2071.00300342
16 649 1554 2071.69761616
17 650 1555 2071.86144653
16 651 1559 2077.53949466
15 652 1567 2082.00300342
14 653 1569 2082.10137593
13 654 1570 2083.53949466
12 655 1571 2085.00300342
11 656 1572 2085.53949466
10 657 1577 2088.00300342
9 658 1579 2093.00300342
8 659 1588 2099.10137593
7 660 1589 2099.53949466
8 661 1592 2100.38840041
9 662 1593 2101.19060486
8 663 1595 2105.53949466
9 664 1596 2106.29024745
8 665 1602 2113.00300342
7 666 1605 2119.10137593
6 667 1606 2119.53949466
7 668 1608 2121.146938
6 669 1609 2122.10137593
5 670 1611 2122.10137593
4 671 1618 2130.10137593
3 672 1620 2133.00300342
4 673 1623 2135.6208702
5 674 1627 2137.91162719
6 675 1628 2138.12872033
5 676 1629 2139.53949466
4 677 1631 2141.10137593
5 678 1635 2150.90989476
4 679 1638 2152.6208702
5 680 1640 2153.56730607
4 681 1642 2155.10137593
3 682 1643 2156.53949466
2 683 1648 2166.10137593
3 684 1649 2167.99664907
4 685 1651 2170.89230765
3 686 1657 2175.6208702
2 687 1658 2178.99664907
3 688 1659 2181.26801802
2 689 1661 2181.89230765
3 690 1664 2192.01239666
4 691 1666 2192.35301827
5 692 1668 2193.02581302
4 693 1672 2198.26801802
3 694 1677 2200.35301827
4 695 1678 2202.04314991
3 696 1680 2209.01239666
2 697 1681 2209.26801802
3 698 1684 2219.15774777
4 699 1686 2223.3602946
5 700 1689 2223.64772725
4 701 1690 2225.04314991
5 702 1696 2233.77951679
4 703 1698 2234.3602946
3 704 1699 2236.15774777
4 705 1700 2236.69313118
3 706 1704 2240.3602946
2 707 1705 2247.77951679
1 708 1708 2259.69313118
2 709 1709 2264.70469114
3 710 1712 2265.34590143
2 711 1716 2266.70469114
1 712 1717 2269.70469114
2 713 1718 2281.50057664
3 714 1720 2283.01742357
4 715 1722 2283.34365735
5 716 1730 2292.78682214
4 717 1731 2294.01742357
5 718 1733 2295.51365454
4 719 1735 2297.34365735
5 720 1737 2298.99478512
4 721 1738 2301.50057664
5 722 1744 2305.35352983
4 723 1746 2311.34365735
3 724 1747 2314.01742357
2 725 1748 2317.34365735
1 726 1751 2325.35352983
2 727 1752 2329.37268813
3 728 1756 2340.36179036
2 729 1758 2340.37268813
3 730 1759 2342.88421987
2 731 1763 2351.36179036
3 732 1766 2354.98048156
2 733 1768 2356.88421987
3 734 1771 2366.35908997
4 735 1773 2369.93095037
5 736 1775 2370.41125547
4 737 1778 2371.98048156
5 738 1783 2377.97199445
4 739 1785 2380.93095037
5 740 1788 2382.08627403
6 741 1791 2382.14286516
7 742 1797 2385.14815248
6 743 1798 2386.35908997
5 744 1800 2388.97199445
4 745 1801 2390.53949466
3 746 1802 2393.08627403
2 747 1803 2393.08627403
3 748 1806 2397.30196584
2 749 1810 2400.35908997
3 750 1811 2401.31419086
2 751 1813 2402.30196584
3 752 1814 2404.8815189
4 753 1819 2408.25494225
3 754 1823 2412.31419086
4 755 1824 2414.65531208
5 756 1826 2416.73629836
6 757 1832 2419.02173203
5 758 1834 2419.25494225
6 759 1836 2424.2463885
7 760 1837 2424.41644674
6 761 1839 2424.8815189
5 762 1840 2425.65531208
6 763 1842 2426.11590762
7 764 1849 2429.48910624
6 765 1851 2430.73629836
7 766 1852 2431.63956629
8 767 1857 2434.78611596
7 768 1858 2439.02173203
6 769 1859 2441.41644674
5 770 1865 2443.48910624
6 771 1866 2443.92851826
5 772 1868 2448.02173203
4 773 1869 2448.02173203
3 774 1870 2448.63956629
2 775 1871 2452.48910624
3 776 1874 2455.88224836
4 777 1876 2459.36174782
5 778 1878 2460.68306452
4 779 1880 2460.92851826
5 780 1881 2461.90782282
4 781 1889 2472.88224836
3 782 1890 2473.36174782
2 783 1891 2474.68306452
3 784 1894 2475.20188088
4 785 1897 2476.43297056
5 786 1898 2477.02958786
4 787 1900 2478.90782282
3 788 1904 2486.20188088
2 789 1905 2486.20188088
1 790 1908 2491.02958786
2 791 1909 2493.83644343
3 792 1911 2494.21598146
4 793 1913 2500.52036126
3 794 1919 2510.83644343
2 795 1920 2514.21598146
1 796 1923 2520.52036126
2 797 1924 2523.27835165
3 798 1926 2525.20440296
4 799 1928 2525.76913891
3 800 1934 2531.27835165
4 801 1935 2531.6344653
3 802 1937 2533.20440296
4 803 1938 2541.05737653
3 804 1944 2545.6344653
4 805 1947 2556.79110801
3 806 1949 2557.76913891
4 807 1951 2560.58565587
3 808 1953 2561.05737653
4 809 1955 2564.74096888
5 810 1958 2569.93629396
6 811 1963 2571.56464331
7 812 1965 2573.39637705
6 813 1966 2574.58565587
7 814 1969 2576.18945683
6 815 1972 2577.58565587
7 816 1973 2580.56241701
6 817 1976 2582.79110801
5 818 1979 2583.93629396
6 819 1981 2584.75310328
7 820 1982 2585.75101074
6 821 1986 2591.58565587
7 822 1993 2595.29851969
6 823 1995 2596.79110801
5 824 1996 2599.75101074
4 825 1997 2600.56464331
3 826 1998 2602.79110801
2 827 1999 2602.79110801
3 828 2002 2605.43272993
2 829 2004 2612.29851969
3 830 2005 2613.29888606
4 831 2011 2622.93485946
3 832 2013 2625.43272993
2 833 2014 2627.29888606
3 834 2015 2633.74876943
2 835 2021 2642.93485946
1 836 2024 2647.74876943
2 837 2025 2654.52538502
3 838 2027 2660.75372017
4 839 2029 2661.44294074
3 840 2037 2677.52538502
4 841 2038 2683.29829765
3 842 2040 2683.75372017
4 843 2041 2683.93865988
3 844 2043 2684.44294074
2 845 2048 2697.29829765
1 846 2049 2697.93865988
2 847 2051 2709.19976817
3 848 2054 2716.95797007
4 849 2056 2720.1176584
3 850 2058 2720.19976817
4 851 2059 2722.81014592
3 852 2067 2730.81014592
2 853 2068 2736.95797007
1 854 2069 2737.1176584
2 855 2070 2738.88598134
3 856 2072 2741.82754433
4 857 2074 2743.98625447
5 858 2076 2747.17811717
4 859 2083 2752.82754433
5 860 2085 2752.88764529
4 861 2086 2754.98625447
3 862 2088 2755.88598134
2 863 2093 2763.82754433
1 864 2094 2768.98625447
2 865 2095 2791.87639966
3 866 2097 2792.46714137
4 867 2099 2796.22683409
5 868 2105 2804.42209862
4 869 2106 2809.46714137
3 870 2108 2811.87639966
4 871 2111 2814.8739329
5 872 2113 2816.00781
6 873 2118 2823.63151168
5 874 2120 2825.8739329
6 875 2121 2826.1993211
5 876 2122 2828.22683409
4 877 2127 2832.46714137
5 878 2132 2834.13114806
4 879 2133 2837.46714137
5 880 2135 2837.96378947
4 881 2137 2839.22683409
3 882 2138 2839.8739329
4 883 2143 2843.25894797
3 884 2145 2845.46714137
2 885 2146 2850.22683409
3 886 2148 2851.05268796
4 887 2149 2853.50005814
3 888 2154 2857.25894797
4 889 2157 2868.48431706
5 890 2159 2871.91321304
4 891 2161 2872.25894797
3 892 2162 2873.50005814
4 893 2164 2875.05570562
5 894 2165 2878.25241563
6 895 2170 2879.12436023
5 896 2175 2885.48431706
4 897 2176 2888.91321304
3 898 2178 2891.48431706
2 899 2179 2895.25241563
3 900 2182 2897.00087238
2 901 2184 2902.91321304
3 902 2187 2912.87430939
4 903 2189 2918.44200573
3 904 2191 2923.00087238
4 905 2193 2925.29926888
5 906 2196 2929.7733901
4 907 2198 2929.87430939
5 908 2202 2935.81178598
4 909 2204 2938.44200573
3 910 2205 2938.44200573
4 911 2206 2938.6078082
5 912 2210 2941.4243014
6 913 2211 2942.30101147
7 914 2214 2945.97799696
6 915 2216 2946.7733901
5 916 2218 2949.81178598
6 917 2221 2952.08920044
7 918 2222 2952.80945468
8 919 2223 2953.06523478
7 920 2225 2955.6078082
8 921 2228 2958.17024433
9 922 2229 2959.4806189
10 923 2234 2965.84172474
11 924 2235 2967.90124259
10 925 2237 2969.7733901
9 926 2238 2972.81178598
10 927 2240 2977.19880549
11 928 2242 2978.17063893
10 929 2244 2978.6078082
11 930 2251 2980.50160423
10 931 2252 2983.7733901
9 932 2254 2983.81178598
10 933 2255 2984.77951028
11 934 2256 2988.6016207
10 935 2257 2989.81178598
11 936 2262 2995.18114633
10 937 2264 2998.6078082
9 938 2267 3001.6078082
10 939 2272 3008.72306559
11 940 2273 3009.3793774
10 941 2275 3009.7733901
11 942 2276 3011.73476419
10 943 2278 3012.6078082
9 944 2280 3012.81178598
10 945 2285 3018.84465395
9 946 2288 3023.81178598
8 947 2291 3026.7733901
7 948 2299 3035.6078082
6 949 2302 3037.76913891
7 950 2304 3042.34835629
6 951 2307 3043.7733901
5 952 2310 3046.81178598
6 953 2312 3047.32608367
5 954 2315 3048.76913891
4 955 2320 3055.6078082
5 956 2321 3055.90996726
4 957 2323 3057.7733901
5 958 2326 3060.86026333
4 959 2330 3063.7733901
3 960 2332 3065.76913891
2 961 2333 3066.90996726
1 962 2336 3071.86026333
2 963 2338 3077.84354581
3 964 2340 3084.08706862
4 965 2343 3084.93254387
5 966 2348 3089.83996621
6 967 2352 3093.08400296
5 968 2353 3095.08706862
4 969 2355 3095.93254387
5 970 2356 3098.227292
4 971 2362 3100.84354581
3 972 2365 3109.83996621
4 973 2366 3111.9022909
3 974 2368 3112.08706862
2 975 2369 3112.227292
1 976 2372 3125.9022909
2 977 2373 3126.63946546
1 978 2377 3143.63946546
2 979 2378 3146.17304438
3 980 2381 3149.72408668
4 981 2384 3152.91319992
5 982 2386 3155.20262536
6 983 2388 3162.40539875
7 984 2389 3162.69766543
6 985 2395 3163.17304438
7 986 2398 3166.03567552
6 987 2400 3172.20262536
5 988 2404 3175.72408668
6 989 2405 3176.19208316
5 990 2408 3178.91319992
4 991 2412 3180.17304438
3 992 2413 3180.20262536
2 993 2414 3183.72408668
1 994 2417 3192.91319992
2 995 2418 3195.02117302
3 996 2420 3199.02990781
4 997 2426 3205.18575782
3 998 2428 3209.02117302
2 999 2429 3210.02990781
1 1000 2432 3219.18575782
2 1001 2433 3223.82311196
3 1002 2435 3224.41306456
4 1003 2437 3230.84196118
5 1004 2443 3239.8111944
4 1005 2445 3241.41306456
5 1006 2446 3243.20793901
4 1007 2450 3246.82311196
3 1008 2451 3247.84196118
2 1009 2456 3256.8111944
3 1010 2457 3259.56735839
2 1011 2459 3260.20793901
3 1012 2462 3265.41509169
4 1013 2466 3268.21368059
3 1014 2468 3273.41509169
4 1015 2469 3274.09310634
3 1016 2473 3276.56735839
4 1017 2476 3278.43562195
3 1018 2478 3279.21368059
4 1019 2479 3284.78536472
5 1020 2483 3286.49370934
4 1021 2485 3288.09310634
5 1022 2490 3294.05232596
4 1023 2492 3294.49370934
3 1024 2493 3295.43562195
2 1025 2496 3301.78536472
3 1026 2497 3302.97898149
2 1027 2499 3305.05232596
3 1028 2500 3305.41767883
4 1029 2506 3315.70830537
5 1030 2508 3316.76502778
6 1031 2510 3319.39398439
5 1032 2512 3319.97898149
4 1033 2513 3322.41767883
5 1034 2521 3329.34683034
6 1035 2522 3329.87496107
5 1036 2524 3330.76502778
4 1037 2525 3333.97898149
3 1038 2526 3338.70830537
2 1039 2531 3346.34683034
3 1040 2532 3350.00184856
2 1041 2534 3353.76502778
3 1042 2538 3355.81451321
4 1043 2540 3360.36337732
5 1044 2542 3361.9827925
4 1045 2546 3366.81451321
3 1046 2547 3367.00184856
4 1047 2550 3369.04522167
3 1048 2552 3371.36337732
4 1049 2554 3375.61583301
5 1050 2560 3380.07897656
6 1051 2563 3384.20531071
5 1052 2565 3386.04522167
6 1053 2568 3387.16736113
7 1054 2569 3390.11081353
6 1055 2571 3391.04522167
5 1056 2572 3392.61583301
6 1057 2574 3392.79805579
7 1058 2575 3393.52098664
8 1059 2576 3393.97979726
7 1060 2578 3395.81451321
8 1061 2579 3397.47898198
9 1062 2584 3402.30481784
8 1063 2589 3403.81451321
9 1064 2590 3405.6845627
10 1065 2592 3407.14027515
11 1066 2593 3408.64514743
12 1067 2594 3409.1554546
11 1068 2596 3409.61583301
10 1069 2603 3414.04522167
11 1070 2604 3414.87086393
12 1071 2607 3417.13065453
11 1072 2608 3417.81451321
10 1073 2611 3420.81451321
9 1074 2612 3423.61583301
8 1075 2615 3423.81451321
9 1076 2619 3425.64540292
10 1077 2620 3426.43188075
9 1078 2621 3428.04522167
10 1079 2622 3430.98372803
11 1080 2624 3431.04481427
10 1081 2627 3434.04522167
11 1082 2628 3436.23103043
10 1083 2636 3440.81451321
9 1084 2640 3443.61583301
10 1085 2641 3443.99297699
11 1086 2642 3446.63601429
10 1087 2644 3446.81451321
9 1088 2647 3449.61583301
8 1089 2648 3449.61583301
9 1090 2649 3452.88216295
8 1091 2653 3454.04522167
7 1092 2657 3457.04522167
6 1093 2661 3460.61583301
5 1094 2663 3460.81451321
6 1095 2664 3461.22484693
5 1096 2667 3463.61583301
6 1097 2668 3465.01778139
7 1098 2669 3466.22359698
8 1099 2672 3467.95014095
9 1100 2673 3467.9945841
10 1101 2674 3468.82849184
9 1102 2676 3471.81451321
8 1103 2678 3474.04522167
7 1104 2681 3480.61583301
8 1105 2688 3485.75542645
7 1106 2692 3488.61583301
8 1107 2693 3488.67605984
7 1108 2694 3491.04522167
8 1109 2696 3491.84407956
7 1110 2697 3494.61583301
6 1111 2699 3494.81451321
7 1112 2700 3494.87778531
8 1113 2701 3496.91032046
7 1114 2703 3497.81451321
8 1115 2710 3510.89502345
7 1116 2711 3511.81451321
8 1117 2714 3515.61369346
7 1118 2715 3517.04522167
6 1119 2718 3520.61583301
7 1120 2719 3520.64924692
8 1121 2725 3524.42328001
9 1122 2728 3525.98765541
8 1123 2730 3528.04522167
7 1124 2731 3528.81451321
6 1125 2733 3531.81451321
5 1126 2734 3534.61583301
6 1127 2738 3536.19156609
7 1128 2739 3536.30576714
8 1129 2740 3536.62510275
9 1130 2743 3538.69243801
10 1131 2744 3539.88000904
9 1132 2750 3545.81451321
8 1133 2752 3548.04522167
7 1134 2756 3551.61583301
6 1135 2764 3556.81451321
7 1136 2765 3559.50026529
6 1137 2767 3559.61583301
7 1138 2768 3560.32434738
8 1139 2770 3561.34184935
9 1140 2771 3561.67695158
8 1141 2772 3562.04522167
7 1142 2778 3566.81178598
6 1143 2782 3570.81451321
5 1144 2784 3573.81451321
6 1145 2787 3579.59114506
5 1146 2789 3579.61583301
6 1147 2790 3583.55093309
5 1148 2796 3589.81178598
4 1149 2797 3593.61583301
5 1150 2799 3596.51361882
6 1151 2800 3596.54003066
7 1152 2801 3597.42619967
8 1153 2805 3599.13565064
7 1154 2810 3605.81451321
6 1155 2812 3607.61583301
7 1156 2813 3610.88573376
6 1157 2814 3612.81178598
5 1158 2816 3612.81178598
6 1159 2817 3613.2273186
7 1160 2820 3615.3240966
8 1161 2821 3617.6380673
9 1162 2822 3620.31232604
10 1163 2824 3622.44751461
9 1164 2830 3627.61583301
10 1165 2832 3627.8291599
9 1166 2834 3628.81451321
10 1167 2835 3632.28960265
9 1168 2836 3635.81178598
8 1169 2840 3640.81451321
7 1170 2842 3642.81451321
6 1171 2848 3650.61583301
5 1172 2851 3655.81178598
6 1173 2855 3658.14743666
5 1174 2856 3659.81451321
4 1175 2860 3664.61583301
5 1176 2862 3665.99206528
6 1177 2863 3666.28787028
5 1178 2867 3669.81178598
4 1179 2870 3675.61583301
3 1180 2874 3679.81451321
4 1181 2875 3680.90695024
3 1182 2881 3691.90695024
4 1183 2882 3692.2634459
3 1184 2884 3692.81178598
4 1185 2885 3694.15315869
5 1186 2889 3698.98759663
4 1187 2891 3701.61583301
3 1188 2892 3703.2634459
4 1189 2897 3713.76743522
3 1190 2899 3720.15315869
4 1191 2902 3723.66166213
3 1192 2904 3724.61583301
4 1193 2905 3730.50744826
3 1194 2909 3730.76743522
4 1195 2910 3731.46111024
3 1196 2914 3737.66166213
2 1197 2915 3741.50744826
3 1198 2916 3742.65112304
4 1199 2922 3748.95630567
3 1200 2926 3753.65112304
2 1201 2927 3754.46111024
1 1202 2928 3756.95630567
2 1203 2929 3758.30936876
3 1204 2931 3767.5541418
2 1205 2937 3772.30936876
1 1206 2938 3781.5541418
2 1207 2939 3786.97089814
3 1208 2941 3790.33739619
4 1209 2943 3791.11733974
3 1210 2951 3806.97089814
4 1211 2952 3807.25985946
3 1212 2955 3808.11733974
2 1213 2956 3810.33739619
3 1214 2959 3811.44548322
4 1215 2961 3814.24539379
3 1216 2963 3818.25985946
4 1217 2964 3824.01630153
5 1218 2968 3826.77589982
4 1219 2974 3834.24539379
3 1220 2977 3837.44548322
2 1221 2978 3837.77589982
1 1222 2979 3853.01630153
2 1223 2980 3854.40637867
3 1224 2983 3854.78764063
4 1225 2984 3862.75553844
5 1226 2986 3863.15617491
6 1227 2993 3868.38701523
5 1228 2995 3868.40637867
6 1229 2996 3869.35176531
5 1230 2999 3874.40637867
4 1231 3005 3879.75553844
3 1232 3006 3883.15617491
4 1233 3007 3885.96388368
3 1234 3009 3888.38701523
2 1235 3010 3888.40637867
3 1236 3011 3894.30296335
2 1237 3017 3905.30296335
3 1238 3018 3906.12140494
2 1239 3022 3917.12140494
1 1240 3023 3917.96388368
2 1241 3024 3918.03448204
3 1242 3026 3919.75616222
4 1243 3028 3925.47296567
3 1244 3034 3935.03448204
4 1245 3035 3935.50658716
3 1246 3039 3939.47296567
4 1247 3040 3942.99054342
3 1248 3044 3945.75616222
4 1249 3047 3953.30884143
5 1250 3049 3953.70266366
4 1251 3051 3953.99054342
3 1252 3054 3955.50658716
4 1253 3055 3957.4963971
3 1254 3059 3958.30884143
4 1255 3060 3959.9102077
5 1256 3062 3962.51729819
4 1257 3068 3967.70266366
5 1258 3070 3969.82376419
4 1259 3071 3970.51729819
5 1260 3072 3970.7711516
6 1261 3074 3971.89002129
5 1262 3081 3974.4963971
4 1263 3083 3976.9102077
3 1264 3084 3979.89002129
2 1265 3085 3979.9102077
3 1266 3089 3985.00556355
4 1267 3091 3994.85586954
3 1268 3095 3996.7711516
4 1269 3096 3998.22892167
5 1270 3098 3998.58986139
6 1271 3101 4002.76661554
5 1272 3102 4005.00556355
6 1273 3106 4006.42857432
5 1274 3110 4014.85586954
4 1275 3112 4015.22892167
5 1276 3113 4017.21061978
6 1277 3114 4017.23511579
5 1278 3116 4019.00556355
6 1279 3119 4019.98094916
7 1280 3120 4020.59739809
8 1281 3123 4023.59493504
9 1282 3126 4027.18882064
8 1283 3128 4029.22892167
9 1284 3129 4031.0200261
8 1285 3132 4031.85586954
9 1286 3135 4035.84270194
8 1287 3138 4039.00556355
7 1288 3140 4040.22892167
8 1289 3141 4041.01420191
9 1290 3146 4047.93763961
8 1291 3148 4051.85586954
7 1292 3155 4056.00556355
6 1293 3156 4057.85586954
7 1294 3157 4060.41104991
8 1295 3158 4060.8406018
7 1296 3162 4062.00556355
6 1297 3164 4063.22892167
5 1298 3165 4063.22892167
6 1299 3171 4069.34672366
7 1300 3172 4069.58503049
6 1301 3175 4071.85586954
7 1302 3177 4071.86228873
6 1303 3183 4079.00556355
5 1304 3185 4079.04522167
4 1305 3186 4079.04522167
3 1306 3187 4080.22892167
2 1307 3188 4085.85586954
3 1308 3191 4092.16788996
2 1309 3193 4093.00556355
3 1310 3198 4097.0374762
4 1311 3200 4103.65729978
3 1312 3202 4106.16788996
4 1313 3205 4110.08194127
5 1314 3210 4117.07015431
4 1315 3211 4117.65729978
3 1316 3212 4120.0374762
4 1317 3213 4120.29380138
3 1318 3220 4130.08194127
2 1319 3221 4133.08194127
1 1320 3222 4134.29380138
2 1321 3223 4143.94881955
3 1322 3225 4153.72530901
4 1323 3229 4159.75412116
3 1324 3235 4163.94881955
4 1325 3236 4165.44229413
5 1326 3238 4166.25131368
4 1327 3240 4170.72530901
3 1328 3241 4173.75412116
4 1329 3242 4174.13675629
5 1330 3250 4182.11551296
4 1331 3252 4184.72530901
5 1332 3253 4184.94508327
4 1333 3255 4185.13675629
3 1334 3258 4191.44229413
4 1335 3259 4191.92942587
3 1336 3265 4195.72530901
2 1337 3266 4199.92942587
1 1338 3267 4205.13675629
2 1339 3268 4213.42272017
3 1340 3270 4216.18120811
4 1341 3273 4217.1812221
5 1342 3274 4219.68455756
4 1343 3283 4224.18120811
3 1344 3284 4227.42272017
2 1345 3285 4230.68455756
1 1346 3286 4233.42272017
2 1347 3287 4236.43907348
3 1348 3289 4239.09225172
4 1349 3293 4248.11071765
3 1350 3297 4250.09225172
4 1351 3298 4255.32810044
3 1352 3300 4256.43907348
4 1353 3303 4260.477972
5 1354 3308 4265.53251948
4 1355 3312 4268.11071765
3 1356 3313 4272.32810044
2 1357 3314 4274.477972
3 1358 3315 4279.20733627
2 1359 3317 4280.477972
3 1360 3320 4291.07198564
2 1361 3322 4293.20733627
3 1362 3323 4297.66700893
4 1363 3327 4301.22314267
3 1364 3333 4311.07198564
4 1365 3334 4316.224018
3 1366 3336 4317.66700893
2 1367 3337 4321.22314267
3 1368 3340 4328.85693522
4 1369 3342 4333.63864187
5 1370 3344 4336.52905306
6 1371 3345 4338.36865859
5 1372 3349 4339.224018
6 1373 3350 4341.30702088
7 1374 3351 4342.00012004
8 1375 3356 4350.96173768
7 1376 3358 4351.85693522
6 1377 3360 4353.63864187
7 1378 3361 4354.23041821
6 1379 3363 4359.224018
7 1380 3365 4359.71292704
6 1381 3374 4370.224018
5 1382 3375 4370.224018
4 1383 3376 4374.85693522
5 1384 3381 4381.04005851
4 1385 3382 4382.63864187
5 1386 3383 4383.15608472
6 1387 3388 4388.52018035
5 1388 3389 4388.85693522
4 1389 3392 4390.224018
3 1390 3394 4394.85693522
4 1391 3395 4397.62479591
5 1392 3397 4402.90576798
4 1393 3398 4403.15608472
5 1394 3402 4407.89005279
6 1395 3405 4413.14536713
5 1396 3409 4413.224018
6 1397 3410 4414.68691531
7 1398 3413 4417.74305921
6 1399 3417 4420.62479591
5 1400 3418 4426.15608472
4 1401 3421 4430.224018
3 1402 3428 4443.62479591
2 1403 3430 4446.15608472
1 1404 3431 4447.224018
2 1405 3432 4449.66387161
3 1406 3434 4456.80501729
4 1407 3436 4457.0715861
5 1408 3438 4462.60494941
6 1409 3440 4462.79037796
5 1410 3445 4472.66387161
6 1411 3447 4472.67134972
7 1412 3450 4472.93639851
6 1413 3454 4478.66387161
5 1414 3455 4480.66387161
4 1415 3456 4483.66387161
3 1416 3461 4485.80501729
4 1417 3462 4488.19609498
5 1418 3465 4496.75071306
6 1419 3466 4497.38452319
7 1420 3467 4497.60114385
6 1421 3469 4497.66387161
5 1422 3471 4499.80501729
6 1423 3472 4505.75957083
7 1424 3475 4510.67708358
8 1425 3478 4515.92086125
7 1426 3480 4517.66387161
6 1427 3483 4525.66387161
5 1428 3486 4525.80501729
4 1429 3491 4542.80501729
5 1430 3493 4544.45931053
6 1431 3494 4549.3858802
7 1432 3497 4553.28090999
6 1433 3499 4553.80501729
7 1434 3500 4557.43456959
6 1435 3502 4557.66387161
7 1436 3503 4559.90597376
8 1437 3506 4567.11935761
9 1438 3507 4567.97009882
10 1439 3509 4569.12505424
11 1440 3513 4571.07358029
12 1441 3514 4573.48689744
11 1442 3515 4573.80501729
10 1443 3519 4574.66387161
11 1444 3520 4577.60231033
10 1445 3521 4577.66387161
11 1446 3529 4582.90346462
10 1447 3531 4585.66387161
11 1448 3532 4587.68196655
10 1449 3535 4587.80501729
11 1450 3538 4591.23578746
10 1451 3539 4594.66387161
11 1452 3543 4595.62401003
10 1453 3545 4596.66387161
11 1454 3546 4598.78103667
10 1455 3549 4598.80501729
11 1456 3550 4599.97865255
12 1457 3551 4600.22065584
13 1458 3553 4602.00912695
12 1459 3554 4604.80501729
13 1460 3557 4606.77353743
14 1461 3558 4607.26132036
15 1462 3559 4608.17315647
16 1463 3564 4613.18339065
15 1464 3568 4613.66387161
14 1465 3569 4615.80501729
15 1466 3571 4616.82754351
14 1467 3579 4618.66387161
13 1468 3580 4618.80501729
12 1469 3584 4627.66387161
11 1470 3585 4627.66387161
10 1471 3588 4627.80501729
9 1472 3592 4630.66387161
10 1473 3594 4632.7124631
11 1474 3595 4634.70228123
10 1475 3600 4635.66387161
9 1476 3601 4635.66387161
10 1477 3605 4639.43640559
9 1478 3608 4644.80501729
8 1479 3610 4645.20939243
7 1480 3615 4646.66387161
8 1481 3616 4646.97469566
7 1482 3617 4647.80501729
6 1483 3618 4648.20939243
7 1484 3620 4648.54874565
6 1485 3622 4652.80501729
5 1486 3630 4663.66387161
4 1487 3632 4666.66387161
3 1488 3633 4669.80501729
2 1489 3634 4671.20939243
3 1490 3635 4675.94558239
4 1491 3639 4679.42175393
3 1492 3641 4680.66387161
4 1493 3643 4681.01196817
5 1494 3644 4681.03180847
6 1495 3648 4689.0075458
7 1496 3649 4689.29338163
6 1497 3652 4698.94558239
5 1498 3655 4702.42175393
6 1499 3660 4708.33465753
5 1500 3661 4713.42175393
4 1501 3665 4721.42175393
3 1502 3667 4721.94558239
2 1503 3673 4732.94558239
3 1504 3674 4735.89034016
4 1505 3676 4735.90658392
3 1506 3677 4738.42175393
4 1507 3680 4743.93364726
5 1508 3682 4744.24335262
6 1509 3686 4745.87176116
7 1510 3687 4748.8167133
6 1511 3693 4749.89034016
5 1512 3695 4752.42175393
4 1513 3696 4755.89034016
5 1514 3697 4758.23269346
4 1515 3698 4758.89034016
3 1516 3700 4758.89034016
4 1517 3703 4765.1179158
3 1518 3704 4766.42175393
4 1519 3708 4771.91857561
5 1520 3711 4773.82499893
6 1521 3712 4774.46530574
5 1522 3713 4775.89034016
4 1523 3719 4777.42175393
5 1524 3722 4787.20244324
4 1525 3728 4790.46544089
3 1526 3731 4798.89034016
4 1527 3732 4801.22863139
5 1528 3734 4804.35050158
4 1529 3735 4804.46544089
3 1530 3739 4806.42175393
2 1531 3742 4812.22863139
1 1532 3743 4818.46544089
2 1533 3744 4826.98579668
3 1534 3746 4839.67021602
4 1535 3748 4839.94597155
5 1536 3754 4847.85958218
4 1537 3757 4850.94597155
5 1538 3759 4851.61714285
4 1539 3761 4852.98579668
3 1540 3762 4856.67021602
4 1541 3765 4858.72297364
5 1542 3767 4862.6742756
6 1543 3768 4863.08778606
5 1544 3774 4870.94597155
4 1545 3777 4875.98579668
3 1546 3779 4878.72297364
4 1547 3782 4881.16867095
3 1548 3784 4884.94597155
2 1549 3787 4895.98579668
1 1550 3789 4898.16867095
2 1551 3790 4899.93275817
3 1552 3794 4905.88301018
2 1553 3800 4916.93275817
1 1554 3801 4919.93275817
2 1555 3802 4928.17971265
3 1556 3804 4929.19159841
4 1557 3810 4948.08690984
5 1558 3811 4951.49816046
4 1559 3813 4954.17971265
3 1560 3814 4958.19159841
4 1561 3818 4962.50372168
5 1562 3821 4965.00476437
4 1563 3822 4966.19159841
3 1564 3827 4974.17971265
2 1565 3828 4977.19159841
3 1566 3829 4986.40346639
4 1567 3835 4993.90876258
5 1568 3836 4996.07528662
6 1569 3837 5001.7756298
7 1570 3838 5002.97398547
6 1571 3841 5003.40346639
5 1572 3843 5006.17971265
6 1573 3844 5008.90517024
7 1574 3848 5010.89458514
8 1575 3851 5020.31957327
9 1576 3852 5021.65594623
10 1577 3853 5022.67463238
9 1578 3855 5023.17971265
8 1579 3856 5023.40346639
7 1580 3857 5023.40346639
8 1581 3859 5028.82259371
9 1582 3860 5029.07940706
10 1583 3861 5029.26902046
9 1584 3867 5037.17971265
8 1585 3869 5037.40346639
7 1586 3875 5048.17971265
6 1587 3879 5048.40346639
7 1588 3880 5055.20053805
6 1589 3887 5059.40346639
5 1590 3888 5059.40346639
6 1591 3889 5060.7790528
5 1592 3891 5062.40346639
6 1593 3892 5064.81921622
5 1594 3893 5065.17971265
6 1595 3898 5077.09929276
5 1596 3903 5079.40346639
6 1597 3905 5083.1489597
5 1598 3907 5085.17971265
4 1599 3911 5091.17971265
3 1600 3914 5093.40346639
4 1601 3915 5094.3573595
3 1602 3917 5096.40346639
4 1603 3918 5096.55163149
3 1604 3922 5102.17971265
2 1605 3923 5108.3573595
3 1606 3924 5108.97357441
2 1607 3932 5122.17971265
3 1608 3933 5125.95651506
2 1609 3935 5125.97357441
3 1610 3936 5131.13313827
4 1611 3940 5136.96656445
5 1612 3942 5139.66420151
4 1613 3943 5139.95651506
5 1614 3949 5144.99568705
4 1615 3954 5151.13313827
3 1616 3956 5153.95651506
2 1617 3957 5156.96656445
3 1618 3960 5161.89096932
4 1619 3962 5164.54314251
5 1620 3964 5164.83634363
4 1621 3966 5165.13313827
5 1622 3973 5171.61168771
6 1623 3974 5173.02680607
7 1624 3975 5173.08135372
8 1625 3976 5175.26084924
7 1626 3979 5175.54314251
8 1627 3980 5175.95955429
7 1628 3982 5176.13313827
6 1629 3985 5178.89096932
7 1630 3987 5179.52455291
6 1631 3988 5181.13313827
5 1632 3993 5186.54314251
4 1633 3997 5192.54314251
3 1634 4000 5201.13313827
4 1635 4001 5201.78475247
3 1636 4003 5204.89096932
2 1637 4008 5212.54314251
3 1638 4009 5214.3502984
2 1639 4011 5218.78475247
3 1640 4012 5223.23671305
4 1641 4016 5229.20591303
3 1642 4018 5231.3502984
4 1643 4021 5233.75172726
5 1644 4023 5236.47258841
4 1645 4027 5240.23671305
5 1646 4028 5240.23916043
6 1647 4031 5245.53823365
7 1648 4032 5246.56117981
6 1649 4036 5251.23671305
5 1650 4038 5252.20591303
6 1651 4041 5256.60329963
7 1652 4044 5260.4651277
6 1653 4046 5265.75172726
5 1654 4047 5266.20591303
4 1655 4050 5268.23671305
5 1656 4053 5270.52350399
4 1657 4056 5273.75172726
5 1658 4058 5275.68087057
4 1659 4062 5276.23671305
5 1660 4066 5277.53693123
4 1661 4067 5280.20591303
3 1662 4071 5284.23671305
2 1663 4072 5284.75172726
3 1664 4073 5285.2461424
2 1665 4075 5287.75172726
3 1666 4076 5291.9010356
4 1667 4080 5294.13903286
3 1668 4086 5299.2461424
4 1669 4087 5300.95429531
3 1670 4089 5305.13903286
4 1671 4090 5305.70611014
3 1672 4092 5305.9010356
4 1673 4095 5310.88938427
5 1674 4099 5313.10960985
4 1675 4101 5316.70611014
5 1676 4104 5320.64014918
4 1677 4108 5323.95429531
3 1678 4109 5327.70611014
2 1679 4110 5327.88938427
3 1680 4111 5335.69718673
4 1681 4119 5346.46976218
5 1682 4125 5348.38234631
4 1683 4127 5349.95429531
3 1684 4130 5352.69718673
4 1685 4131 5356.7477095
3 1686 4133 5357.46976218
4 1687 4136 5366.98204743
3 1688 4138 5367.7477095
2 1689 4141 5368.38234631
1 1690 4142 5371.98204743
2 1691 4143 5373.52242368
3 1692 4147 5398.55749138
2 1693 4149 5399.52242368
3 1694 4150 5401.93519987
4 1695 4152 5402.71786159
3 1696 4160 5415.55749138
2 1697 4161 5418.93519987
1 1698 4162 5419.71786159
2 1699 4163 5428.3360837
3 1700 4167 5438.77354625
2 1701 4169 5442.3360837
3 1702 4171 5444.45363577
4 1703 4175 5448.2529826
5 1704 4177 5450.57174104
4 1705 4179 5452.77354625
3 1706 4182 5458.77354625
4 1707 4183 5462.39337876
5 1708 4187 5463.92749933
4 1709 4189 5468.2529826
5 1710 4190 5469.35750126
6 1711 4198 5475.83463034
5 1712 4199 5476.57174104
4 1713 4201 5477.92749933
3 1714 4204 5483.35750126
2 1715 4205 5485.39337876
1 1716 4206 5490.57174104
2 1717 4207 5492.72590741
3 1718 4211 5494.08294106
2 1719 4215 5497.72590741
3 1720 4216 5499.16129456
2 1721 4220 5511.08294106
1 1722 4221 5513.16129456
2 1723 4223 5514.91268117
3 1724 4228 5522.09475486
2 1725 4230 5522.91268117
3 1726 4232 5524.42726446
4 1727 4233 5525.98294283
3 1728 4240 5530.09475486
4 1729 4241 5530.58801093
5 1730 4243 5534.22310897
4 1731 4245 5536.09475486
3 1732 4246 5539.98294283
4 1733 4251 5542.57856132
5 1734 4255 5549.50763749
4 1735 4257 5554.22310897
3 1736 4260 5556.58801093
4 1737 4261 5563.44781336
3 1738 4265 5565.57856132
4 1739 4266 5569.69137003
5 1740 4270 5570.79599076
4 1741 4272 5572.50763749
5 1742 4273 5576.61206631
6 1743 4276 5577.20974232
7 1744 4279 5580.07451672
6 1745 4281 5580.44781336
7 1746 4282 5583.32629913
6 1747 4283 5583.69137003
7 1748 4290 5587.99392055
6 1749 4294 5590.79599076
5 1750 4297 5596.79599076
4 1751 4300 5599.61206631
3 1752 4301 5603.44781336
2 1753 4302 5603.69137003
1 1754 4303 5607.79599076
2 1755 4304 5610.94455783
3 1756 4306 5612.44241683
4 1757 4308 5612.5251385
5 1758 4311 5614.29533725
6 1759 4314 5617.31792218
7 1760 4316 5622.08155108
8 1761 4320 5622.84208434
7 1762 4324 5624.94455783
8 1763 4327 5627.58082115
7 1764 4328 5629.5251385
8 1765 4330 5630.7985941
7 1766 4331 5632.44241683
6 1767 4332 5632.44241683
5 1768 4338 5640.31792218
6 1769 4340 5643.93294292
7 1770 4342 5647.60939985
6 1771 4346 5649.5251385
5 1772 4350 5653.94455783
6 1773 4351 5659.57742129
5 1774 4353 5660.31792218
4 1775 4354 5660.31792218
5 1776 4355 5663.21973887
4 1777 4357 5664.44241683
5 1778 4358 5665.0041226
6 1779 4366 5672.14172589
5 1780 4369 5673.57742129
4 1781 4373 5681.5251385
3 1782 4374 5682.0041226
2 1783 4375 5683.21973887
1 1784 4376 5690.57742129
2 1785 4377 5697.55901887
3 1786 4379 5703.87093216
4 1787 4382 5706.62814092
5 1788 4383 5706.71284805
6 1789 4385 5707.80847846
7 1790 4390 5711.72875584
6 1791 4394 5717.87093216
5 1792 4400 5720.87093216
6 1793 4401 5722.78909909
5 1794 4403 5723.55901887
4 1795 4404 5729.71284805
3 1796 4405 5729.71284805
4 1797 4409 5733.25557178
3 1798 4411 5733.80847846
2 1799 4412 5736.78909909
3 1800 4416 5746.61187569
4 1801 4418 5751.77176941
5 1802 4420 5753.07954297
6 1803 4421 5754.97478008
5 1804 4424 5756.25557178
4 1805 4431 5763.61187569
3 1806 4432 5764.25557178
2 1807 4433 5768.77176941
3 1808 4436 5776.8458808
4 1809 4438 5783.02613354
3 1810 4440 5783.61187569
4 1811 4443 5785.59490595
5 1812 4446 5788.38291499
6 1813 4447 5789.032629
7 1814 4451 5791.25947103
6 1815 4453 5793.8458808
7 1816 4454 5797.15169335
6 1817 4459 5799.59490595
5 1818 4460 5799.59490595
4 1819 4466 5804.59490595
5 1820 4467 5808.34483952
6 1821 4468 5808.96836916
5 1822 4470 5809.02613354
4 1823 4471 5810.8458808
3 1824 4473 5813.59490595
4 1825 4474 5814.36078374
5 1826 4479 5820.10630276
6 1827 4482 5823.51432896
5 1828 4483 5826.02613354
4 1829 4485 5827.8458808
3 1830 4489 5834.36078374
4 1831 4492 5842.83728115
5 1832 4494 5845.52725167
4 1833 4495 5846.02613354
3 1834 4497 5846.36078374
4 1835 4500 5853.24498734
5 1836 4504 5856.5784535
4 1837 4506 5862.83728115
3 1838 4507 5863.02613354
4 1839 4510 5869.38468309
5 1840 4516 5876.21136898
4 1841 4517 5877.38468309
3 1842 4519 5879.24498734
2 1843 4520 5882.83728115
3 1844 4523 5889.44262711
4 1845 4525 5892.93600705
3 1846 4527 5897.38468309
2 1847 4532 5903.44262711
1 1848 4533 5903.93600705
2 1849 4534 5906.72069952
3 1850 4536 5909.50899032
4 1851 4540 5914.98834112
5 1852 4544 5919.14990689
4 1853 4547 5923.50899032
3 1854 4549 5925.98834112
2 1855 4552 5932.72069952
3 1856 4553 5943.01224518
2 1857 4555 5943.50899032
3 1858 4559 5952.73289821
2 1859 4561 5957.01224518
3 1860 4562 5968.30437572
4 1861 4564 5968.83202551
3 1862 4570 5973.83202551
4 1863 4573 5980.92062315
3 1864 4575 5984.73289821
2 1865 4576 5985.30437572
3 1866 4577 5988.03967028
2 1867 4583 6003.92062315
3 1868 4584 6004.46199186
4 1869 4586 6006.36909215
3 1870 4588 6008.03967028
4 1871 4589 6009.45104909
3 1872 4597 6026.45104909
2 1873 4598 6027.46199186
3 1874 4599 6029.20697161
4 1875 4601 6030.17036146
3 1876 4603 6032.36909215
2 1877 4608 6043.20697161
1 1878 4609 6047.17036146
2 1879 4610 6051.96631713
3 1880 4612 6054.92475387
4 1881 4616 6059.95534392
5 1882 4620 6065.40174606
4 1883 4624 6068.92475387
3 1884 4625 6070.95534392
2 1885 4626 6071.96631713
3 1886 4629 6080.2263357
4 1887 4631 6080.89703619
3 1888 4637 6085.40174606
2 1889 4638 6088.89703619
1 1890 4639 6091.2263357
2 1891 4640 6110.19403882
1 1892 4644 6124.19403882
2 1893 4645 6129.17464433
3 1894 4647 6129.65375397
2 1895 4653 6143.17464433
3 1896 4654 6144.13518107
4 1897 4656 6148.21390333
3 1898 4660 6152.65375397
4 1899 4661 6154.56412837
3 1900 4663 6158.13518107
2 1901 4668 6162.21390333
3 1902 4669 6162.49785554
2 1903 4671 6171.56412837
3 1904 4675 6177.5654064
4 1905 4677 6183.45184347
3 1906 4683 6188.49785554
2 1907 4684 6191.45184347
3 1908 4685 6193.79437752
4 1909 4687 6194.25570633
3 1910 4689 6194.5654064
4 1911 4691 6196.68882136
5 1912 4692 6197.03092644
6 1913 4699 6203.72848766
5 1914 4701 6205.25570633
4 1915 4702 6207.79437752
3 1916 4703 6210.79437752
4 1917 4708 6214.48667388
5 1918 4710 6214.55377779
4 1919 4712 6217.03092644
3 1920 4713 6217.72848766
4 1921 4714 6219.07176651
3 1922 4722 6231.48667388
4 1923 4723 6231.52794145
5 1924 4725 6234.25517442
4 1925 4727 6234.55377779
5 1926 4729 6234.77075713
4 1927 4731 6239.07176651
5 1928 4739 6246.73303329
6 1929 4741 6246.75381341
7 1930 4742 6247.0716174
6 1931 4746 6251.25517442
5 1932 4747 6251.52794145
4 1933 4749 6251.77075713
5 1934 4750 6253.24161914
6 1935 4753 6253.85627164
7 1936 4756 6255.78291342
8 1937 4757 6257.21071402
7 1938 4758 6259.25517442
8 1939 4767 6266.2366462
7 1940 4769 6266.73303329
6 1941 4770 6267.24161914
7 1942 4773 6271.31469489
6 1943 4775 6271.52794145
5 1944 4777 6273.25517442
4 1945 4778 6274.73303329
5 1946 4779 6276.61129809
4 1947 4781 6279.24161914
5 1948 4782 6279.3101941
6 1949 4792 6286.53675288
5 1950 4793 6287.61129809
6 1951 4795 6289.62776772
5 1952 4796 6290.3101941
6 1953 4799 6291.84628127
5 1954 4800 6293.25517442
4 1955 4801 6294.52794145
5 1956 4802 6297.84208848
4 1957 4809 6304.3101941
5 1958 4810 6309.40419187
4 1959 4816 6313.61129809
5 1960 4817 6314.07901883
4 1961 4819 6316.61129809
3 1962 4820 6317.84208848
2 1963 4821 6320.40419187
1 1964 4824 6337.07901883
2 1965 4825 6337.2466592
3 1966 4827 6343.8475321
2 1967 4833 6351.8475321
3 1968 4834 6358.81398072
2 1969 4836 6363.2466592
3 1970 4837 6365.31552246
4 1971 4841 6366.54728917
5 1972 4843 6371.17003962
4 1973 4847 6375.81398072
5 1974 4853 6379.17029162
4 1975 4855 6382.17003962
5 1976 4857 6387.4203338
6 1977 4858 6387.86393838
5 1978 4859 6389.54728917
4 1979 4862 6391.31552246
5 1980 4867 6397.06098157
4 1981 4870 6402.17003962
5 1982 4872 6405.35743071
4 1983 4874 6406.54728917
3 1984 4875 6411.31552246
2 1985 4880 6417.54728917
3 1986 4881 6422.91024234
4 1987 4883 6424.28280503
5 1988 4886 6426.73966405
4 1989 4889 6428.17003962
5 1990 4890 6430.16990896
6 1991 4897 6433.62085529
5 1992 4898 6436.91024234
6 1993 4900 6437.95677327
5 1994 4902 6438.16990896
4 1995 4903 6438.28280503
3 1996 4904 6438.28280503
2 1997 4909 6458.16990896
3 1998 4910 6458.30698557
2 1999 4912 6459.91024234
1 2000 4915 6472.30698557
0 2001 4919 6496.85297677
0 2002 4921 6820.81398072
