#data counter step time
21.942208 1 41 38.4924626804
37.334864 2 77 74.1407961837
25.413017 3 84 91.7676796258
17.000000 4 102 117.160174117
31.172599 5 105 129.160174117
40.849229 6 122 164.541907679
24.320585 7 175 234.191129543
35.870366 8 199 284.53045669
21.261721 9 223 316.266971722
32.377161 10 270 424.278202125
19.095903 11 271 428.189520237
29.444816 12 333 522.847175212
32.727130 13 355 555.789316995
36.849889 14 379 590.34853377
34.236309 15 391 604.584842801
21.298388 16 394 606.468372865
38.552859 17 427 666.95279467
26.260882 18 441 687.088499946
28.607560 19 472 714.46606634
25.552667 20 499 729.924892676
12.894907 21 554 816.560053896
28.517597 22 574 850.567912849
22.675039 23 598 895.567912849
43.539759 24 613 910.567912849
122.102605 25 642 959.567912849
71.235777 26 664 976.567912849
102.402834 27 683 995.5762015
44.973483 28 699 1017.91921281
48.579997 29 741 1069.56791285
32.247222 30 765 1095.31901071
26.000000 31 771 1102.83356376
27.427918 32 775 1108.29132917
31.602629 33 935 1313.60741069
32.725785 34 946 1340.27488339
39.752184 35 953 1357.02706715
18.587445 36 999 1433.9460784
24.943729 37 1005 1441.88980694
23.326099 38 1008 1445.21590558
30.142728 39 1014 1452.3586339
41.961089 40 1033 1477.07718281
23.920717 41 1112 1582.38758171
42.918592 42 1140 1642.74227872
28.044463 43 1143 1647.78674172
28.788777 44 1199 1719.12400464
28.211223 45 1203 1721.33522801
42.893645 46 1210 1739.03298447
37.226138 47 1224 1757.49929204
26.115509 48 1242 1786.5208993
37.593779 49 1273 1820.78318658
23.178592 50 1277 1826.39056743
26.742579 51 1282 1829.39056743
25.881984 52 1344 1895.21946805
29.050406 53 1376 1938.80325518
31.479471 54 1399 1979.86286675
40.845099 55 1410 2003.70796547
28.255380 56 1432 2023.55292122
16.710839 57 1460 2065.75918791
41.014903 58 1468 2081.04834914
30.101210 59 1492 2105.69524929
25.480118 60 1499 2113.49908322
14.150099 61 1552 2176.60736631
25.760743 62 1561 2188.36810927
23.611743 63 1602 2230.74656462
35.224163 64 1616 2255.26219869
20.293148 65 1620 2266.14692695
35.587673 66 1632 2286.00068145
19.755344 67 1635 2288.75602516
35.362228 68 1683 2339.03732294
27.605712 69 1713 2368.80184059
31.999875 70 1725 2382.80184059
37.369709 71 1745 2422.80184059
42.002589 72 1748 2428.43213148
37.000000 73 1792 2494.95378217
39.989022 74 1798 2506.4953685
26.461286 75 1829 2567.15469201
29.082493 76 1845 2586.35841209
34.820368 77 1858 2603.27591907
37.975951 78 1869 2624.9074381
29.801403 79 1909 2666.4510633
31.396738 80 1934 2719.6922171
34.009088 81 1984 2816.35889531
27.980282 82 2006 2845.23514659
34.487375 83 2015 2853.72252187
28.928630 84 2038 2871.88077437
37.412960 85 2054 2886.08459964
27.923474 86 2085 2912.18249301
20.426369 87 2095 2922.40116583
23.077170 88 2123 2961.63153629
30.212982 89 2124 2964.55436609
30.272232 90 2131 2968.90376866
22.650467 91 2204 3051.9556218
29.701114 92 2215 3067.24027218
28.983407 93 2228 3080.24277216
22.876887 94 2245 3098.16695859
23.300088 95 2247 3102.79972785
28.030141 96 2271 3141.49517396
24.314599 97 2276 3150.46503296
26.246058 98 2322 3201.49517396
31.519014 99 2382 3294.05933183
36.322559 100 2408 3337.05933183
36.957228 101 2440 3376.10773034
20.670206 102 2462 3418.9052878
24.930732 103 2478 3441.23508146
34.826330 104 2495 3464.9052878
27.922726 105 2543 3528.62153594
23.915487 106 2546 3532.53702344
24.581344 107 2548 3537.11836758
33.514261 108 2566 3554.62153594
32.941682 109 2573 3558.53702344
17.738961 110 2577 3566.04989678
46.617636 111 2605 3596.53702344
30.628086 112 2606 3602.46379539
40.864849 113 2621 3620.83570963
28.964815 114 2645 3660.43999312
17.000000 115 2657 3680.08942619
9.695936 116 2678 3703.74976137
29.361352 117 2693 3719.11111379
33.165198 118 2698 3727.9574231
44.741838 119 2727 3804.54295341
40.026907 120 2749 3822.54325223
26.193588 121 2751 3827.69501192
23.101988 122 2754 3834.38312003
28.754166 123 2774 3857.25193657
17.245834 124 2775 3857.49777094
26.135966 125 2804 3884.00320386
34.150293 126 2810 3886.86723826
21.472858 127 2863 3927.36419297
30.256335 128 2908 3989.40909549
34.888411 129 2934 4020.48768242
22.436253 130 2946 4040.48768242
26.371581 131 2949 4042.5992715
38.633062 132 2965 4065.5992715
29.157517 133 3005 4111.09021073
40.471540 134 3013 4122.68621666
28.945551 135 3017 4131.09021073
48.152265 136 3032 4153.68621666
61.758509 137 3034 4154.09021073
42.010219 138 3053 4180.09021073
23.442400 139 3081 4217.09021073
40.773797 140 3125 4285.09021073
42.162443 141 3142 4317.00320386
69.547679 142 3148 4328.09021073
79.315428 143 3155 4340.00320386
38.128418 144 3170 4363.00320386
154.696490 145 3185 4380.00320386
86.133399 146 3186 4380.00320386
16.879790 147 3279 4508.90611299
35.991383 148 3286 4522.74129549
39.327546 149 3304 4539.90611299
54.134431 150 3312 4548.74129549
35.489203 151 3334 4573.91808187
32.533710 152 3356 4611.58023953
39.022810 153 3364 4636.60304943
23.000000 154 3390 4672.03838853
33.680318 155 3401 4691.55466401
17.458504 156 3422 4728.52426154
44.281571 157 3432 4734.52426154
23.122586 158 3440 4749.97807955
33.238464 159 3499 4866.68456132
37.922338 160 3514 4906.61919818
34.479343 161 3537 4944.1249121
33.325191 162 3554 4992.5034964
19.437918 163 3589 5046.01893575
23.717943 164 3594 5052.73687913
23.728640 165 3596 5056.46551881
32.053969 166 3604 5074.51948798
36.377224 167 3611 5084.89671238
46.928941 168 3617 5096.82565388
31.382989 169 3667 5156.70376405
33.782744 170 3683 5179.01924805
23.077980 171 3701 5224.88697807
51.088808 172 3705 5227.80899841
45.236420 173 3733 5259.12737401
32.287137 174 3773 5294.73687913
51.062940 175 3776 5298.88697807
22.522495 176 3782 5304.12737401
36.273727 177 3787 5309.80899841
24.461963 178 3805 5324.12737401
19.986289 179 3847 5379.8246088
27.671630 180 3852 5390.49623862
30.007521 181 3861 5399.8246088
22.552755 182 3901 5445.47802021
24.615570 183 3929 5482.911856
17.000000 184 3942 5503.31807179
38.815328 185 3973 5548.70280667
31.231567 186 4018 5604.55025836
29.048271 187 4019 5605.17846689
24.702168 188 4027 5615.35484404
45.227557 189 4055 5644.35484404
27.908808 190 4122 5711.0027012
31.768803 191 4134 5722.77150421
30.526254 192 4140 5745.0027012
18.991218 193 4162 5775.60871243
32.398904 194 4174 5801.60871243
41.345898 195 4178 5802.61749396
32.000000 196 4212 5847.7475526
42.517553 197 4218 5861.43664574
35.039622 198 4260 5920.55759887
17.110474 199 4276 5934.35484404
35.423560 200 4311 5965.35484404
34.425012 201 4318 5972.43664574
45.675157 202 4338 5987.62883089
37.117641 203 4363 6025.35484404
29.752461 204 4375 6040.76472063
20.621527 205 4382 6059.51663458
38.717751 206 4387 6078.23438528
33.663224 207 4492 6234.11356819
28.899421 208 4547 6306.50972019
27.028410 209 4593 6393.88913686
37.543619 210 4647 6460.9763919
29.876787 211 4709 6554.19264098
23.036696 212 4740 6607.33406574
29.958715 213 4743 6610.2973699
37.922171 214 4752 6625.45978811
15.389534 215 4764 6641.27068977
25.114419 216 4765 6645.88115579
32.586459 217 4770 6649.76673665
46.016539 218 4781 6673.28722856
32.024778 219 4784 6679.3120061
35.882684 220 4793 6702.28722856
36.776597 221 4859 6797.05597734
56.176305 222 4893 6846.93801195
37.414775 223 4910 6863.93801195
34.528752 224 4958 6912.7623841
18.268781 225 4995 6950.12386765
23.578017 226 5002 6956.70188472
43.749402 227 5025 6982.12386765
