#data counter step time
0 1 0 0.0
1 2 1 0.0
2 3 12 7.08187750078
3 4 14 13.266498356
4 5 18 20.7599760501
5 6 23 26.8403887059
6 7 24 26.8793251807
5 8 26 30.0818775008
6 9 27 30.1820989094
5 10 31 36.266498356
4 11 37 40.8793251807
3 12 38 46.7599760501
2 13 39 47.1820989094
3 14 40 48.1173350392
4 15 42 48.6929531106
3 16 44 49.7599760501
4 17 49 55.808015627
3 18 53 59.1173350392
2 19 54 59.6929531106
3 20 55 59.9191087807
2 21 57 60.808015627
3 22 58 67.5938782153
4 23 62 69.2573581937
5 24 64 70.5061498556
4 25 68 76.9191087807
3 26 69 81.5938782153
2 27 74 92.2573581937
1 28 75 99.5061498556
2 29 76 100.379552785
3 30 78 104.050610923
4 31 80 104.088980421
3 32 88 115.050610923
2 33 89 120.379552785
1 34 90 121.088980421
2 35 91 128.829964001
3 36 93 132.486417478
4 37 97 143.320132212
3 38 101 145.829964001
2 39 102 152.486417478
3 40 105 155.235054575
4 41 107 155.292987314
3 42 109 157.320132212
4 43 110 163.320129043
5 44 112 164.059719242
6 45 120 169.193982493
7 46 124 172.134286942
6 47 125 172.292987314
7 48 127 173.973225378
8 49 129 174.556289809
7 50 131 175.059719242
6 51 135 178.235054575
5 52 136 180.320129043
4 53 137 183.193982493
5 54 138 184.891126651
4 55 144 186.193982493
3 56 147 192.059719242
2 57 148 192.292987314
1 58 149 195.891126651
2 59 150 203.732104065
3 60 152 205.601110094
4 61 154 207.764409989
5 62 158 216.252182622
6 63 160 216.848914196
7 64 164 218.185329803
8 65 167 219.924864141
9 66 170 221.141575618
10 67 171 221.409411412
9 68 175 223.732104065
10 69 176 227.824347196
9 70 178 228.601110094
8 71 180 230.252182622
9 72 181 230.294687233
8 73 184 230.764409989
7 74 187 233.848914196
6 75 194 237.732104065
5 76 195 238.764409989
6 77 197 241.534674426
7 78 200 242.370754358
6 79 202 244.848914196
5 80 203 245.601110094
4 81 204 247.764409989
5 82 208 251.156896461
6 83 210 253.720032001
5 84 216 259.252182622
6 85 219 261.770305478
5 86 221 262.156896461
4 87 222 265.252182622
3 88 223 265.370754358
4 89 224 267.663390241
5 90 230 275.949740188
4 91 232 276.720032001
3 92 233 281.663390241
4 93 234 281.726507293
3 94 236 284.770305478
4 95 237 287.427709804
5 96 239 288.017970714
6 97 241 290.652413936
7 98 243 291.110667069
8 99 246 291.823065309
9 100 251 294.494523329
8 101 255 298.427709804
7 102 257 298.726507293
8 103 258 299.971724737
9 104 259 300.547694302
8 105 261 302.017970714
9 106 264 304.717617548
8 107 266 304.949740188
9 108 267 306.466596177
8 109 268 307.652413936
9 110 273 310.197105661
8 111 277 312.427709804
7 112 288 321.726507293
6 113 289 321.949740188
5 114 290 322.017970714
6 115 293 322.750986856
7 116 295 324.637070623
6 117 297 324.949740188
5 118 298 329.427709804
4 119 301 330.652413936
5 120 302 331.594418946
6 121 304 331.835943834
7 122 306 332.37086079
6 123 308 333.750986856
5 124 309 335.726507293
6 125 312 339.909847051
5 126 320 347.949740188
6 127 323 349.941194858
7 128 325 353.327847781
6 129 326 353.750986856
5 130 328 354.594418946
4 131 329 356.909847051
3 132 334 357.835943834
4 133 335 360.436273453
3 134 337 361.750986856
2 135 338 366.941194858
3 136 339 368.480295384
2 137 345 373.480295384
1 138 346 380.436273453
2 139 347 381.983321752
3 140 349 382.906588376
4 141 353 387.970400291
3 142 357 393.906588376
4 143 360 398.490774282
5 144 362 399.208679058
4 145 368 406.490774282
3 146 369 407.983321752
4 147 370 408.326638007
5 148 372 409.31535992
4 149 374 410.208679058
3 150 377 410.970400291
2 151 378 414.31535992
3 152 379 424.253013311
2 153 383 428.326638007
3 154 386 437.756995391
2 155 388 441.253013311
3 156 390 441.74071081
4 157 391 441.975329332
5 158 397 444.932607262
4 159 398 451.756995391
3 160 399 451.756995391
4 161 400 452.133970101
3 162 407 458.975329332
2 163 408 463.133970101
3 164 409 464.204707074
4 165 411 466.314585643
3 166 413 467.975329332
4 167 414 468.710976036
3 168 420 477.314585643
4 169 421 479.607595056
5 170 423 479.65324866
6 171 425 480.61035106
5 172 427 481.204707074
6 173 430 482.95390703
7 174 440 492.360189983
6 175 442 493.607595056
5 176 443 493.95390703
4 177 444 497.710976036
3 178 445 499.65324866
4 179 446 499.815887519
3 180 450 500.61035106
4 181 451 504.993440314
3 182 453 507.607595056
4 183 459 512.184137713
3 184 460 515.993440314
4 185 463 520.138873205
3 186 465 523.184137713
2 187 466 525.815887519
1 188 469 534.138873205
2 189 470 556.802937122
3 190 472 560.014170112
4 191 476 568.203384454
5 192 480 570.800600686
4 193 482 570.802937122
3 194 483 577.014170112
4 195 488 584.283193447
3 196 490 585.203384454
4 197 491 586.551118283
3 198 493 587.800600686
4 199 494 588.693158682
5 200 496 588.988333443
6 201 498 592.131310935
7 202 503 593.144988346
6 203 511 596.693158682
5 204 514 602.988333443
6 205 515 604.071963978
5 206 517 604.283193447
4 207 518 609.131310935
3 208 519 609.551118283
2 209 522 612.551118283
3 210 523 623.791794867
2 211 525 624.071963978
3 212 526 626.952286586
4 213 528 632.900132392
5 214 534 637.284790145
4 215 538 643.791794867
3 216 539 643.900132392
4 217 540 646.03942032
3 218 542 646.952286586
2 219 547 657.284790145
1 220 548 669.03942032
2 221 549 669.119829061
3 222 551 676.952076432
4 223 555 680.406573491
3 224 557 686.119829061
4 225 562 691.078548288
5 226 564 693.613877257
6 227 567 693.755127078
5 228 568 693.952076432
4 229 569 694.406573491
5 230 573 700.191813712
6 231 577 701.849252638
5 232 579 704.613877257
6 233 580 704.658012902
5 234 582 705.078548288
6 235 583 707.802253978
7 236 587 708.682196711
6 237 593 711.078548288
5 238 594 712.658012902
6 239 596 713.815258772
5 240 600 715.849252638
4 241 603 719.682196711
3 242 604 719.682196711
2 243 605 720.191813712
1 244 606 727.802253978
2 245 607 734.561172781
3 246 609 735.504164601
2 247 615 739.561172781
3 248 616 741.28780465
2 249 618 746.504164601
3 250 621 753.947374822
2 251 625 758.28780465
3 252 626 760.718264693
4 253 628 761.609432179
5 254 630 763.158339045
6 255 633 763.318150506
7 256 634 764.367306022
8 257 637 765.098709513
9 258 640 766.062043185
8 259 645 767.947374822
7 260 649 772.609432179
6 261 650 774.158339045
5 262 653 774.718264693
4 263 656 777.158339045
5 264 657 778.310214769
4 265 659 781.947374822
3 266 660 783.158339045
4 267 663 787.93033685
5 268 665 790.835338922
4 269 669 792.310214769
3 270 670 793.367306022
2 271 671 804.93033685
1 272 674 813.835338922
2 273 675 821.908368257
3 274 677 824.492159633
2 275 683 841.492159633
1 276 684 847.908368257
2 277 685 854.604279636
3 278 687 856.377243706
4 279 691 864.184746856
3 280 693 864.377243706
4 281 696 864.765069253
3 282 700 868.604279636
4 283 702 869.143015082
3 284 706 875.765069253
2 285 707 881.184746856
1 286 708 884.184746856
2 287 709 893.61503314
3 288 711 895.77195457
4 289 713 896.685684995
5 290 719 904.180562052
4 291 721 904.61503314
3 292 726 910.685684995
2 293 727 912.77195457
3 294 728 913.296834949
4 295 730 913.658063161
5 296 732 914.743744995
4 297 734 915.180562052
5 298 735 916.546499698
4 299 743 927.658063161
3 300 746 930.296834949
4 301 747 933.13194168
3 302 749 933.546499698
4 303 750 933.790440804
5 304 752 935.903660334
4 305 754 937.743744995
5 306 755 939.506949513
6 307 761 941.18713723
5 308 765 946.903660334
4 309 766 947.13194168
3 310 769 950.790440804
4 311 770 952.910504226
5 312 774 960.326324968
4 313 776 961.18713723
3 314 779 962.506949513
4 315 782 965.917687344
5 316 784 969.99510293
4 317 786 971.326324968
3 318 787 978.910504226
4 319 790 981.829552708
3 320 794 985.917687344
4 321 795 989.994195797
5 322 797 990.943723326
4 323 801 992.99510293
3 324 804 995.829552708
2 325 807 1000.9941958
1 326 808 1001.94372333
2 327 809 1002.20108062
3 328 811 1004.10253648
4 329 815 1012.45631246
3 330 817 1013.20108062
4 331 820 1016.29341656
3 332 824 1027.10253648
2 333 827 1029.45631246
3 334 828 1029.57273099
4 335 830 1030.11084057
5 336 832 1030.58140922
4 337 840 1038.58140922
3 338 841 1039.29341656
2 339 842 1044.11084057
1 340 843 1046.57273099
2 341 844 1047.98787328
3 342 848 1049.15175913
4 343 850 1049.81785169
5 344 852 1054.81762342
4 345 858 1061.98787328
3 346 861 1066.15175913
2 347 862 1066.81785169
1 348 863 1071.81762342
2 349 864 1083.01632965
3 350 868 1084.24875715
2 351 872 1091.01632965
1 352 873 1092.24875715
2 353 874 1098.31881125
3 354 878 1113.19503023
4 355 880 1114.78423945
5 356 882 1114.88116606
6 357 884 1118.20231042
5 358 886 1118.31881125
6 359 888 1118.48317526
5 360 894 1124.19503023
4 361 895 1127.19503023
3 362 900 1128.88116606
2 363 901 1131.78423945
1 364 902 1144.20231042
2 365 903 1148.29717609
3 366 907 1156.12362476
2 367 909 1156.29717609
3 368 912 1170.42649176
4 369 914 1171.74577969
3 370 916 1176.12362476
2 371 921 1182.74577969
1 372 922 1184.42649176
2 373 923 1201.45085058
3 374 925 1205.72101429
4 375 927 1206.98909789
5 376 929 1207.66053345
6 377 937 1214.80219392
7 378 940 1219.23235533
6 379 941 1219.72101429
5 380 944 1221.45085058
4 381 948 1226.98909789
3 382 949 1227.66053345
2 383 950 1228.80219392
1 384 951 1228.80219392
2 385 952 1232.1539787
3 386 954 1232.69631885
2 387 958 1243.1539787
3 388 961 1245.78208876
4 389 963 1247.28460336
5 390 967 1250.15052846
6 391 969 1252.22808021
5 392 971 1255.69631885
4 393 978 1259.78208876
3 394 979 1267.15052846
2 395 980 1269.22808021
1 396 981 1270.28460336
2 397 982 1276.2134141
3 398 984 1280.1771236
4 399 986 1282.57986728
3 400 992 1290.57986728
2 401 995 1294.1771236
1 402 996 1299.2134141
2 403 997 1301.78020116
1 404 1001 1309.78020116
2 405 1002 1326.55851817
3 406 1004 1335.75327074
4 407 1008 1337.71373137
5 408 1012 1345.052533
6 409 1016 1347.67615308
5 410 1018 1349.55851817
4 411 1019 1349.75327074
3 412 1022 1356.052533
4 413 1023 1356.39872839
5 414 1027 1357.46540275
4 415 1031 1360.71373137
5 416 1032 1364.1391789
4 417 1036 1364.67615308
3 418 1037 1367.39872839
2 419 1040 1371.46540275
3 420 1041 1375.01348179
2 421 1043 1375.1391789
1 422 1046 1398.01348179
2 423 1047 1401.31910004
3 424 1049 1407.38667798
4 425 1051 1407.39715163
5 426 1055 1409.34880841
6 427 1060 1410.61910676
5 428 1066 1415.31910004
4 429 1067 1415.38667798
3 430 1068 1417.34880841
4 431 1069 1418.51643118
3 432 1071 1421.39715163
2 433 1074 1427.39715163
3 434 1075 1432.43117616
2 435 1077 1435.51643118
3 436 1079 1439.0254657
4 437 1083 1447.65040696
5 438 1085 1447.90459822
4 439 1087 1449.43117616
5 440 1093 1455.89307436
4 441 1097 1458.65040696
3 442 1098 1459.0254657
4 443 1101 1465.18314106
3 444 1103 1466.89307436
2 445 1104 1467.90459822
3 446 1105 1469.04294052
4 447 1111 1485.73590813
3 448 1113 1486.04294052
4 449 1116 1491.9376136
3 450 1118 1496.73590813
2 451 1119 1497.18314106
3 452 1120 1499.53655711
4 453 1123 1502.70065269
5 454 1124 1504.42954644
6 455 1128 1509.94874562
5 456 1130 1511.9376136
6 457 1134 1513.99830427
5 458 1140 1520.94874562
4 459 1141 1521.42954644
3 460 1142 1522.53655711
2 461 1143 1522.53655711
3 462 1144 1522.68559717
4 463 1146 1522.7404351
3 464 1154 1530.68559717
2 465 1155 1536.99830427
1 466 1156 1539.7404351
2 467 1157 1589.38463505
3 468 1159 1590.840845
4 469 1161 1592.38118087
3 470 1169 1606.38463505
4 471 1170 1612.45381493
3 472 1174 1618.38118087
2 473 1175 1619.840845
3 474 1176 1623.37194748
2 475 1178 1623.45381493
3 476 1179 1629.54501514
4 477 1185 1630.62740045
5 478 1187 1632.13816818
4 479 1191 1637.54501514
3 480 1192 1641.62740045
2 481 1195 1643.37194748
3 482 1196 1646.448859
4 483 1198 1651.07456839
5 484 1202 1654.71603955
6 485 1204 1654.72211945
5 486 1206 1655.13816818
6 487 1208 1656.6009774
5 488 1209 1660.448859
4 489 1218 1668.71603955
3 490 1219 1671.07456839
2 491 1221 1672.13816818
3 492 1223 1678.14573067
2 493 1225 1680.07456839
3 494 1228 1683.31361285
4 495 1231 1687.30593069
3 496 1234 1692.14573067
2 497 1238 1703.31361285
3 498 1239 1705.51950216
2 499 1241 1706.14573067
3 500 1243 1706.36362399
4 501 1244 1711.37088395
3 502 1247 1722.51950216
4 503 1251 1725.96151903
5 504 1252 1735.22385245
6 505 1253 1735.32176853
5 506 1255 1736.51950216
6 507 1258 1747.48070473
7 508 1259 1752.74810718
8 509 1260 1752.97063459
9 510 1261 1753.2685166
8 511 1262 1756.51950216
9 512 1266 1767.02044929
8 513 1267 1770.51950216
9 514 1269 1778.27862526
10 515 1270 1784.93521303
11 516 1271 1798.01898915
12 517 1272 1802.5489912
13 518 1273 1803.91511124
14 519 1274 1804.87089177
15 520 1275 1808.52475156
16 521 1276 1808.73540836
17 522 1277 1810.34194342
18 523 1278 1812.30981429
19 524 1279 1817.38159018
20 525 1280 1818.61957607
21 526 1281 1822.91486732
22 527 1282 1826.74302124
23 528 1283 1828.16358243
24 529 1284 1828.5598081
25 530 1285 1829.38753634
26 531 1286 1831.10862214
27 532 1287 1834.76723963
28 533 1288 1854.36237934
29 534 1289 1863.38076337
30 535 1290 1869.62099881
31 536 1291 1883.30012681
32 537 1292 1885.08748573
33 538 1293 1888.20871952
34 539 1294 1910.4894038
35 540 1295 1918.49267594
36 541 1296 1918.51299356
37 542 1303 1933.28242985
36 543 1310 1941.51643118
35 544 1311 1944.51643118
34 545 1312 1947.51643118
35 546 1313 1948.39586541
34 547 1314 1950.51643118
35 548 1317 1956.20615764
36 549 1318 1958.26179358
35 550 1319 1961.51643118
36 551 1324 1964.19388938
37 552 1325 1965.68720814
36 553 1331 1975.51643118
35 554 1333 1978.51643118
34 555 1334 1978.51643118
33 556 1335 1978.51643118
34 557 1336 1981.22379611
35 558 1339 1985.70404569
34 559 1343 1989.51643118
35 560 1344 1990.0128458
36 561 1345 1992.08680687
37 562 1346 1995.12459741
36 563 1351 1997.51643118
35 564 1354 2003.51643118
34 565 1355 2003.51643118
35 566 1356 2005.12127195
34 567 1363 2011.51643118
33 568 1368 2017.51643118
34 569 1369 2019.59931762
33 570 1373 2022.51643118
32 571 1374 2022.51643118
33 572 1376 2023.96619288
32 573 1377 2028.51643118
33 574 1378 2028.80288402
34 575 1384 2035.57999387
33 576 1389 2039.51643118
32 577 1390 2039.51643118
31 578 1391 2042.51643118
30 579 1392 2045.51643118
31 580 1393 2046.41242794
32 581 1399 2047.85190532
33 582 1400 2051.15125757
32 583 1401 2053.51643118
31 584 1405 2056.51643118
30 585 1406 2056.51643118
29 586 1407 2056.51643118
30 587 1408 2058.94088471
31 588 1410 2059.5083744
30 589 1420 2070.51643118
29 590 1421 2073.51643118
28 591 1422 2076.51643118
27 592 1423 2076.51643118
28 593 1424 2077.46070626
29 594 1425 2077.6510317
30 595 1426 2086.07031339
31 596 1432 2089.88561081
30 597 1433 2096.51643118
29 598 1434 2096.51643118
28 599 1435 2096.51643118
27 600 1437 2102.51643118
28 601 1440 2111.4411242
27 602 1445 2116.51643118
28 603 1451 2117.92233192
27 604 1456 2121.51643118
26 605 1457 2124.51643118
25 606 1458 2124.51643118
24 607 1459 2124.51643118
25 608 1465 2129.03649498
24 609 1466 2132.51643118
25 610 1467 2135.07636749
24 611 1468 2138.51643118
23 612 1469 2138.51643118
22 613 1473 2147.51643118
23 614 1474 2147.5725064
22 615 1495 2158.51643118
21 616 1497 2159.07456839
20 617 1498 2161.51643118
19 618 1499 2162.07456839
18 619 1500 2162.07456839
19 620 1501 2163.53252036
18 621 1507 2167.51643118
19 622 1512 2172.89009425
18 623 1516 2174.448859
17 624 1517 2174.448859
16 625 1522 2175.51643118
15 626 1523 2177.448859
16 627 1524 2178.22537654
15 628 1529 2178.51643118
16 629 1530 2179.85753827
15 630 1532 2182.448859
14 631 1533 2183.448859
13 632 1535 2185.07456839
12 633 1536 2185.448859
11 634 1539 2188.07456839
12 635 1540 2188.80828908
13 636 1541 2190.51604656
12 637 1542 2191.448859
13 638 1545 2195.64583216
14 639 1546 2196.60651052
15 640 1547 2197.08772121
14 641 1553 2198.51643118
13 642 1557 2202.448859
14 643 1566 2207.5712796
13 644 1569 2208.07456839
12 645 1571 2212.51643118
11 646 1572 2212.51643118
10 647 1573 2213.448859
9 648 1575 2213.448859
8 649 1576 2213.448859
7 650 1581 2216.07456839
6 651 1584 2218.51643118
7 652 1585 2219.81780388
8 653 1587 2220.5078101
7 654 1588 2225.07456839
6 655 1595 2229.51643118
7 656 1596 2229.52644018
6 657 1597 2230.07456839
5 658 1599 2233.448859
4 659 1605 2237.51643118
3 660 1606 2239.07456839
4 661 1607 2239.27569721
3 662 1609 2244.448859
4 663 1612 2246.97912059
5 664 1614 2247.20664577
6 665 1615 2248.42573461
7 666 1616 2248.50385778
6 667 1620 2253.27569721
7 668 1625 2260.55366953
6 669 1626 2263.51643118
7 670 1628 2266.58936306
6 671 1630 2269.97912059
5 672 1631 2270.27569721
6 673 1635 2272.53040693
7 674 1636 2276.58400394
8 675 1641 2278.60131343
7 676 1643 2280.51643118
8 677 1644 2285.52784844
7 678 1646 2286.97912059
8 679 1649 2291.81060448
7 680 1651 2293.27569721
6 681 1655 2297.51643118
7 682 1656 2301.47130131
6 683 1658 2303.97912059
7 684 1659 2306.03793212
6 685 1664 2313.27569721
5 686 1666 2314.51643118
6 687 1668 2316.42072092
7 688 1673 2322.08795662
6 689 1678 2327.27569721
7 690 1679 2328.35099502
6 691 1681 2328.51643118
5 692 1685 2329.97912059
6 693 1686 2331.44460256
7 694 1690 2334.66170698
6 695 1694 2339.51643118
5 696 1696 2343.97912059
4 697 1697 2344.27569721
5 698 1698 2346.21458385
4 699 1700 2347.27569721
5 700 1701 2349.40128146
6 701 1708 2354.37621021
7 702 1709 2357.59988295
8 703 1710 2357.67072385
7 704 1712 2357.97912059
6 705 1714 2359.51643118
5 706 1716 2363.21458385
6 707 1719 2367.481619
5 708 1726 2371.97912059
6 709 1727 2373.6548044
7 710 1728 2375.73333236
6 711 1732 2377.21458385
5 712 1735 2379.51643118
4 713 1736 2379.97912059
5 714 1739 2385.51964788
4 715 1741 2385.97912059
5 716 1742 2388.08586152
4 717 1743 2388.21458385
3 718 1751 2396.51643118
2 719 1752 2399.21458385
3 720 1754 2410.53896974
4 721 1756 2410.88565634
3 722 1758 2411.97912059
4 723 1761 2416.21969367
3 724 1765 2424.53896974
2 725 1766 2424.88565634
3 726 1769 2427.26351869
4 727 1773 2439.09840211
3 728 1775 2439.21969367
2 729 1776 2441.26351869
1 730 1779 2450.09840211
2 731 1780 2453.90663892
3 732 1782 2460.07130041
2 733 1786 2464.90663892
3 734 1789 2469.40584808
4 735 1791 2471.18198478
3 736 1793 2474.07130041
4 737 1798 2481.79697909
5 738 1800 2482.69337743
4 739 1802 2486.40584808
5 740 1805 2490.5258543
6 741 1811 2496.36547071
5 742 1813 2497.18198478
4 743 1814 2498.5258543
3 744 1815 2499.69337743
2 745 1818 2507.79697909
3 746 1819 2508.22669449
4 747 1821 2509.42265028
5 748 1823 2514.80737674
4 749 1827 2517.18198478
3 750 1832 2522.80737674
2 751 1833 2528.22669449
1 752 1834 2529.42265028
2 753 1835 2534.4948864
3 754 1838 2535.15214649
4 755 1842 2539.19495503
5 756 1844 2543.4477323
6 757 1846 2544.0344011
7 758 1848 2544.53462951
8 759 1849 2545.45049869
7 760 1850 2545.4948864
8 761 1851 2548.37437077
7 762 1853 2548.4948864
8 763 1860 2555.02242328
7 764 1864 2558.0344011
6 765 1866 2559.19495503
5 766 1868 2559.4948864
4 767 1871 2563.4477323
3 768 1875 2567.19495503
4 769 1877 2572.40341407
3 770 1881 2575.0344011
4 771 1882 2575.7674439
5 772 1884 2578.78969988
4 773 1888 2582.4948864
3 774 1891 2586.7674439
2 775 1892 2589.40341407
3 776 1895 2606.19952676
2 777 1899 2608.4948864
1 778 1900 2614.19952676
2 779 1901 2626.30044018
3 780 1904 2629.11300542
4 781 1908 2636.12905873
3 782 1910 2637.30044018
2 783 1911 2640.30044018
1 784 1915 2653.12905873
2 785 1916 2655.07983313
3 786 1918 2662.23094694
4 787 1922 2669.17544984
5 788 1926 2675.60612045
4 789 1930 2676.23094694
5 790 1931 2679.51811238
4 791 1933 2680.17544984
5 792 1936 2681.21154821
4 793 1940 2684.07983313
3 794 1943 2686.60612045
4 795 1944 2688.48855317
5 796 1947 2690.34978948
4 797 1948 2690.51811238
3 798 1951 2695.21154821
4 799 1952 2695.28797095
5 800 1956 2698.61762868
6 801 1958 2698.90285889
5 802 1960 2701.34978948
6 803 1964 2703.36030381
7 804 1965 2704.16758834
6 805 1970 2706.28797095
5 806 1973 2708.48855317
4 807 1974 2712.34978948
3 808 1977 2715.61762868
4 809 1978 2716.19998603
3 810 1980 2718.61762868
4 811 1981 2719.11292034
3 812 1985 2723.28797095
2 813 1988 2733.11292034
3 814 1989 2733.33392381
2 815 1991 2736.19998603
1 816 1994 2741.33392381
2 817 1995 2742.40272329
3 818 1997 2745.80774638
4 819 1999 2749.38023955
5 820 2001 2749.38369798
4 821 2009 2756.40272329
5 822 2010 2756.87826842
4 823 2014 2760.38023955
3 824 2015 2760.38369798
4 825 2016 2761.41861684
3 826 2018 2762.80774638
4 827 2019 2764.55810455
5 828 2027 2771.83952542
4 829 2029 2773.87826842
3 830 2030 2778.55810455
2 831 2031 2781.41861684
1 832 2034 2794.83952542
2 833 2035 2798.10813124
3 834 2039 2807.66647988
4 835 2043 2810.19287933
3 836 2045 2812.10813124
4 837 2048 2817.57802706
5 838 2050 2818.06361814
6 839 2052 2818.15951203
5 840 2053 2818.66647988
4 841 2061 2830.19287933
5 842 2062 2830.32548434
4 843 2064 2831.57802706
3 844 2065 2832.66647988
4 845 2066 2833.94851835
5 846 2068 2834.7008629
4 847 2070 2835.06361814
5 848 2071 2835.85793404
6 849 2077 2844.35273742
7 850 2080 2844.70526617
8 851 2083 2848.82042873
9 852 2084 2850.37387552
10 853 2085 2850.77649887
11 854 2086 2852.58040975
12 855 2087 2853.52698617
11 856 2089 2853.94851835
10 857 2091 2854.7008629
9 858 2093 2855.85793404
8 859 2095 2856.32548434
9 860 2096 2856.81207996
10 861 2103 2867.77802506
11 862 2104 2867.9670769
10 863 2107 2870.94851835
11 864 2109 2874.27122594
10 865 2112 2874.7008629
9 866 2113 2875.85793404
8 867 2115 2879.32548434
9 868 2117 2883.3123253
10 869 2123 2886.86550438
9 870 2128 2890.94851835
8 871 2129 2891.7008629
9 872 2130 2891.97006096
8 873 2133 2894.7008629
9 874 2135 2898.95154273
8 875 2140 2901.85793404
7 876 2141 2902.32548434
8 877 2144 2902.70211799
7 878 2148 2905.7008629
6 879 2149 2907.94851835
7 880 2153 2909.68932162
6 881 2155 2913.32548434
5 882 2158 2913.94851835
6 883 2159 2914.19495003
7 884 2162 2914.41360692
6 885 2166 2916.32548434
5 886 2167 2918.85793404
6 887 2168 2921.42326145
5 888 2170 2921.85793404
6 889 2171 2923.86406277
5 890 2176 2926.68932162
6 891 2177 2927.89079565
7 892 2181 2931.1731947
6 893 2182 2932.42326145
5 894 2184 2934.19495003
4 895 2185 2934.19495003
5 896 2190 2938.49320894
4 897 2192 2940.86406277
5 898 2193 2943.71086406
4 899 2197 2946.42326145
3 900 2200 2949.49320894
2 901 2203 2960.71086406
1 902 2204 2962.89079565
2 903 2205 2966.83230059
1 904 2209 2980.83230059
2 905 2210 2988.99599539
3 906 2212 2989.35862609
4 907 2217 2993.77537585
3 908 2221 2997.35862609
4 909 2222 2998.02763865
5 910 2224 3001.44712959
4 911 2226 3002.99599539
5 912 2227 3003.13197273
4 913 2231 3008.99599539
3 914 2234 3012.02763865
4 915 2237 3019.33608399
3 916 2239 3020.13197273
4 917 2241 3021.60212931
3 918 2242 3024.44712959
2 919 2246 3036.33608399
3 920 2247 3037.90634862
4 921 2250 3042.33753187
5 922 2253 3043.64912148
6 923 2254 3044.50024597
7 924 2256 3044.53482147
6 925 2258 3045.33608399
7 926 2259 3049.30733187
8 927 2264 3049.5998285
7 928 2275 3057.90634862
6 929 2276 3058.50024597
5 930 2277 3059.33753187
4 931 2278 3060.30733187
3 932 2280 3061.50024597
2 933 2281 3063.90634862
3 934 2282 3068.98077356
2 935 2284 3070.53482147
3 936 2286 3072.73555458
4 937 2290 3080.23136732
3 938 2292 3082.98077356
4 939 2293 3085.0152253
3 940 2301 3098.73555458
2 941 2302 3100.23136732
1 942 2303 3111.0152253
2 943 2304 3118.68588725
3 944 2306 3124.88320705
4 945 2310 3127.43946031
3 946 2312 3129.68588725
4 947 2317 3144.11747868
3 948 2319 3144.88320705
2 949 2320 3147.43946031
3 950 2322 3148.70452716
4 951 2327 3155.83395086
3 952 2331 3164.11747868
2 953 2332 3165.70452716
3 954 2335 3171.4010659
4 955 2337 3171.43027086
5 956 2339 3172.14687825
4 957 2340 3172.83395086
5 958 2348 3183.61551272
4 959 2349 3183.83395086
3 960 2351 3185.4010659
4 961 2353 3187.77680986
3 962 2354 3188.43027086
4 963 2358 3194.07731253
5 964 2361 3195.32458342
4 965 2362 3197.83395086
3 966 2363 3197.83395086
4 967 2364 3206.88472823
3 968 2371 3211.07731253
4 969 2372 3213.49892476
3 970 2374 3214.07731253
4 971 2375 3216.48032602
3 972 2379 3220.88472823
4 973 2380 3221.2279744
5 974 2386 3224.59082441
4 975 2387 3226.2279744
3 976 2389 3227.49892476
4 977 2390 3230.27025107
3 978 2392 3236.48032602
4 979 2395 3238.8110066
5 980 2399 3242.02204959
6 981 2400 3245.56076615
7 982 2401 3246.75205002
6 983 2404 3250.27025107
5 984 2407 3252.2279744
4 985 2410 3255.8110066
5 986 2412 3255.91354156
6 987 2413 3256.25251011
7 988 2414 3257.37206404
8 989 2418 3259.869292
7 990 2420 3261.27025107
8 991 2422 3262.95433329
7 992 2423 3263.2279744
6 993 2430 3272.8110066
7 994 2432 3274.85795485
8 995 2433 3276.48903628
7 996 2440 3280.2279744
8 997 2441 3282.84770269
7 998 2442 3283.8110066
6 999 2447 3284.27025107
5 1000 2448 3284.8110066
4 1001 2449 3287.27025107
3 1002 2454 3297.2279744
4 1003 2455 3298.02699643
3 1004 2457 3300.8110066
2 1005 2458 3301.27025107
3 1006 2461 3314.65767622
2 1007 2463 3315.02699643
3 1008 2464 3320.93258251
4 1009 2466 3321.27315704
3 1010 2474 3331.93258251
2 1011 2475 3334.65767622
1 1012 2476 3338.27315704
2 1013 2477 3348.68953122
3 1014 2479 3350.39497222
4 1015 2481 3350.60410404
5 1016 2487 3355.32564953
6 1017 2488 3355.9890748
7 1018 2491 3360.20402157
6 1019 2492 3361.39497222
5 1020 2494 3362.68953122
4 1021 2497 3364.60410404
5 1022 2499 3367.02612143
6 1023 2502 3375.24966449
5 1024 2508 3381.39497222
6 1025 2510 3381.77162169
5 1026 2512 3382.68953122
4 1027 2513 3384.60410404
5 1028 2514 3387.04426155
6 1029 2516 3387.15097783
5 1030 2517 3390.60410404
6 1031 2520 3392.93008467
7 1032 2521 3393.2788506
8 1033 2526 3397.93822893
7 1034 2529 3398.39497222
6 1035 2531 3404.04426155
7 1036 2532 3405.1358765
6 1037 2536 3408.68953122
7 1038 2541 3412.22205168
6 1039 2542 3412.39497222
7 1040 2543 3415.08561217
6 1041 2545 3416.68953122
5 1042 2549 3418.39497222
6 1043 2551 3418.49325544
5 1044 2552 3421.04426155
6 1045 2555 3421.55140804
7 1046 2558 3422.91562212
6 1047 2559 3424.04426155
7 1048 2560 3424.69431813
8 1049 2563 3433.19892367
7 1050 2568 3435.04426155
6 1051 2569 3435.39497222
5 1052 2574 3436.68953122
4 1053 2577 3441.04426155
3 1054 2580 3446.04426155
2 1055 2581 3446.39497222
1 1056 2582 3447.68953122
2 1057 2583 3455.8871111
3 1058 2585 3458.83823979
2 1059 2591 3463.83823979
1 1060 2592 3466.8871111
2 1061 2593 3467.69349948
3 1062 2597 3478.34020537
4 1063 2600 3481.77372951
5 1064 2601 3484.46936281
4 1065 2603 3484.69349948
5 1066 2607 3485.86281605
4 1067 2613 3492.34020537
3 1068 2614 3496.86281605
2 1069 2615 3498.34020537
1 1070 2616 3498.46936281
2 1071 2617 3504.42012751
3 1072 2619 3510.14104444
4 1073 2621 3511.39761112
5 1074 2625 3512.61504626
4 1075 2630 3515.42012751
5 1076 2632 3518.0093148
4 1077 2633 3518.14104444
5 1078 2635 3525.14172891
4 1079 2636 3525.39761112
5 1080 2640 3529.65039569
4 1081 2646 3541.42012751
3 1082 2648 3545.39761112
4 1083 2649 3546.71640445
3 1084 2651 3550.14104444
2 1085 2656 3560.71640445
1 1086 2657 3567.42012751
2 1087 2658 3567.70183995
3 1088 2661 3579.05712371
2 1089 2665 3584.70183995
3 1090 2667 3586.85138271
2 1091 2670 3593.70183995
3 1092 2673 3595.21023683
4 1093 2675 3595.88535472
5 1094 2678 3595.95006691
4 1095 2679 3597.85138271
5 1096 2680 3601.29408058
6 1097 2682 3601.90879934
7 1098 2688 3605.34893612
8 1099 2689 3607.39105618
7 1100 2691 3609.88535472
6 1101 2692 3612.21023683
7 1102 2694 3613.79603393
6 1103 2695 3618.21023683
7 1104 2700 3622.14233355
8 1105 2701 3622.43466238
7 1106 2703 3626.88535472
8 1107 2704 3627.66132975
7 1108 2710 3630.29408058
8 1109 2711 3630.4203895
9 1110 2713 3631.04427532
10 1111 2716 3634.10735084
11 1112 2717 3634.14080415
10 1113 2721 3638.21023683
11 1114 2723 3642.40480197
10 1115 2725 3643.88535472
11 1116 2726 3644.53324694
12 1117 2733 3646.42459077
11 1118 2736 3647.29408058
10 1119 2737 3649.43946031
11 1120 2741 3652.55649317
10 1121 2742 3655.21023683
9 1122 2743 3655.21023683
8 1123 2746 3655.43946031
7 1124 2750 3661.29408058
6 1125 2751 3661.29408058
7 1126 2758 3669.99259883
6 1127 2760 3672.29408058
5 1128 2762 3672.88535472
4 1129 2763 3675.21023683
5 1130 2764 3677.65003465
4 1131 2766 3678.43946031
5 1132 2771 3680.76537489
4 1133 2775 3686.88535472
5 1134 2777 3688.43223932
4 1135 2778 3688.76537489
3 1136 2782 3697.65003465
2 1137 2783 3698.29408058
1 1138 2785 3703.65003465
2 1139 2786 3704.48478924
3 1140 2788 3704.78502773
4 1141 2793 3709.76945628
5 1142 2797 3718.1790167
4 1143 2799 3718.78502773
3 1144 2802 3721.48478924
4 1145 2803 3722.67046496
3 1146 2805 3723.76945628
2 1147 2810 3733.67046496
3 1148 2811 3735.65539994
2 1149 2813 3735.78502773
3 1150 2814 3736.02315687
4 1151 2818 3743.24645618
5 1152 2822 3749.1925761
4 1153 2824 3749.65539994
3 1154 2825 3750.02315687
4 1155 2828 3757.21710736
5 1156 2830 3758.13479165
6 1157 2833 3760.76388726
7 1158 2834 3760.82533703
6 1159 2836 3763.24645618
7 1160 2839 3764.73958657
6 1161 2841 3766.65539994
7 1162 2844 3767.95728172
6 1163 2848 3774.24645618
7 1164 2849 3776.94274196
8 1165 2850 3777.33822218
7 1166 2855 3780.21710736
8 1167 2856 3780.260698
7 1168 2862 3782.24645618
8 1169 2863 3783.30471816
7 1170 2865 3783.65539994
6 1171 2866 3788.21710736
5 1172 2868 3788.21710736
6 1173 2869 3791.39083544
7 1174 2875 3796.78645783
8 1175 2876 3798.06031956
9 1176 2877 3798.65791036
10 1177 2880 3799.76581802
9 1178 2882 3802.21710736
8 1179 2884 3802.24645618
7 1180 2885 3802.24645618
8 1181 2886 3805.42922199
7 1182 2891 3809.65539994
8 1183 2892 3809.82090758
7 1184 2893 3816.21710736
6 1185 2902 3820.65539994
7 1186 2903 3824.43948702
6 1187 2905 3825.24645618
5 1188 2907 3826.65539994
6 1189 2910 3831.9645302
7 1190 2911 3835.52009749
8 1191 2912 3835.91810236
7 1192 2914 3836.21710736
6 1193 2916 3836.24645618
7 1194 2917 3838.52638165
8 1195 2924 3846.25811669
9 1196 2925 3850.62354703
8 1197 2928 3852.65539994
7 1198 2929 3853.24645618
6 1199 2932 3856.21710736
7 1200 2933 3857.19721394
8 1201 2934 3860.19158994
9 1202 2935 3863.02490958
8 1203 2944 3870.24645618
7 1204 2945 3872.65539994
8 1205 2946 3874.1869198
7 1206 2947 3876.21710736
8 1207 2949 3877.18513858
7 1208 2951 3878.65539994
8 1209 2955 3881.94456036
7 1210 2959 3884.24645618
6 1211 2963 3887.21710736
5 1212 2967 3892.65539994
4 1213 2968 3895.65539994
5 1214 2972 3899.05346207
4 1215 2973 3901.21710736
5 1216 2975 3901.98821339
6 1217 2978 3903.95627686
5 1218 2980 3904.24645618
4 1219 2985 3912.21710736
3 1220 2987 3918.24645618
2 1221 2988 3918.65539994
3 1222 2990 3918.81169721
4 1223 2994 3923.98128771
3 1224 2996 3926.21710736
4 1225 2997 3927.74993574
3 1226 2999 3929.21710736
4 1227 3002 3932.588681
5 1228 3005 3933.59390246
6 1229 3006 3939.08197136
7 1230 3010 3939.85863323
8 1231 3013 3945.68379022
7 1232 3014 3946.588681
6 1233 3016 3946.98128771
5 1234 3018 3947.74993574
4 1235 3020 3949.588681
5 1236 3023 3952.55440811
6 1237 3024 3957.38033341
5 1238 3026 3958.74993574
6 1239 3030 3962.09627822
7 1240 3034 3963.16494638
6 1241 3037 3966.98128771
5 1242 3042 3969.588681
4 1243 3043 3971.98128771
3 1244 3044 3972.74993574
2 1245 3045 3972.98128771
3 1246 3046 3978.2919164
4 1247 3050 3980.15428717
5 1248 3054 3987.72280331
4 1249 3056 3992.588681
3 1250 3059 3997.15428717
4 1251 3060 3997.48113435
3 1252 3064 4007.2919164
2 1253 3068 4015.588681
1 1254 3070 4023.48113435
2 1255 3071 4029.66981924
3 1256 3073 4031.81111045
4 1257 3079 4039.40212586
3 1258 3081 4043.66981924
2 1259 3084 4051.81111045
1 1260 3085 4057.66981924
2 1261 3086 4064.11073072
3 1262 3088 4067.45383656
4 1263 3095 4072.72146642
5 1264 3097 4075.04025786
4 1265 3098 4078.45383656
3 1266 3100 4081.11073072
4 1267 3105 4089.6652961
3 1268 3107 4092.45383656
2 1269 3108 4092.72146642
3 1270 3109 4094.33514415
2 1271 3113 4100.6652961
3 1272 3114 4103.6224372
4 1273 3120 4111.65818731
3 1274 3122 4117.33514415
2 1275 3123 4117.6224372
3 1276 3125 4118.08595713
4 1277 3129 4125.21499284
5 1278 3131 4130.8113103
4 1279 3135 4137.65818731
3 1280 3136 4140.65818731
2 1281 3139 4142.21499284
3 1282 3140 4143.49517995
2 1283 3142 4147.8113103
3 1284 3143 4155.47315579
4 1285 3147 4161.62802194
3 1286 3151 4169.47315579
2 1287 3152 4172.49517995
3 1288 3155 4182.14987211
4 1289 3157 4184.44259369
3 1290 3159 4184.62802194
4 1291 3160 4189.53585998
5 1292 3164 4193.13674426
4 1293 3170 4200.53585998
5 1294 3171 4201.15664707
4 1295 3173 4201.44259369
5 1296 3177 4207.66940101
4 1297 3179 4208.14987211
3 1298 3182 4211.53585998
2 1299 3183 4215.44259369
3 1300 3184 4219.04875949
4 1301 3190 4228.54162826
5 1302 3192 4236.16650848
4 1303 3194 4236.66940101
5 1304 3195 4238.2366845
4 1305 3197 4239.04875949
5 1306 3198 4241.60871596
6 1307 3206 4246.31633837
5 1308 3207 4249.2366845
4 1309 3209 4251.54162826
3 1310 3212 4256.16650848
4 1311 3213 4257.58477968
3 1312 3215 4258.60871596
4 1313 3219 4261.27798118
5 1314 3220 4261.74388784
6 1315 3222 4261.8813882
7 1316 3226 4265.36521757
6 1317 3229 4266.2366845
5 1318 3234 4269.8813882
6 1319 3235 4272.18591065
5 1320 3237 4275.74388784
6 1321 3238 4275.97600319
7 1322 3240 4276.80608245
6 1323 3241 4277.58477968
5 1324 3243 4277.58477968
6 1325 3246 4280.66445803
5 1326 3251 4286.18591065
4 1327 3253 4289.2366845
3 1328 3254 4291.58477968
4 1329 3259 4296.74661855
3 1330 3263 4301.97600319
2 1331 3264 4306.18591065
3 1332 3265 4307.36253437
2 1333 3267 4310.74661855
3 1334 3268 4313.48946817
2 1335 3274 4330.36253437
1 1336 3275 4330.48946817
2 1337 3276 4331.61586373
3 1338 3280 4337.68962357
4 1339 3282 4339.7818148
3 1340 3284 4348.61586373
4 1341 3289 4353.71657785
3 1342 3291 4359.7818148
2 1343 3292 4360.68962357
3 1344 3295 4369.86786285
4 1345 3298 4373.74613592
3 1346 3302 4376.71657785
2 1347 3303 4380.86786285
1 1348 3304 4383.86786285
2 1349 3305 4391.50040974
3 1350 3307 4395.34172525
4 1351 3313 4406.78027176
3 1352 3315 4408.50040974
2 1353 3316 4409.34172525
3 1354 3319 4417.72187337
4 1355 3321 4418.59053515
5 1356 3323 4426.6299495
4 1357 3327 4429.78027176
5 1358 3328 4429.90203443
4 1359 3334 4434.72187337
5 1360 3335 4440.70176468
4 1361 3339 4443.6299495
3 1362 3340 4447.59053515
2 1363 3343 4452.90203443
3 1364 3344 4454.16834991
2 1365 3348 4457.70176468
1 1366 3349 4468.16834991
2 1367 3350 4470.52346402
3 1368 3352 4477.40961287
4 1369 3356 4481.65374761
3 1370 3358 4484.52346402
4 1371 3359 4487.53891977
5 1372 3365 4491.77096371
6 1373 3371 4496.05326569
5 1374 3374 4498.65374761
4 1375 3376 4499.77096371
3 1376 3377 4500.40961287
2 1377 3380 4509.65374761
1 1378 3381 4513.53891977
2 1379 3382 4520.47042719
3 1380 3386 4528.38446181
2 1381 3388 4528.47042719
3 1382 3391 4537.82723584
4 1383 3393 4538.49518574
3 1384 3397 4545.38446181
4 1385 3400 4547.6119317
3 1386 3402 4549.49518574
4 1387 3403 4550.56920686
5 1388 3407 4557.68342586
4 1389 3409 4557.82723584
3 1390 3412 4561.6119317
4 1391 3413 4566.37919586
3 1392 3415 4567.56920686
2 1393 3418 4571.68342586
3 1394 3420 4577.84992559
4 1395 3424 4581.40179051
3 1396 3426 4583.37919586
4 1397 3427 4587.42904308
3 1398 3431 4592.37919586
2 1399 3434 4595.40179051
1 1400 3435 4604.42904308
2 1401 3436 4614.01699342
3 1402 3438 4616.13144121
4 1403 3442 4623.42693622
3 1404 3446 4634.01699342
2 1405 3448 4636.13144121
3 1406 3449 4637.41953854
2 1407 3456 4651.41953854
1 1408 3457 4658.42693622
2 1409 3458 4659.27976092
3 1410 3460 4664.75875832
4 1411 3462 4665.25472956
5 1412 3464 4666.86582646
6 1413 3465 4668.83921986
5 1414 3471 4676.27976092
4 1415 3473 4679.25472956
5 1416 3476 4681.73939979
6 1417 3481 4683.63682365
7 1418 3482 4684.30597479
6 1419 3484 4687.25472956
7 1420 3485 4688.56798838
6 1421 3487 4690.27976092
7 1422 3489 4691.52492422
8 1423 3490 4692.28106099
7 1424 3491 4693.75875832
8 1425 3503 4699.48171413
9 1426 3504 4701.20868528
8 1427 3505 4701.25472956
7 1428 3507 4704.27976092
6 1429 3510 4707.25472956
5 1430 3511 4707.75875832
6 1431 3517 4713.2703819
7 1432 3522 4718.25822625
6 1433 3523 4718.27976092
5 1434 3526 4726.85488393
6 1435 3529 4728.58851567
5 1436 3530 4730.25472956
6 1437 3531 4733.22907588
5 1438 3534 4733.25472956
6 1439 3535 4733.76201435
7 1440 3536 4734.41256774
8 1441 3537 4735.85461509
7 1442 3539 4738.27976092
8 1443 3540 4741.79995848
7 1444 3549 4749.27976092
6 1445 3551 4750.25472956
5 1446 3552 4753.25472956
6 1447 3555 4756.97261474
7 1448 3557 4758.36606733
6 1449 3562 4761.25472956
5 1450 3563 4761.85488393
4 1451 3567 4766.85488393
3 1452 3568 4767.25472956
2 1453 3569 4769.27976092
3 1454 3570 4776.78264411
4 1455 3574 4778.38586823
3 1456 3576 4781.25472956
4 1457 3579 4786.86955329
5 1458 3581 4788.32813037
4 1459 3585 4795.38586823
3 1460 3588 4799.78264411
2 1461 3591 4809.38586823
1 1462 3592 4809.86955329
2 1463 3593 4815.44598924
3 1464 3595 4819.23634547
4 1465 3597 4823.77680425
5 1466 3601 4828.62075261
4 1467 3604 4829.44598924
5 1468 3606 4832.95055633
4 1469 3612 4839.23634547
3 1470 3615 4846.44598924
2 1471 3616 4846.77680425
1 1472 3617 4847.23634547
2 1473 3618 4849.7546556
3 1474 3620 4854.29503378
4 1475 3624 4857.85315936
3 1476 3628 4862.29503378
2 1477 3629 4863.7546556
3 1478 3632 4869.79438525
4 1479 3634 4870.7455884
3 1480 3636 4871.85315936
4 1481 3641 4874.88794241
5 1482 3643 4875.1519166
6 1483 3644 4877.60104521
5 1484 3645 4883.79438525
4 1485 3648 4884.7455884
3 1486 3655 4891.88794241
2 1487 3656 4894.79438525
3 1488 3657 4898.23593614
2 1489 3659 4898.7455884
3 1490 3660 4902.05996764
4 1491 3664 4904.93678735
5 1492 3666 4905.42356837
4 1493 3667 4909.23593614
5 1494 3673 4915.88880111
6 1495 3674 4917.48099277
5 1496 3676 4918.93678735
4 1497 3682 4928.05996764
3 1498 3683 4929.23593614
4 1499 3684 4933.9743118
5 1500 3688 4938.87182639
4 1501 3689 4941.93678735
5 1502 3691 4942.60388614
6 1503 3693 4943.12389345
7 1504 3694 4943.87417212
6 1505 3699 4948.05996764
7 1506 3700 4948.87681315
8 1507 3701 4952.26777459
9 1508 3703 4953.5271989
8 1509 3706 4953.9743118
7 1510 3707 4953.9743118
8 1511 3708 4954.28873603
7 1512 3714 4959.05996764
6 1513 3716 4959.05996764
7 1514 3719 4963.70791948
6 1515 3722 4967.05996764
5 1516 3723 4967.93678735
6 1517 3727 4970.0613141
5 1518 3729 4970.9743118
6 1519 3735 4980.0550811
5 1520 3739 4981.05996764
4 1521 3740 4981.0613141
5 1522 3741 4981.92920022
4 1523 3743 4984.05996764
3 1524 3744 4985.9743118
2 1525 3745 4988.0550811
1 1526 3748 4995.92920022
2 1527 3749 5006.97647495
3 1528 3751 5007.87256468
4 1529 3753 5007.954284
3 1530 3759 5015.954284
4 1531 3760 5017.20081888
5 1532 3762 5017.5926095
4 1533 3766 5017.97647495
5 1534 3767 5024.18584531
4 1535 3773 5030.87256468
5 1536 3776 5033.10996696
4 1537 3778 5034.20081888
3 1538 3781 5037.97647495
2 1539 3782 5038.87256468
3 1540 3783 5039.72845563
4 1541 3787 5042.82243428
3 1542 3789 5044.72845563
2 1543 3790 5048.20081888
1 1544 3793 5062.82243428
2 1545 3794 5065.87718098
3 1546 3796 5072.56093765
4 1547 3798 5072.85013532
5 1548 3801 5072.99013581
6 1549 3803 5078.31794158
5 1550 3812 5085.87718098
6 1551 3813 5087.69259975
7 1552 3815 5088.69614672
6 1553 3816 5089.56093765
5 1554 3817 5092.56093765
4 1555 3819 5092.85013532
3 1556 3820 5098.56093765
2 1557 3825 5107.69259975
3 1558 3826 5107.94560663
2 1559 3828 5109.56093765
1 1560 3833 5127.94560663
2 1561 3834 5130.74214163
3 1562 3838 5135.09782151
2 1563 3840 5141.74214163
3 1564 3843 5148.61057242
4 1565 3845 5151.78511114
5 1566 3849 5157.14766417
6 1567 3851 5157.1825103
5 1568 3853 5158.09782151
6 1569 3854 5158.55203487
7 1570 3857 5159.22931188
6 1571 3859 5162.61057242
5 1572 3864 5172.09782151
4 1573 3867 5174.78511114
5 1574 3868 5175.06060406
4 1575 3870 5176.61057242
3 1576 3871 5180.78511114
4 1577 3872 5181.94603189
3 1578 3882 5192.09782151
4 1579 3884 5193.51281857
5 1580 3885 5195.30060856
6 1581 3886 5196.80007705
5 1582 3888 5198.06060406
6 1583 3890 5198.6430684
5 1584 3893 5201.94603189
6 1585 3897 5209.68246383
5 1586 3899 5209.94603189
4 1587 3904 5212.94603189
3 1588 3905 5214.94603189
4 1589 3907 5217.54642014
5 1590 3908 5217.93684929
6 1591 3909 5221.41125424
5 1592 3913 5227.06060406
6 1593 3914 5227.11639123
7 1594 3915 5229.48348517
8 1595 3916 5231.86115888
7 1596 3919 5234.94603189
6 1597 3925 5245.94603189
5 1598 3928 5248.94603189
6 1599 3930 5249.1711767
7 1600 3931 5249.3301014
6 1601 3937 5253.06060406
5 1602 3939 5256.94603189
4 1603 3940 5256.94603189
3 1604 3943 5265.94603189
2 1605 3946 5273.06060406
3 1606 3948 5273.47655129
2 1607 3950 5273.94603189
3 1608 3952 5279.28154838
4 1609 3953 5282.82099791
5 1610 3955 5284.72229459
6 1611 3959 5288.27954675
5 1612 3960 5290.94603189
6 1613 3963 5293.5320962
7 1614 3965 5293.80112489
8 1615 3970 5298.32576983
7 1616 3971 5299.94603189
8 1617 3972 5301.18287201
7 1618 3973 5304.94603189
6 1619 3974 5304.94603189
5 1620 3977 5310.94603189
6 1621 3978 5312.95300106
5 1622 3985 5324.94603189
4 1623 3988 5330.94603189
3 1624 3990 5341.82837014
4 1625 3992 5342.35329768
5 1626 3993 5343.72719463
6 1627 3994 5343.95699913
7 1628 3999 5351.85230851
6 1629 4000 5352.82837014
7 1630 4002 5354.42849978
8 1631 4003 5354.54356949
9 1632 4004 5355.94400599
8 1633 4006 5356.94603189
9 1634 4007 5357.09710821
10 1635 4008 5359.87207264
11 1636 4011 5364.35234889
10 1637 4013 5364.94603189
11 1638 4016 5369.11286416
10 1639 4019 5369.82837014
11 1640 4020 5371.22321223
12 1641 4023 5372.39331837
13 1642 4024 5373.92208665
12 1643 4028 5375.94603189
11 1644 4040 5386.94603189
12 1645 4041 5387.72227289
13 1646 4045 5390.12306511
12 1647 4048 5392.82837014
11 1648 4049 5392.82837014
10 1649 4050 5394.09612916
11 1650 4051 5395.07625293
10 1651 4052 5395.94603189
11 1652 4053 5398.33253094
10 1653 4057 5398.94603189
9 1654 4060 5400.09612916
10 1655 4061 5402.22239488
11 1656 4066 5403.83171208
10 1657 4072 5409.82837014
9 1658 4074 5409.94603189
8 1659 4075 5412.94603189
9 1660 4076 5412.97314643
10 1661 4085 5414.56633099
9 1662 4086 5415.82837014
8 1663 4087 5415.94603189
7 1664 4089 5417.82837014
6 1665 4090 5420.09612916
5 1666 4091 5420.09612916
4 1667 4093 5420.94603189
5 1668 4098 5428.68680948
4 1669 4099 5428.82837014
3 1670 4101 5429.09612916
4 1671 4102 5431.29712008
5 1672 4104 5432.28047536
6 1673 4105 5434.41229034
5 1674 4106 5434.94603189
6 1675 4108 5437.80490448
7 1676 4113 5445.23887445
6 1677 4118 5448.29712008
7 1678 4122 5451.32868477
6 1679 4123 5453.29712008
5 1680 4125 5454.82837014
6 1681 4126 5456.13273964
5 1682 4127 5456.29712008
4 1683 4130 5457.94603189
3 1684 4137 5465.82837014
4 1685 4138 5465.83864631
5 1686 4140 5467.527656
6 1687 4141 5467.77582025
7 1688 4142 5468.73964854
6 1689 4144 5470.29712008
5 1690 4145 5474.94603189
6 1691 4153 5485.16377216
5 1692 4155 5485.94603189
4 1693 4157 5490.29712008
3 1694 4158 5491.83864631
4 1695 4159 5491.95915799
5 1696 4163 5495.98105649
4 1697 4164 5499.94603189
5 1698 4169 5504.90754742
6 1699 4175 5506.37042006
7 1700 4176 5513.35069898
6 1701 4177 5514.95915799
5 1702 4179 5516.29712008
6 1703 4181 5516.38515359
5 1704 4182 5516.94603189
4 1705 4186 5519.29712008
5 1706 4187 5520.46498131
6 1707 4188 5521.32831101
5 1708 4193 5525.95915799
4 1709 4194 5530.29712008
3 1710 4200 5539.95915799
4 1711 4201 5540.75698943
5 1712 4203 5541.04663815
6 1713 4205 5541.78465811
7 1714 4206 5541.83562064
8 1715 4208 5544.77263613
7 1716 4210 5545.94603189
6 1717 4211 5545.95915799
5 1718 4217 5554.75698943
4 1719 4221 5559.94603189
3 1720 4223 5561.04663815
4 1721 4224 5561.617679
3 1722 4228 5564.04663815
2 1723 4232 5571.75698943
3 1724 4233 5573.47528492
2 1725 4235 5578.04663815
3 1726 4236 5579.91818637
4 1727 4238 5581.25990324
5 1728 4240 5582.10035119
6 1729 4245 5585.51322925
7 1730 4249 5587.52907983
6 1731 4250 5590.47528492
5 1732 4253 5590.91818637
4 1733 4254 5590.91818637
3 1734 4255 5599.47528492
2 1735 4259 5604.47528492
3 1736 4260 5605.92901182
2 1737 4264 5607.47528492
1 1738 4265 5610.92901182
2 1739 4266 5611.08694144
1 1740 4270 5619.08694144
2 1741 4271 5626.2538564
3 1742 4275 5634.12526418
2 1743 4279 5640.2538564
3 1744 4280 5646.12579195
4 1745 4282 5646.47963844
3 1746 4283 5648.12526418
4 1747 4285 5652.53104793
5 1748 4288 5658.4082895
6 1749 4289 5659.88973305
7 1750 4290 5660.18454918
6 1751 4295 5663.12579195
7 1752 4296 5665.01250513
6 1753 4301 5671.12526418
5 1754 4304 5679.12526418
4 1755 4306 5680.12579195
3 1756 4308 5683.12579195
4 1757 4311 5692.59788925
5 1758 4314 5694.25231182
6 1759 4317 5698.05143895
5 1760 4319 5700.12579195
4 1761 4321 5705.12526418
3 1762 4326 5719.12526418
2 1763 4330 5723.12579195
3 1764 4331 5724.2464226
4 1765 4333 5724.78993613
5 1766 4334 5730.4832325
6 1767 4337 5736.7992643
5 1768 4340 5739.12526418
6 1769 4341 5739.82558187
5 1770 4342 5741.2464226
6 1771 4344 5744.08896436
7 1772 4347 5745.3724322
6 1773 4353 5755.2464226
5 1774 4355 5759.12526418
4 1775 4356 5759.12526418
3 1776 4364 5769.2464226
2 1777 4365 5776.12526418
3 1778 4366 5781.91858547
2 1779 4368 5782.12526418
3 1780 4371 5794.09382605
4 1781 4373 5795.57122642
3 1782 4374 5795.91858547
2 1783 4380 5809.91858547
3 1784 4381 5811.71866906
2 1785 4383 5817.09382605
3 1786 4384 5817.4369934
4 1787 4387 5820.87621516
3 1788 4393 5831.4369934
4 1789 4394 5835.60818359
3 1790 4395 5837.4369934
2 1791 4397 5837.71866906
3 1792 4398 5840.22016262
4 1793 4400 5841.17581769
5 1794 4401 5842.24492494
4 1795 4407 5851.22016262
5 1796 4408 5854.29397643
6 1797 4411 5856.47670684
5 1798 4413 5859.22016262
4 1799 4415 5863.4369934
3 1800 4421 5877.4369934
4 1801 4423 5877.87924569
5 1802 4424 5878.35409738
4 1803 4425 5882.22016262
3 1804 4432 5891.4369934
2 1805 4433 5891.4369934
3 1806 4436 5896.95378357
4 1807 4438 5898.58157319
3 1808 4440 5899.22016262
4 1809 4441 5899.57674364
3 1810 4447 5907.57674364
2 1811 4448 5907.95378357
3 1812 4451 5911.96348357
4 1813 4453 5912.34189235
3 1814 4457 5919.96348357
2 1815 4458 5921.58157319
3 1816 4461 5930.43057778
2 1817 4463 5932.34189235
3 1818 4464 5932.40564588
2 1819 4468 5941.43057778
1 1820 4471 5952.40564588
2 1821 4474 5959.71150772
3 1822 4476 5965.13803807
4 1823 4478 5974.32937191
5 1824 4480 5974.88110617
6 1825 4488 5980.62609001
5 1826 4491 5985.13803807
4 1827 4493 5985.88110617
3 1828 4494 5988.32937191
2 1829 4495 5988.71150772
3 1830 4498 5992.46636712
4 1831 4500 5993.98091231
5 1832 4503 5997.89677065
4 1833 4507 5999.13803807
3 1834 4508 6001.98091231
4 1835 4509 6004.57938523
3 1836 4513 6007.98091231
2 1837 4516 6015.57938523
1 1838 4517 6018.46636712
2 1839 4518 6033.00895881
3 1840 4520 6039.67140411
4 1841 4523 6042.02655269
5 1842 4525 6043.80818467
6 1843 4531 6046.85562071
7 1844 4534 6047.86274241
6 1845 4538 6053.00895881
5 1846 4539 6053.02655269
4 1847 4540 6053.67140411
5 1848 4544 6055.11549112
4 1849 4545 6056.02655269
3 1850 4546 6057.80818467
4 1851 4547 6062.5038882
5 1852 4554 6072.53849983
6 1853 4556 6074.27457406
5 1854 4558 6075.85562071
6 1855 4561 6078.52028169
5 1856 4563 6078.85562071
4 1857 4564 6082.5038882
3 1858 4565 6085.27457406
4 1859 4570 6086.12232513
3 1860 4574 6098.52028169
2 1861 4575 6098.53849983
3 1862 4576 6100.18184766
2 1863 4578 6103.12232513
3 1864 4581 6107.28862121
4 1865 4584 6109.3455307
3 1866 4587 6117.18184766
2 1867 4590 6120.3455307
3 1868 4591 6127.96067691
4 1869 4593 6134.59194066
3 1870 4595 6136.28862121
4 1871 4597 6136.90532923
5 1872 4603 6139.24966389
6 1873 4605 6140.19105476
7 1874 4607 6140.81600687
6 1875 4611 6144.96067691
5 1876 4612 6145.59194066
4 1877 4615 6151.19105476
3 1878 4616 6151.59194066
4 1879 4617 6151.72362266
3 1880 4619 6154.81600687
4 1881 4622 6155.45297392
5 1882 4625 6156.79387824
4 1883 4631 6159.72362266
5 1884 4632 6160.79193065
4 1885 4634 6165.24966389
3 1886 4635 6166.45297392
2 1887 4636 6171.72362266
3 1888 4639 6173.8736553
4 1889 4643 6183.46862813
5 1890 4645 6185.9957377
4 1891 4649 6189.79193065
3 1892 4650 6190.8736553
2 1893 4653 6197.46862813
3 1894 4654 6200.75828242
2 1895 4656 6202.9957377
1 1896 4659 6220.75828242
2 1897 4660 6229.90866494
3 1898 4662 6231.83077613
4 1899 4668 6239.14284235
3 1900 4672 6245.83077613
2 1901 4673 6246.90866494
1 1902 4674 6250.14284235
2 1903 4675 6251.88408871
3 1904 4677 6255.49048729
2 1905 4683 6263.49048729
3 1906 4684 6265.51903003
2 1907 4686 6271.88408871
3 1908 4689 6277.08345923
4 1909 4693 6282.29947908
5 1910 4695 6282.89678455
4 1911 4699 6285.51903003
3 1912 4700 6287.29947908
4 1913 4701 6287.51059014
5 1914 4705 6291.33091666
6 1915 4707 6292.00418036
5 1916 4715 6296.89678455
4 1917 4716 6297.08345923
3 1918 4717 6298.51059014
4 1919 4718 6302.91031091
3 1920 4722 6309.00418036
4 1921 4723 6310.87351995
3 1922 4725 6310.91031091
2 1923 4726 6311.33091666
3 1924 4727 6315.20169354
2 1925 4731 6324.87351995
3 1926 4735 6325.21150425
4 1927 4737 6327.49581593
3 1928 4739 6329.20169354
4 1929 4743 6332.70257941
5 1930 4745 6336.32942775
4 1931 4749 6338.49581593
5 1932 4754 6343.88736045
4 1933 4756 6345.21150425
5 1934 4757 6345.224197
6 1935 4759 6345.88295274
5 1936 4761 6347.32942775
4 1937 4762 6352.70257941
5 1938 4767 6358.77233821
6 1939 4769 6361.11438594
7 1940 4770 6361.72686556
8 1941 4771 6363.89274433
7 1942 4775 6366.88736045
6 1943 4776 6367.32942775
7 1944 4779 6367.3310645
6 1945 4780 6368.224197
7 1946 4785 6372.46634235
8 1947 4788 6377.6388704
7 1948 4791 6378.32942775
6 1949 4795 6384.77233821
5 1950 4796 6386.88736045
4 1951 4798 6387.77233821
5 1952 4800 6389.74988058
4 1953 4801 6391.224197
3 1954 4807 6400.88736045
2 1955 4809 6401.32942775
1 1956 4810 6401.32942775
2 1957 4811 6404.71259794
3 1958 4814 6411.16274582
4 1959 4816 6412.06918162
5 1960 4822 6420.10876912
6 1961 4823 6424.98750618
5 1962 4825 6426.06918162
4 1963 4829 6427.71259794
3 1964 4830 6431.16274582
4 1965 4831 6433.46147531
5 1966 4833 6436.04713019
6 1967 4834 6437.2728695
5 1968 4842 6447.46147531
4 1969 4844 6447.71259794
5 1970 4845 6453.56495
4 1971 4847 6455.06918162
5 1972 4852 6464.69050516
4 1973 4853 6464.71259794
5 1974 4855 6464.89040756
6 1975 4856 6465.2323609
7 1976 4857 6467.34345028
6 1977 4861 6470.46147531
5 1978 4863 6472.06918162
6 1979 4864 6472.22341039
7 1980 4865 6473.70834302
8 1981 4867 6474.10407159
7 1982 4875 6484.46147531
6 1983 4877 6486.06918162
5 1984 4879 6490.46147531
6 1985 4880 6493.04164979
5 1986 4884 6493.71259794
4 1987 4886 6497.06918162
5 1988 4889 6501.05652867
4 1989 4891 6501.46147531
5 1990 4898 6512.2914485
4 1991 4900 6513.71259794
5 1992 4903 6521.35957313
4 1993 4905 6521.46147531
3 1994 4906 6523.06918162
2 1995 4907 6533.71259794
1 1996 4910 6541.46147531
2 1997 4911 6543.11427669
3 1998 4913 6545.94666867
2 1999 4922 6562.20673954
1 2000 4923 6563.11427669
0 2001 4924 6565.94666867
0 2002 4926 6898.88736045
