#data counter step time
31.292384 1 40 41.1425850237
23.000000 2 66 82.8137814408
48.685166 3 69 88.8137814408
25.887816 4 87 105.153359477
22.562160 5 132 164.40770009
20.794625 6 133 165.202324865
15.189894 7 177 231.502724413
27.380645 8 199 259.312829976
23.000000 9 222 288.476988437
54.199054 10 223 291.681865215
21.608390 11 256 326.258687366
43.541884 12 261 329.259022916
24.574826 13 270 341.650297345
22.585766 14 299 387.403297084
25.410763 15 322 430.072404991
25.474622 16 351 465.497624471
59.406948 17 352 466.479352864
30.555634 18 414 615.266276289
37.353207 19 432 650.539861185
26.611417 20 435 663.151278514
20.645055 21 448 687.981787822
37.576108 22 477 727.959075744
14.000000 23 493 739.069937812
52.311914 24 535 823.063016997
39.180052 25 579 928.063016997
31.516449 26 637 983.069937812
90.799895 27 646 987.063016997
52.975680 28 659 997.069937812
93.291975 29 686 1015.92210514
35.675012 30 736 1084.95726336
19.719902 31 745 1098.70901357
35.532990 32 819 1184.10066823
33.752143 33 829 1189.94898855
32.397207 34 852 1218.10066823
18.891637 35 879 1243.19970382
28.000000 36 912 1271.45710147
34.533138 37 929 1287.30806711
23.725027 38 948 1335.31481804
29.085282 39 982 1384.10968726
28.340966 40 1021 1423.93904374
2.482615 41 1030 1428.09091258
23.596326 42 1032 1430.53537008
23.950140 43 1034 1433.4209019
26.670011 44 1043 1443.09091258
30.413833 45 1054 1457.09091258
43.083618 46 1071 1470.77070066
24.293196 47 1099 1493.77070066
56.821021 48 1103 1502.09091258
24.991278 49 1119 1513.77070066
24.160899 50 1120 1516.09091258
40.597324 51 1135 1533.09091258
76.105627 52 1165 1564.6082972
51.361034 53 1195 1615.46252268
36.479977 54 1213 1641.46252268
39.522709 55 1215 1641.88574965
28.250436 56 1246 1685.40705353
28.749564 57 1247 1694.15661753
52.752923 58 1256 1723.05600935
34.868084 59 1257 1734.92409298
26.177251 60 1295 1799.40253061
29.282940 61 1304 1811.95234948
28.357717 62 1309 1819.40253061
26.916067 63 1375 1931.92326416
35.312341 64 1420 2028.67109559
31.379796 65 1429 2040.47973955
20.102990 66 1468 2083.20406034
17.531303 67 1481 2100.44923538
36.651227 68 1488 2122.51118395
36.007880 69 1495 2138.51906409
33.872087 70 1504 2152.39115156
23.903980 71 1516 2167.70655304
28.554446 72 1519 2173.26099859
26.447221 73 1568 2211.57536724
31.235763 74 1570 2216.81112987
39.791349 75 1597 2239.02005444
19.571697 76 1602 2249.76096242
28.122997 77 1608 2251.6100021
20.772557 78 1642 2287.47516447
17.000000 79 1726 2441.81931175
35.486442 80 1735 2456.81931175
32.102238 81 1751 2474.68972316
13.426990 82 1757 2479.86764192
28.152413 83 1763 2494.02005444
38.545285 84 1779 2527.24904853
21.593780 85 1818 2574.29707564
26.527058 86 1820 2574.53189978
24.104113 87 1850 2599.00484169
20.174760 88 1860 2618.10935861
25.528387 89 1868 2623.63774608
24.923563 90 1996 2775.38455693
25.306575 91 2014 2795.38455693
37.023705 92 2048 2827.06240083
19.859844 93 2049 2827.9245838
19.334491 94 2051 2832.80781267
22.776178 95 2070 2846.80781267
27.207082 96 2077 2862.06473989
33.767196 97 2096 2892.2285892
34.234956 98 2104 2915.13072745
33.377688 99 2169 2993.75114863
21.562749 100 2177 3006.54270285
38.791554 101 2178 3006.54270285
37.802993 102 2189 3019.75114863
31.293475 103 2201 3032.54270285
42.814353 104 2237 3072.94815554
36.337380 105 2254 3095.75114863
19.583740 106 2262 3109.94815554
37.081403 107 2263 3119.36441532
24.424307 108 2314 3179.3388612
28.156084 109 2334 3213.53192692
29.324542 110 2335 3219.85646853
20.661896 111 2367 3284.38198388
19.251013 112 2380 3309.17591157
21.546411 113 2408 3348.00269119
21.004835 114 2416 3355.45628057
36.414860 115 2429 3373.10724003
25.728300 116 2438 3387.10724003
42.998467 117 2450 3402.94123338
46.000000 118 2454 3405.82891137
24.835304 119 2473 3459.14614586
33.536224 120 2480 3472.68236945
14.759962 121 2501 3493.04102905
28.572817 122 2511 3507.67940899
24.519886 123 2542 3550.38414357
34.240778 124 2580 3587.56538934
30.468784 125 2587 3598.03417296
37.454607 126 2605 3624.81224675
29.947252 127 2614 3641.00527467
26.926023 128 2642 3667.44308582
21.739146 129 2645 3670.28678089
31.304791 130 2660 3683.58829456
34.524392 131 2681 3711.16616349
24.146199 132 2771 3860.56777793
35.193453 133 2779 3868.07801656
45.009407 134 2804 3897.56777793
36.182980 135 2823 3928.33685956
27.172523 136 2857 3972.48184098
29.011212 137 2893 4053.1248538
31.977530 138 2910 4072.98774623
35.748775 139 2917 4085.73652105
33.466347 140 2934 4099.95046539
39.037281 141 2938 4104.98774623
16.206811 142 2959 4127.75298721
33.530805 143 2983 4147.28379173
17.000000 144 3047 4222.63549777
25.731943 145 3050 4232.11863329
26.136998 146 3063 4256.8641832
33.760424 147 3117 4323.70381107
30.764476 148 3162 4395.69984824
27.092196 149 3165 4396.79204471
32.481073 150 3185 4428.75254558
41.769352 151 3199 4452.17716755
43.509084 152 3206 4469.17716755
34.000000 153 3221 4506.59810737
37.888027 154 3271 4581.10715947
24.673429 155 3287 4601.10715947
44.086196 156 3296 4613.59810737
49.076117 157 3307 4627.10715947
29.712497 158 3344 4681.10715947
33.893842 159 3363 4704.96410875
14.765003 160 3367 4709.10715947
41.071769 161 3385 4738.10715947
32.871358 162 3388 4738.96410875
39.243994 163 3398 4755.10715947
44.714975 164 3422 4784.10715947
31.806918 165 3425 4794.96410875
36.868213 166 3471 4857.79375194
37.133639 167 3473 4860.35031125
35.169889 168 3493 4883.35760386
43.747244 169 3505 4900.79375194
29.443792 170 3543 4935.35031125
40.408923 171 3554 4953.24286117
28.942448 172 3558 4954.79375194
16.916670 173 3621 5040.61445863
28.823975 174 3665 5097.99609872
22.123922 175 3696 5151.09742204
24.322704 176 3721 5168.09742204
20.106285 177 3727 5176.97350013
33.161803 178 3745 5204.80774585
25.367596 179 3763 5223.39294452
32.482453 180 3780 5241.80774585
45.925685 181 3793 5250.02534812
51.168036 182 3809 5264.80774585
23.477251 183 3840 5290.2153837
33.177561 184 3843 5300.39294452
43.631134 185 3873 5329.87431907
28.508513 186 3874 5332.24318544
29.542910 187 3889 5349.24318544
44.407024 188 3896 5358.24318544
55.685260 189 3901 5365.57928715
33.543719 190 3909 5375.87431907
37.448276 191 3918 5388.57928715
52.229430 192 3929 5398.24318544
30.127575 193 3950 5414.57928715
40.760498 194 3961 5426.87431907
36.305589 195 3962 5426.87431907
35.111427 196 3967 5440.97350013
40.628127 197 3974 5443.57928715
34.697367 198 4000 5481.48018356
42.663222 199 4032 5525.01403891
34.277100 200 4083 5564.82914844
36.179544 201 4101 5581.55204863
35.808594 202 4130 5623.55114337
23.029118 203 4150 5643.55114337
15.939620 204 4180 5706.31721262
39.776066 205 4212 5750.87185462
19.135701 206 4255 5809.59890582
32.257373 207 4282 5842.4578503
26.838714 208 4301 5899.29922476
32.628040 209 4335 5929.18093207
28.340209 210 4338 5935.46051044
36.334174 211 4343 5943.18093207
36.709775 212 4344 5943.40981635
46.410528 213 4360 5974.51406468
23.669150 214 4370 5985.93333225
24.817825 215 4375 5990.75115743
32.829953 216 4380 6000.58111041
45.220810 217 4387 6031.26434097
21.728413 218 4423 6078.47847739
14.000000 219 4432 6086.39675731
28.687504 220 4453 6109.39675731
32.846954 221 4454 6115.0819885
17.340581 222 4457 6118.17438809
34.751819 223 4458 6132.8338073
12.885554 224 4483 6171.45675364
15.104662 225 4489 6175.57119959
30.114446 226 4491 6184.57119959
24.899268 227 4562 6269.40300199
22.260396 228 4565 6271.66339774
33.660216 229 4598 6323.44094244
36.023694 230 4645 6411.52165341
35.898625 231 4678 6457.77649767
26.494617 232 4723 6525.96816559
11.387878 233 4757 6558.47354871
48.243580 234 4768 6567.47354871
38.944769 235 4775 6576.76791452
25.101518 236 4811 6605.96816559
48.081557 237 4815 6608.96816559
34.639120 238 4882 6690.85140068
40.113729 239 4889 6699.16564582
23.417434 240 4893 6701.55674537
25.599754 241 4912 6724.16564582
46.760129 242 4935 6767.96740464
14.776831 243 4942 6776.03730057
33.157839 244 4945 6784.96740464
58.318818 245 4996 6852.47354871
32.612519 246 5006 6859.03730057
68.146720 247 5036 6897.96740464
42.431571 248 5039 6904.47354871
