#data counter step time
0 1 0 0.0
1 2 1 0.0
2 3 12 0.723321057375
3 4 16 20.1411906727
4 5 19 25.4750354215
3 6 20 26.7233210574
4 7 21 31.4441671962
5 8 26 35.1218242106
4 9 28 40.1411906727
5 10 29 40.7972372559
4 11 35 43.1411906727
5 12 36 44.2859462825
4 13 38 46.1218242106
3 14 39 48.4441671962
2 15 44 58.2859462825
3 16 45 60.6875099783
2 17 47 69.7972372559
3 18 48 70.0360394404
2 19 54 84.0360394404
3 20 55 88.0143792222
4 21 57 92.5906729326
3 22 59 92.6875099783
4 23 60 92.8607127506
3 24 66 100.590672933
2 25 67 102.014379222
3 26 70 110.434339364
2 27 74 115.860712751
1 28 75 121.434339364
2 29 76 137.12391177
3 30 78 137.491805327
2 31 84 148.12391177
1 32 85 154.491805327
2 33 86 165.279337375
3 34 88 168.22540723
4 35 90 173.743295498
5 36 92 173.814494512
6 37 100 180.995926893
5 38 104 184.814494512
4 39 105 187.743295498
5 40 108 190.105329925
4 41 110 191.22540723
3 42 111 194.279337375
4 43 112 196.766420821
5 44 114 197.035366787
6 45 118 199.345671396
5 46 122 203.995926893
4 47 123 204.105329925
3 48 128 210.345671396
4 49 129 210.710429192
5 50 131 211.044408533
6 51 133 212.984534446
5 52 135 216.766420821
4 53 136 217.035366787
5 54 139 218.162991436
6 55 145 226.349567834
5 56 147 226.984534446
4 57 148 227.710429192
5 58 151 229.464016853
4 59 153 231.044408533
5 60 154 231.638480909
4 61 160 240.349567834
3 62 161 241.162991436
2 63 164 246.464016853
1 64 165 254.638480909
2 65 166 257.51527595
3 66 168 265.387664656
4 67 170 271.413725711
3 68 178 279.413725711
2 69 179 280.51527595
3 70 180 281.124582276
4 71 182 282.122086455
3 72 184 285.387664656
2 73 189 296.122086455
3 74 190 296.779006476
4 75 192 301.362089224
3 76 196 304.124582276
4 77 197 308.150043948
3 78 201 310.779006476
2 79 204 312.362089224
3 80 205 315.930374024
2 81 207 322.150043948
3 82 208 326.207664769
2 83 214 335.930374024
1 84 215 340.207664769
2 85 216 344.805439877
3 86 220 361.486757199
2 87 222 361.805439877
3 88 223 362.834246884
2 89 227 373.834246884
1 90 230 381.486757199
2 91 231 385.468970024
3 92 235 396.268300788
2 93 237 399.468970024
3 94 240 403.617032907
2 95 242 410.268300788
3 96 243 410.624013419
2 97 249 417.617032907
1 98 250 421.624013419
2 99 251 430.515617904
3 100 255 441.067518326
4 101 257 445.883973223
3 102 261 456.515617904
2 103 264 461.067518326
3 104 265 464.397518755
2 105 267 465.883973223
3 106 268 471.835577935
2 107 274 482.835577935
1 108 275 490.397518755
2 109 276 497.43738392
1 110 280 505.43738392
2 111 281 512.139991945
3 112 283 514.617792149
4 113 285 523.879697584
5 114 291 533.036816915
6 115 296 535.001498004
5 116 297 535.139991945
6 117 298 540.569180857
5 118 300 540.879697584
4 119 304 547.036816915
5 120 305 547.157296257
4 121 309 551.569180857
3 122 310 552.617792149
2 123 311 553.036816915
1 124 314 561.157296257
2 125 315 565.271468664
3 126 319 570.543360573
4 127 321 571.724618096
5 128 325 579.26024639
4 129 327 579.271468664
5 130 328 579.543978613
4 131 332 585.724618096
3 132 337 593.543360573
4 133 338 593.999559551
3 134 340 596.26024639
2 135 341 596.543978613
1 136 344 607.999559551
2 137 346 618.69659763
3 138 349 626.045684114
2 139 351 629.69659763
1 140 354 640.045684114
2 141 355 645.530663848
3 142 357 655.74668597
4 143 361 662.518245788
3 144 363 662.530663848
4 145 368 671.44776466
3 146 370 672.74668597
4 147 371 672.942196404
5 148 373 673.918153793
6 149 377 675.750332833
7 150 379 677.167901707
6 151 380 679.518245788
5 152 386 683.942196404
4 153 389 687.918153793
3 154 392 694.44776466
2 155 393 701.750332833
3 156 394 704.842656145
2 157 396 708.518245788
1 158 399 712.842656145
2 159 400 717.398051065
3 160 402 729.205632886
4 161 404 730.365011072
3 162 408 734.398051065
4 163 409 736.290966622
3 164 417 747.365011072
4 165 418 748.668894189
3 166 420 752.205632886
2 167 421 753.290966622
3 168 422 754.362072639
4 169 426 758.79454317
3 170 428 762.668894189
4 171 433 771.256630913
3 172 435 777.362072639
4 173 436 778.183433106
3 174 442 783.183433106
2 175 443 784.79454317
1 176 444 788.256630913
2 177 446 790.754899157
3 178 448 790.821791667
2 179 453 795.754899157
3 180 456 813.376277657
2 181 458 816.821791667
3 182 460 828.460767647
4 183 461 828.893605125
3 184 466 830.376277657
4 185 467 832.865896231
5 186 471 834.425632141
6 187 475 839.987393445
7 188 477 841.094712975
6 189 478 842.376277657
5 190 479 842.893605125
6 191 481 843.679007375
5 192 485 849.865896231
4 193 488 851.425632141
3 194 492 853.893605125
4 195 493 856.251088885
3 196 497 856.987393445
4 197 499 858.146199194
5 198 504 866.724643429
4 199 505 869.865896231
3 200 508 873.251088885
4 201 509 875.535337941
3 202 515 889.865896231
4 203 516 889.913338295
3 204 518 890.251088885
4 205 519 892.753448093
3 206 524 904.251088885
2 207 526 912.865896231
3 208 527 915.158171371
4 209 533 925.359593592
3 210 535 927.251088885
2 211 536 929.158171371
3 212 538 932.498222977
4 213 541 945.887919411
3 214 543 953.251088885
4 215 546 962.747827741
3 216 548 967.251088885
4 217 551 975.201332779
5 218 552 977.502289389
6 219 553 978.952606948
7 220 554 981.4048777
6 221 557 984.251088885
7 222 558 985.071939116
8 223 560 986.630488104
9 224 561 988.165441892
10 225 566 989.809879472
9 226 567 995.251088885
8 227 569 998.251088885
7 228 570 1001.25108888
8 229 574 1002.57735952
9 230 575 1004.26999106
10 231 576 1004.94188436
11 232 581 1012.88249931
12 233 582 1014.20411994
11 234 584 1019.25663091
10 235 586 1021.25108888
11 236 587 1024.75719616
12 237 590 1025.63858953
11 238 593 1032.25108888
12 239 596 1034.31052899
13 240 600 1038.49002631
12 241 602 1039.25663091
13 242 603 1039.2669617
12 243 604 1040.25108888
13 244 609 1040.69399822
14 245 610 1042.11496858
13 246 611 1043.25108888
12 247 621 1053.25663091
11 248 624 1054.25108888
12 249 625 1056.76550137
11 250 626 1060.25108888
10 251 627 1060.25108888
9 252 634 1063.25108888
10 253 635 1064.76730063
9 254 637 1067.25663091
8 255 638 1067.25663091
7 256 639 1068.25108888
6 257 645 1071.25108888
5 258 647 1072.25663091
4 259 654 1078.98739344
5 260 655 1079.19782892
4 261 657 1082.25108888
5 262 662 1087.17502839
6 263 663 1088.31930205
7 264 668 1095.9931383
6 265 670 1098.25663091
5 266 672 1098.42563214
6 267 673 1100.3133267
7 268 676 1102.42436907
8 269 677 1106.2053125
7 270 679 1106.25663091
8 271 680 1106.70846447
7 272 684 1108.19782892
6 273 689 1114.25663091
7 274 695 1124.76334772
6 275 697 1125.19782892
5 276 698 1127.42563214
6 277 700 1129.98403161
5 278 702 1131.25663091
6 279 705 1134.04662549
5 280 706 1134.25663091
6 281 709 1139.79133116
5 282 711 1142.25663091
6 283 712 1144.89492718
5 284 714 1145.19782892
6 285 719 1149.84625766
7 286 720 1151.01497238
8 287 721 1153.14766531
7 288 726 1159.19782892
6 289 728 1159.25663091
5 290 729 1162.42563214
4 291 738 1170.25663091
3 292 739 1173.19782892
2 293 740 1173.42563214
1 294 741 1176.19782892
2 295 742 1202.30696072
3 296 744 1202.72802598
4 297 749 1211.74520298
3 298 754 1216.72802598
2 299 755 1219.30696072
1 300 756 1222.30696072
2 301 757 1223.15483246
3 302 761 1229.64307274
2 303 763 1231.15483246
3 304 764 1234.44154721
4 305 768 1252.08541493
3 306 772 1255.64307274
4 307 773 1260.26317466
3 308 777 1263.44154721
2 309 778 1269.08541493
3 310 780 1272.98323738
4 311 784 1277.22481256
3 312 786 1277.26317466
4 313 789 1278.52264187
3 314 791 1282.22481256
2 315 792 1286.26317466
3 316 793 1286.79901922
4 317 798 1289.28126717
5 318 799 1293.34183265
4 319 804 1297.79901922
5 320 807 1304.14282291
4 321 811 1306.79901922
3 322 812 1307.34183265
2 323 813 1307.52264187
3 324 814 1308.74073526
4 325 816 1312.01278128
3 326 818 1312.14282291
4 327 823 1321.05336456
5 328 825 1321.58130523
4 329 827 1326.01278128
5 330 828 1326.35795475
6 331 830 1327.32259094
5 332 833 1328.74073526
6 333 839 1334.72649082
5 334 842 1338.05336456
4 335 844 1338.58130523
3 336 845 1340.35795475
4 337 846 1342.1735216
3 338 848 1342.74073526
4 339 849 1345.47206139
5 340 857 1349.37740801
4 341 861 1355.05336456
3 342 862 1359.1735216
2 343 863 1359.47206139
1 344 864 1363.37740801
2 345 865 1366.42358485
3 346 867 1366.80356131
4 347 869 1373.81750124
5 348 871 1374.37745241
6 349 875 1379.68210042
7 350 882 1384.06278541
6 351 884 1385.37745241
5 352 886 1387.81750124
6 353 887 1389.3855412
7 354 888 1389.60050385
6 355 890 1389.80356131
5 356 896 1395.42358485
6 357 897 1397.16783341
5 358 900 1400.80356131
4 359 906 1406.42358485
5 360 907 1408.11971781
4 361 909 1408.37745241
3 362 910 1408.80356131
4 363 911 1409.25695819
3 364 915 1413.81750124
4 365 918 1420.07327267
5 366 920 1421.20655643
4 367 922 1423.25695819
5 368 923 1424.88812942
4 369 925 1425.11971781
5 370 930 1426.75704405
6 371 932 1427.48141762
5 372 934 1429.20655643
6 373 935 1430.01373714
5 374 938 1432.88812942
4 375 944 1437.07327267
3 376 945 1440.20655643
4 377 946 1442.67336881
3 378 950 1443.88812942
2 379 955 1446.75704405
3 380 956 1449.88775461
2 381 958 1453.67336881
3 382 962 1474.77001946
4 383 966 1475.89571576
5 384 968 1478.70319332
4 385 970 1478.88775461
5 386 974 1480.70744588
6 387 975 1483.9409742
7 388 978 1486.14041091
8 389 979 1487.4477676
7 390 983 1489.89571576
8 391 985 1490.71660601
7 392 989 1491.77001946
6 393 991 1494.9409742
5 394 992 1494.9409742
4 395 995 1498.70319332
5 396 996 1501.56562518
4 397 998 1501.70319332
5 398 1001 1505.48651321
4 399 1005 1506.89571576
3 400 1006 1512.56562518
4 401 1008 1512.74134115
5 402 1011 1516.56175737
4 403 1013 1517.77001946
5 404 1014 1518.25072296
4 405 1020 1529.74134115
3 406 1022 1530.56175737
2 407 1025 1531.48651321
1 408 1026 1535.25072296
2 409 1028 1538.37342995
3 410 1031 1538.78689845
2 411 1036 1549.37342995
3 412 1037 1550.80862745
2 413 1043 1564.78689845
1 414 1044 1564.80862745
2 415 1045 1566.72012033
3 416 1047 1570.97979499
4 417 1049 1572.91184499
5 418 1054 1575.94390692
4 419 1055 1578.97979499
3 420 1057 1580.72012033
4 421 1059 1582.77805403
5 422 1062 1589.15427444
4 423 1064 1595.97979499
5 424 1069 1606.06932073
4 425 1071 1609.72012033
3 426 1073 1609.97979499
4 427 1078 1628.94001194
3 428 1080 1629.97979499
2 429 1081 1632.72012033
3 430 1084 1635.72398244
4 431 1086 1636.11732389
5 432 1087 1638.46027115
4 433 1091 1643.97979499
5 434 1092 1646.05387844
6 435 1093 1646.52990026
5 436 1095 1646.72398244
6 437 1100 1653.99739751
7 438 1101 1655.99092207
6 439 1103 1657.72398244
7 440 1104 1659.56467379
6 441 1107 1666.97979499
5 442 1112 1668.97979499
6 443 1115 1672.39514986
7 444 1116 1678.82485439
6 445 1117 1680.97979499
7 446 1122 1683.66082851
6 447 1123 1683.72398244
5 448 1126 1688.97979499
6 449 1129 1693.2906905
7 450 1130 1694.46285885
8 451 1135 1699.77505759
7 452 1138 1699.97979499
8 453 1139 1700.16462486
9 454 1140 1703.20561831
8 455 1142 1706.72398244
7 456 1149 1710.88812942
6 457 1150 1710.97979499
5 458 1151 1716.97979499
6 459 1153 1717.38394222
5 460 1154 1717.72398244
4 461 1161 1727.88812942
5 462 1162 1731.73123178
6 463 1165 1734.26468612
5 464 1167 1736.97979499
6 465 1172 1745.02819782
5 466 1173 1746.72398244
4 467 1178 1750.88812942
3 468 1179 1750.97979499
4 469 1180 1752.89044981
3 470 1186 1757.25072296
2 471 1189 1760.72398244
3 472 1191 1761.77458015
4 473 1193 1762.24919667
5 474 1195 1765.54043285
6 475 1197 1767.35799452
7 476 1202 1769.42527112
8 477 1205 1769.79971964
7 478 1206 1769.89044981
8 479 1209 1775.0199753
7 480 1210 1775.77458015
6 481 1213 1776.54043285
5 482 1219 1782.24919667
4 483 1220 1783.89044981
3 484 1225 1789.77458015
2 485 1226 1793.54043285
3 486 1227 1796.90191892
2 487 1229 1799.24919667
3 488 1232 1803.76981691
4 489 1234 1804.22731143
3 490 1236 1804.90191892
4 491 1237 1806.84685137
3 492 1243 1815.22731143
4 493 1246 1817.87325803
3 494 1248 1820.84685137
4 495 1249 1821.43868825
3 496 1251 1823.76981691
4 497 1252 1827.57559386
3 498 1260 1831.87325803
2 499 1261 1841.43868825
1 500 1262 1841.57559386
2 501 1263 1847.60562934
3 502 1265 1851.55056885
4 503 1269 1853.0977032
5 504 1273 1857.66833474
4 505 1275 1859.55056885
3 506 1276 1861.60562934
2 507 1282 1870.0977032
3 508 1284 1870.95912444
4 509 1286 1871.2348825
3 510 1288 1871.66833474
4 511 1291 1879.28222182
5 512 1293 1882.38904205
6 513 1298 1884.29748349
5 514 1299 1884.95912444
4 515 1302 1894.2348825
3 516 1305 1899.28222182
4 517 1306 1899.68368822
3 518 1310 1901.95912444
2 519 1313 1913.68368822
1 520 1314 1914.2348825
2 521 1315 1920.38123601
3 522 1319 1926.97197964
4 523 1321 1930.38117584
5 524 1325 1938.64537441
4 525 1329 1940.38123601
5 526 1332 1942.281717
4 527 1333 1945.38123601
3 528 1335 1946.97197964
4 529 1336 1947.30015375
3 530 1338 1947.38117584
4 531 1339 1948.42472042
3 532 1347 1962.38123601
4 533 1348 1968.0650492
3 534 1352 1970.30015375
2 535 1353 1971.42472042
1 536 1354 1973.0650492
2 537 1355 1979.00661677
3 538 1358 1979.74925996
4 539 1359 1983.08032648
5 540 1361 1984.5040224
6 541 1365 1988.11982612
7 542 1368 1993.30831181
8 543 1372 1995.80323758
7 544 1374 1998.5040224
8 545 1375 1999.11638143
7 546 1376 2000.08032648
6 547 1379 2005.00661677
5 548 1382 2008.00661677
6 549 1383 2010.19172686
7 550 1384 2010.21794413
6 551 1389 2015.5040224
5 552 1392 2016.00661677
6 553 1395 2017.02078421
7 554 1397 2018.7661166
6 555 1400 2020.08032648
7 556 1403 2021.96750827
8 557 1404 2025.47327379
7 558 1405 2027.00661677
8 559 1408 2027.86964309
7 560 1416 2030.72398244
6 561 1421 2033.72398244
5 562 1422 2033.72398244
4 563 1423 2037.08032648
5 564 1424 2037.6108446
4 565 1426 2039.72398244
3 566 1427 2041.00661677
2 567 1430 2045.6108446
1 568 1431 2050.5040224
2 569 1433 2059.99407193
3 570 1435 2073.95577869
4 571 1439 2076.72640784
5 572 1441 2079.09799539
6 573 1445 2080.70595421
7 574 1447 2081.15107539
6 575 1450 2082.99407193
7 576 1452 2083.60672743
8 577 1455 2086.01797274
7 578 1456 2087.09799539
6 579 1458 2088.99407193
5 580 1464 2096.72640784
6 581 1467 2098.01311964
5 582 1469 2103.70595421
4 583 1470 2105.60562934
3 584 1473 2108.60562934
4 585 1474 2108.77801211
3 586 1476 2110.09799539
4 587 1477 2112.03963654
5 588 1483 2119.80545544
4 589 1485 2121.01311964
5 590 1486 2122.95246585
4 591 1488 2125.77801211
3 592 1489 2126.03963654
4 593 1492 2127.16941907
5 594 1494 2129.76740563
6 595 1496 2131.0779531
5 596 1504 2136.80545544
4 597 1505 2136.95246585
3 598 1506 2141.16941907
2 599 1507 2143.76740563
1 600 1512 2154.0779531
2 601 1513 2154.50811746
1 602 1517 2171.50811746
2 603 1518 2177.52657438
3 604 1522 2185.75833043
2 605 1524 2188.52657438
3 606 1525 2192.91058327
4 607 1527 2199.53437101
5 608 1533 2202.09735858
4 609 1537 2203.91058327
5 610 1538 2206.05523958
6 611 1542 2207.60118255
7 612 1543 2208.47215406
6 613 1547 2216.53437101
5 614 1549 2217.75833043
6 615 1550 2218.84452904
7 616 1551 2218.98045495
6 617 1553 2219.09735858
5 618 1555 2220.05523958
6 619 1558 2224.12075085
7 620 1562 2227.37487305
6 621 1563 2227.53437101
7 622 1568 2228.18321391
8 623 1569 2229.53612283
9 624 1570 2230.08712429
8 625 1576 2239.09735858
7 626 1578 2240.05523958
6 627 1579 2240.75833043
5 628 1581 2243.75833043
6 629 1582 2244.44843618
5 630 1584 2244.53437101
6 631 1587 2248.37307705
5 632 1592 2256.09735858
4 633 1594 2257.05523958
5 634 1597 2264.03357797
4 635 1599 2264.53437101
3 636 1604 2272.75833043
4 637 1605 2274.4075832
3 638 1607 2275.03357797
2 639 1608 2276.09735858
3 640 1613 2289.17203561
2 641 1615 2291.4075832
3 642 1617 2294.02701303
2 643 1624 2302.02701303
3 644 1625 2308.91569345
2 645 1627 2309.17203561
3 646 1628 2315.08776604
4 647 1632 2316.2216356
3 648 1636 2322.91569345
4 649 1637 2323.51915678
5 650 1638 2329.4385025
4 651 1642 2338.08776604
3 652 1643 2342.91569345
4 653 1650 2361.98384749
3 654 1652 2362.91569345
2 655 1653 2364.08776604
3 656 1654 2365.55776922
4 657 1658 2366.28482568
5 658 1660 2369.21151357
6 659 1661 2370.65523424
5 660 1664 2378.98384749
4 661 1669 2382.55776922
3 662 1674 2386.28482568
2 663 1675 2387.55776922
1 664 1676 2392.98384749
2 665 1677 2394.74361756
3 666 1681 2400.84955798
4 667 1683 2411.52657217
3 668 1685 2411.74361756
2 669 1690 2420.84955798
3 670 1691 2425.99934544
2 671 1693 2428.52657217
1 672 1696 2442.99934544
2 673 1697 2446.68501898
3 674 1699 2448.77906295
4 675 1703 2450.93940365
5 676 1705 2453.74639912
4 677 1708 2457.68501898
5 678 1710 2457.91416797
4 679 1715 2458.93940365
5 680 1718 2460.58699701
4 681 1719 2462.68501898
3 682 1723 2466.93940365
2 683 1724 2468.77906295
1 684 1725 2469.93940365
2 685 1726 2474.08073987
3 686 1728 2474.23673087
4 687 1734 2484.52005165
3 688 1736 2485.08073987
4 689 1738 2486.00512775
5 690 1740 2488.84728095
4 691 1742 2491.23673087
5 692 1745 2491.42183467
6 693 1748 2493.08794597
7 694 1754 2495.65711458
8 695 1755 2495.77709517
9 696 1758 2498.10365003
8 697 1759 2498.52005165
7 698 1760 2498.52005165
6 699 1764 2504.08794597
7 700 1765 2505.26489349
6 701 1766 2505.84728095
5 702 1768 2507.52005165
6 703 1771 2508.44562456
7 704 1777 2510.09286433
6 705 1779 2512.08794597
7 706 1783 2512.97461788
8 707 1784 2513.85580871
9 708 1785 2516.0609424
8 709 1790 2518.52005165
7 710 1792 2518.52005165
6 711 1794 2519.84728095
7 712 1795 2520.24840441
6 713 1798 2525.84728095
5 714 1800 2529.08794597
6 715 1803 2531.38079229
7 716 1804 2533.62824648
6 717 1806 2535.52005165
5 718 1809 2539.4075832
6 719 1811 2539.98387932
5 720 1816 2545.84728095
4 721 1820 2549.52005165
3 722 1823 2556.4075832
2 723 1824 2558.08794597
3 724 1826 2560.02596638
2 725 1829 2565.84728095
1 726 1832 2574.02596638
2 727 1833 2582.40590254
3 728 1837 2588.26842531
2 729 1841 2593.40590254
3 730 1842 2599.90226562
2 731 1844 2602.26842531
3 732 1845 2603.01979289
4 733 1848 2603.93084715
3 734 1852 2613.90226562
4 735 1853 2615.22748419
3 736 1857 2616.90226562
4 737 1858 2620.63332527
3 738 1862 2626.01979289
4 739 1863 2627.13899379
5 740 1865 2627.76750181
4 741 1871 2635.22748419
3 742 1872 2637.63332527
2 743 1873 2641.13899379
3 744 1876 2645.3159581
4 745 1878 2648.62157164
5 746 1880 2650.8375038
4 747 1883 2655.22748419
3 748 1885 2659.3159581
4 749 1890 2669.72306156
3 750 1892 2674.62157164
2 751 1895 2680.72306156
1 752 1896 2681.22748419
2 753 1897 2688.55339653
3 754 1899 2695.36561265
4 755 1905 2704.49629059
3 756 1907 2705.55339653
2 757 1908 2706.36561265
3 758 1909 2706.99300671
4 759 1911 2711.43262152
5 760 1916 2712.04737481
4 761 1920 2716.43262152
5 762 1921 2716.43628232
4 763 1923 2718.49629059
5 764 1924 2718.52865434
4 765 1926 2719.43262152
5 766 1929 2720.0816918
6 767 1930 2721.95575002
5 768 1935 2733.43628232
6 769 1941 2735.16334536
5 770 1943 2735.99300671
6 771 1946 2736.28053872
5 772 1947 2738.52865434
6 773 1949 2738.67015099
5 774 1953 2741.43628232
4 775 1956 2746.99300671
3 776 1959 2749.23673087
2 777 1960 2752.52865434
3 778 1961 2754.59053281
2 779 1963 2755.43628232
3 780 1966 2759.84362803
4 781 1968 2767.16008269
3 782 1970 2768.59053281
4 783 1972 2772.44612025
5 784 1976 2774.83445984
4 785 1980 2776.84362803
3 786 1985 2780.44612025
4 787 1986 2782.30485248
3 788 1988 2785.83445984
2 789 1991 2787.16008269
3 790 1992 2789.14238413
4 791 1996 2796.66390145
3 792 1998 2799.30485248
4 793 1999 2801.78354722
5 794 2003 2804.13539298
4 795 2005 2806.14238413
5 796 2006 2807.58526973
4 797 2010 2813.66390145
3 798 2013 2815.78354722
2 799 2016 2818.13539298
3 800 2017 2821.42806035
2 801 2019 2827.58526973
3 802 2022 2835.80646174
2 803 2024 2838.42806035
3 804 2025 2839.97426275
4 805 2027 2843.09411998
3 806 2033 2850.97426275
2 807 2034 2851.09411998
3 808 2037 2853.7665414
4 809 2039 2859.01116356
3 810 2045 2861.80646174
2 811 2046 2867.7665414
1 812 2047 2870.01116356
2 813 2048 2879.6904112
3 814 2050 2884.78764319
4 815 2052 2885.24400263
5 816 2057 2892.55038043
6 817 2058 2892.94721033
7 818 2065 2898.220369
6 819 2067 2899.24400263
5 820 2068 2901.78764319
6 821 2069 2904.49888085
5 822 2073 2905.6904112
6 823 2076 2910.536065
5 824 2078 2911.24400263
6 825 2079 2911.29277372
5 826 2083 2915.220369
4 827 2084 2915.94721033
3 828 2087 2918.49888085
2 829 2090 2928.29277372
3 830 2091 2930.16232102
2 831 2093 2930.536065
3 832 2094 2935.36543332
4 833 2096 2936.91306467
5 834 2102 2941.34752608
6 835 2106 2945.01035702
7 836 2109 2945.47139879
6 837 2110 2947.91306467
5 838 2114 2949.34752608
4 839 2116 2949.36543332
3 840 2117 2950.16232102
4 841 2120 2952.17588616
5 842 2122 2953.58705275
4 843 2125 2956.01035702
3 844 2128 2961.34752608
2 845 2129 2963.17588616
1 846 2132 2976.58705275
2 847 2134 2979.83137663
3 848 2136 2985.1809453
4 849 2139 2988.18484789
3 850 2147 2993.1809453
4 851 2148 2994.64480038
3 852 2150 2999.18484789
4 853 2151 2999.44365649
3 854 2153 2999.83137663
4 855 2154 3002.82067243
5 856 2156 3003.24125489
6 857 2161 3009.41887667
5 858 2165 3016.44365649
4 859 2167 3016.82067243
5 860 2168 3017.35666375
6 861 2169 3017.42429698
5 862 2172 3017.64480038
6 863 2178 3028.37776564
5 864 2181 3030.82067243
4 865 2183 3034.64480038
3 866 2184 3039.44365649
2 867 2186 3040.64480038
3 868 2189 3046.29981075
2 869 2194 3056.82067243
3 870 2195 3057.22882908
2 871 2199 3066.29981075
1 872 2200 3074.22882908
2 873 2201 3077.33034038
3 874 2203 3080.95082944
4 875 2207 3084.24103792
5 876 2210 3091.47035213
4 877 2211 3091.95082944
3 878 2216 3097.33034038
4 879 2217 3099.99164081
3 880 2221 3102.95082944
2 881 2222 3105.33034038
3 882 2223 3108.33132956
4 883 2227 3110.42805785
5 884 2228 3111.93035588
4 885 2232 3116.95082944
3 886 2234 3122.33132956
4 887 2237 3128.35833664
5 888 2240 3132.62330395
6 889 2241 3134.80646992
5 890 2243 3136.95082944
4 891 2245 3139.33132956
5 892 2248 3144.03567102
6 893 2249 3144.77440871
5 894 2250 3150.33132956
6 895 2252 3151.25924588
7 896 2255 3153.36081835
8 897 2256 3153.94904169
7 898 2262 3156.95082944
8 899 2263 3160.87203346
7 900 2265 3161.33132956
8 901 2272 3164.83575155
7 902 2273 3164.95082944
8 903 2274 3167.35371439
9 904 2275 3168.39211032
10 905 2276 3168.43602978
9 906 2277 3173.95082944
8 907 2281 3176.95082944
9 908 2284 3179.63349274
10 909 2285 3180.53136416
9 910 2288 3183.34752608
8 911 2295 3187.95082944
7 912 2297 3193.33132956
8 913 2304 3197.57688515
7 914 2307 3198.95082944
6 915 2308 3201.95082944
5 916 2310 3201.95082944
4 917 2311 3203.34752608
3 918 2312 3207.33132956
2 919 2317 3214.58705275
3 920 2318 3215.01449189
2 921 2320 3215.95082944
1 922 2325 3232.01449189
2 923 2326 3236.59409122
3 924 2328 3236.84188287
4 925 2331 3238.62150109
5 926 2332 3243.1706146
6 927 2336 3248.25783821
7 928 2340 3250.89083691
6 929 2343 3256.84188287
7 930 2345 3257.3791926
6 931 2347 3259.59409122
5 932 2348 3262.84188287
6 933 2349 3263.8851631
7 934 2356 3267.04922943
8 935 2357 3268.39263818
7 936 2359 3269.1706146
6 937 2361 3270.59409122
7 938 2364 3274.38782396
8 939 2365 3275.75752543
7 940 2368 3276.84188287
8 941 2372 3279.85961868
7 942 2374 3281.44365649
8 943 2377 3283.87587288
7 944 2380 3289.1706146
6 945 2383 3290.59409122
5 946 2384 3292.44365649
4 947 2386 3293.84188287
5 948 2395 3306.2511901
4 949 2397 3306.44365649
5 950 2398 3307.51998035
4 951 2399 3312.1706146
5 952 2401 3313.05494254
4 953 2405 3319.59409122
5 954 2406 3323.29840653
4 955 2408 3323.44365649
3 956 2413 3329.1706146
4 957 2414 3329.26096011
5 958 2418 3336.27326597
4 959 2421 3336.59409122
5 960 2423 3343.13817843
4 961 2425 3343.26096011
3 962 2426 3343.44365649
4 963 2427 3346.32439448
3 964 2431 3350.59409122
4 965 2436 3356.26824156
3 966 2438 3360.26096011
2 967 2439 3360.32439448
1 968 2442 3376.26824156
2 969 2443 3378.1622172
3 970 2447 3388.68136472
2 971 2449 3389.1622172
3 972 2452 3392.82978924
4 973 2454 3394.67682561
5 974 2456 3399.48334101
6 975 2461 3409.56373645
5 976 2463 3411.67682561
4 977 2464 3411.68136472
3 978 2466 3412.82978924
4 979 2469 3421.27654194
5 980 2473 3421.69642772
4 981 2475 3422.67682561
3 982 2478 3428.68136472
2 983 2482 3438.27654194
3 984 2483 3443.41891993
4 985 2485 3444.86918232
3 986 2487 3445.67682561
4 987 2488 3446.32297406
5 988 2492 3448.94049904
6 989 2494 3452.22769008
7 990 2495 3452.4101853
8 991 2500 3458.75648103
7 992 2504 3460.32297406
6 993 2505 3461.86918232
5 994 2507 3465.94049904
4 995 2509 3466.41891993
5 996 2514 3472.55356221
4 997 2516 3472.86918232
5 998 2521 3475.01943599
6 999 2523 3475.44720059
5 1000 2525 3476.94049904
6 1001 2526 3480.27447516
5 1002 2527 3480.32297406
6 1003 2529 3481.38057366
5 1004 2533 3486.55356221
6 1005 2538 3489.99194787
5 1006 2540 3490.94049904
4 1007 2541 3491.32297406
3 1008 2542 3495.01943599
4 1009 2545 3496.72859769
3 1010 2549 3503.55356221
4 1011 2552 3506.85461071
3 1012 2554 3507.94049904
4 1013 2555 3508.00083952
3 1014 2557 3513.72859769
4 1015 2560 3519.33569077
5 1016 2562 3521.36290864
6 1017 2564 3521.52481099
7 1018 2565 3523.59252389
6 1019 2567 3523.85461071
5 1020 2575 3531.00083952
4 1021 2576 3533.33569077
3 1022 2577 3535.36290864
4 1023 2578 3536.68068216
5 1024 2582 3537.02785021
4 1025 2586 3542.00083952
5 1026 2590 3544.99896401
6 1027 2595 3549.82746967
5 1028 2596 3552.85461071
4 1029 2597 3554.02785021
5 1030 2601 3556.94783862
6 1031 2604 3557.35919583
5 1032 2605 3559.68068216
4 1033 2607 3561.99896401
5 1034 2612 3570.23949964
4 1035 2614 3570.99896401
3 1036 2617 3579.94783862
2 1037 2618 3581.23949964
1 1038 2619 3585.94783862
2 1039 2620 3592.78933912
3 1040 2622 3597.33106331
4 1041 2624 3598.23659167
5 1042 2630 3606.53933305
4 1043 2634 3609.78933912
5 1044 2635 3611.19148229
4 1045 2639 3614.33106331
5 1046 2641 3617.45093111
4 1047 2642 3617.53933305
3 1048 2646 3618.23659167
2 1049 2647 3619.19148229
1 1050 2648 3625.19148229
2 1051 2649 3629.44462679
3 1052 2653 3630.8712067
4 1053 2655 3632.93762162
5 1054 2657 3637.14831106
4 1055 2663 3643.44462679
3 1056 2664 3647.8712067
2 1057 2667 3654.14831106
3 1058 2668 3656.45671233
4 1059 2670 3658.72977328
3 1060 2674 3661.93762162
4 1061 2676 3662.78861795
5 1062 2678 3666.73930004
6 1063 2679 3668.2145972
5 1064 2683 3675.72977328
6 1065 2686 3675.79996726
7 1066 2688 3679.35889908
8 1067 2689 3679.49992324
7 1068 2692 3679.78861795
8 1069 2693 3679.93675807
7 1070 2695 3682.45671233
8 1071 2696 3692.40777559
9 1072 2700 3693.33410867
10 1073 2703 3695.09274822
11 1074 2706 3695.65205698
12 1075 2707 3696.09930661
13 1076 2708 3698.50928245
12 1077 2709 3699.78861795
11 1078 2711 3702.78861795
12 1079 2712 3704.83363101
11 1080 2713 3707.72977328
10 1081 2716 3708.45671233
11 1082 2717 3709.29318463
10 1083 2723 3716.45671233
11 1084 2728 3721.27068743
10 1085 2730 3721.72977328
11 1086 2731 3724.7196991
10 1087 2735 3728.78861795
11 1088 2736 3730.47619661
12 1089 2737 3730.97364794
11 1090 2740 3732.72977328
10 1091 2744 3733.45671233
11 1092 2745 3738.22684076
12 1093 2747 3738.53823708
13 1094 2752 3740.60494456
14 1095 2753 3740.6431883
13 1096 2756 3742.78861795
12 1097 2761 3746.72977328
13 1098 2763 3747.89944611
12 1099 2764 3749.72977328
11 1100 2769 3753.45671233
10 1101 2770 3753.78861795
11 1102 2773 3754.91630657
10 1103 2774 3755.72977328
9 1104 2779 3760.72977328
8 1105 2781 3761.45671233
9 1106 2782 3761.97693572
10 1107 2783 3762.32833191
9 1108 2785 3762.78861795
8 1109 2787 3763.72977328
7 1110 2794 3770.78861795
6 1111 2797 3771.72977328
7 1112 2798 3771.98188124
8 1113 2802 3773.92686135
7 1114 2805 3775.72977328
6 1115 2806 3777.68068216
7 1116 2811 3780.96801452
6 1117 2813 3784.45671233
5 1118 2816 3784.78861795
4 1119 2817 3787.78861795
3 1120 2822 3797.68068216
2 1121 2823 3800.98188124
1 1122 2825 3807.45671233
2 1123 2829 3816.67310463
3 1124 2831 3821.50567942
4 1125 2835 3827.95578612
5 1126 2836 3828.5662308
4 1127 2838 3830.67310463
5 1128 2841 3834.99281026
4 1129 2842 3835.50567942
5 1130 2846 3839.78291439
4 1131 2848 3841.67310463
5 1132 2849 3847.0580275
6 1133 2854 3853.91296892
7 1134 2855 3857.26804548
6 1135 2857 3858.67310463
5 1136 2860 3864.50567942
6 1137 2862 3866.83526338
5 1138 2866 3872.67310463
6 1139 2867 3873.92528338
5 1140 2869 3878.50567942
6 1141 2872 3881.90786861
7 1142 2873 3883.95129768
8 1143 2874 3884.19905049
9 1144 2875 3885.20461623
10 1145 2876 3887.61811649
9 1146 2879 3895.50567942
8 1147 2882 3895.67310463
9 1148 2883 3897.74283481
10 1149 2884 3901.63573818
11 1150 2891 3906.0041702
12 1151 2892 3911.33920402
11 1152 2896 3915.50567942
10 1153 2899 3915.67310463
9 1154 2904 3924.93762162
8 1155 2908 3926.67310463
9 1156 2911 3929.66269904
8 1157 2914 3929.93762162
9 1158 2915 3930.85333901
8 1159 2917 3932.50567942
9 1160 2920 3934.198543
8 1161 2924 3938.67310463
7 1162 2928 3940.67310463
8 1163 2929 3943.21171223
7 1164 2931 3943.50567942
8 1165 2932 3944.7063222
7 1166 2933 3946.93762162
8 1167 2938 3949.26055521
9 1168 2939 3949.55031716
8 1169 2941 3949.93762162
7 1170 2944 3951.67310463
8 1171 2946 3952.71371095
9 1172 2948 3953.64334497
8 1173 2954 3957.50567942
9 1174 2955 3957.53173118
10 1175 2956 3958.53451071
11 1176 2957 3960.79190033
10 1177 2961 3963.93762162
9 1178 2963 3963.93762162
10 1179 2964 3964.4425796
9 1180 2967 3965.67310463
8 1181 2968 3966.93762162
9 1182 2971 3967.92449018
8 1183 2974 3971.67310463
7 1184 2976 3971.93762162
6 1185 2981 3977.50567942
7 1186 2982 3977.96594054
8 1187 2983 3978.40124615
7 1188 2987 3979.67310463
8 1189 2988 3980.33048866
9 1190 2990 3980.92231942
8 1191 2991 3982.67310463
7 1192 2998 3988.93762162
6 1193 3000 3990.67310463
5 1194 3001 3991.50567942
4 1195 3003 3994.50567942
5 1196 3008 3998.79604011
6 1197 3011 4002.4515178
5 1198 3012 4004.67310463
6 1199 3015 4005.68816431
7 1200 3016 4006.44039373
6 1201 3017 4011.93762162
5 1202 3020 4014.50567942
6 1203 3028 4021.89878497
7 1204 3029 4022.42959695
6 1205 3030 4022.93762162
7 1206 3032 4023.64024205
6 1207 3034 4024.67310463
7 1208 3035 4026.4544837
6 1209 3036 4027.67310463
7 1210 3037 4030.01673054
6 1211 3039 4031.50567942
5 1212 3045 4038.67310463
4 1213 3051 4045.50567942
5 1214 3053 4046.04077498
4 1215 3054 4048.93762162
5 1216 3057 4050.35688118
4 1217 3062 4058.67310463
3 1218 3063 4059.50567942
2 1219 3067 4061.67310463
3 1220 3069 4065.450971
4 1221 3072 4071.51182624
5 1222 3074 4072.84238083
4 1223 3076 4073.35688118
5 1224 3077 4074.16900085
6 1225 3078 4074.76484952
7 1226 3080 4075.89039198
8 1227 3081 4075.9989958
9 1228 3082 4077.81470941
8 1229 3088 4082.450971
7 1230 3093 4085.51182624
8 1231 3094 4086.60172423
7 1232 3096 4087.35688118
6 1233 3104 4095.35688118
5 1234 3106 4096.35688118
4 1235 3108 4099.450971
3 1236 3110 4102.51182624
4 1237 3112 4102.56845417
5 1238 3113 4105.03273233
6 1239 3114 4107.340211
5 1240 3116 4112.35688118
6 1241 3120 4117.93099241
5 1242 3122 4119.450971
6 1243 3125 4124.89153338
5 1244 3129 4133.450971
4 1245 3131 4138.35688118
5 1246 3132 4138.5598046
6 1247 3135 4146.5359096
5 1248 3137 4147.450971
6 1249 3138 4149.14178506
7 1250 3143 4155.25298698
8 1251 3144 4155.96157383
7 1252 3147 4161.35688118
6 1253 3148 4164.450971
7 1254 3150 4164.73160078
8 1255 3151 4168.29150013
7 1256 3156 4169.35688118
8 1257 3157 4172.26801308
9 1258 3158 4172.67963271
10 1259 3163 4176.96880101
9 1260 3167 4177.35688118
10 1261 3168 4179.76725546
9 1262 3169 4181.35688118
10 1263 3170 4182.77916201
11 1264 3175 4186.59909212
10 1265 3178 4187.450971
9 1266 3179 4188.35688118
8 1267 3181 4191.35688118
9 1268 3182 4191.70543131
8 1269 3185 4200.35688118
9 1270 3186 4200.58607032
8 1271 3190 4205.35688118
9 1272 3192 4209.66765359
8 1273 3194 4210.450971
7 1274 3195 4213.450971
8 1275 3196 4217.18628625
9 1276 3199 4218.50684408
8 1277 3203 4222.35688118
9 1278 3204 4224.71462386
8 1279 3210 4227.450971
9 1280 3216 4233.09940739
8 1281 3217 4235.96342911
7 1282 3220 4239.35688118
8 1283 3223 4242.12910243
7 1284 3228 4244.96342911
6 1285 3229 4246.96342911
5 1286 3232 4247.450971
4 1287 3234 4253.35688118
3 1288 3241 4266.96342911
2 1289 3242 4267.35688118
1 1290 3244 4267.450971
2 1291 3245 4270.11328021
3 1292 3248 4270.38092422
4 1293 3250 4271.5005311
5 1294 3253 4275.19109355
6 1295 3254 4277.13323534
5 1296 3257 4278.11328021
6 1297 3260 4279.74901904
7 1298 3261 4283.53843353
8 1299 3262 4284.6306411
9 1300 3263 4285.72065633
10 1301 3267 4290.06507235
9 1302 3268 4290.38092422
10 1303 3270 4290.81099168
9 1304 3271 4292.11328021
8 1305 3277 4295.11328021
9 1306 3280 4299.99148056
8 1307 3283 4300.11328021
9 1308 3284 4301.26641714
8 1309 3286 4301.38092422
9 1310 3287 4303.79699224
8 1311 3288 4306.11328021
9 1312 3294 4316.50030702
8 1313 3295 4317.11328021
9 1314 3296 4317.73353582
8 1315 3301 4321.38092422
9 1316 3304 4323.08028348
8 1317 3306 4323.11328021
9 1318 3307 4326.6393152
10 1319 3310 4327.87294833
9 1320 3313 4331.11328021
10 1321 3314 4331.22349462
9 1322 3321 4335.38092422
10 1323 3322 4344.91012707
9 1324 3324 4345.11328021
8 1325 3325 4347.38092422
9 1326 3333 4352.47166456
10 1327 3334 4353.22893813
9 1328 3335 4354.11328021
10 1329 3336 4354.77217261
9 1330 3338 4359.11328021
10 1331 3339 4363.45888405
9 1332 3341 4364.38092422
8 1333 3344 4367.38092422
9 1334 3347 4369.75517701
10 1335 3348 4370.06396339
11 1336 3349 4370.16180085
10 1337 3351 4373.11328021
11 1338 3352 4377.0585043
10 1339 3354 4381.38092422
11 1340 3359 4395.37075209
10 1341 3362 4396.11328021
11 1342 3363 4398.05491343
10 1343 3364 4398.38092422
9 1344 3371 4410.11328021
8 1345 3374 4413.11328021
9 1346 3375 4415.50960048
10 1347 3376 4416.44278062
11 1348 3377 4417.78264989
10 1349 3381 4418.38092422
11 1350 3385 4420.40344211
10 1351 3387 4424.11328021
9 1352 3388 4430.11328021
10 1353 3395 4438.38965938
9 1354 3398 4441.11328021
8 1355 3400 4441.38092422
7 1356 3401 4444.38092422
6 1357 3402 4447.38092422
5 1358 3409 4449.11328021
6 1359 3412 4450.85783621
7 1360 3413 4451.00056205
8 1361 3414 4452.8600685
7 1362 3416 4454.11328021
8 1363 3417 4454.64766954
7 1364 3420 4461.11328021
6 1365 3422 4462.11328021
5 1366 3424 4464.38092422
6 1367 3427 4466.82401801
5 1368 3429 4470.11328021
6 1369 3431 4473.84648961
7 1370 3437 4479.79189128
6 1371 3439 4481.11328021
5 1372 3440 4481.38092422
4 1373 3443 4484.38092422
3 1374 3449 4492.38092422
2 1375 3450 4495.38092422
1 1376 3452 4498.11328021
2 1377 3454 4500.76845521
3 1378 3457 4513.25530604
4 1379 3458 4515.61184707
5 1380 3463 4523.47989703
6 1381 3464 4525.23912261
7 1382 3467 4526.82468836
6 1383 3476 4533.41136324
7 1384 3481 4537.69818372
6 1385 3482 4539.41136324
5 1386 3484 4541.41136324
6 1387 3486 4543.51984154
5 1388 3490 4549.38261542
4 1389 3494 4552.38261542
3 1390 3495 4553.41136324
2 1391 3496 4558.41136324
1 1392 3497 4561.41136324
2 1393 3498 4565.23257986
3 1394 3500 4567.05156652
2 1395 3504 4575.05156652
1 1396 3507 4597.23257986
2 1397 3508 4598.22542688
3 1398 3512 4607.51072419
4 1399 3515 4611.47587787
3 1400 3519 4612.22542688
4 1401 3520 4613.92446133
5 1402 3522 4613.95925604
6 1403 3523 4614.34920619
7 1404 3524 4616.46725244
8 1405 3525 4618.3536056
7 1406 3527 4618.51072419
6 1407 3528 4618.51072419
7 1408 3530 4619.48954076
8 1409 3531 4619.74688915
9 1410 3532 4622.32618519
10 1411 3535 4624.89060084
9 1412 3539 4632.51072419
8 1413 3541 4635.51072419
7 1414 3543 4636.92446133
8 1415 3546 4639.64517337
7 1416 3551 4643.51072419
8 1417 3552 4649.70989262
9 1418 3553 4650.27633785
8 1419 3555 4650.92446133
9 1420 3561 4655.24912141
8 1421 3562 4655.92446133
7 1422 3564 4657.51072419
6 1423 3566 4660.51072419
7 1424 3569 4666.75818351
6 1425 3570 4666.92446133
5 1426 3574 4671.51072419
6 1427 3578 4675.23526785
7 1428 3581 4680.23333951
6 1429 3583 4680.92446133
5 1430 3586 4688.51072419
4 1431 3588 4691.92446133
5 1432 3594 4702.28628796
4 1433 3596 4702.51072419
3 1434 3601 4710.51072419
2 1435 3602 4711.92446133
3 1436 3603 4713.18991575
4 1437 3608 4717.34682834
3 1438 3612 4724.18991575
4 1439 3613 4725.35425339
5 1440 3615 4726.49865886
4 1441 3619 4735.11328021
3 1442 3624 4738.11328021
2 1443 3625 4740.49865886
3 1444 3626 4748.16899737
4 1445 3628 4748.59798787
3 1446 3630 4751.35425339
4 1447 3632 4752.00061501
5 1448 3638 4762.68579564
6 1449 3640 4762.99246608
5 1450 3642 4765.16899737
4 1451 3643 4771.16899737
3 1452 3644 4771.59798787
2 1453 3649 4779.99246608
3 1454 3650 4782.41351327
2 1455 3652 4782.68579564
1 1456 3655 4790.41351327
2 1457 3658 4812.15465746
3 1458 3662 4819.91436892
4 1459 3664 4825.49765349
3 1460 3666 4826.15465746
4 1461 3669 4832.62288502
5 1462 3675 4834.75407159
6 1463 3677 4836.68595117
5 1464 3679 4836.91436892
6 1465 3680 4836.98450454
5 1466 3681 4839.49765349
6 1467 3686 4841.39637156
7 1468 3687 4842.34496663
6 1469 3693 4846.62288502
5 1470 3695 4847.91436892
4 1471 3696 4848.75407159
3 1472 3697 4850.49765349
4 1473 3700 4852.59742364
3 1474 3702 4854.62288502
2 1475 3703 4854.75407159
3 1476 3704 4856.93219618
4 1477 3708 4860.90870252
5 1478 3710 4861.25539948
4 1479 3714 4866.59742364
5 1480 3715 4866.9661299
6 1481 3719 4869.19695075
5 1482 3721 4870.93219618
6 1483 3726 4878.25911533
7 1484 3727 4878.94188354
6 1485 3730 4880.9661299
7 1486 3732 4881.83932628
6 1487 3734 4883.90870252
5 1488 3736 4884.93219618
6 1489 3739 4889.73224145
5 1490 3741 4891.9661299
6 1491 3742 4893.99165046
5 1492 3750 4898.93219618
4 1493 3751 4899.25539948
3 1494 3752 4899.9661299
2 1495 3753 4900.90870252
3 1496 3756 4909.26250343
4 1497 3760 4915.20688888
3 1498 3762 4918.93219618
2 1499 3763 4923.26250343
3 1500 3766 4931.09496689
2 1501 3770 4938.20688888
1 1502 3771 4951.09496689
2 1503 3772 4969.49632919
3 1504 3774 4974.28551497
4 1505 3777 4979.41989301
5 1506 3779 4983.91878695
6 1507 3786 4987.39359735
7 1508 3788 4988.71300985
8 1509 3790 4990.5938559
7 1510 3791 4991.28551497
6 1511 3792 4992.49632919
5 1512 3796 4994.28551497
4 1513 3799 4995.49632919
3 1514 3800 4996.71300985
4 1515 3802 4999.29022007
5 1516 3804 5001.01144557
4 1517 3808 5004.39359735
5 1518 3812 5008.89809115
4 1519 3816 5012.49632919
5 1520 3821 5015.48880883
4 1521 3822 5016.29022007
5 1522 3823 5018.63201207
6 1523 3828 5023.20490587
5 1524 3830 5024.39359735
4 1525 3834 5025.89809115
3 1526 3835 5028.89809115
4 1527 3836 5031.99452372
5 1528 3838 5039.35408879
4 1529 3844 5044.63201207
3 1530 3845 5047.39359735
4 1531 3846 5047.77943862
3 1532 3850 5048.99452372
2 1533 3851 5052.77943862
3 1534 3854 5057.47216464
4 1535 3856 5061.46392026
3 1536 3858 5061.63201207
4 1537 3859 5062.60650061
5 1538 3861 5063.31714025
6 1539 3862 5066.32648988
7 1540 3867 5069.13177128
6 1541 3869 5071.47216464
7 1542 3872 5075.87866906
8 1543 3873 5077.18963663
7 1544 3874 5078.46392026
6 1545 3880 5082.60650061
5 1546 3881 5085.47216464
4 1547 3886 5087.60650061
5 1548 3888 5089.31426075
4 1549 3889 5093.60650061
5 1550 3890 5093.81760479
6 1551 3894 5094.57286398
5 1552 3896 5098.46392026
6 1553 3904 5102.46294389
7 1554 3905 5104.66647615
6 1555 3906 5106.46392026
5 1556 3908 5108.47216464
6 1557 3910 5110.38017827
5 1558 3912 5110.81760479
4 1559 3913 5111.47216464
5 1560 3918 5114.52361479
4 1561 3922 5116.47216464
3 1562 3923 5118.81760479
4 1563 3924 5119.19223558
3 1564 3926 5120.46392026
4 1565 3927 5120.82639193
5 1566 3933 5128.02011297
6 1567 3936 5130.29231161
5 1568 3938 5133.47216464
4 1569 3940 5134.82639193
3 1570 3943 5142.19223558
4 1571 3944 5146.69051259
5 1572 3946 5146.84418884
4 1573 3948 5147.47216464
5 1574 3949 5147.6294247
6 1575 3952 5156.21562054
7 1576 3953 5157.17070131
6 1577 3958 5163.82639193
5 1578 3960 5164.47216464
4 1579 3963 5166.69051259
5 1580 3968 5172.48545855
4 1581 3972 5177.82639193
3 1582 3973 5178.47216464
4 1583 3974 5184.16295734
3 1584 3978 5189.69051259
4 1585 3979 5190.32476069
3 1586 3983 5197.82639193
2 1587 3984 5198.16295734
3 1588 3987 5205.37133672
4 1589 3989 5205.53493761
3 1590 3991 5207.32476069
4 1591 3993 5209.23178119
5 1592 3994 5211.91907141
6 1593 3997 5213.27193432
5 1594 4005 5222.37133672
4 1595 4008 5225.53493761
3 1596 4013 5236.71300985
2 1597 4014 5239.53493761
3 1598 4016 5241.25126334
2 1599 4018 5248.37133672
3 1600 4020 5254.07033765
4 1601 4025 5257.48381915
5 1602 4027 5258.72682725
4 1603 4031 5267.25126334
3 1604 4034 5274.07033765
2 1605 4035 5274.48381915
3 1606 4038 5277.8261077
2 1607 4040 5281.25126334
3 1608 4041 5281.60884257
4 1609 4045 5288.23183103
3 1610 4047 5291.8261077
4 1611 4048 5293.91438476
5 1612 4050 5294.47501177
6 1613 4053 5295.22793834
5 1614 4056 5298.60884257
6 1615 4058 5299.39963687
7 1616 4061 5305.87146449
6 1617 4063 5307.91438476
5 1618 4064 5308.23183103
4 1619 4071 5315.60884257
5 1620 4072 5319.03531347
4 1621 4074 5319.23183103
3 1622 4079 5324.91438476
2 1623 4082 5326.60884257
3 1624 4083 5330.50489187
2 1625 4085 5336.23183103
3 1626 4088 5345.30174414
4 1627 4092 5349.51235869
3 1628 4094 5356.30174414
2 1629 4095 5356.50489187
3 1630 4096 5361.95032871
4 1631 4101 5363.52460871
5 1632 4105 5367.40246824
6 1633 4107 5370.26650552
7 1634 4108 5371.58548041
8 1635 4109 5374.40195979
9 1636 4110 5375.10690787
8 1637 4111 5375.51235869
7 1638 4113 5378.95032871
8 1639 4116 5379.96693875
9 1640 4117 5380.17955324
8 1641 4119 5381.95032871
7 1642 4125 5395.51235869
6 1643 4127 5401.95032871
5 1644 4129 5402.40246824
6 1645 4132 5403.99135051
7 1646 4133 5405.09623583
8 1647 4136 5406.13054813
9 1648 4137 5407.88833655
8 1649 4142 5410.40246824
9 1650 4143 5411.74736698
8 1651 4146 5412.95032871
7 1652 4148 5415.51235869
8 1653 4154 5423.73072517
7 1654 4160 5429.51235869
6 1655 4164 5432.95032871
5 1656 4165 5432.95032871
4 1657 4167 5433.40246824
3 1658 4168 5436.40246824
4 1659 4171 5436.8716968
3 1660 4173 5440.51235869
2 1661 4175 5444.32476069
3 1662 4176 5446.4465991
4 1663 4182 5448.58068009
5 1664 4184 5453.66489782
4 1665 4185 5453.8716968
3 1666 4187 5454.4465991
4 1667 4192 5464.29326591
3 1668 4194 5464.8716968
2 1669 4195 5465.58068009
1 1670 4199 5487.29326591
2 1671 4200 5508.44734761
1 1672 4204 5519.44734761
2 1673 4205 5524.59835725
3 1674 4207 5527.7737515
2 1675 4213 5541.59835725
3 1676 4214 5542.3812328
4 1677 4218 5547.45404862
3 1678 4220 5547.7737515
2 1679 4221 5550.3812328
3 1680 4222 5550.79103677
4 1681 4226 5552.47824658
5 1682 4228 5557.49319111
6 1683 4231 5557.56953412
5 1684 4232 5558.45404862
6 1685 4233 5561.22021963
7 1686 4237 5564.80510942
8 1687 4243 5566.54652702
7 1688 4247 5570.79103677
6 1689 4248 5572.47824658
5 1690 4249 5575.22021963
4 1691 4251 5577.49319111
5 1692 4252 5577.65489532
4 1693 4256 5578.47824658
3 1694 4261 5586.22021963
2 1695 4262 5587.79103677
1 1696 4263 5588.65489532
2 1697 4264 5589.35969343
1 1698 4268 5594.35969343
2 1699 4269 5594.88730242
3 1700 4271 5603.05034525
2 1701 4277 5614.05034525
3 1702 4278 5622.50911589
2 1703 4280 5623.88730242
3 1704 4281 5623.89887607
4 1705 4285 5627.44235805
5 1706 4287 5629.01770491
6 1707 4291 5634.44371782
7 1708 4293 5635.68312262
6 1709 4294 5636.50911589
7 1710 4299 5639.47066429
8 1711 4304 5643.87078835
7 1712 4305 5644.44235805
6 1713 4307 5646.01770491
5 1714 4309 5650.44235805
4 1715 4310 5650.50911589
3 1716 4313 5655.89887607
2 1717 4314 5657.01770491
3 1718 4315 5657.56899784
4 1719 4319 5661.44115102
5 1720 4321 5664.02576803
6 1721 4323 5667.41613584
5 1722 4325 5667.44235805
6 1723 4332 5669.55818851
7 1724 4333 5670.01172454
8 1725 4334 5670.32975734
9 1726 4335 5671.41238027
8 1727 4337 5672.44235805
7 1728 4341 5674.56899784
8 1729 4344 5679.68357826
7 1730 4348 5680.44235805
6 1731 4349 5681.44115102
7 1732 4354 5684.74987899
6 1733 4355 5685.56899784
5 1734 4360 5693.02576803
6 1735 4361 5693.36314702
5 1736 4368 5700.44235805
4 1737 4369 5700.44235805
3 1738 4371 5701.44115102
2 1739 4372 5701.95032871
1 1740 4373 5707.36314702
2 1741 4376 5713.15096919
3 1742 4377 5715.71416349
2 1743 4381 5724.15096919
3 1744 4384 5726.4911238
2 1745 4386 5729.71416349
3 1746 4387 5730.50883497
2 1747 4393 5750.50883497
1 1748 4394 5752.4911238
2 1749 4395 5754.28871636
1 1750 4399 5765.28871636
2 1751 4400 5767.27359671
3 1752 4402 5767.50313751
4 1753 4404 5767.86796713
3 1754 4408 5775.27359671
4 1755 4409 5776.09943035
5 1756 4416 5779.99771183
6 1757 4417 5780.14536126
5 1758 4421 5781.86796713
6 1759 4422 5782.8131682
7 1760 4424 5786.34435913
8 1761 4426 5786.51059578
7 1762 4428 5787.50313751
6 1763 4435 5793.09943035
5 1764 4436 5794.14536126
4 1765 4439 5799.09943035
3 1766 4440 5799.8131682
4 1767 4441 5800.45004201
3 1768 4443 5802.8131682
4 1769 4444 5803.62758919
3 1770 4448 5804.50313751
4 1771 4450 5805.54239676
3 1772 4452 5808.45004201
4 1773 4454 5821.30150238
5 1774 4460 5825.96558602
6 1775 4463 5831.23538961
5 1776 4464 5832.62758919
4 1777 4466 5835.30150238
3 1778 4470 5837.54239676
2 1779 4471 5840.62758919
3 1780 4472 5841.267454
4 1781 4476 5852.01593236
3 1782 4478 5852.30150238
4 1783 4479 5852.85518108
5 1784 4483 5862.01812854
4 1785 4489 5866.85518108
3 1786 4490 5867.267454
2 1787 4493 5872.01593236
1 1788 4494 5874.85518108
2 1789 4495 5888.13194647
1 1790 4499 5908.13194647
2 1791 4500 5911.97521018
3 1792 4502 5915.45413458
4 1793 4504 5918.04532404
3 1794 4512 5923.04532404
4 1795 4513 5924.21266271
3 1796 4516 5925.97521018
2 1797 4517 5926.45413458
3 1798 4518 5927.94685274
4 1799 4520 5928.92422045
5 1800 4524 5931.28696624
6 1801 4528 5938.04469533
7 1802 4531 5938.71655854
6 1803 4533 5941.94685274
5 1804 4534 5944.21266271
4 1805 4538 5945.28696624
5 1806 4539 5945.30649684
4 1807 4545 5952.21266271
5 1808 4547 5952.21432085
4 1809 4548 5954.92422045
3 1810 4555 5961.94685274
4 1811 4556 5967.13714195
3 1812 4558 5968.30649684
2 1813 4559 5974.92422045
3 1814 4562 5980.28691594
2 1815 4564 5993.13714195
3 1816 4565 5993.68056901
4 1817 4567 5995.73571996
3 1818 4571 6003.28691594
4 1819 4572 6003.63162109
5 1820 4580 6013.65693631
6 1821 4581 6013.71926496
5 1822 4583 6016.68056901
6 1823 4584 6020.32455118
7 1824 4585 6020.49390269
6 1825 4587 6023.63162109
5 1826 4588 6024.73571996
6 1827 4590 6025.0783424
7 1828 4593 6028.0089532
6 1829 4597 6030.68056901
7 1830 4600 6033.35756637
6 1831 4602 6034.63162109
7 1832 4605 6035.58262213
8 1833 4609 6038.68622024
7 1834 4612 6038.73571996
8 1835 4613 6039.87870764
9 1836 4617 6042.00819787
10 1837 4618 6043.13033869
9 1838 4620 6044.68056901
8 1839 4623 6048.50313751
7 1840 4625 6051.50313751
6 1841 4627 6051.63162109
7 1842 4628 6053.93912176
8 1843 4634 6057.29044317
9 1844 4635 6057.63074937
10 1845 4636 6060.45044954
11 1846 4639 6063.93087611
10 1847 4640 6064.73571996
9 1848 4645 6068.63162109
10 1849 4646 6069.46898102
9 1850 4648 6070.73571996
10 1851 4649 6071.24988777
9 1852 4652 6071.50313751
8 1853 4655 6073.68056901
7 1854 4661 6081.73571996
6 1855 4667 6085.63162109
5 1856 4671 6090.68056901
4 1857 4672 6091.63162109
3 1858 4673 6094.50313751
4 1859 4675 6094.95193142
5 1860 4677 6096.53400283
4 1861 4678 6097.50313751
3 1862 4682 6098.73571996
4 1863 4683 6110.88210023
3 1864 4685 6111.50313751
4 1865 4688 6116.27594415
5 1866 4690 6117.59679355
6 1867 4693 6119.13057136
5 1868 4696 6126.95193142
4 1869 4698 6127.88210023
5 1870 4704 6132.87640365
4 1871 4706 6137.95193142
3 1872 4707 6138.88210023
2 1873 4708 6142.27594415
3 1874 4709 6145.48733375
4 1875 4711 6146.39405983
5 1876 4715 6149.12564
6 1877 4716 6151.8105898
7 1878 4717 6153.74718106
6 1879 4720 6157.95193142
5 1880 4726 6168.48733375
6 1881 4728 6169.11416013
5 1882 4731 6169.39405983
6 1883 4733 6169.78323048
7 1884 4734 6172.05213863
8 1885 4735 6172.2688841
9 1886 4736 6172.31733862
10 1887 4737 6173.09861801
9 1888 4742 6174.95193142
8 1889 4745 6177.39405983
7 1890 4754 6186.21266271
8 1891 4758 6188.04404771
7 1892 4759 6188.95193142
6 1893 4761 6191.48733375
5 1894 4762 6191.95193142
4 1895 4763 6194.39405983
3 1896 4766 6197.39405983
2 1897 4768 6200.21266271
3 1898 4771 6210.34062058
4 1899 4773 6211.26224883
3 1900 4775 6214.48733375
2 1901 4781 6222.26224883
1 1902 4782 6227.34062058
2 1903 4783 6231.21431056
1 1904 4787 6236.21431056
2 1905 4788 6236.52066392
3 1906 4790 6240.14532892
4 1907 4795 6244.63510478
3 1908 4796 6251.14532892
4 1909 4800 6252.92420088
5 1910 4802 6258.69360293
4 1911 4804 6259.52066392
3 1912 4805 6259.52066392
4 1913 4810 6268.47837804
3 1914 4812 6269.69360293
4 1915 4813 6272.14286534
3 1916 4815 6272.92420088
4 1917 4816 6276.41378073
5 1918 4819 6277.65649337
6 1919 4823 6280.30486182
5 1920 4826 6285.47837804
4 1921 4828 6286.14286534
5 1922 4831 6286.72952491
4 1923 4832 6293.41378073
5 1924 4834 6294.12477876
4 1925 4836 6294.47837804
5 1926 4837 6298.54760226
6 1927 4842 6301.4054358
7 1928 4843 6301.57522155
8 1929 4844 6307.03944118
7 1930 4848 6309.14286534
6 1931 4852 6313.41378073
7 1932 4853 6314.88269056
6 1933 4856 6317.47837804
5 1934 4857 6320.14286534
4 1935 4866 6324.41378073
3 1936 4867 6328.47837804
2 1937 4869 6331.14286534
1 1938 4871 6337.47837804
2 1939 4872 6338.41138364
3 1940 4874 6341.81981069
4 1941 4876 6347.15050096
5 1942 4877 6347.28192342
6 1943 4878 6351.4342361
7 1944 4883 6355.95369227
6 1945 4888 6361.81981069
7 1946 4890 6364.47097328
6 1947 4894 6370.41138364
5 1948 4896 6371.63162109
4 1949 4898 6375.81981069
5 1950 4901 6379.44702223
6 1951 4902 6380.93329088
5 1952 4905 6387.41138364
4 1953 4908 6388.63162109
5 1954 4911 6390.01778623
6 1955 4914 6395.47973627
7 1956 4915 6396.73393668
8 1957 4916 6398.61330956
7 1958 4920 6407.81981069
6 1959 4922 6410.41138364
7 1960 4927 6416.99463336
6 1961 4929 6417.63162109
7 1962 4930 6422.16089147
6 1963 4932 6424.41138364
5 1964 4934 6424.81981069
6 1965 4937 6427.73621808
5 1966 4941 6437.63162109
4 1967 4944 6441.81981069
5 1968 4951 6452.14289001
6 1969 4953 6452.17491321
5 1970 4954 6452.81981069
6 1971 4956 6453.17587632
5 1972 4958 6453.41138364
6 1973 4959 6456.19121357
5 1974 4966 6466.63162109
4 1975 4968 6467.41138364
3 1976 4971 6469.81981069
2 1977 4973 6472.14289001
3 1978 4974 6473.3756345
4 1979 4976 6473.45036188
5 1980 4978 6477.01619941
4 1981 4981 6477.63162109
5 1982 4983 6478.51073627
6 1983 4984 6481.36121296
5 1984 4991 6490.3756345
4 1985 4995 6491.63162109
3 1986 4998 6496.45036188
2 1987 4999 6496.63162109
1 1988 5000 6498.3756345
2 1989 5001 6505.28734116
3 1990 5003 6507.56090724
4 1991 5007 6510.51847123
5 1992 5009 6511.37597514
6 1993 5010 6512.02393717
7 1994 5012 6514.3524148
6 1995 5014 6516.28734116
5 1996 5023 6527.51847123
4 1997 5026 6530.28734116
3 1998 5028 6533.56090724
2 1999 5031 6539.56090724
1 2000 5032 6541.51847123
0 2001 5033 6547.28734116
0 2002 5035 6724.81981069
