#data counter step time
0 1 0 0.0
1 2 1 0.0
2 3 12 4.22725419422
3 4 14 4.79590312261
4 5 16 10.984844922
3 6 22 21.2272541942
2 7 23 24.7959031226
3 8 26 36.5998771286
2 9 28 36.984844922
3 10 29 42.9870214357
4 11 33 47.515458391
5 12 35 48.9065938067
6 13 39 50.5199333008
5 14 41 50.5998771286
4 15 44 55.515458391
5 16 45 58.103285968
4 17 51 59.9870214357
3 18 52 66.103285968
4 19 55 68.2659600886
5 20 57 71.5825416284
6 21 60 72.043194104
5 22 61 73.5199333008
4 23 62 77.9065938067
5 24 66 80.5896920801
6 25 70 84.0714581219
5 26 76 85.2659600886
4 27 77 88.5825416284
5 28 78 89.5866715833
6 29 80 90.0391505081
5 30 82 91.2659600886
4 31 83 95.0714581219
5 32 84 95.6621415512
4 33 90 97.5896920801
3 34 91 101.039150508
4 35 94 106.959008202
3 36 98 109.586671583
4 37 99 114.195545811
3 38 101 114.959008202
2 39 102 121.662141551
3 40 105 128.179449683
2 41 107 128.195545811
3 42 108 130.168837399
2 43 114 136.179449683
3 44 115 138.334118376
2 45 117 141.168837399
3 46 120 144.560690805
4 47 122 147.469574297
3 48 126 149.334118376
4 49 127 149.855198772
3 50 131 155.560690805
2 51 134 161.469574297
3 52 135 165.452837719
4 53 137 169.913616676
5 54 141 173.474972411
4 55 143 175.855198772
5 56 146 179.529435677
4 57 148 182.452837719
5 58 151 187.331259075
4 59 155 189.913616676
3 60 156 193.529435677
4 61 157 194.143539239
3 62 159 196.474972411
4 63 164 204.999945124
5 64 166 205.786026927
4 65 168 207.331259075
3 66 169 208.143539239
4 67 172 212.088422297
5 68 174 212.248097051
6 69 180 223.378331203
7 70 184 225.388057873
6 71 185 226.248097051
5 72 187 227.999945124
4 73 188 228.786026927
5 74 191 230.891865868
4 75 195 235.088422297
5 76 196 235.447887604
6 77 199 237.99088137
7 78 203 239.345306419
8 79 205 240.727556977
9 80 206 241.382108441
8 81 208 241.891865868
7 82 209 243.248097051
6 83 211 243.248097051
5 84 212 243.378331203
6 85 213 243.696680464
7 86 217 247.085248765
8 87 220 252.461882512
7 88 224 253.345306419
6 89 232 257.696680464
5 90 233 261.345306419
4 91 234 261.447887604
3 92 235 263.248097051
4 93 236 265.330372261
3 94 240 267.891865868
4 95 242 271.945047195
3 96 246 279.330372261
2 97 247 280.696680464
3 98 248 282.943622247
2 99 250 285.330372261
3 100 253 299.798894482
2 101 255 299.943622247
3 102 258 315.549817603
2 103 262 316.798894482
3 104 263 320.853494853
4 105 265 324.019755617
3 106 267 329.549817603
4 107 268 330.395340607
5 108 272 332.827910385
6 109 275 333.522604737
7 110 278 336.361352287
6 111 280 337.853494853
7 112 285 345.083045289
6 113 290 347.019755617
5 114 291 349.827910385
6 115 292 350.360196335
5 116 294 350.361352287
4 117 295 350.395340607
5 118 296 351.572862476
4 119 304 355.827910385
5 120 305 357.290912434
6 121 307 358.059148673
5 122 309 361.360196335
4 123 312 365.083045289
3 124 313 365.572862476
2 125 314 366.059148673
3 126 315 367.256700483
4 127 319 367.484576191
5 128 321 367.59460427
4 129 325 371.290912434
3 130 330 375.256700483
4 131 331 376.944951451
5 132 333 377.368284404
6 133 336 377.932786652
7 134 337 378.237387008
6 135 339 381.59460427
5 136 340 384.484576191
4 137 348 398.237387008
3 138 349 399.944951451
2 139 350 400.368284404
1 140 351 402.944951451
2 141 352 405.798158741
3 142 354 407.387863485
2 143 360 419.798158741
1 144 361 424.387863485
2 145 362 442.71923911
1 146 366 447.71923911
2 147 367 454.979278609
3 148 371 460.220499296
4 149 373 460.583922906
5 150 377 463.646205356
4 151 381 468.979278609
5 152 384 472.813990061
6 153 386 473.295802838
5 154 388 474.583922906
4 155 389 474.646205356
5 156 390 474.761212927
4 157 398 483.220499296
5 158 399 484.4047512
4 159 401 486.813990061
5 160 402 486.81859826
6 161 404 490.088017835
5 162 406 490.295802838
4 163 409 491.761212927
5 164 414 498.086437469
6 165 416 500.623589233
5 166 418 501.4047512
6 167 421 501.731187058
5 168 425 506.81859826
4 169 426 511.623589233
3 170 427 513.088017835
2 171 430 515.086437469
3 172 431 517.998266318
4 173 433 520.269287516
3 174 435 521.731187058
4 175 438 531.367148416
3 176 442 534.998266318
4 177 445 542.146655327
3 178 447 542.367148416
2 179 448 543.269287516
3 180 451 550.90894708
4 181 453 552.142555474
5 182 457 554.945784533
6 183 462 556.847235746
5 184 463 559.146655327
4 185 464 559.945784533
3 186 465 560.142555474
4 187 469 564.999375329
3 188 471 567.90894708
2 189 473 573.90894708
3 190 476 577.737036591
4 191 478 578.245149208
3 192 482 581.999375329
4 193 483 582.52069158
5 194 487 584.939036629
6 195 488 586.896672114
5 196 492 588.737036591
6 197 493 590.050024494
7 198 495 593.567272661
8 199 498 596.508207574
7 200 502 597.896672114
6 201 503 598.245149208
7 202 508 598.522950302
6 203 511 608.52069158
5 204 513 609.245149208
4 205 516 610.050024494
3 206 519 611.52069158
4 207 520 612.655804877
5 208 522 613.305196291
4 209 524 614.896672114
3 210 525 616.52069158
4 211 527 618.630060776
5 212 531 622.294244335
6 213 532 622.501139754
7 214 534 622.967469979
8 215 535 623.044591586
7 216 539 623.655804877
8 217 543 625.940685755
9 218 544 630.54057663
8 219 546 632.630060776
7 220 551 636.305196291
6 221 553 637.655804877
5 222 557 643.630060776
4 223 558 643.655804877
5 224 559 645.016133751
4 225 566 653.305196291
5 226 568 654.563061748
4 227 570 654.630060776
3 228 571 654.655804877
4 229 573 658.319215676
3 230 577 661.305196291
2 231 581 664.305196291
3 232 582 665.155141591
4 233 584 666.842950979
3 234 586 668.630060776
4 235 588 674.823146544
5 236 591 678.725907158
6 237 592 681.107693903
7 238 595 682.256529906
8 239 596 684.904605741
9 240 597 685.778771149
8 241 598 691.155141591
7 242 601 694.630060776
8 243 603 697.302162463
9 244 605 698.484903292
8 245 612 705.630060776
7 246 616 708.155141591
6 247 617 708.155141591
7 248 618 709.081634775
6 249 619 711.155141591
7 250 625 717.537613132
6 251 626 722.155141591
7 252 628 723.079171221
8 253 629 723.232036626
9 254 630 724.108228872
8 255 631 725.155141591
9 256 634 726.334080271
8 257 636 728.630060776
7 258 639 730.155141591
8 259 640 737.203058073
9 260 643 740.024630482
8 261 647 744.155141591
9 262 649 744.509104723
8 263 650 745.630060776
7 264 652 750.155141591
8 265 657 760.112539893
7 266 659 765.630060776
6 267 661 770.155141591
7 268 664 775.744598124
6 269 666 776.630060776
5 270 672 781.630060776
6 271 675 790.05909713
5 272 677 790.155141591
6 273 678 796.663554503
7 274 679 798.583340893
6 275 681 798.630060776
7 276 686 800.841587207
6 277 688 804.155141591
5 278 697 818.155141591
4 279 698 818.630060776
5 280 700 821.516369013
6 281 701 821.658425718
7 282 702 827.782606905
6 283 704 827.90894708
7 284 705 828.995322363
8 285 710 836.572880544
9 286 711 837.217719926
8 287 716 838.155141591
9 288 720 838.55384356
8 289 721 841.155141591
9 290 722 845.191464381
10 291 726 846.82316171
9 292 728 847.90894708
8 293 732 852.52069158
7 294 733 855.155141591
6 295 734 858.155141591
7 296 737 858.461999902
6 297 739 858.52069158
7 298 744 864.269743357
6 299 749 866.52069158
7 300 750 866.721176363
6 301 751 872.155141591
5 302 753 872.155141591
4 303 755 879.90894708
5 304 762 889.000594585
4 305 763 889.52069158
3 306 765 890.90894708
4 307 768 894.860038567
3 308 770 898.155141591
4 309 772 901.060153309
5 310 773 901.742445426
6 311 778 903.873795434
5 312 780 906.52069158
6 313 782 909.205539016
7 314 784 910.799853284
8 315 785 911.598766156
9 316 786 913.142945247
8 317 790 914.860038567
7 318 795 919.305196291
6 319 796 919.305196291
7 320 798 919.425380935
6 321 800 920.52069158
7 322 801 923.417321187
8 323 807 926.975521873
7 324 809 930.305196291
6 325 812 934.860038567
5 326 814 937.860038567
4 327 818 943.52069158
5 328 823 946.112746897
4 329 825 950.305196291
3 330 826 951.52069158
2 331 829 957.860038567
1 332 830 961.305196291
2 333 831 962.886592896
3 334 833 965.265317279
4 335 837 975.18832632
5 336 841 975.847191313
6 337 842 976.570672031
5 338 845 976.886592896
6 339 846 979.002612409
7 340 847 979.004538694
6 341 854 982.265317279
5 342 855 987.886592896
6 343 858 990.932276074
5 344 860 992.18832632
6 345 861 994.740067525
5 346 863 996.886592896
6 347 864 997.129011793
5 348 867 999.265317279
6 349 872 1006.00254218
7 350 874 1006.01641367
6 351 875 1009.18832632
5 352 881 1013.26531728
6 353 882 1015.59880596
5 354 883 1016.26531728
4 355 885 1016.26531728
3 356 888 1022.8865929
4 357 889 1025.46488843
5 358 893 1029.8781745
4 359 894 1030.26531728
3 360 896 1032.18832632
2 361 901 1051.46488843
1 362 902 1053.26531728
2 363 903 1054.44437305
3 364 905 1057.40622558
4 365 907 1057.65524145
5 366 909 1059.0875384
4 367 917 1071.65524145
5 368 918 1071.85761963
6 369 919 1073.29895616
7 370 920 1074.39092537
6 371 922 1074.44437305
5 372 924 1077.40622558
6 373 925 1081.27613074
7 374 932 1087.80096963
8 375 933 1089.95654673
7 376 935 1091.40622558
6 377 940 1097.65524145
7 378 942 1097.6578106
8 379 943 1100.21651325
7 380 945 1100.44437305
8 381 946 1101.01007108
7 382 952 1102.40622558
8 383 953 1103.19139808
7 384 955 1105.65524145
6 385 956 1105.65524145
7 386 959 1106.80736569
6 387 960 1108.65524145
5 388 965 1113.40622558
4 389 968 1116.65524145
5 390 969 1116.91168001
4 391 971 1117.44437305
5 392 972 1117.84101196
6 393 979 1128.0068551
7 394 980 1128.97250451
6 395 982 1133.65524145
5 396 984 1136.40622558
4 397 987 1140.44437305
3 398 989 1141.65524145
4 399 990 1142.61534933
5 400 993 1145.89392226
4 401 997 1153.40622558
5 402 1001 1156.11591809
4 403 1008 1162.61534933
3 404 1009 1163.44437305
2 405 1010 1165.89392226
3 406 1013 1171.3037694
4 407 1015 1172.33496618
3 408 1019 1176.61534933
4 409 1020 1177.42019558
3 410 1026 1188.3037694
2 411 1027 1191.42019558
1 412 1028 1192.33496618
2 413 1029 1204.90344514
3 414 1031 1204.99328729
4 415 1037 1218.43036102
3 416 1039 1218.90344514
2 417 1040 1221.99328729
1 418 1043 1241.43036102
2 419 1044 1242.21705226
3 420 1046 1245.07069644
4 421 1050 1246.26273484
5 422 1052 1248.9416062
6 423 1054 1249.16653637
5 424 1060 1257.26273484
4 425 1062 1259.21705226
3 426 1063 1260.26273484
4 427 1065 1262.98647646
5 428 1067 1269.28235361
4 429 1068 1271.07069644
5 430 1072 1276.08059929
6 431 1073 1276.44291745
5 432 1076 1285.21705226
6 433 1078 1285.46844998
7 434 1079 1287.58359743
6 435 1083 1294.07069644
5 436 1088 1301.15514159
4 437 1092 1305.21705226
5 438 1095 1306.82911491
6 439 1098 1310.3361815
7 440 1099 1312.12731522
6 441 1101 1312.15514159
7 442 1105 1318.65005261
6 443 1107 1320.07069644
7 444 1108 1320.88928934
6 445 1113 1322.21705226
5 446 1115 1328.21705226
4 447 1116 1329.15514159
3 448 1118 1331.07069644
4 449 1120 1334.28095962
5 450 1122 1340.25930075
4 451 1128 1349.15514159
3 452 1130 1354.21705226
4 453 1131 1355.30161052
3 454 1137 1360.15514159
2 455 1138 1368.21705226
3 456 1139 1370.15088162
2 457 1143 1377.15514159
3 458 1147 1383.17947079
4 459 1151 1393.01001359
3 460 1153 1394.17947079
2 461 1154 1396.15088162
1 462 1157 1416.01001359
2 463 1158 1419.97848461
3 464 1162 1431.20983161
4 465 1165 1431.66424007
5 466 1166 1432.30699026
4 467 1168 1433.97848461
5 468 1172 1435.95855366
6 469 1178 1443.83515438
5 470 1179 1443.95855366
4 471 1181 1445.20983161
3 472 1182 1446.30699026
2 473 1183 1448.20983161
3 474 1186 1456.78036547
2 475 1188 1460.95855366
3 476 1189 1464.06936826
4 477 1191 1467.40069837
5 478 1195 1473.43347781
6 479 1202 1479.87835323
7 480 1203 1480.39422626
6 481 1204 1481.40069837
5 482 1206 1484.06936826
6 483 1208 1485.12713216
5 484 1210 1485.78036547
6 485 1212 1486.35446715
7 486 1214 1488.23991312
8 487 1223 1492.1074211
7 488 1224 1498.06936826
6 489 1226 1498.26273484
5 490 1227 1498.40069837
4 491 1230 1501.06936826
3 492 1231 1501.40069837
4 493 1232 1502.25406035
3 494 1236 1506.26273484
4 495 1237 1507.67052902
5 496 1241 1512.43654283
6 497 1243 1512.74617079
7 498 1245 1512.95293645
6 499 1246 1514.78036547
5 500 1248 1519.25406035
6 501 1249 1522.28468155
7 502 1260 1526.75760673
8 503 1261 1527.13752576
7 504 1264 1527.67052902
8 505 1265 1531.95565253
7 506 1269 1534.78036547
6 507 1271 1535.43654283
5 508 1272 1535.43654283
4 509 1273 1536.28468155
3 510 1274 1544.67052902
2 511 1277 1547.67052902
1 512 1278 1557.78036547
2 513 1280 1558.28550742
3 514 1285 1568.81769632
4 515 1287 1570.84331649
5 516 1289 1571.27266328
4 517 1291 1572.28550742
5 518 1292 1573.08085644
6 519 1294 1575.82120597
5 520 1306 1587.07069644
4 521 1307 1590.84331649
3 522 1308 1591.81769632
2 523 1309 1592.28550742
1 524 1310 1595.28550742
2 525 1311 1596.33883936
3 526 1313 1606.96101561
2 527 1317 1613.33883936
3 528 1320 1618.37834594
4 529 1322 1619.36535048
5 530 1324 1620.65394075
6 531 1328 1626.81357095
5 532 1330 1629.96101561
6 533 1337 1635.35713513
5 534 1339 1635.37834594
4 535 1340 1637.65394075
3 536 1341 1637.96101561
4 537 1342 1638.23925076
3 538 1346 1645.36535048
4 539 1347 1646.625812
5 540 1349 1646.7323208
6 541 1351 1647.18738967
5 542 1357 1652.23925076
4 543 1358 1652.37834594
5 544 1359 1654.02154527
4 545 1361 1654.625812
5 546 1366 1660.5324796
6 547 1371 1661.16451075
5 548 1372 1666.23925076
4 549 1376 1668.02154527
3 550 1377 1671.5324796
2 551 1378 1672.7323208
1 552 1379 1677.5324796
2 553 1380 1685.00254222
3 554 1382 1685.214442
4 555 1384 1687.00437312
5 556 1386 1689.51985904
6 557 1396 1703.49880528
5 558 1397 1705.00254222
4 559 1401 1706.51985904
3 560 1402 1708.214442
4 561 1404 1711.87941098
3 562 1406 1716.00254222
2 563 1408 1719.00437312
3 564 1409 1720.93083695
4 565 1411 1721.83148527
5 566 1415 1721.91529163
4 567 1420 1734.87941098
5 568 1424 1738.79884354
4 569 1425 1738.83148527
3 570 1427 1743.93083695
4 571 1428 1745.36943109
3 572 1430 1748.87941098
4 573 1433 1749.54681038
5 574 1436 1751.58012854
6 575 1442 1754.22435461
5 576 1443 1755.83148527
4 577 1445 1756.36943109
3 578 1446 1757.54681038
2 579 1447 1758.83148527
3 580 1448 1760.63960998
4 581 1450 1767.05409989
3 582 1459 1778.05409989
2 583 1460 1780.63960998
3 584 1461 1781.20480916
4 585 1463 1786.10267703
3 586 1467 1788.36943109
2 587 1468 1795.20480916
3 588 1471 1798.98232723
2 589 1473 1806.10267703
3 590 1474 1807.64803053
4 591 1476 1808.93264932
5 592 1480 1812.12842686
6 593 1484 1819.56350371
7 594 1487 1824.37649152
6 595 1491 1824.98232723
5 596 1492 1830.64803053
4 597 1494 1832.12842686
5 598 1496 1832.39080735
6 599 1497 1835.65898015
5 600 1506 1843.93264932
4 601 1507 1844.98232723
5 602 1508 1845.70857304
4 603 1510 1849.65898015
5 604 1513 1852.25371259
4 605 1515 1853.98232723
5 606 1516 1856.58695711
4 607 1518 1859.70857304
5 608 1519 1860.47550789
4 609 1521 1862.64803053
5 610 1522 1863.57183279
4 611 1530 1867.58695711
3 612 1531 1869.25371259
4 613 1533 1871.12604092
5 614 1535 1872.26249347
6 615 1536 1873.21976536
5 616 1537 1874.47550789
6 617 1542 1880.52179979
7 618 1547 1883.88832322
8 619 1548 1884.96462297
9 620 1549 1886.52347059
8 621 1552 1888.12604092
7 622 1553 1888.47550789
6 623 1559 1889.57183279
5 624 1564 1893.12604092
6 625 1568 1897.25262595
5 626 1569 1899.47550789
6 627 1570 1900.23092211
5 628 1571 1902.47550789
4 629 1574 1903.57183279
5 630 1575 1905.07845266
4 631 1576 1905.12604092
5 632 1581 1917.18119971
4 633 1582 1919.47550789
5 634 1584 1921.69754899
4 635 1592 1929.57183279
3 636 1593 1930.47550789
4 637 1595 1930.94797758
3 638 1599 1935.57183279
4 639 1600 1935.77077128
3 640 1604 1942.214442
4 641 1605 1943.44245297
3 642 1607 1946.77077128
2 643 1608 1951.214442
3 644 1609 1952.88373764
4 645 1611 1954.23031623
5 646 1613 1954.91153537
4 647 1618 1960.88373764
3 648 1622 1965.23031623
4 649 1623 1967.24495385
3 650 1625 1969.44245297
4 651 1630 1983.63147444
3 652 1632 1983.88373764
2 653 1633 1984.24495385
3 654 1634 1988.08646899
2 655 1638 1994.63147444
1 656 1641 2002.08646899
2 657 1642 2008.53341724
3 658 1644 2012.62163731
4 659 1648 2018.19479255
3 660 1650 2019.53341724
4 661 1655 2024.39102361
5 662 1657 2026.17801464
4 663 1659 2026.62163731
3 664 1662 2032.19479255
4 665 1663 2033.51736747
3 666 1669 2037.62163731
2 667 1671 2038.39102361
3 668 1673 2043.85974095
2 669 1675 2044.51736747
1 670 1678 2063.85974095
2 671 1679 2070.24086718
3 672 1681 2072.72324561
2 673 1685 2077.72324561
3 674 1686 2080.36734283
4 675 1693 2088.23779016
5 676 1695 2088.86238691
4 677 1698 2093.24086718
3 678 1702 2100.36734283
2 679 1703 2104.24086718
1 680 1704 2105.23779016
2 681 1706 2120.90933888
3 682 1708 2123.58289143
4 683 1710 2124.17337172
3 684 1718 2134.58289143
2 685 1719 2135.17337172
3 686 1720 2136.00616775
2 687 1724 2140.90933888
1 688 1725 2150.00616775
2 689 1726 2171.58743607
1 690 1730 2179.58743607
2 691 1731 2205.79197948
3 692 1734 2206.19884099
4 693 1735 2208.07537267
5 694 1742 2213.43471246
6 695 1744 2216.6798619
7 696 1746 2218.65828391
6 697 1747 2219.07537267
5 698 1749 2219.79197948
6 699 1753 2220.5567761
7 700 1756 2221.36667343
6 701 1757 2222.79197948
5 702 1762 2227.6798619
6 703 1763 2228.26986871
5 704 1767 2233.07537267
4 705 1768 2233.43471246
3 706 1769 2233.79197948
4 707 1772 2237.54952852
3 708 1774 2239.07537267
2 709 1775 2242.26986871
3 710 1778 2253.55377909
2 711 1783 2263.54952852
1 712 1784 2267.55377909
2 713 1785 2276.51114666
3 714 1789 2285.78139356
2 715 1791 2287.51114666
1 716 1794 2305.78139356
2 717 1795 2319.51763355
3 718 1799 2327.12515485
2 719 1801 2327.51763355
3 720 1802 2329.45671875
4 721 1804 2334.54744621
5 722 1808 2338.40060257
4 723 1814 2342.54744621
5 724 1815 2343.68699535
6 725 1819 2351.858832
5 726 1821 2352.40060257
4 727 1822 2355.45671875
5 728 1823 2356.03923348
4 729 1825 2356.12515485
5 730 1828 2358.6714836
6 731 1832 2361.58505791
5 732 1836 2365.858832
4 733 1839 2369.68699535
3 734 1842 2375.58505791
2 735 1843 2376.03923348
3 736 1844 2378.47522699
2 737 1846 2384.6714836
1 738 1849 2395.47522699
2 739 1850 2400.03238537
1 740 1854 2408.03238537
2 741 1855 2410.3378528
3 742 1857 2411.43303568
4 743 1861 2415.93977403
5 744 1863 2419.98443945
6 745 1865 2420.10089624
7 746 1872 2426.38412258
8 747 1873 2428.09530761
7 748 1874 2428.43303568
8 749 1879 2429.56323483
7 750 1882 2432.93977403
6 751 1884 2433.3378528
5 752 1885 2436.98443945
4 753 1886 2440.10089624
5 754 1889 2441.66675367
4 755 1891 2447.93977403
3 756 1894 2451.43303568
4 757 1898 2452.73556871
3 758 1900 2461.66675367
2 759 1902 2464.93977403
3 760 1905 2466.19422503
4 761 1907 2468.0877472
5 762 1911 2476.60095032
6 763 1913 2476.75664403
7 764 1914 2477.14201308
6 765 1916 2478.73556871
7 766 1917 2480.85370402
6 767 1923 2483.19422503
5 768 1925 2485.0877472
4 769 1930 2489.73556871
5 770 1933 2490.33292169
6 771 1937 2493.40430411
7 772 1938 2494.80509291
6 773 1939 2496.0877472
5 774 1943 2502.60095032
4 775 1945 2503.19422503
3 776 1946 2504.33292169
2 777 1947 2507.0877472
3 778 1948 2508.74430755
4 779 1950 2511.18314262
5 780 1952 2511.3515553
6 781 1957 2512.83908369
7 782 1959 2514.97908386
8 783 1961 2517.61304125
9 784 1966 2519.483347
8 785 1967 2519.60095032
7 786 1974 2525.3515553
6 787 1975 2525.74430755
5 788 1978 2528.3515553
6 789 1980 2528.57118932
5 790 1981 2528.74430755
4 791 1982 2528.74430755
3 792 1986 2531.18314262
4 793 1987 2537.11617664
3 794 1990 2539.74430755
4 795 1992 2539.97052168
5 796 1993 2542.46886187
4 797 1994 2542.60095032
5 798 1997 2544.77079644
4 799 2003 2551.11617664
3 800 2006 2554.11617664
2 801 2007 2559.97052168
1 802 2008 2562.60095032
2 803 2009 2563.05106895
3 804 2011 2563.77892477
4 805 2013 2564.88980593
3 806 2021 2574.05106895
2 807 2022 2578.88980593
3 808 2023 2579.76284411
4 809 2025 2582.59409681
5 810 2027 2586.16949881
6 811 2030 2588.37781941
5 812 2031 2589.77892477
6 813 2033 2590.00608037
7 814 2034 2590.458729
6 815 2038 2596.76284411
5 816 2044 2605.59409681
4 817 2047 2609.77892477
5 818 2049 2613.08638916
4 819 2051 2613.59409681
3 820 2052 2613.76284411
4 821 2056 2614.54727239
5 822 2057 2621.30014294
6 823 2062 2628.30847879
7 824 2063 2629.34435368
6 825 2064 2629.77892477
5 826 2066 2630.59409681
4 827 2067 2633.59409681
5 828 2069 2635.30856208
6 829 2072 2638.23071066
5 830 2076 2647.30014294
6 831 2079 2650.27843998
5 832 2082 2658.77892477
6 833 2084 2659.02236063
5 834 2085 2659.59409681
4 835 2090 2666.77892477
5 836 2091 2666.85503003
4 837 2093 2667.30014294
3 838 2098 2675.30014294
4 839 2099 2675.67115791
3 840 2103 2680.77892477
4 841 2105 2680.88352117
3 842 2107 2682.59409681
2 843 2113 2689.67115791
1 844 2114 2693.59409681
2 845 2115 2694.71515278
3 846 2118 2697.43852608
4 847 2123 2704.05957396
5 848 2127 2713.62129571
4 849 2129 2714.43852608
3 850 2131 2714.71515278
4 851 2132 2716.46020006
3 852 2134 2717.71515278
2 853 2140 2727.62129571
1 854 2141 2734.71515278
2 855 2142 2744.78634896
3 856 2147 2758.73119855
4 857 2149 2759.21346097
5 858 2151 2761.10611884
6 859 2152 2761.70062182
7 860 2154 2762.15742648
6 861 2155 2764.78634896
7 862 2160 2770.38734631
6 863 2165 2772.73119855
7 864 2166 2772.85159805
8 865 2167 2774.73870784
7 866 2169 2776.21346097
8 867 2175 2780.68176283
7 868 2177 2781.78634896
6 869 2178 2782.21346097
5 870 2179 2784.78634896
6 871 2180 2785.77109864
5 872 2184 2786.73119855
6 873 2189 2796.69834777
7 874 2190 2797.26871605
6 875 2191 2798.78634896
5 876 2194 2799.21346097
4 877 2196 2800.73119855
5 878 2199 2802.83836656
4 879 2202 2809.78634896
5 880 2206 2812.8546227
4 881 2207 2813.21346097
3 882 2211 2823.73119855
2 883 2212 2823.78634896
3 884 2216 2829.49201854
4 885 2218 2829.59376669
5 886 2220 2832.05786264
4 887 2226 2842.21346097
3 888 2227 2843.49201854
2 889 2228 2846.49201854
3 890 2231 2856.75578029
2 891 2233 2859.21346097
3 892 2234 2865.31816735
4 893 2238 2870.2774197
3 894 2242 2876.31816735
4 895 2243 2877.21888817
3 896 2245 2882.75578029
2 897 2248 2893.31816735
3 898 2249 2893.85526807
4 899 2255 2904.71666076
3 900 2256 2905.75578029
4 901 2258 2910.60099969
5 902 2261 2916.73773246
4 903 2262 2916.75578029
3 904 2265 2916.85526807
4 905 2268 2926.76797862
3 906 2275 2930.85526807
4 907 2276 2936.86388529
3 908 2278 2939.85526807
4 909 2279 2940.97525364
5 910 2281 2941.35898395
4 911 2283 2942.75578029
5 912 2286 2946.61812985
4 913 2292 2950.86388529
5 914 2293 2952.60817057
4 915 2297 2957.61812985
3 916 2298 2960.97525364
2 917 2299 2961.35898395
3 918 2302 2968.60672406
2 919 2306 2975.60817057
3 920 2307 2975.75125561
2 921 2309 2979.60672406
3 922 2312 2997.97452785
4 923 2316 3002.57391396
5 924 2318 3004.4782985
4 925 2320 3004.75125561
5 926 2321 3006.34148211
6 927 2323 3008.01427533
7 928 2326 3011.25304313
8 929 2327 3014.54555319
7 930 2328 3014.97452785
8 931 2334 3015.97963049
7 932 2335 3018.4782985
8 933 2339 3020.07427001
9 934 2340 3022.54760802
10 935 2341 3022.63769844
9 936 2343 3025.57391396
10 937 2345 3027.01750155
9 938 2350 3028.97452785
8 939 2351 3029.34148211
9 940 2353 3030.41376601
10 941 2354 3031.80487532
11 942 2357 3032.9793881
10 943 2360 3036.57391396
11 944 2362 3037.40825302
10 945 2364 3038.4782985
11 946 2365 3038.7021051
12 947 2368 3043.17212399
11 948 2370 3043.34148211
12 949 2372 3045.70466884
11 950 2376 3047.4782985
12 951 2377 3047.50986571
11 952 2381 3048.97452785
10 953 2384 3053.57391396
11 954 2385 3053.58201744
10 955 2387 3055.4782985
11 956 2390 3060.40136052
12 957 2391 3061.96661392
11 958 2392 3062.57391396
10 959 2395 3062.97452785
9 960 2397 3066.34148211
10 961 2398 3066.96368107
11 962 2405 3076.74201383
10 963 2407 3077.34148211
9 964 2410 3081.4782985
8 965 2413 3082.57391396
9 966 2415 3084.12824627
8 967 2420 3085.97452785
7 968 2426 3091.34148211
6 969 2434 3096.57391396
5 970 2435 3099.97452785
4 971 2436 3102.97452785
3 972 2437 3107.4782985
4 973 2438 3108.46268813
3 974 2440 3108.57391396
2 975 2441 3108.78634896
3 976 2442 3110.26354211
4 977 2444 3112.39223757
5 978 2446 3120.53231287
4 979 2454 3125.46268813
3 980 2457 3129.39223757
4 981 2458 3134.66475646
3 982 2460 3136.26354211
2 983 2462 3137.53231287
1 984 2466 3151.66475646
2 985 2468 3157.58169169
3 986 2471 3161.50145704
4 987 2473 3162.1525152
5 988 2479 3164.96342159
4 989 2483 3175.50145704
3 990 2484 3176.1525152
2 991 2485 3177.58169169
3 992 2486 3181.40230594
4 993 2490 3193.06826516
5 994 2494 3198.14037329
4 995 2498 3201.50145704
5 996 2499 3203.63562582
6 997 2500 3203.97135726
5 998 2501 3207.40230594
6 999 2503 3207.76465526
5 1000 2506 3210.06826516
6 1001 2511 3215.45024537
5 1002 2512 3218.40230594
4 1003 2519 3224.06826516
3 1004 2520 3224.50145704
2 1005 2521 3226.40230594
1 1006 2522 3227.06826516
2 1007 2523 3228.00495774
3 1008 2525 3233.58965914
4 1009 2527 3235.07808238
5 1010 2529 3235.57231384
6 1011 2531 3236.74351916
7 1012 2537 3241.65087347
8 1013 2538 3244.05750619
7 1014 2542 3247.58965914
8 1015 2545 3253.53056982
7 1016 2547 3254.00495774
6 1017 2548 3254.00495774
5 1018 2549 3255.07808238
6 1019 2553 3259.92788499
5 1020 2555 3260.07808238
6 1021 2556 3262.49673884
5 1022 2559 3264.58965914
6 1023 2561 3266.87338766
7 1024 2562 3269.08561225
8 1025 2563 3271.07646202
7 1026 2564 3274.00495774
8 1027 2569 3274.83655168
9 1028 2572 3276.97999098
8 1029 2574 3280.07808238
7 1030 2575 3281.58965914
8 1031 2577 3282.98233894
9 1032 2583 3287.95046617
10 1033 2584 3289.94954756
9 1034 2585 3294.00495774
8 1035 2589 3297.00495774
7 1036 2591 3297.07808238
8 1037 2592 3299.54076754
9 1038 2593 3299.99394944
10 1039 2594 3301.62554335
9 1040 2596 3304.58965914
10 1041 2601 3308.11965002
11 1042 2602 3308.79914088
10 1043 2604 3311.00495774
9 1044 2607 3318.58965914
8 1045 2611 3320.07808238
9 1046 2614 3326.11312778
8 1047 2621 3331.00495774
9 1048 2622 3336.10603266
8 1049 2624 3337.07808238
7 1050 2628 3338.58965914
6 1051 2629 3340.07808238
5 1052 2631 3342.00495774
6 1053 2632 3345.59421007
7 1054 2639 3357.27223118
6 1055 2640 3358.58965914
5 1056 2643 3362.00495774
4 1057 2646 3366.07808238
5 1058 2649 3369.16989983
4 1059 2655 3372.58965914
5 1060 2660 3376.97953298
4 1061 2664 3382.00495774
3 1062 2666 3382.26354211
2 1063 2667 3386.16989983
3 1064 2668 3386.23700934
2 1065 2670 3389.16989983
3 1066 2674 3407.10943643
4 1067 2676 3409.94363116
5 1068 2678 3411.86289285
4 1069 2680 3412.23700934
5 1070 2683 3414.23165119
6 1071 2684 3415.99046966
7 1072 2687 3419.70149797
6 1073 2689 3421.10943643
5 1074 2692 3429.23700934
4 1075 2694 3429.94363116
5 1076 2696 3430.54517114
6 1077 2701 3440.87693717
7 1078 2704 3443.19311637
6 1079 2706 3443.94363116
5 1080 2708 3444.10943643
6 1081 2709 3445.12575226
7 1082 2711 3449.32259669
6 1083 2715 3452.23700934
7 1084 2716 3452.73680359
8 1085 2720 3454.77740045
7 1086 2722 3458.10943643
6 1087 2723 3460.94363116
5 1088 2727 3463.94363116
6 1089 2729 3465.49826062
7 1090 2730 3466.67310015
8 1091 2731 3467.93399478
9 1092 2735 3469.1289222
10 1093 2736 3472.48713915
9 1094 2737 3475.10943643
8 1095 2739 3475.23700934
9 1096 2743 3477.59599636
8 1097 2745 3478.10943643
9 1098 2746 3485.26064403
10 1099 2747 3486.25423965
9 1100 2749 3486.94363116
10 1101 2750 3490.1029774
11 1102 2753 3492.56165746
10 1103 2758 3495.10943643
11 1104 2761 3498.15522896
10 1105 2763 3498.23700934
9 1106 2765 3500.94363116
8 1107 2768 3504.23700934
7 1108 2774 3508.94363116
8 1109 2775 3511.37398317
9 1110 2776 3511.71079
8 1111 2778 3512.10943643
7 1112 2780 3518.23700934
6 1113 2788 3528.94363116
5 1114 2789 3529.10943643
4 1115 2792 3529.23700934
3 1116 2798 3539.94363116
2 1117 2799 3552.10943643
3 1118 2800 3553.00387922
2 1119 2802 3555.10943643
3 1120 2805 3559.32860023
2 1121 2811 3570.00387922
3 1122 2812 3572.01953361
2 1123 2814 3573.32860023
3 1124 2815 3576.66143421
4 1125 2819 3586.17781827
3 1126 2824 3589.01953361
2 1127 2825 3593.66143421
3 1128 2828 3607.38839394
4 1129 2830 3607.69128152
3 1130 2834 3610.58965914
2 1131 2837 3615.69128152
3 1132 2838 3621.76225475
4 1133 2840 3623.04098211
5 1134 2842 3624.32009129
4 1135 2844 3624.38839394
3 1136 2849 3632.38839394
2 1137 2853 3635.76225475
1 1138 2854 3643.04098211
2 1139 2855 3646.8100072
3 1140 2857 3648.98368523
4 1141 2861 3654.38763438
3 1142 2863 3654.8100072
4 1143 2866 3659.0726901
3 1144 2868 3665.98368523
4 1145 2871 3667.83262427
3 1146 2877 3673.0726901
4 1147 2878 3673.46634882
5 1148 2880 3677.32703327
6 1149 2884 3678.53490831
5 1150 2886 3680.38763438
4 1151 2887 3682.32703327
5 1152 2890 3683.76309061
6 1153 2892 3684.31609436
5 1154 2896 3684.83262427
6 1155 2899 3689.07215334
5 1156 2903 3693.46634882
4 1157 2904 3694.76309061
3 1158 2905 3695.83262427
2 1159 2906 3697.38763438
3 1160 2907 3699.07613527
4 1161 2909 3699.11200126
5 1162 2917 3707.87765699
6 1163 2921 3711.87693796
5 1164 2922 3713.07613527
4 1165 2924 3716.11200126
3 1166 2925 3716.46634882
4 1167 2928 3717.29935428
5 1168 2930 3718.41713548
4 1169 2932 3718.87765699
5 1170 2933 3723.73830917
6 1171 2937 3725.56092305
5 1172 2941 3730.07613527
4 1173 2942 3732.41713548
3 1174 2947 3734.29935428
2 1175 2948 3738.07613527
3 1176 2949 3742.84237219
2 1177 2951 3743.73830917
3 1178 2953 3748.99822117
2 1179 2957 3756.84237219
1 1180 2958 3756.84237219
2 1181 2959 3767.52473786
3 1182 2961 3776.0847702
2 1183 2967 3787.0847702
3 1184 2968 3790.12657667
4 1185 2970 3791.58817256
5 1186 2972 3792.09178776
6 1187 2974 3792.16166325
7 1188 2975 3795.28211406
6 1189 2977 3796.52473786
5 1190 2982 3801.12657667
4 1191 2986 3803.09178776
5 1192 2987 3804.08692211
4 1193 2989 3805.58817256
3 1194 2998 3813.52473786
2 1195 2999 3818.08692211
3 1196 3000 3820.76783246
2 1197 3002 3821.12657667
3 1198 3005 3828.03745546
2 1199 3007 3828.76783246
1 1200 3010 3854.03745546
2 1201 3013 3858.21916371
3 1202 3015 3859.48876621
4 1203 3017 3861.39983968
3 1204 3025 3870.48876621
2 1205 3026 3872.21916371
3 1206 3027 3874.78258391
2 1207 3029 3878.39983968
3 1208 3031 3880.19529531
4 1209 3033 3882.66583684
5 1210 3034 3883.85593379
6 1211 3035 3885.80688088
5 1212 3041 3897.19529531
6 1213 3043 3898.18064614
5 1214 3045 3900.78258391
4 1215 3051 3911.78258391
5 1216 3054 3915.62788084
4 1217 3055 3916.78258391
3 1218 3058 3920.19529531
4 1219 3059 3924.86070676
5 1220 3063 3928.25086551
4 1221 3068 3933.78258391
3 1222 3069 3934.19529531
2 1223 3070 3937.19529531
1 1224 3073 3944.78258391
2 1225 3074 3949.40522171
3 1226 3076 3949.8939564
4 1227 3078 3952.74880885
5 1228 3079 3953.77903555
6 1229 3080 3957.72871178
5 1230 3086 3966.40522171
6 1231 3088 3968.45748987
7 1232 3089 3969.69021186
6 1233 3094 3972.8939564
7 1234 3095 3974.22981319
6 1235 3096 3977.40522171
7 1236 3097 3977.90717355
8 1237 3098 3978.92945749
9 1238 3099 3981.82160508
10 1239 3100 3982.30234298
9 1240 3102 3983.40522171
10 1241 3105 3990.08467318
11 1242 3106 3993.02251514
12 1243 3109 3995.00742213
13 1244 3110 3997.88522613
12 1245 3113 3998.8939564
11 1246 3115 4000.40522171
12 1247 3118 4005.46022904
13 1248 3119 4005.61456162
14 1249 3123 4014.13348732
13 1250 3127 4014.40522171
14 1251 3128 4014.47784843
15 1252 3129 4014.53588013
14 1253 3131 4018.8939564
13 1254 3137 4024.8939564
12 1255 3145 4032.8939564
13 1256 3150 4033.88726768
14 1257 3151 4036.37592224
13 1258 3152 4037.40522171
12 1259 3153 4040.40522171
11 1260 3155 4040.72920378
10 1261 3156 4040.72920378
11 1262 3157 4041.64645445
10 1263 3160 4043.72920378
9 1264 3162 4046.40522171
10 1265 3163 4047.93159584
11 1266 3164 4048.68086195
10 1267 3165 4049.8939564
11 1268 3171 4050.65278373
12 1269 3174 4051.38939448
11 1270 3177 4057.72920378
10 1271 3184 4063.40522171
11 1272 3187 4063.70726994
10 1273 3190 4069.8939564
11 1274 3192 4072.21007114
10 1275 3193 4072.8939564
9 1276 3195 4072.8939564
10 1277 3205 4080.14516189
9 1278 3206 4080.40522171
8 1279 3208 4081.03745546
7 1280 3210 4083.40522171
6 1281 3211 4086.40522171
5 1282 3212 4086.8939564
4 1283 3216 4089.72920378
3 1284 3217 4089.72920378
2 1285 3220 4094.40522171
3 1286 3224 4099.11942915
4 1287 3226 4100.07588363
3 1288 3228 4104.03745546
4 1289 3235 4114.63352547
5 1290 3236 4117.50618013
4 1291 3238 4118.03745546
3 1292 3240 4119.11942915
4 1293 3241 4119.58889211
5 1294 3242 4123.73929208
4 1295 3247 4132.03745546
3 1296 3250 4133.11942915
4 1297 3253 4139.76273265
5 1298 3256 4142.94224644
6 1299 3257 4145.50963337
5 1300 3259 4149.03745546
4 1301 3260 4150.11942915
3 1302 3268 4166.03745546
2 1303 3269 4167.11942915
3 1304 3270 4169.34131548
2 1305 3272 4173.11942915
3 1306 3273 4175.10611486
2 1307 3277 4180.34131548
3 1308 3280 4189.64529994
4 1309 3282 4190.1300966
5 1310 3283 4191.30315779
6 1311 3284 4195.04063217
5 1312 3286 4195.10611486
4 1313 3290 4200.64529994
5 1314 3295 4207.89493783
6 1315 3296 4211.41839572
5 1316 3298 4215.10611486
6 1317 3299 4217.0124853
5 1318 3303 4220.64529994
6 1319 3305 4220.71880029
7 1320 3306 4220.74802045
8 1321 3307 4221.7537454
7 1322 3308 4223.10611486
6 1323 3315 4228.64529994
7 1324 3316 4228.71487546
8 1325 3317 4232.05802042
7 1326 3319 4234.10611486
6 1327 3321 4237.64529994
7 1328 3322 4238.26463664
8 1329 3323 4243.73775173
9 1330 3325 4249.16249054
8 1331 3333 4257.10611486
9 1332 3337 4258.3634109
10 1333 3338 4259.64563331
9 1334 3339 4262.10611486
8 1335 3340 4263.10611486
9 1336 3341 4263.24858031
8 1337 3343 4263.64529994
7 1338 3345 4268.10611486
8 1339 3346 4271.78903976
9 1340 3347 4273.06303897
10 1341 3348 4276.16383035
9 1342 3353 4283.64529994
10 1343 3356 4284.9792298
9 1344 3358 4285.10611486
10 1345 3359 4285.32627302
11 1346 3360 4288.73053287
12 1347 3361 4290.76121997
13 1348 3362 4294.7996659
12 1349 3368 4299.10611486
13 1350 3371 4299.21181142
12 1351 3372 4300.64529994
13 1352 3374 4303.77111616
12 1353 3379 4306.64529994
13 1354 3382 4308.24339256
14 1355 3383 4309.9105562
15 1356 3387 4313.08062084
14 1357 3390 4314.64529994
13 1358 3398 4318.55181038
14 1359 3399 4318.59085808
13 1360 3400 4321.55181038
12 1361 3401 4322.10611486
11 1362 3406 4325.10611486
12 1363 3408 4326.34476103
11 1364 3413 4331.64529994
10 1365 3414 4331.64529994
9 1366 3415 4331.64529994
8 1367 3417 4335.55181038
7 1368 3426 4345.10611486
6 1369 3431 4348.64529994
5 1370 3433 4348.64529994
4 1371 3434 4353.10611486
3 1372 3436 4355.55181038
4 1373 3437 4355.60694757
3 1374 3445 4367.10611486
4 1375 3446 4367.73380309
3 1376 3450 4369.60694757
4 1377 3451 4371.21928565
3 1378 3453 4371.64529994
4 1379 3455 4371.95447732
3 1380 3459 4378.73380309
4 1381 3461 4379.01618318
3 1382 3462 4382.21928565
2 1383 3466 4392.73380309
1 1384 3471 4405.21928565
2 1385 3472 4411.85991337
3 1386 3474 4412.57695321
2 1387 3478 4422.85991337
3 1388 3479 4423.168358
2 1389 3483 4445.85991337
3 1390 3484 4446.23056027
4 1391 3485 4447.98149669
5 1392 3486 4449.55396715
6 1393 3489 4462.27575772
7 1394 3490 4463.11854649
8 1395 3491 4468.89797632
9 1396 3492 4472.23944116
10 1397 3493 4472.54648222
9 1398 3496 4477.85991337
10 1399 3497 4484.53821643
11 1400 3498 4487.63639963
10 1401 3502 4491.85991337
11 1402 3503 4493.98366974
10 1403 3505 4494.85991337
11 1404 3508 4505.48443638
10 1405 3511 4517.85991337
9 1406 3520 4525.85991337
8 1407 3522 4528.85991337
9 1408 3523 4532.02840416
10 1409 3525 4533.34191903
11 1410 3526 4533.97095157
12 1411 3527 4534.86616522
13 1412 3528 4535.49394097
14 1413 3536 4537.46300612
13 1414 3540 4542.85991337
12 1415 3544 4545.85991337
11 1416 3545 4545.92400944
12 1417 3547 4547.14046345
11 1418 3548 4548.92400944
10 1419 3549 4548.92400944
11 1420 3552 4550.83943699
12 1421 3559 4554.3420284
11 1422 3560 4556.05762773
10 1423 3564 4559.92400944
11 1424 3565 4560.17329227
12 1425 3566 4560.58865887
11 1426 3567 4562.85991337
12 1427 3570 4563.07059883
11 1428 3571 4565.85991337
10 1429 3573 4565.85991337
9 1430 3578 4567.92400944
8 1431 3579 4570.05762773
7 1432 3585 4576.92400944
6 1433 3587 4579.85991337
7 1434 3588 4580.08531491
6 1435 3596 4587.92400944
7 1436 3597 4592.47246227
6 1437 3598 4593.05762773
7 1438 3600 4594.10124239
8 1439 3601 4594.7083573
7 1440 3603 4599.85991337
6 1441 3610 4607.05762773
5 1442 3612 4607.92400944
4 1443 3615 4610.92400944
3 1444 3616 4610.92400944
4 1445 3621 4625.25077166
5 1446 3623 4626.02637783
6 1447 3624 4627.71058826
5 1448 3628 4630.05762773
4 1449 3631 4631.85991337
5 1450 3635 4635.27421834
4 1451 3639 4638.05762773
3 1452 3641 4642.25077166
4 1453 3642 4646.21683492
3 1454 3644 4646.64529994
4 1455 3645 4652.67988997
5 1456 3651 4657.03933289
4 1457 3653 4658.05762773
3 1458 3658 4663.67988997
2 1459 3659 4666.21683492
3 1460 3660 4667.59019074
2 1461 3662 4669.05762773
1 1462 3665 4684.59019074
2 1463 3666 4691.36324568
3 1464 3668 4694.39012058
4 1465 3672 4697.38728022
3 1466 3676 4705.39012058
2 1467 3679 4708.36324568
3 1468 3680 4708.51666498
2 1469 3684 4717.38728022
1 1470 3685 4719.51666498
2 1471 3686 4721.43094523
3 1472 3688 4724.84094479
2 1473 3694 4732.43094523
1 1474 3695 4738.84094479
2 1475 3696 4741.78014444
1 1476 3700 4749.78014444
2 1477 3701 4752.9339177
3 1478 3704 4756.9763121
2 1479 3709 4769.9339177
3 1480 3710 4772.51761649
4 1481 3712 4779.57429107
3 1482 3714 4779.9763121
4 1483 3717 4785.57942516
5 1484 3719 4788.74226033
6 1485 3722 4790.71994961
5 1486 3723 4792.51761649
4 1487 3731 4796.57429107
3 1488 3732 4799.57942516
2 1489 3733 4800.51761649
1 1490 3734 4803.51761649
2 1491 3735 4804.84660135
3 1492 3737 4806.37430327
4 1493 3743 4815.48019563
3 1494 3745 4817.37430327
4 1495 3747 4818.55692807
3 1496 3751 4824.84660135
4 1497 3752 4826.00275913
5 1498 3756 4829.40724178
4 1499 3760 4833.84660135
5 1500 3761 4835.50800995
4 1501 3763 4837.00275913
3 1502 3764 4838.48019563
4 1503 3767 4841.30674085
3 1504 3773 4849.40724178
4 1505 3774 4852.03127459
5 1506 3776 4852.17073964
6 1507 3778 4853.94861738
7 1508 3779 4854.99702901
6 1509 3781 4855.30674085
5 1510 3785 4858.50800995
6 1511 3790 4859.74593414
5 1512 3793 4863.03127459
4 1513 3794 4866.30674085
3 1514 3799 4872.17073964
4 1515 3800 4879.37662806
3 1516 3802 4881.50800995
2 1517 3803 4881.85991337
3 1518 3804 4884.22450391
4 1519 3806 4886.2047767
3 1520 3810 4892.22450391
4 1521 3811 4894.31439096
5 1522 3815 4895.43086355
4 1523 3821 4903.2047767
5 1524 3822 4905.26436448
4 1525 3824 4905.37662806
5 1526 3829 4913.16823258
4 1527 3831 4913.26436448
3 1528 3832 4914.31439096
2 1529 3833 4915.43086355
1 1530 3836 4930.16823258
2 1531 3837 4930.31967533
3 1532 3839 4937.00221075
4 1533 3845 4953.31710352
3 1534 3847 4953.31967533
2 1535 3848 4957.00221075
3 1536 3851 4965.22751691
4 1537 3853 4965.91394678
3 1538 3857 4970.31710352
4 1539 3858 4972.83785261
5 1540 3860 4974.87711996
4 1541 3862 4976.22751691
5 1542 3864 4977.64543876
6 1543 3868 4981.83343756
5 1544 3874 4982.91394678
4 1545 3875 4982.91394678
5 1546 3878 4986.90473006
4 1547 3880 4989.83785261
3 1548 3881 4992.83343756
4 1549 3883 4993.04199149
3 1550 3884 4994.87711996
4 1551 3886 4995.49749296
5 1552 3889 4995.7739989
6 1553 3893 5000.41094083
7 1554 3900 5005.53560984
8 1555 3902 5006.72416964
9 1556 3903 5006.8857729
8 1557 3904 5009.49749296
7 1558 3906 5011.41094083
8 1559 3909 5011.98950651
7 1560 3910 5012.90473006
6 1561 3912 5012.90473006
5 1562 3913 5015.49749296
6 1563 3916 5019.6982521
7 1564 3921 5021.71611683
6 1565 3924 5025.53560984
5 1566 3928 5028.41094083
4 1567 3929 5028.41094083
5 1568 3930 5029.24640342
4 1569 3932 5029.90473006
3 1570 3933 5036.6982521
4 1571 3935 5037.05593931
5 1572 3943 5044.54097467
4 1573 3945 5045.05593931
3 1574 3946 5046.24640342
2 1575 3947 5051.53560984
3 1576 3949 5051.9976841
4 1577 3954 5055.11899605
5 1578 3955 5055.72954947
4 1579 3957 5059.05593931
3 1580 3963 5068.9976841
4 1581 3964 5069.18564876
3 1582 3966 5069.72954947
2 1583 3967 5071.9976841
3 1584 3968 5072.4482848
4 1585 3970 5074.33751161
5 1586 3974 5080.38479061
6 1587 3977 5083.62650578
5 1588 3979 5086.18564876
4 1589 3983 5092.4482848
3 1590 3986 5097.33751161
4 1591 3989 5103.2711176
3 1592 3991 5106.18564876
4 1593 3992 5106.44580123
3 1594 3994 5112.4482848
4 1595 3997 5116.50514561
5 1596 3999 5117.04940205
4 1597 4000 5117.2711176
5 1598 4002 5119.35151834
6 1599 4005 5121.35047795
7 1600 4010 5126.47153256
6 1601 4012 5127.50514561
5 1602 4013 5129.44580123
4 1603 4016 5134.2711176
3 1604 4023 5143.44580123
2 1605 4024 5145.2711176
3 1606 4026 5145.52902222
4 1607 4028 5148.43978985
3 1608 4029 5150.50514561
4 1609 4032 5151.43953802
3 1610 4038 5171.52902222
4 1611 4039 5173.11484543
3 1612 4040 5176.50514561
4 1613 4043 5178.50592718
5 1614 4044 5179.06900601
6 1615 4050 5188.68573341
7 1616 4051 5191.32221484
6 1617 4052 5191.52902222
5 1618 4054 5191.52902222
6 1619 4056 5196.18729991
7 1620 4057 5197.41228397
6 1621 4062 5199.50514561
7 1622 4063 5200.13780388
8 1623 4064 5201.74620102
7 1624 4067 5211.52902222
6 1625 4069 5211.52902222
5 1626 4071 5213.50514561
6 1627 4074 5219.48493845
5 1628 4078 5224.50514561
6 1629 4079 5227.10575965
7 1630 4080 5227.11921454
6 1631 4087 5231.52902222
5 1632 4089 5235.50514561
6 1633 4094 5235.59617723
7 1634 4095 5239.4764808
6 1635 4096 5239.52902222
5 1636 4098 5239.52902222
4 1637 4104 5249.50514561
5 1638 4107 5249.74582162
4 1639 4109 5255.50514561
3 1640 4110 5255.87711996
4 1641 4111 5256.47660575
3 1642 4113 5256.52902222
4 1643 4117 5259.8273636
5 1644 4120 5261.25734901
6 1645 4121 5262.49001523
7 1646 4125 5265.64706021
6 1647 4126 5266.50514561
7 1648 4128 5267.0788279
6 1649 4130 5270.47660575
7 1650 4133 5277.19788506
6 1651 4134 5278.47660575
7 1652 4138 5279.64345282
6 1653 4141 5286.6982521
7 1654 4143 5289.06379638
8 1655 4146 5291.70689348
7 1656 4148 5295.50514561
6 1657 4149 5298.47660575
7 1658 4155 5299.94208829
8 1659 4156 5301.27442919
7 1660 4159 5309.6982521
6 1661 4163 5312.50514561
7 1662 4167 5314.12199217
6 1663 4168 5317.6982521
5 1664 4169 5318.47660575
4 1665 4174 5326.6982521
3 1666 4177 5329.50514561
4 1667 4180 5331.42439252
3 1668 4181 5332.47660575
4 1669 4183 5337.23465274
3 1670 4188 5343.6982521
2 1671 4191 5349.6982521
1 1672 4192 5354.23465274
2 1673 4193 5358.68467304
1 1674 4198 5369.68467304
2 1675 4199 5376.84248975
3 1676 4203 5389.65201947
2 1677 4205 5396.84248975
3 1678 4206 5402.96477894
4 1679 4212 5409.25614173
5 1680 4214 5410.84388903
6 1681 4215 5411.70948793
5 1682 4216 5415.65201947
4 1683 4219 5416.96477894
5 1684 4226 5431.54993821
4 1685 4227 5432.25614173
3 1686 4229 5432.65201947
4 1687 4230 5432.85674577
5 1688 4232 5434.80839425
6 1689 4233 5435.95398095
5 1690 4237 5439.96477894
6 1691 4238 5440.06107015
7 1692 4239 5441.92189892
8 1693 4244 5451.13301687
7 1694 4246 5452.85674577
6 1695 4249 5455.25614173
5 1696 4251 5456.96477894
6 1697 4252 5458.13346131
7 1698 4256 5459.49818006
8 1699 4259 5461.56896927
7 1700 4260 5463.85674577
6 1701 4263 5466.25614173
7 1702 4264 5466.55309608
8 1703 4267 5469.49363368
7 1704 4268 5472.25614173
8 1705 4273 5475.92589327
7 1706 4278 5479.96477894
6 1707 4280 5480.85674577
5 1708 4285 5494.85674577
4 1709 4286 5495.25614173
5 1710 4290 5499.11242801
4 1711 4292 5499.52902222
5 1712 4293 5499.94911707
6 1713 4295 5500.50214634
5 1714 4297 5505.96477894
6 1715 4299 5506.11367938
5 1716 4300 5508.96477894
6 1717 4301 5509.38619864
7 1718 4312 5513.62750937
6 1719 4314 5517.50214634
5 1720 4315 5519.11242801
4 1721 4318 5522.94911707
5 1722 4319 5525.26213613
4 1723 4321 5525.94911707
3 1724 4322 5526.38619864
2 1725 4323 5531.50214634
3 1726 4324 5533.78033169
4 1727 4330 5538.93185166
3 1728 4332 5541.78033169
4 1729 4334 5542.89684117
5 1730 4335 5543.44270999
6 1731 4338 5543.57398383
7 1732 4339 5544.25295878
6 1733 4343 5548.26213613
7 1734 4350 5553.68035748
6 1735 4354 5558.25295878
7 1736 4355 5560.94259012
6 1737 4357 5561.93185166
5 1738 4358 5561.93185166
4 1739 4359 5563.44270999
3 1740 4360 5567.68035748
2 1741 4361 5569.44270999
3 1742 4362 5569.50314108
4 1743 4366 5571.33826831
5 1744 4372 5582.66443239
6 1745 4374 5584.5435418
5 1746 4376 5586.50314108
4 1747 4379 5586.94259012
3 1748 4380 5588.33826831
4 1749 4381 5588.38523128
5 1750 4384 5591.24441432
6 1751 4386 5593.0353833
7 1752 4388 5595.48234637
6 1753 4391 5596.66443239
7 1754 4393 5596.8479495
8 1755 4394 5597.37318863
9 1756 4397 5599.25793088
10 1757 4398 5600.01005103
9 1758 4402 5600.50314108
8 1759 4408 5605.24441432
7 1760 4410 5607.0353833
8 1761 4411 5607.14947219
7 1762 4413 5607.66443239
6 1763 4417 5611.38523128
7 1764 4420 5612.48142793
8 1765 4425 5616.51021926
9 1766 4428 5618.15687282
10 1767 4429 5619.64816307
9 1768 4431 5620.50314108
8 1769 4432 5621.0353833
7 1770 4436 5621.66443239
6 1771 4437 5622.38523128
5 1772 4438 5625.24441432
4 1773 4445 5629.66443239
5 1774 4448 5631.48535199
4 1775 4450 5632.66443239
3 1776 4452 5637.50314108
2 1777 4454 5638.0353833
3 1778 4458 5645.62433239
2 1779 4460 5648.48535199
1 1780 4463 5656.62433239
2 1781 4464 5666.50678202
3 1782 4466 5670.62931352
4 1783 4468 5672.15105263
3 1784 4476 5683.15105263
2 1785 4477 5683.50678202
3 1786 4478 5684.01397617
2 1787 4480 5684.62931352
3 1788 4483 5698.76744564
2 1789 4485 5701.01397617
3 1790 4486 5703.03889271
2 1791 4492 5714.03889271
3 1792 4493 5716.93463953
2 1793 4495 5718.76744564
3 1794 4496 5723.87486612
4 1795 4502 5735.03453021
5 1796 4504 5736.94607556
4 1797 4506 5739.93463953
3 1798 4507 5740.87486612
2 1799 4510 5744.93463953
3 1800 4511 5746.34939936
4 1801 4517 5758.95462027
3 1802 4519 5763.34939936
2 1803 4520 5764.03453021
3 1804 4523 5778.41004884
4 1805 4525 5787.13057392
3 1806 4529 5790.95462027
4 1807 4530 5796.3642115
3 1808 4534 5798.41004884
2 1809 4537 5810.13057392
1 1810 4538 5810.3642115
2 1811 4539 5812.51983675
3 1812 4541 5816.12784551
4 1813 4543 5817.08981292
3 1814 4549 5821.12784551
2 1815 4550 5822.08981292
1 1816 4553 5829.51983675
2 1817 4554 5830.79536345
3 1818 4558 5842.33505413
4 1819 4560 5846.65329183
3 1820 4562 5847.79536345
4 1821 4567 5854.76543353
5 1822 4568 5855.0599002
4 1823 4576 5856.33505413
3 1824 4578 5857.65329183
2 1825 4580 5859.33505413
3 1826 4581 5862.58318184
2 1827 4583 5863.0599002
1 1828 4586 5882.58318184
2 1829 4587 5887.12679802
3 1830 4589 5903.0215537
4 1831 4593 5908.5183834
3 1832 4597 5910.12679802
2 1833 4598 5917.0215537
3 1834 4601 5919.00171179
4 1835 4605 5927.49651089
5 1836 4607 5927.82779459
4 1837 4611 5931.5183834
3 1838 4612 5933.00171179
4 1839 4613 5939.20179862
5 1840 4617 5941.58092408
6 1841 4623 5945.93679774
7 1842 4624 5946.79826281
6 1843 4626 5947.49651089
5 1844 4630 5950.20179862
4 1845 4631 5950.82779459
3 1846 4632 5952.49651089
2 1847 4633 5952.58092408
3 1848 4635 5958.76832085
4 1849 4639 5960.92651574
3 1850 4641 5964.20179862
4 1851 4642 5964.84084918
5 1852 4646 5969.46761906
4 1853 4648 5970.20179862
3 1854 4651 5972.84084918
4 1855 4652 5978.83574366
5 1856 4655 5979.48464668
4 1857 4656 5980.92651574
5 1858 4660 5983.32510852
6 1859 4664 5989.66058357
5 1860 4666 5989.83574366
4 1861 4667 5989.83574366
5 1862 4668 5992.41408352
4 1863 4670 5992.46761906
3 1864 4675 6000.32510852
4 1865 4678 6004.94585003
3 1866 4682 6012.66058357
4 1867 4683 6013.30887126
5 1868 4685 6013.99283899
6 1869 4687 6014.46687596
7 1870 4689 6014.69663048
6 1871 4690 6015.41408352
7 1872 4692 6020.3676869
6 1873 4698 6024.94585003
7 1874 4702 6028.88793445
6 1875 4706 6032.41408352
5 1876 4709 6033.99283899
4 1877 4710 6036.99283899
3 1878 4711 6038.94585003
2 1879 4713 6039.30887126
1 1880 4714 6040.41408352
2 1881 4716 6055.0399181
3 1882 4721 6071.07183972
2 1883 4723 6072.0399181
3 1884 4724 6073.6851276
4 1885 4726 6075.1303929
5 1886 4728 6075.80535056
4 1887 4734 6081.6851276
5 1888 4735 6082.76685368
4 1889 4739 6088.07183972
3 1890 4740 6089.1303929
4 1891 4742 6091.39074489
5 1892 4748 6093.87818394
6 1893 4750 6097.77912442
5 1894 4752 6098.80535056
4 1895 4755 6101.80535056
3 1896 4756 6102.76685368
4 1897 4759 6107.03582157
3 1898 4761 6110.87818394
4 1899 4762 6111.22286087
5 1900 4764 6113.08415873
4 1901 4768 6117.77912442
3 1902 4769 6118.03582157
4 1903 4770 6119.90006543
5 1904 4772 6120.54913152
4 1905 4782 6130.90006543
3 1906 4783 6131.22286087
4 1907 4784 6131.59238544
3 1908 4786 6134.54913152
4 1909 4787 6136.9939096
3 1910 4791 6139.08415873
2 1911 4792 6142.59238544
3 1912 4795 6147.35867781
2 1913 4799 6153.9939096
1 1914 4801 6155.35867781
2 1915 4803 6168.94178321
3 1916 4805 6172.22429286
2 1917 4811 6183.22429286
3 1918 4812 6184.28025596
4 1919 4814 6185.34684543
3 1920 4816 6185.94178321
4 1921 4817 6189.34099679
5 1922 4825 6193.57355545
6 1923 4826 6194.73200112
5 1924 4827 6199.34684543
6 1925 4829 6201.20411992
7 1926 4830 6202.19765442
6 1927 4831 6203.34099679
5 1928 4834 6204.28025596
6 1929 4835 6204.63332213
5 1930 4838 6209.28025596
6 1931 4840 6209.30948526
7 1932 4845 6216.09098133
6 1933 4848 6220.34099679
5 1934 4851 6222.34684543
4 1935 4852 6223.28025596
5 1936 4856 6226.92719995
6 1937 4859 6227.46854604
7 1938 4860 6232.94294733
6 1939 4864 6233.34684543
5 1940 4865 6234.34099679
4 1941 4873 6243.28025596
3 1942 4874 6247.34684543
2 1943 4875 6248.34099679
1 1944 4876 6251.34099679
2 1945 4877 6259.25969253
3 1946 4879 6260.31416545
4 1947 4881 6265.01538943
3 1948 4888 6273.25969253
4 1949 4891 6278.22032528
5 1950 4893 6279.92142349
4 1951 4895 6282.01538943
3 1952 4896 6283.31416545
4 1953 4897 6285.76982519
5 1954 4899 6286.05660733
6 1955 4902 6287.68898076
7 1956 4905 6288.80405467
6 1957 4912 6298.22032528
7 1958 4913 6299.56002284
6 1959 4915 6300.05660733
5 1960 4920 6302.92142349
4 1961 4921 6302.92142349
3 1962 4922 6311.76982519
2 1963 4923 6312.22032528
3 1964 4926 6314.52238837
4 1965 4928 6319.48965486
5 1966 4930 6321.23463416
4 1967 4932 6323.05660733
5 1968 4933 6329.24028929
4 1969 4941 6338.23463416
5 1970 4942 6340.4761014
4 1971 4944 6340.52238837
5 1972 4946 6341.64504768
4 1973 4949 6342.48965486
5 1974 4953 6351.22039292
4 1975 4955 6351.4761014
3 1976 4956 6352.24028929
4 1977 4957 6356.40729052
3 1978 4963 6360.4761014
4 1979 4964 6360.71524744
5 1980 4966 6361.83814035
4 1981 4968 6362.22039292
5 1982 4973 6365.22017301
4 1983 4975 6369.83814035
5 1984 4976 6372.45108805
6 1985 4978 6373.04322737
5 1986 4980 6373.40729052
4 1987 4987 6377.71524744
3 1988 4988 6379.22017301
4 1989 4989 6379.87263536
3 1990 4991 6380.45108805
4 1991 4995 6382.51286998
3 1992 4997 6384.87263536
2 1993 5000 6390.40729052
3 1994 5002 6396.00790199
2 1995 5005 6396.51286998
3 1996 5006 6400.06898966
4 1997 5010 6404.91810604
3 1998 5012 6410.00790199
2 1999 5018 6420.06898966
1 2000 5022 6421.91810604
0 2001 5023 6425.62261076
0 2002 5026 6645.06898966
