#data counter
539847454.331440 1
575059989.532115 2
562481145.399224 3
528195714.478340 4
562915761.897008 5
577349326.459161 6
535547026.182124 7
532677858.208403 8
564646446.821162 9
581064691.565796 10
556215972.424479 11
525767978.815581 12
602610478.086829 13
565650870.406032 14
582245781.856016 15
552512138.809114 16
609568875.789277 17
525957450.498248 18
573368977.526143 19
553929698.986631 20
586081388.007799 21
549198737.819830 22
543915453.821872 23
585196303.405021 24
542494246.742239 25
533000214.748373 26
561097993.775643 27
559508176.317230 28
525475967.847612 29
518071680.810064 30
