#data counter step time
0 1 0 0.0
1 2 1 0.0
2 3 12 6.72608039271
3 4 14 7.2207749794
4 5 16 9.05492399099
3 6 24 26.054923991
2 7 25 26.7260803927
3 8 26 29.0590085439
2 9 28 30.2207749794
3 10 29 30.2558625288
4 11 32 34.1047805754
5 12 36 39.6330325368
6 13 38 43.180427086
5 14 42 50.2558625288
4 15 43 52.0590085439
3 16 44 52.0590085439
2 17 49 59.6330325368
1 18 50 63.180427086
2 19 51 74.9850649113
3 20 53 76.0611015512
4 21 55 83.0092794246
3 22 63 91.9850649113
2 23 64 93.0611015512
3 24 65 97.5570956492
2 25 67 100.009279425
3 26 70 102.763254856
2 27 72 108.557095649
3 28 73 111.319209756
4 29 75 111.492473056
5 30 77 111.91112403
6 31 80 112.263933951
7 32 81 113.182061082
8 33 86 115.507143657
9 34 91 115.826554891
10 35 92 119.787982079
11 36 94 120.738395021
10 37 99 122.763254856
9 38 102 125.763254856
8 39 104 127.182061082
7 40 107 128.492473056
6 41 108 128.492473056
5 42 109 128.763254856
6 43 110 129.79267399
5 44 118 134.319209756
4 45 119 139.763254856
3 46 120 140.91112403
2 47 121 141.182061082
1 48 122 146.79267399
2 49 123 155.654946249
1 50 127 163.654946249
2 51 128 172.967029334
3 52 130 176.553927666
4 53 133 177.876468856
5 54 136 185.695477017
6 55 138 186.21616742
5 56 143 186.967029334
6 57 148 194.094557635
7 58 150 195.936840173
6 59 152 196.553927666
5 60 153 197.21616742
4 61 154 199.553927666
5 62 156 200.027777534
6 63 160 202.108764895
5 64 162 202.695477017
6 65 163 204.412883995
5 66 165 205.094557635
4 67 172 215.412883995
5 68 173 215.923002127
4 69 175 216.108764895
3 70 176 217.094557635
4 71 177 217.361428772
5 72 179 219.401694554
6 73 181 220.777861364
5 74 183 221.936840173
6 75 190 228.230816596
7 76 194 230.404463566
8 77 195 235.012128366
7 78 200 237.361428772
6 79 201 238.923002127
5 80 202 239.230816596
4 81 203 239.401694554
3 82 204 240.777861364
4 83 205 242.947142608
3 84 210 248.361428772
2 85 213 253.947142608
3 86 214 257.287277391
4 87 217 258.824418004
3 88 218 260.361428772
4 89 222 264.627221837
3 90 224 265.287277391
4 91 225 265.308914641
3 92 229 271.287277391
2 93 232 275.627221837
1 94 233 279.308914641
2 95 234 281.793323744
3 96 236 288.119154695
2 97 242 298.793323744
1 98 243 302.119154695
2 99 244 306.20547164
3 100 248 319.183499544
2 101 250 320.20547164
3 102 251 324.644368669
2 103 257 333.183499544
1 104 258 338.644368669
2 105 259 348.291134598
3 106 263 349.466702534
4 107 267 357.641067425
3 108 269 359.291134598
4 109 270 360.392715813
3 110 274 369.466702534
4 111 275 370.125972048
5 112 281 372.562792545
6 113 283 377.378297108
5 114 287 381.125972048
4 115 288 383.392715813
3 116 289 383.641067425
4 117 290 387.376605722
3 118 296 391.378297108
2 119 297 392.376605722
1 120 298 392.562792545
2 121 299 398.384940326
3 122 301 405.559092228
4 123 306 410.031774153
5 124 310 419.111990898
4 125 314 424.384940326
3 126 315 425.559092228
2 127 316 425.559092228
3 128 317 429.585001726
4 129 319 431.985232918
3 130 321 433.111990898
4 131 322 437.173249143
3 132 330 446.585001726
4 133 331 446.962468419
5 134 333 447.01880737
4 135 335 448.173249143
5 136 338 455.895063482
4 137 344 460.985232918
3 138 345 461.01880737
2 139 346 463.895063482
1 140 347 466.962468419
2 141 348 467.391819766
3 142 351 468.662597657
4 143 355 476.454717572
5 144 357 476.700178772
6 145 363 482.815795176
5 146 365 484.391819766
4 147 366 487.700178772
5 148 367 488.119954229
4 149 369 490.391819766
3 150 370 490.454717572
2 151 375 499.815795176
1 152 376 502.119954229
2 153 377 505.406531206
3 154 379 511.154984154
4 155 383 516.073512446
3 156 387 522.406531206
4 157 388 525.791159617
5 158 390 526.759052064
4 159 392 531.154984154
5 160 399 535.787774953
6 161 401 538.683986336
5 162 403 539.791159617
4 163 404 540.759052064
5 164 407 546.477721433
4 165 409 548.073512446
5 166 410 548.888170673
6 167 412 552.768737389
7 168 415 553.888915457
6 169 419 555.683986336
5 170 424 558.787774953
6 171 426 560.656738448
5 172 427 562.888170673
6 173 428 563.275114429
5 174 433 566.477721433
4 175 434 569.768737389
3 176 435 570.787774953
4 177 438 575.227595305
3 178 440 575.768737389
2 179 441 580.275114429
3 180 444 589.364296858
4 181 446 591.406467518
3 182 448 595.227595305
4 183 451 599.680557677
3 184 455 602.406467518
4 185 458 606.54679489
5 186 460 612.219115614
4 187 462 612.364296858
5 188 463 612.777169329
6 189 466 614.010806941
5 190 470 616.680557677
6 191 471 617.465390654
5 192 477 623.219115614
4 193 478 623.54679489
3 194 482 626.54679489
2 195 483 626.777169329
1 196 484 628.465390654
2 197 486 634.951113233
3 198 491 648.582813439
2 199 492 648.951113233
1 200 495 656.582813439
2 201 496 657.483871426
3 202 498 660.165199419
4 203 501 661.363647168
5 204 506 671.524902584
4 205 510 677.483871426
5 206 511 677.825328221
6 207 514 678.489721491
5 208 515 680.165199419
4 209 520 684.363647168
5 210 521 685.838677895
4 211 524 688.524902584
3 212 528 691.524902584
2 213 529 694.825328221
3 214 531 697.970669239
4 215 536 702.794623293
5 216 538 703.491114856
6 217 539 707.016224334
7 218 540 707.113715141
6 219 542 711.838677895
5 220 545 714.838677895
4 221 547 716.794623293
5 222 548 717.436155782
6 223 551 719.675488071
7 224 552 719.921867665
6 225 555 725.838677895
7 226 559 731.387388254
8 227 560 731.745067672
7 228 562 733.794623293
6 229 563 733.838677895
7 230 565 740.095249734
8 231 570 752.550281423
7 232 573 753.794623293
6 233 575 753.838677895
5 234 580 761.794623293
6 235 583 767.189578373
5 236 584 767.794623293
6 237 587 772.240235793
7 238 588 774.437359415
6 239 590 779.838677895
5 240 592 781.794623293
4 241 598 790.838677895
3 242 602 795.794623293
2 243 603 804.838677895
1 244 607 812.794623293
2 245 609 815.634895583
3 246 610 816.360226596
4 247 611 820.616652565
5 248 612 838.844219691
6 249 613 842.637548108
7 250 617 851.305388645
8 251 618 858.245074788
9 252 621 860.925657269
8 253 624 865.54679489
7 254 628 873.54679489
6 255 631 873.54679489
7 256 632 877.087755743
6 257 638 884.54679489
5 258 639 887.54679489
6 259 640 890.873450122
7 260 647 898.132261101
6 261 649 901.54679489
5 262 650 901.54679489
6 263 653 909.51533031
7 264 656 913.646792914
8 265 657 916.0731598
7 266 658 917.165199419
8 267 661 918.190106991
7 268 663 918.54679489
8 269 664 919.988947078
9 270 667 923.528914117
10 271 668 923.612972778
9 272 675 926.54679489
8 273 677 928.165199419
9 274 678 928.882300586
10 275 679 930.657039596
9 276 680 931.165199419
10 277 681 931.399980982
11 278 684 931.82375425
12 279 685 932.662529226
11 280 691 940.54679489
12 281 692 940.657377206
11 282 694 942.165199419
10 283 696 944.524902584
11 284 698 946.782403408
12 285 699 946.885698599
13 286 702 947.815327179
12 287 707 950.165199419
13 288 708 951.562800984
14 289 709 953.07101394
13 290 712 957.54679489
12 291 714 959.165199419
13 292 715 962.800806607
12 293 719 964.524902584
13 294 722 964.926706932
12 295 726 967.165199419
13 296 728 971.05068234
12 297 734 974.54679489
11 298 735 975.524902584
10 299 740 984.165199419
9 300 745 984.165199419
8 301 753 988.54679489
7 302 754 991.54679489
8 303 756 992.390175268
7 304 757 995.165199419
6 305 758 995.165199419
7 306 759 997.816373605
6 307 761 998.524902584
7 308 763 1000.97428815
6 309 764 1001.16519942
5 310 765 1001.16519942
6 311 772 1006.38421825
7 312 773 1007.8574388
6 313 775 1009.52490258
5 314 776 1011.54679489
6 315 778 1012.46603634
5 316 781 1015.52490258
4 317 783 1021.16519942
5 318 789 1026.14763602
6 319 791 1026.4132876
5 320 796 1028.54679489
6 321 797 1029.30834864
5 322 799 1029.52490258
4 323 800 1035.16519942
3 324 801 1035.16519942
2 325 802 1035.16519942
3 326 805 1040.59523855
4 327 807 1040.73753827
5 328 810 1042.19845925
4 329 811 1046.30834864
5 330 815 1050.51858898
6 331 819 1051.35023797
5 332 820 1054.73753827
4 333 822 1054.73753827
3 334 823 1060.59523855
4 335 828 1067.96315231
3 336 830 1068.73753827
2 337 831 1070.51858898
1 338 834 1078.96315231
2 339 835 1082.12725797
3 340 837 1087.94576999
4 341 843 1094.98730705
5 342 845 1097.68879577
6 343 846 1097.73208764
5 344 850 1099.12725797
6 345 851 1099.64074061
5 346 853 1101.94576999
6 347 854 1102.0157279
7 348 856 1103.49252537
6 349 858 1105.98730705
7 350 863 1111.4937242
6 351 867 1113.12725797
7 352 869 1115.23272365
8 353 870 1115.52664551
7 354 871 1115.94576999
8 355 872 1118.58743827
7 356 875 1118.94576999
8 357 878 1121.78159417
9 358 880 1122.8334759
8 359 885 1122.98730705
7 360 887 1123.94576999
6 361 894 1132.94576999
5 362 895 1133.12725797
4 363 899 1137.94576999
3 364 900 1139.98730705
2 365 901 1140.54679489
1 366 902 1140.54679489
2 367 903 1142.86577101
3 368 908 1151.64147844
4 369 910 1153.65303043
3 370 912 1156.86577101
2 371 917 1170.65303043
3 372 918 1173.99529853
2 373 920 1177.64147844
1 374 923 1187.99529853
2 375 924 1193.4766358
3 376 926 1195.71071635
4 377 932 1201.87087924
3 378 934 1203.71071635
4 379 935 1203.82936529
3 380 937 1210.4766358
2 381 942 1224.87087924
3 382 943 1226.96821224
4 383 945 1229.82099493
3 384 947 1232.82936529
4 385 948 1239.14552665
3 386 956 1249.82099493
2 387 957 1249.96821224
1 388 959 1250.14552665
2 389 961 1270.1749051
3 390 963 1272.16209523
4 391 969 1278.42365726
3 392 973 1286.16209523
2 393 974 1289.42365726
1 394 975 1290.1749051
2 395 976 1294.97174171
3 396 978 1296.36702341
4 397 982 1303.63971567
5 398 986 1309.61160248
6 399 990 1311.60454041
5 400 992 1313.36702341
6 401 993 1314.19333563
5 402 994 1314.63971567
6 403 997 1319.12921103
5 404 998 1320.97174171
6 405 1004 1325.66457114
5 406 1008 1326.61160248
6 407 1009 1327.44837826
7 408 1012 1332.75528174
8 409 1013 1333.04867439
9 410 1014 1333.72570662
8 411 1015 1334.63971567
7 412 1018 1336.36702341
8 413 1019 1336.6204989
7 414 1021 1336.66457114
6 415 1022 1338.61160248
7 416 1024 1339.78928323
8 417 1027 1345.28132548
7 418 1031 1348.63971567
8 419 1032 1349.95093699
7 420 1034 1350.66457114
8 421 1039 1354.01041007
9 422 1040 1356.45378602
8 423 1044 1361.61160248
7 424 1049 1365.36702341
6 425 1053 1370.66457114
5 426 1054 1371.63971567
4 427 1059 1372.61160248
5 428 1060 1375.02776362
6 429 1062 1376.45083205
7 430 1063 1377.49484772
8 431 1064 1378.01491269
9 432 1065 1379.85168532
8 433 1068 1382.36702341
7 434 1072 1387.66457114
6 435 1073 1388.36702341
7 436 1080 1400.44825757
8 437 1081 1400.47363828
7 438 1083 1401.02776362
6 439 1084 1401.66457114
5 440 1088 1402.36702341
6 441 1091 1405.78310988
5 442 1098 1416.36702341
4 443 1099 1416.36702341
3 444 1100 1418.02776362
2 445 1103 1424.66457114
3 446 1105 1427.34415742
4 447 1108 1428.64025154
5 448 1109 1429.51633376
6 449 1110 1429.79341818
5 450 1111 1430.36702341
4 451 1117 1444.36702341
5 452 1119 1444.69519748
6 453 1120 1445.85875114
7 454 1122 1449.21697993
6 455 1123 1450.34415742
7 456 1128 1454.58937553
8 457 1129 1455.19792431
7 458 1130 1455.36702341
8 459 1131 1457.34755952
7 460 1135 1464.34415742
6 461 1138 1464.36702341
7 462 1142 1471.20691038
8 463 1145 1472.20999883
7 464 1149 1475.36702341
6 465 1150 1475.36702341
5 466 1155 1481.34415742
4 467 1160 1485.96821224
3 468 1161 1492.34415742
2 469 1162 1492.36702341
3 470 1164 1492.72951919
4 471 1165 1492.84117115
5 472 1172 1502.37530194
4 473 1176 1508.96821224
3 474 1177 1509.84117115
2 475 1178 1510.37530194
3 476 1179 1510.44932516
2 477 1181 1511.96821224
3 478 1183 1514.70167903
4 479 1187 1519.6309081
5 480 1189 1526.44026384
4 481 1191 1527.44932516
3 482 1192 1527.44932516
4 483 1193 1527.51105689
5 484 1197 1531.38508074
4 485 1201 1536.6309081
3 486 1204 1543.44026384
2 487 1207 1544.51105689
1 488 1208 1547.6309081
2 489 1209 1551.80007488
3 490 1213 1558.99479751
4 491 1215 1560.05364272
3 492 1219 1565.80007488
4 493 1222 1573.82305782
3 494 1224 1577.05364272
4 495 1225 1577.68075135
3 496 1227 1578.99479751
2 497 1232 1584.82305782
1 498 1233 1594.68075135
2 499 1235 1597.40798363
3 500 1236 1600.33417773
4 501 1239 1603.6846691
5 502 1247 1614.03948668
4 503 1249 1614.40798363
3 504 1250 1620.33417773
2 505 1251 1620.6846691
3 506 1252 1620.92486282
4 507 1256 1630.93873329
5 508 1262 1636.65946111
4 509 1264 1643.03948668
3 510 1265 1643.92486282
2 511 1266 1647.93873329
1 512 1271 1659.65946111
2 513 1273 1659.93957263
3 514 1276 1663.81142083
2 515 1282 1670.93957263
1 516 1283 1674.81142083
2 517 1284 1678.64956789
1 518 1289 1689.64956789
2 519 1290 1689.86551919
1 520 1294 1697.86551919
2 521 1295 1701.85403808
3 522 1297 1702.0100472
4 523 1301 1713.83976831
3 524 1303 1715.85403808
4 525 1308 1721.38567239
5 526 1312 1724.87454582
6 527 1313 1726.03112219
5 528 1314 1726.38567239
4 529 1317 1728.0100472
3 530 1318 1730.83976831
4 531 1320 1733.54575573
3 532 1326 1739.0100472
2 533 1327 1740.38567239
1 534 1328 1745.0100472
2 535 1329 1749.82055953
1 536 1333 1763.82055953
2 537 1334 1786.72314743
1 538 1338 1797.72314743
2 539 1339 1799.46238497
3 540 1343 1806.76366684
2 541 1345 1813.46238497
3 542 1348 1816.32912174
4 543 1350 1822.33978837
5 544 1352 1822.5957003
4 545 1354 1823.76366684
3 546 1359 1830.33978837
4 547 1360 1835.37727695
3 548 1362 1836.32912174
4 549 1365 1839.72226797
3 550 1367 1843.76366684
4 551 1372 1852.87202555
3 552 1374 1853.72226797
2 553 1375 1858.37727695
3 554 1379 1865.98555692
4 555 1381 1866.3839753
5 556 1384 1868.77297626
4 557 1385 1872.87202555
5 558 1392 1880.78844315
6 559 1394 1883.12355563
5 560 1396 1885.98555692
4 561 1397 1885.98555692
3 562 1398 1886.3839753
4 563 1401 1894.467065
3 564 1403 1894.78844315
4 565 1408 1896.47531439
3 566 1410 1900.12355563
2 567 1411 1902.467065
3 568 1414 1907.7629204
2 569 1416 1910.47531439
3 570 1417 1910.69307556
2 571 1423 1921.7629204
3 572 1424 1921.88576762
2 573 1428 1933.69307556
3 574 1429 1935.79382279
4 575 1432 1940.74007987
5 576 1433 1941.29620811
4 577 1438 1944.88576762
5 578 1441 1949.90904106
4 579 1443 1952.79382279
3 580 1446 1955.29620811
2 581 1447 1955.79382279
3 582 1448 1956.86787246
4 583 1450 1959.77805736
5 584 1454 1963.36099496
6 585 1456 1966.35702565
5 586 1458 1966.90904106
4 587 1461 1970.86787246
3 588 1466 1977.36099496
2 589 1467 1980.35702565
1 590 1468 1982.77805736
2 591 1469 2015.48444822
3 592 1471 2015.5433228
4 593 1473 2015.81908469
5 594 1477 2024.07548461
6 595 1483 2032.53717624
5 596 1485 2032.5433228
4 597 1488 2038.07548461
3 598 1489 2038.48444822
2 599 1490 2038.81908469
3 600 1491 2038.98047785
4 601 1497 2044.56055077
5 602 1499 2045.66970318
4 603 1501 2046.53717624
5 604 1502 2047.30757461
4 605 1508 2052.98047785
3 606 1511 2061.56055077
2 607 1512 2062.66970318
1 608 1513 2064.30757461
2 609 1514 2068.62679779
3 610 1516 2072.60735935
4 611 1522 2079.99290268
5 612 1524 2083.40963692
4 613 1526 2083.60735935
5 614 1527 2083.89924234
6 615 1529 2087.07418053
7 616 1531 2088.36099938
6 617 1532 2088.62679779
5 618 1544 2099.99290268
4 619 1545 2102.62679779
3 620 1546 2106.40963692
4 621 1547 2106.63167942
3 622 1549 2107.07418053
4 623 1552 2111.68953126
3 624 1554 2115.89924234
2 625 1555 2120.63167942
3 626 1556 2121.4599367
4 627 1560 2121.76480695
5 628 1564 2128.43677222
4 629 1566 2128.68953126
5 630 1567 2129.32981804
6 631 1571 2132.02108439
5 632 1575 2135.76480695
4 633 1581 2138.4599367
3 634 1582 2140.32981804
4 635 1583 2145.16863957
3 636 1585 2145.43677222
4 637 1586 2145.74537195
3 638 1588 2146.02108439
4 639 1589 2147.40267426
5 640 1591 2147.92380049
6 641 1600 2156.05693587
5 642 1604 2158.40267426
4 643 1605 2159.16863957
3 644 1606 2159.74537195
4 645 1607 2164.35748988
3 646 1609 2167.92380049
4 647 1614 2180.5829327
5 648 1616 2180.88889997
4 649 1618 2181.35748988
5 650 1619 2182.90477522
4 651 1623 2184.40267426
3 652 1628 2193.90477522
2 653 1629 2197.88889997
1 654 1630 2203.5829327
2 655 1631 2209.68865639
3 656 1634 2213.42654917
4 657 1639 2217.48081079
5 658 1641 2218.73206765
6 659 1644 2219.58754545
7 660 1647 2226.06260706
6 661 1649 2227.42654917
5 662 1653 2229.68865639
4 663 1654 2232.73206765
3 664 1655 2234.48081079
2 665 1656 2234.48081079
1 666 1659 2241.42654917
2 667 1660 2245.72671122
1 668 1664 2259.72671122
2 669 1665 2271.68802798
3 670 1667 2272.54630596
2 671 1673 2282.68802798
3 672 1674 2283.34860467
2 673 1676 2283.54630596
3 674 1678 2284.44690443
4 675 1680 2285.36254753
3 676 1686 2294.34860467
4 677 1687 2298.48660204
3 678 1689 2301.44690443
2 679 1691 2303.34860467
3 680 1695 2308.73429984
2 681 1697 2315.48660204
1 682 1702 2322.73429984
2 683 1703 2323.57829315
3 684 1705 2327.14929803
2 685 1709 2334.57829315
3 686 1710 2338.26990131
4 687 1716 2345.6555596
3 688 1718 2347.14929803
4 689 1719 2350.23632113
3 690 1720 2352.26990131
4 691 1724 2358.26691848
3 692 1729 2363.26990131
2 693 1730 2364.14929803
3 694 1731 2366.78957883
4 695 1735 2374.34902218
3 696 1737 2376.76480695
4 697 1738 2377.85319546
3 698 1744 2386.78957883
2 699 1747 2394.85319546
3 700 1748 2396.01460916
2 701 1750 2397.34902218
3 702 1753 2400.04856225
4 703 1755 2402.55436726
5 704 1759 2403.88967978
4 705 1763 2407.55436726
3 706 1766 2416.01460916
2 707 1767 2417.04856225
1 708 1768 2421.55436726
2 709 1769 2425.75706108
3 710 1771 2427.6464798
2 711 1777 2444.6464798
1 712 1778 2448.75706108
2 713 1779 2448.82463577
3 714 1781 2455.0551733
4 715 1783 2457.23808364
5 716 1789 2459.48444045
4 717 1792 2466.0551733
5 718 1794 2466.40868567
4 719 1796 2468.82463577
5 720 1797 2471.99055706
6 721 1798 2472.80102073
5 722 1802 2477.23808364
4 723 1806 2480.0551733
3 724 1807 2482.82463577
4 725 1811 2488.36082893
5 726 1812 2489.92569554
4 727 1816 2497.0551733
5 728 1820 2499.41821203
4 729 1821 2500.23808364
5 730 1823 2503.61234371
4 731 1825 2505.0551733
3 732 1830 2513.0551733
4 733 1832 2513.20666142
3 734 1837 2523.23808364
2 735 1838 2530.0551733
3 736 1840 2530.27627421
2 737 1847 2536.44690443
3 738 1848 2537.58572457
2 739 1850 2538.27627421
3 740 1852 2544.56256605
4 741 1854 2547.15867762
3 742 1862 2557.58572457
2 743 1863 2558.15867762
1 744 1864 2558.56256605
2 745 1865 2575.56260492
3 746 1867 2583.72743374
4 747 1869 2585.83482567
3 748 1875 2592.56260492
4 749 1878 2595.04830364
5 750 1880 2596.09904116
4 751 1881 2597.72743374
5 752 1883 2600.69316991
4 753 1884 2602.83482567
5 754 1890 2606.94399139
6 755 1891 2609.57663285
7 756 1892 2609.68044562
6 757 1893 2611.72743374
7 758 1897 2613.19264691
6 759 1901 2618.04830364
5 760 1903 2625.72743374
6 761 1904 2626.51183723
5 762 1908 2628.83482567
6 763 1911 2637.99126618
5 764 1915 2639.72743374
6 765 1916 2640.85380962
5 766 1918 2641.04830364
4 767 1923 2647.72743374
3 768 1925 2648.83482567
2 769 1926 2649.04830364
3 770 1927 2649.74105711
4 771 1929 2650.78485285
5 772 1934 2656.9675431
4 773 1940 2661.72743374
5 774 1941 2666.22522501
6 775 1943 2666.82134144
5 776 1944 2667.78485285
4 777 1946 2670.78485285
3 778 1949 2672.74105711
2 779 1950 2675.78485285
3 780 1951 2676.64412991
4 781 1957 2681.21812205
5 782 1959 2682.0966386
6 783 1961 2685.49233161
5 784 1963 2686.22522501
6 785 1964 2688.11564152
7 786 1968 2689.627608
6 787 1971 2690.64412991
7 788 1975 2691.8440897
6 789 1977 2692.21812205
5 790 1979 2694.22522501
4 791 1980 2701.21812205
3 792 1981 2704.64412991
4 793 1986 2709.71929652
3 794 1990 2717.22522501
4 795 1991 2717.3374935
3 796 1993 2718.21812205
2 797 1994 2720.71929652
1 798 1998 2728.3374935
2 799 1999 2732.17874464
3 800 2003 2739.45713472
4 801 2005 2743.05128805
3 802 2007 2746.17874464
4 803 2012 2754.85556846
3 804 2014 2756.45713472
2 805 2015 2760.05128805
3 806 2017 2763.80535796
4 807 2023 2769.7945146
5 808 2025 2769.8016016
4 809 2027 2771.80535796
3 810 2028 2771.85556846
4 811 2033 2779.60203503
5 812 2035 2784.64454218
4 813 2041 2789.8016016
5 814 2042 2791.73819789
4 815 2044 2792.7945146
3 816 2045 2793.60203503
2 817 2046 2795.64454218
1 818 2049 2802.73819789
2 819 2050 2804.94758147
3 820 2054 2815.03999217
2 821 2056 2815.94758147
3 822 2059 2819.88401637
2 823 2061 2823.03999217
3 824 2063 2825.51229071
4 825 2067 2830.69066762
3 826 2069 2833.88401637
2 827 2070 2833.88401637
3 828 2071 2837.04393257
4 829 2075 2844.05818355
5 830 2078 2846.98658761
4 831 2084 2857.04393257
3 832 2085 2861.05818355
2 833 2086 2862.69066762
1 834 2087 2864.05818355
2 835 2088 2871.67938639
3 836 2090 2875.09536149
2 837 2096 2885.67938639
1 838 2097 2892.09536149
2 839 2098 2892.61595742
3 840 2100 2894.87846984
4 841 2102 2900.87564629
5 842 2106 2902.58692799
6 843 2114 2905.83976981
7 844 2116 2906.82928207
6 845 2118 2907.58692799
5 846 2121 2909.61595742
4 847 2123 2911.87564629
5 848 2126 2913.0170862
4 849 2130 2914.87846984
3 850 2132 2921.0170862
2 851 2133 2922.83976981
1 852 2134 2924.58692799
2 853 2135 2925.50640926
3 854 2138 2927.50744413
4 855 2139 2930.89315938
5 856 2144 2932.6870141
4 857 2146 2936.50640926
3 858 2147 2936.50640926
4 859 2150 2945.20808687
3 860 2152 2949.6870141
4 861 2155 2950.97223108
5 862 2157 2952.38910258
4 863 2159 2953.89315938
5 864 2162 2958.01387016
4 865 2166 2958.97223108
3 866 2169 2962.20808687
4 867 2170 2967.03521144
3 868 2172 2969.38910258
4 869 2175 2972.18474749
5 870 2177 2973.19122207
6 871 2182 2975.24902844
5 872 2183 2978.01387016
4 873 2184 2978.03521144
5 874 2188 2981.26931707
4 875 2190 2983.18474749
3 876 2193 2989.18474749
2 877 2194 2990.19122207
3 878 2197 2995.04703819
4 879 2199 2995.78744495
5 880 2201 2998.87711607
6 881 2205 3000.01853156
7 882 2209 3006.79909616
6 883 2213 3010.26931707
5 884 2217 3012.87711607
4 885 2218 3015.04703819
3 886 2219 3021.78744495
2 887 2220 3021.78744495
3 888 2221 3027.18778409
2 889 2223 3027.26931707
3 890 2227 3032.07217156
4 891 2230 3037.54160948
3 892 2232 3038.18778409
4 893 2233 3041.9042483
3 894 2239 3051.54160948
2 895 2240 3052.07217156
1 896 2243 3061.9042483
2 897 2244 3066.45843073
3 898 2246 3072.36805805
2 899 2252 3080.45843073
1 900 2253 3083.36805805
2 901 2254 3088.37061303
3 902 2256 3094.13843418
4 903 2258 3094.78043475
5 904 2262 3103.11318808
6 905 2267 3105.08811781
5 906 2269 3111.13843418
6 907 2270 3113.72638773
5 908 2272 3114.37061303
6 909 2275 3115.71291404
5 910 2277 3117.78043475
6 911 2280 3118.8020064
5 912 2282 3119.13843418
6 913 2285 3120.65080775
5 914 2289 3124.13843418
4 915 2291 3128.37061303
3 916 2293 3131.78043475
4 917 2296 3134.43526225
5 918 2297 3136.49028726
6 919 2304 3140.616046
5 920 2307 3141.13843418
6 921 2308 3146.38992069
5 922 2314 3148.37061303
4 923 2315 3150.13843418
5 924 2316 3151.15255626
4 925 2318 3152.13843418
3 926 2323 3153.49028726
2 927 2324 3163.13843418
1 928 2325 3165.37061303
2 929 2326 3165.5488562
3 930 2330 3173.77227635
2 931 2332 3176.5488562
3 932 2334 3178.85746961
2 933 2337 3187.77227635
3 934 2340 3197.82104646
2 935 2342 3201.85746961
3 936 2343 3203.20623162
4 937 2348 3207.36133227
5 938 2349 3209.31536044
6 939 2352 3215.75132739
5 940 2356 3218.36133227
4 941 2358 3220.20623162
5 942 2360 3220.78665171
6 943 2361 3221.95137999
5 944 2362 3223.82104646
4 945 2369 3231.20623162
3 946 2370 3231.20623162
2 947 2371 3232.36133227
3 948 2374 3235.66170423
4 949 2376 3238.74864374
3 950 2378 3240.82104646
2 951 2385 3249.66170423
3 952 2386 3250.8199896
2 953 2389 3255.74864374
3 954 2390 3255.76846449
4 955 2396 3264.74863297
3 956 2398 3269.76846449
4 957 2399 3270.62448808
3 958 2403 3273.8199896
2 959 2404 3278.74863297
3 960 2405 3279.9553994
2 961 2411 3290.62448808
1 962 2412 3293.9553994
2 963 2413 3302.91969248
3 964 2415 3305.44159035
2 965 2419 3313.44159035
3 966 2422 3322.39107144
2 967 2424 3325.91969248
3 968 2427 3335.92260174
2 969 2429 3336.39107144
3 970 2430 3342.72333256
4 971 2434 3345.23085623
5 972 2436 3346.29108685
4 973 2443 3353.72333256
3 974 2446 3355.92260174
4 975 2448 3358.52320405
5 976 2450 3360.73981827
6 977 2451 3361.98341094
7 978 2452 3363.15338248
6 979 2454 3368.23085623
5 980 2458 3368.78043475
4 981 2462 3378.52320405
5 982 2466 3380.11351931
4 983 2469 3385.23085623
3 984 2471 3388.78043475
2 985 2472 3392.52320405
1 986 2475 3405.23085623
2 987 2476 3416.12954732
3 988 2478 3417.7014435
4 989 2482 3426.01749732
5 990 2485 3427.20467078
6 991 2486 3427.99437708
5 992 2488 3430.12954732
6 993 2494 3435.9062849
7 994 2495 3436.74788313
6 995 2498 3437.7014435
5 996 2500 3437.7014435
4 997 2501 3440.01749732
3 998 2503 3441.12954732
2 999 2506 3454.7014435
3 1000 2509 3456.09050622
4 1001 2511 3456.68902235
5 1002 2514 3458.8473273
4 1003 2518 3463.01749732
5 1004 2522 3465.73934682
4 1005 2524 3467.68902235
3 1006 2525 3467.68902235
2 1007 2526 3470.09050622
3 1008 2527 3474.66520998
4 1009 2531 3484.82835269
5 1010 2533 3491.83028802
4 1011 2537 3494.73934682
5 1012 2538 3496.46953421
6 1013 2543 3500.20421754
5 1014 2547 3504.82835269
4 1015 2548 3505.83028802
3 1016 2549 3508.83028802
2 1017 2552 3509.66520998
3 1018 2553 3512.67056425
2 1019 2555 3513.46953421
3 1020 2556 3515.12731266
4 1021 2560 3516.69319881
3 1022 2562 3520.67056425
4 1023 2565 3526.90396477
3 1024 2571 3535.12731266
4 1025 2572 3536.60412525
3 1026 2574 3545.69319881
4 1027 2577 3548.70053063
3 1028 2579 3549.90396477
2 1029 2580 3550.60412525
3 1030 2583 3562.70103987
2 1031 2585 3565.70053063
3 1032 2586 3566.3202457
4 1033 2590 3571.13640476
3 1034 2592 3573.70103987
4 1035 2595 3576.87363442
5 1036 2600 3582.56539891
4 1037 2602 3583.3202457
3 1038 2605 3585.13640476
2 1039 2608 3593.87363442
3 1040 2609 3605.49625149
2 1041 2611 3608.56539891
3 1042 2612 3611.36104757
4 1043 2614 3612.86143483
5 1044 2616 3613.44150845
4 1045 2624 3626.86143483
3 1046 2625 3628.49625149
4 1047 2627 3629.3865216
3 1048 2628 3631.36104757
4 1049 2629 3631.52559515
3 1050 2634 3636.44150845
4 1051 2635 3638.29781253
5 1052 2637 3641.04723901
6 1053 2640 3641.52654911
5 1054 2641 3642.44150845
6 1055 2642 3644.44381637
5 1056 2651 3649.29781253
4 1057 2654 3652.04723901
3 1058 2656 3655.04723901
2 1059 2657 3655.44381637
1 1060 2658 3657.52559515
2 1061 2659 3660.95421053
3 1062 2661 3662.17984172
4 1063 2666 3669.94581695
3 1064 2668 3671.95421053
4 1065 2671 3674.56126537
3 1066 2673 3679.17984172
4 1067 2674 3679.26175574
3 1068 2682 3689.94581695
2 1069 2683 3690.26175574
1 1070 2684 3694.56126537
2 1071 2685 3699.10912535
3 1072 2687 3699.6317311
4 1073 2689 3700.61285765
5 1074 2693 3704.5471295
6 1075 2699 3707.35915983
5 1076 2701 3710.10912535
4 1077 2702 3711.61285765
3 1078 2705 3716.6317311
4 1079 2706 3717.12525107
3 1080 2710 3721.10912535
4 1081 2713 3722.12718763
3 1082 2715 3724.5471295
2 1083 2716 3725.12525107
3 1084 2717 3727.62136916
2 1085 2723 3739.12718763
3 1086 2724 3741.07475036
2 1087 2726 3741.62136916
3 1088 2729 3745.33164657
2 1089 2731 3749.07475036
3 1090 2732 3750.81810654
4 1091 2734 3753.50204044
5 1092 2740 3758.76196518
4 1093 2742 3762.33164657
5 1094 2743 3763.17080115
6 1095 2746 3764.62698095
7 1096 2748 3765.6729391
6 1097 2757 3767.50204044
7 1098 2758 3767.54442029
6 1099 2760 3772.76196518
5 1100 2761 3772.76196518
4 1101 2762 3774.17080115
3 1102 2763 3777.17080115
2 1103 2766 3782.81810654
1 1104 2767 3787.54442029
2 1105 2768 3791.64732914
3 1106 2772 3797.74047631
2 1107 2774 3805.64732914
3 1108 2777 3812.16790741
2 1109 2779 3817.74047631
3 1110 2780 3822.7595872
4 1111 2783 3823.54016465
5 1112 2784 3826.17804863
4 1113 2793 3838.16790741
5 1114 2795 3840.95062385
4 1115 2797 3842.7595872
3 1116 2798 3842.7595872
2 1117 2799 3843.17804863
3 1118 2801 3850.61472962
4 1119 2807 3855.4751445
3 1120 2809 3857.95062385
4 1121 2810 3860.0868451
3 1122 2814 3864.61472962
4 1123 2817 3870.29374332
3 1124 2821 3875.4751445
2 1125 2822 3877.0868451
3 1126 2823 3877.34205486
4 1127 2825 3879.44887472
3 1128 2830 3884.29374332
2 1129 2833 3887.44887472
3 1130 2834 3887.50147482
4 1131 2836 3890.28461494
5 1132 2839 3890.51153224
4 1133 2840 3891.34205486
5 1134 2843 3898.40942863
4 1135 2845 3898.50147482
5 1136 2846 3900.95516188
4 1137 2855 3909.40942863
3 1138 2856 3913.28461494
4 1139 2858 3915.36918851
3 1140 2860 3916.28461494
2 1141 2861 3920.95516188
3 1142 2865 3929.95275608
2 1143 2867 3932.36918851
3 1144 2868 3938.95934729
4 1145 2874 3954.36924551
3 1146 2876 3955.95275608
2 1147 2879 3961.95934729
1 1148 2880 3965.36924551
2 1149 2881 3971.63673218
1 1150 2885 3982.63673218
2 1151 2886 3990.7648401
3 1152 2888 3996.94942582
4 1153 2892 4003.76092832
5 1154 2895 4004.44019994
4 1155 2896 4004.7648401
5 1156 2899 4008.1780471
6 1157 2904 4011.47325413
5 1158 2905 4013.94942582
6 1159 2907 4014.16249506
5 1160 2908 4014.76092832
6 1161 2914 4018.27763527
7 1162 2915 4019.57958272
6 1163 2916 4020.76092832
7 1164 2918 4021.22588473
6 1165 2920 4022.1780471
7 1166 2921 4026.00275362
6 1167 2926 4027.94942582
7 1168 2929 4029.46833178
8 1169 2930 4032.69014019
9 1170 2931 4033.54338236
8 1171 2932 4034.76092832
7 1172 2935 4036.1780471
6 1173 2936 4037.76092832
7 1174 2941 4041.23837364
8 1175 2946 4043.92245263
7 1176 2950 4047.1780471
6 1177 2951 4047.94942582
5 1178 2953 4053.1780471
6 1179 2956 4054.30706501
5 1180 2957 4054.76092832
4 1181 2961 4056.1780471
5 1182 2963 4059.53785751
6 1183 2966 4060.09037686
5 1184 2967 4061.1780471
6 1185 2969 4063.39554996
5 1186 2970 4064.94942582
6 1187 2974 4069.65278007
7 1188 2980 4076.61152131
6 1189 2982 4077.76092832
7 1190 2983 4078.74088004
6 1191 2984 4079.53785751
5 1192 2987 4082.53785751
4 1193 2992 4085.53785751
3 1194 2993 4092.65278007
4 1195 2994 4095.19112803
5 1196 2998 4097.33395003
4 1197 3000 4097.76092832
5 1198 3001 4101.55165975
4 1199 3002 4102.53785751
5 1200 3004 4104.26168574
6 1201 3005 4106.71687008
7 1202 3008 4111.21514405
6 1203 3014 4116.53785751
7 1204 3015 4117.5237422
6 1205 3018 4118.19112803
7 1206 3019 4118.19118476
8 1207 3025 4124.1903953
9 1208 3026 4126.67475246
8 1209 3029 4126.76092832
9 1210 3030 4127.43149411
10 1211 3031 4127.52575954
9 1212 3033 4127.53785751
8 1213 3034 4129.19112803
7 1214 3035 4135.19112803
8 1215 3042 4138.64665824
7 1216 3045 4140.76092832
8 1217 3046 4149.73261444
7 1218 3048 4149.76092832
8 1219 3049 4150.41032262
7 1220 3051 4152.19112803
6 1221 3055 4153.53785751
7 1222 3062 4164.80978731
6 1223 3066 4170.28461494
7 1224 3067 4171.51972699
8 1225 3069 4173.15060117
9 1226 3070 4174.69049353
10 1227 3071 4175.14732468
9 1228 3073 4176.53785751
8 1229 3075 4178.19112803
7 1230 3079 4181.28461494
6 1231 3081 4181.76092832
5 1232 3085 4184.28461494
6 1233 3087 4184.97340854
7 1234 3090 4188.42283323
8 1235 3094 4189.8817578
7 1236 3095 4193.53785751
8 1237 3099 4197.5931698
7 1238 3103 4198.19112803
6 1239 3105 4198.28461494
7 1240 3106 4200.75657703
8 1241 3108 4201.8501902
7 1242 3109 4202.53785751
8 1243 3110 4202.90301042
7 1244 3111 4204.76092832
6 1245 3117 4206.19112803
5 1246 3118 4207.53785751
4 1247 3121 4212.19112803
3 1248 3126 4221.28461494
4 1249 3127 4224.76362496
3 1250 3129 4227.76092832
2 1251 3131 4229.19112803
3 1252 3133 4230.84011221
4 1253 3135 4231.05240375
5 1254 3139 4232.43572573
6 1255 3140 4234.63259054
5 1256 3142 4235.76362496
6 1257 3145 4239.69308115
5 1258 3149 4247.84011221
4 1259 3151 4248.05240375
5 1260 3154 4253.80094699
6 1261 3157 4258.10209304
7 1262 3158 4259.33176771
8 1263 3159 4260.27350721
7 1264 3161 4264.76362496
6 1265 3163 4264.84011221
7 1266 3168 4272.93686213
8 1267 3169 4273.42744603
7 1268 3173 4280.05240375
8 1269 3174 4280.63185177
7 1270 3176 4281.76362496
6 1271 3178 4281.84011221
7 1272 3179 4284.51649759
6 1273 3185 4297.05240375
7 1274 3189 4299.06607312
8 1275 3190 4299.36334897
7 1276 3195 4301.84011221
8 1277 3196 4302.97922674
7 1278 3198 4304.76362496
6 1279 3203 4308.05240375
7 1280 3204 4309.96150816
8 1281 3205 4310.94251732
9 1282 3206 4312.35233224
8 1283 3208 4314.05240375
9 1284 3209 4314.13057061
8 1285 3211 4315.76362496
7 1286 3213 4315.84011221
8 1287 3222 4326.35194855
7 1288 3224 4326.84011221
6 1289 3226 4329.76362496
5 1290 3232 4334.05240375
4 1291 3233 4340.84011221
3 1292 3237 4343.76362496
4 1293 3238 4344.98934974
5 1294 3240 4345.63300083
6 1295 3241 4349.92756399
5 1296 3244 4351.05240375
6 1297 3248 4354.22160026
5 1298 3252 4355.98934974
4 1299 3254 4359.05240375
3 1300 3255 4360.84011221
4 1301 3258 4364.27279057
3 1302 3264 4367.05240375
4 1303 3266 4369.15679142
5 1304 3267 4369.78939631
6 1305 3268 4372.00072626
5 1306 3269 4375.27279057
4 1307 3272 4375.98934974
5 1308 3273 4378.91755169
4 1309 3281 4383.27279057
3 1310 3282 4386.98934974
4 1311 3288 4397.74773636
3 1312 3289 4400.27279057
4 1313 3291 4404.15240691
3 1314 3292 4406.27279057
4 1315 3293 4407.75609845
5 1316 3296 4418.92760023
6 1317 3297 4431.9948303
5 1318 3300 4432.27279057
6 1319 3301 4438.05818582
7 1320 3305 4446.53719202
6 1321 3307 4458.27279057
5 1322 3308 4458.27279057
6 1323 3310 4461.0802478
7 1324 3311 4462.3941866
6 1325 3316 4478.27279057
5 1326 3317 4484.27279057
6 1327 3318 4484.61404503
7 1328 3319 4485.99300761
8 1329 3320 4489.20733563
9 1330 3322 4494.01316547
8 1331 3328 4501.27279057
7 1332 3330 4501.27279057
8 1333 3333 4512.70373358
7 1334 3335 4515.27279057
6 1335 3342 4526.27279057
7 1336 3343 4532.11501729
8 1337 3348 4538.9190962
9 1338 3349 4541.85747045
10 1339 3350 4542.69588496
9 1340 3352 4543.27279057
8 1341 3356 4551.10112854
9 1342 3357 4558.05160369
10 1343 3358 4559.91169301
11 1344 3359 4562.71535342
10 1345 3361 4563.27279057
9 1346 3366 4574.10112854
8 1347 3372 4580.27279057
9 1348 3374 4584.14195182
8 1349 3376 4585.10112854
7 1350 3379 4588.10112854
8 1351 3382 4589.31448787
7 1352 3385 4594.27279057
6 1353 3390 4599.10112854
7 1354 3391 4601.81574813
6 1355 3394 4605.27279057
5 1356 3398 4610.10112854
4 1357 3400 4614.27279057
5 1358 3401 4617.02140688
6 1359 3406 4626.75428939
7 1360 3407 4627.35380176
6 1361 3409 4631.27279057
7 1362 3412 4632.86550903
8 1363 3413 4634.38408846
7 1364 3415 4636.10112854
8 1365 3417 4639.19933013
7 1366 3418 4639.27279057
8 1367 3420 4643.25041101
7 1368 3428 4653.10112854
6 1369 3430 4653.10112854
7 1370 3431 4654.47407412
8 1371 3432 4654.86880214
7 1372 3436 4659.27279057
8 1373 3437 4660.59637177
7 1374 3439 4661.10112854
8 1375 3440 4662.73066711
7 1376 3446 4673.27279057
6 1377 3448 4675.10112854
7 1378 3451 4679.89135671
8 1379 3454 4683.57831652
9 1380 3455 4683.85547531
10 1381 3456 4684.34767639
9 1382 3458 4686.10112854
8 1383 3460 4687.27279057
9 1384 3461 4688.09786119
10 1385 3462 4688.71453709
9 1386 3473 4701.27279057
10 1387 3474 4702.92134447
9 1388 3478 4706.10112854
10 1389 3479 4707.21999377
9 1390 3482 4710.64500844
8 1391 3486 4717.10112854
9 1392 3490 4720.94395267
8 1393 3492 4721.27279057
7 1394 3494 4727.64500844
6 1395 3499 4730.64500844
7 1396 3500 4731.2117085
6 1397 3502 4734.10112854
5 1398 3505 4735.27279057
6 1399 3509 4741.20940626
7 1400 3512 4745.36316559
8 1401 3513 4749.28461917
7 1402 3515 4750.64500844
6 1403 3517 4752.27279057
7 1404 3518 4753.30870986
6 1405 3520 4754.10112854
7 1406 3525 4762.6712776
6 1407 3528 4763.27279057
7 1408 3529 4769.65474453
8 1409 3535 4771.02534976
9 1410 3536 4773.46956025
8 1411 3539 4773.64500844
9 1412 3540 4776.79370548
8 1413 3542 4777.27279057
7 1414 3543 4780.27279057
6 1415 3544 4783.10112854
7 1416 3546 4783.37444722
8 1417 3547 4783.44190698
9 1418 3551 4786.58277406
8 1419 3556 4793.64500844
7 1420 3558 4794.10112854
6 1421 3560 4794.27279057
5 1422 3564 4796.64500844
6 1423 3566 4798.38250413
7 1424 3571 4808.41123859
6 1425 3575 4810.64500844
5 1426 3578 4814.27279057
4 1427 3582 4817.10112854
3 1428 3585 4824.35856117
2 1429 3586 4824.64500844
1 1430 3587 4825.27279057
2 1431 3589 4826.19608634
3 1432 3594 4838.60916598
4 1433 3598 4842.45218739
5 1434 3601 4844.20594005
4 1435 3602 4846.19608634
5 1436 3605 4851.20037483
4 1437 3610 4853.45218739
3 1438 3611 4855.60916598
2 1439 3614 4864.60916598
3 1440 3615 4865.36224229
2 1441 3619 4868.20037483
1 1442 3620 4873.36224229
2 1443 3621 4880.94759823
3 1444 3625 4885.32265126
4 1445 3627 4886.80033299
3 1446 3629 4888.94759823
4 1447 3634 4891.13427754
3 1448 3636 4893.32265126
4 1449 3637 4894.12414729
5 1450 3639 4894.92357242
6 1451 3642 4897.77236798
7 1452 3643 4899.4003648
8 1453 3649 4904.68624437
7 1454 3651 4905.13427754
8 1455 3653 4905.54122131
7 1456 3654 4906.80033299
6 1457 3658 4908.12414729
7 1458 3659 4910.37179995
8 1459 3660 4911.73051218
7 1460 3662 4914.12414729
6 1461 3664 4914.92357242
5 1462 3672 4926.80033299
4 1463 3675 4928.13427754
3 1464 3676 4928.13427754
4 1465 3679 4935.14389469
3 1466 3681 4937.12414729
2 1467 3682 4940.92357242
3 1468 3683 4943.01670655
2 1469 3687 4955.14389469
1 1470 3690 4960.01670655
2 1471 3691 4960.02259431
3 1472 3693 4960.68401493
4 1473 3699 4976.94072019
3 1474 3701 4977.68401493
2 1475 3702 4980.02259431
1 1476 3705 4999.94072019
2 1477 3706 5007.75515449
1 1478 3710 5021.75515449
2 1479 3711 5024.5447351
3 1480 3715 5029.51105981
4 1481 3717 5030.24389523
3 1482 3719 5032.5447351
4 1483 3720 5033.1726779
5 1484 3724 5039.11966568
4 1485 3730 5044.1726779
5 1486 3731 5045.1643889
4 1487 3733 5052.51105981
5 1488 3736 5055.40713925
4 1489 3737 5056.24389523
5 1490 3741 5056.91245054
4 1491 3744 5061.1726779
3 1492 3746 5063.51105981
2 1493 3747 5067.24389523
1 1494 3750 5075.1726779
2 1495 3751 5077.40362628
3 1496 3753 5085.12949495
2 1497 3759 5091.40362628
1 1498 3760 5096.12949495
2 1499 3761 5097.23083726
3 1500 3765 5113.4795337
2 1501 3767 5114.23083726
3 1502 3769 5115.09097964
2 1503 3776 5129.09097964
1 1504 3777 5133.4795337
2 1505 3778 5134.34715198
3 1506 3782 5151.10635325
4 1507 3784 5153.40830242
3 1508 3786 5154.34715198
2 1509 3792 5162.34715198
1 1510 3793 5168.10635325
2 1511 3794 5175.0848671
3 1512 3796 5182.65367921
4 1513 3798 5182.69974144
5 1514 3800 5183.79779293
6 1515 3805 5189.92194777
7 1516 3806 5190.92525321
8 1517 3807 5194.59656098
7 1518 3809 5196.65367921
8 1519 3810 5197.66823434
9 1520 3815 5204.70393535
10 1521 3816 5206.2966956
11 1522 3817 5206.56534541
10 1523 3820 5207.0848671
9 1524 3822 5210.65367921
8 1525 3825 5211.69974144
9 1526 3827 5212.34499244
10 1527 3831 5218.87470285
9 1528 3835 5224.0848671
8 1529 3837 5224.0848671
7 1530 3839 5227.65367921
8 1531 3845 5233.54775051
9 1532 3846 5233.74206074
8 1533 3849 5234.69974144
7 1534 3851 5236.65367921
8 1535 3852 5237.48965843
7 1536 3853 5237.69974144
6 1537 3855 5238.0848671
7 1538 3856 5240.68390027
6 1539 3857 5241.65367921
7 1540 3860 5242.87673569
8 1541 3861 5244.76754113
9 1542 3869 5250.59796409
8 1543 3871 5251.69974144
9 1544 3872 5251.89993763
8 1545 3873 5252.65367921
9 1546 3874 5254.02449583
8 1547 3876 5255.0848671
9 1548 3878 5255.09356195
8 1549 3881 5255.65367921
7 1550 3886 5259.69974144
8 1551 3892 5264.2882111
9 1552 3895 5265.68278577
8 1553 3896 5266.65367921
9 1554 3897 5267.36471065
8 1555 3898 5268.69974144
9 1556 3899 5269.00272144
10 1557 3902 5270.77365138
9 1558 3904 5272.0848671
8 1559 3906 5272.65367921
7 1560 3908 5273.69974144
8 1561 3909 5280.6589081
9 1562 3915 5285.27192414
10 1563 3919 5289.15366283
9 1564 3922 5293.69974144
8 1565 3924 5295.0848671
7 1566 3925 5295.65367921
6 1567 3928 5298.65367921
7 1568 3929 5299.97725865
6 1569 3936 5307.69974144
5 1570 3937 5309.0848671
6 1571 3938 5310.39255505
5 1572 3940 5310.69974144
6 1573 3948 5322.77485585
5 1574 3950 5324.39255505
4 1575 3951 5324.69974144
5 1576 3952 5325.17648949
4 1577 3954 5327.65367921
3 1578 3955 5327.65367921
2 1579 3963 5344.39255505
1 1580 3965 5351.17648949
2 1581 3967 5365.36362662
3 1582 3969 5367.37699739
4 1583 3971 5370.06675988
5 1584 3972 5372.79701775
6 1585 3973 5373.68067217
7 1586 3978 5381.69843659
8 1587 3979 5381.70462837
7 1588 3981 5382.36362662
6 1589 3983 5384.37699739
7 1590 3985 5386.69155776
8 1591 3988 5394.66378713
9 1592 3992 5397.70734577
8 1593 3995 5405.36362662
7 1594 3996 5405.36362662
6 1595 3999 5410.37699739
5 1596 4003 5419.36362662
6 1597 4005 5420.33176879
5 1598 4011 5428.36362662
4 1599 4013 5430.36362662
3 1600 4014 5430.37699739
2 1601 4015 5436.37699739
3 1602 4016 5437.13829636
2 1603 4020 5444.36362662
1 1604 4023 5451.13829636
2 1605 4026 5466.82892998
3 1606 4029 5467.10865731
4 1607 4030 5469.05200172
5 1608 4034 5474.87482941
6 1609 4035 5476.29977403
5 1610 4037 5480.05200172
4 1611 4041 5484.10865731
3 1612 4048 5492.10865731
4 1613 4049 5496.31199827
5 1614 4051 5497.75863047
4 1615 4052 5501.82892998
3 1616 4054 5503.05200172
4 1617 4060 5510.8880854
3 1618 4062 5513.31199827
2 1619 4064 5515.82892998
3 1620 4065 5518.80152171
4 1621 4067 5521.14403587
3 1622 4072 5527.31199827
2 1623 4076 5535.80152171
3 1624 4077 5537.4441034
2 1625 4079 5538.31199827
3 1626 4080 5543.09655123
4 1627 4086 5550.49905069
3 1628 4087 5551.4441034
4 1629 4089 5555.24233901
5 1630 4090 5555.2971048
4 1631 4093 5560.09655123
5 1632 4095 5566.8026033
6 1633 4097 5567.60676416
5 1634 4098 5568.4441034
4 1635 4107 5580.09655123
5 1636 4108 5582.16280705
4 1637 4111 5583.09655123
3 1638 4113 5585.4441034
2 1639 4114 5589.39255505
3 1640 4119 5597.0703475
2 1641 4120 5597.09655123
1 1642 4123 5605.0703475
2 1643 4124 5605.64392209
3 1644 4126 5608.37895311
4 1645 4129 5608.98741782
5 1646 4130 5609.55965097
4 1647 4139 5619.37895311
5 1648 4140 5622.74237436
4 1649 4142 5625.37895311
5 1650 4144 5626.71958922
6 1651 4145 5626.93845157
7 1652 4147 5628.00828738
6 1653 4149 5629.55965097
7 1654 4153 5631.34642803
6 1655 4157 5634.64392209
5 1656 4158 5639.74237436
4 1657 4159 5639.74237436
3 1658 4160 5640.93845157
2 1659 4163 5649.55965097
3 1660 4166 5657.3495066
4 1661 4168 5659.62607263
3 1662 4172 5663.64392209
4 1663 4175 5668.05004307
3 1664 4177 5670.62607263
2 1665 4178 5671.3495066
3 1666 4179 5678.21299817
4 1667 4183 5683.49011069
5 1668 4185 5684.35878496
4 1669 4187 5685.05004307
5 1670 4190 5693.04005272
4 1671 4196 5701.21299817
3 1672 4199 5704.35878496
2 1673 4200 5706.49011069
3 1674 4201 5706.87852019
2 1675 4203 5710.04005272
3 1676 4206 5711.64163985
4 1677 4208 5716.02123211
5 1678 4210 5716.89707
4 1679 4212 5717.87852019
5 1680 4216 5721.57743352
4 1681 4222 5725.64163985
3 1682 4225 5730.89707
2 1683 4226 5733.02123211
3 1684 4227 5735.6787521
4 1685 4229 5739.9690797
3 1686 4231 5741.57743352
2 1687 4236 5752.6787521
3 1688 4237 5753.87183166
2 1689 4239 5753.9690797
3 1690 4240 5766.69428375
4 1691 4246 5773.71774951
5 1692 4248 5777.87759166
4 1693 4250 5779.87183166
3 1694 4251 5780.69428375
2 1695 4254 5784.71774951
3 1696 4255 5784.87357722
4 1697 4260 5786.78882087
3 1698 4264 5791.87759166
4 1699 4266 5795.48269545
3 1700 4268 5795.87357722
2 1701 4269 5798.87357722
3 1702 4270 5800.41098173
4 1703 4272 5805.11909489
5 1704 4279 5808.81138082
4 1705 4281 5814.41098173
5 1706 4284 5817.93028345
4 1707 4286 5821.48269545
3 1708 4289 5822.11909489
2 1709 4292 5825.81138082
3 1710 4293 5827.06468351
2 1711 4295 5828.93028345
3 1712 4296 5835.1355606
4 1713 4299 5835.87377086
5 1714 4302 5839.70065768
4 1715 4304 5841.06468351
5 1716 4305 5843.07657338
4 1717 4312 5846.1355606
5 1718 4313 5846.42611712
4 1719 4317 5847.70065768
5 1720 4319 5849.26090558
6 1721 4320 5850.96588899
7 1722 4322 5851.98253885
8 1723 4327 5853.58158098
7 1724 4329 5854.07657338
6 1725 4330 5857.42611712
7 1726 4331 5857.6788602
6 1727 4334 5860.42611712
5 1728 4336 5861.1355606
4 1729 4337 5862.07657338
3 1730 4344 5871.42611712
2 1731 4345 5871.98253885
3 1732 4346 5873.2262181
4 1733 4350 5874.26351206
3 1734 4352 5879.96588899
4 1735 4353 5881.08828848
5 1736 4357 5882.03567826
6 1737 4361 5883.19550915
5 1738 4363 5886.08828848
6 1739 4364 5888.43033636
5 1740 4365 5890.2262181
4 1741 4367 5891.26351206
5 1742 4372 5896.81777606
4 1743 4374 5899.03567826
3 1744 4375 5900.08828848
4 1745 4378 5903.77524899
5 1746 4380 5904.83310728
4 1747 4388 5910.2262181
3 1748 4389 5912.83310728
2 1749 4390 5913.81777606
3 1750 4391 5914.33871949
2 1751 4393 5914.77524899
3 1752 4394 5918.02853526
4 1753 4400 5919.29159396
3 1754 4402 5925.33871949
4 1755 4405 5926.51924217
5 1756 4407 5928.89799109
4 1757 4409 5929.02853526
3 1758 4410 5933.29159396
4 1759 4415 5940.23153312
3 1760 4417 5945.89799109
2 1761 4418 5946.51924217
3 1762 4421 5947.38308278
4 1763 4423 5947.52742802
5 1764 4427 5949.17945851
4 1765 4429 5951.23153312
5 1766 4432 5958.31839517
4 1767 4434 5958.52742802
5 1768 4437 5964.63193902
4 1769 4439 5966.17945851
3 1770 4440 5970.38308278
4 1771 4445 5982.60691235
3 1772 4447 5984.63193902
2 1773 4448 5987.31839517
1 1774 4451 5996.60691235
2 1775 4452 5999.33913982
3 1776 4456 6008.18688816
2 1777 4460 6013.33913982
1 1778 4462 6016.18688816
2 1779 4463 6017.97808359
3 1780 4466 6019.13191138
4 1781 4471 6032.87228571
3 1782 4473 6033.13191138
4 1783 4474 6033.48450237
5 1784 4480 6040.99832805
6 1785 4486 6042.94075724
5 1786 4487 6043.97808359
4 1787 4489 6048.99832805
3 1788 4490 6050.48450237
4 1789 4493 6056.24666868
5 1790 4495 6058.19626763
4 1791 4497 6058.87228571
5 1792 4498 6060.72641496
4 1793 4500 6060.97808359
5 1794 4501 6061.53955618
4 1795 4507 6070.24666868
5 1796 4512 6074.34809315
4 1797 4514 6074.72641496
3 1798 4516 6075.53955618
4 1799 4517 6078.9226674
3 1800 4519 6081.19626763
2 1801 4525 6088.34809315
3 1802 4526 6092.12716277
4 1803 4529 6092.61530742
3 1804 4530 6092.9226674
2 1805 4534 6109.12716277
1 1806 4535 6112.12716277
2 1807 4536 6116.31137295
3 1808 4540 6126.27580674
2 1809 4542 6127.31137295
3 1810 4545 6133.32558682
2 1811 4547 6134.27580674
3 1812 4548 6138.76888327
4 1813 4550 6142.5831037
5 1814 4554 6146.36252246
4 1815 4558 6156.32558682
5 1816 4563 6161.58109177
4 1817 4565 6161.76888327
5 1818 4566 6162.36484701
6 1819 4567 6165.998469
5 1820 4570 6168.5831037
6 1821 4571 6171.50201218
7 1822 4577 6173.007352
8 1823 4578 6173.07604492
7 1824 4579 6173.5831037
6 1825 4581 6176.32558682
5 1826 4583 6176.5831037
6 1827 4584 6176.91733098
5 1828 4586 6178.76888327
6 1829 4590 6186.97097789
5 1830 4596 6190.32558682
4 1831 4600 6196.5831037
3 1832 4601 6198.32558682
2 1833 4603 6199.5831037
1 1834 4604 6201.76888327
2 1835 4605 6201.88894312
3 1836 4607 6207.17491186
4 1837 4609 6208.85187602
5 1838 4610 6213.93773151
6 1839 4616 6222.4346463
5 1840 4618 6224.88894312
6 1841 4619 6227.6607364
5 1842 4623 6233.17491186
6 1843 4628 6235.16582452
7 1844 4629 6235.91674631
6 1845 4631 6238.17491186
5 1846 4634 6241.88894312
4 1847 4639 6251.33913982
3 1848 4642 6258.17491186
2 1849 4643 6258.88894312
3 1850 4646 6259.05084702
2 1851 4651 6274.33913982
1 1852 4652 6277.33913982
2 1853 4653 6282.54297493
3 1854 4655 6289.64933547
2 1855 4659 6302.54297493
3 1856 4663 6305.46648259
4 1857 4665 6307.83665713
3 1858 4669 6309.64933547
2 1859 4672 6316.46648259
3 1860 4673 6316.49112961
4 1861 4675 6320.36554772
5 1862 4677 6325.10704436
4 1863 4681 6327.83665713
3 1864 4684 6334.36554772
4 1865 4685 6335.68098548
3 1866 4691 6344.83665713
2 1867 4692 6345.49112961
1 1868 4693 6346.68098548
2 1869 4694 6354.5541051
3 1870 4696 6355.08351424
4 1871 4702 6371.52013602
5 1872 4704 6374.26939012
4 1873 4706 6374.5541051
3 1874 4707 6378.08351424
2 1875 4712 6382.52013602
3 1876 4713 6384.48052576
2 1877 4715 6388.5541051
1 1878 4718 6401.48052576
2 1879 4719 6407.31885541
3 1880 4723 6428.47072758
2 1881 4725 6430.31885541
3 1882 4728 6439.43177507
4 1883 4730 6446.20117931
3 1884 4735 6448.47072758
4 1885 4738 6455.98545566
3 1886 4740 6456.43177507
4 1887 4741 6456.92489787
3 1888 4743 6460.20117931
4 1889 4748 6469.24384026
5 1890 4750 6470.29010556
4 1891 4754 6473.92489787
3 1892 4755 6475.98545566
2 1893 4756 6477.24384026
3 1894 4759 6485.90851989
2 1895 4761 6490.29010556
3 1896 4762 6491.39346565
4 1897 4769 6498.52480907
3 1898 4771 6499.90851989
4 1899 4774 6504.07758637
5 1900 4776 6506.66019835
4 1901 4780 6508.39346565
3 1902 4781 6509.52480907
2 1903 4782 6515.07758637
1 1904 4785 6526.66019835
2 1905 4786 6531.87904104
3 1906 4788 6533.67253889
4 1907 4790 6534.84653204
5 1908 4792 6538.1556273
6 1909 4802 6544.51286481
5 1910 4806 6545.84653204
4 1911 4807 6546.1556273
3 1912 4808 6548.87904104
4 1913 4809 6549.27231014
3 1914 4811 6552.51286481
2 1915 4812 6553.67253889
1 1916 4815 6569.27231014
2 1917 4816 6569.50982706
3 1918 4818 6571.24658591
2 1919 4824 6579.24658591
1 1920 4825 6580.50982706
2 1921 4826 6581.85361387
3 1922 4828 6582.01931776
4 1923 4832 6587.6957947
5 1924 4835 6593.04327448
6 1925 4836 6593.06205638
7 1926 4839 6593.39554051
8 1927 4840 6593.87850524
7 1928 4847 6599.01931776
6 1929 4848 6601.6957947
5 1930 4849 6601.85361387
4 1931 4855 6607.06205638
5 1932 4856 6608.39301653
4 1933 4858 6610.6957947
3 1934 4859 6616.06205638
2 1935 4860 6619.87850524
1 1936 4865 6625.39301653
2 1937 4866 6639.2566999
3 1938 4868 6640.39855375
4 1939 4870 6645.95810364
3 1940 4876 6651.39855375
2 1941 4879 6653.95810364
3 1942 4880 6654.81282635
2 1943 4882 6656.2566999
3 1944 4883 6658.65749143
4 1945 4887 6664.05879119
3 1946 4891 6665.81282635
4 1947 4892 6669.19981237
5 1948 4894 6670.94590815
4 1949 4898 6672.65749143
3 1950 4903 6677.19981237
2 1951 4904 6681.05879119
1 1952 4905 6681.94590815
2 1953 4906 6683.91109369
1 1954 4910 6694.91109369
2 1955 4911 6700.01938982
3 1956 4915 6708.7680587
2 1957 4919 6720.01938982
3 1958 4920 6725.51850509
2 1959 4922 6725.7680587
3 1960 4923 6730.0212833
4 1961 4925 6733.24364487
3 1962 4933 6745.51850509
2 1963 4934 6747.0212833
1 1964 4935 6753.24364487
2 1965 4936 6758.64433554
3 1966 4938 6766.10057506
2 1967 4944 6780.10057506
1 1968 4945 6781.64433554
2 1969 4946 6794.26502404
1 1970 4950 6805.26502404
2 1971 4951 6808.89427091
3 1972 4955 6816.77547068
2 1973 4957 6819.89427091
3 1974 4958 6820.36224488
2 1975 4964 6834.36224488
1 1976 4965 6836.77547068
2 1977 4967 6858.90486132
3 1978 4969 6865.89038531
4 1979 4973 6865.91990813
3 1980 4977 6875.90486132
2 1981 4982 6879.89038531
3 1982 4983 6881.03818439
2 1983 4987 6892.03818439
1 1984 4988 6894.91990813
2 1985 4989 6902.66775172
3 1986 4991 6902.81461926
4 1987 4993 6906.34634487
3 1988 5001 6916.66775172
2 1989 5002 6916.81461926
3 1990 5003 6917.69859558
4 1991 5005 6919.99408186
3 1992 5007 6920.34634487
4 1993 5009 6924.08406358
3 1994 5016 6939.99408186
2 1995 5017 6941.08406358
1 1996 5018 6943.69859558
2 1997 5019 6946.56967581
1 1998 5023 6960.56967581
2 1999 5024 6962.04446052
1 2000 5029 6970.04446052
0 2001 5032 6983.2482372
0 2002 5033 7082.90486132
