#data counter step time
0 1 0 0.0
1 2 2 0.0
2 3 12 9.60753152564
3 4 14 21.5010856082
2 5 18 32.6075315256
3 6 21 40.3256054943
2 7 23 44.5010856082
3 8 24 49.8891041302
4 9 29 53.4812346677
3 10 30 54.3256054943
4 11 34 66.6689220649
3 12 36 66.8891041302
4 13 37 68.0626058454
5 14 39 71.5640979435
4 15 41 72.8891041302
3 16 46 80.6689220649
2 17 47 82.0626058454
3 18 50 91.1358153423
4 19 54 96.9484986236
5 20 56 101.761824805
6 21 58 102.55378151
5 22 60 103.564097943
4 23 63 105.135815342
5 24 66 110.839227609
4 25 68 110.948498624
3 26 69 112.761824805
2 27 72 119.55378151
3 28 75 127.718033038
2 29 77 130.839227609
3 30 80 135.076275559
2 31 82 138.718033038
3 32 83 141.375936395
4 33 87 144.212991414
3 34 91 155.076275559
2 35 92 155.375936395
1 36 95 161.212991414
2 37 96 164.052121479
3 38 98 164.091027034
4 39 100 166.597242713
3 40 108 178.052121479
2 41 109 180.597242713
1 42 110 181.091027034
2 43 111 181.349384531
3 44 113 182.078316605
4 45 115 187.802916075
5 46 117 188.531271528
6 47 123 190.70502436
5 48 129 196.531271528
6 49 131 198.535877286
5 50 132 199.078316605
6 51 136 201.080443222
5 52 138 204.349384531
4 53 139 204.70502436
3 54 140 204.802916075
2 55 143 213.802916075
3 56 144 215.338678457
2 57 146 224.080443222
3 58 149 230.296716996
4 59 151 233.284128851
5 60 155 234.496959803
4 61 157 238.338678457
3 62 160 241.296716996
2 63 163 247.284128851
3 64 164 251.338717271
2 65 166 251.496959803
3 66 167 252.526824754
4 67 169 253.038981453
3 68 175 261.038981453
2 69 176 263.526824754
3 70 177 266.844054284
4 71 183 280.179079367
3 72 185 280.338717271
4 73 186 282.144923853
3 74 188 289.844054284
4 75 189 291.192707302
5 76 195 300.717003472
4 77 197 302.144923853
5 78 202 310.024436796
4 79 204 312.179079367
5 80 205 312.528166912
4 81 207 317.717003472
5 82 208 318.655514543
4 83 212 320.192707302
5 84 213 321.532879933
4 85 219 330.024436796
3 86 222 335.655514543
2 87 223 338.528166912
1 88 224 338.532879933
2 89 225 343.278384644
3 90 227 347.243741564
4 91 231 353.188238379
5 92 233 353.335077178
6 93 235 356.110590612
5 94 239 358.243741564
6 95 241 359.507905725
5 96 247 363.278384644
4 97 248 364.335077178
5 98 251 369.499649612
6 99 253 370.219739325
5 100 255 373.110590612
4 101 256 373.188238379
3 102 257 376.110590612
4 103 260 377.582802665
5 104 266 384.437527211
6 105 268 385.918962035
7 106 270 386.091931684
8 107 271 388.903742552
7 108 273 389.499649612
6 109 274 390.219739325
5 110 278 391.582802665
6 111 279 392.386478561
7 112 281 392.4396701
6 113 286 396.918962035
5 114 288 398.219739325
4 115 295 404.437527211
3 116 296 406.386478561
4 117 297 408.078939769
3 118 299 410.918962035
4 119 300 414.841495527
3 120 304 415.499649612
4 121 306 419.618198688
5 122 307 421.113693666
4 123 309 422.078939769
5 124 310 423.21571814
4 125 319 435.113693666
3 126 320 437.841495527
4 127 321 439.544556969
3 128 323 440.841495527
2 129 324 446.21571814
3 130 327 454.462737653
2 131 329 459.544556969
3 132 330 460.669103504
4 133 336 463.150250225
3 134 338 465.669103504
4 135 339 468.458102572
5 136 341 469.320636624
6 137 343 470.73483455
7 138 345 471.734998347
6 139 348 474.462737653
5 140 352 476.458102572
6 141 353 478.496109966
7 142 355 479.902567503
6 143 359 483.150250225
7 144 360 483.409510267
8 145 363 483.756965467
9 146 364 486.955826088
8 147 370 487.73483455
7 148 371 489.320636624
8 149 373 491.201210331
9 150 376 493.110784281
10 151 377 493.355935873
9 152 380 494.462737653
8 153 383 497.150250225
7 154 386 498.496109966
6 155 389 503.320636624
7 156 390 506.060370169
6 157 395 507.73483455
7 158 398 512.0307184
6 159 406 517.060370169
5 160 407 517.462737653
4 161 408 518.496109966
5 162 409 519.545992323
4 163 411 520.150250225
3 164 412 520.462737653
4 165 413 523.373124879
3 166 417 529.0307184
4 167 420 532.502349786
3 168 422 533.545992323
4 169 423 535.684524354
3 170 425 537.373124879
4 171 427 539.940330497
5 172 429 540.724087437
6 173 431 544.401686632
7 174 439 548.881120168
6 175 441 549.684524354
5 176 442 552.502349786
4 177 443 552.502349786
5 178 444 552.593613866
4 179 446 552.684524354
3 180 447 558.502349786
2 181 452 562.881120168
3 182 454 569.044268254
4 183 456 572.047279886
3 184 458 572.593613866
4 185 459 573.468678069
5 186 466 582.91370279
4 187 470 586.044268254
3 188 471 586.047279886
4 189 474 587.217267076
5 190 476 590.201956774
4 191 478 590.468678069
3 192 479 596.91370279
4 193 484 600.743444047
5 194 486 601.454356791
4 195 488 604.217267076
3 196 492 607.201956774
2 197 496 612.454356791
1 198 497 614.743444047
2 199 498 627.013243402
3 200 500 631.971879813
4 201 506 647.963035446
3 202 508 653.013243402
2 203 511 657.971879813
1 204 513 661.963035446
2 205 514 668.128818646
3 206 517 671.599380791
4 207 523 683.565565141
3 208 525 685.599380791
4 209 526 690.541635021
3 210 530 696.599380791
2 211 531 697.128818646
3 212 533 697.348857387
4 213 534 698.93267307
5 214 535 701.68944039
6 215 536 703.878842789
7 216 537 704.126592691
8 217 538 705.077727833
9 218 541 707.593866885
10 219 542 707.603054542
11 220 543 707.817568522
10 221 548 713.599380791
11 222 549 713.73898848
12 223 550 714.769815245
13 224 556 723.694833348
14 225 557 725.369510326
15 226 558 725.813785106
14 227 560 727.599380791
15 228 561 728.397699447
16 229 562 729.880900524
15 230 563 733.599380791
16 231 566 735.641724494
15 232 567 736.599380791
14 233 568 742.599380791
15 234 569 742.997284495
14 235 570 744.599380791
15 236 574 746.041602037
16 237 575 747.326182135
17 238 576 749.708515213
18 239 577 750.549858757
19 240 578 753.760957076
20 241 583 758.354960156
19 242 584 761.599380791
20 243 585 762.333806031
19 244 588 764.599380791
18 245 589 764.599380791
19 246 590 764.644229475
20 247 591 764.83300594
21 248 595 783.479369196
20 249 598 787.599380791
21 250 599 787.899548629
20 251 605 790.599380791
19 252 613 803.881120168
18 253 614 804.599380791
19 254 615 804.729514468
18 255 616 806.881120168
17 256 619 807.599380791
16 257 621 809.881120168
17 258 622 814.443347796
16 259 632 824.599380791
15 260 633 824.599380791
14 261 637 826.881120168
15 262 640 829.269561293
16 263 644 834.485289168
15 264 646 835.217267076
14 265 648 837.881120168
13 266 651 841.599380791
12 267 652 841.599380791
13 268 655 843.747771422
14 269 656 844.515051399
13 270 663 846.217267076
14 271 664 850.781422059
13 272 665 852.599380791
12 273 669 855.599380791
13 274 670 857.840840246
12 275 671 857.881120168
11 276 678 860.217267076
10 277 685 868.881120168
9 278 689 869.599380791
8 279 691 871.881120168
7 280 692 871.881120168
6 281 694 874.217267076
5 282 703 886.599380791
4 283 704 888.881120168
5 284 705 890.229966906
6 285 707 892.941751901
7 286 710 894.877881574
8 287 711 895.0946233
7 288 712 895.599380791
6 289 714 895.599380791
5 290 715 897.217267076
4 291 723 907.229966906
3 292 726 911.217267076
2 293 727 913.971879813
1 294 728 915.599380791
2 295 731 937.145335834
3 296 733 940.508885998
4 297 737 947.257195562
3 298 741 951.508885998
4 299 742 951.527670924
3 300 746 957.145335834
4 301 749 957.43232043
3 302 751 962.527670924
2 303 752 964.257195562
3 304 754 966.393242831
2 305 758 977.43232043
1 306 759 980.43232043
2 307 760 984.045723286
3 308 762 986.02606213
4 309 767 997.712518758
5 310 771 1002.79038455
6 311 775 1005.48753072
5 312 778 1007.04572329
4 313 779 1007.79038455
3 314 780 1009.02606213
4 315 781 1014.14814434
3 316 783 1015.02606213
4 317 786 1021.58663308
3 318 788 1022.88112017
4 319 789 1024.30131636
5 320 791 1025.00973248
6 321 795 1027.84037614
7 322 798 1031.40114575
6 323 802 1032.30131636
5 324 805 1035.58663308
4 325 807 1039.00973248
5 326 810 1040.19323756
6 327 812 1042.95329299
5 328 816 1046.14814434
4 329 817 1046.30131636
5 330 818 1052.06687974
6 331 824 1054.68842815
5 332 825 1055.58663308
6 333 827 1056.30593307
5 334 830 1060.14814434
4 335 834 1066.06687974
3 336 835 1066.19323756
2 337 836 1069.58663308
3 338 839 1070.97081024
2 339 841 1074.14814434
3 340 842 1079.82786855
2 341 846 1090.97081024
1 342 849 1102.82786855
2 343 850 1125.94888791
3 344 854 1136.2286012
4 345 858 1138.13988553
5 346 860 1140.17546622
6 347 862 1145.02858902
5 348 863 1145.94888791
4 349 865 1150.2286012
5 350 868 1151.82239136
6 351 870 1151.89344106
7 352 871 1154.16011374
8 353 872 1154.39435836
7 354 873 1155.13988553
8 355 877 1158.41396381
9 356 880 1164.22062438
10 357 881 1165.4260654
9 358 883 1165.94888791
10 359 888 1169.33814423
11 360 889 1172.17216941
10 361 892 1172.17546622
9 362 895 1174.82239136
8 363 897 1178.13988553
7 364 904 1182.94888791
6 365 910 1189.17546622
5 366 911 1191.82239136
4 367 912 1191.82239136
3 368 915 1195.17546622
4 369 916 1195.7736106
3 370 918 1198.13988553
4 371 919 1207.10182417
5 372 921 1208.53537838
4 373 925 1208.94888791
5 374 928 1211.93440061
6 375 930 1214.85867217
5 376 931 1215.10182417
6 377 935 1217.03127194
5 378 937 1218.7736106
6 379 938 1223.13743806
7 380 939 1223.30285617
6 381 943 1228.53537838
7 382 949 1237.07776351
6 383 951 1238.10182417
7 384 955 1238.58577159
8 385 956 1241.53001808
7 386 958 1241.7736106
6 387 959 1242.53537838
5 388 961 1243.93440061
4 389 962 1245.53537838
5 390 964 1247.90989097
6 391 972 1251.99437612
7 392 974 1256.29315037
8 393 975 1256.53924352
9 394 976 1257.44716684
8 395 977 1258.7736106
7 396 979 1260.93440061
6 397 981 1261.10182417
5 398 982 1264.10182417
4 399 992 1272.7736106
3 400 994 1278.10182417
4 401 995 1278.64449858
3 402 998 1280.99437612
2 403 999 1283.93440061
3 404 1000 1285.51599923
4 405 1004 1287.97779914
3 406 1008 1292.64449858
2 407 1012 1299.51599923
1 408 1014 1304.97779914
2 409 1015 1317.07866158
3 410 1017 1323.9507443
2 411 1023 1334.07866158
3 412 1024 1335.86439667
4 413 1027 1340.123409
5 414 1029 1343.22636469
6 415 1031 1344.30678169
7 416 1032 1344.30880845
8 417 1033 1344.89209314
7 418 1035 1346.9507443
8 419 1039 1347.2115191
9 420 1040 1347.30100153
8 421 1046 1355.86439667
7 422 1047 1360.123409
6 423 1050 1363.123409
5 424 1052 1363.9507443
6 425 1060 1372.02636001
5 426 1062 1372.86439667
4 427 1063 1374.123409
3 428 1064 1374.9507443
4 429 1065 1375.95046262
5 430 1068 1377.05310541
6 431 1069 1380.17088973
5 432 1074 1383.123409
6 433 1075 1385.2586221
5 434 1077 1386.95046262
4 435 1082 1392.95046262
3 436 1083 1395.86439667
2 437 1085 1397.17088973
3 438 1088 1402.36978062
2 439 1093 1409.95046262
3 440 1094 1412.99014319
2 441 1098 1419.36978062
1 442 1099 1420.99014319
2 443 1100 1427.53188723
3 444 1104 1438.40174724
2 445 1108 1444.53188723
1 446 1110 1446.40174724
2 447 1111 1448.56596994
3 448 1114 1450.42816747
4 449 1115 1453.29108083
5 450 1116 1456.07376408
6 451 1117 1458.24499679
7 452 1118 1459.08786337
6 453 1122 1465.56596994
7 454 1124 1468.37771532
8 455 1125 1470.79881722
9 456 1126 1471.30411515
8 457 1127 1471.56596994
7 458 1130 1488.56596994
8 459 1133 1488.6911136
9 460 1137 1493.60998752
10 461 1138 1494.95285128
9 462 1140 1496.56596994
10 463 1144 1499.23892859
11 464 1145 1501.1904633
10 465 1146 1502.56596994
9 466 1152 1509.7736106
8 467 1156 1519.56596994
9 468 1157 1520.48822068
8 469 1162 1520.7736106
9 470 1163 1530.95968104
10 471 1168 1535.422168
9 472 1172 1537.7736106
10 473 1176 1541.79503938
9 474 1178 1542.56596994
8 475 1180 1542.7736106
7 476 1181 1543.64449858
6 477 1182 1546.64449858
7 478 1184 1549.33566213
8 479 1187 1550.10544516
9 480 1188 1551.6508768
10 481 1189 1552.38274079
11 482 1192 1553.6278724
12 483 1195 1556.68450603
11 484 1199 1556.7736106
10 485 1201 1559.56596994
11 486 1202 1566.53062865
10 487 1204 1566.64449858
9 488 1213 1576.7736106
8 489 1216 1577.64449858
7 490 1217 1579.7736106
6 491 1219 1582.56596994
5 492 1221 1582.7736106
6 493 1227 1593.6070686
5 494 1231 1597.64449858
4 495 1232 1597.64449858
5 496 1233 1599.94364292
4 497 1235 1602.56596994
5 498 1236 1603.45691287
6 499 1239 1607.4616448
7 500 1240 1608.01558056
6 501 1243 1608.7736106
7 502 1246 1615.26040286
6 503 1250 1619.56596994
5 504 1253 1620.64449858
4 505 1254 1622.7736106
3 506 1255 1622.7736106
4 507 1256 1632.94316506
5 508 1263 1640.8586368
4 509 1265 1643.64449858
3 510 1266 1645.56596994
4 511 1270 1654.12833393
3 512 1277 1658.94316506
4 513 1278 1663.4290184
5 514 1280 1664.05681615
4 515 1281 1665.12833393
5 516 1283 1666.49362929
4 517 1284 1666.8586368
5 518 1288 1671.13486302
4 519 1289 1671.4290184
3 520 1297 1686.8586368
4 521 1298 1688.19528364
3 522 1300 1691.12833393
2 523 1301 1691.4290184
3 524 1304 1701.28614696
4 525 1306 1701.36966934
5 526 1310 1703.00014932
6 527 1311 1706.76745139
5 528 1313 1708.19528364
6 529 1318 1712.746172
7 530 1320 1714.98538038
6 531 1321 1715.36966934
5 532 1327 1721.28614696
4 533 1328 1722.19528364
5 534 1332 1726.23993543
4 535 1334 1726.36966934
3 536 1337 1733.7736106
2 537 1338 1733.7736106
1 538 1339 1734.23993543
2 539 1340 1744.75987213
3 540 1343 1752.42481271
4 541 1344 1755.54048583
5 542 1347 1757.08658848
6 543 1351 1760.97057296
5 544 1353 1761.75987213
4 545 1357 1767.75987213
3 546 1360 1772.54048583
2 547 1361 1772.54048583
1 548 1362 1774.97057296
2 549 1363 1782.03859114
3 550 1367 1792.75369072
4 551 1369 1794.61408118
3 552 1371 1796.03859114
2 553 1376 1808.61408118
1 554 1377 1809.75369072
2 555 1378 1811.06649096
3 556 1380 1820.07000683
2 557 1386 1831.07000683
1 558 1387 1834.06649096
2 559 1388 1834.73023291
3 560 1390 1838.44470929
4 561 1394 1848.33541778
3 562 1398 1851.73023291
2 563 1399 1852.44470929
3 564 1401 1854.88629628
2 565 1405 1862.33541778
1 566 1407 1865.33541778
2 567 1408 1869.91319257
3 568 1410 1880.40468123
2 569 1416 1892.91319257
1 570 1417 1894.40468123
2 571 1418 1920.29791019
3 572 1420 1923.58531725
4 573 1422 1926.56111684
5 574 1430 1931.19204634
4 575 1432 1934.56111684
3 576 1435 1943.29791019
2 577 1436 1946.58531725
1 578 1437 1951.19204634
2 579 1439 1958.13098842
3 580 1440 1962.60314417
4 581 1442 1963.05375762
5 582 1444 1964.49372159
6 583 1447 1967.6262934
7 584 1457 1978.36860982
8 585 1459 1978.42763356
7 586 1460 1979.60314417
6 587 1462 1980.05375762
7 588 1463 1981.97693657
6 589 1467 1984.13098842
5 590 1468 1987.49372159
4 591 1469 1987.49372159
3 592 1470 1989.36860982
4 593 1475 1993.11476702
3 594 1477 1996.60314417
2 595 1479 1998.97693657
3 596 1483 2007.09104306
2 597 1485 2007.11476702
3 598 1486 2021.4153705
4 599 1491 2026.55491048
3 600 1495 2029.4153705
2 601 1496 2030.09104306
3 602 1497 2031.25612541
2 603 1501 2041.4153705
3 604 1502 2043.94063095
4 605 1504 2044.44769006
5 606 1507 2044.59541063
4 607 1508 2045.25612541
5 608 1512 2049.27995895
6 609 1515 2049.96314162
7 610 1516 2052.25789352
6 611 1518 2052.44769006
7 612 1519 2053.33909985
8 613 1528 2061.08629475
7 614 1529 2061.44769006
6 615 1532 2063.94063095
7 616 1534 2069.04906553
6 617 1535 2069.27995895
7 618 1536 2070.06664753
6 619 1537 2070.33909985
7 620 1541 2071.74226031
6 621 1542 2072.25789352
5 622 1544 2075.27995895
4 623 1550 2080.25789352
3 624 1553 2083.94063095
4 625 1554 2086.67385865
3 626 1556 2087.33909985
4 627 1558 2088.44181627
5 628 1560 2088.755884
4 629 1564 2092.27995895
5 630 1567 2096.00521771
4 631 1570 2097.67385865
3 632 1575 2102.44181627
4 633 1576 2105.7193074
5 634 1578 2106.00322344
4 635 1579 2106.27995895
5 636 1581 2108.65022577
6 637 1582 2111.12122999
5 638 1586 2114.67385865
4 639 1591 2125.7193074
3 640 1593 2126.27995895
4 641 1596 2133.6687849
5 642 1598 2136.00442299
4 643 1600 2136.7193074
3 644 1601 2137.67385865
4 645 1604 2145.20022053
3 646 1608 2150.7193074
2 647 1611 2159.6687849
3 648 1612 2161.97011025
4 649 1616 2166.44044945
3 650 1618 2168.20022053
4 651 1621 2175.14092402
5 652 1623 2175.42476719
6 653 1624 2176.52286771
5 654 1626 2177.44044945
4 655 1627 2178.97011025
5 656 1633 2184.66846157
4 657 1635 2186.14092402
3 658 1638 2191.44044945
2 659 1641 2200.14092402
1 660 1642 2201.97011025
2 661 1643 2212.67640289
1 662 1648 2223.67640289
2 663 1649 2233.0877125
3 664 1652 2234.74512864
4 665 1656 2237.11395238
5 666 1658 2239.95997101
4 667 1660 2241.0877125
3 668 1661 2244.0877125
4 669 1662 2247.2181872
5 670 1664 2249.72511371
6 671 1671 2250.55121808
5 672 1677 2256.95997101
6 673 1678 2257.14082214
7 674 1680 2259.82203025
6 675 1681 2261.2181872
5 676 1682 2263.11395238
4 677 1684 2263.72511371
3 678 1685 2264.2181872
2 679 1690 2277.11395238
1 680 1691 2280.14082214
2 681 1693 2281.77377098
3 682 1695 2284.04853984
4 683 1697 2288.76878148
5 684 1704 2293.11869374
6 685 1706 2295.61859094
5 686 1710 2295.77377098
4 687 1712 2298.04853984
3 688 1713 2302.76878148
2 689 1714 2302.76878148
1 690 1718 2315.77377098
2 691 1719 2322.01329958
1 692 1723 2336.01329958
2 693 1724 2346.27373456
3 694 1726 2348.62223236
4 695 1728 2353.11758798
3 696 1734 2365.62223236
2 697 1737 2366.27373456
3 698 1738 2366.6998344
4 699 1740 2370.78819356
3 700 1742 2373.11758798
4 701 1745 2380.19206557
5 702 1747 2381.56716163
4 703 1749 2383.6998344
5 704 1753 2385.99763182
6 705 1756 2387.96540239
7 706 1757 2390.78348078
6 707 1761 2393.78819356
5 708 1764 2394.19206557
6 709 1766 2399.65796162
7 710 1772 2406.43137261
6 711 1774 2407.56716163
5 712 1775 2408.19206557
6 713 1778 2410.15287588
5 714 1780 2411.19206557
4 715 1783 2416.78819356
3 716 1785 2422.19206557
2 717 1786 2424.56716163
3 718 1788 2425.03008776
4 719 1792 2429.43157607
3 720 1795 2433.78819356
4 721 1800 2436.36926901
3 722 1802 2438.78819356
4 723 1803 2441.79011789
3 724 1805 2442.03008776
4 725 1806 2445.24748599
5 726 1807 2445.92644938
6 727 1812 2454.672699
5 728 1813 2456.03008776
6 729 1815 2456.81085025
5 730 1816 2458.78819356
4 731 1822 2476.03008776
5 732 1824 2477.54397076
4 733 1826 2481.78819356
5 734 1829 2485.15622984
6 735 1831 2485.94345912
5 736 1834 2487.03008776
6 737 1835 2487.18550212
5 738 1843 2495.78819356
4 739 1844 2498.03008776
3 740 1845 2498.03008776
2 741 1847 2504.78819356
3 742 1848 2505.10005421
4 743 1853 2509.85625495
3 744 1854 2512.78819356
4 745 1858 2529.95405658
3 746 1860 2531.10005421
2 747 1861 2531.10005421
1 748 1864 2543.95405658
2 749 1865 2550.60444164
3 750 1867 2552.26429424
4 751 1869 2552.74609707
5 752 1872 2554.02057278
6 753 1877 2556.99771935
5 754 1882 2563.74609707
6 755 1883 2564.34342462
7 756 1884 2565.14334268
6 757 1885 2567.60444164
7 758 1890 2569.07338589
6 759 1891 2569.26429424
7 760 1896 2573.01065691
6 761 1899 2575.26429424
5 762 1900 2575.60444164
4 763 1901 2577.26429424
3 764 1903 2577.74609707
4 765 1904 2577.98362534
5 766 1906 2578.26621454
6 767 1908 2579.24374068
5 768 1911 2584.60444164
6 769 1913 2586.10109099
5 770 1917 2591.26429424
6 771 1920 2591.6893738
5 772 1922 2591.98362534
6 773 1923 2592.40866291
5 774 1925 2598.60444164
4 775 1926 2600.26429424
5 776 1934 2605.72759751
4 777 1937 2608.98362534
3 778 1938 2614.26429424
4 779 1939 2614.54674624
3 780 1943 2615.60444164
4 781 1944 2620.24745334
5 782 1946 2625.65173844
4 783 1950 2627.6998344
3 784 1955 2636.65173844
2 785 1956 2637.54674624
3 786 1957 2639.81467029
2 787 1959 2640.24745334
3 788 1960 2641.52086379
4 789 1966 2646.08601903
3 790 1970 2649.52086379
2 791 1971 2653.81467029
1 792 1973 2657.08601903
2 793 1974 2662.6198263
3 794 1976 2663.7482072
4 795 1978 2663.97992356
5 796 1981 2666.62072172
4 797 1989 2674.97992356
3 798 1990 2677.7482072
2 799 1991 2677.7482072
3 800 1992 2678.10123146
2 801 1996 2685.6198263
3 802 1997 2690.22942309
2 803 1999 2692.10123146
3 804 2003 2710.87043676
4 805 2004 2711.88546504
3 806 2008 2719.22942309
4 807 2009 2720.33887016
3 808 2013 2722.88546504
4 809 2014 2729.24078143
3 810 2018 2730.87043676
2 811 2019 2737.33887016
3 812 2022 2744.4521079
4 813 2024 2746.24698494
3 814 2028 2755.4521079
4 815 2031 2757.29197348
3 816 2033 2758.24078143
4 817 2034 2760.60891836
3 818 2036 2763.24698494
4 819 2039 2767.12734042
3 820 2043 2768.29197348
4 821 2044 2768.56986832
3 822 2046 2771.60891836
4 823 2047 2774.07482261
5 824 2055 2783.57745364
4 825 2057 2788.07482261
5 826 2058 2789.94119632
4 827 2060 2790.12734042
3 828 2061 2791.56986832
2 829 2066 2800.57745364
3 830 2067 2801.57050955
4 831 2069 2804.67605098
5 832 2072 2806.42796113
4 833 2073 2806.94119632
5 834 2075 2807.05926073
6 835 2080 2809.46338729
7 836 2084 2812.52042684
6 837 2085 2812.67605098
7 838 2088 2816.11475804
8 839 2089 2816.74087707
7 840 2092 2818.67605098
8 841 2097 2820.99433103
7 842 2098 2821.57050955
6 843 2102 2823.46338729
5 844 2103 2823.67605098
4 845 2104 2824.05926073
3 846 2108 2832.57050955
2 847 2111 2838.57050955
1 848 2113 2846.46338729
2 849 2115 2848.53325609
3 850 2117 2851.05595168
4 851 2121 2853.38499458
5 852 2123 2853.84286946
6 853 2126 2855.46224232
5 854 2127 2858.38499458
4 855 2131 2859.05595168
5 856 2133 2861.08806142
4 857 2138 2865.53325609
3 858 2140 2869.38499458
2 859 2143 2873.05595168
3 860 2144 2875.24050615
4 861 2146 2875.55066193
5 862 2148 2877.88865752
4 863 2149 2879.53325609
3 864 2157 2892.24050615
4 865 2158 2894.72793725
3 866 2160 2895.55066193
2 867 2163 2899.53325609
3 868 2164 2901.93925422
4 869 2166 2904.84910536
3 870 2170 2908.72793725
2 871 2171 2909.93925422
3 872 2174 2918.61790117
4 873 2176 2920.44571733
3 874 2178 2921.84910536
4 875 2183 2933.72365074
3 876 2185 2934.44571733
2 877 2186 2935.61790117
3 878 2187 2939.85874488
4 879 2191 2940.80112508
5 880 2193 2942.6868902
6 881 2194 2942.97972657
5 882 2195 2944.72365074
6 883 2203 2952.5521724
5 884 2204 2957.80112508
4 885 2207 2958.72365074
3 886 2208 2959.85874488
4 887 2209 2963.22003448
5 888 2212 2964.85474193
4 889 2215 2971.22003448
5 890 2221 2973.91693828
6 891 2223 2974.75435495
5 892 2224 2980.80112508
6 893 2225 2982.6030441
5 894 2226 2983.80112508
6 895 2230 2984.10593197
5 896 2232 2984.72365074
6 897 2234 2984.78398877
7 898 2239 2992.28907899
8 899 2240 2993.0528587
7 900 2243 2993.91693828
6 901 2244 2995.72365074
5 902 2245 2995.72365074
4 903 2252 2998.91693828
3 904 2253 3000.80112508
4 905 2254 3003.0505308
3 906 2256 3003.80112508
2 907 2259 3004.91693828
3 908 2260 3007.02634994
4 909 2262 3007.71849609
5 910 2264 3013.55756005
6 911 2267 3015.48517768
7 912 2268 3015.67525505
8 913 2269 3016.45984137
7 914 2270 3017.0505308
8 915 2274 3018.59719005
7 916 2276 3018.71849609
8 917 2282 3023.12699042
7 918 2285 3030.02634994
6 919 2289 3033.02634994
5 920 2293 3037.0505308
4 921 2294 3037.94119632
5 922 2295 3040.67784746
4 923 2299 3044.71849609
3 924 2301 3046.0505308
4 925 2302 3052.47785413
3 926 2307 3056.02634994
2 927 2310 3066.47785413
3 928 2311 3067.60354807
2 929 2313 3069.67784746
3 930 2317 3083.57971456
2 931 2319 3084.60354807
3 932 2320 3088.0946737
2 933 2326 3102.0946737
1 934 2328 3103.57971456
2 935 2329 3111.87570824
1 936 2334 3122.87570824
2 937 2335 3130.63260074
3 938 2337 3135.15901342
4 939 2341 3141.36447012
5 940 2345 3144.85764059
6 941 2346 3150.36212918
5 942 2348 3150.63260074
6 943 2351 3152.23791177
7 944 2352 3153.17452355
6 945 2353 3158.36447012
7 946 2355 3160.57024181
6 947 2357 3161.15901342
5 948 2363 3167.63260074
6 949 2366 3174.21511956
7 950 2369 3174.57616019
6 951 2371 3175.15901342
5 952 2372 3178.36447012
4 953 2375 3178.63260074
5 954 2376 3182.7265201
6 955 2379 3187.7583977
7 956 2382 3188.32192472
6 957 2387 3192.36447012
5 958 2391 3195.15901342
4 959 2392 3196.7265201
5 960 2393 3198.9591067
4 961 2397 3199.7265201
5 962 2400 3203.89055998
4 963 2402 3204.36447012
3 964 2403 3206.36447012
4 965 2405 3206.3876265
5 966 2406 3207.01962777
4 967 2409 3209.9591067
3 968 2412 3217.89055998
4 969 2416 3222.66926433
5 970 2417 3223.78307299
4 971 2419 3223.9591067
5 972 2420 3224.57621107
6 973 2423 3227.38576179
5 974 2426 3231.89055998
6 975 2429 3234.98499303
7 976 2433 3241.26957748
6 977 2435 3243.9591067
5 978 2436 3245.89055998
6 979 2437 3246.75492933
7 980 2438 3247.49304698
6 981 2439 3248.89055998
7 982 2441 3249.2187273
8 983 2442 3251.92371542
7 984 2446 3260.9591067
8 985 2449 3265.6103358
7 986 2453 3271.89055998
8 987 2454 3273.09099085
9 988 2455 3273.61262939
8 989 2460 3277.9591067
7 990 2462 3279.89055998
8 991 2468 3288.51560566
7 992 2469 3291.9591067
8 993 2470 3292.95063813
9 994 2471 3294.11975861
10 995 2472 3295.03382021
9 996 2475 3297.9591067
10 997 2476 3298.43515946
9 998 2485 3305.89055998
8 999 2488 3307.71849609
7 1000 2489 3308.9591067
8 1001 2491 3311.26647759
7 1002 2499 3314.9591067
6 1003 2500 3318.71849609
5 1004 2501 3318.71849609
4 1005 2503 3321.71849609
3 1006 2504 3322.89055998
4 1007 2509 3328.9126173
5 1008 2511 3329.72555864
4 1009 2514 3331.9591067
3 1010 2515 3332.71849609
4 1011 2516 3333.2387835
5 1012 2518 3336.47409276
6 1013 2520 3336.72425729
5 1014 2526 3344.47409276
4 1015 2533 3356.2387835
3 1016 2534 3359.0946737
4 1017 2535 3359.89781551
5 1018 2537 3360.55924639
4 1019 2539 3360.9126173
3 1020 2540 3361.47409276
2 1021 2545 3376.89781551
3 1022 2546 3378.87010849
4 1023 2548 3379.60651319
5 1024 2550 3382.78630968
4 1025 2552 3386.55924639
5 1026 2559 3392.33465254
4 1027 2561 3393.78630968
5 1028 2562 3394.56120915
6 1029 2564 3395.05787353
5 1030 2566 3395.87010849
4 1031 2569 3396.60651319
3 1032 2570 3400.33465254
4 1033 2573 3406.86575995
5 1034 2576 3409.16085815
4 1035 2577 3411.56120915
5 1036 2583 3418.88596666
4 1037 2585 3420.86575995
3 1038 2586 3420.86575995
2 1039 2587 3421.87010849
3 1040 2588 3423.81397675
4 1041 2590 3425.08445447
5 1042 2593 3425.53155124
4 1043 2599 3429.88596666
3 1044 2602 3435.88596666
2 1045 2603 3439.08445447
1 1046 2605 3440.81397675
2 1047 2606 3444.7739927
1 1048 2612 3458.7739927
2 1049 2613 3468.49487734
3 1050 2617 3474.35372507
2 1051 2621 3485.35372507
1 1052 2622 3485.49487734
2 1053 2623 3500.49989651
3 1054 2625 3506.88367824
4 1055 2629 3508.71414502
3 1056 2633 3523.49989651
4 1057 2636 3525.86714728
3 1058 2638 3532.88367824
2 1059 2639 3537.71414502
3 1060 2642 3544.03504028
2 1061 2644 3548.86714728
3 1062 2646 3549.13001607
4 1063 2650 3552.786839
3 1064 2654 3555.03504028
4 1065 2655 3555.55534189
3 1066 2659 3563.786839
4 1067 2661 3565.40989753
3 1068 2665 3569.13001607
4 1069 2668 3577.91694507
5 1070 2670 3578.94640567
4 1071 2671 3584.55534189
3 1072 2673 3585.40989753
4 1073 2674 3589.64436472
5 1074 2680 3594.90573289
6 1075 2681 3595.86491967
5 1076 2685 3598.55534189
4 1077 2687 3600.91694507
3 1078 2690 3603.64436472
4 1079 2691 3607.62420605
5 1080 2694 3609.90989705
6 1081 2695 3609.91284805
7 1082 2699 3613.3460986
6 1083 2703 3615.55534189
5 1084 2704 3615.62420605
4 1085 2706 3617.91694507
3 1086 2709 3621.62420605
2 1087 2710 3623.62420605
3 1088 2713 3630.27944871
2 1089 2715 3632.55534189
3 1090 2717 3637.11153037
2 1091 2721 3641.27944871
1 1092 2722 3641.27944871
2 1093 2723 3646.27629627
3 1094 2725 3647.29815777
4 1095 2727 3651.19247252
5 1096 2731 3655.30921149
6 1097 2734 3658.15761349
5 1098 2739 3660.27629627
6 1099 2742 3663.81846335
5 1100 2743 3665.19247252
4 1101 2748 3667.29815777
3 1102 2749 3671.27629627
4 1103 2750 3672.56348558
3 1104 2752 3674.27629627
4 1105 2754 3676.4311325
3 1106 2755 3680.27629627
2 1107 2759 3686.56348558
1 1108 2760 3689.56348558
2 1109 2761 3701.35010169
3 1110 2763 3704.70330307
2 1111 2769 3718.70330307
3 1112 2770 3720.75423651
2 1113 2772 3721.35010169
3 1114 2776 3728.27241703
2 1115 2777 3731.75423651
1 1116 2780 3736.27241703
2 1117 2781 3739.38614898
3 1118 2783 3742.67771484
4 1119 2789 3751.79656375
3 1120 2791 3753.67771484
4 1121 2793 3760.08206666
3 1122 2794 3762.38614898
2 1123 2798 3774.79656375
1 1124 2799 3774.79656375
2 1125 2801 3781.79347149
3 1126 2803 3782.55042775
4 1127 2805 3787.12529222
5 1128 2808 3788.86302958
6 1129 2816 3796.68020448
5 1130 2818 3799.55042775
4 1131 2819 3801.79347149
3 1132 2820 3802.55042775
4 1133 2821 3803.58148692
5 1134 2826 3803.83375337
4 1135 2827 3804.12529222
5 1136 2828 3804.1573875
6 1137 2830 3809.40666931
7 1138 2836 3811.7564066
6 1139 2837 3813.68020448
5 1140 2838 3817.58148692
4 1141 2839 3817.58148692
5 1142 2840 3819.35913702
6 1143 2847 3823.14213494
7 1144 2849 3823.16253615
8 1145 2852 3823.85908233
7 1146 2853 3824.1573875
8 1147 2859 3828.95490844
7 1148 2862 3831.16253615
6 1149 2864 3832.40666931
7 1150 2866 3832.57768253
6 1151 2867 3833.1573875
5 1152 2868 3834.14213494
4 1153 2869 3834.14213494
3 1154 2870 3836.35913702
4 1155 2874 3841.26476804
3 1156 2876 3845.16253615
2 1157 2877 3848.16253615
1 1158 2880 3852.26476804
2 1159 2881 3854.72577638
3 1160 2883 3854.98239485
4 1161 2885 3860.44358035
5 1162 2890 3863.04665767
4 1163 2893 3868.72577638
3 1164 2897 3871.98239485
4 1165 2898 3875.32222048
3 1166 2900 3877.44358035
4 1167 2902 3885.55444461
3 1168 2906 3889.44358035
4 1169 2910 3889.83385341
5 1170 2912 3893.54406974
4 1171 2916 3898.32222048
3 1172 2917 3899.55444461
4 1173 2918 3900.22558571
3 1174 2920 3900.83385341
2 1175 2925 3908.22558571
1 1176 2926 3910.54406974
2 1177 2927 3923.52041751
3 1178 2931 3929.35446876
2 1179 2935 3934.52041751
1 1180 2936 3937.35446876
2 1181 2937 3958.9289391
3 1182 2939 3964.18741758
4 1183 2943 3975.9533911
5 1184 2947 3977.34647128
6 1185 2949 3978.6531402
5 1186 2953 3983.9533911
4 1187 2956 3984.9289391
3 1188 2957 3987.18741758
2 1189 2958 3991.34647128
3 1190 2961 4001.42011658
4 1191 2963 4001.44758836
3 1192 2965 4003.9533911
4 1193 2971 4011.35561046
3 1194 2973 4012.42011658
4 1195 2975 4016.48634814
5 1196 2977 4018.36168293
6 1197 2978 4020.57608691
5 1198 2982 4021.44758836
6 1199 2983 4021.95549611
7 1200 2984 4024.27816639
6 1201 2986 4025.35561046
5 1202 2993 4032.44758836
6 1203 2995 4034.09155528
7 1204 2996 4034.42308225
8 1205 2997 4037.81961085
7 1206 2999 4039.48634814
8 1207 3001 4043.73818617
9 1208 3002 4045.1780092
8 1209 3004 4045.35561046
9 1210 3007 4045.79734147
8 1211 3012 4050.48634814
7 1212 3015 4052.44758836
6 1213 3018 4056.48634814
5 1214 3025 4063.44758836
4 1215 3026 4064.48634814
3 1216 3028 4065.35561046
4 1217 3029 4066.78461656
5 1218 3031 4066.90390035
6 1219 3036 4072.65879685
5 1220 3038 4075.44758836
6 1221 3039 4075.75954277
5 1222 3041 4080.44758836
6 1223 3043 4082.98650934
5 1224 3045 4083.78461656
4 1225 3049 4088.44758836
5 1226 3052 4091.45401664
4 1227 3053 4094.44758836
5 1228 3055 4100.52989188
4 1229 3057 4100.78461656
3 1230 3061 4105.44758836
2 1231 3066 4114.78461656
1 1232 3068 4116.44758836
2 1233 3069 4127.12150652
3 1234 3071 4131.05869413
4 1235 3075 4134.56765362
5 1236 3078 4134.89341153
4 1237 3079 4141.12150652
5 1238 3080 4141.35324017
6 1239 3085 4144.69750429
7 1240 3086 4147.16821893
6 1241 3087 4148.56765362
7 1242 3090 4151.33501232
8 1243 3093 4151.43792979
9 1244 3094 4152.9037675
8 1245 3098 4154.05869413
7 1246 3100 4154.56765362
6 1247 3101 4155.35324017
7 1248 3109 4159.47247052
6 1249 3110 4162.05869413
5 1250 3112 4165.05869413
6 1251 3115 4167.33371906
5 1252 3116 4168.05869413
4 1253 3119 4168.56765362
3 1254 3121 4172.35324017
2 1255 3122 4173.05869413
1 1256 3125 4185.56765362
2 1257 3127 4188.24172988
3 1258 3128 4190.58005599
4 1259 3133 4195.27604388
5 1260 3134 4198.126527
4 1261 3141 4211.24172988
3 1262 3142 4213.58005599
2 1263 3143 4219.58005599
1 1264 3144 4221.126527
2 1265 3145 4225.19675512
3 1266 3147 4227.95660487
4 1267 3149 4231.3975414
5 1268 3153 4235.56595478
4 1269 3156 4236.19675512
5 1270 3157 4237.03496245
6 1271 3159 4237.12016841
7 1272 3162 4240.39284305
6 1273 3166 4244.95660487
7 1274 3170 4248.64482899
6 1275 3176 4252.9533911
7 1276 3179 4253.11869265
8 1277 3180 4255.15962884
7 1278 3181 4257.03496245
6 1279 3183 4257.3975414
7 1280 3184 4258.87723531
6 1281 3185 4260.03496245
7 1282 3188 4261.08446754
6 1283 3189 4261.95660487
7 1284 3190 4263.02998349
6 1285 3198 4269.9533911
7 1286 3199 4270.17632115
8 1287 3204 4275.13952651
7 1288 3206 4277.03496245
6 1289 3208 4277.3975414
7 1290 3210 4278.27791832
6 1291 3211 4278.9533911
5 1292 3212 4280.02998349
4 1293 3218 4281.9533911
3 1294 3221 4285.03496245
2 1295 3222 4288.3975414
1 1296 3224 4297.03496245
2 1297 3226 4297.3478164
3 1298 3228 4299.60091568
4 1299 3232 4308.46571092
5 1300 3233 4309.71809017
6 1301 3238 4313.79188723
5 1302 3240 4320.3478164
4 1303 3243 4325.60091568
5 1304 3244 4328.49537431
6 1305 3250 4333.91763803
5 1306 3252 4336.60091568
4 1307 3253 4336.60091568
3 1308 3254 4343.3478164
2 1309 3260 4350.60091568
3 1310 3261 4361.32167727
2 1311 3263 4366.3478164
3 1312 3264 4369.55417285
4 1313 3266 4371.04166146
5 1314 3267 4372.4825246
6 1315 3268 4373.91675021
5 1316 3272 4381.32167727
6 1317 3273 4383.41255648
7 1318 3277 4387.61479909
8 1319 3281 4394.3566539
7 1320 3283 4395.32167727
8 1321 3284 4399.77619182
7 1322 3285 4401.32167727
6 1323 3286 4401.55417285
5 1324 3293 4412.32167727
6 1325 3294 4418.48029613
5 1326 3295 4421.55417285
6 1327 3297 4421.93802669
7 1328 3300 4428.76591922
6 1329 3301 4429.32167727
5 1330 3310 4437.32167727
4 1331 3311 4440.32167727
3 1332 3312 4441.55417285
4 1333 3316 4449.36429644
5 1334 3319 4450.96975558
6 1335 3320 4451.90897605
5 1336 3321 4452.55417285
6 1337 3324 4454.87291373
7 1338 3325 4458.26997012
6 1339 3327 4460.32167727
7 1340 3329 4461.51653764
6 1341 3335 4463.55417285
7 1342 3338 4465.48648611
6 1343 3339 4469.55417285
5 1344 3340 4472.55417285
4 1345 3342 4474.32167727
3 1346 3345 4483.55417285
4 1347 3347 4486.88213586
5 1348 3352 4489.86890837
6 1349 3353 4490.8692913
7 1350 3354 4491.64197868
6 1351 3360 4494.55417285
7 1352 3361 4499.69480045
6 1353 3362 4500.32167727
7 1354 3365 4504.43448144
6 1355 3372 4508.90421078
7 1356 3373 4509.76839397
6 1357 3377 4511.55417285
5 1358 3378 4511.55417285
4 1359 3380 4511.90421078
5 1360 3384 4517.12426364
4 1361 3388 4523.32167727
5 1362 3389 4523.6829522
6 1363 3391 4525.69218149
5 1364 3392 4525.90421078
4 1365 3394 4528.55417285
3 1366 3401 4531.55417285
4 1367 3402 4532.46026911
3 1368 3407 4536.90421078
4 1369 3409 4538.04090925
5 1370 3410 4538.37052056
4 1371 3412 4546.6829522
5 1372 3415 4549.99414073
4 1373 3419 4556.90421078
5 1374 3420 4562.81668952
4 1375 3422 4563.6829522
3 1376 3425 4567.90421078
4 1377 3427 4570.56155108
5 1378 3432 4583.4209268
6 1379 3433 4585.58063728
5 1380 3435 4586.6829522
6 1381 3436 4587.05089889
5 1382 3437 4587.90421078
6 1383 3439 4592.23358554
7 1384 3442 4598.40910129
6 1385 3443 4600.6829522
7 1386 3449 4604.42774631
6 1387 3455 4604.90421078
7 1388 3456 4605.86578966
6 1389 3457 4608.6829522
5 1390 3459 4608.6829522
6 1391 3460 4610.33491163
7 1392 3461 4611.50400561
8 1393 3462 4612.00240794
7 1394 3467 4617.6829522
6 1395 3469 4625.6829522
7 1396 3470 4625.98744254
6 1397 3471 4627.90421078
7 1398 3475 4632.27396289
8 1399 3476 4636.39621178
7 1400 3480 4644.90421078
8 1401 3481 4647.8862345
9 1402 3482 4648.85227538
8 1403 3484 4651.6829522
7 1404 3488 4655.90421078
8 1405 3489 4657.37303066
9 1406 3492 4660.12553423
10 1407 3494 4661.52641396
11 1408 3495 4661.94234811
10 1409 3500 4665.6829522
11 1410 3501 4668.93133764
12 1411 3502 4669.40512064
11 1412 3503 4669.90421078
12 1413 3504 4673.29133379
13 1414 3505 4673.90493074
12 1415 3509 4675.90421078
13 1416 3510 4685.9356666
12 1417 3511 4688.6829522
13 1418 3513 4693.1749067
14 1419 3514 4694.48419088
15 1420 3517 4697.51089946
16 1421 3518 4698.18054871
17 1422 3521 4704.34286823
18 1423 3522 4707.88143495
17 1424 3525 4707.90421078
16 1425 3528 4711.6829522
17 1426 3535 4726.87238746
16 1427 3536 4727.90421078
15 1428 3538 4730.90421078
16 1429 3541 4732.92942827
15 1430 3543 4734.6829522
16 1431 3544 4735.38271117
17 1432 3545 4736.72989722
16 1433 3546 4737.6829522
17 1434 3547 4739.54415857
16 1435 3551 4741.90421078
17 1436 3558 4743.48717413
18 1437 3561 4748.50697076
17 1438 3567 4753.15246815
16 1439 3572 4754.6829522
15 1440 3573 4756.15246815
14 1441 3574 4756.15246815
13 1442 3578 4757.93337577
14 1443 3579 4758.27548159
13 1444 3583 4761.90421078
12 1445 3590 4766.90421078
11 1446 3598 4770.15246815
10 1447 3601 4774.6829522
9 1448 3603 4775.90421078
8 1449 3604 4775.90421078
9 1450 3605 4776.97952266
10 1451 3609 4780.32893011
9 1452 3612 4780.93337577
8 1453 3613 4781.15246815
9 1454 3614 4781.3208149
8 1455 3616 4783.6829522
7 1456 3622 4790.15246815
8 1457 3623 4790.25322285
9 1458 3627 4791.04122868
8 1459 3629 4792.90421078
7 1460 3630 4797.93337577
6 1461 3633 4800.6829522
5 1462 3636 4803.93337577
6 1463 3637 4806.54428386
7 1464 3638 4807.96625648
6 1465 3642 4809.90421078
5 1466 3647 4816.15246815
4 1467 3651 4823.6829522
5 1468 3653 4824.99469122
4 1469 3654 4826.93337577
3 1470 3659 4829.90421078
4 1471 3661 4830.42241815
5 1472 3662 4830.99303437
6 1473 3663 4831.97011123
5 1474 3666 4839.15246815
6 1475 3667 4839.32942342
7 1476 3670 4844.02932744
8 1477 3671 4845.68543086
9 1478 3674 4854.36550592
10 1479 3675 4854.73936022
11 1480 3676 4855.68457782
10 1481 3679 4855.93337577
9 1482 3682 4856.15246815
10 1483 3683 4859.42428256
11 1484 3685 4859.80637921
10 1485 3695 4866.93337577
9 1486 3697 4867.15246815
10 1487 3698 4867.30468256
9 1488 3699 4869.93337577
8 1489 3700 4870.15246815
9 1490 3701 4872.66867797
8 1491 3707 4875.93337577
9 1492 3708 4879.33308081
10 1493 3709 4880.13455966
9 1494 3712 4881.15246815
8 1495 3716 4883.93337577
7 1496 3718 4886.93337577
6 1497 3720 4889.15246815
5 1498 3721 4895.15246815
6 1499 3724 4896.88999146
7 1500 3727 4901.74426667
8 1501 3728 4902.00474775
7 1502 3730 4903.15246815
6 1503 3732 4909.93337577
7 1504 3737 4916.21122068
6 1505 3739 4917.15246815
7 1506 3740 4919.33758112
8 1507 3741 4919.55563656
9 1508 3742 4920.95384237
8 1509 3744 4923.93337577
9 1510 3747 4927.3861449
10 1511 3748 4927.45232256
11 1512 3749 4928.86417004
12 1513 3752 4931.89282018
13 1514 3753 4933.3442419
12 1515 3754 4934.15246815
13 1516 3757 4938.50326395
14 1517 3758 4939.71121547
13 1518 3760 4940.93337577
14 1519 3764 4947.82150414
13 1520 3767 4948.15246815
12 1521 3768 4948.15246815
13 1522 3771 4955.00527262
12 1523 3775 4963.93337577
13 1524 3778 4964.27289607
14 1525 3780 4967.09280606
13 1526 3786 4968.15246815
12 1527 3787 4971.15246815
11 1528 3793 4974.93337577
12 1529 3797 4976.39945976
11 1530 3798 4977.93337577
10 1531 3799 4977.93337577
9 1532 3805 4985.15246815
8 1533 3806 4985.15246815
9 1534 3809 4988.04934319
8 1535 3811 4990.15246815
7 1536 3813 4991.01022712
6 1537 3814 4991.93337577
7 1538 3816 4992.08883312
6 1539 3820 5002.01022712
7 1540 3825 5008.65183959
6 1541 3827 5010.15246815
7 1542 3828 5011.54929432
6 1543 3830 5011.93337577
7 1544 3837 5019.88103894
6 1545 3838 5021.15246815
5 1546 3841 5022.01022712
6 1547 3844 5024.87861848
5 1548 3845 5025.93337577
6 1549 3847 5028.05245985
5 1550 3848 5029.15246815
6 1551 3852 5032.20117107
5 1552 3856 5037.15246815
6 1553 3859 5038.82899168
7 1554 3860 5039.39470643
6 1555 3862 5045.93337577
5 1556 3864 5048.01022712
6 1557 3868 5051.67236415
5 1558 3872 5054.15246815
6 1559 3877 5058.2240486
5 1560 3879 5062.93337577
6 1561 3881 5065.34034498
5 1562 3884 5068.01022712
6 1563 3887 5070.38114301
5 1564 3889 5071.01022712
4 1565 3891 5074.15246815
3 1566 3893 5075.2240486
4 1567 3894 5077.09591713
5 1568 3902 5084.5076256
6 1569 3903 5085.63195781
5 1570 3905 5088.09591713
4 1571 3906 5088.15246815
5 1572 3909 5089.63013117
6 1573 3910 5089.80079228
5 1574 3911 5094.01022712
6 1575 3916 5097.83073051
5 1576 3919 5099.15246815
6 1577 3920 5099.50419441
5 1578 3921 5105.15246815
6 1579 3926 5107.43671646
5 1580 3927 5108.09591713
4 1581 3932 5116.15246815
3 1582 3935 5120.01022712
2 1583 3936 5122.15246815
1 1584 3938 5125.09591713
2 1585 3940 5130.78061206
3 1586 3942 5133.8884958
2 1587 3948 5144.78061206
3 1588 3949 5151.3025506
2 1589 3953 5156.8884958
3 1590 3954 5157.04803007
2 1591 3956 5159.3025506
3 1592 3957 5160.00283331
4 1593 3961 5167.33819902
5 1594 3964 5171.23327171
4 1595 3966 5174.00283331
3 1596 3968 5174.04803007
4 1597 3969 5176.18171681
5 1598 3974 5184.30519395
4 1599 3975 5185.00283331
3 1600 3977 5188.04803007
4 1601 3981 5189.06523052
5 1602 3983 5196.70173983
4 1603 3988 5202.00283331
5 1604 3989 5202.93586637
4 1605 3990 5205.04803007
3 1606 3991 5208.04803007
4 1607 3997 5214.78975473
5 1608 4000 5221.95446313
6 1609 4001 5224.96552161
5 1610 4003 5225.00283331
4 1611 4004 5225.04803007
5 1612 4007 5225.50502862
6 1613 4008 5227.91791444
7 1614 4014 5236.07874718
8 1615 4015 5238.52126482
7 1616 4016 5239.04803007
8 1617 4017 5242.43311747
9 1618 4018 5242.62663764
10 1619 4019 5247.31225181
9 1620 4020 5248.00283331
8 1621 4024 5248.04803007
7 1622 4029 5250.04803007
8 1623 4030 5251.02729753
7 1624 4033 5256.04803007
8 1625 4034 5257.03110701
9 1626 4037 5257.1677006
10 1627 4038 5258.47202279
9 1628 4040 5259.00283331
10 1629 4041 5259.34357252
11 1630 4042 5259.76476221
12 1631 4043 5259.98827491
13 1632 4044 5263.80364427
12 1633 4047 5264.04803007
13 1634 4048 5264.23280274
14 1635 4054 5274.79950708
15 1636 4055 5276.23020032
14 1637 4058 5278.04803007
15 1638 4062 5282.40798758
14 1639 4063 5284.04803007
13 1640 4065 5285.00283331
12 1641 4066 5286.04803007
11 1642 4069 5286.04803007
12 1643 4073 5295.54586439
13 1644 4078 5302.93638415
12 1645 4080 5303.04803007
11 1646 4081 5303.04803007
12 1647 4083 5308.19300131
11 1648 4087 5311.00283331
10 1649 4090 5312.93337577
11 1650 4094 5316.19231699
10 1651 4095 5317.04803007
9 1652 4101 5320.93337577
8 1653 4102 5323.04803007
7 1654 4103 5326.93337577
6 1655 4110 5337.00283331
5 1656 4114 5340.04803007
4 1657 4118 5346.93337577
5 1658 4121 5353.91203807
4 1659 4123 5354.00283331
3 1660 4126 5360.00283331
2 1661 4128 5360.04803007
3 1662 4130 5361.44856885
2 1663 4131 5361.91203807
3 1664 4135 5371.49055
4 1665 4138 5374.48454806
3 1666 4140 5378.91203807
4 1667 4141 5383.47012156
5 1668 4142 5384.41574178
6 1669 4144 5386.85160174
5 1670 4151 5395.91203807
4 1671 4152 5395.91203807
5 1672 4153 5399.03269888
6 1673 4156 5404.90704631
7 1674 4157 5406.2201252
8 1675 4158 5407.6370981
7 1676 4163 5412.15246815
6 1677 4168 5415.91203807
7 1678 4169 5417.60033617
6 1679 4178 5432.91203807
5 1680 4179 5435.15246815
4 1681 4181 5438.15246815
5 1682 4182 5441.77482686
4 1683 4184 5442.70876662
5 1684 4187 5446.28542238
6 1685 4192 5449.59558029
5 1686 4193 5450.70876662
6 1687 4195 5451.42898696
5 1688 4196 5455.15246815
6 1689 4198 5456.53335609
7 1690 4199 5460.27324504
6 1691 4203 5461.91203807
7 1692 4206 5462.85583585
6 1693 4210 5469.15246815
5 1694 4211 5470.70876662
4 1695 4217 5478.91203807
3 1696 4219 5480.15246815
4 1697 4220 5481.78325893
5 1698 4224 5483.17823621
6 1699 4225 5483.46689228
5 1700 4227 5487.70876662
6 1701 4230 5491.9813299
5 1702 4234 5498.70876662
4 1703 4236 5498.91203807
3 1704 4237 5501.78325893
4 1705 4242 5506.89363078
5 1706 4244 5506.97377322
4 1707 4245 5509.91203807
3 1708 4249 5518.70876662
4 1709 4250 5519.265506
3 1710 4252 5520.91203807
4 1711 4253 5521.35277812
3 1712 4261 5529.35277812
2 1713 4262 5532.89363078
3 1714 4263 5533.70507242
4 1715 4265 5537.31689069
3 1716 4269 5542.265506
2 1717 4272 5544.70507242
3 1718 4273 5545.59482257
4 1719 4275 5549.5188865
5 1720 4277 5550.20790232
4 1721 4279 5554.31689069
5 1722 4280 5554.82878305
6 1723 4281 5557.65450597
7 1724 4286 5560.22871749
6 1725 4288 5562.59482257
5 1726 4290 5566.5188865
6 1727 4291 5566.99249815
7 1728 4300 5573.64611778
8 1729 4301 5574.35671068
9 1730 4302 5576.34129048
8 1731 4304 5577.31689069
7 1732 4306 5579.59482257
6 1733 4308 5580.5188865
7 1734 4311 5585.33748929
8 1735 4312 5586.02381507
9 1736 4317 5589.54235025
8 1737 4319 5590.59482257
9 1738 4320 5591.60514595
8 1739 4324 5594.31689069
7 1740 4327 5596.04803007
6 1741 4330 5597.5188865
5 1742 4336 5601.59482257
6 1743 4337 5602.23572448
7 1744 4338 5603.19467389
6 1745 4340 5605.31689069
7 1746 4343 5605.69115705
8 1747 4346 5606.26373414
7 1748 4350 5612.59482257
8 1749 4353 5613.3419239
7 1750 4355 5616.04803007
8 1751 4356 5616.62314027
7 1752 4360 5620.00283331
6 1753 4363 5620.5188865
5 1754 4371 5628.5188865
6 1755 4372 5629.1923096
7 1756 4374 5630.10562482
6 1757 4376 5631.00283331
5 1758 4379 5632.59482257
4 1759 4380 5634.31689069
3 1760 4381 5636.04803007
2 1761 4384 5639.00283331
3 1762 4385 5639.793931
2 1763 4387 5643.1923096
3 1764 4390 5652.01465583
2 1765 4392 5656.793931
3 1766 4394 5659.51792046
4 1767 4398 5665.88841284
5 1768 4400 5668.98229351
4 1769 4405 5672.01465583
3 1770 4410 5676.98229351
4 1771 4411 5680.21854656
3 1772 4413 5682.51792046
4 1773 4415 5683.28089943
3 1774 4416 5685.88841284
4 1775 4420 5696.3265275
3 1776 4422 5697.21854656
2 1777 4423 5700.21854656
3 1778 4426 5710.30816669
4 1779 4428 5715.68967476
3 1780 4430 5716.3265275
4 1781 4431 5718.39240018
5 1782 4434 5718.94454831
6 1783 4443 5724.02980162
7 1784 4444 5724.10757652
6 1785 4445 5726.39240018
5 1786 4447 5729.68967476
4 1787 4449 5729.94454831
3 1788 4450 5733.30816669
2 1789 4455 5746.68967476
3 1790 4456 5747.80642692
2 1791 4460 5755.39240018
1 1792 4461 5767.80642692
2 1793 4462 5773.17077043
3 1794 4466 5779.44452365
2 1795 4470 5793.17077043
3 1796 4471 5796.0143224
2 1797 4475 5802.44452365
1 1798 4476 5804.0143224
2 1799 4477 5806.42449492
3 1800 4479 5807.32413427
4 1801 4483 5818.09460073
5 1802 4487 5819.49313574
4 1803 4489 5821.32413427
5 1804 4490 5821.76294506
4 1805 4494 5826.42449492
5 1806 4499 5828.66275548
4 1807 4501 5832.76294506
3 1808 4502 5833.49313574
4 1809 4505 5837.1578314
5 1810 4509 5839.02896622
4 1811 4511 5841.09460073
5 1812 4513 5841.56822073
4 1813 4515 5842.66275548
3 1814 4516 5845.1578314
4 1815 4519 5851.23646996
3 1816 4521 5853.02896622
2 1817 4525 5862.66275548
1 1818 4528 5874.23646996
2 1819 4530 5875.14887544
3 1820 4534 5877.718761
4 1821 4536 5879.58708394
3 1822 4538 5880.14887544
2 1823 4544 5891.718761
1 1824 4546 5897.14887544
2 1825 4547 5905.61739499
3 1826 4549 5913.5610764
4 1827 4555 5918.61915486
5 1828 4557 5918.85492216
6 1829 4558 5919.85908022
5 1830 4560 5921.5610764
6 1831 4561 5921.90455382
7 1832 4566 5933.25531291
6 1833 4568 5934.61739499
5 1834 4571 5935.61915486
6 1835 4574 5939.43803738
5 1836 4578 5945.61739499
4 1837 4580 5946.61915486
3 1838 4581 5947.5610764
4 1839 4582 5949.67366747
5 1840 4586 5952.32504375
4 1841 4588 5952.61915486
3 1842 4589 5954.67366747
4 1843 4592 5960.32869631
5 1844 4594 5962.64243807
4 1845 4597 5965.61739499
3 1846 4601 5972.32504375
2 1847 4604 5977.32869631
3 1848 4605 5979.77838106
4 1849 4609 5986.29169076
3 1850 4611 5987.77838106
2 1851 4612 5988.61739499
3 1852 4613 5989.12068158
4 1853 4619 5997.06452665
3 1854 4621 6000.29169076
4 1855 4624 6004.20252876
3 1856 4626 6005.06452665
4 1857 4627 6006.80862946
3 1858 4633 6015.12068158
2 1859 4634 6017.80862946
1 1860 4635 6018.20252876
2 1861 4636 6033.46518396
3 1862 4638 6038.20928263
4 1863 4640 6038.2734035
5 1864 4642 6038.83520426
4 1865 4645 6044.46518396
5 1866 4653 6050.10738973
6 1867 4654 6051.35977109
5 1868 4656 6052.20928263
4 1869 4658 6052.2734035
3 1870 4659 6055.46518396
4 1871 4660 6055.48772345
5 1872 4666 6060.83404416
4 1873 4670 6063.20928263
3 1874 4671 6063.48772345
4 1875 4674 6068.7637769
3 1876 4676 6069.2734035
2 1877 4677 6074.20928263
3 1878 4679 6080.53175707
4 1879 4682 6080.92489608
3 1880 4688 6088.53175707
2 1881 4689 6091.7637769
3 1882 4690 6092.27551611
2 1883 4692 6094.7637769
3 1884 4693 6097.45626311
4 1885 4695 6100.41447394
5 1886 4697 6101.61154571
4 1887 4701 6109.27551611
3 1888 4708 6114.45626311
4 1889 4710 6116.64446979
5 1890 4713 6120.01776949
6 1891 4714 6123.75832683
5 1892 4716 6124.61154571
6 1893 4717 6125.95255464
5 1894 4719 6129.41447394
4 1895 4724 6133.64446979
5 1896 4725 6135.61339207
4 1897 4729 6139.64446979
5 1898 4732 6141.38733955
4 1899 4737 6142.95255464
5 1900 4740 6147.2942213
6 1901 4742 6147.68551134
5 1902 4744 6149.38733955
6 1903 4745 6151.59167831
7 1904 4746 6152.07976227
6 1905 4747 6152.61339207
5 1906 4749 6152.75832683
4 1907 4759 6160.38733955
3 1908 4760 6161.2942213
2 1909 4761 6163.61339207
1 1910 4762 6163.75832683
2 1911 4763 6163.9269835
3 1912 4765 6165.22545662
4 1913 4767 6165.4975132
3 1914 4773 6174.9269835
4 1915 4775 6175.82389979
5 1916 4779 6179.29256157
4 1917 4781 6182.22545662
3 1918 4785 6191.4975132
2 1919 4786 6192.82389979
1 1920 4789 6211.22545662
2 1921 4790 6211.77538079
3 1922 4792 6213.17927784
4 1923 4794 6214.67199886
5 1924 4800 6222.77674029
6 1925 4803 6227.53649542
5 1926 4805 6228.67199886
6 1927 4808 6230.2513602
5 1928 4810 6233.17927784
6 1929 4811 6233.71808073
7 1930 4813 6234.34995331
6 1931 4815 6237.77538079
7 1932 4816 6240.65043096
8 1933 4817 6241.70279188
7 1934 4820 6242.67199886
6 1935 4824 6250.17927784
5 1936 4830 6254.77538079
4 1937 4832 6256.17927784
3 1938 4833 6256.67199886
2 1939 4834 6262.67199886
3 1940 4837 6267.00104357
2 1941 4839 6268.77538079
3 1942 4842 6278.76041425
4 1943 4844 6281.39978986
5 1944 4846 6284.97420811
4 1945 4847 6287.00104357
5 1946 4853 6296.98244546
6 1947 4856 6299.1361046
7 1948 4857 6300.58998563
6 1949 4859 6301.76041425
5 1950 4861 6304.39978986
6 1951 4862 6305.28399751
5 1952 4865 6310.00104357
4 1953 4871 6318.39978986
3 1954 4873 6318.76041425
4 1955 4874 6319.8840294
5 1956 4876 6323.50935467
4 1957 4877 6324.00104357
5 1958 4881 6327.54620889
6 1959 4884 6329.90570728
5 1960 4886 6330.8840294
4 1961 4890 6332.39978986
3 1962 4893 6338.00104357
4 1963 4896 6345.93588306
3 1964 4898 6346.39978986
2 1965 4900 6350.8840294
1 1966 4904 6356.93588306
2 1967 4906 6363.09375647
3 1968 4910 6377.17218433
4 1969 4912 6381.32644016
5 1970 4914 6382.13026499
4 1971 4915 6383.09375647
5 1972 4917 6383.12903015
6 1973 4920 6389.49271525
5 1974 4925 6394.17218433
6 1975 4927 6399.27732101
5 1976 4928 6401.32644016
6 1977 4930 6401.88752989
5 1978 4933 6403.09375647
4 1979 4939 6412.32644016
3 1980 4942 6417.17218433
2 1981 4945 6423.09375647
3 1982 4946 6424.1030017
2 1983 4948 6427.9269835
3 1984 4951 6434.4526496
2 1985 4953 6438.1030017
3 1986 4956 6448.44929178
2 1987 4958 6448.4526496
3 1988 4959 6450.08594426
4 1989 4963 6455.64269849
3 1990 4967 6461.08594426
2 1991 4968 6462.44929178
3 1992 4969 6463.15251359
2 1993 4973 6475.64269849
3 1994 4976 6487.33761881
4 1995 4978 6488.92555368
3 1996 4980 6489.15251359
4 1997 4983 6493.46889065
3 1998 4986 6498.33761881
2 1999 4991 6505.79974904
1 2000 4994 6514.92555368
0 2001 4995 6528.46889065
0 2002 4996 6593.39978986
