#data counter step time
0 1 0 0.0
1 2 1 0.0
2 3 12 0.437109830966
3 4 14 4.95933467477
4 5 16 6.9459884926
5 6 20 13.2061046159
6 7 24 17.726498397
5 8 26 20.437109831
4 9 27 21.9593346748
3 10 32 32.9459884926
2 11 33 33.2061046159
3 12 36 34.4431513878
4 13 40 39.2747775313
5 14 44 43.4184173669
4 15 46 43.726498397
3 16 47 45.4431513878
2 17 48 47.2747775313
3 18 51 53.4611317611
2 19 53 60.4184173669
3 20 56 63.3446013377
4 21 58 67.6277757515
3 22 60 70.4611317611
4 23 61 71.1747949057
5 24 65 75.020566927
6 25 67 75.8590005204
5 26 73 81.6277757515
4 27 78 89.3446013377
3 28 79 91.1747949057
2 29 80 92.020566927
3 30 81 94.8392761798
4 31 83 94.976850922
5 32 85 100.922135397
4 33 87 101.85900052
3 34 94 111.922135397
4 35 95 113.005153956
3 36 97 114.83927618
2 37 98 114.976850922
3 38 99 115.890724291
4 39 101 118.766735203
3 40 107 127.005153956
4 41 108 128.038455799
3 42 114 135.766735203
2 43 115 138.890724291
3 44 116 144.966465928
2 45 118 145.038455799
3 46 120 150.605484148
4 47 121 151.802406297
5 48 123 157.614872102
6 49 129 159.847139813
5 50 130 161.966465928
6 51 131 162.658925489
7 52 136 165.689293703
6 53 142 168.802406297
5 54 143 170.966465928
4 55 144 171.802406297
3 56 145 173.658925489
2 57 146 174.614872102
1 58 149 182.689293703
2 59 150 184.198008213
1 60 154 198.198008213
2 61 155 200.016344145
3 62 157 205.817269041
4 63 160 206.628759329
5 64 161 207.988269365
6 65 166 214.186454126
7 66 167 215.4959819
6 67 175 223.016344145
5 68 178 225.817269041
4 69 179 225.817269041
3 70 180 225.817269041
4 71 181 228.96636392
3 72 183 229.4959819
4 73 184 230.368228267
5 74 186 230.811090871
6 75 188 230.841131199
7 76 192 232.233985084
6 77 193 233.988269365
7 78 196 240.670072419
6 79 200 241.811090871
5 80 201 241.841131199
6 81 206 244.294071987
5 82 210 247.368228267
6 83 211 249.163470126
7 84 213 252.581188744
6 85 215 253.841131199
5 86 216 254.96636392
4 87 217 256.988269365
5 88 219 257.979568225
6 89 222 260.030362541
5 90 229 266.581188744
6 91 230 267.023656122
5 92 234 269.163470126
4 93 235 269.581188744
3 94 238 277.030362541
2 95 239 278.023656122
1 96 240 279.294071987
2 97 241 280.759252974
3 98 243 286.038307009
4 99 245 288.790711212
5 100 247 288.949231516
4 101 251 294.759252974
3 102 258 302.949231516
2 103 259 306.038307009
1 104 260 308.790711212
2 105 261 315.905444931
3 106 264 317.952304222
4 107 266 321.128024468
5 108 271 324.506762105
4 109 273 329.905444931
5 110 276 331.924615862
4 111 278 332.905444931
5 112 281 333.867138276
6 113 283 334.124949771
5 114 287 335.905444931
6 115 288 337.978888241
5 116 290 338.506762105
4 117 293 342.124949771
3 118 294 342.924615862
4 119 297 345.003569476
5 120 299 350.07990112
4 121 301 350.867138276
3 122 304 354.978888241
4 123 305 355.104468067
3 124 307 356.003569476
4 125 310 358.779507651
3 126 316 363.104468067
2 127 317 364.07990112
3 128 318 368.871865559
2 129 320 372.779507651
3 130 321 373.322277574
4 131 324 373.585505814
5 132 325 378.326164129
4 133 330 379.871865559
3 134 331 382.871865559
4 135 334 387.81250389
3 136 338 392.326164129
4 137 339 396.021367698
3 138 341 396.322277574
2 139 346 407.021367698
3 140 347 407.481178256
2 141 349 410.81250389
3 142 350 411.653381763
4 143 353 414.033490223
5 144 354 415.585057562
6 145 359 418.157545936
5 146 361 418.481178256
4 147 362 424.481178256
5 148 365 426.039987502
6 149 371 429.190911308
5 150 375 431.653381763
4 151 376 432.157545936
5 152 379 435.374277569
4 153 381 438.585057562
5 154 382 439.055692707
6 155 385 439.155863398
5 156 388 440.039987502
6 157 389 442.689135285
5 158 391 443.190911308
6 159 392 443.437624899
7 160 399 448.259581461
6 161 401 449.374277569
7 162 405 455.475228755
8 163 406 455.844463961
7 164 408 456.689135285
8 165 409 457.089621046
7 166 414 459.055692707
6 167 415 459.055692707
5 168 416 460.437624899
6 169 417 460.732277728
5 170 419 462.259581461
4 171 420 462.259581461
3 172 425 466.844463961
2 173 426 468.089621046
3 174 427 469.448400575
4 175 433 478.52850546
3 176 435 480.448400575
2 177 436 483.732277728
3 178 437 487.013473395
4 179 439 487.739578273
5 180 443 489.337421766
6 181 445 489.96116564
7 182 448 490.252118703
8 183 449 492.068938036
7 184 455 498.52850546
6 185 459 500.337421766
5 186 462 503.96116564
6 187 463 504.589526737
5 188 467 506.96116564
4 189 468 507.013473395
5 190 469 507.896858495
4 191 471 510.739578273
3 192 474 512.52850546
2 193 477 518.589526737
1 194 478 518.896858495
2 195 480 524.248417228
3 196 485 537.687763458
4 197 489 546.671647649
5 198 491 546.828468695
4 199 493 550.248417228
3 200 496 551.687763458
4 201 499 558.267273635
3 202 501 560.828468695
2 203 504 566.671647649
1 204 505 575.267273635
2 205 506 575.380578573
3 206 508 576.99213302
4 207 511 578.14066657
5 208 512 585.92963264
4 209 519 590.99213302
5 210 520 591.471434397
4 211 522 592.380578573
5 212 524 593.764791274
4 213 525 593.99213302
5 214 529 601.076116861
6 215 530 602.79984119
7 216 536 607.990199388
6 217 538 608.471434397
5 218 539 608.92963264
4 219 540 611.471434397
5 220 541 612.319167414
4 221 543 614.471434397
5 222 547 623.80814949
4 223 553 628.79984119
3 224 555 630.990199388
4 225 557 631.123775963
3 226 559 638.319167414
4 227 561 643.770001928
5 228 566 649.44608654
6 229 567 650.363795756
7 230 568 653.556852151
6 231 570 654.79984119
7 232 572 657.357219721
6 233 574 658.319167414
7 234 578 666.505810956
6 235 581 671.79984119
5 236 584 674.79984119
6 237 585 677.184086943
5 238 586 678.319167414
6 239 588 682.211290482
7 240 589 687.501553006
8 241 590 688.307570254
9 242 591 688.412982824
10 243 597 691.391927851
11 244 598 696.869083889
12 245 599 697.087827463
11 246 601 701.319167414
10 247 603 703.79984119
9 248 604 709.79984119
10 249 605 710.222362177
11 250 608 714.707250497
12 251 609 718.52606304
11 252 613 727.319167414
10 253 615 732.79984119
11 254 624 738.336779232
12 255 625 740.807556945
11 256 628 743.79984119
10 257 630 744.319167414
11 258 631 746.501258606
12 259 632 746.810170232
13 260 639 749.340258267
14 261 640 749.423414715
15 262 641 751.903797746
16 263 642 753.605123675
17 264 644 753.777426054
16 265 645 755.896858495
15 266 650 760.79984119
14 267 652 761.319167414
13 268 654 761.896858495
14 269 655 762.105112863
13 270 656 764.896858495
12 271 659 766.79984119
11 272 661 766.79984119
12 273 662 768.071817315
11 274 667 769.896858495
10 275 678 781.319167414
9 276 679 783.896858495
8 277 681 783.896858495
7 278 682 783.896858495
8 279 683 785.319071394
9 280 684 785.878942389
8 281 685 786.896858495
9 282 688 788.889446265
8 283 690 789.79984119
9 284 691 790.298924883
8 285 697 794.79984119
9 286 698 795.642382818
8 287 699 798.319167414
9 288 701 799.767807464
10 289 702 800.661179833
11 290 703 800.988819935
12 291 706 801.810943917
11 292 707 803.896858495
10 293 715 805.79984119
9 294 717 809.319167414
10 295 725 812.488080697
9 296 727 813.79984119
8 297 728 817.896858495
7 298 731 820.896858495
6 299 734 823.896858495
5 300 736 826.319167414
4 301 738 826.896858495
3 302 739 830.79984119
4 303 742 832.191107567
5 304 743 833.296405775
6 305 744 833.440718331
7 306 748 834.437791379
6 307 750 834.896858495
5 308 756 840.896858495
4 309 760 843.319167414
3 310 764 851.896858495
2 311 765 851.990199388
3 312 768 855.348862394
2 313 770 860.319167414
3 314 772 862.070442772
2 315 777 872.348862394
3 316 780 880.198785076
2 317 784 891.070442772
1 318 785 891.198785076
2 319 786 897.329091067
3 320 788 902.324145673
4 321 790 905.447358588
5 322 792 906.001599691
6 323 795 909.055073752
5 324 801 914.329091067
6 325 802 918.246666686
7 326 803 920.119826161
8 327 804 921.257701041
9 328 807 922.300168069
8 329 809 922.447358588
7 330 811 928.324145673
6 331 813 928.329091067
7 332 816 931.589725978
8 333 819 932.437937618
7 334 821 936.447358588
8 335 822 938.069304418
7 336 824 939.329091067
8 337 831 952.641698529
7 338 832 957.324145673
8 339 834 958.105581832
7 340 836 959.329091067
6 341 839 959.447358588
7 342 841 960.655855296
8 343 847 968.083145605
9 344 848 968.567276314
10 345 852 974.81805666
9 346 854 976.447358588
10 347 855 977.05951885
9 348 857 977.324145673
8 349 858 979.447358588
7 350 861 982.329091067
6 351 862 982.329091067
5 352 867 987.447358588
6 353 869 990.251919319
5 354 874 994.324145673
4 355 875 996.329091067
3 356 877 999.329091067
4 357 881 1002.47914333
5 358 882 1004.90185675
4 359 884 1007.44735859
3 360 889 1015.44735859
2 361 891 1017.32414567
3 362 894 1019.62064213
4 363 897 1031.31218672
3 364 898 1032.44735859
4 365 902 1040.90755623
3 366 904 1045.62064213
4 367 905 1046.28500645
3 368 911 1054.62064213
4 369 912 1056.17363507
3 370 913 1057.28500645
4 371 915 1059.95750267
5 372 917 1061.8258764
6 373 919 1062.35450665
7 374 920 1063.12367525
6 375 921 1063.90755623
5 376 927 1065.28500645
4 377 931 1068.28500645
3 378 932 1071.90755623
4 379 933 1075.07204405
5 380 935 1076.12595453
4 381 936 1077.28500645
5 382 938 1078.50402437
6 383 944 1085.00997641
5 384 946 1085.28500645
4 385 947 1086.07204405
5 386 948 1087.98828631
4 387 950 1092.07204405
5 388 951 1093.14805782
6 389 952 1093.38947189
5 390 958 1102.28500645
4 391 960 1103.07204405
5 392 961 1104.46701497
6 393 962 1104.87630756
5 394 969 1117.07204405
4 395 970 1122.28500645
5 396 977 1131.90692799
4 397 979 1133.28500645
3 398 980 1137.07204405
4 399 981 1137.79310513
3 400 983 1140.07204405
4 401 986 1142.64894379
3 402 990 1151.79310513
2 403 991 1153.28500645
3 404 994 1161.31200909
4 405 996 1161.80640547
5 406 997 1167.07741707
6 407 998 1168.21535554
7 408 1000 1170.40415033
6 409 1005 1174.79310513
5 410 1008 1184.31200909
4 411 1010 1187.31200909
5 412 1011 1188.91989991
6 413 1012 1189.05009129
5 414 1016 1191.79310513
6 415 1017 1192.85726167
7 416 1018 1196.47626566
8 417 1019 1198.1209777
7 418 1022 1198.31200909
8 419 1025 1201.43149233
9 420 1035 1211.74152437
8 421 1038 1214.79310513
7 422 1040 1215.31200909
8 423 1046 1218.03823564
7 424 1047 1218.31200909
6 425 1051 1220.32909107
5 426 1052 1220.79984119
6 427 1053 1222.10534671
5 428 1057 1226.31200909
4 429 1059 1227.31916741
3 430 1062 1231.32909107
4 431 1063 1231.47620045
3 432 1069 1240.79310513
4 433 1072 1241.71817779
3 434 1074 1242.47620045
2 435 1075 1245.10534671
3 436 1079 1251.88718525
2 437 1083 1264.71817779
3 438 1084 1265.79778301
4 439 1086 1268.40190064
3 440 1088 1268.88718525
4 441 1091 1274.69833978
5 442 1095 1276.0962156
4 443 1099 1282.79778301
3 444 1100 1285.40190064
2 445 1101 1288.69833978
1 446 1104 1293.79778301
2 447 1105 1295.55910921
3 448 1109 1304.94968914
2 449 1111 1312.55910921
1 450 1114 1324.94968914
2 451 1115 1332.7830634
3 452 1117 1334.0084585
4 453 1119 1335.44494171
5 454 1121 1338.11575848
6 455 1122 1342.48111128
7 456 1129 1347.45104784
8 457 1130 1351.09954711
7 458 1132 1352.44494171
6 459 1134 1352.7830634
7 460 1135 1352.8812268
8 461 1136 1356.97482729
7 462 1143 1360.0084585
6 463 1145 1363.44494171
5 464 1146 1366.7830634
6 465 1152 1372.01044174
7 466 1153 1372.8005128
6 467 1157 1374.44494171
5 468 1160 1377.0084585
6 469 1161 1377.52871318
5 470 1162 1377.7830634
4 471 1164 1380.0084585
5 472 1165 1380.32431528
4 473 1171 1385.7830634
5 474 1173 1387.33689163
4 475 1177 1391.44494171
3 476 1180 1399.7830634
4 477 1181 1401.50453544
3 478 1183 1406.0084585
2 479 1184 1406.0084585
3 480 1186 1408.57301329
2 481 1190 1424.50453544
3 482 1191 1424.74542681
4 483 1195 1426.1508442
3 484 1197 1427.50453544
4 485 1198 1428.46632869
5 486 1200 1428.5822844
6 487 1203 1431.71149306
5 488 1205 1432.74542681
6 489 1206 1436.5140407
5 490 1211 1443.1508442
4 491 1214 1448.46632869
3 492 1215 1452.74542681
4 493 1218 1453.35867679
3 494 1224 1460.1508442
4 495 1225 1462.56819137
3 496 1227 1467.35867679
4 497 1228 1469.24761666
5 498 1230 1469.48020626
4 499 1231 1471.46632869
5 500 1236 1473.38535137
6 501 1239 1480.21639107
5 502 1240 1480.24761666
4 503 1246 1485.56819137
3 504 1248 1488.46632869
2 505 1249 1488.46632869
3 506 1252 1491.08370823
4 507 1254 1496.01586503
5 508 1256 1497.15554309
4 509 1262 1506.24761666
3 510 1265 1511.15554309
2 511 1266 1513.01586503
1 512 1267 1514.08370823
2 513 1268 1518.78299818
3 514 1271 1529.96985489
4 515 1272 1530.82105396
5 516 1274 1532.06852966
6 517 1276 1533.98167918
7 518 1287 1544.10031286
8 519 1289 1544.59518219
7 520 1290 1544.78299818
6 521 1291 1546.06852966
5 522 1293 1547.82105396
4 523 1294 1550.78299818
5 524 1296 1551.56437564
4 525 1300 1553.98167918
5 526 1303 1556.84379395
4 527 1305 1560.06852966
3 528 1306 1563.06852966
2 529 1307 1564.10031286
3 530 1308 1566.19793344
4 531 1310 1569.81139503
5 532 1313 1570.61860489
6 533 1316 1578.00517195
7 534 1323 1579.95283879
8 535 1325 1587.82013233
7 536 1326 1589.19793344
6 537 1332 1591.84379395
5 538 1333 1592.19793344
4 539 1335 1593.95283879
5 540 1336 1594.75003302
4 541 1338 1595.00517195
3 542 1339 1595.81139503
4 543 1341 1601.06601863
5 544 1347 1603.63328236
4 545 1349 1605.75003302
3 546 1354 1611.84379395
4 547 1355 1613.2174613
3 548 1359 1615.06601863
2 549 1360 1617.63328236
1 550 1361 1621.2174613
2 551 1362 1625.61547091
3 552 1366 1630.28321882
4 553 1368 1631.18209795
5 554 1370 1632.13147413
4 555 1372 1633.61547091
5 556 1373 1636.56677405
6 557 1379 1641.29447984
5 558 1382 1644.28321882
4 559 1386 1648.18209795
5 560 1387 1650.03043121
6 561 1391 1652.0973318
5 562 1393 1652.13147413
6 563 1398 1655.10327991
5 564 1399 1655.28321882
4 565 1403 1659.56677405
3 566 1405 1660.13147413
2 567 1406 1661.03043121
1 568 1408 1663.28321882
2 569 1409 1670.23119073
3 570 1411 1674.73579527
4 571 1417 1683.28854208
3 572 1419 1685.73579527
2 573 1422 1693.23119073
3 574 1423 1693.45691146
4 575 1427 1698.42657054
5 576 1429 1699.04660222
4 577 1430 1700.28854208
3 578 1436 1704.45691146
4 579 1437 1704.48459442
3 580 1439 1705.28854208
2 581 1440 1709.42657054
3 582 1442 1709.49985948
4 583 1443 1712.83024781
5 584 1445 1713.97128352
4 585 1454 1724.48459442
3 586 1455 1724.97128352
4 587 1456 1725.96362662
3 588 1458 1727.48459442
4 589 1459 1732.54041722
3 590 1461 1732.83024781
4 591 1462 1734.90350724
5 592 1466 1736.76127544
4 593 1467 1739.96362662
3 594 1473 1746.54041722
2 595 1477 1750.96362662
1 596 1478 1751.90350724
2 597 1480 1754.58982859
3 598 1482 1759.64173226
4 599 1488 1768.94429032
5 600 1489 1770.98046325
4 601 1492 1771.58982859
3 602 1496 1776.64173226
4 603 1497 1777.31851284
3 604 1499 1782.58982859
2 605 1500 1782.58982859
3 606 1503 1789.81867656
2 607 1505 1791.31851284
3 608 1508 1794.08371573
4 609 1510 1797.21620387
3 610 1512 1800.81867656
4 611 1515 1804.58916875
3 612 1518 1808.08371573
4 613 1521 1820.78631673
3 614 1523 1820.81867656
2 615 1528 1828.78631673
3 616 1529 1829.57431271
2 617 1531 1832.19793344
3 618 1532 1835.24128219
4 619 1534 1837.83207738
3 620 1542 1849.57431271
2 621 1543 1855.24128219
3 622 1544 1855.63536347
4 623 1546 1856.28197565
5 624 1548 1857.94041976
6 625 1549 1860.43822289
7 626 1550 1863.45824901
6 627 1551 1863.83207738
7 628 1557 1867.10677277
8 629 1559 1869.20732692
7 630 1563 1870.28197565
8 631 1568 1870.84797366
7 632 1570 1872.63536347
8 633 1571 1874.376371
7 634 1577 1877.83207738
6 635 1578 1877.83207738
5 636 1581 1881.28197565
4 637 1582 1884.28197565
3 638 1585 1884.84797366
4 639 1586 1888.96318497
3 640 1588 1890.28197565
4 641 1591 1896.24468052
5 642 1593 1896.54169754
4 643 1595 1902.96318497
3 644 1596 1903.376371
4 645 1599 1907.19166677
5 646 1601 1907.6887522
6 647 1607 1918.78208702
5 648 1608 1919.54169754
4 649 1612 1921.19166677
3 650 1613 1922.24468052
2 651 1616 1924.6887522
3 652 1617 1925.49058852
2 653 1619 1927.54169754
1 654 1622 1939.49058852
2 655 1623 1940.32093831
3 656 1626 1947.86212972
4 657 1627 1953.53878857
5 658 1634 1962.70469359
4 659 1637 1966.32093831
3 660 1638 1967.53878857
2 661 1641 1972.32093831
3 662 1643 1976.32536223
2 663 1645 1976.70469359
3 664 1646 1977.13893864
2 665 1651 1988.13893864
3 666 1653 1988.5925992
2 667 1658 1993.32536223
3 668 1661 1996.08454697
4 669 1663 1998.89047849
3 670 1667 2002.5925992
4 671 1670 2007.12820163
5 672 1672 2007.36969145
4 673 1673 2009.89047849
3 674 1675 2010.08454697
2 675 1680 2027.12820163
3 676 1681 2039.62040375
2 677 1683 2041.89047849
3 678 1685 2044.86288887
4 679 1686 2049.55194267
3 680 1691 2053.62040375
2 681 1692 2056.62040375
3 682 1693 2057.89318562
4 683 1695 2061.22133761
3 684 1703 2068.89318562
4 685 1704 2070.3372321
3 686 1706 2072.55194267
2 687 1707 2078.22133761
3 688 1710 2081.42899069
2 689 1712 2087.3372321
3 690 1715 2095.49483784
4 691 1717 2101.61274348
3 692 1719 2104.42899069
4 693 1724 2114.39618684
3 694 1726 2115.61274348
4 695 1727 2115.66144627
5 696 1729 2117.4235753
4 697 1731 2118.49483784
3 698 1736 2126.66144627
4 699 1739 2128.58284593
5 700 1741 2129.00879303
6 701 1742 2130.80973387
5 702 1744 2131.39618684
4 703 1746 2132.49483784
5 704 1748 2134.67912563
6 705 1753 2138.47819173
5 706 1758 2145.39618684
4 707 1759 2146.49483784
3 708 1760 2151.58284593
4 709 1761 2153.45971087
3 710 1763 2158.49483784
4 711 1766 2160.81021342
5 712 1770 2161.75426491
4 713 1771 2168.39618684
3 714 1773 2170.45971087
4 715 1778 2176.37509253
3 716 1782 2177.81021342
4 717 1783 2178.87043974
3 718 1785 2179.39618684
4 719 1786 2179.71622935
5 720 1788 2181.3322646
4 721 1789 2184.37509253
3 722 1796 2189.87043974
2 723 1800 2199.71622935
1 724 1801 2201.37509253
2 725 1802 2213.42722272
3 726 1804 2216.14404088
4 727 1808 2223.5928808
3 728 1812 2230.42722272
4 729 1815 2237.90956266
5 730 1818 2240.04793057
4 731 1819 2242.14404088
5 732 1820 2242.93083232
4 733 1822 2243.5928808
3 734 1828 2256.93083232
2 735 1829 2257.90956266
1 736 1830 2260.90956266
2 737 1831 2280.82716171
3 738 1835 2282.70702527
2 739 1839 2291.82716171
3 740 1840 2296.14446599
2 741 1842 2296.70702527
3 742 1843 2296.81460876
4 743 1847 2305.380757
5 744 1851 2306.47628265
4 745 1853 2307.81460876
5 746 1854 2308.13930332
6 747 1856 2310.25842718
7 748 1859 2311.88684431
8 749 1861 2315.00984464
7 750 1864 2316.14446599
6 751 1873 2322.13930332
7 752 1874 2324.1603058
6 753 1876 2324.25842718
5 754 1877 2326.47628265
4 755 1878 2327.25842718
3 756 1881 2329.47628265
2 757 1882 2331.380757
1 758 1884 2332.1603058
2 759 1886 2358.48449896
1 760 1890 2369.48449896
2 761 1891 2371.81438544
3 762 1893 2376.3535171
4 763 1897 2387.99425838
3 764 1899 2388.81438544
4 765 1902 2391.64297218
5 766 1906 2396.92872329
4 767 1910 2399.3535171
3 768 1911 2404.99425838
2 769 1914 2408.64297218
1 770 1915 2410.92872329
2 771 1916 2421.22908899
1 772 1920 2441.22908899
2 773 1921 2444.26146172
3 774 1925 2456.14918537
2 775 1927 2458.26146172
3 776 1928 2460.28097548
4 777 1932 2469.49591272
5 778 1934 2469.98538949
6 779 1936 2470.5252274
7 780 1937 2470.99885263
8 781 1938 2471.49496954
9 782 1941 2476.89109184
8 783 1942 2479.14918537
9 784 1948 2485.75398694
8 785 1952 2486.49591272
7 786 1953 2492.28097548
6 787 1957 2495.98538949
5 788 1958 2496.14918537
6 789 1961 2501.24546135
7 790 1963 2503.79352592
6 791 1971 2509.98538949
5 792 1973 2515.24546135
4 793 1974 2515.28097548
3 794 1975 2515.49591272
2 795 1977 2515.98538949
3 796 1978 2518.13819027
4 797 1984 2523.35518801
5 798 1986 2524.94625037
4 799 1987 2526.13819027
5 800 1990 2532.59816172
4 801 1991 2532.98538949
3 802 1995 2537.35518801
2 803 2000 2546.98538949
1 804 2002 2549.13819027
2 805 2003 2552.77290126
3 806 2006 2557.56856699
4 807 2011 2562.01230583
5 808 2013 2565.64927695
4 809 2015 2566.77290126
5 810 2019 2569.57509452
4 811 2020 2574.56856699
5 812 2021 2574.87243721
6 813 2026 2576.14475999
5 814 2029 2582.01230583
4 815 2033 2588.01230583
5 816 2034 2591.11347862
6 817 2037 2592.87279278
7 818 2038 2596.09310489
6 819 2040 2598.77290126
5 820 2042 2600.87243721
4 821 2043 2602.01230583
5 822 2047 2606.83434849
4 823 2051 2610.01230583
5 824 2052 2611.05265313
4 825 2053 2611.87243721
5 826 2056 2611.96912745
4 827 2062 2618.77290126
5 828 2063 2619.55367298
4 829 2067 2624.77290126
3 830 2068 2625.87243721
2 831 2069 2627.01230583
3 832 2070 2628.7180954
2 833 2076 2638.77290126
1 834 2077 2639.7180954
2 835 2079 2645.81381251
1 836 2082 2653.81381251
2 837 2083 2655.92521686
3 838 2086 2656.36726411
4 839 2087 2656.99818675
5 840 2091 2660.89374848
6 841 2093 2662.45699658
7 842 2097 2667.69991765
8 843 2098 2667.72280655
7 844 2099 2667.99818675
6 845 2103 2669.92521686
5 846 2104 2669.92521686
6 847 2105 2670.29711053
5 848 2109 2674.92521686
6 849 2112 2680.86767833
7 850 2116 2682.30991521
6 851 2119 2690.99818675
5 852 2122 2692.89374848
4 853 2123 2694.92521686
3 854 2124 2696.99818675
4 855 2128 2706.17940398
5 856 2131 2708.33103994
4 857 2132 2709.89374848
3 858 2133 2712.89374848
4 859 2134 2713.17206195
3 860 2139 2717.17940398
2 861 2142 2724.17206195
1 862 2143 2726.17940398
2 863 2144 2729.50968034
3 864 2148 2740.84923568
2 865 2151 2743.50968034
3 866 2153 2744.66081161
4 867 2157 2752.21503781
5 868 2159 2753.4690084
4 869 2163 2754.84923568
3 870 2164 2757.84923568
4 871 2165 2763.21440679
3 872 2168 2764.4690084
4 873 2171 2766.90712184
5 874 2173 2769.93883751
6 875 2176 2770.54846972
5 876 2179 2772.21503781
6 877 2182 2780.00089811
7 878 2185 2780.04819637
6 879 2186 2780.90712184
7 880 2188 2781.80119694
6 881 2190 2783.21440679
7 882 2191 2783.26046907
8 883 2197 2786.51682249
9 884 2203 2791.96840654
8 885 2205 2792.93883751
7 886 2207 2794.00089811
6 887 2210 2797.26046907
5 888 2213 2798.93883751
6 889 2214 2799.08475416
5 890 2216 2800.00089811
6 891 2218 2804.78915032
5 892 2219 2804.80119694
4 893 2220 2805.00089811
5 894 2226 2809.49370058
4 895 2228 2813.08475416
3 896 2230 2818.93883751
2 897 2234 2822.08475416
1 898 2235 2826.49370058
2 899 2236 2846.85601387
3 900 2238 2849.95096289
4 901 2240 2854.6188307
5 902 2242 2856.77723201
4 903 2250 2863.95096289
5 904 2251 2868.18072447
4 905 2253 2872.85601387
3 906 2256 2874.6188307
4 907 2257 2879.4820656
3 908 2261 2883.95096289
2 909 2262 2886.85601387
3 910 2263 2888.47988005
4 911 2265 2889.6129151
3 912 2273 2902.4820656
2 913 2274 2903.6129151
3 914 2275 2904.77400685
4 915 2277 2906.03713153
3 916 2279 2908.47988005
2 917 2282 2915.77400685
3 918 2285 2916.7215507
4 919 2287 2923.89190447
5 920 2289 2925.56147233
6 921 2290 2926.10962893
7 922 2293 2928.58031461
6 923 2295 2929.03713153
7 924 2296 2932.14774248
6 925 2301 2936.7215507
7 926 2303 2937.38910048
8 927 2304 2938.97127714
9 928 2305 2939.61047626
10 929 2306 2942.24383968
9 930 2307 2943.03713153
10 931 2309 2944.06401765
11 932 2310 2946.15583701
12 933 2311 2947.58735022
13 934 2312 2949.63738994
12 935 2315 2949.89190447
13 936 2316 2951.60083643
14 937 2320 2953.56668502
13 938 2328 2957.03713153
12 939 2331 2957.89190447
13 940 2332 2962.81576998
12 941 2333 2963.89190447
11 942 2339 2969.89190447
12 943 2340 2970.1568606
11 944 2342 2971.7215507
10 945 2343 2971.89190447
11 946 2344 2972.03035369
10 947 2348 2974.03713153
9 948 2349 2976.7215507
8 949 2352 2977.89190447
9 950 2356 2982.45295321
10 951 2364 2990.77420421
9 952 2366 2991.89190447
8 953 2368 2993.7215507
7 954 2369 2996.7215507
6 955 2370 2997.03713153
5 956 2382 3005.89190447
4 957 2383 3007.7215507
3 958 2385 3008.03713153
4 959 2386 3008.50948321
5 960 2388 3008.9581956
4 961 2391 3016.90712184
3 962 2393 3017.03713153
4 963 2395 3017.83366975
5 964 2396 3020.21082971
6 965 2397 3020.35108368
7 966 2399 3021.60921802
8 967 2401 3025.32601932
9 968 2403 3026.18981955
8 969 2407 3028.50948321
7 970 2411 3030.90712184
6 971 2422 3043.83366975
5 972 2423 3047.08475416
4 973 2424 3048.50948321
3 974 2425 3049.83366975
2 975 2426 3049.83366975
1 976 2427 3050.90712184
2 977 2428 3053.32200661
3 978 2430 3053.73077563
2 979 2436 3061.73077563
3 980 2437 3062.93130345
2 981 2439 3064.32200661
1 982 2442 3076.93130345
2 983 2443 3080.26536796
3 984 2445 3085.91542636
4 985 2447 3086.547869
3 986 2453 3100.26536796
4 987 2456 3102.73792636
5 988 2458 3103.78094781
4 989 2460 3105.91542636
3 990 2461 3106.547869
4 991 2466 3122.6724719
3 992 2468 3123.78094781
2 993 2469 3128.73792636
3 994 2470 3134.64982033
4 995 2475 3137.40909352
5 996 2476 3141.33714114
4 997 2481 3145.64982033
5 998 2483 3148.5551114
4 999 2485 3148.6724719
5 1000 2486 3148.81594588
4 1001 2490 3151.64982033
5 1002 2495 3157.65550984
4 1003 2497 3159.81594588
5 1004 2498 3159.88785184
6 1005 2502 3164.22126477
5 1006 2504 3164.33714114
4 1007 2505 3165.5551114
3 1008 2509 3167.81594588
4 1009 2512 3171.48037935
5 1010 2514 3172.00180345
4 1011 2516 3173.5551114
5 1012 2517 3175.36009961
4 1013 2518 3181.33714114
5 1014 2520 3182.46886704
4 1015 2528 3197.48037935
3 1016 2529 3204.33714114
2 1017 2532 3205.5551114
1 1018 2533 3208.48037935
2 1019 2534 3218.99007597
3 1020 2538 3232.11020231
4 1021 2540 3235.45842377
3 1022 2542 3235.99007597
4 1023 2543 3238.16981757
3 1024 2551 3243.16981757
4 1025 2552 3244.24676894
3 1026 2554 3246.45842377
4 1027 2556 3248.90749602
3 1028 2557 3249.11020231
4 1029 2561 3251.75368149
3 1030 2563 3258.24676894
2 1031 2567 3269.11020231
3 1032 2568 3270.08882118
4 1033 2570 3270.48240927
3 1034 2579 3278.24676894
2 1035 2580 3281.7215507
1 1036 2581 3284.08882118
2 1037 2582 3284.60564288
3 1038 2584 3285.79355699
4 1039 2590 3293.16752258
3 1040 2592 3299.79355699
2 1041 2593 3301.60564288
3 1042 2594 3302.34992263
4 1043 2596 3305.67347891
3 1044 2602 3313.16752258
4 1045 2603 3314.3458976
3 1046 2609 3322.34992263
4 1047 2610 3324.91722551
3 1048 2612 3325.67347891
2 1049 2613 3328.3458976
3 1050 2614 3330.84687214
4 1051 2620 3338.16796025
5 1052 2622 3342.105087
6 1053 2623 3344.7173427
5 1054 2627 3347.84687214
4 1055 2628 3347.91722551
5 1056 2630 3348.61301858
6 1057 2631 3351.68967021
5 1058 2632 3355.16796025
6 1059 2635 3356.93361461
7 1060 2636 3358.23951656
8 1061 2644 3361.47942052
9 1062 2645 3362.53443305
8 1063 2646 3363.16796025
7 1064 2648 3366.16796025
8 1065 2649 3369.77629607
9 1066 2650 3373.31590921
8 1067 2652 3373.84687214
7 1068 2655 3373.91722551
8 1069 2658 3377.81492462
9 1070 2661 3383.32087814
8 1071 2665 3386.16796025
7 1072 2672 3393.84687214
6 1073 2673 3393.91722551
7 1074 2674 3396.49235786
6 1075 2679 3399.64982033
7 1076 2683 3401.15572935
6 1077 2684 3402.91722551
5 1078 2687 3406.16796025
4 1079 2688 3407.64982033
5 1080 2689 3408.26630477
6 1081 2692 3413.84664757
5 1082 2693 3413.84687214
6 1083 2700 3417.81481235
7 1084 2702 3422.25592958
6 1085 2704 3422.26630477
7 1086 2705 3422.46186743
6 1087 2707 3422.91722551
5 1088 2708 3422.91722551
4 1089 2709 3422.91722551
5 1090 2717 3431.43745727
4 1091 2720 3433.46186743
3 1092 2721 3436.25592958
4 1093 2722 3437.19358004
3 1094 2724 3437.81481235
4 1095 2727 3444.69177913
5 1096 2733 3448.88918966
6 1097 2734 3450.04364281
7 1098 2735 3451.47091511
6 1099 2737 3454.19358004
5 1100 2738 3456.46186743
6 1101 2743 3458.88054165
5 1102 2745 3461.69177913
6 1103 2746 3462.60666302
5 1104 2752 3465.19358004
6 1105 2753 3467.75907356
5 1106 2759 3470.46186743
6 1107 2760 3472.16769929
5 1108 2762 3473.46186743
4 1109 2767 3481.69177913
3 1110 2769 3484.75907356
2 1111 2770 3486.16769929
1 1112 2771 3486.45842377
2 1113 2772 3489.27924359
1 1114 2777 3497.27924359
2 1115 2778 3502.96651636
1 1116 2782 3516.96651636
2 1117 2783 3517.4444931
3 1118 2785 3521.55995922
4 1119 2789 3528.02446507
3 1120 2793 3534.4444931
4 1121 2796 3541.45001771
3 1122 2798 3541.55995922
4 1123 2800 3541.99577777
3 1124 2801 3545.02446507
4 1125 2805 3551.78312496
3 1126 2807 3561.45001771
2 1127 2810 3567.45001771
3 1128 2811 3568.60398673
2 1129 2813 3574.78312496
3 1130 2816 3584.86837406
2 1131 2818 3588.60398673
3 1132 2819 3592.75090298
4 1133 2823 3596.6686702
5 1134 2825 3599.05737819
6 1135 2830 3601.63238851
7 1136 2831 3601.6329156
6 1137 2833 3601.86837406
5 1138 2837 3603.75090298
6 1139 2838 3604.2382035
5 1140 2839 3607.6686702
4 1141 2844 3609.86837406
5 1142 2845 3610.36589653
4 1143 2848 3614.75090298
5 1144 2852 3618.35073194
4 1145 2855 3624.6686702
3 1146 2857 3625.75090298
2 1147 2858 3629.86837406
1 1148 2861 3638.6686702
2 1149 2862 3643.72370354
3 1150 2864 3644.42059273
4 1151 2866 3646.88791501
5 1152 2872 3652.64186881
4 1153 2874 3654.72370354
5 1154 2875 3655.72341489
6 1155 2878 3658.08365325
7 1156 2879 3659.69497088
6 1157 2883 3660.88791501
5 1158 2884 3661.42059273
6 1159 2886 3667.55195233
7 1160 2895 3674.46525619
6 1161 2897 3676.91722551
5 1162 2898 3677.88791501
4 1163 2900 3678.42059273
3 1164 2901 3680.72370354
2 1165 2906 3684.91722551
3 1166 2907 3685.00752785
4 1167 2911 3689.76834982
3 1168 2913 3693.00752785
4 1169 2915 3696.76854185
3 1170 2916 3697.88791501
2 1171 2921 3706.76834982
1 1172 2922 3709.76834982
2 1173 2923 3718.6017966
3 1174 2927 3740.78137148
2 1175 2929 3744.6017966
3 1176 2930 3745.5401181
4 1177 2932 3746.1704653
5 1178 2935 3747.08106894
4 1179 2939 3748.1704653
5 1180 2944 3758.87742587
4 1181 2946 3760.78137148
5 1182 2947 3761.47821494
4 1183 2949 3763.1704653
3 1184 2954 3771.5401181
4 1185 2955 3781.17368486
5 1186 2959 3782.26342749
4 1187 2961 3784.47821494
3 1188 2962 3784.87742587
4 1189 2963 3797.42679945
3 1190 2965 3798.17368486
2 1191 2970 3802.26342749
1 1192 2971 3805.42679945
2 1193 2972 3807.18390067
3 1194 2974 3809.31774922
4 1195 2977 3810.08148792
5 1196 2978 3817.78617273
6 1197 2980 3818.02802552
5 1198 2987 3823.31774922
4 1199 2989 3824.18390067
3 1200 2990 3827.18390067
4 1201 2996 3831.7047466
3 1202 2998 3832.02802552
4 1203 2999 3835.7130611
5 1204 3001 3835.85793345
6 1205 3005 3840.67236675
5 1206 3006 3840.78617273
4 1207 3008 3843.7130611
5 1208 3011 3844.86735155
4 1209 3015 3848.7047466
3 1210 3018 3852.86735155
4 1211 3021 3860.67083877
5 1212 3023 3861.09784058
4 1213 3025 3861.85793345
3 1214 3027 3863.78617273
2 1215 3031 3868.67083877
3 1216 3032 3869.5853268
4 1217 3038 3883.94927661
3 1218 3040 3884.09784058
4 1219 3041 3885.60552395
5 1220 3043 3885.66080311
6 1221 3044 3886.34963419
7 1222 3045 3886.90920735
6 1223 3050 3891.94927661
5 1224 3051 3892.5853268
6 1225 3054 3894.43324763
7 1226 3059 3900.46378818
6 1227 3064 3902.60552395
5 1228 3066 3902.94927661
6 1229 3068 3903.19725293
7 1230 3069 3907.50643372
6 1231 3070 3908.94927661
5 1232 3074 3912.5853268
4 1233 3076 3914.94927661
5 1234 3077 3917.30045811
4 1235 3083 3919.60552395
3 1236 3084 3919.60552395
2 1237 3085 3926.5853268
3 1238 3086 3928.20727549
2 1239 3088 3928.30045811
3 1240 3089 3928.43651733
4 1241 3091 3931.10263949
5 1242 3098 3936.77572209
4 1243 3102 3939.43651733
3 1244 3103 3942.10263949
2 1245 3104 3942.20727549
1 1246 3105 3951.10263949
2 1247 3106 3952.16978586
1 1248 3110 3969.16978586
2 1249 3111 3970.68002947
3 1250 3113 3971.75165878
4 1251 3115 3973.47602661
5 1252 3121 3983.84154384
4 1253 3123 3985.75165878
5 1254 3126 3986.83252024
4 1255 3129 3993.68002947
3 1256 3131 3996.47602661
2 1257 3132 3996.75165878
3 1258 3133 4001.56469783
4 1259 3137 4007.00166014
5 1260 3139 4010.19866709
4 1261 3140 4010.68002947
5 1262 3144 4016.07937619
4 1263 3150 4021.68002947
3 1264 3151 4024.00166014
4 1265 3154 4027.40170135
3 1266 3156 4027.56469783
2 1267 3157 4029.68002947
3 1268 3159 4031.62991241
4 1269 3161 4034.60412116
3 1270 3169 4050.40170135
4 1271 3171 4053.36864168
5 1272 3172 4057.36313978
4 1273 3176 4057.62991241
3 1274 3180 4068.62991241
2 1275 3181 4070.40170135
3 1276 3183 4077.11009717
2 1277 3188 4082.62991241
1 1278 3189 4091.62991241
2 1279 3190 4097.80936083
3 1280 3194 4109.37564293
4 1281 3196 4112.45105442
3 1282 3198 4114.80936083
4 1283 3199 4118.21872854
3 1284 3205 4123.45105442
2 1285 3206 4126.37564293
3 1286 3209 4136.57869302
4 1287 3211 4137.16895626
3 1288 3213 4138.21872854
4 1289 3214 4139.8567556
5 1290 3216 4140.1160162
4 1291 3223 4150.57869302
3 1292 3225 4154.16895626
4 1293 3228 4158.42039186
5 1294 3230 4158.73250058
4 1295 3232 4162.8567556
3 1296 3233 4164.57869302
2 1297 3236 4169.42039186
3 1298 3240 4182.51230492
2 1299 3241 4182.8567556
1 1300 3244 4193.51230492
2 1301 3245 4195.2434821
3 1302 3247 4202.12306508
4 1303 3251 4207.82798543
5 1304 3253 4208.28328341
6 1305 3255 4209.58346053
7 1306 3261 4215.09582485
6 1307 3263 4218.82798543
5 1308 3264 4219.12306508
4 1309 3266 4221.82798543
3 1310 3269 4224.2434821
4 1311 3273 4232.61167754
3 1312 3274 4232.82798543
4 1313 3278 4236.21189738
3 1314 3280 4239.12306508
2 1315 3284 4244.21189738
3 1316 3285 4244.8385806
4 1317 3289 4246.70538201
5 1318 3291 4247.34595742
4 1319 3293 4248.12306508
5 1320 3294 4251.51119492
4 1321 3301 4266.70538201
5 1322 3303 4268.38648005
4 1323 3304 4270.8385806
3 1324 3308 4277.70538201
2 1325 3312 4284.8385806
3 1326 3315 4289.20736704
4 1327 3319 4295.12931428
5 1328 3320 4302.95755952
4 1329 3321 4303.70538201
5 1330 3325 4305.18555054
4 1331 3326 4306.20736704
3 1332 3330 4311.70538201
4 1333 3332 4312.25816231
5 1334 3333 4317.1781495
6 1335 3336 4322.11980146
5 1336 3338 4323.20736704
6 1337 3339 4327.56701772
5 1338 3341 4331.70538201
6 1339 3344 4338.23082711
7 1340 3345 4339.29860523
6 1341 3349 4349.20736704
5 1342 3351 4351.70538201
4 1343 3357 4366.20736704
5 1344 3358 4371.45696513
4 1345 3359 4371.70538201
5 1346 3365 4378.46742659
6 1347 3366 4378.5775559
7 1348 3367 4378.59166391
6 1349 3369 4379.70538201
7 1350 3370 4381.5069727
6 1351 3372 4386.20736704
7 1352 3373 4390.4267962
6 1353 3378 4399.70538201
7 1354 3381 4400.59296899
8 1355 3382 4403.13336953
7 1356 3387 4406.20736704
8 1357 3388 4411.94500678
7 1358 3389 4413.70538201
6 1359 3390 4416.70538201
7 1360 3392 4416.83320238
8 1361 3394 4418.03921788
9 1362 3397 4424.99725375
8 1363 3402 4429.20736704
7 1364 3405 4430.70538201
8 1365 3406 4431.9541148
7 1366 3409 4436.70538201
8 1367 3410 4438.13801787
7 1368 3418 4443.20736704
6 1369 3419 4447.70538201
5 1370 3424 4453.70538201
6 1371 3425 4459.34808454
7 1372 3426 4460.03853437
6 1373 3427 4463.20736704
5 1374 3430 4466.20736704
6 1375 3432 4469.15699674
7 1376 3438 4473.29813862
8 1377 3443 4476.72000098
7 1378 3445 4479.70538201
6 1379 3447 4480.20736704
5 1380 3449 4480.23657934
6 1381 3450 4487.25851929
7 1382 3457 4492.69946041
6 1383 3458 4494.23657934
5 1384 3461 4499.70538201
4 1385 3463 4500.20736704
5 1386 3470 4503.88397371
6 1387 3471 4503.96586584
7 1388 3472 4505.26845415
8 1389 3473 4510.49294818
7 1390 3475 4511.23657934
6 1391 3479 4513.70538201
5 1392 3480 4514.20736704
4 1393 3483 4516.23657934
5 1394 3486 4522.69758728
6 1395 3487 4523.81774155
7 1396 3492 4529.71531311
6 1397 3494 4530.23657934
5 1398 3496 4530.70538201
6 1399 3497 4532.90305709
7 1400 3498 4534.03366359
6 1401 3499 4534.20736704
5 1402 3506 4538.23657934
4 1403 3507 4542.20736704
5 1404 3509 4543.34344997
4 1405 3515 4549.23657934
5 1406 3518 4553.57948371
4 1407 3519 4553.70538201
5 1408 3523 4558.8784458
6 1409 3524 4558.98095108
5 1410 3526 4559.20736704
6 1411 3527 4560.29631461
5 1412 3530 4566.23657934
6 1413 3534 4575.78514876
5 1414 3538 4579.70538201
4 1415 3540 4582.20736704
5 1416 3541 4583.01746668
6 1417 3542 4585.22268261
7 1418 3545 4591.58642034
6 1419 3546 4592.23657934
5 1420 3549 4596.70538201
6 1421 3553 4603.03553019
5 1422 3557 4609.23657934
6 1423 3558 4609.28834169
5 1424 3561 4611.20736704
6 1425 3563 4611.5681356
7 1426 3566 4615.93322737
8 1427 3567 4617.2826474
7 1428 3569 4618.23657934
6 1429 3573 4622.70538201
5 1430 3574 4625.20736704
4 1431 3577 4632.23657934
5 1432 3580 4634.6750407
4 1433 3585 4636.70538201
5 1434 3587 4639.73077177
6 1435 3591 4641.80528561
5 1436 3592 4642.20736704
6 1437 3594 4645.02964957
5 1438 3595 4645.20736704
6 1439 3597 4645.60404675
5 1440 3603 4651.6750407
4 1441 3605 4656.20736704
5 1442 3608 4658.02968489
6 1443 3611 4661.14640355
5 1444 3613 4662.6750407
4 1445 3623 4670.65864007
3 1446 3624 4673.20736704
2 1447 3626 4673.6750407
3 1448 3627 4674.0077139
2 1449 3629 4677.46385032
1 1450 3633 4700.0077139
2 1451 3634 4703.33008935
3 1452 3636 4712.42555399
4 1453 3640 4719.32898365
3 1454 3644 4720.33008935
2 1455 3645 4726.42555399
3 1456 3648 4740.81469568
2 1457 3650 4745.32898365
3 1458 3651 4746.43647534
4 1459 3657 4751.10461728
3 1460 3661 4754.81469568
2 1461 3662 4757.43647534
3 1462 3663 4757.55256211
4 1463 3665 4757.65993278
5 1464 3667 4759.10050647
4 1465 3673 4765.10461728
5 1466 3674 4765.35969261
6 1467 3677 4771.0795631
7 1468 3678 4771.44645135
6 1469 3680 4771.55256211
5 1470 3684 4776.10461728
6 1471 3685 4777.53454751
5 1472 3686 4777.65993278
4 1473 3688 4779.55256211
5 1474 3696 4787.64500113
4 1475 3698 4788.65993278
3 1476 3699 4790.10461728
4 1477 3702 4792.79728666
3 1478 3704 4793.55256211
4 1479 3705 4795.54863416
5 1480 3707 4797.61603297
6 1481 3708 4799.81246713
5 1482 3709 4802.65993278
6 1483 3715 4809.14980677
5 1484 3717 4812.79728666
4 1485 3719 4818.54863416
3 1486 3726 4828.65993278
2 1487 3727 4829.54863416
1 1488 3728 4832.79728666
2 1489 3729 4832.95317724
3 1490 3733 4838.25674017
4 1491 3735 4840.15441029
3 1492 3737 4840.95317724
4 1493 3739 4845.66160953
5 1494 3740 4847.44496124
4 1495 3749 4854.15441029
5 1496 3750 4854.90762494
4 1497 3752 4855.25674017
3 1498 3753 4855.25674017
4 1499 3754 4857.09155399
5 1500 3756 4858.021635
6 1501 3760 4861.62838846
7 1502 3761 4863.97804539
6 1503 3765 4865.90762494
5 1504 3767 4867.44496124
4 1505 3769 4868.09155399
5 1506 3770 4869.13044334
6 1507 3773 4873.35245276
7 1508 3774 4873.89729433
6 1509 3776 4877.09155399
5 1510 3777 4879.90762494
6 1511 3781 4880.81717366
5 1512 3787 4887.44496124
6 1513 3788 4888.19829808
5 1514 3790 4894.09155399
6 1515 3797 4896.65543355
5 1516 3799 4896.90762494
4 1517 3800 4899.09155399
5 1518 3801 4899.90426124
4 1519 3803 4901.44496124
3 1520 3810 4911.70538201
2 1521 3813 4913.90426124
1 1522 3814 4916.90762494
2 1523 3815 4918.62057875
3 1524 3817 4920.82222208
4 1525 3819 4922.01409292
3 1526 3823 4933.01409292
2 1527 3828 4943.82222208
1 1528 3829 4944.62057875
2 1529 3830 4947.51219157
3 1530 3832 4948.57245187
4 1531 3838 4964.16552237
3 1532 3840 4965.57245187
4 1533 3841 4967.24541915
3 1534 3843 4967.51219157
4 1535 3848 4974.97705374
3 1536 3850 4978.24541915
4 1537 3851 4978.39174365
3 1538 3855 4982.97705374
2 1539 3856 4990.16552237
1 1540 3859 5001.39174365
2 1541 3860 5009.53199289
3 1542 3866 5028.83985134
4 1543 3868 5029.17784025
3 1544 3870 5029.53199289
2 1545 3873 5039.83985134
3 1546 3874 5040.57459054
4 1547 3878 5049.34368302
3 1548 3880 5052.17784025
4 1549 3884 5059.45746604
3 1550 3885 5060.57459054
4 1551 3889 5062.69133746
3 1552 3891 5069.34368302
2 1553 3894 5072.34368302
3 1554 3895 5073.85339641
2 1555 3897 5076.69133746
3 1556 3898 5077.09825624
4 1557 3904 5088.15793225
5 1558 3906 5092.40034371
4 1559 3907 5094.09825624
5 1560 3909 5094.69387979
4 1561 3911 5096.85339641
3 1562 3916 5105.09825624
2 1563 3919 5111.15793225
3 1564 3920 5122.158964
2 1565 3922 5122.85339641
3 1566 3923 5124.16377068
4 1567 3927 5127.73792077
5 1568 3931 5131.60899209
4 1569 3933 5139.158964
3 1570 3936 5141.16377068
4 1571 3938 5142.30264012
5 1572 3943 5145.21728459
4 1573 3944 5147.73792077
5 1574 3947 5152.39252935
4 1575 3951 5153.158964
5 1576 3952 5156.11868824
6 1577 3955 5162.10073174
5 1578 3957 5164.73792077
4 1579 3959 5165.44496124
5 1580 3964 5170.12817416
4 1581 3965 5170.44496124
5 1582 3967 5172.8327504
6 1583 3968 5174.16486145
5 1584 3974 5176.158964
6 1585 3975 5177.3721782
5 1586 3977 5181.44496124
6 1587 3980 5183.8631218
7 1588 3981 5184.46325954
6 1589 3983 5187.73792077
5 1590 3985 5193.158964
4 1591 3990 5201.44496124
3 1592 3996 5207.158964
2 1593 3998 5207.73792077
1 1594 3999 5209.44496124
2 1595 4001 5220.1414076
3 1596 4003 5221.51643565
4 1597 4005 5224.34982929
3 1598 4013 5240.1414076
2 1599 4014 5241.51643565
3 1600 4015 5242.42116755
4 1601 4019 5245.06908791
3 1602 4021 5248.5278258
4 1603 4026 5258.22460219
3 1604 4030 5259.42116755
2 1605 4031 5262.06908791
1 1606 4032 5263.22460219
2 1607 4033 5272.80917337
3 1608 4035 5272.97736622
4 1609 4039 5280.23158533
3 1610 4045 5289.80917337
2 1611 4046 5289.97736622
1 1612 4047 5291.23158533
2 1613 4048 5296.93811133
3 1614 4052 5300.54808984
4 1615 4054 5300.66336988
5 1616 4056 5308.89338551
6 1617 4059 5312.07575239
5 1618 4062 5313.93811133
6 1619 4064 5321.92793916
7 1620 4067 5326.30881477
6 1621 4069 5326.54808984
5 1622 4070 5326.66336988
4 1623 4072 5330.93811133
5 1624 4080 5336.98680413
4 1625 4082 5337.54808984
3 1626 4083 5338.93811133
4 1627 4084 5340.20822898
3 1628 4086 5340.66336988
4 1629 4089 5345.19163477
5 1630 4095 5349.77719294
4 1631 4096 5351.54808984
3 1632 4098 5357.20822898
2 1633 4099 5359.19163477
3 1634 4100 5359.61086441
2 1635 4107 5368.54808984
3 1636 4108 5370.10599278
2 1637 4110 5376.61086441
3 1638 4111 5385.82121763
2 1639 4115 5396.10599278
1 1640 4118 5405.82121763
2 1641 4119 5417.68953885
3 1642 4121 5422.72143266
4 1643 4123 5423.42629677
5 1644 4125 5426.07209007
6 1645 4127 5428.13712388
5 1646 4136 5442.72143266
6 1647 4138 5445.16495161
5 1648 4140 5446.07209007
4 1649 4141 5446.68953885
5 1650 4144 5448.99352916
4 1651 4146 5449.42629677
3 1652 4149 5456.72143266
4 1653 4151 5459.48789833
5 1654 4153 5464.22041687
4 1655 4157 5466.07209007
5 1656 4161 5472.02267338
4 1657 4167 5477.99352916
3 1658 4168 5478.22041687
2 1659 4169 5479.48789833
1 1660 4171 5489.02267338
2 1661 4172 5497.38591639
3 1662 4176 5502.66638953
2 1663 4178 5511.38591639
3 1664 4181 5523.54621579
4 1665 4184 5524.7780462
3 1666 4185 5528.66638953
4 1667 4189 5531.46391726
3 1668 4191 5534.54621579
2 1669 4194 5546.54621579
1 1670 4195 5551.46391726
2 1671 4196 5572.72097624
3 1672 4198 5576.37185481
4 1673 4202 5584.3322578
5 1674 4206 5587.02417433
4 1675 4210 5589.72097624
3 1676 4211 5593.37185481
2 1677 4214 5604.02417433
1 1678 4215 5604.3322578
2 1679 4216 5607.21119863
3 1680 4218 5607.39482833
4 1681 4221 5610.61194179
5 1682 4225 5622.71372741
6 1683 4227 5623.37675741
5 1684 4231 5624.21119863
4 1685 4232 5627.39482833
5 1686 4233 5629.01311179
4 1687 4235 5630.21119863
5 1688 4238 5631.24170176
4 1689 4246 5639.71372741
5 1690 4247 5639.99953621
6 1691 4249 5641.03835082
5 1692 4251 5643.37675741
4 1693 4252 5645.24170176
3 1694 4253 5646.01311179
4 1695 4260 5656.87875324
3 1696 4262 5657.37675741
2 1697 4263 5662.99953621
3 1698 4266 5667.40865047
4 1699 4268 5667.8738168
5 1700 4270 5670.14841494
6 1701 4273 5671.64918203
5 1702 4274 5675.40865047
4 1703 4276 5676.87875324
5 1704 4282 5684.12150667
4 1705 4284 5684.8738168
3 1706 4289 5690.87875324
4 1707 4290 5690.94476967
3 1708 4294 5692.40865047
4 1709 4295 5700.53026447
3 1710 4297 5701.8738168
2 1711 4298 5701.94476967
3 1712 4301 5707.23358426
4 1713 4303 5708.03748223
3 1714 4305 5708.53026447
4 1715 4306 5710.43885878
3 1716 4313 5715.23358426
4 1717 4314 5715.7424807
5 1718 4316 5718.26475954
6 1719 4321 5724.01672962
5 1720 4324 5724.43885878
6 1721 4328 5726.03497743
5 1722 4330 5729.26475954
6 1723 4331 5729.3033132
7 1724 4334 5729.49259557
6 1725 4335 5729.7424807
7 1726 4341 5730.7565374
6 1727 4343 5731.03748223
5 1728 4344 5734.03497743
6 1729 4347 5735.32791518
5 1730 4349 5737.3033132
4 1731 4350 5738.26475954
3 1732 4351 5744.7565374
2 1733 4352 5746.3033132
3 1734 4353 5746.40897665
4 1735 4359 5755.64737023
3 1736 4361 5758.32791518
2 1737 4362 5760.40897665
1 1738 4366 5766.64737023
2 1739 4368 5772.26049702
3 1740 4372 5789.51781873
4 1741 4374 5789.54113156
5 1742 4376 5792.73065636
4 1743 4377 5798.26049702
3 1744 4385 5809.26049702
2 1745 4386 5809.54113156
3 1746 4387 5810.62752238
4 1747 4389 5814.55467486
5 1748 4392 5818.09036695
4 1749 4393 5818.51781873
5 1750 4396 5825.89408461
6 1751 4398 5826.75838392
7 1752 4399 5827.3393023
6 1753 4406 5830.62752238
5 1754 4407 5836.89408461
4 1755 4409 5837.55467486
5 1756 4411 5840.07923
4 1757 4415 5843.55467486
3 1758 4418 5850.89408461
2 1759 4419 5853.62752238
1 1760 4420 5853.89408461
2 1761 4421 5857.19470573
3 1762 4424 5863.98633913
4 1763 4428 5864.23543226
5 1764 4430 5867.42946168
4 1765 4432 5868.19470573
3 1766 4436 5871.19470573
2 1767 4439 5872.23543226
1 1768 4440 5878.42946168
2 1769 4441 5887.28141836
3 1770 4443 5894.70399585
4 1771 4445 5895.92493008
3 1772 4451 5907.28141836
4 1773 4454 5909.60128726
3 1774 4456 5911.70399585
4 1775 4457 5912.30135145
3 1776 4459 5912.92493008
4 1777 4462 5918.75800866
5 1778 4466 5921.73492264
6 1779 4470 5924.04650122
7 1780 4471 5924.60599301
8 1781 4472 5929.07742489
7 1782 4474 5929.30135145
6 1783 4476 5929.60128726
5 1784 4478 5929.75800866
6 1785 4479 5930.03720593
7 1786 4480 5930.88557496
6 1787 4488 5940.75800866
5 1788 4492 5944.73492264
6 1789 4493 5947.50961191
7 1790 4496 5949.13082449
6 1791 4498 5949.60128726
7 1792 4499 5950.55701719
6 1793 4503 5951.75800866
5 1794 4504 5952.30135145
6 1795 4508 5954.94268235
7 1796 4509 5955.23433997
6 1797 4510 5957.60128726
5 1798 4513 5958.73492264
4 1799 4518 5962.75800866
3 1800 4521 5966.30135145
2 1801 4522 5968.60128726
1 1802 4527 5972.73492264
2 1803 4528 5973.02320405
3 1804 4533 5978.39739421
4 1805 4535 5979.14470506
3 1806 4537 5987.02320405
4 1807 4542 5992.73525759
5 1808 4546 5994.22386286
4 1809 4548 5997.73525759
5 1810 4550 5998.07016662
4 1811 4554 6001.39739421
3 1812 4555 6002.14470506
2 1813 4556 6005.22386286
1 1814 4557 6011.22386286
2 1815 4558 6011.68413151
1 1816 4562 6025.68413151
2 1817 4563 6027.90198293
3 1818 4565 6030.82158747
4 1819 4571 6039.06175227
3 1820 4573 6041.82158747
2 1821 4574 6041.90198293
3 1822 4577 6050.78665063
2 1823 4579 6053.06175227
3 1824 4580 6053.54048189
4 1825 4584 6056.92892863
3 1826 4586 6058.54048189
4 1827 4588 6060.00207025
3 1828 4594 6067.78665063
2 1829 4595 6067.92892863
1 1830 4596 6070.92892863
2 1831 4597 6085.74225753
3 1832 4600 6089.31777151
4 1833 4604 6093.26899784
3 1834 4606 6099.74225753
2 1835 4609 6102.74225753
1 1836 4610 6104.26899784
2 1837 4613 6113.99440304
3 1838 4617 6124.83668138
4 1839 4620 6125.48689206
5 1840 4621 6129.06176806
6 1841 4623 6133.79929965
5 1842 4625 6133.99440304
4 1843 4633 6141.83668138
3 1844 4634 6147.83668138
2 1845 4635 6147.99440304
3 1846 4636 6148.63654927
2 1847 4638 6149.06176806
3 1848 4639 6154.2395332
4 1849 4642 6154.94146528
3 1850 4646 6159.63654927
4 1851 4647 6163.10346265
5 1852 4651 6164.34886201
4 1853 4653 6165.63654927
3 1854 4654 6168.2395332
2 1855 4659 6175.34886201
1 1856 4660 6180.10346265
2 1857 4661 6181.62021364
3 1858 4665 6189.23163991
4 1859 4667 6193.11768723
3 1860 4674 6201.11768723
2 1861 4675 6204.62021364
3 1862 4677 6206.03781528
2 1863 4680 6209.23163991
3 1864 4681 6211.13188442
4 1865 4684 6214.09474829
3 1866 4685 6217.03781528
4 1867 4686 6221.45976857
5 1868 4688 6223.62394358
6 1869 4693 6226.08727528
5 1870 4697 6231.13188442
4 1871 4698 6232.45976857
5 1872 4699 6233.07704074
4 1873 4703 6234.13188442
3 1874 4708 6240.62394358
4 1875 4709 6242.47483699
3 1876 4711 6244.07704074
2 1877 4712 6246.08727528
3 1878 4713 6246.34534467
4 1879 4715 6246.37132745
5 1880 4717 6246.72760982
6 1881 4721 6250.03661584
7 1882 4724 6254.36925731
6 1883 4726 6256.47483699
5 1884 4732 6260.34534467
6 1885 4735 6261.36452633
5 1886 4739 6266.37132745
4 1887 4740 6266.72760982
5 1888 4741 6267.7759743
4 1889 4743 6271.34534467
3 1890 4745 6273.47483699
2 1891 4751 6283.37132745
1 1892 4752 6284.7759743
2 1893 4753 6287.7071432
3 1894 4757 6301.65596022
4 1895 4759 6304.14976642
3 1896 4761 6307.7071432
4 1897 4764 6308.21241097
5 1898 4768 6315.15235947
6 1899 4773 6320.70385754
5 1900 4775 6321.14976642
4 1901 4776 6321.65596022
3 1902 4777 6325.21241097
2 1903 4782 6335.14976642
3 1904 4783 6337.52232725
4 1905 4785 6341.22170579
3 1906 4787 6344.26899784
2 1907 4792 6361.22170579
1 1908 4793 6363.52232725
2 1909 4794 6373.61023149
3 1910 4796 6376.2026731
2 1911 4802 6384.2026731
3 1912 4803 6385.10239874
4 1913 4805 6389.04097723
5 1914 4807 6391.88732126
6 1915 4809 6393.34302783
7 1916 4810 6394.74898943
6 1917 4811 6396.61023149
7 1918 4817 6398.16007985
6 1919 4823 6402.10239874
7 1920 4824 6403.73731382
8 1921 4825 6404.11911729
7 1922 4827 6406.04097723
6 1923 4829 6407.61023149
5 1924 4831 6408.88732126
4 1925 4838 6419.10239874
3 1926 4839 6421.61023149
2 1927 4842 6426.04097723
3 1928 4843 6429.92122559
4 1929 4845 6438.7114544
5 1930 4847 6439.26531723
6 1931 4852 6443.80880089
5 1932 4853 6443.88732126
6 1933 4858 6446.87176133
5 1934 4859 6449.92122559
4 1935 4864 6456.26531723
5 1936 4865 6458.44432315
4 1937 4867 6458.7114544
3 1938 4868 6458.92122559
4 1939 4869 6459.69126289
5 1940 4872 6460.64193567
6 1941 4873 6463.09623606
5 1942 4877 6467.69126289
4 1943 4881 6470.69126289
3 1944 4886 6475.7114544
2 1945 4887 6481.69126289
1 1946 4888 6482.26531723
2 1947 4889 6483.41417886
3 1948 4891 6483.48114255
4 1949 4895 6484.50939669
5 1950 4898 6486.01993932
6 1951 4904 6489.80005766
5 1952 4905 6492.50939669
4 1953 4909 6494.48114255
3 1954 4910 6500.01993932
2 1955 4911 6500.41417886
3 1956 4914 6504.90664389
2 1957 4916 6509.50939669
1 1958 4919 6515.90664389
2 1959 4920 6519.50391109
3 1960 4922 6526.22104661
4 1961 4928 6538.63351268
5 1962 4930 6540.08787396
4 1963 4932 6540.22104661
3 1964 4933 6542.50391109
4 1965 4937 6544.3843679
5 1966 4939 6544.5484698
4 1967 4941 6546.63351268
5 1968 4947 6551.59171311
4 1969 4949 6555.3843679
3 1970 4952 6560.08787396
4 1971 4953 6563.38398486
5 1972 4957 6568.87312588
4 1973 4958 6569.63351268
5 1974 4961 6571.21433805
4 1975 4962 6572.3843679
5 1976 4968 6577.51587157
6 1977 4972 6578.84159937
5 1978 4974 6580.38398486
6 1979 4976 6580.75898256
5 1980 4977 6583.63351268
4 1981 4978 6588.51587157
3 1982 4979 6589.38398486
4 1983 4980 6590.28682217
3 1984 4987 6595.28682217
2 1985 4988 6597.38398486
1 1986 4989 6603.38398486
2 1987 4990 6605.41188949
3 1988 4995 6614.52634246
2 1989 4996 6619.41188949
3 1990 4999 6628.80741979
2 1991 5001 6631.52634246
3 1992 5002 6636.95128635
4 1993 5008 6645.01544826
5 1994 5010 6645.36957915
6 1995 5013 6647.49131965
5 1996 5015 6651.80741979
4 1997 5017 6653.95128635
3 1998 5020 6656.01544826
2 1999 5021 6659.80741979
1 2000 5025 6673.95128635
0 2001 5029 6710.17113373
0 2002 5030 6771.50391109
