#data counter step time
0 1 0 0.0
1 2 1 0.0
2 3 7 3.42779750361
3 4 8 12.0168087655
4 5 9 12.6715718276
5 6 10 22.6208044254
6 7 11 22.7782397881
7 8 12 25.4011391569
8 9 13 30.12347542
9 10 14 30.6432423421
10 11 15 35.9629178081
11 12 16 41.1576369299
12 13 17 46.0157569428
13 14 18 54.3143242861
14 15 19 58.5333261352
15 16 20 58.9454094708
16 17 21 64.5484076931
17 18 22 65.366931629
18 19 23 76.3801924091
19 20 24 76.6970529157
20 21 25 79.5275807862
21 22 26 81.2084077926
22 23 27 81.7241652595
23 24 28 83.5468601234
24 25 29 84.0978087831
25 26 30 93.6806369868
26 27 31 93.9004797199
27 28 32 98.9258289455
28 29 33 101.803287954
29 30 34 102.613516661
30 31 35 105.813078263
31 32 36 111.315948488
32 33 37 115.428957363
33 34 38 117.660851226
34 35 39 125.10203026
35 36 40 130.546131403
36 37 41 133.22755564
37 38 42 135.866800811
38 39 43 137.301636942
39 40 44 171.517251791
40 41 45 173.244357688
41 42 46 173.920176242
42 43 47 180.037348768
43 44 48 180.845583958
44 45 49 200.640021025
45 46 50 201.994284543
46 47 51 214.949534235
47 48 52 217.413470824
48 49 53 225.43970001
49 50 54 229.016653623
50 51 55 234.56577768
51 52 56 237.128349254
52 53 57 246.006654477
53 54 58 247.389858978
54 55 59 247.662114304
55 56 60 249.721320807
56 57 61 251.018372927
57 58 62 251.745912732
58 59 63 255.650582369
59 60 64 279.933142209
60 61 65 290.024783255
61 62 66 290.631663255
62 63 67 294.652974032
63 64 68 312.207237309
64 65 69 316.217190541
65 66 70 318.428322387
66 67 71 320.69085883
67 68 72 327.432653402
68 69 73 332.068702448
69 70 74 335.642951976
70 71 75 341.538264055
71 72 76 341.727127326
72 73 77 342.814845926
73 74 78 348.629931507
74 75 79 348.923388861
75 76 80 350.86389078
76 77 81 352.741391154
77 78 82 356.019003937
78 79 83 358.465515791
79 80 84 361.874623523
80 81 85 367.612342951
81 82 86 368.275000807
82 83 87 376.881924968
83 84 88 382.168457192
84 85 89 395.51502419
85 86 90 397.072532249
86 87 91 398.046896847
87 88 92 408.343229182
88 89 93 410.056221102
89 90 94 418.287055117
90 91 95 444.204342605
91 92 96 455.693899297
92 93 97 472.948362937
93 94 98 477.04912723
94 95 99 483.958009122
95 96 100 496.174960782
96 97 101 497.230667779
97 98 102 498.310766514
98 99 103 500.90268338
99 100 104 513.225984712
100 101 105 527.597868362
101 102 106 532.950298298
102 103 107 538.935739739
103 104 108 540.329072146
104 105 109 548.200254415
105 106 110 555.398702787
106 107 111 558.170327969
107 108 112 578.282609631
108 109 113 587.878121365
109 110 114 594.668133241
110 111 115 600.172577636
111 112 116 601.629503337
112 113 117 608.66410577
113 114 118 610.567026618
114 115 119 614.938032778
115 116 120 631.265484833
116 117 121 637.206515379
117 118 122 641.093202722
118 119 123 650.475359839
119 120 124 660.58914535
120 121 125 663.838072994
121 122 126 664.493430612
122 123 127 665.395892564
123 124 128 695.708535937
124 125 129 705.523645128
125 126 130 705.836730837
126 127 131 708.325889994
127 128 132 711.94861093
128 129 133 718.961187486
129 130 134 733.138832091
130 131 135 740.714164297
131 132 136 743.003634321
132 133 137 751.982222006
133 134 138 757.270675961
134 135 139 757.637083453
135 136 140 761.705930244
136 137 141 762.604996638
137 138 142 767.849872263
138 139 143 769.732684604
139 140 144 773.756940966
140 141 145 800.204730886
141 142 146 805.61308536
142 143 147 809.431252324
143 144 148 809.649932038
144 145 149 817.809804476
145 146 150 823.830352897
146 147 151 824.820802038
147 148 152 831.486869265
148 149 153 838.649731278
149 150 154 848.556894846
150 151 155 848.859552218
151 152 156 851.49896199
152 153 157 855.76832349
153 154 158 856.537417276
154 155 159 863.856631124
155 156 160 877.405665668
156 157 161 881.496907324
157 158 162 889.162377873
158 159 163 899.791117999
159 160 164 901.199943268
160 161 165 902.877495781
161 162 166 910.531595017
162 163 167 918.645349304
163 164 168 920.556659188
164 165 169 923.044648482
165 166 170 926.395213743
166 167 171 941.769404238
167 168 172 958.642609564
168 169 173 963.771565837
169 170 174 964.988308707
170 171 175 965.730487813
171 172 176 968.613755
172 173 177 974.630592611
173 174 178 977.480212466
174 175 179 983.091405301
175 176 180 983.206832169
176 177 181 983.687726871
177 178 182 984.05333694
178 179 183 989.571867625
179 180 184 998.047564735
180 181 185 1003.30444292
181 182 186 1039.90559479
182 183 187 1048.30527609
183 184 188 1051.95132197
184 185 189 1059.23254785
185 186 190 1070.54510583
186 187 191 1089.77475834
187 188 192 1090.89478906
188 189 193 1093.5093386
189 190 194 1096.25833575
190 191 195 1099.19177896
191 192 196 1100.17729376
192 193 197 1120.1764421
193 194 198 1125.34982982
194 195 199 1137.31565226
195 196 200 1141.89014246
196 197 201 1151.28999855
197 198 202 1159.57065124
198 199 203 1163.2999369
199 200 204 1163.91018035
200 201 205 1165.04624069
201 202 206 1167.46221633
202 203 207 1168.24148515
203 204 208 1171.70279289
204 205 209 1205.39789267
205 206 210 1205.43409617
206 207 211 1211.11730503
207 208 212 1221.38350478
208 209 213 1239.38495238
209 210 214 1243.38076942
210 211 215 1253.22870372
211 212 216 1253.41663543
212 213 217 1267.50257603
213 214 218 1277.22433282
214 215 219 1282.58931549
215 216 220 1291.67189244
216 217 221 1294.22695551
217 218 222 1308.33363942
218 219 223 1309.13467658
219 220 224 1327.43749239
220 221 225 1337.91934159
221 222 226 1357.04272042
222 223 227 1373.93514487
223 224 228 1377.52337217
224 225 229 1378.46188755
225 226 230 1389.95175087
226 227 231 1390.38279508
227 228 232 1392.13131776
228 229 233 1397.42139359
229 230 234 1412.89658378
230 231 235 1414.96346071
231 232 236 1417.52706016
232 233 237 1422.07833337
233 234 238 1424.27045611
234 235 239 1445.36196669
235 236 240 1448.0732187
236 237 241 1451.05252783
237 238 242 1452.09401083
238 239 243 1458.88582885
239 240 244 1460.41918075
240 241 245 1460.56580679
241 242 246 1471.94508932
242 243 247 1480.53800507
243 244 248 1491.67357439
244 245 249 1502.44678558
245 246 250 1508.06677357
246 247 251 1513.55887723
247 248 252 1519.20967401
248 249 253 1533.82023441
249 250 254 1537.28451033
250 251 255 1541.09933107
251 252 256 1543.33114138
252 253 257 1548.25480987
253 254 258 1568.5314138
254 255 259 1607.17603768
255 256 260 1611.2256435
256 257 261 1621.72001979
257 258 262 1626.5033132
258 259 263 1628.89220702
259 260 264 1635.83923438
260 261 265 1649.14601843
261 262 266 1654.53916116
262 263 267 1657.87864378
263 264 268 1658.04539632
264 265 269 1659.03637
265 266 270 1668.74462968
266 267 271 1675.03667238
267 268 272 1689.12400772
268 269 273 1690.56110239
269 270 274 1696.16200585
270 271 275 1708.34236534
271 272 276 1710.57568379
272 273 277 1712.34000414
273 274 278 1712.58519602
274 275 279 1732.30396171
275 276 280 1734.1010032
276 277 281 1755.7568557
277 278 282 1762.40573708
278 279 283 1770.38590438
279 280 284 1774.03505112
280 281 285 1775.3291398
281 282 286 1800.35195434
282 283 287 1807.63270623
283 284 288 1811.21473591
284 285 289 1811.39315053
285 286 290 1818.38871837
286 287 291 1832.58271427
287 288 292 1838.959382
288 289 293 1841.87808282
289 290 294 1843.72861642
290 291 295 1844.97147714
291 292 296 1851.7254147
292 293 297 1858.30632016
293 294 298 1859.50497899
294 295 299 1861.19819199
295 296 300 1862.93490705
296 297 301 1871.2264231
297 298 302 1873.99663757
298 299 303 1880.3081141
299 300 304 1896.46011594
300 301 305 1902.61353213
301 302 306 1907.27920309
302 303 307 1912.32801569
303 304 308 1913.04626972
304 305 309 1918.11407738
305 306 310 1922.73059657
306 307 311 1935.57005459
307 308 312 1953.83903484
308 309 313 1955.77520234
309 310 314 1956.50276486
310 311 315 1961.05071087
311 312 316 1961.37061977
312 313 317 1968.15291556
313 314 318 1973.22026135
314 315 319 1993.86830168
315 316 320 2013.89242663
316 317 321 2021.93125894
317 318 322 2041.55640418
318 319 323 2051.44447858
319 320 324 2052.2532551
320 321 325 2053.3537128
321 322 326 2061.92482936
322 323 327 2068.40499738
323 324 328 2079.8292788
324 325 329 2082.29399508
325 326 330 2082.65277086
326 327 331 2085.23160429
327 328 332 2090.26622915
328 329 333 2092.96946445
329 330 334 2111.13360342
330 331 335 2127.03328352
331 332 336 2135.35902556
332 333 337 2136.70301093
333 334 338 2146.69464378
334 335 339 2146.96260464
335 336 340 2163.68395865
336 337 341 2168.14670825
337 338 342 2188.51460937
338 339 343 2188.69900913
339 340 344 2190.722725
340 341 345 2195.79488668
341 342 346 2202.3247783
342 343 347 2202.73654118
343 344 348 2213.88993872
344 345 349 2216.04137738
345 346 350 2217.17370902
346 347 351 2220.66244615
347 348 352 2241.50140567
348 349 353 2247.8264609
349 350 354 2249.12139863
350 351 355 2257.93802634
351 352 356 2271.9778298
352 353 357 2277.75851069
353 354 358 2286.21885041
354 355 359 2293.41795307
355 356 360 2308.79601283
356 357 361 2324.05555254
357 358 362 2331.70553665
358 359 363 2335.21322135
359 360 364 2336.32732515
360 361 365 2345.31681926
361 362 366 2353.45499572
362 363 367 2357.64678011
363 364 368 2363.99013377
364 365 369 2364.05490882
365 366 370 2372.25171012
366 367 371 2389.53791774
367 368 372 2394.2598922
368 369 373 2400.85126164
369 370 374 2429.34814658
370 371 375 2429.6414234
371 372 376 2441.05689177
372 373 377 2443.32393514
373 374 378 2451.33100277
374 375 379 2465.86000412
375 376 380 2466.95587666
376 377 381 2488.30565807
377 378 382 2494.82720782
378 379 383 2495.98444683
379 380 384 2496.49139635
380 381 385 2506.24924857
381 382 386 2514.58621081
382 383 387 2516.96076247
383 384 388 2520.74061681
384 385 389 2525.63599085
385 386 390 2537.97866015
386 387 391 2544.00647392
387 388 392 2549.41138063
388 389 393 2555.14783732
389 390 394 2564.4033523
390 391 395 2572.92677566
391 392 396 2574.52994637
392 393 397 2580.8844529
393 394 398 2593.84424867
394 395 399 2614.83666765
395 396 400 2620.65169967
396 397 401 2649.47067801
397 398 402 2651.4755833
398 399 403 2657.56181687
399 400 404 2672.68653742
400 401 405 2679.7669894
401 402 406 2682.75649309
402 403 407 2687.74075488
403 404 408 2692.60490635
404 405 409 2692.83698928
405 406 410 2694.4504741
406 407 411 2716.74310411
407 408 412 2726.69646479
408 409 413 2729.77190562
409 410 414 2736.32070068
410 411 415 2753.91179499
411 412 416 2755.0637923
412 413 417 2755.1007042
413 414 418 2757.87636817
414 415 419 2764.85818569
415 416 420 2773.52628344
416 417 421 2785.0901005
417 418 422 2787.17658301
418 419 423 2790.50064152
419 420 424 2795.05247854
420 421 425 2832.09561778
421 422 426 2834.16182942
422 423 427 2834.8082383
423 424 428 2844.26471459
424 425 429 2848.68935873
425 426 430 2856.91751029
426 427 431 2856.97737301
427 428 432 2861.58436066
428 429 433 2873.86513238
429 430 434 2887.72032048
430 431 435 2899.17481786
431 432 436 2899.5394062
432 433 437 2900.5040775
433 434 438 2909.66118033
434 435 439 2911.53175436
435 436 440 2913.47216338
436 437 441 2913.95803668
437 438 442 2921.44027421
438 439 443 2924.58380247
439 440 444 2924.61507281
440 441 445 2926.62446136
441 442 446 2944.61855844
442 443 447 2946.05389583
443 444 448 2946.11384223
444 445 449 2954.29960752
445 446 450 2964.20956446
446 447 451 2971.07409306
447 448 452 2971.29770295
448 449 453 2978.72510723
449 450 454 2979.92577003
450 451 455 2983.64725292
451 452 456 2996.92156206
452 453 457 2999.77076313
453 454 458 3014.00954926
454 455 459 3014.534708
455 456 460 3014.94028786
456 457 461 3016.59110148
457 458 462 3019.56734262
458 459 463 3021.14153844
459 460 464 3023.2728701
460 461 465 3028.12494368
461 462 466 3031.13150482
462 463 467 3045.18449137
463 464 468 3052.06554847
464 465 469 3067.32447305
465 466 470 3072.27742976
466 467 471 3073.04402712
467 468 472 3073.60556554
468 469 473 3075.17546446
469 470 474 3084.40887573
470 471 475 3094.17494127
471 472 476 3098.96809305
472 473 477 3102.4089677
473 474 478 3105.50818007
474 475 479 3107.32886864
475 476 480 3109.20541862
476 477 481 3115.10297171
477 478 482 3118.08660707
478 479 483 3118.78114169
479 480 484 3146.54305912
480 481 485 3149.30933269
481 482 486 3149.79716885
482 483 487 3151.73734714
483 484 488 3158.52082623
484 485 489 3164.81534744
485 486 490 3167.28445501
486 487 491 3174.80866517
487 488 492 3183.63310792
488 489 493 3184.58398704
489 490 494 3194.03048983
490 491 495 3197.22595048
491 492 496 3198.53081356
492 493 497 3200.35848328
493 494 498 3206.21125813
494 495 499 3212.74806027
495 496 500 3218.84450775
496 497 501 3220.48735848
497 498 502 3229.42584597
498 499 503 3230.35658154
499 500 504 3242.86249193
500 501 505 3250.95827614
501 502 506 3261.79354657
502 503 507 3268.02762036
503 504 508 3278.09207726
504 505 509 3296.35875803
505 506 510 3310.20940349
506 507 511 3313.38734876
507 508 512 3327.05979584
508 509 513 3327.45665285
509 510 514 3333.74681606
510 511 515 3333.98036134
511 512 516 3343.46046884
512 513 517 3359.59577156
513 514 518 3371.73391234
514 515 519 3371.97067466
515 516 520 3377.3014052
516 517 521 3377.75173921
517 518 522 3382.92538893
518 519 523 3383.90487906
519 520 524 3399.19187911
520 521 525 3407.95011669
521 522 526 3411.56810301
522 523 527 3420.34381962
523 524 528 3422.41182278
524 525 529 3425.75647279
525 526 530 3440.92246993
526 527 531 3444.94937086
527 528 532 3451.40472023
528 529 533 3452.16338478
529 530 534 3454.76500741
530 531 535 3457.81117023
531 532 536 3458.61229793
532 533 537 3459.59495372
533 534 538 3469.08181505
534 535 539 3469.24348721
535 536 540 3477.35241245
536 537 541 3484.16503271
537 538 542 3484.95181484
538 539 543 3486.21510937
539 540 544 3487.30322781
540 541 545 3491.10303909
541 542 546 3511.63688867
542 543 547 3519.60826976
543 544 548 3528.08015559
544 545 549 3540.55517751
545 546 550 3548.40857838
546 547 551 3561.71145489
547 548 552 3563.26827037
548 549 553 3572.78238094
549 550 554 3578.58766549
550 551 555 3586.9641183
551 552 556 3596.46747006
552 553 557 3596.817593
553 554 558 3605.64537596
554 555 559 3608.81158435
555 556 560 3613.89832802
556 557 561 3623.5022786
557 558 562 3631.32320406
558 559 563 3637.00504893
559 560 564 3639.57721283
560 561 565 3640.56591221
561 562 566 3652.99889668
562 563 567 3654.96930297
563 564 568 3657.09114554
564 565 569 3658.46536082
565 566 570 3666.18805809
566 567 571 3668.81107195
567 568 572 3676.87684479
568 569 573 3678.93140663
569 570 574 3685.15129791
570 571 575 3693.97168433
571 572 576 3697.45418021
572 573 577 3704.48229605
573 574 578 3709.83361376
574 575 579 3712.57252244
575 576 580 3717.95104454
576 577 581 3743.04204373
577 578 582 3751.7230993
578 579 583 3760.43511047
579 580 584 3778.53347849
580 581 585 3793.12975002
581 582 586 3796.01942512
582 583 587 3796.29695038
583 584 588 3816.76315759
584 585 589 3825.72086063
585 586 590 3836.76866732
586 587 591 3846.05379651
587 588 592 3848.84995678
588 589 593 3854.52565473
589 590 594 3862.8716579
590 591 595 3874.69320794
591 592 596 3875.91723398
592 593 597 3878.62476868
593 594 598 3879.6015279
594 595 599 3905.14089216
595 596 600 3909.048053
596 597 601 3913.19958139
597 598 602 3916.98861165
598 599 603 3923.17673316
599 600 604 3924.35367466
600 601 605 3930.41959287
601 602 606 3932.9846275
602 603 607 3952.8348541
603 604 608 3956.78554821
604 605 609 3958.40184687
605 606 610 3963.19273907
606 607 611 3969.84435546
607 608 612 3971.67304046
608 609 613 3976.60700028
609 610 614 3979.21462343
610 611 615 3984.85960399
611 612 616 3991.11757649
612 613 617 3994.29793328
613 614 618 4001.03055254
614 615 619 4001.58228207
615 616 620 4007.15726351
616 617 621 4013.24720472
617 618 622 4020.16918427
618 619 623 4025.4151426
619 620 624 4029.87946248
620 621 625 4054.72817205
621 622 626 4055.41106683
622 623 627 4062.21582656
623 624 628 4086.56689811
624 625 629 4089.33308189
625 626 630 4106.35422575
626 627 631 4107.16704344
627 628 632 4108.12567378
628 629 633 4114.56291997
629 630 634 4124.01958209
630 631 635 4130.10865599
631 632 636 4139.87924872
632 633 637 4140.99797567
633 634 638 4146.43473485
634 635 639 4147.54819905
635 636 640 4150.74994206
636 637 641 4171.37108067
637 638 642 4183.97173024
638 639 643 4185.4434228
639 640 644 4189.10006601
640 641 645 4189.63887922
641 642 646 4197.62967743
642 643 647 4202.5158306
643 644 648 4210.45580903
644 645 649 4218.32198904
645 646 650 4228.50218071
646 647 651 4228.6328939
647 648 652 4237.09480225
648 649 653 4246.98551282
649 650 654 4253.55775359
650 651 655 4253.68711796
651 652 656 4257.09529452
652 653 657 4258.35077209
653 654 658 4273.85652168
654 655 659 4287.0001474
655 656 660 4294.99663786
656 657 661 4307.6345723
657 658 662 4311.2767795
658 659 663 4311.78506306
659 660 664 4325.41404706
660 661 665 4337.86920398
661 662 666 4356.33632738
662 663 667 4358.70983347
663 664 668 4364.69787277
664 665 669 4377.60985981
665 666 670 4383.13597313
666 667 671 4383.55002022
667 668 672 4385.03031416
668 669 673 4393.83038784
669 670 674 4402.47429325
670 671 675 4403.55617882
671 672 676 4404.52965591
672 673 677 4417.69276844
673 674 678 4423.20058116
674 675 679 4439.34201456
675 676 680 4441.00373947
676 677 681 4449.90030398
677 678 682 4452.71697952
678 679 683 4456.40218392
679 680 684 4461.05106234
680 681 685 4465.81167256
681 682 686 4469.09318889
682 683 687 4471.55861326
683 684 688 4473.77457035
684 685 689 4502.01813672
685 686 690 4514.09802759
686 687 691 4514.49248606
687 688 692 4533.03257102
688 689 693 4546.31481991
689 690 694 4546.95610321
690 691 695 4547.49093804
691 692 696 4551.9395779
692 693 697 4561.23598225
693 694 698 4564.76456574
694 695 699 4565.95206289
695 696 700 4576.44940549
696 697 701 4576.89043911
697 698 702 4585.16875519
698 699 703 4593.77992578
699 700 704 4598.32892828
700 701 705 4601.64921181
701 702 706 4610.31280525
702 703 707 4618.89634053
703 704 708 4621.09434611
704 705 709 4627.09429196
705 706 710 4627.53147855
706 707 711 4634.98418404
707 708 712 4635.47815537
708 709 713 4640.89141152
709 710 714 4657.61365189
710 711 715 4665.03277515
711 712 716 4667.4617317
712 713 717 4678.00096766
713 714 718 4695.76900896
714 715 719 4709.65386568
715 716 720 4711.22376585
716 717 721 4720.52345231
717 718 722 4724.71033919
718 719 723 4724.96912693
719 720 724 4735.54561353
720 721 725 4737.54087463
721 722 726 4744.53675689
722 723 727 4745.68439055
723 724 728 4755.99644186
724 725 729 4763.98182703
725 726 730 4767.36114873
726 727 731 4772.7753669
727 728 732 4806.25946558
728 729 733 4810.72163989
729 730 734 4812.30760028
730 731 735 4818.18419569
731 732 736 4823.15969463
732 733 737 4823.59281608
733 734 738 4824.41155087
734 735 739 4826.56472965
735 736 740 4829.16149511
736 737 741 4829.85917092
737 738 742 4830.46362095
738 739 743 4844.81387069
739 740 744 4846.20186846
740 741 745 4857.59628105
741 742 746 4864.81391431
742 743 747 4874.11047887
743 744 748 4878.8867009
744 745 749 4885.168076
745 746 750 4888.67055704
746 747 751 4892.28620968
747 748 752 4894.85127402
748 749 753 4942.19301634
749 750 754 4949.26287368
750 751 755 4950.08373044
751 752 756 4978.13002999
752 753 757 4981.77847863
753 754 758 4982.94517953
754 755 759 4983.14172317
755 756 760 4996.80455248
756 757 761 5013.74720964
757 758 762 5018.42754293
758 759 763 5030.72291202
759 760 764 5039.34399926
760 761 765 5042.41846386
761 762 766 5042.94910824
762 763 767 5053.0002978
763 764 768 5057.8784316
764 765 769 5087.00502469
765 766 770 5091.36606006
766 767 771 5105.39159472
767 768 772 5106.64317442
768 769 773 5117.15545401
769 770 774 5131.11976829
770 771 775 5132.22890136
771 772 776 5133.52402784
772 773 777 5134.39600793
773 774 778 5134.45520307
774 775 779 5146.6258034
775 776 780 5149.07271617
776 777 781 5149.75502004
777 778 782 5152.13602168
778 779 783 5162.1974987
779 780 784 5164.30476814
780 781 785 5169.26232368
781 782 786 5175.64799795
782 783 787 5176.13204037
783 784 788 5179.56105451
784 785 789 5184.94186692
785 786 790 5190.29632064
786 787 791 5204.17800203
787 788 792 5205.72277338
788 789 793 5216.1239972
789 790 794 5219.28197148
790 791 795 5226.26870504
791 792 796 5226.78349074
792 793 797 5253.31827412
793 794 798 5262.32594733
794 795 799 5268.58953734
795 796 800 5284.96003205
796 797 801 5325.50907416
797 798 802 5329.56816905
798 799 803 5339.9598267
799 800 804 5342.26627733
800 801 805 5365.03251189
801 802 806 5384.09385938
802 803 807 5400.62090874
803 804 808 5409.08104894
804 805 809 5413.9560973
805 806 810 5415.87586004
806 807 811 5417.72853359
807 808 812 5419.57798808
808 809 813 5420.40018676
809 810 814 5442.40881762
810 811 815 5449.52838132
811 812 816 5452.53521507
812 813 817 5455.05836912
813 814 818 5455.63764559
814 815 819 5456.14940279
815 816 820 5475.48376923
816 817 821 5493.31535911
817 818 822 5493.74224764
818 819 823 5497.76810243
819 820 824 5499.09433092
820 821 825 5501.28899382
821 822 826 5506.64082455
822 823 827 5523.11983719
823 824 828 5527.17919432
824 825 829 5528.24358565
825 826 830 5537.41875559
826 827 831 5547.63195707
827 828 832 5548.30493417
828 829 833 5549.42076389
829 830 834 5552.89212757
830 831 835 5553.09680181
831 832 836 5560.40246377
832 833 837 5564.45747143
833 834 838 5565.88683321
834 835 839 5581.60591016
835 836 840 5598.26502741
836 837 841 5603.70782001
837 838 842 5617.5419146
838 839 843 5618.38203005
839 840 844 5625.6772637
840 841 845 5632.81603915
841 842 846 5664.15949305
842 843 847 5673.59153633
843 844 848 5678.42014152
844 845 849 5688.44234898
845 846 850 5690.48648159
846 847 851 5693.24145617
847 848 852 5695.61404392
848 849 853 5720.14257556
849 850 854 5738.46352781
850 851 855 5747.71809633
851 852 856 5748.59958192
852 853 857 5766.29745608
853 854 858 5769.69119922
854 855 859 5772.86190886
855 856 860 5778.49558613
856 857 861 5781.77263202
857 858 862 5785.58577779
858 859 863 5801.38201721
859 860 864 5804.18590931
860 861 865 5806.98635919
861 862 866 5814.17685462
862 863 867 5819.11860114
863 864 868 5826.54528569
864 865 869 5832.17158761
865 866 870 5835.61726999
866 867 871 5841.49493737
867 868 872 5848.38953619
868 869 873 5848.72381281
869 870 874 5870.43591954
870 871 875 5871.73089829
871 872 876 5883.09357007
872 873 877 5883.71754111
873 874 878 5889.24377391
874 875 879 5890.66637268
875 876 880 5892.09100787
876 877 881 5894.69513527
877 878 882 5901.28244817
878 879 883 5902.6117409
879 880 884 5908.49027869
880 881 885 5913.85103774
881 882 886 5941.39642621
882 883 887 5947.20195827
883 884 888 5971.81264724
884 885 889 5973.3146223
885 886 890 5975.39056272
886 887 891 5975.4401086
887 888 892 5987.22625738
888 889 893 6003.79202063
889 890 894 6022.07301623
890 891 895 6023.74996577
891 892 896 6028.43925098
892 893 897 6028.44158305
893 894 898 6041.1073296
894 895 899 6066.30675974
895 896 900 6067.04185031
896 897 901 6070.74012537
897 898 902 6074.14343956
898 899 903 6086.18102479
899 900 904 6090.98320826
900 901 905 6095.27445759
901 902 906 6095.92937632
902 903 907 6096.84415919
903 904 908 6122.00266839
904 905 909 6130.27720331
905 906 910 6152.8590556
906 907 911 6154.87075841
907 908 912 6156.64090431
908 909 913 6158.66997907
909 910 914 6162.86443289
910 911 915 6164.30341473
911 912 916 6167.57247599
912 913 917 6168.62327965
913 914 918 6175.43298593
914 915 919 6179.63562098
915 916 920 6180.80521812
916 917 921 6181.75150119
917 918 922 6191.00279748
918 919 923 6191.41990316
919 920 924 6194.94730586
920 921 925 6198.51614654
921 922 926 6205.05822387
922 923 927 6210.92838886
923 924 928 6222.08148543
924 925 929 6223.02819157
925 926 930 6230.45819994
926 927 931 6233.03753227
927 928 932 6236.23987031
928 929 933 6250.41738492
929 930 934 6257.22309639
930 931 935 6269.42697135
931 932 936 6281.86865278
932 933 937 6289.16669793
933 934 938 6289.36332007
934 935 939 6289.7857332
935 936 940 6306.267119
936 937 941 6328.38136935
937 938 942 6332.99511455
938 939 943 6335.96962005
939 940 944 6339.58202267
940 941 945 6345.14836177
941 942 946 6346.29583463
942 943 947 6350.24729004
943 944 948 6352.38599722
944 945 949 6375.4865125
945 946 950 6377.84151614
946 947 951 6403.3106507
947 948 952 6408.32234828
948 949 953 6409.46811889
949 950 954 6422.0500828
950 951 955 6422.3223194
951 952 956 6423.98284486
952 953 957 6427.25964803
953 954 958 6427.67876876
954 955 959 6428.83298957
955 956 960 6436.92817701
956 957 961 6439.85972175
957 958 962 6440.29258661
958 959 963 6445.09479264
959 960 964 6449.74700372
960 961 965 6457.47803961
961 962 966 6474.88862617
962 963 967 6492.59795443
963 964 968 6496.51932065
964 965 969 6499.19723354
965 966 970 6502.85794087
966 967 971 6529.91003241
967 968 972 6535.05755788
968 969 973 6545.8609989
969 970 974 6554.45269941
970 971 975 6576.86118365
971 972 976 6577.67787905
972 973 977 6586.88055972
973 974 978 6589.1983223
974 975 979 6589.62188904
975 976 980 6596.307696
976 977 981 6615.00453143
977 978 982 6617.24690481
978 979 983 6621.83895007
979 980 984 6646.14436413
980 981 985 6648.57793735
981 982 986 6661.24932419
982 983 987 6662.04850088
983 984 988 6672.60862823
984 985 989 6682.83106981
985 986 990 6683.83789521
986 987 991 6683.9850804
987 988 992 6685.39047363
988 989 993 6687.25622177
989 990 994 6687.89831696
990 991 995 6705.46462233
991 992 996 6712.45090308
992 993 997 6719.95207747
993 994 998 6735.53644709
994 995 999 6737.35619322
995 996 1000 6741.27169999
996 997 1001 6742.27884082
997 998 1002 6750.40269907
998 999 1003 6760.95381572
999 1000 1004 6761.7018649
1000 1001 1005 6766.68978987
1000 1002 1005 6781.01273261
