#data counter step time
0 1 0 0.0
1 2 1 0.0
2 3 12 0.984436703468
3 4 15 7.37586458488
4 5 19 14.072521428
3 6 21 23.9844367035
2 7 22 26.9844367035
1 8 25 31.072521428
2 9 26 36.4014464983
3 10 28 36.6233346853
4 11 30 41.165127266
5 12 33 42.7743684193
6 13 39 48.8209088545
5 14 41 50.6233346853
4 15 46 53.4014464983
3 16 47 53.4014464983
4 17 48 55.522940097
3 18 50 58.165127266
2 19 53 65.8209088545
1 20 54 69.522940097
2 21 55 72.827554601
1 22 59 89.827554601
2 23 60 125.99800008
1 24 64 142.99800008
2 25 65 155.954664554
3 26 67 167.629773579
4 27 73 173.009948242
3 28 75 175.954664554
2 29 78 178.629773579
3 30 79 185.028268205
2 31 81 187.009948242
3 32 82 189.4735781
4 33 86 193.466689006
5 34 88 193.672739055
6 35 91 193.746667502
7 36 94 197.520825504
6 37 99 199.028268205
7 38 100 200.795674495
8 39 102 201.169593308
7 40 103 201.672739055
8 41 104 203.413650212
7 42 109 207.672739055
8 43 112 208.298536806
9 44 113 209.48190726
10 45 114 210.324109956
9 46 116 212.4735781
10 47 117 212.539053213
11 48 119 213.692005827
12 49 120 213.849079895
11 50 122 214.520825504
10 51 127 215.672739055
9 52 130 216.466689006
10 53 134 217.717793114
9 54 135 218.672739055
8 55 136 220.795674495
9 56 140 222.065196668
10 57 141 222.221226483
9 58 144 223.795674495
8 59 146 225.520825504
7 60 156 230.466689006
6 61 157 233.466689006
5 62 160 235.672739055
6 63 161 236.406694204
5 64 163 236.466689006
4 65 164 236.520825504
5 66 165 236.684541708
4 67 171 241.4735781
3 68 172 243.795674495
4 69 173 245.417477565
5 70 175 247.008704252
6 71 177 247.048594386
5 72 181 250.406694204
4 73 182 250.684541708
3 74 183 253.417477565
4 75 188 256.820371815
3 76 190 261.048594386
4 77 193 269.313902264
3 78 195 273.008704252
2 79 198 273.820371815
1 80 199 280.313902264
2 81 200 284.350995232
3 82 202 289.05439826
4 83 206 294.710569978
3 84 210 301.350995232
4 85 211 302.465574144
3 86 213 303.05439826
2 87 218 311.710569978
1 88 219 313.465574144
2 89 220 315.429648275
3 90 222 320.168484603
4 91 226 324.872467458
5 92 231 327.175740657
6 93 235 329.720437612
7 94 237 330.46922637
8 95 239 331.833017205
9 96 240 334.896991358
8 97 242 335.872467458
7 98 243 337.168484603
6 99 245 338.429648275
7 100 247 338.686388126
8 101 248 339.582265529
9 102 257 344.87539959
8 103 263 346.720437612
7 104 264 346.720437612
6 105 265 347.429648275
5 106 266 347.46922637
6 107 267 348.112354062
5 108 269 350.582265529
6 109 274 353.968328869
5 110 276 354.168484603
4 111 277 358.872467458
3 112 278 360.720437612
2 113 281 362.112354062
1 114 282 367.968328869
2 115 283 378.244834146
3 116 286 381.3727347
4 117 288 385.433792748
5 118 289 389.744969325
4 119 294 392.244834146
5 120 297 393.15990525
6 121 300 396.161693887
7 122 304 397.924158221
6 123 306 398.244834146
5 124 307 401.15990525
4 125 308 401.15990525
5 126 309 402.021550739
6 127 311 402.407402879
5 128 313 402.433792748
6 129 318 408.052580006
5 130 326 411.924158221
4 131 327 412.744969325
3 132 328 416.021550739
2 133 329 419.052580006
3 134 330 419.517981696
2 135 332 425.407402879
1 136 335 448.517981696
2 137 336 461.5288747
3 138 338 463.076894296
4 139 341 465.068339985
5 140 342 470.271238674
4 141 349 478.5288747
3 142 352 483.076894296
2 143 353 487.271238674
1 144 354 490.5288747
2 145 356 491.800383684
3 146 359 514.175365872
2 147 361 514.800383684
3 148 362 515.207151341
4 149 368 525.920182115
5 150 370 527.36317873
4 151 372 528.175365872
5 152 373 532.118936666
4 153 375 532.207151341
5 154 378 535.586308272
6 155 380 536.025456127
5 156 382 536.920182115
6 157 387 538.222766489
7 158 389 540.959472834
6 159 392 544.36317873
5 160 398 547.025456127
4 161 401 552.118936666
5 162 402 555.192721833
4 163 404 555.222766489
3 164 405 558.586308272
4 165 406 558.797545203
3 166 412 561.36317873
4 167 413 563.041107834
3 168 415 569.192721833
2 169 416 569.797545203
3 170 419 574.635810027
4 171 421 574.818530428
5 172 423 576.001510545
4 173 425 577.041107834
5 174 426 578.367011709
6 175 432 582.906199244
5 176 438 587.001510545
4 177 441 591.635810027
3 178 442 592.367011709
2 179 443 597.818530428
3 180 444 598.020393125
2 181 446 602.906199244
3 182 449 612.666789942
4 183 453 617.749355842
3 184 455 618.020393125
2 185 456 623.666789942
3 186 459 630.687292656
4 187 461 630.813440799
3 188 463 634.749355842
4 189 465 635.235516754
5 190 466 638.417839104
6 191 471 646.500488979
5 192 475 647.813440799
4 193 476 647.813440799
3 194 479 661.417839104
2 195 482 662.687292656
3 196 483 666.647214059
4 197 485 666.948652688
5 198 488 670.406412381
4 199 489 672.500488979
5 200 495 678.097236095
6 201 497 678.190851333
7 202 499 679.698775729
8 203 500 681.093962709
7 204 503 683.647214059
8 205 504 685.338903191
7 206 506 686.647214059
6 207 512 692.190851333
7 208 513 692.513144228
6 209 515 692.948652688
7 210 518 698.069977151
6 211 521 700.647214059
5 212 524 701.097236095
4 213 525 703.190851333
5 214 528 707.635574279
6 215 532 715.22464449
5 216 533 715.948652688
6 217 540 718.682880474
5 218 544 720.647214059
4 219 546 720.948652688
5 220 548 722.058415436
4 221 549 726.948652688
3 222 551 727.635574279
2 223 556 733.097236095
3 224 558 733.413659469
4 225 559 740.826600794
3 226 561 741.635574279
4 227 562 742.135461919
5 228 563 746.654891557
6 229 566 754.407466154
5 230 569 755.635574279
4 231 573 772.635574279
5 232 575 773.234640932
6 233 576 774.411494839
7 234 577 777.960978433
8 235 578 778.497944539
7 236 579 778.635574279
8 237 580 782.154121972
9 238 583 785.579720476
10 239 584 789.170001745
11 240 585 790.228692249
10 241 586 792.635574279
11 242 588 795.43965511
12 243 589 797.450895823
13 244 592 800.585228503
14 245 593 806.176687839
13 246 596 809.635574279
14 247 597 811.699358685
15 248 599 813.842923367
16 249 604 825.337794517
15 250 605 826.635574279
16 251 608 827.945579047
15 252 609 829.635574279
14 253 610 832.635574279
15 254 614 840.380480443
16 255 615 840.424212304
17 256 616 843.253584145
16 257 619 843.635574279
17 258 620 845.847690444
16 259 621 849.635574279
17 260 622 851.513511702
18 261 623 852.103853476
19 262 627 856.894927402
18 263 628 860.635574279
17 264 630 863.635574279
18 265 632 869.715305842
17 266 636 874.635574279
16 267 644 880.635574279
17 268 645 884.032660418
18 269 650 888.316826288
17 270 651 894.635574279
18 271 652 896.925327922
17 272 653 897.635574279
16 273 657 903.635574279
17 274 661 903.784239848
16 275 664 905.500488979
15 276 665 905.500488979
14 277 675 920.635574279
13 278 676 920.635574279
12 279 677 920.635574279
11 280 681 922.500488979
10 281 683 922.500488979
9 282 685 925.635574279
10 283 690 928.036193862
9 284 693 930.500488979
8 285 694 931.635574279
7 286 695 933.635574279
8 287 702 936.712067994
9 288 703 937.948826196
8 289 704 938.500488979
7 290 705 941.500488979
6 291 715 952.500488979
5 292 719 953.635574279
6 293 720 954.305121479
5 294 722 959.635574279
4 295 723 959.635574279
3 296 726 963.500488979
2 297 730 969.647214059
3 298 731 969.74303292
2 299 733 976.635574279
1 300 737 986.74303292
2 301 739 990.48193798
3 302 741 993.225062526
4 303 745 998.983827828
5 304 749 1003.37034326
6 305 750 1004.4666038
5 306 751 1004.48193798
4 307 753 1007.22506253
5 308 761 1014.76873887
6 309 762 1017.70599139
5 310 763 1018.98382783
6 311 765 1020.12089442
5 312 767 1021.22506253
4 313 768 1021.48193798
5 314 771 1021.9030246
6 315 772 1024.52014859
7 316 778 1032.74825355
6 317 779 1032.98382783
5 318 784 1038.22506253
4 319 785 1044.48193798
3 320 790 1047.48193798
2 321 791 1049.98382783
3 322 792 1057.37387426
4 323 794 1058.47015229
3 324 796 1061.22506253
4 325 799 1070.04847529
3 326 803 1074.37387426
2 327 804 1075.47015229
3 328 807 1079.01937737
4 329 809 1083.59905469
5 330 813 1086.23721715
4 331 815 1087.04847529
5 332 816 1089.23723365
6 333 819 1092.55769748
7 334 820 1092.56523797
6 335 821 1093.01937737
5 336 832 1105.50048898
4 337 833 1106.59905469
3 338 834 1107.01937737
4 339 836 1108.31651666
3 340 837 1113.04847529
4 341 838 1115.0118535
3 342 843 1122.50048898
4 343 844 1124.17910992
3 344 846 1125.50048898
4 345 849 1133.00303777
3 346 853 1141.0118535
4 347 856 1143.34063045
3 348 858 1144.17910992
4 349 859 1146.96634651
5 350 861 1147.12348047
4 351 863 1153.00303777
5 352 864 1153.02293498
6 353 866 1155.77691554
5 354 876 1161.12348047
6 355 877 1162.72005549
7 356 878 1166.18976449
6 357 880 1166.96634651
5 358 881 1169.34063045
4 359 883 1170.02293498
5 360 887 1171.65074017
6 361 889 1172.27511572
7 362 896 1176.73591215
6 363 898 1177.34063045
5 364 899 1177.34063045
4 365 900 1177.34063045
5 366 901 1180.55919813
4 367 903 1181.12348047
5 368 904 1182.87471555
6 369 906 1183.40161343
7 370 907 1184.04797087
6 371 911 1186.96634651
7 372 912 1190.87535581
8 373 919 1195.44219421
9 374 920 1195.79346933
8 375 923 1196.73591215
7 376 925 1196.87471555
8 377 926 1200.11155698
7 378 928 1203.55919813
6 379 933 1203.96634651
7 380 934 1204.81549888
8 381 935 1206.65421667
7 382 938 1210.73591215
6 383 940 1211.55919813
7 384 943 1213.93553465
6 385 944 1216.73591215
5 386 947 1216.87471555
4 387 952 1225.55919813
5 388 953 1228.9170497
4 389 961 1235.96634651
5 390 962 1236.24559836
4 391 964 1239.73591215
3 392 965 1239.87471555
2 393 966 1239.9170497
3 394 967 1244.68264717
4 395 969 1245.40692533
5 396 971 1246.11232309
6 397 975 1251.18783194
5 398 976 1253.24559836
6 399 984 1256.68884147
7 400 987 1260.17243859
8 401 988 1262.48879745
7 402 990 1263.11232309
6 403 991 1264.68264717
7 404 993 1268.13601679
8 405 994 1268.30540403
7 406 997 1268.40692533
6 407 1003 1273.24559836
5 408 1004 1274.11232309
6 409 1006 1274.16487455
7 410 1010 1280.85146308
6 411 1015 1281.68264717
5 412 1017 1285.40692533
6 413 1020 1288.10625567
5 414 1022 1290.24559836
6 415 1025 1291.57986224
7 416 1026 1294.79124441
6 417 1030 1295.68264717
5 418 1031 1297.40692533
4 419 1033 1301.24559836
3 420 1034 1305.40692533
4 421 1037 1313.33068469
3 422 1041 1315.24559836
2 423 1042 1321.68264717
3 424 1043 1322.91024917
4 425 1045 1323.41882191
5 426 1051 1328.64512026
4 427 1055 1330.33068469
3 428 1058 1334.41882191
2 429 1059 1335.33068469
3 430 1061 1345.02374286
2 431 1063 1345.91024917
3 432 1067 1354.80474641
4 433 1069 1356.5072352
5 434 1070 1358.78381094
4 435 1071 1359.02374286
3 436 1075 1365.80474641
4 437 1077 1367.62951669
5 438 1078 1371.05066793
6 439 1083 1379.629424
5 440 1085 1382.02374286
4 441 1088 1388.80474641
5 442 1094 1399.56056131
4 443 1097 1402.80474641
3 444 1099 1405.02374286
2 445 1102 1408.63557428
3 446 1105 1413.29541664
4 447 1107 1415.74043993
3 448 1108 1419.80474641
2 449 1112 1424.29541664
3 450 1113 1426.75262142
2 451 1117 1430.80474641
3 452 1118 1431.71143715
4 453 1120 1432.58828103
5 454 1123 1441.04220291
6 455 1126 1441.76466875
7 456 1127 1441.89310896
8 457 1128 1442.784865
7 458 1130 1443.75262142
6 459 1134 1445.71143715
7 460 1139 1447.41356036
8 461 1142 1448.6935587
7 462 1144 1450.71143715
6 463 1145 1453.71143715
5 464 1146 1456.71143715
4 465 1150 1457.75262142
5 466 1151 1459.74517408
4 467 1153 1464.71143715
5 468 1156 1465.65712012
6 469 1157 1468.1969544
5 470 1159 1471.75262142
6 471 1164 1477.73937732
5 472 1166 1478.71143715
4 473 1168 1479.75262142
5 474 1172 1486.03327456
6 475 1173 1486.52786584
5 476 1175 1486.71143715
4 477 1181 1493.75262142
3 478 1182 1493.75262142
2 479 1187 1505.11232309
1 480 1188 1509.71143715
2 481 1191 1531.48058484
3 482 1193 1536.18958207
4 483 1195 1541.13381478
5 484 1198 1548.20961809
6 485 1201 1550.65149234
5 486 1203 1551.48058484
6 487 1204 1553.24827851
7 488 1205 1554.21337288
8 489 1208 1561.52073182
7 490 1210 1562.18958207
6 491 1213 1565.48058484
7 492 1221 1575.98470075
6 493 1223 1579.18958207
7 494 1224 1579.47409444
6 495 1227 1582.48058484
5 496 1229 1583.33068469
4 497 1237 1596.48058484
3 498 1238 1596.48058484
4 499 1239 1597.66927619
5 500 1241 1598.15987189
4 501 1242 1599.18958207
3 502 1244 1600.33068469
4 503 1245 1605.92749575
3 504 1253 1614.66927619
4 505 1254 1616.55555238
3 506 1256 1619.18958207
2 507 1258 1625.92749575
3 508 1261 1628.78004516
4 509 1263 1630.26350348
5 510 1265 1630.9242101
6 511 1267 1633.20793752
5 512 1268 1636.55555238
6 513 1270 1637.82568467
7 514 1275 1641.23969079
6 515 1281 1651.78004516
5 516 1282 1653.26350348
4 517 1284 1653.9242101
3 518 1285 1656.55555238
4 519 1288 1662.80181665
5 520 1290 1665.04165667
4 521 1294 1668.78004516
3 522 1297 1676.26350348
4 523 1300 1684.83347133
3 524 1302 1685.80181665
2 525 1303 1688.04165667
3 526 1306 1697.11784027
2 527 1308 1698.83347133
3 528 1309 1699.66655311
2 529 1313 1708.11784027
1 530 1316 1719.66655311
2 531 1317 1734.11441112
3 532 1319 1742.06055069
4 533 1323 1745.63860379
5 534 1325 1746.96972271
6 535 1329 1749.75607442
5 536 1333 1751.11441112
6 537 1336 1752.64075027
5 538 1338 1754.96972271
4 539 1339 1756.63860379
3 540 1340 1759.06055069
4 541 1345 1767.44708727
5 542 1347 1767.99659108
4 543 1350 1771.11441112
5 544 1353 1771.67044816
6 545 1357 1772.11473233
7 546 1359 1774.91955165
6 547 1360 1774.96972271
5 548 1362 1775.44708727
4 549 1369 1778.99659108
3 550 1370 1782.67044816
2 551 1371 1783.11473233
3 552 1372 1788.69654961
2 553 1374 1791.96972271
3 554 1377 1802.49936711
4 555 1379 1803.52924878
5 556 1383 1811.66841432
6 557 1385 1813.17568121
5 558 1387 1814.69654961
4 559 1394 1820.52924878
3 560 1395 1824.17568121
4 561 1396 1826.89461757
5 562 1398 1828.05307207
4 563 1400 1828.49936711
3 564 1401 1828.66841432
4 565 1405 1834.86167129
5 566 1409 1839.00041478
6 567 1411 1840.1420054
7 568 1413 1840.18908603
6 569 1415 1842.05307207
5 570 1418 1846.89461757
6 571 1421 1847.99566801
7 572 1425 1851.01051436
6 573 1426 1851.05307207
7 574 1430 1852.00465424
6 575 1433 1853.00041478
5 576 1435 1856.05307207
4 577 1438 1857.1420054
3 578 1439 1857.18908603
4 579 1440 1858.38308917
5 580 1442 1858.82875451
4 581 1444 1861.00041478
5 582 1446 1864.70677035
6 583 1448 1864.74840238
5 584 1449 1864.99566801
6 585 1451 1865.53267972
7 586 1457 1871.40391926
6 587 1461 1875.38308917
5 588 1463 1875.82875451
4 589 1464 1878.70677035
3 590 1469 1884.99566801
2 591 1472 1886.82875451
3 592 1473 1889.51715585
4 593 1475 1892.80170075
3 594 1477 1895.38308917
2 595 1482 1906.51715585
3 596 1483 1914.72755831
2 597 1485 1918.80170075
3 598 1488 1926.64514246
4 599 1490 1927.62661274
3 600 1492 1928.72755831
4 601 1493 1929.02930164
5 602 1501 1938.1000805
6 603 1505 1945.75279017
5 604 1506 1946.64514246
4 605 1508 1949.02930164
3 606 1509 1950.62661274
4 607 1510 1951.72418917
3 608 1512 1955.1000805
4 609 1517 1961.15940399
3 610 1519 1963.64514246
4 611 1520 1965.285718
5 612 1522 1967.96913978
4 613 1524 1968.72418917
5 614 1529 1975.67193544
4 615 1531 1975.96913978
5 616 1534 1980.7971413
4 617 1536 1981.15940399
3 618 1539 1985.285718
2 619 1540 1989.67193544
3 620 1541 1991.23031803
4 621 1544 1993.68573652
3 622 1550 2000.7971413
2 623 1551 2005.23031803
1 624 1552 2008.23031803
2 625 1553 2008.85947138
3 626 1555 2013.09805815
4 627 1557 2014.55044617
5 628 1559 2019.04506786
4 629 1569 2028.55044617
3 630 1570 2028.85947138
2 631 1571 2030.09805815
1 632 1572 2033.04506786
2 633 1573 2036.58484248
3 634 1577 2047.4216465
2 635 1579 2047.58484248
3 636 1580 2050.50661155
2 637 1586 2058.4216465
3 638 1587 2058.80338975
4 639 1589 2060.02328126
5 640 1595 2067.87097691
4 641 1597 2070.50661155
5 642 1598 2071.61950363
4 643 1602 2075.80338975
3 644 1604 2076.61950363
2 645 1605 2077.02328126
3 646 1606 2079.94043186
2 647 1610 2084.87097691
3 648 1615 2087.90264628
4 649 1619 2096.32867248
5 650 1621 2098.23019197
4 651 1623 2098.90264628
3 652 1624 2099.94043186
2 653 1629 2106.23019197
3 654 1630 2110.21134829
2 655 1632 2113.32867248
1 656 1635 2127.21134829
2 657 1636 2128.59349753
3 658 1640 2136.03610057
2 659 1642 2139.59349753
3 660 1645 2144.87470996
4 661 1647 2151.77997901
3 662 1649 2153.03610057
4 663 1652 2158.01977463
5 664 1656 2161.85040914
4 665 1658 2161.87470996
3 666 1659 2162.77997901
4 667 1662 2170.02130014
3 668 1666 2175.85040914
4 669 1669 2179.68339794
3 670 1671 2181.01977463
4 671 1672 2182.31843736
5 672 1674 2182.84377648
4 673 1680 2187.02130014
5 674 1681 2187.18788527
6 675 1685 2195.3079971
5 676 1689 2196.68339794
4 677 1690 2199.84377648
3 678 1691 2202.31843736
2 679 1694 2207.18788527
1 680 1697 2216.68339794
2 681 1698 2233.7463658
3 682 1700 2244.90314137
2 683 1706 2256.7463658
3 684 1707 2258.99375602
4 685 1709 2260.46830843
5 686 1711 2261.78627688
6 687 1712 2263.89059199
7 688 1715 2264.67588097
6 689 1716 2267.90314137
5 690 1721 2271.46830843
4 691 1724 2275.99375602
5 692 1727 2276.9919789
6 693 1730 2277.05648183
7 694 1731 2277.25848505
8 695 1732 2278.45813191
9 696 1733 2280.80612278
8 697 1735 2281.90314137
7 698 1738 2283.99375602
8 699 1743 2286.83086641
9 700 1744 2290.4891578
8 701 1745 2292.90314137
7 702 1748 2294.46830843
8 703 1751 2294.77422483
7 704 1754 2297.46830843
6 705 1763 2305.46830843
5 706 1764 2306.99375602
4 707 1766 2308.46830843
3 708 1767 2309.90314137
2 709 1768 2309.90314137
3 710 1770 2311.36034805
4 711 1773 2313.17586617
5 712 1774 2316.13048918
6 713 1777 2319.27446534
5 714 1782 2323.80338975
6 715 1785 2327.50899856
5 716 1787 2328.36034805
4 717 1789 2331.80338975
5 718 1790 2335.46048865
6 719 1795 2340.2636587
5 720 1797 2342.80338975
6 721 1798 2347.92793741
5 722 1799 2351.36034805
4 723 1806 2359.80338975
5 724 1807 2360.33265587
6 725 1808 2361.38556086
7 726 1810 2362.4231617
8 727 1814 2364.79658979
7 728 1816 2367.80338975
8 729 1817 2368.84592375
9 730 1819 2372.47897866
8 731 1820 2373.80338975
7 732 1822 2374.36034805
8 733 1826 2381.32919296
7 734 1827 2384.80338975
8 735 1829 2384.9709349
7 736 1830 2387.80338975
8 737 1831 2388.34180875
7 738 1837 2395.80338975
6 739 1838 2397.36034805
7 740 1840 2397.60486273
8 741 1843 2401.83468182
7 742 1846 2405.36034805
8 743 1849 2406.53595164
7 744 1853 2412.80338975
6 745 1857 2416.36034805
5 746 1860 2419.36034805
6 747 1863 2423.26693926
7 748 1869 2427.60987764
8 749 1870 2428.83437061
7 750 1872 2430.36034805
8 751 1873 2431.30218216
7 752 1875 2432.80338975
6 753 1876 2433.36034805
7 754 1878 2435.0163112
8 755 1882 2437.13396035
7 756 1884 2438.31843736
8 757 1885 2442.04058539
9 758 1888 2445.71660445
8 759 1889 2446.80338975
9 760 1891 2447.19378458
8 761 1894 2449.80338975
9 762 1895 2451.41013076
8 763 1898 2455.31843736
9 764 1900 2456.18810372
8 765 1903 2456.36034805
9 766 1909 2465.78713154
8 767 1910 2466.80338975
7 768 1913 2467.36034805
6 769 1914 2470.36034805
7 770 1921 2474.88100856
6 771 1924 2480.80338975
5 772 1926 2481.31843736
4 773 1927 2481.31843736
5 774 1928 2481.33416413
4 775 1930 2481.36034805
5 776 1933 2481.38070364
6 777 1934 2484.16652832
5 778 1935 2484.31843736
6 779 1942 2488.51656742
5 780 1943 2488.80338975
6 781 1945 2492.86764856
5 782 1946 2494.80338975
4 783 1948 2495.33416413
5 784 1951 2505.27969564
6 785 1954 2505.48575124
7 786 1955 2505.65182024
6 787 1957 2508.80338975
7 788 1960 2509.84133159
8 789 1961 2515.36346669
7 790 1963 2516.80338975
6 791 1966 2518.33416413
7 792 1971 2523.09060491
6 793 1975 2529.33416413
5 794 1979 2533.80338975
4 795 1981 2534.99375602
3 796 1982 2535.33416413
4 797 1983 2535.40527886
5 798 1987 2539.30451559
6 799 1990 2542.30418764
5 800 1992 2542.99375602
4 801 1995 2550.80338975
5 802 1999 2554.52509382
4 803 2001 2555.40527886
3 804 2004 2559.99375602
4 805 2005 2563.73588038
3 806 2007 2564.80338975
4 807 2008 2567.59712009
3 808 2017 2581.59712009
2 809 2018 2584.40527886
1 810 2019 2586.73588038
2 811 2020 2587.37450639
1 812 2024 2601.37450639
2 813 2025 2607.62425479
3 814 2028 2616.23859939
4 815 2030 2624.18309554
5 816 2031 2625.30688734
6 817 2038 2627.7268791
7 818 2041 2628.67718057
8 819 2042 2633.30079285
7 820 2044 2633.62425479
6 821 2047 2636.62425479
5 822 2051 2639.23859939
4 823 2053 2641.7268791
5 824 2054 2643.48666646
6 825 2058 2644.47471081
5 826 2060 2645.30688734
4 827 2062 2645.30688734
3 828 2065 2647.62425479
4 829 2066 2648.19230549
5 830 2070 2650.24333273
6 831 2071 2650.78811355
5 832 2073 2654.48666646
6 833 2074 2655.47914034
7 834 2075 2656.72569707
6 835 2079 2659.30688734
7 836 2080 2659.45542459
8 837 2081 2661.28025981
9 838 2083 2662.51720637
10 839 2084 2664.96266852
9 840 2085 2665.19230549
10 841 2093 2670.63242383
9 842 2095 2671.48666646
10 843 2096 2673.21138008
9 844 2100 2676.30688734
8 845 2104 2680.48666646
9 846 2105 2682.18512019
8 847 2106 2682.19230549
7 848 2109 2682.48666646
8 849 2110 2685.18449104
7 850 2111 2685.19230549
8 851 2114 2688.12996771
7 852 2116 2690.30688734
8 853 2122 2694.31098256
9 854 2123 2694.85827781
8 855 2128 2696.19230549
9 856 2129 2697.41583325
8 857 2132 2698.30688734
9 858 2133 2698.48291577
10 859 2136 2703.17858313
9 860 2141 2705.48666646
8 861 2144 2709.30688734
7 862 2147 2711.48666646
6 863 2149 2713.19230549
5 864 2151 2715.30688734
4 865 2152 2715.36034805
5 866 2159 2722.93229815
4 867 2161 2726.30688734
3 868 2164 2727.19230549
2 869 2165 2728.48666646
1 870 2166 2733.93229815
2 871 2167 2735.36554149
3 872 2169 2738.31727577
2 873 2173 2743.36554149
3 874 2176 2746.63814602
2 875 2178 2749.31727577
3 876 2181 2753.73512557
2 877 2183 2760.63814602
3 878 2184 2763.08684429
2 879 2190 2770.73512557
1 880 2192 2774.08684429
2 881 2193 2779.47231524
3 882 2195 2781.46699964
4 883 2199 2787.18262459
5 884 2206 2792.05519358
4 885 2208 2792.18262459
3 886 2209 2793.47231524
4 887 2210 2793.93100034
5 888 2212 2795.23033599
4 889 2217 2804.46699964
5 890 2219 2806.80013765
4 891 2220 2807.93100034
3 892 2222 2815.18262459
4 893 2227 2825.50453998
3 894 2229 2827.46699964
4 895 2230 2829.49766941
5 896 2234 2829.88308441
4 897 2236 2830.93100034
5 898 2239 2835.00121609
4 899 2243 2836.50453998
3 900 2244 2838.93100034
4 901 2245 2840.01577064
3 902 2247 2840.49766941
4 903 2250 2845.343619
3 904 2254 2851.01577064
4 905 2257 2856.17554046
3 906 2260 2859.50453998
2 907 2261 2865.343619
3 908 2264 2874.80910059
2 909 2266 2879.17554046
3 910 2267 2879.38227478
4 911 2269 2879.98566591
5 912 2271 2884.05554137
6 913 2277 2889.13343183
7 914 2282 2892.12763837
8 915 2283 2892.63519904
7 916 2285 2893.38227478
8 917 2286 2894.03242987
7 918 2288 2894.80910059
8 919 2289 2900.72804557
9 920 2290 2900.74784287
8 921 2294 2904.05554137
7 922 2297 2905.98566591
8 923 2301 2906.69494515
7 924 2305 2911.80910059
6 925 2308 2913.38227478
7 926 2309 2915.0480118
6 927 2311 2915.05554137
5 928 2316 2916.80910059
4 929 2319 2925.98566591
3 930 2320 2925.98566591
2 931 2322 2931.98566591
1 932 2323 2932.0480118
2 933 2324 2932.363879
3 934 2326 2933.30329351
2 935 2331 2943.363879
3 936 2332 2943.46561983
4 937 2334 2944.95234129
5 938 2340 2952.02735281
4 939 2343 2956.30329351
5 940 2345 2958.41484023
4 941 2348 2966.46561983
5 942 2350 2970.01865473
6 943 2351 2970.53617138
5 944 2352 2970.95234129
6 945 2354 2973.1557405
5 946 2356 2973.30329351
4 947 2361 2983.46561983
5 948 2363 2986.17045026
4 949 2367 2990.95234129
3 950 2372 2995.95234129
2 951 2373 2996.30329351
3 952 2374 2996.43137198
4 953 2376 2996.92008127
5 954 2378 2999.19333348
4 955 2380 3000.46561983
5 956 2388 3009.84664173
4 957 2390 3013.43137198
3 958 2393 3017.46561983
2 959 2394 3019.92008127
3 960 2395 3019.98900178
4 961 2397 3021.42419567
3 962 2399 3026.84664173
4 963 2400 3029.91415171
5 964 2407 3036.53913724
6 965 2411 3040.3736337
5 966 2413 3040.91415171
6 967 2414 3041.63980005
7 968 2417 3042.45582059
6 969 2418 3043.91415171
7 970 2419 3044.36629093
6 971 2420 3044.42419567
5 972 2424 3045.98900178
6 973 2427 3053.0593054
5 974 2433 3055.63980005
4 975 2435 3057.3736337
3 976 2436 3058.42419567
2 977 2439 3063.3736337
1 978 2440 3069.63980005
2 979 2441 3071.00184475
3 980 2443 3073.80234544
4 981 2445 3082.88000036
5 982 2449 3083.83594689
4 983 2454 3087.80234544
3 984 2456 3088.00184475
2 985 2457 3093.88000036
3 986 2458 3094.02363498
4 987 2460 3094.97361464
5 988 2466 3105.68764874
4 989 2470 3113.80234544
5 990 2471 3113.80796463
6 991 2472 3114.88987767
7 992 2473 3116.33397564
6 993 2476 3117.97361464
5 994 2478 3120.02363498
4 995 2480 3121.80234544
5 996 2482 3125.24481239
4 997 2489 3135.80234544
5 998 2492 3136.82258548
4 999 2493 3137.97361464
5 1000 2494 3141.37152457
6 1001 2496 3143.8586127
5 1002 2502 3149.02363498
4 1003 2506 3155.80234544
3 1004 2507 3155.80234544
4 1005 2508 3155.89242764
3 1006 2510 3158.37152457
2 1007 2516 3166.89242764
3 1008 2517 3175.04072985
2 1009 2519 3175.98566591
3 1010 2520 3179.87675687
2 1011 2524 3189.04072985
3 1012 2525 3191.62853707
4 1013 2527 3191.84558234
5 1014 2534 3200.75116267
6 1015 2535 3203.47019125
7 1016 2539 3206.53269894
8 1017 2540 3207.2625003
7 1018 2542 3208.62853707
6 1019 2544 3211.84558234
7 1020 2545 3212.32323007
8 1021 2546 3213.49238581
7 1022 2547 3214.87675687
8 1023 2549 3215.00249343
9 1024 2556 3220.5056653
8 1025 2557 3220.84558234
7 1026 2559 3222.84558234
6 1027 2563 3225.62853707
5 1028 2567 3228.87675687
4 1029 2569 3230.84558234
5 1030 2570 3231.01255605
6 1031 2571 3231.42208607
7 1032 2576 3236.66248661
8 1033 2577 3237.45672278
7 1034 2578 3239.62853707
6 1035 2580 3241.84558234
5 1036 2584 3242.87675687
6 1037 2585 3247.89269443
5 1038 2593 3256.87675687
6 1039 2596 3258.15867318
5 1040 2598 3259.62853707
4 1041 2599 3261.84558234
3 1042 2601 3262.87675687
4 1043 2607 3269.36094992
5 1044 2609 3272.72670764
4 1045 2611 3275.15867318
3 1046 2612 3279.87675687
2 1047 2617 3295.15867318
1 1048 2618 3298.36094992
2 1049 2619 3301.41711248
1 1050 2623 3309.41711248
2 1051 2624 3313.95326651
3 1052 2626 3317.46610837
2 1053 2632 3327.95326651
3 1054 2633 3328.74560865
2 1055 2635 3334.46610837
3 1056 2636 3334.56103012
4 1057 2640 3337.94550983
5 1058 2642 3340.98679114
6 1059 2645 3343.75181582
5 1060 2646 3348.74560865
4 1061 2651 3351.56103012
3 1062 2654 3363.94550983
2 1063 2657 3374.56103012
3 1064 2659 3382.43905103
2 1065 2661 3383.74560865
3 1066 2664 3392.7921019
2 1067 2666 3396.43905103
3 1068 2667 3400.79517369
2 1069 2673 3409.7921019
1 1070 2674 3411.79517369
2 1071 2676 3413.54263423
3 1072 2679 3422.64002001
2 1073 2683 3433.54263423
3 1074 2684 3437.0095556
2 1075 2686 3445.64002001
3 1076 2689 3450.20815072
4 1077 2691 3450.25506317
5 1078 2693 3452.35619491
4 1079 2695 3454.0095556
5 1080 2696 3454.52093872
6 1081 2700 3457.31102634
7 1082 2705 3462.38569077
6 1083 2709 3466.35619491
7 1084 2710 3467.99218837
6 1085 2711 3468.52093872
5 1086 2715 3470.20815072
4 1087 2716 3470.25506317
5 1088 2721 3484.73421638
4 1089 2727 3489.35619491
3 1090 2728 3491.84558234
2 1091 2729 3492.73421638
3 1092 2730 3494.15591817
2 1093 2732 3494.52093872
3 1094 2734 3495.3323516
4 1095 2737 3500.33950239
5 1096 2743 3509.81796062
4 1097 2747 3514.15591817
3 1098 2748 3514.33950239
2 1099 2749 3515.3323516
1 1100 2752 3520.81796062
2 1101 2753 3525.57548146
3 1102 2755 3526.45567511
4 1103 2757 3527.06651673
5 1104 2761 3532.06499037
4 1105 2763 3533.57548146
5 1106 2764 3535.96212946
6 1107 2772 3539.61302885
5 1108 2775 3541.06651673
4 1109 2777 3543.96212946
5 1110 2780 3548.27486681
4 1111 2782 3549.06499037
3 1112 2783 3549.45567511
4 1113 2786 3553.10439252
3 1114 2788 3555.06651673
2 1115 2789 3562.27486681
3 1116 2790 3568.46886992
4 1117 2794 3572.61839212
3 1118 2796 3576.10439252
4 1119 2799 3581.22658543
5 1120 2803 3584.95456144
6 1121 2805 3586.48261942
5 1122 2807 3588.46886992
6 1123 2808 3590.53882996
5 1124 2813 3595.61839212
4 1125 2815 3598.22658543
5 1126 2818 3602.7898881
4 1127 2820 3604.95456144
3 1128 2821 3605.46886992
2 1129 2826 3616.7898881
3 1130 2829 3620.19914185
2 1131 2833 3627.61839212
3 1132 2834 3627.836849
2 1133 2836 3628.19914185
3 1134 2837 3633.44108391
4 1135 2839 3637.55896478
3 1136 2845 3641.836849
2 1137 2846 3644.44108391
3 1138 2849 3652.7050019
4 1139 2851 3654.52486706
3 1140 2855 3660.55896478
2 1141 2856 3660.7050019
3 1142 2857 3661.95553317
2 1143 2863 3674.52486706
3 1144 2864 3675.31447567
2 1145 2866 3675.95553317
3 1146 2867 3679.18140341
2 1147 2873 3687.18140341
1 1148 2874 3692.31447567
2 1149 2875 3701.24051722
3 1150 2877 3704.42829071
4 1151 2882 3705.9340239
3 1152 2886 3715.24051722
4 1153 2888 3716.66340978
5 1154 2889 3720.98645749
6 1155 2891 3721.21395045
7 1156 2893 3721.83286516
8 1157 2894 3721.84219278
7 1158 2898 3724.42829071
8 1159 2900 3725.06801856
9 1160 2901 3727.9353127
8 1161 2907 3731.9340239
9 1162 2908 3732.6525921
8 1163 2911 3734.9340239
7 1164 2913 3737.98645749
6 1165 2915 3738.42829071
7 1166 2919 3743.54850941
6 1167 2921 3744.21395045
5 1168 2927 3748.9340239
6 1169 2928 3750.78897016
5 1170 2934 3751.98645749
6 1171 2935 3752.42577944
5 1172 2936 3755.21395045
4 1173 2938 3757.98645749
3 1174 2939 3761.42829071
2 1175 2940 3764.78897016
3 1176 2941 3766.18655122
4 1177 2945 3773.39555772
5 1178 2949 3776.56013023
4 1179 2951 3781.21395045
3 1180 2956 3789.18655122
2 1181 2957 3790.39555772
1 1182 2958 3790.56013023
2 1183 2959 3800.87410158
3 1184 2963 3814.79165343
2 1185 2967 3817.87410158
3 1186 2968 3819.55090777
2 1187 2970 3822.79165343
3 1188 2974 3827.97927144
2 1189 2976 3833.55090777
3 1190 2979 3844.41622681
2 1191 2981 3844.97927144
3 1192 2982 3847.93494412
4 1193 2986 3853.06827572
5 1194 2990 3855.16825475
4 1195 2992 3855.41622681
5 1196 2993 3856.35807217
6 1197 2997 3863.69577667
5 1198 2999 3864.93494412
6 1199 3002 3867.15804926
5 1200 3006 3870.06827572
6 1201 3007 3871.00915403
5 1202 3009 3872.16825475
6 1203 3014 3878.03588156
7 1204 3017 3880.71920331
6 1205 3018 3882.35807217
5 1206 3019 3883.69577667
4 1207 3022 3884.15804926
5 1208 3026 3885.56931146
4 1209 3028 3889.03588156
3 1210 3029 3892.03588156
2 1211 3033 3897.00915403
1 1212 3034 3905.56931146
2 1213 3037 3909.38779075
3 1214 3040 3916.07371096
4 1215 3043 3916.37061428
5 1216 3049 3921.33184029
6 1217 3051 3921.37568652
5 1218 3053 3923.38779075
6 1219 3057 3928.02790205
5 1220 3058 3930.07371096
4 1221 3062 3936.07371096
5 1222 3063 3938.66984421
4 1223 3065 3940.38779075
3 1224 3066 3941.33184029
2 1225 3067 3944.33184029
3 1226 3070 3960.39712093
2 1227 3072 3961.66984421
3 1228 3073 3967.69437463
4 1229 3077 3970.69360284
5 1230 3079 3971.6039196
6 1231 3081 3973.09780875
7 1232 3082 3973.41704134
8 1233 3084 3973.54633362
9 1234 3086 3975.22237798
8 1235 3089 3980.39712093
9 1236 3091 3984.1294907
10 1237 3092 3987.02533846
9 1238 3094 3987.69437463
10 1239 3095 3987.69780484
9 1240 3101 3993.69360284
8 1241 3104 3996.69360284
7 1242 3106 3999.69360284
6 1243 3107 3999.69360284
5 1244 3108 4003.39712093
4 1245 3117 4019.69360284
3 1246 3118 4022.69437463
4 1247 3119 4022.73107582
3 1248 3121 4023.39712093
2 1249 3124 4036.69360284
3 1250 3128 4039.60710712
4 1251 3130 4040.35845569
3 1252 3133 4045.73107582
2 1253 3138 4053.60710712
1 1254 3139 4056.73107582
2 1255 3140 4057.7476805
1 1256 3144 4074.7476805
2 1257 3145 4076.25759053
3 1258 3147 4076.92630458
4 1259 3151 4081.28682795
5 1260 3152 4082.83920516
4 1261 3156 4087.92630458
3 1262 3157 4090.25759053
2 1263 3163 4098.92630458
3 1264 3164 4100.68897601
4 1265 3166 4102.5540442
3 1266 3167 4104.25759053
2 1267 3173 4111.68897601
3 1268 3174 4113.34580533
2 1269 3176 4115.25759053
1 1270 3181 4124.34580533
2 1271 3183 4127.29659044
1 1272 3187 4135.29659044
2 1273 3188 4144.76809891
3 1274 3190 4146.64234955
4 1275 3194 4148.35554516
5 1276 3196 4149.08351001
4 1277 3198 4151.64234955
5 1278 3201 4152.48525779
6 1279 3204 4156.73257138
5 1280 3206 4158.76809891
4 1281 3207 4159.64234955
3 1282 3215 4166.76809891
2 1283 3216 4167.64234955
3 1284 3217 4168.07040011
4 1285 3219 4174.85101801
5 1286 3221 4174.85714687
4 1287 3222 4177.35554516
5 1288 3224 4177.92391472
4 1289 3230 4185.85101801
3 1290 3231 4188.07040011
4 1291 3234 4191.44061646
3 1292 3238 4196.85101801
2 1293 3240 4197.35554516
3 1294 3243 4199.41558981
4 1295 3245 4203.53083759
5 1296 3246 4206.14051187
6 1297 3247 4206.52161834
5 1298 3249 4208.44061646
6 1299 3250 4209.17585239
7 1300 3256 4214.12217195
8 1301 3257 4215.24714248
7 1302 3259 4216.41558981
6 1303 3260 4219.44061646
7 1304 3266 4226.13827686
6 1305 3268 4227.41558981
7 1306 3269 4228.5299648
8 1307 3274 4233.90056107
9 1308 3275 4234.33075855
10 1309 3276 4236.15095862
9 1310 3278 4236.44061646
8 1311 3279 4236.44061646
9 1312 3280 4238.6410913
10 1313 3281 4239.36055905
9 1314 3282 4239.44061646
10 1315 3287 4241.42812571
11 1316 3288 4247.38190054
10 1317 3291 4250.41558981
9 1318 3292 4250.44061646
10 1319 3294 4253.50539136
11 1320 3298 4257.77509744
12 1321 3300 4263.35968654
13 1322 3301 4263.89515456
12 1323 3302 4264.41558981
11 1324 3306 4267.41558981
10 1325 3317 4273.44061646
9 1326 3318 4275.41558981
8 1327 3319 4276.44061646
7 1328 3320 4278.41558981
8 1329 3327 4284.19029638
7 1330 3329 4284.41558981
8 1331 3330 4287.1276425
7 1332 3332 4290.44061646
8 1333 3333 4291.18315564
7 1334 3334 4293.44061646
6 1335 3337 4299.44061646
5 1336 3341 4304.44061646
6 1337 3342 4305.63728238
5 1338 3345 4307.41558981
6 1339 3346 4311.0345015
5 1340 3359 4324.41558981
4 1341 3360 4330.1415923
3 1342 3361 4330.1415923
2 1343 3362 4330.41558981
1 1344 3363 4330.44061646
2 1345 3365 4333.15006361
3 1346 3367 4339.6154095
4 1347 3373 4347.00440762
5 1348 3375 4349.17601987
4 1349 3376 4353.6154095
3 1350 3378 4356.15006361
4 1351 3382 4360.18901727
3 1352 3385 4370.15006361
2 1353 3387 4370.6154095
3 1354 3388 4376.98795291
4 1355 3392 4380.83808527
5 1356 3393 4383.00796082
4 1357 3394 4390.15006361
5 1358 3396 4390.15447246
6 1359 3399 4397.65329811
5 1360 3403 4407.15006361
4 1361 3404 4408.98795291
5 1362 3410 4423.4656193
6 1363 3411 4425.6191895
7 1364 3412 4425.84602175
6 1365 3413 4425.98795291
5 1366 3416 4427.15006361
6 1367 3417 4430.30630186
7 1368 3422 4440.13110481
6 1369 3426 4444.15006361
7 1370 3427 4447.3790926
6 1371 3428 4448.98795291
7 1372 3432 4453.87960719
6 1373 3433 4455.15006361
7 1374 3435 4455.30381207
8 1375 3440 4459.30132303
9 1376 3441 4460.08361
10 1377 3442 4461.10732182
11 1378 3443 4464.81761479
10 1379 3445 4466.15006361
9 1380 3447 4468.98795291
10 1381 3451 4473.88469263
11 1382 3452 4476.11050289
10 1383 3462 4483.15006361
11 1384 3463 4484.84625208
12 1385 3464 4485.76205891
11 1386 3467 4485.98795291
12 1387 3468 4487.40276756
11 1388 3471 4488.98795291
10 1389 3473 4491.80076113
11 1390 3475 4492.47563899
12 1391 3480 4496.57574428
11 1392 3485 4499.98795291
10 1393 3489 4503.15006361
11 1394 3492 4505.78368438
10 1395 3496 4505.98795291
9 1396 3497 4505.98795291
8 1397 3498 4506.15006361
7 1398 3500 4508.80076113
6 1399 3505 4512.15006361
7 1400 3506 4512.4780709
6 1401 3507 4516.98795291
5 1402 3509 4516.98795291
4 1403 3512 4519.98795291
3 1404 3513 4520.15006361
2 1405 3515 4522.80076113
3 1406 3519 4526.03423055
2 1407 3523 4533.98795291
1 1408 3524 4534.03423055
2 1409 3525 4537.5766422
3 1410 3529 4545.51503516
2 1411 3531 4548.5766422
3 1412 3534 4549.83003661
4 1413 3536 4553.71053959
5 1414 3537 4554.15623714
6 1415 3540 4561.37814215
5 1416 3541 4562.51503516
6 1417 3543 4564.78007352
5 1418 3545 4566.83003661
6 1419 3550 4573.9795027
7 1420 3551 4575.70160816
8 1421 3552 4579.11305034
7 1422 3554 4579.51503516
8 1423 3555 4579.78433758
7 1424 3557 4580.83003661
8 1425 3559 4582.3583565
9 1426 3560 4584.81140875
8 1427 3564 4594.83003661
9 1428 3565 4594.98510676
10 1429 3569 4599.02582739
11 1430 3570 4605.24619508
10 1431 3573 4605.51503516
9 1432 3574 4605.51503516
10 1433 3578 4606.77655648
11 1434 3579 4607.14262617
10 1435 3580 4610.51503516
11 1436 3583 4614.23160803
10 1437 3585 4616.51503516
9 1438 3586 4617.83003661
10 1439 3596 4624.76171142
9 1440 3598 4625.83003661
8 1441 3603 4636.83003661
9 1442 3608 4639.17892943
8 1443 3610 4639.51503516
7 1444 3614 4642.0453401
6 1445 3618 4647.83003661
5 1446 3620 4650.0453401
6 1447 3621 4650.58035434
5 1448 3622 4651.0453401
6 1449 3629 4664.20669171
5 1450 3631 4665.51503516
4 1451 3633 4670.83003661
3 1452 3634 4673.0453401
2 1453 3639 4681.83003661
1 1454 3640 4685.51503516
2 1455 3642 4689.10802869
3 1456 3644 4691.68862148
4 1457 3647 4696.76590293
5 1458 3650 4703.69310869
6 1459 3651 4705.24596306
5 1460 3653 4706.10802869
6 1461 3658 4719.43648442
5 1462 3660 4723.68862148
6 1463 3661 4725.02766642
5 1464 3663 4726.10802869
6 1465 3664 4727.04026067
5 1466 3671 4737.10802869
6 1467 3675 4741.72314739
5 1468 3677 4746.68862148
4 1469 3679 4748.10802869
5 1470 3682 4752.14120765
4 1471 3683 4754.10802869
5 1472 3684 4754.59899811
6 1473 3685 4754.73326873
5 1474 3688 4757.68862148
6 1475 3692 4758.94035989
7 1476 3693 4759.85758766
8 1477 3694 4762.50021839
7 1478 3703 4771.10802869
6 1479 3704 4771.68862148
5 1480 3705 4771.68862148
4 1481 3707 4774.68862148
3 1482 3711 4776.10802869
2 1483 3712 4779.10802869
3 1484 3713 4779.33113561
2 1485 3719 4790.33113561
1 1486 3720 4791.68862148
2 1487 3721 4800.72409974
3 1488 3723 4801.30602727
4 1489 3727 4802.56832748
5 1490 3728 4803.15692659
6 1491 3731 4807.9025603
5 1492 3733 4809.30602727
4 1493 3740 4814.72409974
3 1494 3743 4823.30602727
4 1495 3744 4823.75300405
3 1496 3746 4824.13920101
4 1497 3749 4824.9114757
3 1498 3751 4831.72409974
4 1499 3752 4832.42583964
5 1500 3760 4840.30660143
6 1501 3761 4840.83380691
5 1502 3762 4843.42583964
4 1503 3765 4843.75300405
3 1504 3766 4844.9114757
4 1505 3770 4851.79397007
5 1506 3771 4853.3212146
4 1507 3776 4860.42583964
3 1508 3778 4862.79397007
2 1509 3779 4863.75300405
3 1510 3780 4865.17894798
4 1511 3782 4872.65182699
5 1512 3788 4880.38059496
6 1513 3789 4881.32084586
5 1514 3792 4885.17894798
4 1515 3794 4886.42583964
5 1516 3796 4887.52822883
4 1517 3798 4889.65182699
5 1518 3799 4890.11020487
4 1519 3807 4902.17894798
3 1520 3808 4903.42583964
2 1521 3810 4903.65182699
3 1522 3811 4905.00759235
2 1523 3816 4919.17894798
3 1524 3819 4927.95325833
2 1525 3821 4934.00759235
3 1526 3825 4938.55362971
2 1527 3827 4941.95325833
3 1528 3828 4944.59492685
4 1529 3832 4946.94440793
5 1530 3835 4948.65998733
4 1531 3836 4952.55362971
5 1532 3839 4957.49928212
6 1533 3843 4958.2265458
5 1534 3848 4963.94440793
4 1535 3853 4969.2265458
5 1536 3854 4969.72543817
4 1537 3856 4970.59492685
5 1538 3857 4970.7050801
6 1539 3860 4972.42913663
5 1540 3861 4973.59492685
6 1541 3863 4973.78678869
5 1542 3865 4974.49928212
4 1543 3872 4983.72543817
5 1544 3873 4984.50931751
6 1545 3875 4984.54777795
7 1546 3878 4986.05899445
6 1547 3882 4987.7050801
5 1548 3883 4989.50931751
4 1549 3885 4991.49928212
3 1550 3886 4992.72543817
4 1551 3887 4996.2128082
5 1552 3895 5000.99983735
4 1553 3896 5003.50931751
3 1554 3898 5007.7050801
2 1555 3899 5013.2128082
3 1556 3900 5015.65926665
4 1557 3906 5017.16649428
3 1558 3910 5023.50931751
2 1559 3911 5023.65926665
3 1560 3912 5027.69741177
2 1561 3914 5028.16649428
3 1562 3915 5033.81354903
4 1563 3917 5034.30960149
5 1564 3921 5037.76519854
6 1565 3923 5041.70074795
7 1566 3924 5042.5881937
8 1567 3925 5042.79827268
7 1568 3930 5044.69741177
6 1569 3934 5050.81354903
5 1570 3935 5051.30960149
6 1571 3938 5053.87412406
5 1572 3939 5054.30960149
6 1573 3942 5055.77401391
5 1574 3946 5061.69741177
4 1575 3950 5064.81354903
5 1576 3952 5065.18410798
6 1577 3953 5065.31250073
7 1578 3955 5065.36504707
8 1579 3956 5067.72956798
7 1580 3957 5068.30960149
6 1581 3962 5074.30960149
7 1582 3965 5077.41722421
8 1583 3968 5081.47942295
9 1584 3969 5081.7194077
10 1585 3970 5084.60207769
9 1586 3971 5084.69741177
8 1587 3973 5085.30960149
7 1588 3974 5087.69741177
8 1589 3976 5091.05695385
7 1590 3982 5096.30960149
8 1591 3983 5098.16984205
7 1592 3986 5100.31250073
6 1593 3988 5101.69741177
7 1594 3991 5103.86043197
8 1595 3997 5112.09229722
7 1596 3998 5113.30960149
6 1597 4000 5114.31250073
5 1598 4002 5120.31250073
6 1599 4003 5121.02337704
5 1600 4005 5121.69741177
6 1601 4006 5122.79675989
7 1602 4010 5127.36617255
8 1603 4011 5129.91745896
7 1604 4013 5130.30960149
8 1605 4018 5133.41183714
7 1606 4022 5134.31250073
8 1607 4023 5136.38904185
7 1608 4028 5138.30960149
6 1609 4029 5138.30960149
5 1610 4030 5140.31250073
6 1611 4035 5145.93524058
5 1612 4039 5153.69741177
4 1613 4040 5154.31250073
3 1614 4041 5155.30960149
2 1615 4042 5161.30960149
3 1616 4046 5176.21701476
2 1617 4048 5182.69741177
3 1618 4052 5193.78697427
2 1619 4056 5196.21701476
3 1620 4057 5196.30664914
4 1621 4059 5196.95650406
5 1622 4061 5203.1558365
6 1623 4066 5205.72913395
7 1624 4067 5206.24442627
8 1625 4074 5207.39485027
7 1626 4075 5210.78697427
6 1627 4077 5210.95650406
5 1628 4080 5213.30664914
6 1629 4081 5215.06898428
5 1630 4083 5216.30664914
4 1631 4084 5217.1558365
3 1632 4087 5223.24442627
4 1633 4088 5223.42875689
3 1634 4090 5227.78697427
4 1635 4094 5232.9215094
3 1636 4098 5235.06898428
4 1637 4099 5239.21030287
3 1638 4101 5246.42875689
4 1639 4102 5247.06484053
3 1640 4106 5249.42875689
2 1641 4109 5256.21030287
3 1642 4110 5256.24057476
4 1643 4114 5257.2676798
3 1644 4116 5264.06484053
4 1645 4117 5266.02074996
3 1646 4123 5270.24057476
2 1647 4124 5271.2676798
1 1648 4127 5277.02074996
2 1649 4128 5282.04678012
1 1650 4132 5299.04678012
2 1651 4134 5306.00859253
3 1652 4135 5316.74947157
4 1653 4137 5318.97974312
5 1654 4143 5328.36728455
6 1655 4145 5329.12744412
5 1656 4149 5332.00859253
4 1657 4152 5335.97974312
5 1658 4155 5336.55928388
4 1659 4157 5339.36728455
3 1660 4158 5339.74947157
2 1661 4159 5343.00859253
3 1662 4162 5348.62819878
4 1663 4164 5353.48632324
3 1664 4166 5356.55928388
4 1665 4169 5361.91092124
5 1666 4171 5363.64749033
4 1667 4173 5364.48632324
5 1668 4176 5367.3823065
6 1669 4178 5367.6228593
5 1670 4183 5374.64749033
4 1671 4185 5375.91092124
5 1672 4186 5376.25770321
4 1673 4190 5377.62819878
3 1674 4193 5384.3823065
2 1675 4196 5388.64749033
3 1676 4198 5390.96101907
4 1677 4201 5395.69925443
3 1678 4203 5396.25770321
2 1679 4208 5404.96101907
3 1680 4209 5405.29526595
2 1681 4211 5406.69925443
1 1682 4214 5413.29526595
2 1683 4215 5423.75432363
3 1684 4217 5423.83648935
4 1685 4221 5436.75646318
3 1686 4223 5437.83648935
4 1687 4226 5441.08946911
5 1688 4228 5441.99827321
4 1689 4234 5452.75432363
3 1690 4235 5455.08946911
4 1691 4236 5456.60887758
5 1692 4240 5460.21463846
4 1693 4243 5460.75432363
3 1694 4247 5462.75646318
2 1695 4248 5467.60887758
1 1696 4249 5468.75432363
2 1697 4251 5472.5891138
3 1698 4254 5474.14287884
2 1699 4258 5480.5891138
3 1700 4259 5482.02110956
4 1701 4261 5482.85441227
5 1702 4265 5488.66504193
4 1703 4267 5489.5891138
5 1704 4268 5491.53725387
6 1705 4273 5496.79583973
5 1706 4279 5502.02110956
4 1707 4280 5502.66504193
3 1708 4281 5505.53725387
2 1709 4283 5505.85441227
1 1710 4284 5508.85441227
2 1711 4285 5516.88865542
3 1712 4287 5519.58190057
4 1713 4290 5520.91760813
5 1714 4296 5530.87111255
4 1715 4298 5530.88865542
3 1716 4301 5531.91760813
4 1717 4304 5534.87320119
3 1718 4306 5536.58190057
4 1719 4307 5538.65488985
3 1720 4309 5538.88865542
4 1721 4311 5539.63046954
5 1722 4312 5543.28240671
6 1723 4316 5545.0773134
5 1724 4320 5551.87320119
6 1725 4324 5558.47100007
5 1726 4326 5558.65488985
6 1727 4329 5560.63093554
5 1728 4330 5564.65488985
4 1729 4332 5566.28240671
5 1730 4333 5566.86948562
6 1731 4335 5568.39991046
5 1732 4338 5568.87320119
6 1733 4340 5569.72791514
5 1734 4345 5577.28240671
4 1735 4346 5578.65488985
3 1736 4351 5586.28240671
4 1737 4352 5587.96793096
5 1738 4354 5592.43237357
6 1739 4355 5593.39339638
5 1740 4358 5594.28240671
4 1741 4359 5594.87320119
5 1742 4363 5604.80526524
4 1743 4365 5604.96793096
3 1744 4369 5611.28240671
4 1745 4370 5611.71320923
3 1746 4372 5617.28240671
2 1747 4377 5625.71320923
1 1748 4378 5627.80526524
2 1749 4379 5662.88594091
3 1750 4383 5678.33198966
2 1751 4385 5682.88594091
1 1752 4388 5692.33198966
2 1753 4389 5710.29947833
3 1754 4391 5717.34701957
4 1755 4395 5723.40159441
3 1756 4397 5724.29947833
4 1757 4403 5734.22807334
5 1758 4405 5735.9459828
6 1759 4407 5737.93154707
5 1760 4409 5740.34701957
4 1761 4413 5743.40159441
5 1762 4415 5743.66712149
4 1763 4416 5745.22807334
5 1764 4425 5754.74471877
4 1765 4426 5754.93154707
5 1766 4428 5755.34195788
4 1767 4431 5755.9459828
5 1768 4433 5758.18146324
4 1769 4434 5759.22807334
3 1770 4440 5769.9459828
2 1771 4441 5769.9459828
1 1772 4442 5771.93154707
2 1773 4443 5782.21099433
3 1774 4445 5787.23047226
4 1775 4450 5790.53532118
5 1776 4451 5791.31932261
4 1777 4456 5799.21099433
3 1778 4458 5801.23047226
2 1779 4459 5801.53532118
3 1780 4462 5814.38341153
4 1781 4464 5817.60123607
3 1782 4470 5828.21099433
2 1783 4471 5831.38341153
1 1784 4472 5834.60123607
2 1785 4473 5836.36665008
3 1786 4477 5846.8489209
4 1787 4479 5848.04627816
3 1788 4481 5850.36665008
4 1789 4482 5852.59605602
5 1790 4484 5855.76779039
6 1791 4485 5857.015699
7 1792 4487 5858.10316361
8 1793 4488 5858.36625662
9 1794 4491 5859.70404608
10 1795 4492 5860.05831931
11 1796 4498 5866.36889947
12 1797 4499 5866.59797356
11 1798 4503 5872.59605602
10 1799 4504 5872.8489209
9 1800 4507 5872.8489209
8 1801 4509 5877.04627816
9 1802 4513 5883.66111917
8 1803 4514 5886.8489209
9 1804 4516 5887.01547828
8 1805 4524 5889.8489209
7 1806 4526 5894.04627816
8 1807 4527 5894.43099119
7 1808 4528 5895.59605602
6 1809 4530 5895.59605602
7 1810 4533 5896.92320035
6 1811 4535 5897.04627816
5 1812 4537 5900.8489209
6 1813 4544 5904.84012917
5 1814 4545 5907.59605602
4 1815 4547 5908.8489209
3 1816 4548 5909.59605602
2 1817 4551 5911.04627816
1 1818 4552 5916.8489209
2 1819 4553 5932.31190965
3 1820 4555 5937.47187874
4 1821 4559 5939.5333564
5 1822 4561 5942.57608998
6 1823 4565 5949.6425474
7 1824 4569 5950.69621923
6 1825 4571 5951.47187874
5 1826 4573 5952.31190965
4 1827 4574 5953.5333564
3 1828 4577 5960.47187874
4 1829 4578 5961.06514545
5 1830 4583 5962.3942706
6 1831 4585 5964.22776771
5 1832 4589 5965.47187874
4 1833 4593 5972.06514545
5 1834 4594 5972.42444945
4 1835 4598 5978.31190965
3 1836 4599 5982.3942706
2 1837 4602 5982.47187874
3 1838 4603 5984.53673408
4 1839 4605 5988.15434142
3 1840 4607 5989.42444945
4 1841 4608 5989.45216893
5 1842 4614 5997.64378032
6 1843 4617 5998.29207593
7 1844 4618 5998.65823241
6 1845 4623 6002.15434142
5 1846 4626 6003.45216893
4 1847 4627 6004.53673408
5 1848 4630 6011.78430631
4 1849 4634 6015.45216893
3 1850 4635 6015.65823241
4 1851 4636 6016.39682949
3 1852 4638 6019.78430631
2 1853 4639 6020.64378032
3 1854 4642 6027.83687919
4 1855 4644 6032.32841844
3 1856 4648 6039.39682949
2 1857 4649 6047.83687919
3 1858 4652 6056.4693493
4 1859 4654 6057.98618463
5 1860 4656 6058.1513577
4 1861 4658 6058.32841844
5 1862 4660 6060.28130414
4 1863 4668 6068.98618463
3 1864 4671 6075.1513577
2 1865 4673 6077.28130414
1 1866 4674 6079.4693493
2 1867 4676 6089.37299038
3 1868 4677 6092.17915311
4 1869 4679 6092.80446864
5 1870 4685 6099.54082162
4 1871 4687 6100.37299038
5 1872 4691 6104.2785994
6 1873 4693 6105.73442964
7 1874 4698 6109.60649136
6 1875 4700 6109.80446864
7 1876 4702 6111.02942141
6 1877 4703 6115.17915311
5 1878 4704 6119.54082162
4 1879 4705 6119.54082162
3 1880 4706 6119.54082162
2 1881 4710 6123.60649136
3 1882 4711 6124.37560818
4 1883 4713 6124.91463373
5 1884 4715 6126.31061682
4 1885 4717 6126.60649136
5 1886 4718 6126.94866858
6 1887 4728 6135.20807928
5 1888 4729 6137.94866858
4 1889 4731 6138.37560818
3 1890 4732 6143.31061682
2 1891 4733 6147.91463373
3 1892 4736 6152.06166924
4 1893 4739 6157.61840721
3 1894 4743 6160.94866858
4 1895 4744 6164.772389
5 1896 4746 6165.62191612
4 1897 4748 6166.06166924
3 1898 4749 6169.06166924
4 1899 4753 6169.94831311
3 1900 4757 6173.62191612
4 1901 4758 6173.82502437
5 1902 4765 6182.67211741
4 1903 4767 6183.94831311
5 1904 4768 6185.34711664
4 1905 4769 6187.772389
5 1906 4771 6190.25133976
4 1907 4772 6190.82502437
5 1908 4774 6195.23767521
4 1909 4781 6207.772389
3 1910 4783 6212.94831311
2 1911 4787 6222.82502437
1 1912 4788 6224.772389
2 1913 4789 6224.8300745
3 1914 4791 6225.44375294
4 1915 4793 6225.58255359
3 1916 4799 6230.44375294
4 1917 4801 6231.73299177
5 1918 4802 6236.6387461
6 1919 4805 6239.75653337
5 1920 4808 6241.8300745
6 1921 4809 6244.91115786
7 1922 4810 6245.29492227
6 1923 4812 6247.44375294
7 1924 4815 6251.8600489
8 1925 4816 6254.48398644
7 1926 4818 6255.44375294
8 1927 4821 6256.55875044
7 1928 4825 6261.8300745
6 1929 4826 6263.44375294
5 1930 4829 6264.8300745
6 1931 4830 6268.93823265
7 1932 4831 6270.32661096
8 1933 4836 6276.35568759
7 1934 4838 6278.8300745
6 1935 4840 6280.44375294
7 1936 4841 6288.71571439
8 1937 4844 6293.15365189
7 1938 4850 6300.44375294
6 1939 4855 6304.8300745
7 1940 4856 6309.94694587
6 1941 4858 6310.32841844
7 1942 4861 6312.17952173
6 1943 4865 6314.44375294
5 1944 4872 6324.32841844
6 1945 4874 6327.38843024
5 1946 4875 6328.44375294
6 1947 4876 6333.67110284
5 1948 4878 6336.8300745
4 1949 4879 6339.8300745
5 1950 4885 6341.33828412
6 1951 4887 6342.52247571
5 1952 4889 6350.67110284
4 1953 4890 6353.32841844
5 1954 4891 6354.9855902
6 1955 4893 6355.29604118
7 1956 4894 6355.30667273
6 1957 4897 6359.32841844
7 1958 4900 6362.30552261
6 1959 4904 6367.33828412
5 1960 4906 6370.67110284
6 1961 4907 6372.36370639
7 1962 4910 6376.12113581
6 1963 4914 6377.9855902
5 1964 4915 6378.33828412
6 1965 4917 6380.32242336
7 1966 4920 6383.25808726
6 1967 4922 6387.67110284
7 1968 4929 6392.07222558
8 1969 4932 6393.58141954
7 1970 4934 6395.33828412
6 1971 4935 6397.9855902
5 1972 4937 6398.67110284
4 1973 4939 6400.06166924
5 1974 4942 6402.36945499
4 1975 4948 6406.33828412
3 1976 4950 6407.36945499
4 1977 4953 6408.46615251
3 1978 4955 6412.67110284
4 1979 4957 6412.71907518
5 1980 4958 6414.89394405
4 1981 4962 6419.46615251
3 1982 4967 6420.9855902
4 1983 4969 6423.2573267
5 1984 4972 6426.21872563
6 1985 4973 6428.65791584
5 1986 4975 6433.46615251
4 1987 4977 6434.9855902
5 1988 4978 6435.57515783
6 1989 4979 6438.0806449
7 1990 4984 6444.77811583
6 1991 4985 6451.9855902
7 1992 4988 6453.20940721
8 1993 4989 6453.21600331
7 1994 4993 6456.46615251
6 1995 4997 6468.9855902
5 1996 5003 6474.94831311
4 1997 5007 6477.9855902
3 1998 5011 6479.46615251
2 1999 5014 6488.9855902
1 2000 5015 6491.94831311
0 2001 5016 6499.46615251
0 2002 5018 6639.33828412
