#data counter step time
0 1 0 0.0
1 2 1 0.0
2 3 12 11.8278234827
3 4 14 25.0615579962
4 5 17 27.1545324251
5 6 21 29.6665834543
4 7 23 31.8278234827
3 8 26 37.8278234827
2 9 27 39.0615579962
1 10 30 46.6665834543
2 11 31 50.4451497713
3 12 35 62.1416088355
2 13 37 67.4451497713
3 14 40 78.5347187079
2 15 44 86.5347187079
1 16 45 88.1416088355
2 17 46 95.2450868357
3 18 48 96.8466223093
4 19 50 100.083912741
5 20 52 100.809024337
4 21 60 112.245086836
3 22 63 114.083912741
2 23 64 114.809024337
1 24 65 125.846622309
2 25 66 125.874159658
3 26 68 127.283817381
2 27 74 142.874159658
3 28 75 143.690859181
2 29 79 150.283817381
1 30 80 160.690859181
2 31 81 162.537565055
3 32 83 163.291247793
4 33 85 164.44834971
3 34 89 174.291247793
4 35 92 174.701187875
3 36 96 181.44834971
4 37 99 182.406114451
3 38 101 182.537565055
4 39 102 184.135515533
3 40 104 188.701187875
4 41 105 189.40244633
5 42 111 193.961665509
4 43 113 195.135515533
5 44 114 197.146458953
4 45 120 202.406114451
5 46 121 202.571680734
6 47 125 204.8273208
5 48 127 204.961665509
6 49 128 207.086734244
7 50 130 207.389378213
6 51 132 209.40244633
7 52 136 209.716903749
6 53 137 211.146458953
7 54 141 212.888268888
6 55 145 218.8273208
7 56 146 218.911079202
6 57 152 221.8273208
5 58 153 222.571680734
6 59 154 222.882012875
5 60 156 224.086734244
6 61 157 225.51902276
5 62 161 226.40244633
4 63 162 226.888268888
5 64 163 229.060682986
4 65 167 229.8273208
3 66 172 233.51902276
2 67 173 233.882012875
3 68 174 233.926764959
2 69 176 237.060682986
3 70 177 237.095190512
2 71 183 241.926764959
1 72 184 254.095190512
2 73 185 281.095014988
3 74 187 284.216920441
4 75 189 284.361982597
3 76 197 298.216920441
2 77 198 301.095014988
1 78 199 301.361982597
2 79 200 310.081594104
3 80 202 312.514312107
4 81 205 315.474207118
3 82 211 327.081594104
2 83 212 329.514312107
3 84 213 329.682598425
2 85 215 333.081594104
3 86 218 349.782208479
4 87 220 351.112153627
3 88 222 355.682598425
4 89 227 368.57078775
3 90 229 369.782208479
2 91 230 371.112153627
1 92 233 379.57078775
2 93 234 381.811371155
3 94 238 388.857266105
4 95 242 389.96429587
3 96 244 392.811371155
4 97 247 398.117993814
5 98 249 398.174116009
6 99 253 399.627081941
5 100 255 399.857266105
4 101 256 403.96429587
3 102 257 406.174116009
4 103 260 406.773392309
5 104 264 411.413449557
6 105 268 415.361524191
5 106 270 417.773392309
4 107 271 418.117993814
3 108 272 419.627081941
4 109 273 421.014857773
5 110 280 427.57587674
4 111 284 428.413449557
3 112 285 429.361524191
4 113 286 431.644059813
5 114 288 433.295266534
6 115 290 434.223685839
5 116 292 438.014857773
4 117 295 441.014857773
5 118 300 444.60685502
4 119 302 448.223685839
3 120 305 451.644059813
2 121 306 453.295266534
3 122 307 454.553342256
2 123 311 455.60685502
3 124 312 458.718798099
2 125 314 459.553342256
3 126 315 460.32851854
4 127 317 465.531020206
5 128 321 470.197177279
6 129 323 471.184689496
7 130 327 473.329887477
6 131 333 480.32851854
5 132 336 481.718798099
6 133 337 483.951635495
5 134 339 485.531020206
4 135 342 488.184689496
5 136 343 490.057077686
4 137 345 490.197177279
5 138 346 492.393171554
4 139 352 497.32851854
5 140 353 497.792528912
6 141 357 500.777538049
5 142 359 501.057077686
6 143 360 503.223945652
5 144 362 503.393171554
4 145 363 503.951635495
5 146 365 504.865310459
4 147 373 514.792528912
5 148 374 516.331466547
4 149 376 517.792528912
5 150 377 519.114737973
4 151 379 520.223945652
3 152 380 520.777538049
4 153 381 521.048762199
5 154 383 521.572405383
6 155 389 526.821517752
7 156 391 527.539636588
8 157 393 529.2557983
7 158 401 533.114737973
6 159 403 535.048762199
5 160 406 537.821517752
4 161 407 538.572405383
3 162 408 539.331466547
4 163 409 542.592687667
3 164 411 544.048762199
2 165 412 547.114737973
3 166 415 557.583453521
4 167 417 558.621918646
5 168 419 559.751812552
6 169 421 561.597053537
7 170 424 562.250387527
6 171 427 565.592687667
7 172 431 567.196834087
8 173 432 569.652238038
7 174 436 572.597053537
6 175 437 572.621918646
5 176 442 576.751812552
4 177 443 580.583453521
3 178 444 582.751812552
4 179 445 583.366366128
3 180 449 588.751812552
4 181 451 589.534868266
5 182 452 595.503637024
4 183 454 595.652238038
5 184 455 595.838805415
6 185 460 596.462339679
7 186 464 602.015203743
6 187 468 603.366366128
7 188 470 605.60605111
6 189 471 606.366366128
5 190 477 609.838805415
4 191 478 610.462339679
3 192 479 613.015203743
2 193 480 616.015203743
1 194 481 624.503637024
2 195 483 630.9079907
3 196 486 631.175003316
4 197 491 637.872475211
3 198 495 644.9079907
2 199 496 644.9079907
3 200 497 646.324840238
2 201 499 651.872475211
1 202 502 660.324840238
2 203 503 683.826239343
3 204 507 691.402508016
4 205 509 691.730336724
3 206 511 691.826239343
4 207 516 697.323026502
3 208 518 705.730336724
2 209 521 708.402508016
3 210 522 712.825807237
4 211 524 713.706327503
3 212 526 717.323026502
4 213 529 724.678978625
5 214 533 727.06963637
4 215 535 730.706327503
3 216 539 735.825807237
4 217 541 736.167399333
5 218 542 737.071763789
6 219 543 738.236700439
5 220 545 738.678978625
6 221 549 740.723568791
7 222 552 744.774207006
8 223 553 746.320638817
7 224 555 746.678978625
8 225 556 746.992856565
7 226 561 750.06963637
8 227 562 750.765024535
7 228 565 751.678978625
8 229 566 756.028303574
9 230 567 758.600952063
8 231 573 768.678978625
7 232 575 771.678978625
6 233 576 776.06963637
7 234 578 781.105348921
8 235 579 786.33198179
9 236 582 788.70143534
10 237 585 792.773087715
9 238 587 802.06963637
8 239 589 803.678978625
7 240 595 808.678978625
6 241 597 810.06963637
7 242 598 814.199961261
8 243 603 819.794252475
7 244 606 825.678978625
8 245 607 826.720763407
7 246 609 827.06963637
8 247 610 832.645735743
7 248 615 842.678978625
8 249 618 844.278990246
9 250 619 845.083764951
8 251 623 845.678978625
9 252 624 847.026617533
8 253 630 853.503637024
7 254 632 853.678978625
8 255 633 854.205768261
7 256 635 856.503637024
6 257 639 862.06963637
7 258 642 864.452340895
8 259 643 866.647571582
7 260 645 867.678978625
8 261 646 872.404785264
7 262 648 873.503637024
6 263 654 881.678978625
5 264 656 882.06963637
6 265 657 884.370813201
7 266 658 890.202204887
8 267 659 891.650442285
9 268 664 892.381715807
8 269 668 895.678978625
7 270 669 896.503637024
6 271 674 904.503637024
7 272 675 904.7276803
6 273 678 908.06963637
5 274 680 909.678978625
6 275 688 920.351611027
5 276 690 924.503637024
4 277 692 925.06963637
3 278 693 926.678978625
4 279 700 936.003787529
3 280 702 941.503637024
4 281 703 945.832864044
5 282 704 946.796821477
6 283 705 948.244944575
5 284 708 951.06963637
4 285 712 955.503637024
5 286 716 962.039923968
4 287 721 968.706327503
5 288 722 968.798606219
4 289 726 971.06963637
3 290 730 973.798606219
2 291 734 981.503637024
3 292 735 991.73826113
2 293 737 993.825807237
3 294 738 994.15970891
4 295 742 1001.73440289
3 296 746 1011.15970891
4 297 747 1011.65675617
5 298 751 1020.17541044
4 299 753 1021.73440289
3 300 756 1026.73826113
2 301 757 1031.65675617
3 302 760 1033.3082275
2 303 764 1044.73440289
3 304 765 1047.58170924
4 305 769 1051.4818464
3 306 773 1053.3082275
4 307 774 1058.01761739
3 308 776 1061.58170924
2 309 777 1062.4818464
3 310 779 1064.5418084
4 311 783 1071.79654653
5 312 785 1074.7689244
4 313 789 1078.01761739
3 314 790 1078.01761739
2 315 791 1079.79654653
1 316 794 1094.7689244
2 317 795 1107.5172194
3 318 797 1110.0004397
4 319 799 1110.9981895
5 320 803 1114.63313678
4 321 805 1115.5172194
5 322 806 1119.18173745
6 323 813 1133.36269124
5 324 815 1135.5172194
4 325 817 1136.0004397
3 326 818 1136.9981895
4 327 821 1140.93962053
3 328 823 1146.5172194
4 329 824 1146.79395208
5 330 828 1148.7488439
6 331 831 1150.54937291
7 332 834 1157.56630777
6 333 836 1160.79395208
5 334 839 1162.0004397
4 335 840 1163.93962053
5 336 841 1166.02096959
6 337 850 1172.64218132
5 338 852 1174.79395208
4 339 853 1176.0004397
3 340 854 1177.02096959
2 341 855 1179.0004397
3 342 858 1189.00249595
4 343 862 1199.0747984
3 344 864 1200.79395208
4 345 865 1201.59850079
5 346 867 1201.77957222
6 347 868 1202.76034578
5 348 870 1206.00249595
6 349 876 1210.37838026
5 350 882 1219.0747984
6 351 883 1219.94317041
5 352 885 1220.00249595
6 353 886 1221.37370097
5 354 888 1221.59850079
6 355 894 1223.5067336
5 356 895 1224.59850079
4 357 899 1228.67897863
5 358 901 1229.97486279
4 359 903 1232.37370097
5 360 904 1232.63391896
4 361 907 1236.94317041
5 362 909 1239.83789675
6 363 910 1240.35082024
5 364 914 1242.67897863
6 365 917 1247.47020112
5 366 919 1247.94317041
6 367 920 1248.99136183
5 368 921 1252.37370097
6 369 925 1256.49274719
5 370 927 1256.67897863
6 371 928 1257.01547023
7 372 933 1260.53207983
6 373 935 1263.37370097
7 374 936 1264.04033884
8 375 938 1264.08489886
9 376 941 1267.60018358
8 377 946 1270.94317041
9 378 947 1271.49875435
8 379 951 1274.37370097
9 380 952 1275.23406681
8 381 954 1275.94317041
7 382 957 1282.67897863
8 383 958 1284.47359506
7 384 960 1285.67897863
8 385 963 1291.19061089
7 386 966 1292.94317041
6 387 968 1294.37370097
5 388 972 1299.67897863
6 389 973 1300.03781883
7 390 974 1303.52931183
8 391 976 1303.95564634
9 392 979 1305.02593155
10 393 982 1307.94653028
9 394 988 1309.94317041
8 395 989 1309.94317041
9 396 990 1310.53576189
8 397 993 1311.37370097
9 398 995 1312.5998822
8 399 997 1313.67897863
9 400 998 1314.41598484
8 401 1001 1315.94317041
9 402 1002 1318.73032843
8 403 1004 1319.37370097
7 404 1006 1323.94317041
8 405 1007 1324.43080496
9 406 1010 1326.88422179
10 407 1015 1330.47751423
9 408 1017 1333.37370097
10 409 1019 1336.05839831
11 410 1021 1336.31281812
12 411 1028 1338.22639461
11 412 1032 1339.67897863
10 413 1035 1343.94317041
11 414 1036 1344.10465264
12 415 1037 1346.1117519
11 416 1039 1346.94317041
10 417 1040 1349.94317041
9 418 1042 1350.37370097
8 419 1044 1352.06963637
9 420 1045 1353.67136605
10 421 1048 1358.96064575
9 422 1050 1359.67897863
8 423 1055 1363.94317041
7 424 1059 1364.37370097
6 425 1064 1372.06963637
5 426 1066 1373.67897863
4 427 1070 1377.94317041
3 428 1074 1383.06963637
2 429 1075 1387.37370097
1 430 1076 1387.37370097
2 431 1079 1393.11190788
3 432 1081 1394.99492558
4 433 1088 1407.29253241
3 434 1090 1413.11190788
4 435 1091 1413.76723558
3 436 1092 1414.99492558
4 437 1094 1419.98698781
3 438 1097 1424.11190788
4 439 1099 1426.027373
5 440 1102 1429.09338166
6 441 1107 1436.359984
5 442 1108 1437.99492558
6 443 1111 1440.10288364
5 444 1112 1444.11190788
6 445 1117 1446.96025628
5 446 1124 1452.11190788
4 447 1125 1452.59850079
5 448 1126 1452.8663956
6 449 1128 1455.11826216
7 450 1130 1460.09615636
6 451 1131 1460.99492558
5 452 1139 1466.99492558
4 453 1140 1469.11826216
3 454 1141 1469.99492558
2 455 1142 1472.8663956
1 456 1143 1474.99492558
2 457 1144 1477.13351891
3 458 1146 1479.69303109
4 459 1150 1484.30635758
3 460 1156 1494.13351891
2 461 1157 1495.30635758
3 462 1158 1496.21556505
4 463 1160 1502.12428419
3 464 1162 1505.69303109
2 465 1167 1510.21556505
1 466 1168 1513.12428419
2 467 1169 1524.61115346
3 468 1171 1524.68294928
4 469 1173 1525.68441745
5 470 1176 1529.73252519
4 471 1184 1535.68294928
5 472 1185 1538.69766506
4 473 1186 1539.68441745
3 474 1190 1541.61115346
2 475 1191 1541.68294928
3 476 1192 1546.86926153
2 477 1194 1547.68441745
3 478 1197 1549.12854601
2 479 1201 1557.86926153
3 480 1202 1560.37183791
2 481 1204 1563.12854601
3 482 1207 1567.71205206
4 483 1209 1572.4759971
5 484 1211 1577.07736402
4 485 1214 1580.37183791
5 486 1218 1586.31524358
4 487 1221 1590.71205206
5 488 1225 1592.31268825
4 489 1226 1592.4759971
3 490 1228 1594.37183791
4 491 1232 1596.96088118
3 492 1235 1601.71205206
4 493 1236 1603.98356426
3 494 1239 1606.4759971
4 495 1242 1613.95512446
3 496 1244 1615.71205206
4 497 1249 1621.77569437
3 498 1251 1622.94317041
4 499 1252 1624.10989384
5 500 1254 1625.60168697
4 501 1256 1627.95512446
5 502 1264 1637.83151918
6 503 1266 1640.8014992
7 504 1268 1641.74958056
6 505 1270 1641.77569437
5 506 1271 1641.95512446
4 507 1272 1647.10989384
5 508 1276 1649.07573132
4 509 1280 1654.83151918
5 510 1281 1657.16653475
6 511 1283 1657.63944392
5 512 1285 1657.83151918
4 513 1286 1658.77569437
5 514 1287 1661.03550602
4 515 1293 1666.07573132
3 516 1298 1671.63944392
4 517 1299 1675.33770123
3 518 1301 1680.16653475
2 519 1302 1684.03550602
1 520 1305 1692.33770123
2 521 1306 1701.35423658
1 522 1310 1706.35423658
2 523 1311 1728.95177361
3 524 1315 1737.3610297
4 525 1317 1739.47761815
3 526 1319 1739.95177361
4 527 1322 1745.27957497
5 528 1328 1746.80007434
6 529 1330 1749.70171786
5 530 1332 1751.3610297
4 531 1333 1753.27957497
5 532 1334 1754.73247723
4 533 1336 1759.47761815
5 534 1342 1764.20797447
6 535 1346 1764.91011273
7 536 1348 1766.1583585
6 537 1350 1768.3610297
5 538 1351 1771.73247723
4 539 1354 1772.80007434
3 540 1355 1774.73247723
2 541 1358 1775.91011273
3 542 1359 1778.95274295
4 543 1361 1780.80186863
5 544 1365 1785.30816366
4 545 1367 1791.3610297
3 546 1372 1795.95274295
4 547 1373 1799.83627939
3 548 1375 1802.30816366
2 549 1376 1809.80186863
3 550 1377 1815.05484927
4 551 1381 1815.83972454
3 552 1386 1822.83627939
2 553 1387 1826.05484927
3 554 1390 1832.58253726
2 555 1394 1843.58253726
3 556 1395 1849.2337989
2 557 1397 1850.83972454
1 558 1400 1860.2337989
2 559 1402 1865.79577441
3 560 1404 1866.75025678
4 561 1408 1872.83231455
3 562 1411 1877.75025678
4 563 1414 1880.27740941
3 564 1420 1889.83231455
4 565 1421 1890.75070801
3 566 1423 1891.27740941
2 567 1426 1891.79577441
3 568 1427 1894.78441985
2 569 1429 1901.75070801
1 570 1432 1917.78441985
2 571 1433 1921.19646706
3 572 1437 1932.62794604
4 573 1439 1938.56210048
3 574 1443 1941.19646706
4 575 1444 1941.24471749
5 576 1448 1943.93435319
6 577 1450 1944.80452815
7 578 1451 1945.026923
6 579 1457 1952.56210048
5 580 1458 1952.62794604
6 581 1460 1953.59973066
5 582 1462 1958.24471749
4 583 1463 1960.93435319
5 584 1466 1964.38414187
6 585 1472 1965.8005208
5 586 1473 1969.62794604
6 587 1477 1971.42336668
5 588 1480 1975.38414187
4 589 1482 1975.56210048
3 590 1483 1978.24471749
4 591 1484 1978.60100966
3 592 1486 1980.62794604
4 593 1490 1983.08376763
3 594 1491 1986.60100966
4 595 1495 1991.10083428
3 596 1497 1992.38414187
4 597 1499 1995.37918018
5 598 1502 1995.49664265
6 599 1504 1996.11103798
5 600 1507 1998.38414187
6 601 1512 2003.36507306
5 602 1514 2009.37918018
4 603 1515 2009.49664265
3 604 1517 2011.10083428
4 605 1518 2012.95566036
3 606 1524 2020.37918018
4 607 1525 2020.72010059
5 608 1529 2023.01042084
6 609 1530 2024.96961108
7 610 1531 2027.23605349
6 611 1533 2029.49664265
7 612 1538 2033.76342071
6 613 1539 2035.95566036
7 614 1541 2041.18473069
8 615 1542 2042.01374498
9 616 1543 2042.55362456
8 617 1545 2043.49664265
9 618 1546 2043.7594628
10 619 1547 2045.91048003
9 620 1551 2046.72010059
10 621 1552 2049.20781643
9 622 1553 2049.95566036
10 623 1558 2055.28847741
11 624 1561 2057.28016368
10 625 1566 2060.72010059
9 626 1571 2066.95566036
8 627 1572 2066.95566036
7 628 1573 2071.72010059
6 629 1576 2072.49664265
5 630 1585 2083.95566036
4 631 1586 2085.72010059
3 632 1587 2086.49664265
4 633 1589 2087.0947893
3 634 1590 2089.95566036
4 635 1595 2095.32776098
5 636 1597 2100.65714421
4 637 1599 2100.95566036
3 638 1600 2103.95566036
4 639 1601 2105.85381555
3 640 1607 2115.32776098
4 641 1608 2115.72360388
3 642 1610 2117.65714421
4 643 1613 2122.09920282
5 644 1615 2124.66317615
6 645 1617 2125.61716373
5 646 1619 2128.85381555
6 647 1622 2130.53701497
7 648 1625 2133.50697597
8 649 1626 2134.22281574
9 650 1629 2134.84819208
8 651 1632 2139.09920282
7 652 1635 2142.85381555
8 653 1636 2144.78477503
7 654 1638 2147.66317615
6 655 1639 2147.72360388
7 656 1645 2156.61108666
8 657 1646 2158.20904374
9 658 1650 2160.72804999
8 659 1651 2162.85381555
7 660 1656 2167.72360388
6 661 1658 2168.09920282
5 662 1664 2172.72360388
4 663 1667 2173.66317615
3 664 1668 2179.66317615
4 665 1670 2179.67618694
3 666 1672 2179.85381555
4 667 1673 2181.73871797
5 668 1677 2184.19980714
4 669 1681 2188.09920282
5 670 1682 2193.54896022
4 671 1684 2195.73871797
5 672 1685 2196.12528567
6 673 1690 2198.01875269
5 674 1694 2199.67618694
4 675 1696 2203.73871797
5 676 1697 2204.41499435
4 677 1699 2205.09920282
3 678 1700 2205.09920282
4 679 1702 2206.63407617
3 680 1708 2210.67618694
4 681 1711 2213.02889963
3 682 1715 2218.41499435
2 683 1718 2224.02889963
3 684 1719 2229.33834521
4 685 1723 2236.06514948
3 686 1725 2237.33834521
2 687 1726 2239.67618694
3 688 1729 2245.00241033
4 689 1731 2247.57800771
5 690 1733 2247.59664248
4 691 1735 2250.06514948
5 692 1737 2255.24142704
6 693 1738 2257.09767195
7 694 1739 2257.32886196
8 695 1742 2257.67435761
7 696 1748 2265.00241033
8 697 1750 2266.01031243
7 698 1751 2267.57800771
6 699 1757 2270.06514948
5 700 1758 2271.00241033
6 701 1761 2271.66804256
7 702 1762 2274.72259776
6 703 1767 2278.06514948
7 704 1768 2278.92084601
6 705 1770 2279.00241033
7 706 1771 2281.13444385
6 707 1774 2284.57800771
5 708 1775 2286.06514948
6 709 1777 2289.97996652
5 710 1779 2290.57800771
6 711 1781 2292.15513811
7 712 1784 2294.18941548
8 713 1785 2294.91271945
7 714 1791 2300.06514948
6 715 1793 2301.57800771
5 716 1796 2302.00241033
4 717 1801 2307.57800771
5 718 1802 2310.78280491
4 719 1803 2311.06514948
3 720 1805 2313.00241033
4 721 1808 2320.85504372
5 722 1810 2323.04069059
6 723 1813 2324.87693942
5 724 1814 2330.57800771
4 725 1819 2337.06514948
3 726 1823 2340.85504372
4 727 1824 2345.62860733
3 728 1826 2347.57800771
2 729 1828 2350.57800771
3 730 1829 2355.88312479
4 731 1834 2361.94161077
3 732 1837 2371.62860733
4 733 1839 2371.91872224
3 734 1842 2375.88312479
2 735 1844 2379.62860733
3 736 1847 2383.83978655
4 737 1849 2390.14763345
3 738 1853 2392.88312479
4 739 1854 2393.13553815
3 740 1855 2397.83978655
2 741 1861 2409.88312479
1 742 1862 2411.83978655
2 743 1863 2414.2344055
3 744 1866 2415.12732904
4 745 1867 2415.55874893
5 746 1869 2416.36467819
4 747 1874 2422.2344055
5 748 1876 2427.85112544
6 749 1880 2432.76333821
7 750 1882 2433.92025978
6 751 1883 2434.2344055
7 752 1884 2437.37494598
8 753 1885 2437.93329574
7 754 1890 2442.2344055
6 755 1896 2444.55874893
5 756 1897 2445.2344055
6 757 1900 2450.7086997
7 758 1901 2452.02134354
6 759 1903 2452.76333821
7 760 1905 2454.34914177
6 761 1913 2461.09920282
5 762 1915 2461.55874893
4 763 1916 2462.2344055
3 764 1918 2464.09920282
4 765 1919 2467.54042074
5 766 1922 2471.49768038
4 767 1926 2472.76333821
5 768 1929 2474.3082429
6 769 1931 2477.16324384
5 770 1934 2478.54042074
6 771 1935 2480.42890188
5 772 1938 2481.54042074
4 773 1940 2484.09920282
3 774 1943 2491.3082429
2 775 1944 2492.09920282
3 776 1947 2496.05537702
2 777 1949 2498.54042074
3 778 1950 2501.01486864
2 779 1956 2506.01486864
1 780 1957 2510.05537702
2 781 1958 2518.97263842
1 782 1962 2529.97263842
2 783 1963 2541.13697754
3 784 1965 2541.93147983
4 785 1969 2545.15890298
3 786 1973 2552.13697754
2 787 1976 2555.93147983
3 788 1977 2556.78728724
2 789 1981 2562.15890298
1 790 1982 2570.78728724
2 791 1983 2578.3746327
3 792 1985 2589.55777991
4 793 1989 2592.61692165
3 794 1995 2600.61692165
4 795 1996 2602.07001524
3 796 2000 2604.3746327
4 797 2001 2605.65151504
5 798 2005 2607.55668069
4 799 2006 2609.55777991
3 800 2008 2613.07001524
4 801 2009 2616.02153496
3 802 2013 2616.65151504
2 803 2016 2626.55777991
3 804 2017 2629.24219951
2 805 2021 2637.24219951
3 806 2022 2637.6584698
4 807 2024 2639.8934787
5 808 2028 2641.998225
4 809 2029 2642.02153496
3 810 2034 2651.6584698
2 811 2037 2656.8934787
3 812 2038 2657.47172204
2 813 2040 2662.02153496
3 814 2041 2669.90629587
2 815 2047 2677.90629587
1 816 2048 2683.47172204
2 817 2050 2684.00501455
3 818 2052 2691.59368745
4 819 2054 2692.16757211
3 820 2058 2696.59368745
4 821 2060 2699.46302577
3 822 2067 2710.00501455
4 823 2068 2711.79207035
3 824 2070 2712.16757211
4 825 2073 2713.05375412
3 826 2075 2722.46302577
4 827 2078 2723.94637322
5 828 2080 2724.17199032
6 829 2082 2729.36148553
5 830 2090 2733.05375412
6 831 2091 2733.7195495
5 832 2092 2737.94637322
4 833 2096 2741.17199032
3 834 2097 2743.79207035
2 835 2100 2750.05375412
1 836 2101 2754.94637322
2 837 2102 2763.4367139
1 838 2106 2771.4367139
2 839 2107 2775.3533951
3 840 2111 2784.74368577
2 841 2115 2789.74368577
1 842 2116 2792.3533951
2 843 2117 2795.71890846
3 844 2121 2801.12954732
2 845 2123 2806.71890846
1 846 2126 2815.12954732
2 847 2127 2832.17800188
3 848 2129 2840.75970205
4 849 2131 2840.76661905
5 850 2135 2843.5748688
6 851 2137 2848.66845298
5 852 2139 2848.76661905
4 853 2148 2857.5748688
3 854 2149 2858.17800188
4 855 2150 2859.08057227
5 856 2152 2860.23382608
4 857 2154 2865.76661905
3 858 2155 2866.75970205
4 859 2158 2867.44696432
3 860 2164 2877.23382608
2 861 2165 2878.44696432
3 862 2166 2883.52909746
2 863 2170 2888.08057227
1 864 2171 2891.52909746
2 865 2172 2893.94449333
3 866 2176 2909.05710356
4 867 2178 2913.32752223
5 868 2182 2918.11479381
6 869 2188 2919.48944925
5 870 2192 2922.94449333
6 871 2193 2925.35832378
5 872 2195 2927.32752223
4 873 2196 2929.11479381
5 874 2197 2929.5206994
6 875 2199 2929.95768948
7 876 2201 2931.53196009
6 877 2203 2932.05710356
5 878 2204 2932.11479381
6 879 2205 2935.19099375
5 880 2213 2939.35832378
4 881 2214 2940.05710356
5 882 2216 2940.55562753
6 883 2219 2943.43404166
5 884 2224 2946.19099375
6 885 2225 2950.92701057
7 886 2227 2952.25156367
6 887 2229 2952.5206994
5 888 2230 2952.5206994
4 889 2231 2952.95768948
5 890 2238 2964.15976467
6 891 2240 2965.32105981
5 892 2242 2969.25156367
4 893 2245 2969.43404166
5 894 2248 2972.00237703
4 895 2250 2973.92701057
3 896 2251 2976.32105981
2 897 2254 2981.15976467
3 898 2255 2982.30653153
2 899 2257 2986.00237703
3 900 2258 2986.23142978
4 901 2262 2988.27444213
5 902 2264 2990.34375041
4 903 2268 2993.30653153
5 904 2271 3001.03404421
4 905 2275 3004.34375041
3 906 2277 3006.23142978
4 907 2280 3008.00784561
3 908 2281 3011.27444213
4 909 2286 3014.64592762
3 910 2289 3021.03404421
4 911 2290 3021.59821414
3 912 2294 3024.03404421
4 913 2297 3026.77993909
3 914 2299 3029.59821414
4 915 2300 3031.2787016
5 916 2302 3033.08408814
4 917 2304 3034.64592762
3 918 2311 3042.2787016
2 919 2312 3043.77993909
1 920 2313 3048.64592762
2 921 2314 3054.5504098
3 922 2316 3060.61970355
4 923 2320 3069.68317507
3 924 2324 3074.5504098
2 925 2327 3086.61970355
1 926 2328 3086.68317507
2 927 2329 3089.05970041
1 928 2333 3094.05970041
2 929 2334 3100.34018287
3 930 2336 3100.59801627
4 931 2338 3105.11324723
5 932 2343 3107.6855654
6 933 2346 3111.11698467
7 934 2347 3112.34841567
6 935 2348 3114.34018287
5 936 2356 3119.11324723
4 937 2357 3119.34018287
3 938 2358 3120.59801627
4 939 2359 3123.05331068
5 940 2361 3123.51464558
6 941 2363 3126.08640649
5 942 2366 3128.11324723
6 943 2367 3130.07431291
5 944 2371 3134.05331068
6 945 2374 3142.0927708
5 946 2376 3142.11324723
4 947 2379 3146.51464558
5 948 2381 3147.33189432
4 949 2383 3148.05331068
5 950 2388 3154.29595823
4 951 2391 3156.11324723
3 952 2395 3163.51464558
2 953 2396 3165.05331068
1 954 2397 3173.11324723
2 955 2398 3191.66833045
3 956 2402 3195.86403309
2 957 2404 3199.66833045
3 958 2407 3209.44003737
2 959 2409 3209.86403309
3 960 2410 3212.79065137
2 961 2417 3226.44003737
1 962 2418 3229.79065137
2 963 2420 3237.07618091
1 964 2424 3254.07618091
2 965 2425 3262.31480857
3 966 2427 3265.56235452
2 967 2433 3276.31480857
1 968 2436 3285.56235452
2 969 2437 3286.92552954
3 970 2439 3286.98541352
4 971 2443 3292.33665213
5 972 2447 3294.23097424
4 973 2449 3294.92552954
5 974 2450 3295.99867042
4 975 2454 3300.98541352
5 976 2455 3301.23145062
6 977 2457 3304.25182997
5 978 2462 3309.99867042
4 979 2466 3312.33665213
3 980 2467 3318.23145062
2 981 2468 3323.23097424
3 982 2471 3332.14431056
2 983 2473 3335.99867042
3 984 2474 3336.58253989
4 985 2476 3338.93314953
5 986 2480 3340.59244874
4 987 2482 3346.14431056
3 988 2487 3350.58253989
2 989 2490 3360.59244874
1 990 2491 3364.93314953
2 991 2493 3369.08380849
3 992 2498 3381.60471512
2 993 2502 3386.08380849
3 994 2503 3386.42068549
4 995 2505 3389.25154015
3 996 2507 3395.60471512
4 997 2512 3398.7894955
5 998 2514 3398.8684066
4 999 2517 3400.42068549
3 1000 2519 3406.25154015
4 1001 2522 3409.25942619
3 1002 2524 3409.7894955
2 1003 2527 3414.42068549
1 1004 2528 3420.25942619
2 1005 2529 3429.58306973
1 1006 2533 3437.58306973
2 1007 2534 3437.62377466
3 1008 2536 3440.62922212
4 1009 2538 3441.2870451
5 1010 2542 3450.13683155
6 1011 2545 3451.09201071
5 1012 2547 3451.62377466
6 1013 2548 3451.89019981
7 1014 2553 3457.93402895
6 1015 2555 3459.62377466
5 1016 2557 3461.2870451
4 1017 2559 3463.62922212
3 1018 2562 3471.62922212
4 1019 2563 3471.77474393
5 1020 2565 3473.46835889
6 1021 2566 3473.54559869
5 1022 2571 3478.2870451
6 1023 2574 3480.46665469
5 1024 2579 3482.62377466
6 1025 2580 3488.95722178
5 1026 2581 3489.2870451
6 1027 2582 3489.36934704
5 1028 2586 3492.2870451
6 1029 2593 3496.70787563
7 1030 2594 3497.3763261
6 1031 2598 3505.62377466
5 1032 2599 3508.31480857
4 1033 2601 3509.77474393
5 1034 2602 3511.58186128
6 1035 2604 3512.21822517
5 1036 2606 3512.2870451
4 1037 2613 3522.31480857
5 1038 2614 3525.32530634
4 1039 2618 3531.62377466
3 1040 2621 3534.58186128
4 1041 2622 3535.20705168
3 1042 2624 3536.32530634
4 1043 2625 3539.62474483
3 1044 2629 3547.2870451
4 1045 2631 3547.55599019
3 1046 2635 3552.20705168
2 1047 2639 3559.62474483
1 1048 2640 3567.55599019
2 1049 2641 3577.78956091
3 1050 2644 3584.02141497
4 1051 2646 3589.85010307
5 1052 2651 3592.77272144
4 1053 2655 3597.78956091
5 1054 2656 3598.85009867
4 1055 2660 3603.85010307
3 1056 2663 3606.85010307
2 1057 2664 3613.02141497
1 1058 2665 3615.85009867
2 1059 2666 3616.91281215
3 1060 2669 3630.45241148
4 1061 2673 3633.05701244
5 1062 2675 3636.83758969
4 1063 2677 3639.91281215
5 1064 2678 3642.18606542
6 1065 2682 3643.0990807
7 1066 2684 3643.86441984
6 1067 2685 3645.91281215
7 1068 2686 3645.92824797
6 1069 2689 3650.05701244
5 1070 2696 3653.18606542
6 1071 2697 3653.96835886
5 1072 2700 3665.83758969
4 1073 2702 3666.0990807
3 1074 2705 3667.05701244
4 1075 2706 3670.30252179
5 1076 2708 3670.71035834
6 1077 2712 3675.99950387
5 1078 2714 3676.18606542
4 1079 2717 3679.83758969
3 1080 2720 3681.71035834
4 1081 2723 3688.32203305
3 1082 2725 3693.18606542
4 1083 2726 3694.05626682
3 1084 2730 3696.30252179
4 1085 2731 3697.25617522
5 1086 2733 3697.96033075
4 1087 2737 3705.05626682
5 1088 2739 3706.63851997
4 1089 2745 3708.32203305
3 1090 2746 3711.25617522
4 1091 2747 3716.17427142
3 1092 2749 3717.96033075
4 1093 2752 3723.80727504
3 1094 2754 3723.96033075
2 1095 2755 3724.17427142
3 1096 2758 3734.32003742
4 1097 2760 3735.23618273
3 1098 2766 3746.23618273
2 1099 2767 3746.80727504
1 1100 2769 3754.32003742
2 1101 2770 3756.44215828
3 1102 2773 3761.90136308
4 1103 2775 3762.77716931
5 1104 2780 3766.5789798
4 1105 2786 3773.44215828
3 1106 2787 3775.90136308
4 1107 2789 3777.26862858
3 1108 2791 3779.77716931
4 1109 2792 3779.83984166
3 1110 2794 3782.77716931
4 1111 2799 3784.65113562
3 1112 2801 3787.83984166
4 1113 2803 3791.23639857
5 1114 2807 3793.21609408
4 1115 2809 3794.26862858
3 1116 2810 3798.65113562
4 1117 2811 3799.77526684
3 1118 2817 3807.65113562
4 1119 2818 3808.19600333
3 1120 2820 3810.21609408
4 1121 2822 3812.4842753
5 1122 2823 3813.62028795
6 1123 2825 3815.13018612
7 1124 2827 3816.14689486
8 1125 2831 3818.9227403
7 1126 2833 3819.77526684
6 1127 2837 3822.19600333
5 1128 2838 3825.19600333
4 1129 2839 3827.62028795
3 1130 2846 3838.13018612
4 1131 2847 3838.74471458
3 1132 2849 3845.19600333
4 1133 2852 3848.74652155
3 1134 2854 3852.74471458
2 1135 2855 3854.77526684
3 1136 2859 3858.87199993
2 1137 2862 3865.74652155
3 1138 2865 3872.11041941
2 1139 2869 3884.87199993
1 1140 2870 3886.11041941
2 1141 2871 3887.41742452
1 1142 2875 3898.41742452
2 1143 2876 3899.96365572
3 1144 2878 3902.3246049
4 1145 2882 3906.54497441
3 1146 2884 3910.96365572
4 1147 2889 3921.16640568
3 1148 2893 3923.54497441
2 1149 2894 3925.3246049
3 1150 2895 3925.57011755
2 1151 2897 3929.16640568
3 1152 2898 3930.71784333
4 1153 2900 3930.94721989
5 1154 2906 3938.07488531
6 1155 2909 3941.27781415
5 1156 2911 3945.57011755
4 1157 2912 3950.94721989
5 1158 2914 3952.00722797
6 1159 2915 3956.51318985
5 1160 2919 3959.71784333
6 1161 2920 3960.63037802
5 1162 2927 3967.71784333
4 1163 2928 3968.57011755
3 1164 2930 3970.94721989
4 1165 2936 3981.5345081
3 1166 2940 3990.71784333
2 1167 2941 3993.71784333
3 1168 2942 3994.94514158
4 1169 2944 3995.12843866
3 1170 2946 3995.5345081
4 1171 2947 4000.77509868
5 1172 2951 4004.43592428
6 1173 2954 4005.55758903
5 1174 2958 4008.94514158
4 1175 2959 4012.12843866
3 1176 2963 4014.77509868
4 1177 2964 4016.03447617
5 1178 2966 4018.79233496
6 1179 2969 4019.44640886
7 1180 2972 4020.98840997
6 1181 2975 4022.94514158
7 1182 2976 4023.08686939
6 1183 2978 4023.12843866
5 1184 2980 4024.03447617
6 1185 2983 4026.2478624
7 1186 2984 4029.37523068
6 1187 2989 4032.03447617
7 1188 2991 4035.81183527
8 1189 2992 4036.82551499
7 1190 2998 4039.94514158
6 1191 2999 4042.94514158
7 1192 3001 4047.92478387
6 1193 3002 4049.03447617
5 1194 3005 4052.03447617
4 1195 3007 4052.12843866
5 1196 3009 4052.22670093
6 1197 3010 4053.60098818
5 1198 3014 4059.94514158
4 1199 3016 4060.12843866
5 1200 3019 4065.52247182
6 1201 3022 4075.89812503
5 1202 3024 4078.03447617
4 1203 3030 4082.94514158
5 1204 3031 4085.69737528
4 1205 3032 4086.03447617
3 1206 3034 4086.12843866
2 1207 3040 4093.94514158
3 1208 3041 4098.03545552
2 1209 3045 4106.03447617
1 1210 3047 4106.03545552
2 1211 3048 4107.83628004
3 1212 3050 4117.28923074
4 1213 3055 4119.93891464
3 1214 3059 4127.83628004
2 1215 3060 4128.28923074
3 1216 3061 4132.16996441
2 1217 3065 4142.93891464
3 1218 3066 4144.89218669
4 1219 3070 4147.09660447
5 1220 3072 4148.36478212
6 1221 3073 4150.664918
5 1222 3079 4155.16996441
6 1223 3082 4159.54189801
5 1224 3083 4161.09660447
4 1225 3085 4161.89218669
5 1226 3087 4161.95976847
4 1227 3088 4163.16996441
5 1228 3092 4165.65044993
6 1229 3095 4169.34331172
5 1230 3097 4172.09660447
4 1231 3098 4172.89218669
5 1232 3102 4175.09379734
4 1233 3108 4180.16996441
5 1234 3109 4182.76572191
4 1235 3112 4189.09660447
3 1236 3114 4192.89218669
2 1237 3115 4194.16996441
3 1238 3120 4202.77353759
2 1239 3122 4209.09660447
3 1240 3123 4209.54752436
2 1241 3127 4219.77353759
1 1242 3130 4229.54752436
2 1243 3131 4229.85317373
3 1244 3133 4234.80405622
2 1245 3139 4240.85317373
3 1246 3140 4241.34609019
2 1247 3144 4245.80405622
3 1248 3145 4246.58756292
2 1249 3147 4249.34609019
3 1250 3148 4249.39142588
4 1251 3152 4251.71935667
5 1252 3154 4252.39042218
4 1253 3159 4257.39142588
3 1254 3163 4262.71935667
4 1255 3164 4263.72546062
3 1256 3166 4265.39142588
4 1257 3168 4266.58672899
3 1258 3169 4269.58756292
4 1259 3171 4273.58182137
5 1260 3175 4277.7096638
6 1261 3176 4281.1414113
5 1262 3179 4283.72546062
6 1263 3182 4288.39386066
7 1264 3186 4291.9707058
6 1265 3187 4294.72546062
7 1266 3189 4295.4338816
6 1267 3191 4295.58756292
5 1268 3195 4299.72546062
4 1269 3196 4300.72546062
5 1270 3200 4305.8418647
4 1271 3204 4312.58756292
3 1272 3208 4313.72546062
2 1273 3209 4322.72546062
1 1274 3210 4326.58756292
2 1275 3211 4328.13862014
3 1276 3213 4329.18774931
4 1277 3215 4329.50971829
5 1278 3216 4335.05045775
6 1279 3218 4335.94096973
5 1280 3225 4345.13862014
6 1281 3226 4345.69470682
5 1282 3227 4346.18774931
6 1283 3228 4348.1337135
5 1284 3230 4349.18774931
6 1285 3231 4350.75673027
7 1286 3234 4358.93369864
8 1287 3235 4360.99139603
9 1288 3238 4364.32242895
10 1289 3239 4365.3341483
9 1290 3241 4368.13862014
10 1291 3242 4371.16993768
9 1292 3245 4372.18774931
10 1293 3253 4382.40164627
11 1294 3254 4383.79648876
10 1295 3256 4385.13862014
9 1296 3257 4386.18774931
8 1297 3261 4389.18774931
9 1298 3265 4393.57318875
10 1299 3270 4402.00936245
9 1300 3272 4402.13862014
8 1301 3274 4406.18774931
9 1302 3275 4406.38140927
8 1303 3276 4407.1549509
9 1304 3280 4408.50846092
10 1305 3284 4416.61530893
11 1306 3285 4417.20772794
12 1307 3286 4419.42172253
11 1308 3288 4420.18774931
10 1309 3293 4421.1549509
11 1310 3294 4423.40439806
12 1311 3297 4429.45891556
11 1312 3300 4434.18774931
10 1313 3305 4437.13862014
11 1314 3306 4438.56257238
10 1315 3307 4440.13862014
9 1316 3310 4441.1549509
8 1317 3318 4448.13862014
7 1318 3323 4451.18774931
6 1319 3324 4452.1549509
5 1320 3325 4454.13862014
4 1321 3326 4455.1549509
5 1322 3329 4456.12957635
4 1323 3331 4457.13862014
3 1324 3334 4462.13862014
2 1325 3338 4465.18774931
3 1326 3340 4466.119236
2 1327 3343 4470.12957635
1 1328 3347 4478.12957635
2 1329 3348 4483.46808362
3 1330 3350 4486.42181424
2 1331 3354 4491.46808362
3 1332 3359 4504.64735925
4 1333 3360 4505.34049686
3 1334 3362 4508.46808362
2 1335 3365 4516.46808362
3 1336 3367 4516.99880774
4 1337 3368 4518.21100892
5 1338 3369 4524.36286313
4 1339 3373 4533.46808362
5 1340 3374 4542.93506692
4 1341 3377 4553.46808362
5 1342 3379 4559.30485834
4 1343 3383 4567.46808362
5 1344 3386 4571.76926533
4 1345 3390 4575.46808362
5 1346 3393 4577.11742358
6 1347 3397 4586.93339545
5 1348 3401 4589.46808362
6 1349 3402 4592.21985938
5 1350 3405 4594.65712822
4 1351 3407 4595.46808362
5 1352 3408 4602.54189068
6 1353 3409 4602.98587599
5 1354 3413 4606.46808362
6 1355 3414 4609.83872779
7 1356 3417 4614.60946077
6 1357 3418 4614.65712822
5 1358 3422 4617.46808362
4 1359 3425 4625.65712822
5 1360 3428 4627.56705505
6 1361 3429 4628.72052722
7 1362 3430 4629.58003321
6 1363 3431 4631.46808362
7 1364 3433 4634.36497214
8 1365 3436 4636.95988062
7 1366 3441 4642.46808362
6 1367 3443 4645.65712822
7 1368 3449 4655.47370898
6 1369 3450 4656.46808362
5 1370 3452 4659.46808362
4 1371 3454 4659.65712822
5 1372 3457 4663.88992195
6 1373 3458 4665.75256569
7 1374 3459 4667.20933245
8 1375 3460 4669.88500074
7 1376 3464 4670.65712822
8 1377 3467 4676.82091762
7 1378 3476 4687.65712822
6 1379 3477 4687.65712822
5 1380 3483 4693.65712822
4 1381 3485 4694.17550562
3 1382 3486 4694.46808362
4 1383 3487 4700.93409485
3 1384 3489 4703.17550562
4 1385 3492 4705.88065391
5 1386 3494 4709.78590888
4 1387 3496 4710.65712822
5 1388 3503 4720.34202989
4 1389 3504 4723.93409485
3 1390 3508 4725.88065391
4 1391 3509 4728.49567093
3 1392 3511 4733.65712822
2 1393 3516 4737.93409485
1 1394 3518 4739.49567093
2 1395 3520 4751.16506937
3 1396 3524 4760.70901866
2 1397 3526 4765.16506937
3 1398 3527 4767.39741237
4 1399 3531 4770.08398021
3 1400 3535 4780.70901866
2 1401 3536 4793.39741237
3 1402 3537 4793.44870092
2 1403 3543 4800.70901866
1 1404 3544 4810.44870092
2 1405 3545 4817.25192621
3 1406 3549 4822.40298189
2 1407 3551 4825.25192621
1 1408 3554 4833.40298189
2 1409 3555 4838.30106731
3 1410 3557 4841.07022274
2 1411 3561 4846.07022274
3 1412 3564 4853.91932811
2 1413 3566 4858.30106731
3 1414 3567 4858.46991453
4 1415 3569 4861.95493783
5 1416 3574 4865.59468527
4 1417 3576 4867.91932811
5 1418 3577 4870.10090848
4 1419 3581 4875.91932811
5 1420 3584 4880.6761068
4 1421 3586 4881.46991453
5 1422 3589 4886.66454053
4 1423 3591 4886.91932811
5 1424 3592 4888.67487842
6 1425 3595 4896.65445183
5 1426 3596 4898.46991453
4 1427 3603 4906.91932811
3 1428 3605 4909.46991453
2 1429 3608 4916.90812119
3 1430 3609 4919.54875062
4 1431 3615 4925.40996222
5 1432 3619 4929.44754253
6 1433 3622 4931.77897343
7 1434 3626 4934.13683349
8 1435 3627 4934.26118912
9 1436 3628 4934.74672141
8 1437 3629 4935.91932811
7 1438 3632 4939.40996222
6 1439 3635 4942.40996222
5 1440 3637 4942.54875062
4 1441 3642 4946.44754253
5 1442 3643 4948.78995946
4 1443 3645 4949.91932811
5 1444 3646 4955.58972476
4 1445 3650 4956.40996222
5 1446 3655 4959.40805421
6 1447 3657 4961.44952396
5 1448 3659 4962.54875062
4 1449 3662 4963.58972476
5 1450 3663 4965.01621604
4 1451 3665 4965.78995946
3 1452 3667 4967.40805421
4 1453 3668 4969.1301906
5 1454 3672 4975.1754755
6 1455 3676 4978.11101938
5 1456 3680 4979.54875062
4 1457 3681 4983.1301906
5 1458 3682 4983.27641602
4 1459 3688 4988.01621604
5 1460 3690 4988.85851502
6 1461 3692 4991.87099981
5 1462 3694 4992.11101938
6 1463 3698 4994.85937948
5 1464 3700 4995.1754755
4 1465 3705 5000.27641602
5 1466 3706 5003.3852449
4 1467 3710 5005.85851502
3 1468 3711 5006.1754755
2 1469 3714 5014.3852449
1 1470 3715 5018.11101938
2 1471 3716 5021.12079333
3 1472 3718 5021.92168625
4 1473 3720 5028.29679964
3 1474 3726 5035.12079333
4 1475 3727 5040.90347445
5 1476 3733 5045.55927012
6 1477 3735 5046.83947558
7 1478 3736 5048.65218749
6 1479 3737 5048.90347445
5 1480 3742 5050.92168625
4 1481 3743 5051.29679964
3 1482 3747 5056.55927012
2 1483 3748 5059.90347445
1 1484 3749 5062.90347445
2 1485 3750 5077.73204396
3 1486 3754 5098.62543044
2 1487 3756 5100.73204396
3 1488 3759 5106.13299539
4 1489 3761 5107.08562891
3 1490 3763 5112.62543044
4 1491 3764 5112.80252796
3 1492 3770 5123.13299539
2 1493 3771 5124.08562891
3 1494 3772 5126.92446411
4 1495 3776 5136.68530268
3 1496 3780 5138.80252796
4 1497 3781 5140.78285682
5 1498 3783 5142.94585808
6 1499 3785 5144.24169736
5 1500 3789 5149.92446411
6 1501 3792 5150.30971035
5 1502 3793 5151.78285682
4 1503 3797 5153.94585808
5 1504 3798 5154.22766649
4 1505 3806 5159.68530268
5 1506 3807 5159.78898418
4 1507 3809 5163.92446411
5 1508 3810 5167.1592227
4 1509 3812 5168.78285682
5 1510 3815 5173.90930459
4 1511 3817 5174.22766649
5 1512 3819 5174.5774694
6 1513 3820 5176.34115756
5 1514 3824 5185.78898418
6 1515 3827 5187.72618141
7 1516 3830 5190.68264953
6 1517 3832 5193.1592227
7 1518 3833 5193.59019645
8 1519 3834 5194.50315511
7 1520 3841 5202.90930459
6 1521 3843 5205.78898418
5 1522 3844 5205.78898418
4 1523 3849 5207.1592227
3 1524 3850 5213.90930459
4 1525 3855 5222.21893849
5 1526 3857 5226.80661086
4 1527 3859 5228.78898418
5 1528 3862 5230.74110052
4 1529 3864 5232.01621604
5 1530 3869 5237.70767445
4 1531 3871 5238.74110052
3 1532 3872 5239.21893849
4 1533 3873 5239.39489411
5 1534 3875 5244.68763594
4 1535 3881 5249.80661086
3 1536 3882 5250.39489411
2 1537 3885 5254.70767445
1 1538 3886 5258.68763594
2 1539 3887 5263.16815671
3 1540 3889 5266.94792838
4 1541 3892 5270.37536015
5 1542 3896 5271.64356847
6 1543 3900 5274.57403748
5 1544 3902 5274.94792838
6 1545 3904 5277.16028315
7 1546 3905 5278.44634963
6 1547 3909 5279.64356847
7 1548 3910 5281.61644987
6 1549 3917 5286.94792838
7 1550 3918 5288.03385413
6 1551 3920 5289.16815671
7 1552 3921 5295.77203775
6 1553 3923 5296.64356847
5 1554 3924 5297.57403748
4 1555 3925 5300.57403748
5 1556 3928 5301.5513134
6 1557 3931 5303.29770614
7 1558 3937 5307.05929364
6 1559 3939 5307.64356847
7 1560 3941 5310.67667504
6 1561 3947 5318.16815671
5 1562 3948 5318.5513134
4 1563 3949 5318.94792838
3 1564 3950 5321.64356847
4 1565 3951 5323.20182115
3 1566 3953 5324.16815671
4 1567 3954 5324.31593954
3 1568 3956 5324.5513134
4 1569 3959 5334.1512254
3 1570 3963 5340.20182115
4 1571 3964 5342.78538833
5 1572 3966 5346.40925688
6 1573 3970 5349.04442936
5 1574 3972 5350.31593954
6 1575 3973 5351.44036358
7 1576 3974 5351.46123232
8 1577 3978 5353.55103462
7 1578 3980 5354.1512254
8 1579 3984 5358.04830167
9 1580 3989 5360.62407562
8 1581 3991 5362.1512254
7 1582 3993 5362.78538833
8 1583 3994 5363.05549696
9 1584 3996 5363.72101731
10 1585 3997 5365.43969148
9 1586 4002 5366.40925688
8 1587 4006 5367.1512254
7 1588 4007 5367.31593954
6 1589 4008 5367.31593954
5 1590 4014 5373.78538833
6 1591 4015 5374.48575031
5 1592 4021 5379.1512254
4 1593 4022 5380.40925688
5 1594 4024 5381.28355016
4 1595 4026 5384.1512254
3 1596 4027 5384.31593954
2 1597 4030 5385.48575031
3 1598 4032 5388.26374901
4 1599 4034 5390.59014862
5 1600 4036 5393.80808623
6 1601 4039 5394.62438591
5 1602 4043 5401.1512254
6 1603 4047 5408.1926576
5 1604 4049 5408.26374901
4 1605 4051 5413.59014862
3 1606 4054 5418.1512254
4 1607 4057 5420.26377799
5 1608 4061 5424.01670578
6 1609 4062 5424.14234687
5 1610 4063 5425.26374901
6 1611 4067 5425.93622474
5 1612 4071 5433.59014862
4 1613 4072 5434.26377799
3 1614 4076 5437.26377799
4 1615 4077 5440.73205705
5 1616 4079 5442.10643003
6 1617 4081 5442.14956878
5 1618 4082 5442.26374901
4 1619 4087 5448.26374901
3 1620 4089 5454.73205705
4 1621 4090 5455.6275096
3 1622 4092 5456.10643003
4 1623 4095 5464.31821536
5 1624 4098 5467.19080732
4 1625 4099 5468.26374901
5 1626 4104 5468.3967534
4 1627 4107 5472.31821536
3 1628 4109 5472.6275096
4 1629 4110 5473.04864091
5 1630 4112 5475.24255092
6 1631 4113 5476.64579063
5 1632 4116 5481.31821536
4 1633 4120 5489.6275096
3 1634 4122 5489.6275096
4 1635 4124 5489.9352371
5 1636 4127 5495.69610772
6 1637 4131 5504.1286155
5 1638 4132 5506.6275096
4 1639 4134 5507.31821536
3 1640 4135 5509.6275096
4 1641 4141 5517.68652149
3 1642 4142 5518.31821536
2 1643 4144 5520.6275096
3 1644 4145 5521.11523228
4 1645 4147 5521.79078766
5 1646 4148 5521.80322629
6 1647 4149 5523.07957445
7 1648 4151 5524.9326377
6 1649 4158 5538.11523228
5 1650 4159 5544.31821536
4 1651 4161 5547.31821536
5 1652 4164 5552.07625727
6 1653 4165 5557.55582163
5 1654 4167 5558.11523228
6 1655 4172 5565.60283203
7 1656 4173 5566.48065398
6 1657 4174 5573.31821536
5 1658 4179 5575.11523228
6 1659 4182 5580.11041342
7 1660 4183 5580.80565033
6 1661 4184 5583.11523228
7 1662 4187 5586.49581337
6 1663 4189 5587.31821536
7 1664 4191 5588.41704787
8 1665 4192 5588.50753167
9 1666 4193 5592.5557068
8 1667 4198 5600.11523228
7 1668 4199 5600.11523228
6 1669 4203 5603.11523228
7 1670 4204 5604.42883819
8 1671 4206 5606.31336373
7 1672 4211 5610.31821536
6 1673 4214 5614.11523228
5 1674 4215 5614.11523228
6 1675 4217 5614.28807735
7 1676 4220 5616.31254082
6 1677 4226 5621.31821536
5 1678 4234 5627.31821536
4 1679 4236 5628.11523228
3 1680 4237 5629.40925688
2 1681 4238 5631.11523228
3 1682 4239 5633.01649839
2 1683 4244 5639.31593954
1 1684 4245 5644.01649839
2 1685 4246 5647.45757617
3 1686 4248 5657.14342795
4 1687 4250 5660.43732891
5 1688 4256 5663.0898798
4 1689 4259 5670.45757617
5 1690 4261 5670.73576552
4 1691 4262 5671.43732891
5 1692 4264 5671.6261313
4 1693 4265 5674.14342795
5 1694 4267 5675.5792402
6 1695 4274 5681.27695632
5 1696 4275 5682.43732891
6 1697 4281 5684.15079854
5 1698 4282 5685.14342795
6 1699 4284 5685.70717746
5 1700 4285 5690.43732891
4 1701 4287 5690.43732891
3 1702 4288 5690.45757617
4 1703 4291 5700.50935717
3 1704 4297 5708.14342795
2 1705 4298 5714.50935717
1 1706 4299 5716.43732891
2 1707 4300 5718.74638449
1 1708 4305 5738.74638449
2 1709 4306 5752.63393133
3 1710 4308 5753.48941839
4 1711 4310 5760.33467565
5 1712 4316 5767.46695816
6 1713 4319 5770.62616233
5 1714 4322 5773.48941839
4 1715 4323 5774.33467565
5 1716 4324 5776.3281463
4 1717 4329 5778.63393133
3 1718 4331 5781.46695816
4 1719 4334 5793.36537721
3 1720 4336 5793.46695816
4 1721 4338 5795.67469066
5 1722 4340 5796.0559682
4 1723 4341 5799.3281463
5 1724 4347 5804.89031689
4 1725 4350 5809.67469066
3 1726 4352 5810.36537721
2 1727 4353 5813.3281463
3 1728 4354 5815.18482902
4 1729 4358 5817.05395526
3 1730 4362 5820.67469066
4 1731 4364 5821.75291534
5 1732 4365 5822.0600179
4 1733 4367 5826.18482902
3 1734 4373 5836.0600179
2 1735 4374 5837.05395526
1 1736 4375 5843.05395526
2 1737 4376 5848.39068065
3 1738 4378 5860.34913265
4 1739 4382 5863.70096476
3 1740 4388 5871.39068065
4 1741 4389 5875.43057372
5 1742 4392 5878.73961006
4 1743 4394 5880.34913265
5 1744 4395 5883.69397831
4 1745 4397 5883.70096476
3 1746 4402 5889.73961006
4 1747 4405 5894.43055666
5 1748 4407 5895.21959466
4 1749 4409 5895.43057372
5 1750 4411 5896.73877679
4 1751 4414 5900.69397831
5 1752 4418 5905.21505872
4 1753 4420 5905.43055666
3 1754 4421 5905.43055666
2 1755 4422 5906.21959466
1 1756 4425 5916.21505872
2 1757 4426 5926.41083317
3 1758 4428 5930.74449739
2 1759 4432 5937.41083317
1 1760 4435 5956.74449739
2 1761 4436 5962.84602897
3 1762 4438 5967.10369523
4 1763 4442 5972.95298754
3 1764 4444 5973.84602897
2 1765 4449 5987.10369523
1 1766 4450 5989.95298754
2 1767 4451 5997.69765303
3 1768 4453 6004.74197813
4 1769 4460 6014.77579481
3 1770 4462 6017.69765303
2 1771 4463 6018.74197813
3 1772 4466 6024.98978328
4 1773 4468 6029.98368307
3 1774 4470 6034.77579481
2 1775 4475 6038.98978328
1 1776 4476 6046.98368307
2 1777 4477 6071.50229147
3 1778 4481 6081.71686913
2 1779 4483 6088.50229147
3 1780 4486 6094.30508604
4 1781 4488 6098.15644345
5 1782 4490 6098.19889955
6 1783 4492 6099.40471539
7 1784 4494 6101.13587475
6 1785 4498 6104.71686913
5 1786 4501 6110.40471539
4 1787 4502 6112.19889955
3 1788 4509 6120.30508604
4 1789 4510 6121.36742678
3 1790 4512 6124.71686913
4 1791 4513 6125.98732567
5 1792 4515 6126.75504104
4 1793 4517 6130.15644345
5 1794 4520 6132.59126195
6 1795 4522 6134.66315816
5 1796 4530 6139.98732567
6 1797 4531 6140.21237954
5 1798 4533 6141.36742678
6 1799 4534 6143.91388841
7 1800 4538 6144.38665514
8 1801 4541 6144.83446069
7 1802 4543 6146.75504104
6 1803 4545 6148.66315816
5 1804 4546 6149.59126195
6 1805 4548 6151.08368738
5 1806 4549 6151.21237954
4 1807 4555 6157.91388841
5 1808 4558 6160.39816403
4 1809 4560 6160.75504104
3 1810 4561 6162.66315816
2 1811 4562 6163.91388841
3 1812 4565 6168.78210135
4 1813 4567 6169.73706903
5 1814 4571 6176.81489069
6 1815 4573 6177.27348651
5 1816 4575 6177.39816403
4 1817 4578 6182.78210135
3 1818 4583 6192.73706903
4 1819 4584 6192.95009831
3 1820 4586 6194.27348651
2 1821 4587 6196.81489069
3 1822 4590 6200.70911597
4 1823 4592 6200.83614886
3 1824 4594 6203.95009831
4 1825 4598 6208.08402957
3 1826 4600 6208.70911597
4 1827 4602 6213.14186611
3 1828 4610 6220.83614886
2 1829 4611 6222.08402957
3 1830 4612 6222.4120938
2 1831 4614 6224.14186611
1 1832 4617 6239.4120938
2 1833 4619 6249.11586468
3 1834 4623 6257.54770879
4 1835 4624 6260.91336696
5 1836 4629 6272.98919624
4 1837 4633 6275.11586468
3 1838 4634 6275.11586468
4 1839 4635 6276.16510579
3 1840 4641 6283.91336696
2 1841 4642 6283.98919624
3 1842 4644 6284.04850364
4 1843 4645 6284.86575256
3 1844 4649 6299.16510579
2 1845 4652 6301.04850364
1 1846 4653 6307.86575256
2 1847 4654 6309.83052094
3 1848 4656 6311.08322023
4 1849 4658 6311.95119092
5 1850 4660 6313.24746785
6 1851 4665 6317.89801964
5 1852 4668 6323.83052094
6 1853 4670 6324.13313333
5 1854 4671 6325.95119092
4 1855 4674 6328.08322023
3 1856 4677 6334.83052094
4 1857 4678 6335.12158734
3 1858 4683 6339.95119092
2 1859 4686 6348.95119092
1 1860 4687 6352.12158734
2 1861 4688 6378.0139787
3 1862 4690 6378.91481914
4 1863 4692 6382.72502502
3 1864 4696 6386.91481914
4 1865 4701 6391.50273531
3 1866 4703 6393.72502502
2 1867 4704 6395.0139787
3 1868 4705 6397.89874629
4 1869 4707 6398.30747642
5 1870 4715 6405.43599437
4 1871 4716 6405.50273531
5 1872 4718 6406.27765165
6 1873 4719 6406.79915695
5 1874 4720 6412.30747642
6 1875 4724 6412.65428204
7 1876 4725 6413.2409073
6 1877 4729 6414.89874629
5 1878 4730 6416.50273531
4 1879 4732 6417.30747642
3 1880 4741 6431.89874629
4 1881 4742 6437.16514091
3 1882 4744 6437.30747642
4 1883 4747 6438.28616366
5 1884 4749 6442.03340624
4 1885 4753 6442.50273531
3 1886 4754 6451.16514091
2 1887 4757 6452.28616366
3 1888 4758 6455.70393041
4 1889 4760 6459.47751216
3 1890 4762 6462.03340624
4 1891 4765 6465.03347116
3 1892 4767 6466.70393041
4 1893 4774 6475.93685108
5 1894 4775 6478.7222586
4 1895 4777 6482.47751216
3 1896 4780 6485.03347116
4 1897 4781 6489.08602442
3 1898 4783 6489.93685108
4 1899 4786 6492.7908172
3 1900 4788 6498.7222586
4 1901 4794 6503.84778229
5 1902 4795 6505.04590666
6 1903 4797 6505.76817391
5 1904 4802 6509.08602442
6 1905 4805 6511.44972492
7 1906 4807 6511.47055285
8 1907 4808 6512.68592454
9 1908 4809 6514.49092819
8 1909 4813 6515.7908172
7 1910 4814 6515.7908172
8 1911 4815 6516.20536132
7 1912 4817 6519.76817391
8 1913 4820 6520.93878624
7 1914 4824 6522.04590666
6 1915 4825 6523.7908172
7 1916 4833 6532.05798643
6 1917 4834 6534.44972492
5 1918 4836 6534.7908172
4 1919 4839 6542.76817391
3 1920 4843 6546.7908172
2 1921 4844 6548.44972492
1 1922 4846 6551.04590666
2 1923 4847 6575.48901568
3 1924 4849 6577.68074278
4 1925 4852 6579.53309089
5 1926 4855 6586.05225577
4 1927 4862 6592.48901568
3 1928 4863 6600.68074278
2 1929 4864 6600.68074278
3 1930 4866 6601.34622729
2 1931 4868 6603.05225577
3 1932 4869 6606.18479682
4 1933 4876 6623.55877525
5 1934 4877 6624.11676245
6 1935 4878 6624.21567048
5 1936 4881 6624.34622729
6 1937 4882 6626.50233025
5 1938 4886 6629.18479682
6 1939 4888 6635.2268106
5 1940 4889 6635.34622729
6 1941 4890 6639.19499063
5 1942 4892 6641.34622729
6 1943 4895 6643.9168193
7 1944 4896 6647.86619744
8 1945 4897 6651.10849624
7 1946 4898 6655.18479682
8 1947 4906 6663.78014221
9 1948 4907 6665.36383466
10 1949 4908 6666.01969644
9 1950 4909 6667.34622729
10 1951 4912 6668.15429961
9 1952 4913 6669.18479682
8 1953 4919 6672.18479682
9 1954 4920 6672.59162601
10 1955 4921 6673.50914674
9 1956 4922 6681.34622729
8 1957 4927 6687.34622729
7 1958 4928 6689.18479682
6 1959 4929 6695.18479682
7 1960 4931 6696.32104032
8 1961 4938 6705.85888552
7 1962 4940 6707.34622729
6 1963 4943 6718.18479682
7 1964 4949 6725.31040766
8 1965 4950 6726.72713934
7 1966 4951 6727.34622729
8 1967 4953 6728.96719669
7 1968 4954 6729.18479682
8 1969 4956 6731.7320479
7 1970 4960 6734.7222586
8 1971 4963 6739.99986837
9 1972 4964 6740.44727295
8 1973 4966 6747.34622729
9 1974 4969 6747.78815297
10 1975 4970 6748.25506626
9 1976 4972 6749.18479682
10 1977 4973 6751.41132803
9 1978 4977 6757.7222586
8 1979 4980 6764.34622729
7 1980 4989 6772.76817391
8 1981 4990 6774.04337654
7 1982 4994 6775.18479682
6 1983 4995 6777.7222586
7 1984 4997 6779.72316242
8 1985 5001 6780.47788179
7 1986 5008 6783.18479682
8 1987 5009 6784.88706224
7 1988 5010 6787.34622729
6 1989 5012 6789.76817391
5 1990 5016 6791.7222586
6 1991 5017 6791.78504427
5 1992 5019 6792.18479682
6 1993 5020 6792.34843844
5 1994 5021 6794.18479682
6 1995 5025 6796.84952238
5 1996 5034 6804.34622729
4 1997 5035 6805.78504427
3 1998 5036 6806.76817391
2 1999 5037 6808.18479682
1 2000 5043 6818.34622729
0 2001 5044 6821.34622729
0 2002 5046 7019.18479682
