#data counter step time
0 1 0 0.0
1 2 1 0.0
2 3 12 9.23391115513
3 4 14 9.8163734406
4 5 16 13.2556766695
5 6 18 13.3322690836
6 7 20 13.5961068985
5 8 30 23.8163734406
4 9 31 24.2556766695
3 10 34 30.3322690836
2 11 35 32.2339111551
3 12 36 38.9580817802
2 13 38 39.5961068985
3 14 39 43.2510671803
4 15 41 46.5414666395
3 16 49 57.5414666395
2 17 50 60.2510671803
1 18 51 61.9580817802
2 19 52 67.0619136638
3 20 54 67.9583110979
4 21 60 75.7482205774
3 22 62 75.9583110979
2 23 65 78.0619136638
3 24 66 78.1633682835
2 25 68 83.7482205774
3 26 71 85.4225419015
4 27 73 86.3171508483
3 28 75 95.1633682835
4 29 78 95.9409577757
3 30 82 99.4225419015
4 31 83 101.296579161
5 32 85 102.717949988
4 33 89 106.317150848
3 34 92 110.717949988
4 35 93 110.790826661
3 36 95 112.940957776
4 37 98 117.064265538
3 38 102 121.296579161
2 39 103 121.790826661
3 40 104 123.313791045
4 41 106 123.628717082
3 42 114 131.313791045
4 43 115 132.04895861
5 44 117 132.900932936
4 45 121 137.064265538
3 46 122 143.628717082
2 47 125 146.900932936
3 48 126 147.248509691
4 49 128 150.6654498
5 50 130 153.874659587
4 51 134 155.04895861
5 52 137 159.409851651
6 53 140 159.652975829
5 54 143 161.874659587
4 55 144 164.248509691
3 56 148 170.6654498
2 57 149 176.409851651
3 58 150 179.216201325
2 59 152 179.409851651
3 60 153 183.002721301
4 61 155 183.173173466
5 62 157 184.563539113
4 63 165 190.216201325
5 64 166 191.50200696
6 65 168 193.383808413
5 66 170 197.173173466
6 67 173 198.540217312
7 68 175 199.46779805
6 69 176 200.002721301
5 70 182 201.563539113
4 71 183 207.383808413
3 72 186 214.50200696
4 73 189 220.42955818
5 74 191 222.102664265
4 75 193 223.002721301
3 76 196 227.540217312
2 77 199 234.42955818
1 78 200 239.102664265
2 79 201 257.225849404
3 80 203 258.084254211
4 81 205 258.646224699
5 82 207 260.188133663
6 83 210 260.785267977
7 84 214 261.528451665
8 85 219 267.757000498
7 86 220 268.225849404
8 87 224 270.236574541
7 88 228 274.225849404
6 89 233 278.084254211
5 90 234 278.528451665
4 91 235 278.646224699
5 92 236 281.827549592
4 93 238 283.188133663
3 94 239 284.646224699
4 95 240 284.921337197
3 96 242 287.236574541
4 97 243 292.268080748
3 98 249 304.827549592
2 99 252 310.921337197
1 100 253 315.268080748
2 101 254 319.410350099
3 102 256 324.050122712
4 103 258 324.667576266
3 104 262 330.410350099
4 105 265 331.878218188
3 106 269 338.050122712
2 107 270 341.667576266
3 108 271 341.874792972
2 109 277 348.878218188
3 110 278 353.68802487
2 111 282 358.874792972
3 112 283 359.672266967
2 113 287 373.68802487
1 114 288 376.672266967
2 115 289 380.645531032
3 116 291 385.068605249
4 117 297 392.54266807
3 118 299 397.645531032
4 119 300 399.727999605
5 120 302 400.367482104
4 121 304 402.068605249
3 122 311 410.727999605
2 123 312 415.54266807
1 124 313 417.367482104
2 125 314 424.125277716
3 126 316 426.149545674
4 127 322 431.571165854
5 128 326 433.630055924
4 129 328 437.149545674
3 130 329 439.571165854
4 131 330 439.640649112
3 132 332 441.125277716
2 133 337 447.630055924
1 134 338 450.640649112
2 135 339 461.614212875
3 136 341 464.519944994
4 137 343 465.827471021
3 138 349 472.614212875
4 139 352 474.73911638
5 140 354 477.716773698
4 141 356 479.827471021
3 142 357 481.519944994
4 143 359 482.194916213
5 144 363 491.917590074
6 145 366 492.549812176
5 146 370 494.716773698
6 147 371 496.055128971
5 148 375 500.73911638
6 149 378 502.782661665
5 150 380 503.73911638
6 151 381 506.273077016
5 152 385 509.716773698
6 153 386 510.35409796
5 154 388 511.917590074
4 155 389 516.055128971
5 156 392 519.611626863
4 157 394 520.273077016
3 158 399 525.782661665
2 159 400 527.611626863
1 160 401 536.35409796
2 161 402 549.671047294
3 162 406 558.953178155
4 163 410 563.076583509
5 164 412 566.364952801
4 165 414 566.671047294
3 166 417 572.953178155
2 167 418 574.076583509
3 168 419 578.48990142
4 169 423 585.01951933
3 170 427 592.364952801
2 171 428 592.48990142
3 172 431 595.820284301
4 173 433 599.06443762
3 174 439 605.01951933
2 175 440 606.820284301
3 176 441 607.499940511
4 177 443 607.510185213
3 178 445 613.06443762
4 179 447 615.129177185
5 180 450 620.195072433
4 181 455 621.499940511
5 182 456 622.086648131
6 183 458 622.347304746
5 184 460 624.510185213
6 185 461 624.771113939
5 186 465 630.510185213
4 187 466 631.195072433
5 188 473 635.667973093
6 189 475 636.564493656
5 190 477 639.347304746
4 191 480 642.086648131
3 192 481 650.771113939
2 193 484 653.564493656
3 194 485 657.731150646
4 195 487 660.952510642
5 196 489 664.649889356
6 197 493 665.381893843
5 198 495 667.667973093
6 199 496 669.835125762
5 200 498 671.731150646
6 201 505 677.435229321
7 202 507 679.945072074
6 203 510 680.835125762
5 204 512 680.952510642
6 205 513 681.009562476
5 206 515 682.381893843
4 207 520 693.649889356
3 208 521 694.435229321
4 209 524 702.210365708
5 210 526 702.273523796
4 211 528 704.009562476
3 212 529 709.835125762
4 213 530 710.080316021
5 214 534 715.094017509
6 215 538 720.239493279
5 216 542 722.210365708
6 217 545 723.837210683
7 218 547 724.219960228
6 219 551 725.273523796
7 220 552 725.887776025
6 221 554 726.094017509
7 222 559 732.968732877
6 223 561 733.080316021
5 224 564 734.239493279
4 225 567 740.094017509
5 226 568 743.755963627
4 227 570 743.837210683
3 228 571 747.080316021
2 229 572 748.273523796
3 230 574 749.972118119
4 231 575 750.150633223
3 232 582 755.150633223
2 233 583 757.755963627
1 234 584 763.755963627
2 235 585 765.150736168
3 236 587 772.028441019
2 237 593 779.150736168
3 238 595 786.555884523
2 239 596 789.028441019
3 240 599 794.711936066
2 241 601 797.555884523
1 242 604 802.711936066
2 243 605 804.173005599
3 244 607 806.481646566
2 245 611 812.173005599
1 246 614 817.481646566
2 247 615 819.661569242
3 248 619 823.856281945
2 249 623 827.661569242
3 250 624 829.066432555
4 251 626 831.681423766
5 252 628 832.287482093
4 253 632 834.856281945
5 254 633 837.918722859
4 255 639 843.066432555
3 256 640 846.287482093
4 257 641 847.206053832
3 258 645 848.681423766
4 259 648 855.792576137
5 260 650 858.784830011
4 261 652 860.918722859
3 262 653 864.206053832
2 263 658 872.784830011
1 264 659 875.792576137
2 265 660 877.580578994
3 266 662 881.047860698
2 267 666 891.580578994
3 268 667 898.772935769
4 269 671 900.697121385
5 270 675 906.344339012
6 271 677 906.50110004
5 272 679 910.047860698
4 273 682 912.772935769
5 274 684 913.961075843
6 275 685 914.405162591
5 276 687 914.697121385
4 277 693 923.50110004
5 278 696 928.531815538
6 279 698 930.062613872
5 280 700 932.344339012
4 281 701 935.344339012
3 282 706 942.531815538
2 283 707 943.405162591
1 284 708 947.062613872
2 285 709 947.451543738
3 286 713 961.751205115
4 287 715 963.480035508
5 288 717 967.346200756
4 289 719 967.451543738
3 290 722 971.480035508
4 291 727 982.061274863
3 292 729 984.346200756
2 293 730 984.751205115
3 294 731 992.525544653
2 295 735 997.525544653
3 296 738 1000.70208494
2 297 740 1002.06127486
1 298 743 1008.70208494
2 299 745 1020.45063129
3 300 746 1021.64783438
4 301 748 1022.89179187
3 302 756 1035.64783438
4 303 757 1039.84194681
5 304 759 1039.85517084
4 305 761 1040.45063129
5 306 764 1040.86465921
4 307 766 1042.89179187
5 308 771 1050.67037723
4 309 773 1050.84194681
3 310 774 1050.85517084
2 311 775 1051.86465921
3 312 778 1056.77324485
4 313 780 1064.78458862
5 314 782 1065.72810128
4 315 786 1067.67037723
5 316 791 1074.09524502
6 317 793 1074.54034326
5 318 795 1075.78458862
6 319 797 1076.49467741
7 320 798 1077.91250684
6 321 803 1079.72810128
5 322 804 1079.77324485
6 323 805 1082.73132716
5 324 811 1091.09524502
4 325 812 1091.54034326
3 326 813 1091.54034326
2 327 814 1091.91250684
3 328 815 1094.5209458
4 329 819 1098.10229632
5 330 822 1098.29300952
4 331 825 1102.73132716
5 332 826 1105.53697427
6 333 828 1107.02341241
7 334 830 1107.60289852
6 335 835 1108.5209458
7 336 836 1113.04050026
8 337 838 1113.68651734
7 338 845 1118.02341241
6 339 847 1118.10229632
5 340 848 1119.53697427
4 341 849 1121.10229632
5 342 854 1127.04076634
4 343 856 1127.60289852
3 344 857 1132.02341241
2 345 858 1133.04050026
3 346 861 1139.10304297
4 347 865 1148.81835098
3 348 867 1150.10304297
2 349 868 1153.04076634
3 350 869 1158.33554849
4 351 874 1162.35129643
5 352 875 1164.43388497
6 353 877 1166.2272151
5 354 879 1171.81835098
4 355 887 1178.43388497
5 356 888 1178.45578057
4 357 890 1181.33554849
3 358 891 1181.33554849
2 359 892 1183.2272151
3 360 895 1190.98647619
4 361 897 1193.36752072
3 362 901 1198.45578057
2 363 904 1204.98647619
3 364 905 1206.19804947
4 365 909 1212.97732862
3 366 911 1214.19804947
2 367 912 1219.36752072
3 368 915 1223.12605994
2 369 917 1226.97732862
3 370 918 1231.38459933
4 371 922 1233.60449028
5 372 925 1234.10759691
4 373 926 1240.12605994
5 374 932 1245.86025232
4 375 934 1247.60449028
5 376 935 1249.41638706
4 377 937 1251.38459933
3 378 938 1254.38459933
2 379 943 1260.41638706
1 380 944 1262.86025232
2 381 945 1264.51190574
1 382 949 1272.51190574
2 383 950 1288.4599398
1 384 954 1299.4599398
2 385 955 1300.36294058
1 386 959 1311.36294058
2 387 960 1320.78919281
1 388 964 1328.78919281
2 389 965 1365.02090906
3 390 967 1366.31988739
4 391 970 1366.90626411
5 392 971 1370.33632886
6 393 974 1371.28230732
7 394 975 1371.87861473
8 395 980 1373.43629581
9 396 985 1377.80910311
10 397 986 1379.87491014
9 398 987 1380.31988739
10 399 992 1382.72342565
9 400 993 1383.31988739
8 401 997 1385.02090906
7 402 1003 1388.02090906
6 403 1004 1388.87861473
7 404 1007 1392.1884332
6 405 1009 1393.33632886
5 406 1010 1393.43629581
4 407 1011 1396.02090906
3 408 1013 1397.31988739
2 409 1016 1399.43629581
3 410 1017 1400.19925217
2 411 1019 1403.1884332
3 412 1021 1409.0498497
4 413 1025 1416.5984502
5 414 1029 1422.7152698
4 415 1031 1423.19925217
3 416 1034 1432.0498497
4 417 1036 1432.23072601
5 418 1040 1435.60190547
4 419 1042 1436.5984502
5 420 1044 1437.20327565
6 421 1045 1437.59426939
5 422 1052 1445.7152698
6 423 1053 1446.63687111
5 424 1055 1448.7152698
4 425 1056 1449.60190547
5 426 1057 1449.9381772
4 427 1061 1451.59426939
5 428 1062 1457.61826648
4 429 1064 1458.60190547
3 430 1067 1460.63687111
4 431 1069 1461.78105498
3 432 1073 1466.9381772
4 433 1074 1468.25674456
5 434 1081 1473.54950626
4 435 1082 1474.61826648
3 436 1084 1475.78105498
2 437 1086 1479.25674456
3 438 1090 1494.98623792
2 439 1092 1497.61826648
3 440 1094 1500.72490137
4 441 1095 1501.42947545
3 442 1099 1505.98623792
4 443 1102 1508.88458267
5 444 1103 1509.23948728
6 445 1104 1510.03746951
7 446 1105 1510.99825217
8 447 1106 1513.34974709
7 448 1108 1513.98623792
8 449 1111 1523.58284398
7 450 1112 1524.98623792
8 451 1118 1543.31420568
7 452 1120 1544.98623792
6 453 1121 1544.98623792
7 454 1124 1558.6703202
8 455 1125 1561.48244288
7 456 1127 1561.98623792
8 457 1130 1578.35958533
7 458 1132 1578.98623792
8 459 1133 1581.04876134
9 460 1136 1583.93410954
8 461 1138 1586.98623792
7 462 1143 1600.98623792
6 463 1147 1611.98623792
7 464 1148 1612.90581624
8 465 1149 1616.23215292
7 466 1151 1617.98623792
6 467 1155 1637.98623792
7 468 1156 1640.21809362
8 469 1157 1644.71628119
9 470 1158 1649.35027736
8 471 1162 1657.98623792
9 472 1163 1661.42707061
10 473 1166 1671.45844278
9 474 1167 1671.98623792
10 475 1169 1674.99870593
11 476 1170 1679.00899309
12 477 1171 1688.07274829
13 478 1172 1688.99434177
14 479 1173 1702.82508768
15 480 1174 1703.18329969
16 481 1175 1729.0484819
17 482 1176 1729.59454749
18 483 1177 1733.90393875
19 484 1178 1734.21725848
20 485 1179 1747.91500051
21 486 1180 1750.18285322
22 487 1181 1751.22983113
23 488 1182 1755.01826592
24 489 1183 1764.42353222
25 490 1184 1764.73119929
26 491 1185 1767.44386147
27 492 1186 1775.94585971
28 493 1187 1776.86228792
29 494 1188 1782.62281838
30 495 1189 1785.55860175
31 496 1190 1802.91744509
32 497 1191 1804.73289543
33 498 1192 1806.4573343
34 499 1193 1823.80472873
35 500 1194 1824.38411266
36 501 1195 1826.97558952
37 502 1196 1827.61760545
38 503 1197 1836.81724563
39 504 1198 1839.81516969
40 505 1199 1840.06033429
41 506 1206 1854.34029722
42 507 1212 1857.45406763
43 508 1213 1859.01362478
44 509 1214 1860.58187128
43 510 1215 1862.02090906
42 511 1216 1862.02090906
41 512 1217 1862.02090906
42 513 1218 1864.81400649
41 514 1221 1865.02090906
42 515 1222 1870.85362803
43 516 1226 1876.81957761
44 517 1227 1877.8813752
43 518 1232 1879.02090906
42 519 1233 1879.02090906
43 520 1234 1879.32607527
42 521 1244 1890.02090906
41 522 1245 1890.02090906
40 523 1246 1896.02090906
39 524 1252 1899.02090906
40 525 1253 1899.81232462
41 526 1254 1900.54632258
40 527 1255 1901.02090906
39 528 1256 1907.02090906
38 529 1262 1910.02090906
37 530 1266 1913.02090906
36 531 1275 1919.63687111
35 532 1276 1922.63687111
36 533 1285 1923.60369187
35 534 1295 1927.63687111
34 535 1300 1930.02090906
33 536 1304 1930.78105498
32 537 1305 1930.78105498
31 538 1307 1931.63687111
30 539 1315 1933.02090906
29 540 1316 1933.02090906
28 541 1317 1933.63687111
27 542 1318 1935.63687111
26 543 1319 1935.63687111
27 544 1320 1935.96292845
26 545 1321 1936.63687111
27 546 1323 1937.21973816
26 547 1331 1938.63687111
25 548 1332 1939.63687111
24 549 1337 1942.78105498
23 550 1338 1944.02090906
22 551 1339 1944.02090906
21 552 1340 1944.63687111
22 553 1342 1944.67947676
21 554 1344 1947.02090906
20 555 1347 1947.78105498
19 556 1348 1947.78105498
18 557 1349 1947.78105498
17 558 1354 1955.63687111
16 559 1355 1956.78105498
17 560 1358 1958.28271145
16 561 1359 1958.63687111
15 562 1363 1961.02090906
16 563 1364 1961.48560234
15 564 1366 1961.63687111
14 565 1370 1967.78105498
15 566 1375 1970.49453608
16 567 1376 1974.27941379
15 568 1380 1975.02090906
14 569 1381 1975.02090906
13 570 1382 1976.78105498
12 571 1386 1981.02090906
13 572 1387 1981.99264099
12 573 1391 1984.63687111
11 574 1393 1987.78105498
12 575 1399 1993.35454228
11 576 1401 1995.78105498
10 577 1407 1998.02090906
9 578 1409 2001.63687111
8 579 1410 2001.63687111
9 580 1412 2002.2365238
8 581 1415 2004.63687111
7 582 1418 2006.78105498
6 583 1419 2007.63687111
7 584 1422 2009.02236212
6 585 1429 2018.02090906
7 586 1430 2018.55603461
6 587 1432 2021.63687111
7 588 1433 2022.24358893
6 589 1437 2026.78105498
5 590 1438 2026.78105498
4 591 1439 2029.63687111
5 592 1447 2037.71505172
4 593 1448 2038.02090906
5 594 1450 2040.46681954
4 595 1451 2040.63687111
3 596 1453 2040.78105498
2 597 1456 2051.63687111
3 598 1459 2062.88140861
2 599 1461 2064.02090906
3 600 1464 2070.00640055
4 601 1467 2070.45630312
5 602 1468 2075.45875179
6 603 1470 2076.69477222
5 604 1471 2076.88140861
6 605 1474 2079.83435294
5 606 1480 2084.00640055
4 607 1481 2087.00640055
5 608 1486 2090.91610741
6 609 1487 2091.4797614
7 610 1488 2092.0997029
6 611 1490 2092.45875179
7 612 1491 2094.98230413
8 613 1494 2099.71038364
7 614 1496 2099.88140861
8 615 1498 2101.13423168
7 616 1501 2102.88140861
6 617 1502 2106.45875179
5 618 1504 2107.91610741
6 619 1506 2109.7988334
7 620 1510 2113.40610244
8 621 1513 2113.75493994
7 622 1515 2116.88140861
6 623 1518 2119.88140861
7 624 1521 2121.21502831
8 625 1522 2122.35825599
7 626 1524 2123.45875179
6 627 1526 2124.88140861
7 628 1527 2126.60974577
8 629 1528 2129.72368314
7 630 1530 2130.91610741
8 631 1532 2133.9874169
9 632 1537 2140.84488826
8 633 1542 2144.88140861
7 634 1543 2147.91610741
8 635 1545 2148.37171901
7 636 1547 2149.45875179
6 637 1548 2150.91610741
5 638 1554 2158.88140861
4 639 1555 2158.91610741
5 640 1559 2162.04631178
4 641 1563 2163.45875179
3 642 1566 2166.88140861
2 643 1567 2169.91610741
3 644 1570 2171.51963481
2 645 1572 2177.45875179
3 646 1573 2181.46509832
2 647 1579 2185.51963481
1 648 1580 2195.46509832
2 649 1581 2195.72725505
3 650 1583 2196.16787097
4 651 1589 2204.89650245
3 652 1591 2206.72725505
4 653 1592 2207.07735921
5 654 1595 2212.65863907
4 655 1596 2213.16787097
5 656 1599 2216.89824847
6 657 1606 2222.36024077
7 658 1607 2224.00465918
6 659 1608 2224.07735921
5 660 1609 2227.89824847
4 661 1611 2230.07735921
3 662 1613 2230.89650245
4 663 1616 2235.26103773
3 664 1622 2244.89824847
4 665 1623 2245.70337339
3 666 1625 2246.26103773
4 667 1626 2246.75318213
5 668 1628 2251.45744111
4 669 1631 2256.07735921
5 670 1633 2258.19437188
6 671 1634 2258.44866097
5 672 1638 2263.75318213
4 673 1644 2271.75318213
3 674 1647 2274.70337339
2 675 1649 2276.07735921
3 676 1650 2276.53431687
2 677 1652 2279.75318213
3 678 1653 2285.6729365
4 679 1657 2289.17386385
5 680 1659 2289.92493971
6 681 1662 2292.44853201
5 682 1667 2299.53431687
6 683 1671 2304.61006776
5 684 1673 2305.6729365
4 685 1674 2306.92493971
3 686 1675 2309.92493971
4 687 1676 2310.85597569
3 688 1678 2312.17386385
4 689 1681 2315.16521127
3 690 1687 2324.61006776
2 691 1688 2324.85597569
1 692 1689 2326.16521127
2 693 1690 2327.46101403
1 694 1694 2341.46101403
2 695 1695 2342.71895994
3 696 1697 2344.83450401
4 697 1701 2352.24242758
5 698 1703 2352.32864555
4 699 1711 2360.24242758
3 700 1712 2361.83450401
2 701 1713 2365.71895994
3 702 1714 2367.28965425
4 703 1716 2368.44736531
5 704 1718 2368.92743755
6 705 1721 2369.88164688
7 706 1722 2369.89884418
8 707 1723 2370.4885727
9 708 1724 2371.21074858
8 709 1726 2372.32864555
9 710 1727 2374.26342643
8 711 1731 2378.28965425
9 712 1733 2378.64525137
10 713 1734 2378.88507027
9 714 1743 2384.28965425
8 715 1744 2385.44736531
7 716 1749 2388.92743755
6 717 1753 2392.32864555
5 718 1754 2394.92743755
4 719 1755 2395.28965425
3 720 1758 2396.44736531
4 721 1759 2398.72551742
3 722 1761 2399.92743755
4 723 1762 2400.02901184
5 724 1764 2403.59530127
4 725 1775 2415.72551742
3 726 1776 2417.02901184
4 727 1777 2417.04612419
5 728 1779 2423.32865123
4 729 1781 2423.59530127
3 730 1782 2424.32864555
4 731 1785 2428.51112971
5 732 1789 2431.51414807
6 733 1792 2433.02541602
5 734 1793 2434.32865123
4 735 1798 2439.51112971
3 736 1801 2443.04612419
4 737 1802 2447.41910359
3 738 1806 2448.51414807
2 739 1807 2450.02541602
1 740 1808 2455.41910359
2 741 1809 2466.54941433
3 742 1813 2483.53172614
4 743 1815 2487.10259356
3 744 1819 2492.54941433
4 745 1820 2493.36805731
3 746 1822 2494.53172614
2 747 1825 2501.10259356
3 748 1826 2502.88503835
4 749 1830 2505.46549515
5 750 1832 2507.84777408
6 751 1834 2508.00241958
5 752 1838 2510.36805731
6 753 1841 2512.46991728
7 754 1845 2512.94688689
6 755 1848 2519.46549515
5 756 1852 2521.84777408
4 757 1853 2522.88503835
3 758 1854 2525.00241958
2 759 1855 2526.46991728
3 760 1856 2527.51116698
4 761 1858 2529.38309865
5 762 1866 2541.14571876
4 763 1868 2541.51116698
3 764 1869 2542.46549515
2 765 1872 2549.14571876
1 766 1873 2549.38309865
2 767 1874 2550.03042421
3 768 1878 2554.05370378
4 769 1880 2560.83771672
5 770 1882 2561.51166421
6 771 1885 2564.44803735
5 772 1891 2570.03042421
4 773 1894 2571.05370378
3 774 1895 2574.05370378
2 775 1896 2575.51166421
3 776 1897 2578.62912447
2 777 1901 2580.83771672
3 778 1902 2587.09926428
2 779 1904 2589.62912447
3 780 1907 2593.36736424
4 781 1909 2596.29140817
3 782 1913 2601.09926428
2 783 1918 2610.29140817
1 784 1919 2610.36736424
2 785 1920 2612.26892396
3 786 1924 2623.12248735
2 787 1926 2623.26892396
3 788 1929 2631.18494248
2 789 1931 2634.12248735
3 790 1932 2640.92796145
4 791 1934 2641.12994506
5 792 1936 2641.95765149
6 793 1938 2643.27253523
5 794 1946 2649.95765149
4 795 1947 2651.92796145
5 796 1952 2659.54542248
4 797 1954 2660.18494248
3 798 1955 2660.95765149
2 799 1956 2661.12994506
3 800 1957 2665.23503431
4 801 1960 2672.42107857
5 802 1966 2680.54971819
6 803 1969 2683.53244576
5 804 1970 2685.23503431
4 805 1971 2685.23503431
3 806 1972 2685.54542248
4 807 1973 2690.36925901
5 808 1975 2690.53920526
4 809 1982 2697.54971819
3 810 1983 2698.36925901
2 811 1986 2703.54971819
1 812 1987 2707.53920526
2 813 1988 2710.63016661
3 814 1990 2711.32962304
4 815 1992 2712.11563541
5 816 1996 2716.17928679
6 817 1998 2716.33011891
7 818 1999 2717.31243976
8 819 2000 2717.52820622
7 820 2004 2723.11563541
8 821 2005 2724.17796296
7 822 2010 2727.63016661
8 823 2012 2728.95804175
7 824 2015 2731.32962304
8 825 2018 2731.84347726
9 826 2019 2732.76997467
8 827 2021 2733.17928679
9 828 2025 2738.74108202
10 829 2029 2742.81215638
11 830 2030 2744.05647196
10 831 2031 2744.63016661
9 832 2039 2746.11563541
8 833 2040 2746.63016661
7 834 2048 2751.32962304
8 835 2049 2751.41109203
7 836 2052 2754.32962304
6 837 2053 2755.63016661
5 838 2054 2756.17928679
4 839 2055 2757.11563541
5 840 2056 2757.20026999
4 841 2058 2760.11563541
3 842 2059 2762.17928679
4 843 2062 2765.40215522
3 844 2064 2768.32962304
4 845 2067 2772.93474933
3 846 2069 2777.20026999
4 847 2072 2778.57689493
3 848 2074 2782.40215522
4 849 2075 2783.8386407
5 850 2080 2789.42053101
6 851 2081 2790.38883591
5 852 2085 2795.57689493
6 853 2089 2797.15191028
5 854 2091 2798.93474933
4 855 2094 2807.57689493
3 856 2095 2809.57689493
2 857 2096 2809.8386407
1 858 2101 2821.93474933
2 859 2102 2824.82450182
3 860 2104 2834.36548346
4 861 2110 2846.63147643
3 862 2111 2850.82450182
2 863 2113 2854.36548346
1 864 2116 2864.82450182
2 865 2117 2865.21655748
1 866 2121 2879.21655748
2 867 2122 2883.16379783
3 868 2124 2884.26451419
4 869 2126 2886.39456182
5 870 2127 2887.65677201
4 871 2131 2892.26451419
5 872 2136 2902.88994641
4 873 2138 2903.16379783
3 874 2141 2914.16379783
2 875 2143 2915.26451419
3 876 2144 2917.43480666
4 877 2148 2925.38024869
3 878 2151 2934.43480666
4 879 2153 2939.54597102
5 880 2154 2940.03232153
4 881 2156 2943.16379783
5 882 2161 2950.3612263
4 883 2163 2951.43480666
3 884 2165 2957.16379783
4 885 2168 2959.82282905
5 886 2169 2966.25897381
4 887 2172 2971.43480666
5 888 2174 2974.30397236
4 889 2176 2980.16379783
5 890 2177 2980.51239871
6 891 2180 2983.46131037
7 892 2181 2984.57077949
6 893 2183 2988.43480666
5 894 2189 2997.16379783
6 895 2190 2999.36726385
7 896 2191 3002.41187384
6 897 2193 3002.43480666
7 898 2198 3009.26037843
6 899 2200 3011.16379783
7 900 2201 3015.182788
8 901 2202 3016.41758194
7 902 2206 3025.43480666
8 903 2207 3027.74179863
9 904 2208 3030.56115146
8 905 2210 3031.16379783
7 906 2220 3039.43480666
8 907 2221 3042.55851793
7 908 2225 3047.43480666
6 909 2227 3048.16379783
5 910 2228 3049.09926428
6 911 2230 3051.29635822
5 912 2236 3056.16379783
6 913 2238 3056.67058797
7 914 2239 3057.76005973
8 915 2240 3060.32898019
9 916 2244 3066.36032587
8 917 2247 3067.43480666
9 918 2249 3067.49686408
10 919 2253 3070.02682218
9 920 2254 3073.16379783
8 921 2258 3075.09926428
7 922 2259 3078.09926428
8 923 2261 3080.44814862
9 924 2262 3080.70140891
8 925 2264 3082.16379783
7 926 2265 3084.43480666
6 927 2266 3084.43480666
7 928 2268 3084.68150463
8 929 2269 3084.83584538
9 930 2274 3093.85104095
8 931 2276 3095.09926428
9 932 2279 3098.82133504
8 933 2284 3104.43480666
7 934 2286 3108.16379783
8 935 2287 3111.40103523
9 936 2293 3112.66046985
10 937 2294 3113.58470282
9 938 2296 3118.09926428
8 939 2298 3118.43480666
7 940 2299 3118.43480666
6 941 2301 3119.16379783
7 942 2304 3120.47138593
6 943 2306 3127.16379783
5 944 2311 3135.09926428
6 945 2313 3140.37735555
5 946 2315 3141.43480666
6 947 2321 3147.25507101
5 948 2326 3149.09926428
4 949 2327 3149.43480666
3 950 2328 3150.16379783
4 951 2331 3162.36607338
5 952 2333 3162.69946103
4 953 2335 3164.43480666
3 954 2336 3169.09926428
4 955 2339 3174.94669983
3 956 2341 3176.36607338
4 957 2342 3178.21456525
5 958 2346 3180.63698549
4 959 2349 3182.69946103
5 960 2351 3183.80278204
4 961 2352 3188.94669983
3 962 2359 3198.21456525
4 963 2361 3198.46455
3 964 2365 3202.69946103
2 965 2366 3202.94669983
3 966 2368 3211.60095589
4 967 2370 3212.68041688
3 968 2376 3221.46455
2 969 2379 3231.60095589
1 970 2380 3232.68041688
2 971 2381 3234.10409839
3 972 2383 3235.93402466
2 973 2387 3248.10409839
3 974 2388 3250.7812848
4 975 2390 3253.23796102
5 976 2392 3253.81788958
6 977 2401 3259.53081767
5 978 2403 3264.93402466
6 979 2404 3266.25723482
7 980 2408 3269.46798382
6 981 2409 3270.23796102
5 982 2411 3270.7812848
4 983 2412 3277.8386407
3 984 2418 3287.93402466
2 985 2419 3287.93402466
3 986 2420 3290.0421998
2 987 2422 3293.23796102
3 988 2423 3293.54114183
4 989 2426 3294.64783098
3 990 2429 3301.0421998
2 991 2433 3316.54114183
1 992 2434 3316.54114183
2 993 2435 3320.70458365
3 994 2437 3321.08013909
4 995 2439 3322.30263157
5 996 2441 3323.21621846
6 997 2446 3326.19702626
7 998 2449 3331.60101166
6 999 2453 3334.21621846
7 1000 2455 3336.85703394
8 1001 2456 3336.96509329
7 1002 2460 3337.70458365
6 1003 2462 3342.30263157
5 1004 2463 3342.30263157
4 1005 2464 3344.08013909
5 1006 2471 3351.96824317
4 1007 2473 3354.21621846
3 1008 2474 3354.70458365
4 1009 2475 3356.04990904
3 1010 2477 3356.30263157
4 1011 2478 3362.68652817
5 1012 2481 3364.91587998
6 1013 2484 3365.61917357
5 1014 2492 3374.96824317
6 1015 2493 3375.75084219
5 1016 2494 3376.04990904
6 1017 2496 3378.00590796
5 1018 2498 3379.68652817
6 1019 2500 3379.99972326
5 1020 2506 3384.91587998
4 1021 2509 3387.04990904
3 1022 2510 3387.68652817
2 1023 2511 3390.68652817
1 1024 2512 3397.96824317
2 1025 2513 3400.77684306
3 1026 2517 3408.04857012
2 1027 2519 3414.77684306
3 1028 2520 3417.95649456
4 1029 2522 3422.32745555
3 1030 2530 3433.32745555
2 1031 2531 3434.04857012
3 1032 2532 3435.19911777
2 1033 2534 3440.95649456
3 1034 2538 3445.75422182
4 1035 2540 3447.05148129
5 1036 2544 3452.13137409
4 1037 2546 3455.19911777
3 1038 2548 3456.75422182
4 1039 2551 3460.51851547
5 1040 2555 3464.30808883
6 1041 2556 3467.47618653
5 1042 2559 3469.19911777
4 1043 2561 3470.05148129
5 1044 2565 3471.93594306
6 1045 2566 3472.59924402
7 1046 2567 3473.96551415
6 1047 2569 3474.51851547
7 1048 2570 3477.85017767
6 1049 2574 3483.19911777
5 1050 2578 3493.05148129
6 1051 2582 3494.04825733
5 1052 2586 3500.51851547
4 1053 2588 3503.19911777
3 1054 2589 3504.05148129
2 1055 2592 3508.51851547
1 1056 2593 3510.05148129
2 1057 2594 3512.78215094
1 1058 2598 3523.78215094
2 1059 2599 3537.54490961
3 1060 2603 3547.65212115
2 1061 2605 3554.54490961
3 1062 2606 3556.6189607
2 1063 2612 3567.65212115
3 1064 2613 3568.22417108
2 1065 2615 3570.6189607
3 1066 2618 3576.15489923
4 1067 2620 3582.15875028
3 1068 2622 3582.22417108
4 1069 2623 3582.59293323
5 1070 2629 3588.91766425
4 1071 2633 3590.15489923
3 1072 2634 3596.59293323
4 1073 2635 3602.05834831
3 1074 2637 3602.15875028
4 1075 2640 3609.26662689
3 1076 2642 3613.15489923
4 1077 2647 3618.65780411
5 1078 2649 3621.5769341
4 1079 2650 3622.05834831
3 1080 2654 3626.26662689
2 1081 2657 3632.65780411
3 1082 2658 3640.17612704
4 1083 2660 3641.17594371
3 1084 2662 3642.05834831
4 1085 2668 3655.69187079
3 1086 2670 3657.17612704
2 1087 2671 3658.17594371
3 1088 2672 3659.08055497
4 1089 2678 3667.78063855
3 1090 2680 3669.69187079
2 1091 2681 3673.08055497
3 1092 2682 3677.738925
4 1093 2684 3678.94068878
5 1094 2692 3687.83038488
4 1095 2694 3695.94068878
3 1096 2695 3696.78063855
2 1097 2696 3697.738925
3 1098 2697 3697.80199077
2 1099 2703 3704.83038488
3 1100 2704 3706.20410028
4 1101 2706 3707.35715121
3 1102 2708 3708.80199077
4 1103 2710 3709.11530155
5 1104 2711 3710.09607849
6 1105 2715 3717.86906187
7 1106 2717 3717.94329818
8 1107 2718 3719.39199303
9 1108 2719 3719.58113194
8 1109 2728 3725.86906187
7 1110 2729 3727.09607849
6 1111 2731 3727.35715121
5 1112 2735 3730.35715121
6 1113 2737 3731.1476924
5 1114 2738 3732.20410028
4 1115 2739 3733.86906187
5 1116 2742 3735.68989806
4 1117 2749 3741.09607849
3 1118 2750 3741.35715121
2 1119 2751 3741.35715121
3 1120 2752 3744.70455198
4 1121 2754 3745.95246315
5 1122 2756 3747.08224835
6 1123 2759 3747.15197992
7 1124 2760 3747.2535097
6 1125 2761 3749.68989806
5 1126 2766 3753.95246315
6 1127 2769 3757.04791111
7 1128 2773 3757.2030931
6 1129 2774 3758.70455198
5 1130 2778 3762.95246315
4 1131 2781 3767.08224835
5 1132 2782 3768.04337636
6 1133 2785 3768.7506373
5 1134 2786 3771.04791111
4 1135 2790 3772.68989806
3 1136 2791 3772.70455198
2 1137 2792 3775.70455198
3 1138 2793 3777.70758204
4 1139 2797 3780.17551748
3 1140 2799 3785.04337636
4 1141 2800 3787.03114063
5 1142 2802 3787.08930097
6 1143 2806 3789.14511565
5 1144 2810 3791.70758204
4 1145 2813 3798.03114063
3 1146 2818 3803.17551748
4 1147 2819 3805.84920842
3 1148 2823 3808.70758204
2 1149 2824 3813.08930097
1 1150 2825 3813.84920842
2 1151 2826 3822.14638349
3 1152 2830 3840.23335714
2 1153 2832 3842.14638349
3 1154 2835 3863.01474587
4 1155 2839 3864.60852428
5 1156 2841 3864.97197709
4 1157 2843 3866.23335714
3 1158 2844 3868.01474587
4 1159 2845 3868.81197784
3 1160 2853 3884.97197709
2 1161 2854 3885.81197784
3 1162 2856 3890.29471964
2 1163 2858 3890.60852428
3 1164 2859 3892.36825914
4 1165 2861 3898.31784564
5 1166 2865 3900.49320078
6 1167 2869 3906.543528
5 1168 2871 3907.29471964
4 1169 2872 3909.36825914
5 1170 2877 3910.97265227
6 1171 2883 3915.77278236
5 1172 2885 3918.31784564
4 1173 2886 3920.49320078
3 1174 2887 3920.543528
2 1175 2888 3921.97265227
1 1176 2891 3932.77278236
2 1177 2892 3936.88108829
3 1178 2894 3937.88838602
4 1179 2896 3938.17026724
5 1180 2898 3941.97232435
6 1181 2900 3943.04493108
7 1182 2904 3945.59173507
6 1183 2911 3952.97232435
5 1184 2913 3953.88108829
4 1185 2914 3954.04493108
5 1186 2915 3954.13122038
4 1187 2919 3957.88838602
5 1188 2921 3958.64366257
4 1189 2924 3964.17026724
5 1190 2928 3967.99471468
4 1191 2930 3971.13122038
5 1192 2931 3972.62809936
6 1193 2933 3973.09249061
5 1194 2937 3975.97232435
4 1195 2938 3975.97232435
5 1196 2942 3977.39540642
4 1197 2946 3981.09249061
3 1198 2947 3981.99471468
4 1199 2948 3982.08902612
3 1200 2950 3983.62809936
4 1201 2952 3985.49587619
5 1202 2956 3986.74347432
4 1203 2958 3989.62809936
5 1204 2959 3991.43235074
4 1205 2961 3993.08902612
5 1206 2962 3995.95763151
4 1207 2964 3996.08902612
5 1208 2967 3997.11754478
4 1209 2973 4003.74347432
3 1210 2974 4005.43235074
4 1211 2975 4005.55150861
3 1212 2981 4014.11754478
2 1213 2982 4019.55150861
3 1214 2983 4021.33843325
2 1215 2985 4021.95763151
3 1216 2987 4022.26367575
4 1217 2994 4034.89381589
3 1218 2996 4036.26367575
4 1219 2997 4038.93341763
5 1220 3000 4039.41297852
4 1221 3004 4047.33843325
3 1222 3005 4051.89381589
2 1223 3006 4054.89381589
3 1224 3009 4058.11373216
2 1225 3011 4070.93341763
3 1226 3014 4072.75864528
4 1227 3016 4073.56531898
3 1228 3018 4075.11373216
4 1229 3021 4077.89021891
5 1230 3023 4082.14686004
6 1231 3025 4083.81244915
7 1232 3028 4086.17286217
6 1233 3032 4086.75864528
7 1234 3035 4091.11562259
6 1235 3037 4091.89021891
5 1236 3038 4093.14686004
4 1237 3040 4093.56531898
3 1238 3045 4097.75864528
4 1239 3048 4105.68084818
3 1240 3050 4107.14686004
4 1241 3051 4110.50865623
3 1242 3053 4111.89021891
2 1243 3056 4119.68084818
3 1244 3059 4121.40058899
4 1245 3063 4129.34183492
3 1246 3065 4133.50865623
2 1247 3066 4135.40058899
3 1248 3069 4136.62634167
4 1249 3071 4142.61004194
3 1250 3073 4143.34183492
4 1251 3074 4146.0313351
3 1252 3082 4159.61004194
2 1253 3083 4159.62634167
1 1254 3084 4160.0313351
2 1255 3085 4164.41966323
3 1256 3089 4171.79679227
4 1257 3091 4175.05767134
5 1258 3095 4180.2176593
6 1259 3097 4182.48189264
5 1260 3098 4184.41966323
4 1261 3100 4185.79679227
5 1262 3101 4189.92644989
6 1263 3105 4192.77777703
7 1264 3110 4195.82986105
6 1265 3113 4200.2176593
5 1266 3115 4200.92644989
6 1267 3117 4200.96747953
7 1268 3118 4203.03633566
6 1269 3119 4204.05767134
5 1270 3122 4207.41966323
4 1271 3129 4214.92644989
3 1272 3130 4218.41966323
2 1273 3133 4224.05767134
3 1274 3134 4225.3707841
2 1275 3136 4226.2176593
3 1276 3137 4230.38644881
4 1277 3143 4243.8490023
5 1278 3145 4249.30898095
4 1279 3147 4250.38644881
3 1280 3150 4254.3707841
2 1281 3151 4257.8490023
1 1282 3154 4272.30898095
2 1283 3155 4276.19445885
3 1284 3157 4276.6906797
4 1285 3163 4287.31487418
3 1286 3167 4293.19445885
2 1287 3168 4298.31487418
1 1288 3169 4299.6906797
2 1289 3170 4300.25702685
3 1290 3172 4305.63081928
4 1291 3178 4312.82308159
5 1292 3180 4313.07534649
6 1293 3182 4313.37267214
5 1294 3184 4313.63081928
4 1295 3185 4314.25702685
5 1296 3190 4318.52583855
6 1297 3192 4321.52497821
5 1298 3194 4321.63081928
4 1299 3199 4324.07534649
3 1300 3200 4326.82308159
2 1301 3203 4332.52583855
1 1302 3204 4335.63081928
2 1303 3207 4349.69873397
3 1304 3209 4351.501596
4 1305 3211 4352.37019678
5 1306 3215 4357.93763299
4 1307 3219 4360.69873397
5 1308 3220 4360.89018699
6 1309 3221 4361.12672628
7 1310 3222 4361.18484808
8 1311 3226 4362.42032346
9 1312 3227 4364.23383904
10 1313 3231 4369.22166316
9 1314 3232 4371.69873397
8 1315 3234 4371.69873397
7 1316 3236 4372.37019678
6 1317 3238 4374.501596
7 1318 3243 4378.8365595
8 1319 3246 4380.6034847
9 1320 3247 4380.99289422
8 1321 3249 4388.501596
7 1322 3251 4389.37019678
6 1323 3253 4391.69873397
5 1324 3259 4396.501596
4 1325 3261 4403.37019678
5 1326 3267 4412.9175509
4 1327 3271 4413.501596
3 1328 3272 4414.69873397
2 1329 3274 4417.37019678
3 1330 3276 4421.88614148
2 1331 3278 4423.37019678
1 1332 3281 4429.88614148
2 1333 3282 4446.60365387
3 1334 3288 4466.90173795
2 1335 3292 4469.60365387
3 1336 3293 4470.59776329
4 1337 3295 4471.67250263
3 1338 3297 4474.90173795
4 1339 3302 4485.54018455
3 1340 3304 4487.59776329
2 1341 3305 4488.90173795
3 1342 3308 4495.63331569
2 1343 3312 4504.59776329
3 1344 3313 4512.17946324
2 1345 3315 4512.63331569
3 1346 3318 4522.23063714
2 1347 3320 4526.17946324
3 1348 3323 4526.98822807
2 1349 3325 4530.23063714
3 1350 3326 4534.31021516
4 1351 3328 4535.80915916
5 1352 3331 4537.20925813
4 1353 3335 4540.98822807
5 1354 3336 4541.47669667
6 1355 3339 4546.93866013
7 1356 3340 4548.31441224
6 1357 3342 4548.98822807
5 1358 3343 4551.31021516
4 1359 3350 4559.31021516
5 1360 3351 4559.95729209
4 1361 3353 4559.98822807
5 1362 3354 4562.98723992
6 1363 3355 4565.05909447
7 1364 3358 4569.52428029
8 1365 3359 4570.16404944
7 1366 3361 4573.98822807
8 1367 3364 4576.73135571
9 1368 3365 4579.89174114
10 1369 3366 4583.56521807
11 1370 3367 4588.38629305
10 1371 3370 4591.31021516
11 1372 3374 4594.23933322
10 1373 3376 4599.98822807
9 1374 3383 4608.31021516
10 1375 3384 4609.72627151
11 1376 3385 4611.12918878
10 1377 3388 4611.31021516
9 1378 3389 4611.31021516
10 1379 3393 4612.67799152
9 1380 3395 4622.31021516
8 1381 3398 4622.98822807
9 1382 3399 4624.03040832
8 1383 3400 4625.31021516
9 1384 3404 4627.09026778
8 1385 3409 4633.98822807
7 1386 3410 4636.98822807
8 1387 3411 4642.28444001
7 1388 3413 4642.31021516
8 1389 3417 4652.58869778
7 1390 3418 4653.98822807
6 1391 3420 4656.98822807
7 1392 3421 4657.21934558
6 1393 3425 4662.31021516
7 1394 3426 4663.8453378
8 1395 3432 4666.99604191
9 1396 3433 4668.99802158
10 1397 3434 4670.1238618
9 1398 3439 4673.98822807
10 1399 3440 4677.10958434
11 1400 3441 4678.43905277
10 1401 3443 4679.31021516
9 1402 3451 4687.31021516
8 1403 3455 4689.22158591
7 1404 3457 4690.98822807
6 1405 3460 4696.98822807
7 1406 3461 4697.94000094
6 1407 3467 4704.98822807
5 1408 3470 4709.22158591
4 1409 3471 4712.22158591
3 1410 3476 4719.31021516
4 1411 3478 4720.55181719
3 1412 3479 4723.22158591
2 1413 3481 4724.98822807
3 1414 3485 4732.72177205
4 1415 3487 4733.0139443
5 1416 3488 4734.2271656
6 1417 3491 4743.15152767
5 1418 3492 4743.22158591
4 1419 3494 4752.72177205
5 1420 3497 4753.50697695
4 1421 3501 4763.22158591
3 1422 3505 4769.22158591
2 1423 3506 4772.72177205
3 1424 3509 4779.71505649
2 1425 3511 4780.22158591
3 1426 3514 4788.63375244
4 1427 3516 4788.86247136
5 1428 3517 4789.28146954
4 1429 3523 4799.71505649
5 1430 3524 4802.92460781
6 1431 3527 4807.34526651
5 1432 3528 4810.71505649
4 1433 3532 4811.63375244
5 1434 3533 4812.5540154
6 1435 3537 4820.78560193
5 1436 3538 4823.5540154
6 1437 3545 4825.86810609
5 1438 3549 4833.71505649
4 1439 3550 4833.71505649
5 1440 3552 4836.08832421
4 1441 3553 4836.71505649
3 1442 3555 4837.5540154
2 1443 3558 4842.5540154
1 1444 3560 4846.5540154
2 1445 3561 4853.57222459
3 1446 3565 4858.6741867
2 1447 3567 4861.57222459
3 1448 3568 4864.96025316
4 1449 3569 4865.05444864
5 1450 3574 4871.84058936
4 1451 3575 4881.57222459
5 1452 3578 4894.03954038
6 1453 3582 4896.24159421
5 1454 3584 4898.57222459
4 1455 3585 4901.57222459
5 1456 3586 4911.96200478
6 1457 3587 4913.7747666
7 1458 3588 4914.35150932
8 1459 3591 4916.2161989
9 1460 3592 4916.78393476
10 1461 3593 4921.41127117
9 1462 3594 4924.57222459
10 1463 3596 4925.60636851
11 1464 3597 4925.9953167
10 1465 3603 4935.57222459
11 1466 3608 4941.39091032
12 1467 3609 4943.99961597
11 1468 3610 4946.57222459
12 1469 3611 4947.52617849
13 1470 3612 4948.75811609
12 1471 3616 4949.57222459
11 1472 3617 4949.57222459
10 1473 3622 4960.57222459
11 1474 3623 4961.6998522
10 1475 3624 4963.57222459
11 1476 3625 4965.1242877
10 1477 3627 4969.57222459
11 1478 3628 4972.45268049
12 1479 3629 4978.34804337
13 1480 3630 4978.91146653
14 1481 3633 4984.35252161
13 1482 3645 4992.57222459
12 1483 3646 4993.57317992
11 1484 3649 4996.57317992
10 1485 3650 4996.57317992
11 1486 3654 5003.03950252
10 1487 3658 5010.57317992
9 1488 3659 5012.57222459
8 1489 3661 5012.57222459
9 1490 3662 5012.76638245
8 1491 3664 5016.57317992
9 1492 3665 5018.2879816
10 1493 3666 5018.95477886
11 1494 3669 5019.85877769
12 1495 3670 5022.83014567
11 1496 3672 5023.57222459
12 1497 3675 5025.89100888
13 1498 3676 5030.41715776
12 1499 3677 5030.57317992
13 1500 3680 5032.50008715
12 1501 3684 5037.57222459
11 1502 3691 5044.57317992
12 1503 3692 5045.74134663
11 1504 3693 5047.57317992
10 1505 3694 5048.57222459
11 1506 3703 5060.27108964
12 1507 3704 5063.2991713
13 1508 3705 5065.56847021
12 1509 3708 5065.57222459
11 1510 3714 5070.57317992
12 1511 3715 5074.35226036
11 1512 3719 5079.17592193
10 1513 3721 5082.57222459
11 1514 3722 5083.07201076
12 1515 3727 5084.72942627
11 1516 3728 5085.57222459
12 1517 3731 5087.086387
11 1518 3732 5087.57317992
10 1519 3738 5090.57317992
11 1520 3739 5090.87115006
10 1521 3741 5093.57317992
11 1522 3743 5095.79268692
10 1523 3745 5096.17592193
9 1524 3746 5096.57222459
10 1525 3749 5099.06906453
9 1526 3751 5099.57222459
10 1527 3752 5102.55904721
9 1528 3759 5110.17592193
8 1529 3760 5110.57222459
7 1530 3762 5113.57317992
8 1531 3763 5113.73898581
7 1532 3765 5116.57317992
6 1533 3772 5124.17592193
5 1534 3775 5124.57317992
6 1535 3776 5126.4366077
7 1536 3777 5126.59076087
6 1537 3779 5127.57222459
7 1538 3780 5128.78948476
6 1539 3788 5138.57317992
7 1540 3789 5143.54666598
6 1541 3790 5144.57222459
5 1542 3793 5147.17592193
6 1543 3795 5148.20050539
5 1544 3798 5155.57317992
6 1545 3800 5156.83096585
7 1546 3808 5169.86431324
6 1547 3809 5170.57222459
5 1548 3811 5173.57222459
6 1549 3812 5174.19782795
5 1550 3813 5176.17592193
4 1551 3815 5178.57317992
5 1552 3823 5184.82477014
6 1553 3824 5186.90079108
7 1554 3826 5188.03351304
6 1555 3830 5189.57317992
7 1556 3832 5189.80860859
6 1557 3833 5190.57222459
5 1558 3837 5196.17592193
4 1559 3838 5196.17592193
3 1560 3842 5198.57222459
4 1561 3843 5200.30307527
5 1562 3847 5205.76766771
6 1563 3848 5206.49992659
7 1564 3849 5206.89766646
6 1565 3850 5210.17592193
5 1566 3857 5212.57317992
6 1567 3858 5214.87701359
5 1568 3863 5217.30307527
4 1569 3864 5218.17592193
3 1570 3865 5223.57317992
4 1571 3869 5225.48417971
5 1572 3871 5226.15737328
4 1573 3877 5231.30307527
5 1574 3878 5233.08689112
4 1575 3880 5234.30307527
5 1576 3881 5235.18651333
4 1577 3882 5236.48417971
3 1578 3884 5237.15737328
4 1579 3885 5239.94478247
5 1580 3893 5244.60288792
6 1581 3894 5245.05626004
5 1582 3896 5250.08689112
4 1583 3898 5250.48417971
5 1584 3899 5252.32578623
4 1585 3901 5253.94478247
3 1586 3908 5261.94478247
2 1587 3909 5264.48417971
3 1588 3910 5268.23097618
2 1589 3912 5270.08689112
1 1590 3915 5279.23097618
2 1591 3919 5313.95238663
3 1592 3920 5318.45995935
4 1593 3922 5323.39606542
3 1594 3928 5330.95238663
2 1595 3929 5331.39606542
1 1596 3932 5335.45995935
2 1597 3934 5338.81962367
3 1598 3936 5341.76870052
4 1599 3938 5345.4120049
5 1600 3942 5352.86065902
4 1601 3944 5358.81962367
5 1602 3947 5361.59962278
6 1603 3950 5364.1485057
7 1604 3951 5366.40375253
6 1605 3953 5367.76870052
5 1606 3958 5369.81962367
6 1607 3959 5372.24429534
5 1608 3966 5378.76870052
4 1609 3969 5380.81962367
5 1610 3970 5383.08485164
6 1611 3971 5384.8884037
7 1612 3974 5388.82248918
8 1613 3975 5389.40219224
9 1614 3976 5389.78090409
8 1615 3980 5392.76870052
7 1616 3981 5394.24973039
8 1617 3983 5396.8392818
9 1618 3985 5397.41215299
10 1619 3991 5400.091558
9 1620 3994 5403.76870052
8 1621 3995 5403.76870052
7 1622 3997 5403.81962367
6 1623 4001 5408.24973039
5 1624 4002 5411.81962367
6 1625 4009 5417.9539286
5 1626 4010 5420.76870052
6 1627 4016 5421.86978407
5 1628 4017 5423.76870052
4 1629 4018 5428.24973039
5 1630 4020 5428.47986041
4 1631 4021 5431.76870052
3 1632 4023 5431.81962367
4 1633 4026 5433.2150589
5 1634 4028 5433.24542806
6 1635 4029 5433.30506018
5 1636 4032 5442.76870052
4 1637 4036 5448.24973039
5 1638 4038 5450.56257004
6 1639 4039 5450.83181231
7 1640 4040 5450.8699527
8 1641 4041 5454.33339623
9 1642 4044 5455.73684065
8 1643 4049 5456.2150589
9 1644 4051 5457.92760032
8 1645 4054 5459.76870052
9 1646 4055 5462.46138486
10 1647 4056 5462.52040136
9 1648 4057 5465.24973039
10 1649 4059 5465.86784032
11 1650 4065 5466.89285401
12 1651 4066 5468.62637631
11 1652 4070 5470.2150589
10 1653 4073 5473.2150589
11 1654 4074 5473.65872494
10 1655 4075 5473.76870052
9 1656 4080 5476.2150589
8 1657 4081 5476.76870052
9 1658 4082 5480.47086955
8 1659 4084 5482.24973039
7 1660 4085 5482.24973039
8 1661 4089 5488.08746215
7 1662 4094 5490.2150589
6 1663 4095 5490.2150589
7 1664 4096 5494.22243076
8 1665 4097 5494.25718709
7 1666 4098 5496.76870052
6 1667 4105 5501.2150589
5 1668 4109 5505.24973039
4 1669 4113 5510.2150589
3 1670 4114 5510.76870052
4 1671 4117 5515.95503875
3 1672 4121 5519.24973039
2 1673 4124 5524.11090637
3 1674 4125 5525.9389177
4 1675 4129 5533.14060517
5 1676 4131 5533.94351284
6 1677 4133 5534.63280996
7 1678 4134 5535.60389971
6 1679 4137 5535.95503875
5 1680 4138 5539.9389177
6 1681 4144 5543.2400291
7 1682 4148 5545.6370484
6 1683 4151 5549.95503875
5 1684 4153 5550.14060517
4 1685 4154 5550.94351284
3 1686 4155 5554.2400291
2 1687 4156 5558.95503875
3 1688 4159 5561.51736778
4 1689 4161 5562.83714327
3 1690 4163 5566.95503875
2 1691 4168 5572.51736778
1 1692 4169 5576.83714327
2 1693 4170 5595.63491475
3 1694 4172 5597.48957789
4 1695 4174 5597.66506732
5 1696 4178 5602.327761
4 1697 4186 5606.63491475
3 1698 4187 5608.66506732
4 1699 4188 5613.32319333
3 1700 4190 5613.327761
2 1701 4191 5614.48957789
3 1702 4192 5616.65693899
4 1703 4194 5618.84328338
5 1704 4200 5623.51868273
4 1705 4206 5630.32319333
5 1706 4207 5631.21838846
6 1707 4209 5631.76974522
5 1708 4211 5632.84328338
4 1709 4214 5636.65693899
3 1710 4215 5637.51868273
4 1711 4218 5639.91811296
5 1712 4220 5640.24280803
6 1713 4222 5640.7930915
7 1714 4223 5642.49042135
6 1715 4225 5643.84328338
7 1716 4227 5644.38964064
8 1717 4231 5648.87050174
9 1718 4234 5650.89052747
8 1719 4238 5654.21838846
7 1720 4240 5657.24280803
6 1721 4241 5657.24280803
7 1722 4245 5658.64129928
6 1723 4247 5662.91811296
7 1724 4248 5663.52836427
6 1725 4250 5663.84328338
5 1726 4253 5671.21838846
6 1727 4259 5674.22125772
5 1728 4261 5677.84328338
4 1729 4262 5679.91811296
3 1730 4263 5680.24280803
2 1731 4266 5686.24280803
1 1732 4267 5691.22125772
2 1733 4268 5697.50881691
3 1734 4270 5697.62538207
4 1735 4275 5711.59327098
5 1736 4279 5713.68160068
4 1737 4281 5717.62538207
3 1738 4282 5720.50881691
4 1739 4285 5723.96244159
3 1740 4287 5726.50881691
2 1741 4288 5733.68160068
3 1742 4291 5737.04151739
2 1743 4293 5743.96244159
3 1744 4296 5748.45643948
4 1745 4298 5748.7137028
5 1746 4300 5749.52590535
4 1747 4306 5757.04151739
5 1748 4309 5759.2702489
4 1749 4311 5759.7137028
3 1750 4314 5763.52590535
2 1751 4315 5767.2702489
1 1752 4316 5768.45643948
2 1753 4317 5770.25007565
3 1754 4319 5780.96325436
4 1755 4321 5783.06043731
5 1756 4323 5783.2983648
6 1757 4329 5786.39192574
7 1758 4335 5788.85533826
6 1759 4336 5791.2983648
5 1760 4340 5794.96325436
4 1761 4341 5796.25007565
5 1762 4343 5799.2494968
4 1763 4347 5800.06043731
3 1764 4348 5800.45995935
2 1765 4349 5803.06043731
3 1766 4350 5805.75371231
2 1767 4352 5806.45995935
3 1768 4355 5814.02552156
2 1769 4357 5822.75371231
1 1770 4360 5831.02552156
2 1771 4361 5839.20890628
3 1772 4364 5840.43037373
2 1773 4368 5850.20890628
1 1774 4371 5859.20890628
2 1775 4372 5868.49524386
3 1776 4374 5869.40762919
4 1777 4378 5878.15412171
3 1778 4384 5879.49524386
4 1779 4385 5882.0195117
3 1780 4387 5886.15412171
2 1781 4390 5892.40762919
3 1782 4391 5892.69129638
4 1783 4393 5894.33937984
5 1784 4395 5894.37020848
6 1785 4397 5895.50831138
5 1786 4402 5902.0195117
6 1787 4404 5902.11067705
5 1788 4406 5903.69129638
6 1789 4409 5904.41322861
7 1790 4410 5904.63332615
8 1791 4411 5905.69225153
9 1792 4413 5905.99106806
10 1793 4415 5906.79996398
9 1794 4417 5908.33937984
10 1795 4418 5910.41418234
11 1796 4419 5912.08281053
12 1797 4420 5913.93184366
13 1798 4424 5916.45129469
12 1799 4425 5917.37020848
11 1800 4432 5923.69129638
12 1801 4435 5924.67495693
11 1802 4436 5925.0195117
10 1803 4438 5925.0195117
9 1804 4440 5925.33937984
8 1805 4441 5926.69129638
7 1806 4445 5931.37020848
8 1807 4451 5932.96460454
7 1808 4455 5942.0195117
6 1809 4457 5942.37020848
5 1810 4460 5943.69129638
4 1811 4462 5945.33937984
3 1812 4467 5956.0195117
2 1813 4468 5956.37020848
3 1814 4469 5958.77667952
4 1815 4471 5960.81020363
5 1816 4475 5969.04630719
4 1817 4477 5969.69129638
3 1818 4480 5975.77667952
4 1819 4483 5981.63215791
5 1820 4485 5986.69468303
4 1821 4487 5986.81020363
5 1822 4488 5988.8575128
4 1823 4492 5992.04630719
3 1824 4495 5995.63215791
4 1825 4496 6002.24271829
3 1826 4500 6002.8575128
4 1827 4501 6005.57388936
5 1828 4503 6008.46985579
6 1829 4505 6010.75248074
5 1830 4511 6012.69468303
6 1831 4512 6015.82671358
7 1832 4514 6016.23589467
6 1833 4515 6019.24271829
5 1834 4522 6022.57388936
6 1835 4524 6024.74539546
7 1836 4528 6028.34568091
6 1837 4530 6028.46985579
5 1838 4531 6029.69468303
4 1839 4532 6029.69468303
3 1840 4533 6033.24271829
2 1841 4534 6033.24271829
1 1842 4537 6039.34568091
2 1843 4539 6039.84333911
3 1844 4541 6045.64791809
2 1845 4548 6056.84333911
1 1846 4549 6059.64791809
2 1847 4550 6069.00462002
3 1848 4552 6071.95069118
4 1849 4554 6077.50091769
5 1850 4562 6082.4995847
4 1851 4563 6083.00462002
3 1852 4565 6085.95069118
4 1853 4566 6089.94926904
3 1854 4568 6091.50091769
4 1855 4571 6095.74201502
5 1856 4573 6100.08647142
6 1857 4574 6101.24130434
5 1858 4577 6103.00462002
4 1859 4580 6109.94926904
3 1860 4586 6114.00462002
2 1861 4587 6118.74201502
1 1862 4588 6120.00462002
2 1863 4589 6135.1912152
3 1864 4591 6135.97274818
4 1865 4593 6140.08453098
5 1866 4597 6146.54090099
6 1867 4600 6147.12795088
5 1868 4603 6154.08453098
4 1869 4606 6155.1912152
3 1870 4607 6155.97274818
4 1871 4612 6166.90366704
3 1872 4614 6171.08453098
2 1873 4615 6172.1912152
3 1874 4616 6175.73626764
4 1875 4620 6182.07284765
5 1876 4622 6185.64922137
4 1877 4628 6189.90366704
3 1878 4629 6192.73626764
2 1879 4630 6193.07284765
3 1880 4631 6193.94825132
4 1881 4637 6204.85062409
3 1882 4639 6206.90366704
2 1883 4640 6210.94825132
3 1884 4643 6217.28974537
4 1885 4647 6224.52870092
3 1886 4649 6224.85062409
2 1887 4650 6231.28974537
3 1888 4653 6242.86482259
4 1889 4655 6244.50071265
5 1890 4657 6244.95495862
4 1891 4658 6247.52870092
5 1892 4664 6253.26252156
6 1893 4665 6253.27704902
5 1894 4666 6255.52870092
6 1895 4670 6256.73047215
7 1896 4671 6258.12445321
8 1897 4672 6258.21011848
7 1898 4674 6261.50071265
8 1899 4677 6263.18399054
9 1900 4678 6264.04280638
8 1901 4682 6268.86482259
7 1902 4687 6272.52870092
6 1903 4688 6278.50071265
5 1904 4696 6285.86482259
4 1905 4698 6289.52870092
3 1906 4699 6292.50071265
4 1907 4700 6293.41907592
5 1908 4704 6297.24691294
4 1909 4708 6301.52870092
3 1910 4713 6305.86482259
4 1911 4714 6306.32692063
3 1912 4716 6313.41907592
4 1913 4717 6313.46261627
3 1914 4719 6314.24691294
4 1915 4720 6316.12702223
5 1916 4726 6323.74075023
6 1917 4727 6326.07076642
5 1918 4731 6329.32692063
4 1919 4733 6330.12702223
3 1920 4734 6333.46261627
4 1921 4737 6336.54343149
5 1922 4739 6337.39540886
4 1923 4745 6346.32692063
3 1924 4746 6347.12702223
2 1925 4747 6350.54343149
3 1926 4748 6352.13778072
4 1927 4752 6355.4546102
5 1928 4756 6359.40625935
6 1929 4759 6364.64890081
5 1930 4761 6366.13778072
4 1931 4762 6366.4546102
3 1932 4766 6369.32692063
4 1933 4767 6372.3397473
5 1934 4770 6372.55766053
4 1935 4773 6377.4546102
3 1936 4777 6380.13778072
4 1937 4778 6384.96498065
5 1938 4780 6386.21267467
4 1939 4782 6386.3397473
3 1940 4783 6386.3397473
2 1941 4786 6392.96498065
3 1942 4789 6394.34693196
2 1943 4791 6397.21267467
3 1944 4792 6399.64032076
4 1945 4798 6407.13272383
3 1946 4802 6412.13272383
4 1947 4803 6415.55409889
3 1948 4805 6416.64032076
2 1949 4806 6417.34693196
3 1950 4809 6433.23106126
2 1951 4811 6438.55409889
3 1952 4814 6440.33539437
4 1953 4816 6441.3812423
5 1954 4818 6441.4295071
4 1955 4819 6444.23106126
5 1956 4821 6448.22955703
6 1957 4826 6456.14593515
5 1958 4830 6461.23106126
4 1959 4831 6461.3812423
5 1960 4833 6461.64069329
6 1961 4837 6466.32173608
5 1962 4838 6466.33539437
4 1963 4845 6469.3812423
5 1964 4846 6474.98216465
4 1965 4848 6475.23106126
3 1966 4849 6478.23106126
4 1967 4850 6480.22965291
3 1968 4852 6480.33539437
4 1969 4854 6482.07068164
5 1970 4856 6482.54009642
6 1971 4858 6484.26679059
7 1972 4860 6486.63540675
6 1973 4865 6491.22965291
5 1974 4874 6500.98216465
4 1975 4875 6502.07068164
3 1976 4876 6505.54009642
2 1977 4877 6508.07068164
1 1978 4878 6508.22965291
2 1979 4879 6512.9942114
3 1980 4881 6514.62520059
4 1981 4885 6518.4088848
3 1982 4887 6520.9942114
2 1983 4892 6534.62520059
1 1984 4893 6538.4088848
2 1985 4894 6545.26509171
3 1986 4896 6554.30795102
4 1987 4900 6559.75718217
5 1988 4902 6560.01511418
4 1989 4906 6565.26509171
5 1990 4910 6568.74594585
4 1991 4914 6573.75718217
3 1992 4915 6574.30795102
4 1993 4916 6578.81701443
3 1994 4920 6583.01511418
4 1995 4921 6585.39678151
3 1996 4923 6586.01511418
4 1997 4924 6586.06081451
3 1998 4928 6589.81701443
2 1999 4931 6596.39678151
1 2000 4935 6609.66689118
0 2001 4936 6612.06081451
0 2002 4937 6732.52870092
