#data counter step time
14.582462 1 30 23.8163734406
14.439303 2 31 24.2556766695
17.076592 3 34 30.3322690836
14.290399 4 49 57.5414666395
21.292985 5 50 60.2510671803
48.361975 6 51 61.9580817802
8.896397 7 62 75.9583110979
31.520447 8 65 78.0619136638
15.789909 9 68 83.7482205774
19.415148 10 75 95.1633682835
21.259174 11 82 99.4225419015
20.894609 12 89 106.317150848
9.421371 13 92 110.717949988
26.623807 14 95 112.940957776
25.355621 15 102 121.296579161
19.072877 16 103 121.790826661
14.249526 17 114 131.313791045
14.851974 18 125 146.900932936
31.420242 19 134 155.04895861
11.209210 20 143 161.874659587
31.347577 21 144 164.248509691
23.416940 22 148 170.6654498
22.535192 23 149 176.409851651
20.000000 24 152 179.409851651
30.563225 25 165 190.216201325
14.170452 26 170 197.173173466
20.786520 27 176 200.002721301
18.390366 28 182 201.563539113
15.881801 29 183 207.383808413
34.961760 30 199 234.42955818
18.673106 31 200 239.102664265
8.037716 32 220 268.225849404
20.858405 33 233 278.084254211
17.743184 34 234 278.528451665
20.561970 35 235 278.646224699
34.590975 36 249 304.827549592
30.346744 37 253 315.268080748
38.142269 38 262 330.410350099
18.639773 39 269 338.050122712
17.617454 40 270 341.667576266
24.210642 41 277 348.878218188
26.996575 42 282 358.874792972
22.984242 43 288 376.672266967
37.973264 44 299 397.645531032
18.185332 45 311 410.727999605
30.474063 46 312 415.54266807
17.639482 47 313 417.367482104
13.024268 48 328 437.149545674
13.421620 49 329 439.571165854
16.058890 50 337 447.630055924
17.010593 51 338 450.640649112
32.973564 52 349 472.614212875
15.307526 53 356 479.827471021
19.905732 54 357 481.519944994
23.022343 55 375 500.73911638
29.722674 56 388 511.917590074
17.490415 57 394 520.273077016
17.257529 58 400 527.611626863
47.059420 59 414 566.671047294
23.282131 60 417 572.953178155
15.123405 61 418 574.076583509
26.124949 62 428 592.48990142
26.529618 63 439 605.01951933
21.800765 64 440 606.820284301
22.435503 65 455 621.499940511
17.000000 66 460 624.510185213
23.010245 67 465 630.510185213
16.065895 68 466 631.195072433
17.260657 69 477 639.347304746
21.891576 70 480 642.086648131
35.166657 71 498 671.731150646
15.453232 72 510 680.835125762
23.221360 73 512 680.952510642
17.732004 74 515 682.381893843
24.600104 75 521 694.435229321
41.200803 76 542 722.210365708
23.063158 77 551 725.273523796
16.013701 78 554 726.094017509
30.806792 79 561 733.080316021
19.145476 80 564 734.239493279
15.874057 81 567 740.094017509
23.597717 82 570 743.837210683
21.192540 83 571 747.080316021
5.178515 84 582 755.150633223
14.000000 85 583 757.755963627
30.787231 86 584 763.755963627
29.000103 87 593 779.150736168
25.527444 88 601 797.555884523
16.156052 89 604 802.711936066
17.461070 90 611 812.173005599
13.308641 91 614 817.481646566
21.179923 92 623 827.661569242
15.194713 93 632 834.856281945
19.210151 94 639 843.066432555
14.606058 95 640 846.287482093
19.614991 96 645 848.681423766
26.287331 97 653 864.206053832
16.992254 98 658 872.784830011
28.586522 99 659 875.792576137
32.795749 100 666 891.580578994
32.467282 101 679 910.047860698
31.725075 102 682 912.772935769
15.924186 103 687 914.697121385
17.156761 104 693 923.50110004
25.843239 105 700 932.344339012
28.126653 106 706 942.531815538
18.530798 107 708 947.062613872
9.728830 108 722 971.480035508
20.866165 109 729 984.346200756
37.299661 110 730 984.751205115
15.464270 111 735 997.525544653
34.715074 112 740 1002.06127486
16.176540 113 743 1008.70208494
15.197203 114 756 1035.64783438
39.748546 115 761 1040.45063129
27.950155 116 773 1050.84194681
11.013224 117 774 1050.85517084
12.009488 118 775 1051.86465921
19.011344 119 795 1075.78458862
14.943513 120 803 1079.72810128
29.102868 121 804 1079.77324485
25.367144 122 811 1091.09524502
17.000000 123 812 1091.54034326
15.417829 124 814 1091.91250684
24.818820 125 825 1102.73132716
25.789619 126 835 1108.5209458
12.486438 127 845 1118.02341241
23.581351 128 847 1118.10229632
21.243965 129 848 1119.53697427
23.000000 130 849 1121.10229632
20.579486 131 856 1127.60289852
18.982912 132 857 1132.02341241
25.437602 133 858 1133.04050026
23.062277 134 867 1150.10304297
32.715308 135 879 1171.81835098
16.082589 136 887 1178.43388497
32.517198 137 890 1181.33554849
18.793330 138 892 1183.2272151
32.228565 139 901 1198.45578057
26.530696 140 904 1204.98647619
20.830529 141 911 1214.19804947
20.779279 142 917 1226.97732862
27.148731 143 926 1240.12605994
16.219891 144 934 1247.60449028
17.780109 145 937 1251.38459933
31.258539 146 938 1254.38459933
14.556135 147 943 1260.41638706
28.752655 148 944 1262.86025232
23.095519 149 949 1272.51190574
34.948034 150 954 1299.4599398
22.903001 151 959 1311.36294058
28.426252 152 964 1328.78919281
14.000000 153 987 1380.31988739
18.298978 154 993 1383.31988739
14.684580 155 997 1385.02090906
17.596307 156 1004 1388.87861473
21.557681 157 1010 1393.43629581
18.211806 158 1011 1396.02090906
23.883592 159 1013 1397.31988739
20.465008 160 1019 1403.1884332
27.548600 161 1042 1436.5984502
23.000000 162 1052 1445.7152698
17.371179 163 1056 1449.60190547
14.390994 164 1061 1451.59426939
23.042602 165 1067 1460.63687111
20.301306 166 1073 1466.9381772
24.680089 167 1082 1474.61826648
18.162788 168 1084 1475.78105498
17.475690 169 1086 1479.25674456
32.436732 170 1099 1505.98623792
19.000000 171 1108 1513.98623792
23.556762 172 1112 1524.98623792
35.746751 173 1120 1544.98623792
31.636491 174 1121 1544.98623792
78.261337 175 1132 1578.98623792
25.503795 176 1138 1586.98623792
57.672032 177 1143 1600.98623792
101.948768 178 1147 1611.98623792
36.937477 179 1151 1617.98623792
126.987986 180 1155 1637.98623792
45.080422 181 1162 1657.98623792
88.052128 182 1167 1671.98623792
97.289710 183 1216 1862.02090906
107.002643 184 1217 1862.02090906
355.438065 185 1232 1879.02090906
39.205739 186 1233 1879.02090906
240.670632 187 1244 1890.02090906
160.426362 188 1245 1890.02090906
337.350589 189 1246 1896.02090906
40.007284 190 1252 1899.02090906
136.597377 191 1255 1901.02090906
179.116970 192 1266 1913.02090906
79.576537 193 1275 1919.63687111
98.252758 194 1276 1922.63687111
73.296574 195 1295 1927.63687111
261.562466 196 1315 1933.02090906
229.837609 197 1316 1933.02090906
153.014053 198 1318 1935.63687111
79.182803 199 1321 1936.63687111
188.454018 200 1331 1938.63687111
83.439038 201 1338 1944.02090906
241.195821 202 1339 1944.02090906
199.105909 203 1344 1947.02090906
11.818127 204 1347 1947.78105498
70.961477 205 1348 1947.78105498
123.976326 206 1349 1947.78105498
294.209800 207 1354 1955.63687111
152.048160 208 1355 1956.78105498
131.019266 209 1359 1958.63687111
60.474586 210 1363 1961.02090906
238.732573 211 1370 1967.78105498
105.310796 212 1391 1984.63687111
29.498344 213 1393 1987.78105498
21.501641 214 1401 1995.78105498
309.026567 215 1407 1998.02090906
128.899680 216 1418 2006.78105498
37.142335 217 1419 2007.63687111
56.535307 218 1429 2018.02090906
121.824546 219 1432 2021.63687111
82.101578 220 1437 2026.78105498
103.177363 221 1438 2026.78105498
27.400347 222 1439 2029.63687111
44.666367 223 1448 2038.02090906
31.614509 224 1451 2040.63687111
22.225020 225 1453 2040.78105498
13.921819 226 1456 2051.63687111
41.777320 227 1461 2064.02090906
36.414589 228 1471 2076.88140861
14.000000 229 1480 2084.00640055
24.124992 230 1481 2087.00640055
22.002449 231 1490 2092.45875179
23.186636 232 1496 2099.88140861
14.978990 233 1502 2106.45875179
28.081754 234 1504 2107.91610741
17.171025 235 1515 2116.88140861
24.899104 236 1518 2119.88140861
31.359049 237 1524 2123.45875179
23.747177 238 1526 2124.88140861
31.126469 239 1542 2144.88140861
18.192424 240 1543 2147.91610741
29.701079 241 1548 2150.91610741
32.271663 242 1554 2158.88140861
49.117274 243 1555 2158.91610741
22.613864 244 1563 2163.45875179
32.893992 245 1566 2166.88140861
47.557851 246 1567 2169.91610741
29.087033 247 1572 2177.45875179
23.473323 248 1579 2185.51963481
23.945464 249 1580 2195.46509832
25.262157 250 1591 2206.72725505
19.180857 251 1608 2224.07735921
15.239609 252 1609 2227.89824847
23.000000 253 1611 2230.07735921
22.256379 254 1625 2246.26103773
18.049809 255 1638 2263.75318213
20.295741 256 1644 2271.75318213
29.324177 257 1649 2276.07735921
21.558810 258 1652 2279.75318213
29.138620 259 1673 2305.6729365
17.751076 260 1674 2306.92493971
20.000000 261 1675 2309.92493971
32.161536 262 1687 2324.61006776
20.245908 263 1688 2324.85597569
15.309236 264 1689 2326.16521127
26.295803 265 1694 2341.46101403
15.407924 266 1711 2360.24242758
25.961009 267 1731 2378.28965425
15.362217 268 1743 2384.28965425
18.157711 269 1744 2385.44736531
14.664011 270 1749 2388.92743755
16.644403 271 1755 2395.28965425
25.236617 272 1758 2396.44736531
30.045791 273 1761 2399.92743755
36.840447 274 1775 2415.72551742
18.303494 275 1776 2417.02901184
23.566289 276 1781 2423.59530127
17.282527 277 1793 2434.32865123
16.182478 278 1798 2439.51112971
20.003018 279 1806 2448.51414807
18.511268 280 1807 2450.02541602
22.393688 281 1808 2455.41910359
27.982312 282 1822 2494.53172614
17.570867 283 1825 2501.10259356
23.265464 284 1838 2510.36805731
16.580457 285 1848 2519.46549515
16.382279 286 1852 2521.84777408
29.516981 287 1853 2522.88503835
17.154645 288 1854 2525.00241958
18.467498 289 1855 2526.46991728
28.564280 290 1868 2541.51116698
29.995578 291 1869 2542.46549515
19.762620 292 1872 2549.14571876
21.871932 293 1873 2549.38309865
21.023280 294 1894 2571.05370378
12.542040 295 1895 2574.05370378
14.673947 296 1896 2575.51166421
26.784013 297 1901 2580.83771672
25.181087 298 1904 2589.62912447
22.470140 299 1913 2601.09926428
16.924044 300 1918 2610.29140817
23.268100 301 1919 2610.36736424
26.977516 302 1926 2623.26892396
21.853563 303 1931 2634.12248735
8.827706 304 1946 2649.95765149
20.743019 305 1947 2651.92796145
19.000000 306 1955 2660.95765149
20.201984 307 1956 2661.12994506
25.689612 308 1970 2685.23503431
42.272887 309 1972 2685.54542248
17.000000 310 1982 2697.54971819
14.836813 311 1983 2698.36925901
31.128640 312 1986 2703.54971819
17.169946 313 1987 2707.53920526
11.786012 314 2004 2723.11563541
37.090961 315 2010 2727.63016661
20.699456 316 2015 2731.32962304
21.063651 317 2021 2733.17928679
29.936349 318 2039 2746.11563541
3.818010 319 2040 2746.63016661
27.151660 320 2048 2751.32962304
37.999504 321 2052 2754.32962304
16.889085 322 2053 2755.63016661
39.587429 323 2055 2757.11563541
24.273151 324 2064 2768.32962304
25.789178 325 2069 2777.20026999
25.201885 326 2074 2782.40215522
20.156364 327 2095 2809.57689493
31.545913 328 2101 2821.93474933
29.540982 329 2113 2854.36548346
30.459018 330 2116 2864.82450182
32.585081 331 2121 2879.21655748
9.100716 332 2131 2892.26451419
37.947240 333 2138 2903.16379783
26.507026 334 2141 2914.16379783
31.544860 335 2151 2934.43480666
34.000000 336 2163 2951.43480666
31.783549 337 2165 2957.16379783
40.131476 338 2176 2980.16379783
28.611978 339 2183 2988.43480666
46.802572 340 2189 2997.16379783
36.175833 341 2193 3002.43480666
30.651399 342 2200 3011.16379783
31.796534 343 2210 3031.16379783
54.864027 344 2220 3039.43480666
31.017225 345 2225 3047.43480666
32.981010 346 2227 3048.16379783
21.357466 347 2228 3049.09926428
46.903419 348 2236 3056.16379783
30.605280 349 2254 3073.16379783
26.802906 350 2259 3078.09926428
26.674747 351 2266 3084.43480666
27.602400 352 2276 3095.09926428
37.986658 353 2298 3118.43480666
37.733398 354 2299 3118.43480666
25.312757 355 2301 3119.16379783
42.482293 356 2306 3127.16379783
50.263419 357 2311 3135.09926428
28.774337 358 2315 3141.43480666
37.698229 359 2326 3149.09926428
36.579095 360 2328 3150.16379783
48.627878 361 2336 3169.09926428
29.111002 362 2341 3176.36607338
20.333388 363 2349 3182.69946103
26.247239 364 2352 3188.94669983
23.267865 365 2359 3198.21456525
22.309714 366 2366 3202.94669983
37.661768 367 2376 3221.46455
21.079461 368 2380 3232.68041688
35.423682 369 2387 3248.10409839
30.829926 370 2403 3264.93402466
24.600680 371 2412 3277.8386407
34.116135 372 2418 3287.93402466
21.676790 373 2419 3287.93402466
31.574216 374 2429 3301.0421998
23.000000 375 2433 3316.54114183
11.913587 376 2453 3334.21621846
43.056753 377 2460 3337.70458365
21.222492 378 2462 3342.30263157
23.375555 379 2464 3344.08013909
28.019192 380 2473 3354.21621846
17.847550 381 2474 3354.70458365
24.701620 382 2477 3356.30263157
38.003150 383 2492 3374.96824317
24.081666 384 2494 3376.04990904
23.636619 385 2498 3379.68652817
22.229352 386 2506 3384.91587998
21.430735 387 2509 3387.04990904
11.935686 388 2510 3387.68652817
12.680620 389 2511 3390.68652817
15.370961 390 2530 3433.32745555
33.271727 391 2531 3434.04857012
32.871662 392 2546 3455.19911777
21.555104 393 2548 3456.75422182
22.147636 394 2559 3469.19911777
22.387141 395 2569 3474.51851547
28.743392 396 2578 3493.05148129
33.042329 397 2586 3500.51851547
31.263175 398 2588 3503.19911777
26.201304 399 2589 3504.05148129
34.553001 400 2592 3508.51851547
37.452237 401 2593 3510.05148129
29.733894 402 2598 3523.78215094
30.107212 403 2612 3567.65212115
22.966840 404 2615 3570.6189607
25.605210 405 2622 3582.22417108
21.930728 406 2633 3590.15489923
14.434183 407 2634 3596.59293323
30.561966 408 2642 3613.15489923
33.140684 409 2650 3622.05834831
24.208279 410 2654 3626.26662689
23.391177 411 2657 3632.65780411
23.400544 412 2662 3642.05834831
35.599193 413 2670 3657.17612704
17.999817 414 2671 3658.17594371
28.515927 415 2680 3669.69187079
18.201764 416 2694 3695.94068878
25.889696 417 2703 3704.83038488
20.971606 418 2708 3708.80199077
15.772983 419 2728 3725.86906187
17.980777 420 2729 3727.09607849
24.153051 421 2735 3730.35715121
16.000000 422 2739 3733.86906187
21.704085 423 2749 3741.09607849
21.776019 424 2750 3741.35715121
23.413853 425 2751 3741.35715121
18.542206 426 2761 3749.68989806
6.870215 427 2766 3753.95246315
23.014654 428 2774 3758.70455198
18.247911 429 2778 3762.95246315
21.129785 430 2781 3767.08224835
23.794401 431 2786 3771.04791111
4.661176 432 2791 3772.70455198
18.656641 433 2792 3775.70455198
27.840283 434 2799 3785.04337636
22.956945 435 2810 3791.70758204
17.855623 436 2813 3798.03114063
21.618281 437 2823 3808.70758204
24.704093 438 2825 3813.84920842
44.086974 439 2843 3866.23335714
27.781389 440 2844 3868.01474587
20.840001 441 2854 3885.81197784
38.482742 442 2871 3907.29471964
19.073539 443 2872 3909.36825914
25.949587 444 2885 3918.31784564
22.175355 445 2886 3920.49320078
20.050327 446 2887 3920.543528
15.429124 447 2888 3921.97265227
21.800130 448 2891 3932.77278236
14.802057 449 2911 3952.97232435
38.108306 450 2913 3953.88108829
12.072607 451 2914 3954.04493108
21.007298 452 2919 3957.88838602
26.281881 453 2924 3964.17026724
25.539485 454 2930 3971.13122038
32.927393 455 2938 3975.97232435
8.464391 456 2946 3981.09249061
23.351052 457 2947 3981.99471468
21.633385 458 2958 3989.62809936
15.693620 459 2961 3993.08902612
14.000000 460 2964 3996.08902612
18.247598 461 2973 4003.74347432
18.688876 462 2974 4005.43235074
22.433964 463 2982 4019.55150861
14.925243 464 2996 4036.26367575
29.630140 465 3005 4051.89381589
15.960398 466 3006 4054.89381589
35.700754 467 3018 4075.11373216
28.644913 468 3032 4086.75864528
18.324900 469 3037 4091.89021891
15.256641 470 3038 4093.14686004
20.806674 471 3040 4093.56531898
15.611785 472 3045 4097.75864528
20.973998 473 3050 4107.14686004
28.565226 474 3056 4119.68084818
24.891933 475 3066 4135.40058899
21.941246 476 3073 4143.34183492
22.983700 477 3082 4159.61004194
17.421293 478 3084 4160.0313351
21.377129 479 3100 4185.79679227
25.159988 480 3113 4200.2176593
18.444557 481 3115 4200.92644989
25.000000 482 3129 4214.92644989
17.452184 483 3130 4218.41966323
33.439882 484 3136 4226.2176593
25.015665 485 3147 4250.38644881
27.462553 486 3151 4257.8490023
28.459979 487 3154 4272.30898095
43.885478 488 3167 4293.19445885
21.624194 489 3168 4298.31487418
13.373792 490 3184 4313.63081928
26.942153 491 3185 4314.25702685
8.555473 492 3194 4321.63081928
11.252265 493 3199 4324.07534649
21.192262 494 3200 4326.82308159
19.153166 495 3203 4332.52583855
17.104981 496 3204 4335.63081928
39.173756 497 3219 4360.69873397
10.513886 498 3232 4371.69873397
19.328537 499 3234 4371.69873397
20.868601 500 3236 4372.37019678
30.563963 501 3249 4388.501596
28.480010 502 3251 4389.37019678
27.279933 503 3259 4396.501596
22.766712 504 3261 4403.37019678
52.374870 505 3271 4413.501596
50.464895 506 3272 4414.69873397
38.533637 507 3274 4417.37019678
42.377303 508 3278 4423.37019678
16.968591 509 3281 4429.88614148
47.717512 510 3292 4469.60365387
28.298084 511 3297 4474.90173795
20.696025 512 3304 4487.59776329
18.303975 513 3305 4488.90173795
27.093131 514 3315 4512.63331569
30.546148 515 3320 4526.17946324
18.051174 516 3325 4530.23063714
18.757591 517 3335 4540.98822807
13.179069 518 3342 4548.98822807
22.100957 519 3350 4559.31021516
13.049568 520 3353 4559.98822807
25.673816 521 3361 4573.98822807
58.511531 522 3376 4599.98822807
24.744997 523 3383 4608.31021516
51.352923 524 3388 4611.31021516
41.785935 525 3389 4611.31021516
59.322975 526 3395 4622.31021516
22.859039 527 3409 4633.98822807
71.929134 528 3410 4636.98822807
65.578859 529 3413 4642.31021516
74.096487 530 3418 4653.98822807
38.279807 531 3425 4662.31021516
61.310237 532 3439 4673.98822807
26.721517 533 3443 4679.31021516
20.314173 534 3451 4687.31021516
32.002240 535 3455 4689.22158591
27.142890 536 3457 4690.98822807
34.864366 537 3467 4704.98822807
114.982253 538 3470 4709.22158591
85.131318 539 3471 4712.22158591
44.782533 540 3479 4723.22158591
47.878644 541 3481 4724.98822807
32.169955 542 3494 4752.72177205
20.070058 543 3501 4763.22158591
36.499814 544 3505 4769.22158591
38.494606 545 3506 4772.72177205
47.207642 546 3511 4780.22158591
46.208080 547 3523 4799.71505649
22.081304 548 3528 4810.71505649
16.208749 549 3538 4823.5540154
30.790449 550 3550 4833.71505649
16.768413 551 3555 4837.5540154
16.685909 552 3558 4842.5540154
25.483900 553 3567 4861.57222459
33.517776 554 3584 4898.57222459
36.611971 555 3585 4901.57222459
52.731635 556 3594 4924.57222459
39.330630 557 3603 4935.57222459
35.220715 558 3616 4949.57222459
28.160953 559 3617 4949.57222459
101.898038 560 3622 4960.57222459
69.532684 561 3624 4963.57222459
43.965856 562 3627 4969.57222459
76.356026 563 3645 4992.57222459
31.873328 564 3646 4993.57317992
82.798413 565 3649 4996.57317992
55.182270 566 3650 4996.57317992
93.789245 567 3658 5010.57317992
40.119544 568 3659 5012.57222459
79.572609 569 3672 5023.57222459
27.533677 570 3677 5030.57317992
17.713447 571 3684 5037.57222459
118.577863 572 3691 5044.57317992
21.682171 573 3693 5047.57317992
69.660758 574 3694 5048.57222459
47.284243 575 3708 5065.57222459
36.830878 576 3721 5082.57222459
25.301135 577 3728 5085.57222459
74.806797 578 3732 5087.57317992
141.815064 579 3738 5090.57317992
146.047001 580 3741 5093.57317992
73.345776 581 3745 5096.17592193
64.072137 582 3746 5096.57222459
25.219964 583 3751 5099.57222459
91.617446 584 3760 5110.57222459
50.274009 585 3762 5113.57317992
25.702030 586 3765 5116.57317992
58.607452 587 3772 5124.17592193
22.014133 588 3775 5124.57317992
44.500214 589 3779 5127.57222459
39.504115 590 3788 5138.57317992
30.833239 591 3790 5144.57222459
28.982419 592 3798 5155.57317992
44.135617 593 3809 5170.57222459
35.026514 594 3815 5178.57317992
32.742214 595 3830 5189.57317992
42.371719 596 3833 5190.57222459
26.311609 597 3837 5196.17592193
24.374397 598 3842 5198.57222459
22.142409 599 3850 5210.17592193
27.494467 600 3863 5217.30307527
11.675995 601 3864 5218.17592193
17.805512 602 3865 5223.57317992
24.405409 603 3877 5231.30307527
34.000000 604 3880 5234.30307527
21.607166 605 3882 5236.48417971
11.673194 606 3884 5237.15737328
23.929518 607 3896 5250.08689112
17.397289 608 3898 5250.48417971
18.758269 609 3901 5253.94478247
16.888522 610 3908 5261.94478247
24.539397 611 3909 5264.48417971
26.905190 612 3915 5279.23097618
62.721410 613 3928 5330.95238663
12.936106 614 3929 5331.39606542
21.507573 615 3932 5335.45995935
28.949077 616 3953 5367.76870052
28.050923 617 3958 5369.81962367
33.356696 618 3966 5378.76870052
16.671118 619 3969 5380.81962367
26.364948 620 3980 5392.76870052
6.929419 621 3994 5403.76870052
31.524405 622 3995 5403.76870052
18.847538 623 4001 5408.24973039
14.407471 624 4002 5411.81962367
37.683849 625 4010 5420.76870052
38.880297 626 4017 5423.76870052
31.677143 627 4021 5431.76870052
42.997134 628 4023 5431.81962367
20.898916 629 4032 5442.76870052
27.735198 630 4049 5456.2150589
26.553642 631 4054 5459.76870052
32.004302 632 4057 5465.24973039
36.909999 633 4070 5470.2150589
22.898748 634 4075 5473.76870052
25.383247 635 4080 5476.2150589
26.206130 636 4081 5476.76870052
24.322130 637 4085 5482.24973039
35.881663 638 4094 5490.2150589
23.322205 639 4095 5490.2150589
34.307316 640 4098 5496.76870052
20.744189 641 4105 5501.2150589
42.729329 642 4109 5505.24973039
41.588683 643 4113 5510.2150589
22.681238 644 4114 5510.76870052
45.591005 645 4121 5519.24973039
29.888476 646 4124 5524.11090637
23.983879 647 4138 5539.9389177
24.201687 648 4153 5550.14060517
17.802908 649 4154 5550.94351284
18.636129 650 4155 5554.2400291
23.715010 651 4163 5566.95503875
26.880319 652 4168 5572.51736778
15.319775 653 4169 5576.83714327
43.797771 654 4186 5606.63491475
11.175489 655 4187 5608.66506732
15.662694 656 4190 5613.327761
18.854663 657 4191 5614.48957789
27.995432 658 4206 5630.32319333
16.186344 659 4211 5632.84328338
18.675399 660 4215 5637.51868273
12.624895 661 4225 5643.84328338
17.324695 662 4240 5657.24280803
23.050192 663 4250 5663.84328338
19.201984 664 4261 5677.84328338
39.675305 665 4262 5679.91811296
35.853167 666 4263 5680.24280803
35.352281 667 4266 5686.24280803
27.692893 668 4267 5691.22125772
20.116565 669 4281 5717.62538207
22.088330 670 4288 5733.68160068
30.280841 671 4293 5743.96244159
11.257263 672 4311 5759.7137028
14.812203 673 4314 5763.52590535
17.744344 674 4315 5767.2702489
31.414922 675 4316 5768.45643948
8.237927 676 4336 5791.2983648
24.713179 677 4340 5794.96325436
36.979827 678 4341 5796.25007565
13.668512 679 4347 5800.06043731
11.604621 680 4348 5800.45995935
22.097183 681 4349 5803.06043731
23.161595 682 4352 5806.45995935
25.271809 683 4360 5831.02552156
39.064870 684 4384 5879.49524386
16.746493 685 4387 5886.15412171
23.865390 686 4402 5902.0195117
21.671785 687 4406 5903.69129638
15.648083 688 4417 5908.33937984
28.182985 689 4432 5923.69129638
19.327260 690 4436 5925.0195117
30.649303 691 4438 5925.0195117
20.926151 692 4440 5925.33937984
20.700228 693 4441 5926.69129638
24.570245 694 4445 5931.37020848
28.087668 695 4455 5942.0195117
30.287398 696 4457 5942.37020848
45.605329 697 4467 5956.0195117
42.812075 698 4480 5975.77667952
26.585851 699 4495 5995.63215791
16.162830 700 4500 6002.8575128
31.062525 701 4511 6012.69468303
30.385205 702 4515 6019.24271829
20.331171 703 4522 6022.57388936
22.895966 704 4530 6028.46985579
13.867969 705 4531 6029.69468303
21.224827 706 4532 6029.69468303
22.490238 707 4533 6033.24271829
14.600285 708 4537 6039.34568091
28.497658 709 4548 6056.84333911
19.804579 710 4549 6059.64791809
37.356702 711 4563 6083.00462002
16.946071 712 4565 6085.95069118
19.550227 713 4568 6091.50091769
25.503702 714 4577 6103.00462002
27.449684 715 4580 6109.94926904
28.792746 716 4587 6118.74201502
19.918149 717 4588 6120.00462002
18.111783 718 4603 6154.08453098
53.949911 719 4606 6155.1912152
20.781533 720 4607 6155.97274818
31.000000 721 4614 6171.08453098
25.650314 722 4615 6172.1912152
42.775716 723 4628 6189.90366704
25.832601 724 4629 6192.73626764
17.336580 725 4630 6193.07284765
24.830819 726 4639 6206.90366704
26.439121 727 4650 6231.28974537
11.027988 728 4666 6255.52870092
18.635890 729 4674 6261.50071265
27.573742 730 4687 6272.52870092
25.223664 731 4688 6278.50071265
31.318582 732 4698 6289.52870092
35.770241 733 4699 6292.50071265
47.740369 734 4713 6305.86482259
49.376270 735 4716 6313.41907592
32.080008 736 4731 6329.32692063
16.664406 737 4733 6330.12702223
27.135696 738 4734 6333.46261627
30.199898 739 4745 6346.32692063
24.472665 740 4747 6350.54343149
14.316829 741 4762 6366.4546102
32.783489 742 4766 6369.32692063
18.048351 743 4773 6377.4546102
24.683171 744 4777 6380.13778072
21.690846 745 4782 6386.3397473
20.407320 746 4786 6392.96498065
12.247694 747 4791 6397.21267467
12.492403 748 4802 6412.13272383
22.293389 749 4805 6416.64032076
28.676962 750 4819 6444.23106126
19.849819 751 4830 6461.23106126
21.045848 752 4831 6461.3812423
33.104333 753 4838 6466.33539437
27.951735 754 4845 6469.3812423
27.001504 755 4848 6475.23106126
16.590368 756 4849 6478.23106126
16.247488 757 4865 6491.22965291
23.469415 758 4876 6505.54009642
25.689556 759 4878 6508.22965291
34.358805 760 4887 6520.9942114
21.630989 761 4892 6534.62520059
46.856207 762 4906 6565.26509171
19.449231 763 4914 6573.75718217
29.042859 764 4915 6574.30795102
21.071069 765 4928 6589.81701443
17.579767 766 4931 6596.39678151
23.606077 767 4935 6609.66689118
