#data counter step time
0 1 0 0.0
1 2 1 0.0
2 3 7 5.92382490752
3 4 8 12.6764147136
4 5 9 16.0060763731
5 6 10 16.333351592
6 7 11 18.2058525827
7 8 12 34.1331745041
8 9 13 35.3014998955
9 10 14 39.3349369118
10 11 15 45.5246817065
11 12 16 55.6043285932
12 13 17 59.1258902395
13 14 18 68.531043588
14 15 19 93.3204657498
15 16 20 97.155805115
16 17 21 100.199946268
17 18 22 115.209418123
18 19 23 116.258493621
19 20 24 134.248600405
20 21 25 139.031173159
21 22 26 142.618334025
22 23 27 148.190722636
23 24 28 157.930646002
24 25 29 159.555637407
25 26 30 166.245280925
26 27 31 170.698965366
27 28 32 172.737440704
28 29 33 186.56137479
29 30 34 200.903115258
30 31 35 208.510152826
31 32 36 224.213392814
32 33 37 224.985639291
33 34 38 233.368483259
34 35 39 236.234512846
35 36 40 240.089572221
36 37 41 241.851718602
37 38 42 254.31570488
38 39 43 257.57977008
39 40 44 261.566472505
40 41 45 262.798964778
41 42 46 262.884799483
42 43 47 282.15414263
43 44 48 292.356702813
44 45 49 294.539941422
45 46 50 308.709142106
46 47 51 309.589109744
47 48 52 315.562417837
48 49 53 324.074691476
49 50 54 327.154868864
50 51 55 328.081196754
51 52 56 329.741703564
52 53 57 332.631008228
53 54 58 336.478296234
54 55 59 338.49046531
55 56 60 339.184562655
56 57 61 374.981054476
57 58 62 381.427989815
58 59 63 381.761275836
59 60 64 387.845405115
60 61 65 397.601327292
61 62 66 403.465827816
62 63 67 418.357318132
63 64 68 421.407102016
64 65 69 435.40028471
65 66 70 436.426857524
66 67 71 442.300540936
67 68 72 446.743869536
68 69 73 461.455433019
69 70 74 472.602632194
70 71 75 475.292967074
71 72 76 477.641853126
72 73 77 478.928460964
73 74 78 483.54230674
74 75 79 487.991252318
75 76 80 489.041557936
76 77 81 494.69724374
77 78 82 495.878883877
78 79 83 500.258720577
79 80 84 504.161030383
80 81 85 511.539849614
81 82 86 522.157450156
82 83 87 526.357830712
83 84 88 527.363459841
84 85 89 531.240160141
85 86 90 539.711135658
86 87 91 541.203993593
87 88 92 566.350162795
88 89 93 594.114548337
89 90 94 597.957221429
90 91 95 606.929412444
91 92 96 609.739908389
92 93 97 611.553831698
93 94 98 613.993815519
94 95 99 614.177714112
95 96 100 614.434435306
96 97 101 625.401599441
97 98 102 631.935884602
98 99 103 633.574768282
99 100 104 653.241527212
100 101 105 655.954968718
101 102 106 656.10999823
102 103 107 659.852112072
103 104 108 664.674188005
104 105 109 675.632851699
105 106 110 679.900127202
106 107 111 682.695707409
107 108 112 689.051030222
108 109 113 696.057765879
109 110 114 704.900057924
110 111 115 705.698282621
111 112 116 713.198141359
112 113 117 724.873092886
113 114 118 729.291255323
114 115 119 731.706850953
115 116 120 735.653006571
116 117 121 751.021322712
117 118 122 754.828093667
118 119 123 767.524727902
119 120 124 774.565408012
120 121 125 780.381813402
121 122 126 784.179175875
122 123 127 788.417711156
123 124 128 789.322258304
124 125 129 794.822942517
125 126 130 795.141219442
126 127 131 803.993293387
127 128 132 811.303795167
128 129 133 816.403377411
129 130 134 827.907383487
130 131 135 831.80165293
131 132 136 835.174095363
132 133 137 836.091311083
133 134 138 838.477008783
134 135 139 838.689156011
135 136 140 850.795102292
136 137 141 861.858674813
137 138 142 864.687759321
138 139 143 877.332766496
139 140 144 878.100744339
140 141 145 879.338008312
141 142 146 902.354682325
142 143 147 907.904830613
143 144 148 911.790412397
144 145 149 913.291728282
145 146 150 932.711410628
146 147 151 943.479163901
147 148 152 955.130678251
148 149 153 956.392420383
149 150 154 973.703429305
150 151 155 975.292451138
151 152 156 982.204042861
152 153 157 984.239462117
153 154 158 985.874099498
154 155 159 992.075836951
155 156 160 1000.37213104
156 157 161 1011.65736839
157 158 162 1013.60149925
158 159 163 1013.99263931
159 160 164 1014.601661
160 161 165 1017.56792746
161 162 166 1018.66017123
162 163 167 1020.38783464
163 164 168 1021.69009427
164 165 169 1034.9898117
165 166 170 1035.83830576
166 167 171 1037.27255932
167 168 172 1048.54998957
168 169 173 1054.95673475
169 170 174 1058.56605511
170 171 175 1058.93622086
171 172 176 1062.12367086
172 173 177 1070.12406837
173 174 178 1081.56485696
174 175 179 1093.22553016
175 176 180 1094.7658385
176 177 181 1109.87460712
177 178 182 1114.01567323
178 179 183 1116.38151619
179 180 184 1117.04624927
180 181 185 1120.90719977
181 182 186 1126.1106722
182 183 187 1132.62490458
183 184 188 1134.28869344
184 185 189 1144.26818533
185 186 190 1145.58109578
186 187 191 1157.99914336
187 188 192 1161.31092212
188 189 193 1169.83762044
189 190 194 1174.67727362
190 191 195 1176.5636863
191 192 196 1178.65964403
192 193 197 1189.02780098
193 194 198 1198.85578847
194 195 199 1203.55321704
195 196 200 1204.55870418
196 197 201 1205.5130881
197 198 202 1208.74200574
198 199 203 1209.74680651
199 200 204 1216.79765443
200 201 205 1221.328143
201 202 206 1232.28584353
202 203 207 1232.28792144
203 204 208 1233.88126706
204 205 209 1235.35095572
205 206 210 1238.60257553
206 207 211 1240.53629283
207 208 212 1245.15760954
208 209 213 1260.11963958
209 210 214 1263.92519694
210 211 215 1264.81790549
211 212 216 1270.7967502
212 213 217 1274.35057409
213 214 218 1278.79556505
214 215 219 1279.04752333
215 216 220 1281.46279565
216 217 221 1295.64344057
217 218 222 1301.51869632
218 219 223 1302.4213526
219 220 224 1306.01582168
220 221 225 1308.3245034
221 222 226 1326.39300935
222 223 227 1338.99488923
223 224 228 1346.37770903
224 225 229 1347.31165261
225 226 230 1359.90143165
226 227 231 1360.14546607
227 228 232 1361.2177449
228 229 233 1367.61913182
229 230 234 1369.5326755
230 231 235 1374.48196599
231 232 236 1382.90922676
232 233 237 1383.82348749
233 234 238 1395.85151983
234 235 239 1400.97331821
235 236 240 1412.11992004
236 237 241 1412.44146619
237 238 242 1417.81656305
238 239 243 1418.71342931
239 240 244 1427.14970272
240 241 245 1432.50401489
241 242 246 1440.89935325
242 243 247 1443.37465438
243 244 248 1446.99287905
244 245 249 1447.54093027
245 246 250 1447.9899396
246 247 251 1451.76458494
247 248 252 1452.3421709
248 249 253 1453.70150514
249 250 254 1455.57112417
250 251 255 1459.4473294
251 252 256 1459.59129348
252 253 257 1461.81768313
253 254 258 1471.69489846
254 255 259 1486.00773825
255 256 260 1486.98217393
256 257 261 1505.73442862
257 258 262 1515.97431501
258 259 263 1522.88148161
259 260 264 1525.30964056
260 261 265 1528.73353957
261 262 266 1541.80002788
262 263 267 1544.49116115
263 264 268 1551.26337823
264 265 269 1554.01003883
265 266 270 1558.20353362
266 267 271 1574.10385878
267 268 272 1587.38156243
268 269 273 1592.30362773
269 270 274 1592.45719821
270 271 275 1605.22607395
271 272 276 1614.35342246
272 273 277 1615.62548875
273 274 278 1618.62383545
274 275 279 1627.0023854
275 276 280 1629.06109481
276 277 281 1631.06920578
277 278 282 1636.52708915
278 279 283 1643.65433884
279 280 284 1643.79019958
280 281 285 1646.94469604
281 282 286 1648.4466078
282 283 287 1649.45341878
283 284 288 1680.71913489
284 285 289 1698.7205584
285 286 290 1702.6664856
286 287 291 1708.49729179
287 288 292 1714.297756
288 289 293 1720.92069979
289 290 294 1725.98076642
290 291 295 1729.16712578
291 292 296 1767.53457685
292 293 297 1769.3225583
293 294 298 1774.95076421
294 295 299 1779.13182631
295 296 300 1780.73497937
296 297 301 1786.51201239
297 298 302 1799.43269499
298 299 303 1808.32317182
299 300 304 1810.65415771
300 301 305 1815.41185464
301 302 306 1826.04414735
302 303 307 1826.13224743
303 304 308 1831.5280605
304 305 309 1834.80632167
305 306 310 1837.2256789
306 307 311 1837.38156043
307 308 312 1842.24657656
308 309 313 1842.83025382
309 310 314 1844.28576384
310 311 315 1854.82313536
311 312 316 1876.26790912
312 313 317 1879.66360499
313 314 318 1882.3298694
314 315 319 1893.48769434
315 316 320 1896.64532242
316 317 321 1897.39214227
317 318 322 1907.14494135
318 319 323 1916.60493054
319 320 324 1923.28772115
320 321 325 1924.36476632
321 322 326 1935.14418944
322 323 327 1942.93790149
323 324 328 1945.17705714
324 325 329 1953.67952822
325 326 330 1957.82378667
326 327 331 1964.17861066
327 328 332 1965.37823828
328 329 333 1967.35291546
329 330 334 1969.30488772
330 331 335 1978.98198931
331 332 336 1980.59317753
332 333 337 1984.42124235
333 334 338 1984.87038672
334 335 339 1994.09226541
335 336 340 1998.33564257
336 337 341 2004.08218114
337 338 342 2008.5092056
338 339 343 2019.01416847
339 340 344 2019.3663173
340 341 345 2024.78667731
341 342 346 2037.81992861
342 343 347 2041.72649846
343 344 348 2048.4681151
344 345 349 2051.21372692
345 346 350 2059.71903107
346 347 351 2063.83014775
347 348 352 2072.21448543
348 349 353 2075.86630378
349 350 354 2076.29644926
350 351 355 2077.11922516
351 352 356 2078.9866291
352 353 357 2080.78166126
353 354 358 2081.52720548
354 355 359 2097.23434789
355 356 360 2097.56408202
356 357 361 2098.39677585
357 358 362 2100.15744464
358 359 363 2135.25405235
359 360 364 2145.01364237
360 361 365 2153.73115686
361 362 366 2161.63322628
362 363 367 2166.77238269
363 364 368 2167.16865461
364 365 369 2168.88118436
365 366 370 2179.98830037
366 367 371 2181.71447402
367 368 372 2183.99652
368 369 373 2188.61432003
369 370 374 2192.81540511
370 371 375 2193.39942118
371 372 376 2217.91568443
372 373 377 2218.95111004
373 374 378 2225.50127571
374 375 379 2227.17604768
375 376 380 2229.10124598
376 377 381 2233.4256878
377 378 382 2246.97198317
378 379 383 2252.28252553
379 380 384 2253.57882367
380 381 385 2258.84509813
381 382 386 2267.96007461
382 383 387 2269.60982492
383 384 388 2271.75225516
384 385 389 2281.13231366
385 386 390 2285.52667258
386 387 391 2288.6035956
387 388 392 2312.7831819
388 389 393 2324.90582059
389 390 394 2332.41354587
390 391 395 2334.46446815
391 392 396 2348.91087462
392 393 397 2351.42111108
393 394 398 2363.13508479
394 395 399 2368.80323696
395 396 400 2374.84183739
396 397 401 2380.18489788
397 398 402 2380.2566748
398 399 403 2380.90281646
399 400 404 2381.97218582
400 401 405 2385.33862097
401 402 406 2385.43596067
402 403 407 2388.99595717
403 404 408 2394.98387256
404 405 409 2403.68877606
405 406 410 2404.19387973
406 407 411 2408.49121351
407 408 412 2409.45198122
408 409 413 2411.50114619
409 410 414 2418.30887901
410 411 415 2425.82066397
411 412 416 2431.69033348
412 413 417 2434.01527751
413 414 418 2444.82928031
414 415 419 2444.83833707
415 416 420 2452.98603332
416 417 421 2458.30747891
417 418 422 2463.60438086
418 419 423 2471.0629101
419 420 424 2484.84757357
420 421 425 2487.54207673
421 422 426 2489.85293677
422 423 427 2500.75581975
423 424 428 2501.42645448
424 425 429 2513.62770521
425 426 430 2523.73032165
426 427 431 2525.11514563
427 428 432 2527.94106991
428 429 433 2534.98051692
429 430 434 2539.60640756
430 431 435 2546.58774626
431 432 436 2548.99723649
432 433 437 2558.58011465
433 434 438 2559.01082694
434 435 439 2563.00324541
435 436 440 2563.51210242
436 437 441 2565.02863112
437 438 442 2568.57494371
438 439 443 2571.9174864
439 440 444 2579.69301778
440 441 445 2579.78778671
441 442 446 2580.16806518
442 443 447 2583.20820936
443 444 448 2588.21405796
444 445 449 2589.79095118
445 446 450 2596.29172686
446 447 451 2600.17292306
447 448 452 2600.43775616
448 449 453 2603.61243646
449 450 454 2613.51708421
450 451 455 2619.74715217
451 452 456 2630.98956876
452 453 457 2632.96745381
453 454 458 2634.84281631
454 455 459 2637.56585439
455 456 460 2638.03556365
456 457 461 2654.62164503
457 458 462 2656.36005068
458 459 463 2683.26717474
459 460 464 2683.62302002
460 461 465 2686.51005269
461 462 466 2695.3664035
462 463 467 2700.36502347
463 464 468 2706.76209537
464 465 469 2707.3469487
465 466 470 2722.71280132
466 467 471 2733.83558505
467 468 472 2742.08219729
468 469 473 2747.46082018
469 470 474 2748.09012014
470 471 475 2757.00742948
471 472 476 2757.82284012
472 473 477 2772.83061785
473 474 478 2780.73301004
474 475 479 2791.0178342
475 476 480 2791.09462058
476 477 481 2796.00716053
477 478 482 2801.39949631
478 479 483 2805.87699856
479 480 484 2825.0071186
480 481 485 2839.99284846
481 482 486 2850.60204953
482 483 487 2851.6402962
483 484 488 2859.39875353
484 485 489 2865.1676387
485 486 490 2866.83029953
486 487 491 2872.43679862
487 488 492 2889.31222212
488 489 493 2916.71302283
489 490 494 2922.38849266
490 491 495 2926.60373935
491 492 496 2926.87598004
492 493 497 2928.62156149
493 494 498 2941.85915849
494 495 499 2948.20470149
495 496 500 2949.21611532
496 497 501 2966.34785822
497 498 502 2977.30196807
498 499 503 2979.18217893
499 500 504 2984.14846338
500 501 505 2984.53092081
501 502 506 2989.56473374
502 503 507 2992.67352342
503 504 508 2995.60799239
504 505 509 3006.30649696
505 506 510 3017.83994383
506 507 511 3025.38454395
507 508 512 3028.22153436
508 509 513 3040.5891331
509 510 514 3045.03414156
510 511 515 3045.44515903
511 512 516 3045.80477291
512 513 517 3048.31146231
513 514 518 3056.53310509
514 515 519 3058.24138489
515 516 520 3063.5969337
516 517 521 3064.3723576
517 518 522 3075.6785185
518 519 523 3100.74258574
519 520 524 3101.64610209
520 521 525 3104.04169386
521 522 526 3107.49034282
522 523 527 3107.71324694
523 524 528 3128.88532704
524 525 529 3150.30173356
525 526 530 3154.85131758
526 527 531 3155.78851253
527 528 532 3174.68148011
528 529 533 3175.01485443
529 530 534 3186.05243937
530 531 535 3197.40953784
531 532 536 3202.37445627
532 533 537 3206.05221717
533 534 538 3214.62532444
534 535 539 3214.6865799
535 536 540 3236.16722321
536 537 541 3236.53157764
537 538 542 3242.31847927
538 539 543 3244.69889925
539 540 544 3254.10924632
540 541 545 3255.39635307
541 542 546 3260.46300112
542 543 547 3261.41542264
543 544 548 3262.21615301
544 545 549 3264.16177549
545 546 550 3277.13236597
546 547 551 3290.64032852
547 548 552 3300.7343449
548 549 553 3304.24293849
549 550 554 3308.93791137
550 551 555 3309.51965903
551 552 556 3319.0266488
552 553 557 3321.04130683
553 554 558 3329.60377183
554 555 559 3335.3754191
555 556 560 3336.44971656
556 557 561 3354.22416694
557 558 562 3354.27283605
558 559 563 3361.20155413
559 560 564 3366.63836144
560 561 565 3368.19010868
561 562 566 3375.75812482
562 563 567 3378.7650862
563 564 568 3383.65787548
564 565 569 3392.14655907
565 566 570 3400.89303483
566 567 571 3404.62384427
567 568 572 3406.80276456
568 569 573 3407.19395664
569 570 574 3408.77328473
570 571 575 3412.74385556
571 572 576 3424.31333263
572 573 577 3434.89435812
573 574 578 3441.12268607
574 575 579 3441.75916927
575 576 580 3442.69810412
576 577 581 3451.58835983
577 578 582 3452.65115753
578 579 583 3455.38368106
579 580 584 3471.09675012
580 581 585 3475.39206273
581 582 586 3479.56368468
582 583 587 3484.43009089
583 584 588 3494.28319468
584 585 589 3494.34100155
585 586 590 3497.60022733
586 587 591 3527.01349282
587 588 592 3532.97418006
588 589 593 3541.64566099
589 590 594 3542.7253157
590 591 595 3545.85047522
591 592 596 3546.88160502
592 593 597 3550.16970652
593 594 598 3553.8783508
594 595 599 3556.91238508
595 596 600 3567.23241551
596 597 601 3597.19727649
597 598 602 3597.61100543
598 599 603 3601.59170646
599 600 604 3614.81496773
600 601 605 3621.30755903
601 602 606 3628.42255862
602 603 607 3631.89011347
603 604 608 3634.64769269
604 605 609 3641.27922678
605 606 610 3646.54088898
606 607 611 3650.79089672
607 608 612 3654.21882326
608 609 613 3670.85888192
609 610 614 3676.55348108
610 611 615 3676.60359945
611 612 616 3678.56012029
612 613 617 3680.83214286
613 614 618 3686.9517319
614 615 619 3692.24101575
615 616 620 3736.33259469
616 617 621 3744.26284658
617 618 622 3745.97992553
618 619 623 3752.90398126
619 620 624 3756.28415532
620 621 625 3768.79285231
621 622 626 3779.00349261
622 623 627 3786.98668173
623 624 628 3795.58878147
624 625 629 3797.0435131
625 626 630 3798.71765203
626 627 631 3798.80489356
627 628 632 3802.54024412
628 629 633 3813.42188151
629 630 634 3819.70226872
630 631 635 3823.54668737
631 632 636 3825.0851601
632 633 637 3826.88615804
633 634 638 3832.20922421
634 635 639 3835.44858166
635 636 640 3837.84181516
636 637 641 3839.89739263
637 638 642 3844.27282126
638 639 643 3852.08325012
639 640 644 3855.18996284
640 641 645 3855.73591514
641 642 646 3857.33597887
642 643 647 3861.66490157
643 644 648 3871.23813056
644 645 649 3873.32136668
645 646 650 3877.03174725
646 647 651 3890.59499484
647 648 652 3891.85169455
648 649 653 3895.77016455
649 650 654 3897.9919854
650 651 655 3903.30705365
651 652 656 3905.82534575
652 653 657 3914.1369631
653 654 658 3933.52775049
654 655 659 3944.19494635
655 656 660 3958.20430236
656 657 661 3959.38407637
657 658 662 3964.80942241
658 659 663 3968.51185313
659 660 664 3971.92249034
660 661 665 3986.22304009
661 662 666 3990.7490408
662 663 667 3991.29359858
663 664 668 4020.75793704
664 665 669 4022.02123926
665 666 670 4023.236451
666 667 671 4038.76354856
667 668 672 4039.80371077
668 669 673 4050.6078974
669 670 674 4051.28069243
670 671 675 4060.31456756
671 672 676 4068.57056888
672 673 677 4072.28496185
673 674 678 4079.34377917
674 675 679 4083.55324556
675 676 680 4086.0132355
676 677 681 4098.3916327
677 678 682 4107.90250001
678 679 683 4114.25596915
679 680 684 4126.85216928
680 681 685 4131.42554996
681 682 686 4134.28976745
682 683 687 4138.58793903
683 684 688 4140.42788121
684 685 689 4178.8165864
685 686 690 4182.32540646
686 687 691 4194.61633368
687 688 692 4214.04670272
688 689 693 4216.20756944
689 690 694 4218.57883537
690 691 695 4225.55687779
691 692 696 4228.80896514
692 693 697 4252.89962336
693 694 698 4262.31357539
694 695 699 4265.67050009
695 696 700 4271.31897264
696 697 701 4274.50153293
697 698 702 4275.00150233
698 699 703 4279.9860804
699 700 704 4294.97355291
700 701 705 4297.00548945
701 702 706 4306.77206732
702 703 707 4317.90476727
703 704 708 4321.71332151
704 705 709 4324.95710166
705 706 710 4325.96172692
706 707 711 4328.08801112
707 708 712 4330.47974945
708 709 713 4337.32173762
709 710 714 4345.43929487
710 711 715 4346.06563459
711 712 716 4370.57097802
712 713 717 4374.42158177
713 714 718 4393.52676526
714 715 719 4395.79349035
715 716 720 4396.71188541
716 717 721 4410.87560879
717 718 722 4415.06128892
718 719 723 4418.67973041
719 720 724 4422.05196917
720 721 725 4433.50728375
721 722 726 4437.20153075
722 723 727 4442.98732299
723 724 728 4443.88715159
724 725 729 4445.50651934
725 726 730 4450.97762426
726 727 731 4453.62922131
727 728 732 4454.11527545
728 729 733 4454.78077634
729 730 734 4456.12702551
730 731 735 4459.78548159
731 732 736 4468.12039221
732 733 737 4479.43658021
733 734 738 4486.02055139
734 735 739 4486.31526422
735 736 740 4488.38338165
736 737 741 4494.58151961
737 738 742 4495.522172
738 739 743 4499.89466005
739 740 744 4512.53152624
740 741 745 4512.61904142
741 742 746 4513.36187465
742 743 747 4524.79402807
743 744 748 4539.8765029
744 745 749 4544.9413925
745 746 750 4545.36674937
746 747 751 4557.91086978
747 748 752 4562.32939637
748 749 753 4572.32639211
749 750 754 4572.78384941
750 751 755 4574.59059101
751 752 756 4580.02154372
752 753 757 4587.65857796
753 754 758 4587.84090159
754 755 759 4589.28004198
755 756 760 4597.5038267
756 757 761 4608.28225776
757 758 762 4609.68986507
758 759 763 4618.85600428
759 760 764 4618.98187552
760 761 765 4629.81479836
761 762 766 4633.66082484
762 763 767 4638.00556009
763 764 768 4642.98018369
764 765 769 4643.09925713
765 766 770 4643.49970515
766 767 771 4644.18050758
767 768 772 4659.41212796
768 769 773 4663.85278612
769 770 774 4667.69878513
770 771 775 4671.56395836
771 772 776 4676.09184251
772 773 777 4680.49939613
773 774 778 4685.54826613
774 775 779 4686.79202973
775 776 780 4691.65885975
776 777 781 4693.9011263
777 778 782 4696.33258862
778 779 783 4697.54938585
779 780 784 4699.20178255
780 781 785 4703.35801683
781 782 786 4713.57484148
782 783 787 4714.09141884
783 784 788 4715.12063663
784 785 789 4717.27615725
785 786 790 4723.09621627
786 787 791 4725.28397308
787 788 792 4725.68898227
788 789 793 4739.40262768
789 790 794 4743.35215862
790 791 795 4749.42842755
791 792 796 4760.55752558
792 793 797 4769.03585476
793 794 798 4772.53457976
794 795 799 4784.37922348
795 796 800 4784.88498377
796 797 801 4784.89095376
797 798 802 4808.18457384
798 799 803 4812.66212727
799 800 804 4812.71787263
800 801 805 4814.71288841
801 802 806 4816.1338401
802 803 807 4828.83615412
803 804 808 4839.32811144
804 805 809 4841.1932385
805 806 810 4857.47937122
806 807 811 4862.0971837
807 808 812 4866.49793407
808 809 813 4874.24197755
809 810 814 4875.79855151
810 811 815 4877.98146433
811 812 816 4880.26996788
812 813 817 4880.37382889
813 814 818 4885.39206832
814 815 819 4902.35311832
815 816 820 4903.66303669
816 817 821 4911.1298738
817 818 822 4919.518441
818 819 823 4923.58207464
819 820 824 4965.24286383
820 821 825 4969.89725147
821 822 826 4973.44145265
822 823 827 4975.57385239
823 824 828 4979.75683635
824 825 829 4990.38781338
825 826 830 4993.15030357
826 827 831 5003.54576858
827 828 832 5006.08839713
828 829 833 5011.53147741
829 830 834 5012.97170517
830 831 835 5028.90067828
831 832 836 5034.16764627
832 833 837 5039.31439049
833 834 838 5054.20086849
834 835 839 5054.22189935
835 836 840 5061.71864881
836 837 841 5063.89998319
837 838 842 5067.67165816
838 839 843 5079.94270812
839 840 844 5103.48654314
840 841 845 5108.56046969
841 842 846 5116.60401742
842 843 847 5121.36502767
843 844 848 5135.58795718
844 845 849 5138.1724425
845 846 850 5139.44115564
846 847 851 5142.88825147
847 848 852 5151.04288714
848 849 853 5159.21922143
849 850 854 5169.83789647
850 851 855 5169.96159189
851 852 856 5173.89609402
852 853 857 5181.20062394
853 854 858 5185.8391323
854 855 859 5190.49882927
855 856 860 5190.89341577
856 857 861 5192.73174807
857 858 862 5210.33688439
858 859 863 5218.52944279
859 860 864 5229.03950466
860 861 865 5237.49337028
861 862 866 5237.92411218
862 863 867 5242.82190198
863 864 868 5252.36826779
864 865 869 5252.9996093
865 866 870 5256.39047144
866 867 871 5256.53408554
867 868 872 5260.22358278
868 869 873 5268.54348402
869 870 874 5288.77180793
870 871 875 5289.49839303
871 872 876 5291.82197076
872 873 877 5295.00539959
873 874 878 5298.73325554
874 875 879 5298.94618243
875 876 880 5307.73212933
876 877 881 5309.11046636
877 878 882 5309.84396036
878 879 883 5321.91241979
879 880 884 5324.56673255
880 881 885 5331.69527592
881 882 886 5332.70624317
882 883 887 5354.13095736
883 884 888 5356.96427518
884 885 889 5368.02113561
885 886 890 5368.82708617
886 887 891 5382.3588575
887 888 892 5390.83638246
888 889 893 5403.01509375
889 890 894 5409.36041057
890 891 895 5426.28663749
891 892 896 5427.87783033
892 893 897 5446.61490128
893 894 898 5450.76362241
894 895 899 5457.63716297
895 896 900 5458.66424546
896 897 901 5466.3129394
897 898 902 5469.45405549
898 899 903 5471.11038435
899 900 904 5472.34197278
900 901 905 5473.24635873
901 902 906 5474.79798226
902 903 907 5478.57166576
903 904 908 5486.84103731
904 905 909 5488.31272946
905 906 910 5491.95969593
906 907 911 5491.97799744
907 908 912 5504.5479858
908 909 913 5508.45888055
909 910 914 5516.26661291
910 911 915 5518.30448001
911 912 916 5527.5230622
912 913 917 5530.73450573
913 914 918 5530.95567987
914 915 919 5540.49956096
915 916 920 5546.47843479
916 917 921 5550.38204218
917 918 922 5554.83356435
918 919 923 5559.10825993
919 920 924 5560.44416594
920 921 925 5561.78576884
921 922 926 5576.21055803
922 923 927 5576.37782406
923 924 928 5579.73234862
924 925 929 5596.73371816
925 926 930 5598.21382734
926 927 931 5601.19859379
927 928 932 5617.79184957
928 929 933 5626.85857003
929 930 934 5627.20942421
930 931 935 5631.50190528
931 932 936 5640.06510458
932 933 937 5640.70139295
933 934 938 5648.4689004
934 935 939 5656.61898088
935 936 940 5659.20723205
936 937 941 5665.24534479
937 938 942 5665.60852188
938 939 943 5675.78649222
939 940 944 5686.56014382
940 941 945 5696.98617448
941 942 946 5702.0068412
942 943 947 5712.75766869
943 944 948 5715.16862761
944 945 949 5717.87015258
945 946 950 5718.33621112
946 947 951 5721.49317319
947 948 952 5721.92611763
948 949 953 5729.96577384
949 950 954 5735.6066831
950 951 955 5737.16777071
951 952 956 5739.09770919
952 953 957 5742.44818111
953 954 958 5751.93199189
954 955 959 5753.15015537
955 956 960 5753.68217315
956 957 961 5775.15289017
957 958 962 5775.44971522
958 959 963 5778.18587435
959 960 964 5801.26199731
960 961 965 5804.10866974
961 962 966 5812.97922163
962 963 967 5813.07697063
963 964 968 5816.77375373
964 965 969 5818.6392931
965 966 970 5826.59456574
966 967 971 5830.0937296
967 968 972 5834.50517594
968 969 973 5840.40979801
969 970 974 5848.67990769
970 971 975 5857.60547644
971 972 976 5863.50938048
972 973 977 5885.56079383
973 974 978 5892.79473408
974 975 979 5900.08367787
975 976 980 5902.88710032
976 977 981 5908.48507865
977 978 982 5915.64125825
978 979 983 5915.73650888
979 980 984 5917.63291864
980 981 985 5918.94955481
981 982 986 5923.92365395
982 983 987 5927.25130753
983 984 988 5954.41942622
984 985 989 5961.00891035
985 986 990 5962.65028742
986 987 991 5975.07485133
987 988 992 5995.16896049
988 989 993 5999.71599203
989 990 994 6014.09054958
990 991 995 6016.82590036
991 992 996 6023.31038702
992 993 997 6041.64549103
993 994 998 6041.99799882
994 995 999 6045.52192403
995 996 1000 6047.52963174
996 997 1001 6058.57166749
997 998 1002 6081.12901336
998 999 1003 6082.15757613
999 1000 1004 6095.61774401
1000 1001 1005 6105.03630319
1000 1002 1005 6106.77578129
