#data counter step time
21.464355 1 31 26.4374533836
22.616108 2 78 60.5796102855
24.567520 3 79 72.087889602
27.101659 4 135 139.588690474
22.040717 5 157 164.240259488
32.981820 6 177 184.90255591
14.000000 7 178 186.813935948
15.812965 8 183 192.813935948
23.272315 9 184 200.000970826
51.471571 10 213 235.396996234
23.693803 11 219 246.364779138
31.466390 12 222 248.670975987
30.424490 13 229 256.470898141
7.415330 14 250 268.604151974
35.310995 15 251 268.781893152
19.684384 16 254 272.218856723
23.000000 17 266 283.228011253
25.045415 18 273 292.470606602
29.286694 19 274 293.42519162
30.353248 20 304 314.09955025
21.945438 21 332 344.284694109
14.000000 22 375 402.804265027
27.377316 23 390 414.804265027
17.000000 24 408 423.433095423
27.529110 25 413 432.433095423
33.706525 26 424 449.292799179
23.065479 27 450 479.179716603
17.577617 28 455 488.318497211
37.561164 29 460 496.740880401
33.968812 30 464 505.287309457
36.131112 31 467 511.724766837
30.148420 32 526 564.249527145
22.411019 33 529 565.226723978
26.048174 34 532 565.274897604
29.267774 35 552 579.52398315
17.866130 36 555 582.231009551
26.219995 37 591 633.054670949
22.626503 38 676 753.054670949
41.459384 39 700 787.054670949
61.374503 40 701 787.054670949
46.863952 41 703 789.135172267
35.787108 42 745 826.073108126
48.790462 43 784 851.135172267
72.486018 44 793 857.249527145
35.625380 45 810 872.249527145
27.794831 46 815 877.135172267
28.595784 47 833 893.073108126
36.115879 48 845 916.23617063
22.551448 49 870 942.407298561
27.721661 50 873 950.128960013
33.589506 51 887 968.407298561
37.929401 52 892 979.179943567
21.923268 53 921 1022.30035965
32.363061 54 926 1034.66342064
27.965384 55 972 1083.3809717
33.185265 56 1009 1132.25110406
28.955827 57 1042 1173.57972237
25.293329 58 1065 1225.12348449
33.619657 59 1075 1242.12348449
26.106978 60 1079 1250.83015571
48.665688 61 1176 1378.12948241
51.921860 62 1180 1380.5190202
35.112416 63 1188 1395.12948241
39.902438 64 1269 1490.39336169
58.062178 65 1301 1539.43688594
20.599944 66 1304 1544.75142745
41.046584 67 1314 1551.19560391
32.531676 68 1408 1716.8363945
42.446312 69 1453 1756.23391888
34.947985 70 1476 1784.78760652
31.958792 71 1477 1784.85288217
64.581515 72 1481 1793.23391888
33.847127 73 1513 1837.56218798
21.653696 74 1516 1840.8975485
26.275013 75 1543 1876.92786224
32.728393 76 1600 1934.62967682
30.162119 77 1619 1948.62967682
36.438746 78 1644 1977.62967682
17.775876 79 1699 2044.82071538
32.486585 80 1713 2056.82071538
35.152887 81 1727 2073.82071538
49.503507 82 1751 2099.82071538
36.450364 83 1770 2128.82071538
41.951937 84 1777 2144.317208
37.214820 85 1782 2151.69846948
28.690320 86 1830 2192.08081901
37.475265 87 1841 2199.69846948
42.267623 88 1846 2207.69846948
41.493155 89 1858 2222.62967682
37.984704 90 1911 2284.1621687
25.453030 91 1939 2341.40477191
48.210203 92 1943 2341.95174155
27.093058 93 1954 2354.59795958
24.017451 94 1958 2361.40477191
50.704973 95 2017 2434.54070894
38.414941 96 2029 2442.23957072
66.065365 97 2053 2459.23957072
69.299673 98 2076 2487.23957072
48.992013 99 2079 2487.23957072
32.162608 100 2082 2491.54070894
23.415490 101 2138 2548.27849552
38.227109 102 2148 2569.74463471
40.062062 103 2163 2584.20728747
23.451613 104 2197 2628.39367948
24.282548 105 2265 2744.05577903
29.793063 106 2269 2748.77323136
31.045149 107 2274 2752.730813
6.565110 108 2293 2764.90417173
27.300146 109 2297 2771.77323136
48.523054 110 2303 2779.90417173
46.701534 111 2328 2809.34916318
22.693136 112 2354 2830.38177851
16.653705 113 2389 2868.04773499
29.775460 114 2404 2882.23092103
34.625361 115 2415 2897.9905998
26.370028 116 2416 2899.04773499
27.795132 117 2433 2917.9905998
28.337063 118 2452 2944.7093831
26.081463 119 2488 2984.04918705
24.209670 120 2489 2985.2588571
40.621427 121 2499 3005.96772415
33.601680 122 2505 3010.04918705
59.535313 123 2523 3049.82418055
10.132950 124 2544 3079.04747259
38.725306 125 2553 3091.04747259
32.117568 126 2673 3269.2588571
34.922341 127 2687 3285.47067266
25.766809 128 2693 3291.2374813
14.734778 129 2709 3309.90206632
38.241796 130 2711 3314.23986532
31.512525 131 2722 3321.16728847
27.976383 132 2732 3332.43694948
37.558500 133 2735 3333.46056643
51.269243 134 2760 3390.67882765
30.462611 135 2778 3408.42159176
26.511708 136 2810 3435.42900105
27.584498 137 2879 3513.06139546
27.152470 138 2881 3514.23299454
20.029669 139 2893 3530.06139546
38.254974 140 2897 3540.23299454
18.309018 141 2921 3579.89043597
28.508055 142 2924 3584.58141832
40.624525 143 2940 3614.76906056
23.972825 144 2958 3633.27582529
37.277162 145 3001 3708.19735742
34.317349 146 3002 3713.51470602
30.339331 147 3059 3793.68812737
20.648866 148 3063 3808.60156773
25.914838 149 3064 3814.5164059
11.000000 150 3074 3826.42816116
40.911755 151 3079 3832.42816116
39.583283 152 3110 3874.78050221
25.000000 153 3131 3890.87278225
14.000000 154 3160 3914.74257161
28.401179 155 3178 3933.55211263
20.472924 156 3187 3945.16969915
19.001053 157 3210 3993.37155608
29.763472 158 3219 4006.13502833
46.223870 159 3314 4169.28101104
31.107312 160 3359 4232.02941098
4.682779 161 3368 4236.19010816
14.000000 162 3373 4242.19010816
27.399638 163 3394 4267.82861721
28.183652 164 3406 4294.98748102
19.430056 165 3434 4323.80382876
63.816348 166 3440 4335.80382876
38.936575 167 3459 4353.98748102
22.615397 168 3477 4376.0163719
25.735022 169 3514 4435.98748102
64.197633 170 3542 4467.59857965
31.123638 171 3584 4547.10415923
63.600549 172 3682 4677.24594241
35.124942 173 3685 4683.33158761
72.914712 174 3688 4683.59289148
33.397026 175 3719 4717.59289148
35.594419 176 3722 4722.24594241
56.097711 177 3740 4745.24594241
43.000000 178 3816 4824.80704588
31.873267 179 3823 4831.42221301
31.300173 180 3826 4836.54894587
53.935299 181 3843 4853.80704588
49.091076 182 3854 4860.5400144
45.606809 183 3877 4877.42221301
24.484372 184 3881 4883.5400144
21.146304 185 3900 4916.79783418
21.966627 186 3932 4947.74901828
35.255175 187 3942 4964.53507365
41.665269 188 3947 4972.27989853
38.275332 189 3982 5009.4052758
20.137214 190 3996 5027.78613483
29.757222 191 3997 5027.78613483
27.619141 192 3999 5029.4052758
29.614197 193 4002 5032.63449472
26.871667 194 4011 5049.4052758
46.429247 195 4040 5078.4052758
25.345794 196 4043 5086.13813623
39.085896 197 4048 5104.4052758
25.005326 198 4096 5144.63605287
46.405474 199 4132 5180.63047264
28.924687 200 4172 5225.42490137
34.413290 201 4227 5307.75591061
27.566841 202 4241 5327.34262087
11.270199 203 4250 5333.75591061
64.828429 204 4298 5392.34262087
78.028125 205 4319 5415.34262087
84.969616 206 4322 5415.75591061
56.026703 207 4328 5426.4052758
128.814791 208 4339 5432.75591061
37.969156 209 4354 5453.14859268
102.928124 210 4357 5458.34262087
43.993064 211 4375 5485.74427928
37.509682 212 4411 5514.74427928
30.928730 213 4414 5521.76373503
25.796986 214 4415 5523.96582143
45.936012 215 4440 5560.23459753
30.505843 216 4452 5576.56224244
34.544949 217 4472 5596.72134597
29.054414 218 4473 5596.77575975
24.192288 219 4497 5621.72134597
43.836443 220 4533 5670.23666224
38.398072 221 4560 5713.40865542
26.000000 222 4583 5744.62467597
35.024730 223 4602 5763.71010237
24.228227 224 4679 5829.23122076
31.871443 225 4722 5886.03166417
27.168942 226 4771 5949.35229033
29.332621 227 4774 5952.6849113
41.363395 228 4775 5954.18334825
32.573023 229 4792 5971.62433338
16.912216 230 4826 6015.46460159
43.497459 231 4841 6027.46460159
36.685631 232 4848 6041.46460159
31.368747 233 4864 6062.96714214
55.584678 234 4887 6089.46460159
31.477741 235 4896 6099.96714214
70.900614 236 4911 6115.46460159
37.410053 237 4941 6144.22132421
45.131552 238 4972 6166.81127077
56.795949 239 4982 6178.22132421
38.920672 240 4985 6178.71804793
37.658723 241 4989 6186.81127077
18.042357 242 5000 6200.81127077
47.976717 243 5003 6204.71804793
32.334247 244 5006 6215.22132421
