#data counter step time
0 1 0 0.0
1 2 1 0.0
2 3 12 10.3800966422
3 4 14 11.3647559518
4 5 16 12.047469894
5 6 19 13.7825251273
6 7 22 18.3804657293
7 8 29 22.0538794219
6 9 31 24.3800966422
5 10 32 25.3647559518
6 11 35 25.7193374141
5 12 37 29.047469894
4 13 38 31.3647559518
3 14 41 35.3804657293
2 15 44 39.0538794219
3 16 45 39.9495170942
4 17 49 44.5368540946
5 18 51 44.6717093676
4 19 53 44.9495170942
3 20 56 48.7193374141
2 21 59 55.6717093676
3 22 60 60.3543706546
4 23 62 61.4223083267
5 24 66 64.1359477628
4 25 68 64.5368540946
5 26 71 67.063865181
6 27 73 68.4457962928
5 28 75 69.1359477628
6 29 79 72.3438255519
5 30 80 72.4223083267
4 31 83 77.3543706546
5 32 85 79.735435559
4 33 90 82.4457962928
5 34 91 83.7554634252
6 35 93 84.9331728658
5 36 95 85.4457962928
6 37 96 86.5256358423
5 38 98 90.063865181
6 39 99 90.5475819289
5 40 105 97.4457962928
6 41 108 101.385197374
5 42 110 101.933172866
4 43 113 103.755463425
3 44 114 110.547581929
4 45 115 111.31470158
3 46 121 115.525635842
2 47 122 121.385197374
3 48 123 121.995650834
2 49 125 122.31470158
1 50 128 129.995650834
2 51 129 136.776748751
3 52 131 137.629750737
4 53 133 138.737656849
5 54 135 144.349850354
6 55 137 145.081095297
7 56 149 155.144922871
6 57 150 155.349850354
5 58 152 156.081095297
4 59 153 157.629750737
5 60 154 161.005813383
6 61 156 161.837895494
5 62 160 164.737656849
4 63 161 165.776748751
3 64 164 169.349850354
2 65 167 175.005813383
3 66 168 175.816208947
2 67 170 178.837895494
3 68 171 180.687654775
4 69 177 195.038949627
3 70 179 197.687654775
2 71 180 198.816208947
3 72 181 199.616095718
4 73 183 200.468080691
3 74 187 209.038949627
4 75 192 216.312207926
5 76 194 223.75147278
4 77 198 226.468080691
3 78 201 228.616095718
2 79 202 231.75147278
1 80 203 236.312207926
2 81 204 248.355965203
3 82 208 259.340315884
4 83 210 259.348260938
3 84 212 265.355965203
4 85 217 276.13919646
3 86 219 279.340315884
2 87 220 282.348260938
3 88 223 286.949220166
4 89 225 287.040924195
5 90 227 291.33391647
4 91 229 293.13919646
5 92 230 294.724545456
6 93 240 302.124488942
5 94 242 302.724545456
4 95 243 303.949220166
5 96 244 305.359890914
6 97 247 306.690769222
5 98 248 307.040924195
4 99 252 314.33391647
5 100 255 319.199700977
4 101 257 322.124488942
3 102 258 325.124488942
4 103 259 333.035763052
3 104 261 334.359890914
4 105 264 342.159611686
3 106 266 342.199700977
2 107 269 350.035763052
1 108 272 359.159611686
2 109 273 359.439023952
3 110 275 361.048151148
4 111 277 364.139586061
3 112 283 375.048151148
2 113 286 378.139586061
3 114 287 383.719228375
2 115 289 388.439023952
3 116 292 390.759654285
4 117 294 393.721598398
3 118 296 394.719228375
4 119 298 395.085104542
5 120 304 405.364546309
6 121 306 406.08038512
7 122 308 406.689834399
6 123 310 407.721598398
5 124 311 407.759654285
6 125 313 409.44434469
5 126 316 410.721598398
6 127 322 414.44847377
5 128 324 414.689834399
6 129 325 415.665518759
5 130 331 423.08038512
6 131 332 424.610304516
5 132 334 425.364546309
4 133 335 426.08038512
5 134 336 426.897247806
6 135 338 428.679866158
5 136 340 429.665518759
6 137 341 430.714405374
7 138 349 436.641873806
6 139 351 437.44847377
7 140 353 440.16900868
8 141 354 440.277814821
7 142 357 441.610304516
6 143 359 441.714405374
5 144 360 442.679866158
4 145 364 445.44847377
3 146 365 446.897247806
4 147 367 449.219291871
5 148 368 449.959106095
6 149 370 450.22216696
7 150 372 450.953914028
6 151 379 455.897247806
5 152 380 458.610304516
4 153 381 461.610304516
3 154 384 464.953914028
4 155 387 466.841272197
3 156 389 472.959106095
4 157 392 478.641954816
3 158 394 479.22216696
4 159 395 480.027000617
3 160 397 486.841272197
4 161 402 490.698681668
5 162 404 491.908493606
4 163 406 497.027000617
5 164 407 498.020387824
4 165 409 498.641954816
3 166 416 505.908493606
4 167 417 508.732846556
3 168 419 512.020387824
2 169 420 513.698681668
3 170 423 524.414818653
2 171 425 528.732846556
1 172 428 544.414818653
2 173 429 550.937952372
3 174 431 552.283707431
4 175 433 555.78321336
3 176 439 561.937952372
2 177 444 566.283707431
1 178 445 569.78321336
2 179 446 587.587733263
3 180 448 588.643604634
4 181 450 593.302494706
5 182 452 593.6280368
6 183 455 594.356257331
5 184 463 604.302494706
4 185 466 607.587733263
3 186 467 610.587733263
2 187 468 611.643604634
1 188 469 613.6280368
2 189 470 618.67521944
3 190 472 620.228450896
4 191 478 626.888835434
3 192 480 629.67521944
4 193 481 630.131438043
5 194 485 632.70393947
4 195 487 637.228450896
5 196 490 641.089444432
6 197 494 643.087621582
7 198 495 643.630271866
6 199 496 643.888835434
5 200 499 647.131438043
4 201 503 649.089444432
5 202 505 649.372974844
6 203 510 652.811899856
7 204 513 656.738889582
6 205 515 657.888835434
5 206 516 657.888835434
6 207 517 658.091895386
5 208 518 658.70393947
6 209 522 660.270041697
5 210 523 663.888835434
6 211 528 667.38334028
5 212 530 668.888835434
4 213 531 672.70393947
3 214 533 672.811899856
4 215 538 685.046356933
5 216 540 686.139318076
4 217 542 691.888835434
5 218 543 695.591700584
4 219 545 695.70393947
3 220 550 706.70393947
2 221 554 708.046356933
1 222 557 714.888835434
2 223 559 721.460563184
3 224 560 723.593302409
4 225 561 724.179830369
5 226 562 733.421503779
6 227 563 763.011961839
7 228 564 763.207235979
8 229 568 773.264183166
9 230 569 782.23536743
10 231 572 789.884457838
11 232 573 797.770935571
10 233 576 798.937952372
11 234 577 802.365857994
12 235 578 808.665486993
13 236 582 811.190783522
12 237 583 815.937952372
13 238 584 821.041996573
12 239 586 821.937952372
13 240 589 837.846580985
12 241 592 838.937952372
13 242 596 843.841403009
14 243 597 855.037647547
13 244 600 855.937952372
12 245 601 855.937952372
13 246 602 860.398511355
14 247 604 861.11689695
15 248 614 872.876164534
14 249 616 872.937952372
13 250 617 872.937952372
14 251 618 875.085439846
13 252 621 875.131438043
12 253 622 875.937952372
11 254 626 877.131438043
10 255 630 883.131438043
11 256 633 893.722639032
10 257 635 894.131438043
11 258 636 894.138725486
12 259 637 894.18372197
11 260 641 895.937952372
12 261 642 898.772300232
13 262 644 904.74405453
14 263 645 905.60789158
15 264 646 906.049318141
16 265 654 912.750776955
15 266 655 912.937952372
14 267 657 914.131438043
13 268 658 915.937952372
14 269 659 916.132348069
13 270 661 918.937952372
12 271 662 918.937952372
11 272 671 929.937952372
10 273 674 931.131438043
11 274 681 937.909148956
10 275 685 942.131438043
11 276 686 942.51354645
10 277 689 943.046356933
9 278 690 945.131438043
8 279 692 946.937952372
9 280 693 948.209959029
8 281 694 949.046356933
7 282 700 957.937952372
6 283 705 960.046356933
5 284 710 963.046356933
6 285 711 968.500469446
5 286 712 971.937952372
4 287 714 974.131438043
5 288 717 976.277206129
4 289 721 977.937952372
3 290 724 985.937952372
2 291 725 986.046356933
1 292 726 987.277206129
2 293 728 998.062648219
3 294 730 1000.81370879
4 295 736 1011.21021462
3 296 738 1017.81370879
2 297 741 1024.06264822
3 298 742 1024.83082129
4 299 744 1025.49214406
5 300 749 1033.32303252
4 301 750 1034.21021462
5 302 753 1036.14454736
4 303 755 1036.49214406
5 304 756 1039.491223
4 305 762 1047.32303252
3 306 763 1047.83082129
2 307 766 1056.14454736
1 308 767 1059.491223
2 309 768 1065.69505455
3 310 772 1070.64844602
2 311 774 1073.69505455
3 312 775 1077.28885814
2 313 781 1084.64844602
3 314 782 1088.61590594
2 315 784 1091.28885814
3 316 787 1095.7149824
4 317 791 1101.46097495
3 318 793 1105.61590594
2 319 795 1106.7149824
3 320 799 1117.06374918
2 321 801 1118.46097495
3 322 805 1126.12802812
4 323 807 1130.35818536
3 324 813 1138.35818536
2 325 814 1140.06374918
3 326 815 1151.19655546
2 327 817 1152.12802812
3 328 818 1156.47277407
4 329 820 1157.18924529
5 330 828 1162.00346836
6 331 830 1163.56822888
7 332 831 1168.87087541
8 333 834 1170.40740192
7 334 836 1170.47277407
6 335 838 1171.18924529
5 336 839 1171.19655546
6 337 841 1173.34208428
7 338 842 1174.37512849
6 339 846 1178.47277407
5 340 847 1179.00346836
6 341 849 1179.0803478
5 342 859 1188.19655546
4 343 860 1190.00346836
5 344 861 1190.86619668
4 345 863 1192.47277407
3 346 864 1194.18924529
4 347 867 1201.19851688
3 348 869 1202.19655546
4 349 872 1207.16693368
3 350 874 1207.86619668
4 351 879 1214.93922612
5 352 883 1219.16425026
6 353 885 1219.90200763
5 354 886 1221.16693368
6 355 888 1223.52376911
7 356 889 1225.42636006
6 357 890 1225.93922612
5 358 896 1230.19851688
4 359 898 1236.16425026
5 360 901 1238.42231609
6 361 903 1238.63182671
7 362 906 1242.36016457
6 363 907 1242.93922612
5 364 910 1243.42231609
4 365 911 1244.16693368
5 366 918 1250.99171703
4 367 920 1253.19851688
3 368 921 1254.42231609
4 369 922 1257.34277481
3 370 924 1259.93922612
4 371 925 1262.03512748
5 372 931 1273.56077939
4 373 933 1273.99171703
3 374 934 1274.34277481
4 375 935 1274.8673915
3 376 941 1285.03512748
4 377 942 1287.54687054
5 378 946 1288.82287913
4 379 948 1290.56077939
5 380 953 1293.99001232
4 381 957 1298.54687054
5 382 958 1299.80391085
4 383 960 1299.82287913
3 384 961 1300.8673915
2 385 964 1304.99001232
3 386 965 1310.34446627
2 387 967 1313.80391085
3 388 968 1316.75629585
4 389 970 1319.30668186
3 390 977 1327.75629585
4 391 980 1332.6202026
3 392 982 1339.34446627
2 393 985 1342.30668186
3 394 986 1346.33106813
2 395 988 1349.6202026
3 396 989 1351.6014055
4 397 991 1354.86983428
5 398 993 1356.12720573
6 399 1002 1368.38861627
7 400 1003 1369.05269024
6 401 1008 1371.6014055
5 402 1011 1373.12720573
4 403 1012 1374.86983428
3 404 1013 1375.33106813
2 405 1014 1379.12720573
1 406 1015 1380.05269024
2 407 1017 1387.98234311
3 408 1019 1392.89504267
2 409 1024 1398.98234311
3 410 1025 1402.05493718
4 411 1027 1402.24904832
3 412 1035 1410.24904832
2 413 1036 1415.89504267
1 414 1037 1416.05493718
2 415 1038 1421.47213822
3 416 1040 1423.13836765
4 417 1042 1428.48236175
5 418 1044 1428.93664898
4 419 1054 1439.93664898
5 420 1055 1439.96980749
4 421 1057 1440.13836765
3 422 1058 1441.47213822
2 423 1061 1445.48236175
3 424 1062 1447.55581677
2 425 1064 1453.96980749
1 426 1067 1461.55581677
2 427 1068 1465.27188324
3 428 1072 1472.20725052
2 429 1076 1476.27188324
3 430 1077 1476.62721537
4 431 1079 1483.48343311
5 432 1085 1488.75525053
4 433 1087 1489.20725052
5 434 1089 1489.28895175
4 435 1093 1493.62721537
3 436 1094 1494.48343311
4 437 1096 1502.43800807
3 438 1098 1502.75525053
4 439 1099 1508.77453044
5 440 1105 1511.73809422
4 441 1106 1513.43800807
3 442 1108 1516.62721537
4 443 1113 1522.35786127
3 444 1117 1524.43800807
2 445 1118 1525.77453044
3 446 1119 1528.16585517
2 447 1121 1533.35786127
3 448 1122 1533.82744183
4 449 1128 1538.78505555
3 450 1130 1544.82744183
4 451 1133 1546.50560787
3 452 1135 1548.16585517
4 453 1138 1553.06777027
3 454 1140 1555.78505555
4 455 1141 1558.15989747
5 456 1143 1558.71555901
4 457 1146 1560.50560787
5 458 1150 1565.67218269
6 459 1151 1569.00434023
5 460 1152 1570.06777027
4 461 1159 1578.15989747
3 462 1160 1580.50560787
4 463 1161 1581.9863742
5 464 1163 1582.02252268
4 465 1165 1584.06777027
5 466 1168 1585.84241491
6 467 1171 1590.21874025
5 468 1175 1592.06777027
4 469 1176 1595.15989747
5 470 1180 1603.34133597
6 471 1181 1605.42461273
5 472 1185 1607.9863742
4 473 1189 1609.06777027
5 474 1191 1610.06771392
6 475 1192 1612.12664517
5 476 1197 1618.15989747
6 477 1198 1619.51867387
5 478 1200 1624.05269024
4 479 1205 1627.05269024
5 480 1208 1630.29078053
6 481 1209 1630.37675675
5 482 1211 1632.15989747
6 483 1212 1632.71045217
7 484 1215 1635.16868896
6 485 1216 1641.05269024
7 486 1218 1645.80709689
6 487 1220 1646.15989747
7 488 1221 1646.89243634
8 489 1224 1651.6106967
9 490 1225 1651.74781696
10 491 1226 1656.01806803
9 492 1228 1658.05269024
10 493 1230 1658.29668671
11 494 1233 1661.5078755
12 495 1237 1668.29325431
13 496 1238 1671.0805674
12 497 1241 1675.05269024
11 498 1242 1675.05269024
10 499 1244 1675.15989747
11 500 1250 1690.02388257
10 501 1252 1692.05269024
9 502 1254 1692.15989747
8 503 1255 1695.05269024
9 504 1256 1695.36720502
10 505 1257 1697.82102377
11 506 1258 1698.63317482
12 507 1263 1705.70571794
11 508 1265 1706.05269024
12 509 1266 1709.83720496
11 510 1267 1712.15989747
12 511 1269 1712.58952689
11 512 1280 1725.20725052
10 513 1281 1726.05269024
11 514 1284 1727.17018866
10 515 1287 1731.20725052
9 516 1290 1732.15989747
8 517 1298 1743.05269024
7 518 1299 1743.05269024
8 519 1300 1743.48015718
7 520 1304 1748.20725052
6 521 1306 1749.15989747
5 522 1307 1751.20725052
6 523 1308 1752.73044008
7 524 1309 1756.39489762
6 525 1311 1758.15989747
7 526 1316 1760.13940635
6 527 1318 1766.05269024
5 528 1324 1774.20725052
4 529 1326 1775.15989747
3 530 1327 1777.05269024
4 531 1328 1780.09995143
5 532 1332 1786.75282715
4 533 1338 1789.15989747
5 534 1339 1790.28012693
4 535 1340 1791.09995143
5 536 1342 1792.30172865
6 537 1347 1798.60268466
5 538 1349 1800.20725052
6 539 1350 1804.97900111
7 540 1351 1805.06613552
8 541 1352 1806.25147177
9 542 1353 1808.18208115
8 543 1359 1811.09995143
7 544 1361 1812.15989747
8 545 1366 1815.31589533
7 546 1367 1819.09995143
6 547 1371 1820.20725052
7 548 1372 1823.40365997
6 549 1373 1828.09995143
5 550 1375 1828.09995143
4 551 1380 1832.15989747
5 552 1382 1833.82897159
6 553 1383 1834.89268749
5 554 1384 1836.09995143
6 555 1386 1837.28464002
7 556 1387 1837.3916503
8 557 1389 1839.81751356
7 558 1392 1840.20725052
8 559 1397 1843.14410502
9 560 1401 1846.14619005
8 561 1406 1849.15989747
7 562 1408 1853.09995143
6 563 1409 1853.09995143
5 564 1410 1854.20725052
6 565 1412 1854.35477993
5 566 1413 1857.20725052
6 567 1416 1860.79175768
5 568 1424 1864.9863742
6 569 1425 1865.4167398
5 570 1429 1867.9863742
4 571 1430 1869.15989747
5 572 1432 1870.12209426
4 573 1434 1871.79175768
3 574 1435 1873.09995143
2 575 1441 1896.12209426
1 576 1442 1897.4167398
2 577 1443 1906.73599715
3 578 1447 1919.45053205
4 579 1449 1922.77442204
5 580 1453 1924.57498707
4 581 1455 1926.73599715
5 582 1458 1933.06038446
4 583 1460 1933.77442204
5 584 1463 1936.55391005
6 585 1466 1937.17940398
7 586 1467 1937.465229
6 587 1468 1942.45053205
5 588 1473 1947.06038446
4 589 1474 1947.57498707
3 590 1479 1953.06038446
4 591 1480 1954.03796504
5 592 1482 1957.56991491
6 593 1485 1958.64585463
7 594 1488 1962.51195026
6 595 1490 1965.03796504
5 596 1492 1965.55391005
6 597 1493 1972.99103284
5 598 1495 1974.45053205
6 599 1501 1977.50540024
7 600 1502 1979.12377547
6 601 1504 1982.03796504
7 602 1508 1985.30878181
6 603 1509 1985.55391005
7 604 1511 1985.70470116
8 605 1512 1989.03721811
9 606 1513 1992.50732244
10 607 1514 1993.5820631
9 608 1516 1994.45053205
8 609 1517 1997.45053205
7 610 1525 2002.03796504
8 611 1526 2007.60100882
9 612 1527 2008.54875418
8 613 1529 2008.55391005
7 614 1531 2011.45053205
6 615 1539 2025.03796504
7 616 1540 2026.68885044
6 617 1542 2031.45053205
5 618 1544 2034.55391005
6 619 1547 2041.53610196
7 620 1550 2043.97004258
6 621 1554 2048.03796504
7 622 1555 2048.48200337
6 623 1557 2048.55391005
7 624 1559 2049.46550055
6 625 1561 2051.45053205
7 626 1566 2055.27581627
8 627 1568 2055.39610268
9 628 1572 2055.71793938
10 629 1573 2057.61309831
9 630 1574 2059.03796504
8 631 1576 2059.55391005
7 632 1577 2062.03796504
6 633 1584 2068.55391005
7 634 1586 2068.88172726
6 635 1590 2071.45053205
5 636 1591 2071.45053205
6 637 1593 2073.67920953
5 638 1596 2076.55391005
4 639 1598 2079.03796504
5 640 1599 2082.01815637
4 641 1600 2082.03796504
3 642 1602 2082.45053205
2 643 1607 2090.55391005
3 644 1609 2090.8569744
4 645 1614 2101.09795486
3 646 1615 2102.03796504
4 647 1618 2102.92382597
5 648 1619 2103.99228666
4 649 1620 2107.8569744
5 650 1622 2108.01842983
6 651 1623 2113.77098069
7 652 1629 2127.83858597
6 653 1631 2127.8569744
5 654 1632 2128.03796504
6 655 1634 2128.84179818
7 656 1635 2130.51089806
6 657 1636 2131.03796504
7 658 1637 2131.70727516
8 659 1638 2135.54876208
9 660 1639 2135.97036399
10 661 1640 2135.9960043
11 662 1641 2137.45769259
12 663 1645 2139.46392067
13 664 1647 2139.85463972
14 665 1648 2140.49135036
13 666 1655 2141.8569744
14 667 1656 2147.5172903
13 668 1658 2148.03796504
12 669 1659 2154.03796504
13 670 1660 2154.3206865
12 671 1664 2157.03796504
11 672 1670 2161.8569744
10 673 1673 2162.03796504
11 674 1674 2163.21097644
12 675 1675 2164.45502491
11 676 1676 2164.8569744
12 677 1677 2165.23488137
11 678 1689 2170.03796504
10 679 1690 2172.8569744
11 680 1693 2173.66076468
12 681 1694 2174.71165136
11 682 1699 2179.15989747
10 683 1705 2180.57498707
9 684 1706 2183.57498707
8 685 1708 2184.03796504
9 686 1710 2186.05825723
8 687 1711 2187.03796504
7 688 1712 2188.15989747
6 689 1713 2189.8569744
7 690 1719 2193.85246169
6 691 1723 2201.03796504
7 692 1724 2201.28148577
6 693 1726 2202.15989747
7 694 1729 2205.99178395
8 695 1730 2206.98468927
7 696 1731 2209.57498707
6 697 1740 2215.03796504
5 698 1742 2218.8569744
4 699 1743 2220.57498707
5 700 1748 2226.28805909
4 701 1750 2228.15989747
5 702 1751 2232.10426969
6 703 1753 2233.83403903
5 704 1754 2235.03796504
6 705 1757 2235.83323677
5 706 1760 2238.8569744
4 707 1768 2246.28805909
3 708 1769 2249.03796504
2 709 1770 2249.10426969
1 710 1771 2258.03796504
2 711 1774 2261.28792078
3 712 1778 2269.72175853
2 713 1780 2272.28792078
3 714 1783 2281.04192772
4 715 1785 2285.29296199
3 716 1787 2286.72175853
4 717 1792 2295.02148305
3 718 1793 2295.04192772
4 719 1795 2300.01244471
3 720 1796 2300.72175853
4 721 1800 2304.64971275
3 722 1803 2312.04192772
2 723 1806 2317.72175853
3 724 1809 2323.96999791
2 725 1811 2328.55391005
1 726 1814 2337.96999791
2 727 1815 2344.98259889
3 728 1819 2355.22165353
4 729 1821 2356.63972285
3 730 1823 2358.98259889
2 731 1828 2375.22165353
1 732 1829 2376.63972285
2 733 1830 2416.44457831
3 734 1834 2426.19771733
2 735 1836 2430.44457831
1 736 1839 2440.19771733
2 737 1840 2447.00921022
3 738 1842 2452.10391444
4 739 1844 2452.82589868
3 740 1852 2461.00921022
2 741 1853 2463.10391444
1 742 1854 2463.82589868
2 743 1855 2471.07166565
3 744 1857 2474.88622543
2 745 1863 2482.07166565
1 746 1865 2488.88622543
2 747 1866 2491.23524635
3 748 1868 2493.7288643
4 749 1870 2494.65566461
5 750 1872 2496.59680819
6 751 1876 2500.59248556
7 752 1879 2506.35805271
6 753 1885 2510.7288643
5 754 1886 2511.23524635
4 755 1888 2513.59680819
5 756 1889 2514.4340018
4 757 1891 2514.65566461
3 758 1898 2527.7288643
4 759 1899 2531.14251992
3 760 1901 2531.23524635
2 761 1903 2534.4340018
3 762 1905 2542.98958475
4 763 1907 2543.76458373
3 764 1912 2548.14251992
2 765 1913 2548.14251992
3 766 1914 2557.2086711
4 767 1917 2559.97195776
3 768 1918 2560.14251992
4 769 1919 2560.75942556
5 770 1924 2568.8530889
6 771 1926 2570.45077613
5 772 1932 2577.2086711
4 773 1933 2580.2086711
5 774 1936 2580.59766637
4 775 1938 2582.8530889
3 776 1939 2583.75942556
2 777 1940 2587.45077613
3 778 1943 2588.50787217
2 779 1945 2591.59766637
3 780 1948 2599.53336422
2 781 1950 2608.50787217
1 782 1953 2616.53336422
2 783 1954 2623.05576149
3 784 1958 2640.60757196
4 785 1960 2640.62334967
3 786 1962 2643.05576149
4 787 1965 2645.70979866
5 788 1969 2649.3079326
4 789 1971 2651.62334967
3 790 1972 2654.60757196
4 791 1977 2656.66039406
3 792 1979 2662.70979866
2 793 1980 2663.3079326
3 794 1981 2666.55579709
4 795 1985 2669.07864925
3 796 1987 2673.66039406
4 797 1988 2674.62757082
5 798 1990 2675.30334868
6 799 1998 2680.03371224
7 800 2001 2680.16935917
6 801 2005 2683.07864925
5 802 2006 2683.30334868
4 803 2009 2688.62757082
3 804 2010 2689.55579709
2 805 2011 2691.62757082
3 806 2012 2692.87695611
2 807 2016 2694.03371224
1 808 2017 2700.87695611
2 809 2018 2703.04158127
3 810 2020 2707.22125079
4 811 2024 2710.01521895
3 812 2030 2721.22125079
2 813 2031 2724.01521895
3 814 2032 2729.83309003
4 815 2035 2731.68001506
3 816 2036 2732.04158127
4 817 2037 2734.06934949
5 818 2041 2737.70977511
6 819 2043 2742.06191371
5 820 2045 2742.06934949
6 821 2050 2743.80151544
7 822 2051 2746.15743276
6 823 2053 2746.83309003
5 824 2059 2751.70977511
6 825 2060 2752.13563993
5 826 2062 2752.83309003
4 827 2065 2759.06191371
3 828 2068 2760.70977511
4 829 2069 2761.59766959
3 830 2071 2766.13563993
2 831 2074 2772.15743276
3 832 2077 2775.70479684
4 833 2079 2777.61551612
3 834 2081 2778.59766959
4 835 2083 2779.07982395
5 836 2085 2784.29566809
4 837 2094 2793.07982395
3 838 2095 2797.61551612
4 839 2096 2798.66723341
3 840 2098 2801.70479684
4 841 2099 2802.75467469
5 842 2107 2807.44415049
6 843 2108 2809.2634423
5 844 2110 2810.75467469
6 845 2111 2814.97978753
5 846 2113 2815.66723341
4 847 2114 2816.07982395
5 848 2116 2817.2425787
6 849 2117 2817.87639655
7 850 2118 2818.21588808
8 851 2121 2821.64993767
9 852 2122 2822.51219878
8 853 2129 2827.07982395
7 854 2130 2827.75467469
8 855 2132 2828.45826884
7 856 2134 2829.66723341
8 857 2140 2835.42768301
7 858 2141 2838.07982395
6 859 2145 2844.07982395
7 860 2147 2844.47614107
8 861 2148 2845.94740128
7 862 2150 2846.66723341
6 863 2152 2847.75467469
7 864 2153 2851.29608905
8 865 2157 2854.35780701
7 866 2162 2861.07982395
6 867 2164 2864.07982395
5 868 2166 2864.75467469
4 869 2167 2866.66723341
5 870 2169 2867.01894907
6 871 2170 2868.78678241
7 872 2177 2879.78606403
8 873 2178 2881.82570004
9 874 2179 2881.96492398
8 875 2183 2883.66723341
9 876 2188 2888.82310307
8 877 2189 2890.75467469
9 878 2191 2891.33590646
8 879 2193 2893.07982395
9 880 2195 2893.28247752
8 881 2199 2897.66723341
7 882 2200 2897.66723341
8 883 2204 2900.04275696
7 884 2205 2900.66723341
6 885 2207 2901.75467469
7 886 2208 2903.78916479
6 887 2210 2904.07982395
5 888 2211 2904.75467469
6 889 2214 2911.27824329
5 890 2219 2921.07982395
4 891 2222 2921.75467469
3 892 2227 2929.07982395
2 893 2228 2929.66723341
1 894 2230 2935.75467469
2 895 2231 2941.49857593
3 896 2234 2943.34438937
4 897 2236 2944.70001992
5 898 2241 2951.86363136
6 899 2242 2955.48388553
7 900 2243 2955.79091587
6 901 2245 2957.34438937
5 902 2249 2961.49857593
6 903 2250 2966.82295594
7 904 2251 2967.81066179
6 905 2255 2971.34438937
5 906 2257 2975.49857593
6 907 2258 2975.72591784
5 908 2264 2982.34438937
6 909 2266 2983.70331508
7 910 2267 2986.16839189
6 911 2270 2986.49857593
7 912 2276 2993.76377309
6 913 2277 2994.49857593
5 914 2284 2996.34438937
4 915 2286 2997.49857593
5 916 2287 2998.42132743
6 917 2289 3001.57692235
5 918 2295 3008.34438937
4 919 2296 3009.57692235
3 920 2297 3010.34438937
2 921 2299 3011.15743276
1 922 2302 3018.42132743
2 923 2303 3018.62207723
1 924 2308 3023.62207723
2 925 2309 3031.5040462
3 926 2311 3037.25729752
4 927 2315 3043.77641705
3 928 2317 3045.5040462
4 929 2322 3056.71424
3 930 2324 3057.77641705
2 931 2327 3064.71424
1 932 2328 3066.25729752
2 933 2329 3082.05713709
3 934 2331 3085.31618594
4 935 2333 3093.72020424
5 936 2339 3098.69694625
4 937 2340 3102.05713709
5 938 2342 3103.99265346
4 939 2344 3105.31618594
5 940 2345 3106.49803105
6 941 2348 3110.41925494
7 942 2349 3111.35701703
8 943 2352 3112.66457755
7 944 2357 3119.31618594
6 945 2359 3122.72020424
7 946 2363 3123.6771139
6 947 2366 3124.31618594
5 948 2367 3128.05713709
6 949 2371 3131.63279306
5 950 2375 3135.31618594
4 951 2378 3138.31618594
3 952 2379 3139.72020424
4 953 2380 3140.11081401
5 954 2382 3141.51147159
4 955 2383 3142.31618594
5 956 2388 3147.787183
4 957 2389 3148.11081401
3 958 2391 3154.63279306
4 959 2393 3160.11455273
5 960 2398 3164.81804468
4 961 2400 3165.11081401
3 962 2402 3171.63279306
4 963 2403 3172.46584318
5 964 2406 3179.63452346
4 965 2410 3185.11081401
5 966 2413 3189.80183171
4 967 2414 3191.63279306
3 968 2420 3200.66723341
2 969 2423 3205.11081401
1 970 2424 3205.63279306
2 971 2425 3208.66672711
3 972 2429 3221.01567853
4 973 2431 3221.64326453
3 974 2435 3222.66672711
2 975 2439 3232.01567853
3 976 2440 3233.17759022
4 977 2442 3233.66285201
5 978 2444 3235.55382821
4 979 2446 3235.64326453
3 980 2451 3241.17759022
2 981 2452 3247.66285201
3 982 2453 3251.26658747
4 983 2459 3254.67589819
3 984 2461 3258.55382821
2 985 2464 3265.26658747
1 986 2465 3268.67589819
2 987 2466 3268.96110315
1 988 2470 3279.96110315
2 989 2471 3286.94072235
3 990 2473 3295.33246017
2 991 2479 3303.94072235
3 992 2480 3304.0636014
2 993 2482 3306.33246017
1 994 2485 3321.0636014
2 995 2486 3334.00400931
3 996 2490 3336.97402626
4 997 2492 3338.39762532
5 998 2494 3340.06743222
6 999 2498 3345.35702499
7 1000 2500 3348.24845236
6 1001 2505 3349.39762532
5 1002 2506 3350.97402626
4 1003 2507 3351.00400931
3 1004 2512 3358.39762532
2 1005 2513 3360.06743222
3 1006 2514 3363.40410897
2 1007 2516 3366.39762532
3 1008 2517 3372.7615579
4 1009 2521 3377.03361014
5 1010 2528 3384.5995626
4 1011 2530 3386.40410897
3 1012 2531 3389.7615579
2 1013 2532 3391.03361014
3 1014 2535 3392.41079873
4 1015 2537 3392.42548954
3 1016 2543 3398.5995626
2 1017 2544 3400.42548954
1 1018 2545 3403.41079873
2 1019 2546 3403.61050206
3 1020 2550 3405.52051137
2 1021 2554 3414.61050206
3 1022 2555 3418.55878333
2 1023 2557 3419.52051137
3 1024 2558 3420.41081073
4 1025 2560 3420.49073165
5 1026 2562 3422.7973328
6 1027 2566 3424.58468026
7 1028 2572 3427.47483162
6 1029 2576 3431.49073165
5 1030 2579 3432.55878333
4 1031 2580 3433.7973328
3 1032 2581 3434.41081073
4 1033 2584 3438.84257958
3 1034 2586 3442.49073165
4 1035 2588 3442.53598474
5 1036 2589 3445.5424244
4 1037 2591 3447.58468026
5 1038 2595 3453.23290914
4 1039 2599 3458.84257958
5 1040 2600 3462.36357719
6 1041 2604 3464.7989218
5 1042 2606 3465.5424244
4 1043 2607 3467.84257958
3 1044 2612 3473.36357719
2 1045 2613 3476.23290914
1 1046 2614 3481.7989218
2 1047 2615 3483.52675946
3 1048 2617 3483.85182909
2 1049 2623 3497.52675946
1 1050 2624 3500.85182909
2 1051 2625 3508.3000789
1 1052 2629 3516.3000789
2 1053 2630 3516.99297468
1 1054 2634 3527.99297468
2 1055 2635 3529.70152056
3 1056 2637 3530.69536741
2 1057 2643 3540.70152056
1 1058 2644 3544.69536741
2 1059 2645 3557.0076159
3 1060 2649 3574.22938565
4 1061 2651 3575.71392674
5 1062 2653 3577.8262721
4 1063 2657 3580.0076159
3 1064 2662 3585.8262721
2 1065 2663 3588.22938565
3 1066 2664 3589.17481862
4 1067 2666 3595.02751634
3 1068 2668 3595.71392674
4 1069 2673 3600.2634599
3 1070 2675 3606.17481862
2 1071 2678 3612.02751634
1 1072 2679 3614.2634599
2 1073 2680 3637.14291387
3 1074 2682 3643.53680168
4 1075 2684 3643.5946302
5 1076 2688 3647.46795409
4 1077 2694 3657.14291387
3 1078 2697 3666.5946302
2 1079 2698 3667.46795409
1 1080 2700 3669.53680168
2 1081 2701 3670.44257051
3 1082 2706 3671.56161923
4 1083 2708 3673.3898152
3 1084 2712 3678.3898152
2 1085 2713 3678.44257051
3 1086 2714 3679.32153627
4 1087 2718 3690.51832962
3 1088 2720 3691.56161923
2 1089 2725 3698.51832962
3 1090 2726 3701.63120086
2 1091 2728 3702.32153627
1 1092 2731 3706.63120086
2 1093 2732 3726.93218825
1 1094 2736 3746.93218825
2 1095 2737 3754.78805336
3 1096 2739 3755.14092712
4 1097 2741 3757.34169022
5 1098 2749 3763.04664397
6 1099 2751 3763.76346636
7 1100 2752 3766.19235676
6 1101 2753 3771.34169022
5 1102 2756 3771.78805336
4 1103 2757 3772.14092712
5 1104 2760 3773.76604488
4 1105 2764 3777.04664397
3 1106 2767 3781.76604488
2 1107 2770 3782.34169022
1 1108 2771 3788.78805336
2 1109 2773 3794.98719246
3 1110 2776 3796.17115723
4 1111 2778 3799.24067899
5 1112 2781 3801.0536605
6 1113 2785 3805.73720672
5 1114 2787 3808.98719246
4 1115 2793 3817.98719246
5 1116 2794 3818.33855897
4 1117 2796 3822.24067899
5 1118 2799 3822.54149231
4 1119 2801 3822.73720672
5 1120 2802 3828.03880085
4 1121 2804 3828.24067899
3 1122 2805 3829.33855897
4 1123 2808 3830.61919996
5 1124 2812 3832.12068172
6 1125 2813 3834.29789974
5 1126 2815 3836.03880085
4 1127 2817 3836.54149231
3 1128 2824 3850.61919996
2 1129 2825 3853.54149231
3 1130 2826 3858.18111072
4 1131 2828 3860.10907197
3 1132 2830 3862.03880085
4 1133 2833 3867.62716381
3 1134 2835 3868.10907197
4 1135 2838 3876.58061551
5 1136 2840 3876.62044507
4 1137 2844 3881.18111072
5 1138 2846 3883.03911453
4 1139 2848 3884.62716381
5 1140 2855 3898.64786018
6 1141 2857 3900.14353968
5 1142 2858 3901.18111072
4 1143 2860 3902.58061551
5 1144 2864 3906.98043238
6 1145 2865 3907.66319371
5 1146 2869 3909.03911453
4 1147 2870 3909.64786018
5 1148 2871 3910.40165152
4 1149 2878 3918.66319371
5 1150 2879 3921.19777462
6 1151 2881 3921.61416587
5 1152 2883 3924.18111072
4 1153 2884 3924.40165152
3 1154 2887 3927.18111072
4 1155 2889 3930.26923242
3 1156 2893 3935.19777462
2 1157 2894 3935.19777462
1 1158 2895 3938.61416587
2 1159 2897 3942.91911159
1 1160 2902 3953.91911159
2 1161 2903 3964.30477424
3 1162 2905 3966.99725093
2 1163 2911 3974.99725093
1 1164 2912 3981.30477424
2 1165 2914 3981.8509088
3 1166 2916 3982.23800512
4 1167 2918 3987.09294995
5 1168 2922 3999.89481848
6 1169 2924 4000.03532548
5 1170 2928 4004.8509088
4 1171 2931 4005.23800512
5 1172 2932 4010.58026115
4 1173 2933 4011.23800512
3 1174 2939 4016.23800512
2 1175 2941 4021.8509088
3 1176 2944 4025.60713243
2 1177 2946 4030.23800512
3 1178 2950 4035.88834454
4 1179 2953 4036.29398762
5 1180 2954 4039.36465052
4 1181 2956 4039.60713243
5 1182 2957 4039.68977878
6 1183 2958 4040.50147792
7 1184 2959 4047.49316495
8 1185 2960 4051.52350805
9 1186 2965 4054.42182321
10 1187 2966 4055.21882485
9 1188 2968 4061.88834454
8 1189 2970 4065.60713243
9 1190 2975 4075.26467507
10 1191 2976 4079.13161886
9 1192 2978 4082.60713243
8 1193 2980 4087.88834454
7 1194 2986 4099.60713243
6 1195 2989 4101.88834454
7 1196 2990 4107.46828561
8 1197 2992 4109.48330338
9 1198 2996 4112.78898115
10 1199 3000 4115.99146561
9 1200 3001 4116.60713243
10 1201 3002 4116.75149896
11 1202 3003 4120.03603801
10 1203 3005 4122.60713243
9 1204 3007 4127.88834454
8 1205 3010 4130.88834454
9 1206 3013 4140.53467361
8 1207 3015 4142.60713243
7 1208 3017 4144.88834454
8 1209 3018 4146.07638447
9 1210 3019 4147.48940218
10 1211 3022 4156.54688561
11 1212 3023 4156.95740531
10 1213 3027 4162.60713243
9 1214 3033 4167.88834454
10 1215 3036 4171.04244169
11 1216 3037 4175.5348291
12 1217 3038 4175.95654358
13 1218 3039 4178.05557941
12 1219 3041 4178.88834454
11 1220 3043 4179.60713243
12 1221 3046 4181.85940015
13 1222 3049 4189.00652844
12 1223 3054 4189.88834454
13 1224 3055 4190.55049202
14 1225 3056 4191.87296532
13 1226 3059 4192.61416587
14 1227 3060 4197.20665589
13 1228 3063 4199.60713243
14 1229 3068 4200.80182175
15 1230 3071 4203.322821
16 1231 3076 4206.45147267
15 1232 3080 4206.88834454
14 1233 3082 4209.88834454
13 1234 3084 4210.60713243
12 1235 3085 4212.61416587
13 1236 3086 4213.21894052
12 1237 3087 4216.60713243
11 1238 3090 4218.61416587
10 1239 3095 4221.61416587
9 1240 3097 4226.88834454
8 1241 3099 4227.60713243
7 1242 3108 4241.61416587
6 1243 3110 4243.88834454
5 1244 3111 4247.61416587
4 1245 3112 4250.60713243
5 1246 3120 4259.80259656
4 1247 3124 4264.60713243
3 1248 3125 4266.88834454
2 1249 3126 4273.61416587
3 1250 3129 4276.85277541
2 1251 3131 4278.60713243
3 1252 3135 4289.27158133
2 1253 3138 4293.85277541
3 1254 3139 4297.07685225
4 1255 3143 4299.82608286
3 1256 3144 4303.27158133
4 1257 3147 4308.93130403
3 1258 3153 4314.27158133
2 1259 3154 4317.07685225
1 1260 3155 4320.07685225
2 1261 3156 4327.31368963
3 1262 3158 4335.58121329
2 1263 3164 4347.31368963
3 1264 3165 4348.19564498
4 1265 3167 4352.36841897
3 1266 3168 4352.58121329
4 1267 3170 4352.83096008
5 1268 3171 4353.8646588
4 1269 3177 4369.58121329
5 1270 3178 4370.12618927
6 1271 3179 4370.53384191
7 1272 3180 4371.32815741
6 1273 3184 4374.19564498
5 1274 3186 4377.58121329
4 1275 3191 4391.58121329
5 1276 3193 4394.00238561
6 1277 3194 4395.25305227
5 1278 3201 4397.19564498
4 1279 3205 4402.58121329
3 1280 3210 4408.19564498
2 1281 3212 4409.54875756
3 1282 3213 4410.13449075
2 1283 3215 4413.58121329
3 1284 3216 4416.8354506
2 1285 3223 4424.13449075
1 1286 3224 4433.8354506
2 1287 3225 4435.2468575
3 1288 3227 4438.4755365
4 1289 3233 4448.3094607
3 1290 3234 4452.2468575
2 1291 3236 4452.4755365
1 1292 3241 4457.2468575
2 1293 3242 4466.86599245
3 1294 3244 4470.89144883
4 1295 3249 4477.58122564
3 1296 3250 4480.86599245
4 1297 3254 4483.86911041
3 1298 3258 4487.89144883
2 1299 3259 4493.89144883
3 1300 3260 4494.60716405
2 1301 3262 4494.86911041
3 1302 3267 4507.60717949
2 1303 3269 4511.60716405
3 1304 3270 4512.17316414
2 1305 3276 4530.60717949
1 1306 3277 4535.17316414
2 1307 3278 4535.18955779
3 1308 3280 4540.40084938
4 1309 3284 4547.21194084
3 1310 3288 4549.18955779
4 1311 3289 4555.8211802
5 1312 3291 4556.93184822
4 1313 3295 4557.40084938
5 1314 3298 4560.79733817
4 1315 3300 4566.8211802
3 1316 3301 4570.21194084
4 1317 3306 4579.36995226
3 1318 3308 4580.40084938
2 1319 3309 4586.8211802
1 1320 3314 4596.36995226
2 1321 3315 4604.78726242
3 1322 3320 4611.11587649
2 1323 3321 4612.78726242
3 1324 3322 4618.11238191
4 1325 3328 4626.3514521
5 1326 3329 4626.51059451
4 1327 3331 4629.11238191
3 1328 3333 4631.11587649
4 1329 3334 4631.23687195
3 1330 3339 4642.11587649
2 1331 3345 4652.11238191
3 1332 3346 4652.64481464
2 1333 3350 4656.11587649
1 1334 3351 4657.64481464
2 1335 3353 4662.48590778
3 1336 3354 4663.0390381
4 1337 3360 4673.84377235
3 1338 3361 4674.0390381
2 1339 3363 4676.48590778
3 1340 3364 4676.93311821
4 1341 3368 4683.81830467
5 1342 3371 4690.04853062
4 1343 3373 4693.93311821
3 1344 3374 4694.0390381
2 1345 3382 4710.93311821
1 1346 3383 4711.0390381
2 1347 3384 4713.46301671
3 1348 3386 4723.46433755
4 1349 3390 4728.1797925
5 1350 3394 4733.3761042
6 1351 3395 4736.31834861
5 1352 3398 4739.46301671
6 1353 3400 4739.49210001
5 1354 3402 4740.46433755
6 1355 3403 4742.08689029
5 1356 3404 4742.1797925
4 1357 3410 4750.46301671
5 1358 3414 4751.00015331
4 1359 3416 4753.1797925
5 1360 3419 4754.78758045
6 1361 3420 4757.35396389
5 1362 3422 4757.46433755
6 1363 3424 4759.32958881
7 1364 3425 4759.48640046
6 1365 3432 4764.46301671
5 1366 3434 4768.46433755
6 1367 3435 4770.12439589
5 1368 3436 4770.1797925
4 1369 3442 4773.1797925
3 1370 3443 4779.46433755
2 1371 3446 4784.46301671
3 1372 3447 4788.76264249
4 1373 3449 4790.45256142
3 1374 3451 4793.1797925
4 1375 3455 4801.53891362
5 1376 3456 4803.7968419
6 1377 3461 4807.05146363
5 1378 3463 4808.76264249
4 1379 3466 4813.45256142
3 1380 3471 4816.45256142
4 1381 3472 4821.51901812
3 1382 3474 4823.7968419
4 1383 3475 4825.45428977
3 1384 3479 4825.76264249
2 1385 3482 4833.45428977
3 1386 3483 4834.39814161
2 1387 3485 4835.51901812
3 1388 3488 4841.88018225
4 1389 3490 4843.48339569
3 1390 3492 4848.39814161
4 1391 3496 4851.48398487
3 1392 3497 4852.88018225
2 1393 3503 4860.48339569
1 1394 3504 4872.48339569
2 1395 3505 4873.82525919
3 1396 3507 4874.81554982
4 1397 3509 4877.08430035
5 1398 3517 4886.37344151
4 1399 3519 4888.81554982
3 1400 3520 4890.82525919
2 1401 3522 4891.08430035
3 1402 3525 4899.43279842
2 1403 3528 4909.37344151
3 1404 3529 4909.72637014
4 1405 3533 4918.64674647
3 1406 3535 4919.43279842
4 1407 3536 4919.71185666
5 1408 3538 4921.95064579
6 1409 3539 4922.36984537
7 1410 3541 4925.19517473
6 1411 3549 4930.71185666
5 1412 3551 4932.64674647
6 1413 3552 4932.65256786
5 1414 3553 4941.72637014
4 1415 3558 4942.71185666
5 1416 3559 4951.06367363
4 1417 3561 4952.64674647
5 1418 3562 4953.78695335
6 1419 3567 4958.05851753
7 1420 3568 4958.25988558
8 1421 3569 4964.70523839
7 1422 3571 4964.72637014
6 1423 3575 4965.71185666
5 1424 3578 4969.72637014
6 1425 3580 4969.78859523
5 1426 3581 4972.64674647
4 1427 3587 4976.71185666
5 1428 3589 4980.06031414
4 1429 3593 4983.72637014
3 1430 3594 4986.64674647
2 1431 3600 4996.71185666
3 1432 3601 4997.13385887
4 1433 3604 5000.96851943
3 1434 3606 5003.72637014
4 1435 3607 5004.44104207
5 1436 3613 5014.04776536
6 1437 3614 5016.90563659
7 1438 3616 5017.51356993
6 1439 3622 5026.13385887
5 1440 3625 5026.72637014
4 1441 3628 5029.72637014
5 1442 3631 5030.91054697
4 1443 3633 5031.46115486
3 1444 3634 5034.13385887
4 1445 3635 5034.25978848
3 1446 3639 5039.46115486
2 1447 3642 5043.72637014
3 1448 3643 5048.75627363
2 1449 3645 5051.25978848
3 1450 3648 5059.57881103
4 1451 3650 5061.60386554
5 1452 3652 5061.69335363
4 1453 3653 5062.75627363
3 1454 3659 5072.60386554
2 1455 3662 5073.57881103
1 1456 3663 5082.75627363
2 1457 3664 5091.95666051
3 1458 3666 5095.6302717
4 1459 3670 5103.87093316
5 1460 3674 5105.28620335
6 1461 3675 5107.83534825
5 1462 3677 5108.95666051
4 1463 3679 5115.6302717
5 1464 3680 5116.73319117
6 1465 3683 5118.17087998
5 1466 3687 5120.87093316
4 1467 3694 5125.95666051
5 1468 3695 5127.993609
6 1469 3701 5132.12604353
5 1470 3702 5135.6302717
4 1471 3704 5137.87093316
5 1472 3705 5138.60351408
4 1473 3707 5138.993609
5 1474 3708 5140.48988032
6 1475 3710 5141.82525607
7 1476 3711 5142.46970849
6 1477 3715 5144.82525919
7 1478 3716 5144.85142175
8 1479 3717 5145.04433842
9 1480 3719 5145.26369409
10 1481 3720 5148.10131835
9 1482 3723 5148.48988032
8 1483 3732 5152.60351408
7 1484 3733 5152.6302717
6 1485 3735 5155.6302717
5 1486 3741 5161.82525919
6 1487 3742 5162.48759813
5 1488 3746 5166.6302717
4 1489 3750 5169.60351408
5 1490 3751 5172.42348941
4 1491 3754 5174.48988032
5 1492 3755 5176.24949811
4 1493 3757 5176.48759813
5 1494 3758 5177.34987173
4 1495 3760 5180.48988032
5 1496 3761 5182.59355427
4 1497 3768 5194.34987173
5 1498 3770 5196.62224772
6 1499 3771 5197.68713819
5 1500 3774 5199.24949811
4 1501 3777 5204.42348941
3 1502 3778 5205.34987173
4 1503 3780 5208.95209331
5 1504 3786 5219.61874517
4 1505 3788 5221.42348941
3 1506 3789 5224.42348941
2 1507 3790 5225.24949811
3 1508 3791 5225.7366056
2 1509 3798 5233.61874517
3 1510 3799 5236.72796434
4 1511 3801 5240.27884626
5 1512 3803 5241.30432036
4 1513 3805 5242.7366056
5 1514 3806 5242.96084573
6 1515 3811 5248.35382304
7 1516 3812 5249.90770364
6 1517 3820 5254.27884626
5 1518 3822 5256.72796434
4 1519 3823 5256.96084573
3 1520 3824 5262.96084573
2 1521 3827 5264.30432036
3 1522 3828 5266.94099074
2 1523 3830 5271.27884626
3 1524 3833 5271.76606287
4 1525 3838 5275.94202933
5 1526 3840 5278.9495728
4 1527 3842 5280.94099074
5 1528 3843 5282.95932247
6 1529 3845 5282.96214484
7 1530 3846 5283.50935315
8 1531 3847 5284.33805659
7 1532 3852 5286.94099074
8 1533 3853 5287.63194962
7 1534 3855 5289.9495728
8 1535 3858 5290.16451463
9 1536 3860 5292.2807392
8 1537 3865 5299.95932247
7 1538 3868 5301.94202933
6 1539 3870 5306.9495728
7 1540 3871 5308.70054387
6 1541 3872 5309.9495728
7 1542 3875 5316.84300262
6 1543 3879 5316.95932247
7 1544 3885 5323.92428764
8 1545 3886 5324.52839625
9 1546 3887 5325.23397262
8 1547 3889 5326.9495728
7 1548 3892 5327.94202933
6 1549 3893 5327.94202933
5 1550 3895 5327.95932247
4 1551 3903 5341.94202933
5 1552 3904 5343.49112394
4 1553 3906 5343.9495728
3 1554 3907 5344.94202933
4 1555 3908 5345.9543596
5 1556 3912 5350.34702074
6 1557 3913 5351.49639646
5 1558 3915 5351.9495728
4 1559 3916 5353.95932247
5 1560 3918 5355.71186388
6 1561 3919 5358.44483499
5 1562 3924 5362.9543596
6 1563 3926 5365.49568542
5 1564 3927 5368.9495728
6 1565 3933 5370.05521079
7 1566 3934 5379.82267111
8 1567 3937 5382.46008387
7 1568 3939 5382.9543596
8 1569 3940 5383.10919254
7 1570 3942 5385.95932247
6 1571 3944 5388.9495728
7 1572 3951 5398.8491013
6 1573 3953 5399.95932247
5 1574 3956 5402.9495728
4 1575 3958 5405.9543596
5 1576 3965 5415.13510804
4 1577 3967 5417.6302717
5 1578 3968 5419.39177866
4 1579 3970 5419.9495728
5 1580 3971 5421.40269725
4 1581 3973 5422.95932247
3 1582 3980 5430.39177866
4 1583 3981 5431.39972143
5 1584 3985 5431.9732697
4 1585 3987 5435.13510804
3 1586 3988 5441.40269725
4 1587 3990 5446.6910544
5 1588 3996 5451.98641094
4 1589 3998 5454.39972143
3 1590 3999 5455.13510804
2 1591 4002 5460.39972143
1 1592 4003 5465.98641094
2 1593 4004 5468.33949929
3 1594 4006 5469.83190048
4 1595 4008 5470.2438065
5 1596 4010 5471.32023028
6 1597 4015 5475.60592549
5 1598 4016 5478.2438065
4 1599 4018 5479.33949929
5 1600 4024 5484.81738644
4 1601 4029 5490.33949929
3 1602 4030 5492.2438065
2 1603 4031 5495.83190048
3 1604 4032 5498.27589918
4 1605 4034 5499.75314789
5 1606 4042 5505.97726066
4 1607 4044 5507.27884626
3 1608 4045 5510.75314789
2 1609 4046 5512.27589918
3 1610 4049 5522.54971416
4 1611 4051 5525.43575757
3 1612 4053 5525.97726066
4 1613 4054 5526.2954415
3 1614 4062 5536.43575757
2 1615 4064 5540.2954415
3 1616 4065 5541.92763258
2 1617 4067 5545.54971416
3 1618 4071 5558.38533451
2 1619 4073 5561.92763258
3 1620 4076 5572.47497474
2 1621 4078 5575.38533451
1 1622 4081 5580.47497474
2 1623 4082 5587.84359804
3 1624 4086 5592.63909918
4 1625 4088 5594.86801885
5 1626 4090 5597.47583261
4 1627 4091 5604.84359804
3 1628 4097 5609.63909918
4 1629 4098 5612.47307529
3 1630 4100 5614.86801885
4 1631 4105 5626.50508417
5 1632 4107 5627.76511755
4 1633 4109 5629.47307529
3 1634 4112 5630.84359804
4 1635 4114 5630.89720938
5 1636 4115 5631.20132358
4 1637 4122 5640.50508417
3 1638 4123 5642.20132358
4 1639 4124 5642.62734945
5 1640 4126 5643.35585145
4 1641 4128 5643.47307529
5 1642 4130 5649.60976574
4 1643 4133 5652.47307529
5 1644 4137 5652.77241724
4 1645 4138 5659.62734945
3 1646 4141 5660.35585145
4 1647 4147 5675.87938411
3 1648 4149 5677.35585145
2 1649 4150 5685.62734945
3 1650 4151 5687.04142741
4 1651 4154 5690.20608738
5 1652 4155 5690.98882846
6 1653 4159 5692.11931167
7 1654 4165 5696.62485259
6 1655 4166 5698.04142741
5 1656 4168 5701.04142741
4 1657 4170 5701.87938411
3 1658 4171 5701.98882846
4 1659 4176 5713.55344275
3 1660 4178 5715.87938411
2 1661 4179 5721.04142741
3 1662 4180 5721.29952261
4 1663 4186 5732.60977678
3 1664 4188 5738.29952261
2 1665 4189 5742.55344275
3 1666 4192 5746.54745667
2 1667 4194 5749.60977678
3 1668 4198 5758.1991803
4 1669 4199 5760.25184241
5 1670 4202 5760.93799654
6 1671 4203 5761.07241727
5 1672 4205 5766.54745667
6 1673 4208 5773.15924579
5 1674 4217 5786.25184241
4 1675 4218 5786.25184241
3 1676 4219 5787.1991803
4 1677 4220 5790.41471874
3 1678 4222 5792.25184241
2 1679 4223 5792.54745667
3 1680 4226 5797.45818625
4 1681 4228 5797.62452738
3 1682 4230 5798.41471874
4 1683 4231 5798.56373184
5 1684 4233 5801.17314268
6 1685 4238 5807.44152207
7 1686 4246 5814.07934975
6 1687 4247 5814.45818625
5 1688 4249 5814.62452738
4 1689 4250 5815.56373184
5 1690 4252 5817.60126878
4 1691 4253 5818.17314268
5 1692 4254 5819.84257631
4 1693 4256 5821.17314268
5 1694 4260 5825.69883712
6 1695 4262 5827.83191046
5 1696 4264 5831.45818625
6 1697 4269 5835.75322596
5 1698 4271 5837.45818625
6 1699 4274 5838.72364699
5 1700 4276 5842.84257631
4 1701 4277 5844.83191046
3 1702 4278 5845.69883712
4 1703 4281 5851.08938063
3 1704 4285 5858.75322596
4 1705 4286 5860.27517017
3 1706 4293 5865.08938063
4 1707 4294 5865.62502811
3 1708 4296 5865.84257631
2 1709 4299 5868.27517017
3 1710 4300 5873.42607836
4 1711 4302 5873.65029562
5 1712 4304 5874.68802415
4 1713 4308 5879.62502811
5 1714 4309 5880.38427088
4 1715 4313 5884.42607836
5 1716 4316 5890.34345642
4 1717 4320 5890.65029562
3 1718 4323 5894.68802415
2 1719 4325 5897.38427088
3 1720 4326 5897.86019376
2 1721 4328 5901.34345642
3 1722 4330 5904.53595376
4 1723 4336 5911.3876285
3 1724 4338 5912.53595376
4 1725 4339 5915.36337117
3 1726 4341 5917.86019376
2 1727 4344 5922.3876285
1 1728 4347 5938.36337117
2 1729 4348 5947.85837267
3 1730 4351 5951.60682069
4 1731 4355 5957.71836619
3 1732 4357 5958.85837267
4 1733 4358 5961.68179333
3 1734 4360 5964.85837267
2 1735 4363 5971.71836619
3 1736 4366 5977.76638006
4 1737 4368 5980.61959537
5 1738 4372 5984.7511438
4 1739 4376 5987.68179333
5 1740 4378 5988.40118396
4 1741 4379 5988.76638006
3 1742 4381 5991.61959537
4 1743 4382 5992.7251327
5 1744 4387 5994.3803072
4 1745 4391 5995.7511438
3 1746 4394 5999.76638006
2 1747 4396 6006.7251327
3 1748 4397 6010.23888498
4 1749 4399 6010.74802884
3 1750 4401 6010.7511438
2 1751 4406 6021.74802884
3 1752 4407 6024.39212985
2 1753 4409 6027.23888498
1 1754 4412 6032.39212985
2 1755 4413 6035.1157677
3 1756 4415 6040.72596264
2 1757 4421 6048.72596264
3 1758 4422 6058.89889808
2 1759 4424 6061.1157677
3 1760 4425 6062.02099265
4 1761 4427 6064.59624465
5 1762 4430 6068.16399643
6 1763 4431 6068.29746365
7 1764 4439 6072.81970699
8 1765 4440 6075.02276622
7 1766 4442 6075.89889808
6 1767 4443 6075.89889808
5 1768 4446 6076.02099265
6 1769 4450 6083.54540771
5 1770 4452 6084.02099265
4 1771 4453 6084.59624465
3 1772 4456 6090.02099265
4 1773 4457 6090.83581922
5 1774 4461 6096.68412185
4 1775 4464 6101.89889808
3 1776 4466 6104.02099265
2 1777 4467 6107.83581922
3 1778 4471 6115.32414592
2 1779 4473 6118.89889808
3 1780 4474 6119.954934
4 1781 4478 6130.8845912
5 1782 4480 6132.93680429
6 1783 4483 6135.02865444
5 1784 4484 6135.32414592
6 1785 4488 6136.94628745
7 1786 4492 6138.69309721
8 1787 4493 6140.49361393
7 1788 4496 6145.954934
8 1789 4500 6147.07476392
7 1790 4502 6149.93680429
8 1791 4503 6150.42538816
7 1792 4505 6150.8845912
6 1793 4506 6151.954934
5 1794 4508 6153.94628745
4 1795 4515 6159.954934
3 1796 4516 6161.8845912
2 1797 4517 6161.94628745
1 1798 4520 6175.93680429
2 1799 4521 6180.60088091
3 1800 4523 6180.6018975
4 1801 4525 6185.9507828
5 1802 4533 6191.92172092
6 1803 4535 6194.13420047
5 1804 4536 6194.60088091
4 1805 4538 6194.6018975
3 1806 4541 6199.92172092
2 1807 4542 6199.9507828
3 1808 4543 6202.58651323
2 1809 4549 6216.58651323
1 1810 4550 6220.60088091
2 1811 4552 6224.01303837
3 1812 4554 6229.07762149
2 1813 4560 6235.01303837
3 1814 4563 6237.15537218
4 1815 4565 6239.27433459
3 1816 4569 6252.07762149
4 1817 4572 6256.2453367
3 1818 4574 6257.15537218
4 1819 4575 6257.42797504
3 1820 4577 6259.27433459
4 1821 4578 6263.22224477
5 1822 4582 6263.83219366
6 1823 4588 6268.23088635
7 1824 4589 6268.287912
6 1825 4590 6270.2453367
7 1826 4593 6272.19951515
6 1827 4594 6274.42797504
5 1828 4599 6277.83219366
6 1829 4602 6279.82098427
5 1830 4604 6281.2453367
6 1831 4607 6284.78233979
5 1832 4609 6285.42797504
6 1833 4610 6285.96204961
5 1834 4614 6287.2453367
6 1835 4615 6289.61176504
7 1836 4616 6289.63250277
6 1837 4619 6292.22224477
5 1838 4622 6293.82098427
4 1839 4627 6298.78233979
3 1840 4628 6302.96204961
2 1841 4631 6306.22224477
3 1842 4632 6308.51706625
2 1843 4636 6313.51706625
1 1844 4637 6313.82098427
2 1845 4638 6319.00409207
3 1846 4640 6326.19208528
4 1847 4644 6329.34347122
5 1848 4647 6331.99604481
4 1849 4648 6334.19208528
5 1850 4652 6340.49823753
4 1851 4654 6342.00409207
5 1852 4657 6342.56095163
4 1853 4659 6346.34347122
3 1854 4661 6348.00409207
4 1855 4662 6349.4986757
5 1856 4668 6355.35019679
4 1857 4671 6356.56095163
5 1858 4673 6357.83590773
4 1859 4676 6360.49823753
3 1860 4677 6360.4986757
4 1861 4680 6361.84657658
5 1862 4682 6363.93411708
6 1863 4683 6366.66520462
5 1864 4684 6368.49823753
6 1865 4688 6371.41926598
5 1866 4689 6373.56095163
6 1867 4691 6373.91492046
5 1868 4699 6379.49823753
6 1869 4702 6380.94268011
5 1870 4703 6381.84657658
6 1871 4706 6382.75571926
5 1872 4711 6383.84657658
4 1873 4712 6387.49823753
5 1874 4713 6389.12054303
4 1875 4715 6390.56095163
3 1876 4720 6395.84657658
2 1877 4721 6400.84657658
3 1878 4722 6402.92830637
2 1879 4724 6403.12054303
3 1880 4728 6411.5290219
4 1881 4730 6413.30977417
3 1882 4732 6419.92830637
4 1883 4734 6420.81648098
5 1884 4739 6424.58852797
6 1885 4740 6427.69808815
7 1886 4741 6433.3507808
6 1887 4744 6433.92830637
5 1888 4745 6440.5290219
6 1889 4752 6451.45083562
7 1890 4753 6452.70549484
6 1891 4754 6453.92830637
7 1892 4755 6454.19198117
6 1893 4758 6454.5290219
7 1894 4759 6455.51908122
8 1895 4760 6456.02621547
9 1896 4761 6457.49260738
8 1897 4766 6459.92830637
7 1898 4769 6465.5290219
8 1899 4772 6466.56505809
7 1900 4776 6467.92830637
6 1901 4779 6468.5290219
7 1902 4782 6476.2332662
6 1903 4784 6476.5290219
5 1904 4788 6482.92830637
4 1905 4791 6484.92830637
3 1906 4794 6490.92830637
2 1907 4795 6493.5290219
3 1908 4796 6495.97177432
2 1909 4798 6496.60088091
3 1910 4799 6508.31054733
4 1911 4801 6508.61190192
5 1912 4805 6510.12032662
6 1913 4806 6511.53244299
5 1914 4812 6516.31054733
4 1915 4814 6518.97177432
5 1916 4817 6527.66662956
4 1917 4820 6530.31054733
3 1918 4822 6531.61190192
2 1919 4823 6532.97177432
3 1920 4825 6533.55407145
2 1921 4830 6541.31054733
3 1922 4833 6545.55833382
4 1923 4835 6551.92547162
5 1924 4836 6552.76111353
4 1925 4837 6553.55407145
3 1926 4844 6561.55407145
4 1927 4845 6562.34028947
3 1928 4846 6562.55833382
4 1929 4853 6574.61024808
3 1930 4855 6578.55407145
2 1931 4856 6579.55833382
3 1932 4857 6579.69300055
4 1933 4859 6580.20945888
5 1934 4867 6593.67322699
4 1935 4869 6597.20945888
3 1936 4870 6597.61024808
2 1937 4871 6599.69300055
1 1938 4874 6611.20945888
2 1939 4875 6616.29082709
3 1940 4878 6619.01105997
4 1941 4879 6622.21355362
5 1942 4881 6623.08170566
6 1943 4883 6628.82279967
5 1944 4895 6636.29082709
6 1945 4896 6636.63538622
7 1946 4897 6637.03453367
6 1947 4899 6637.08170566
7 1948 4900 6637.19124946
6 1949 4902 6639.21355362
5 1950 4904 6639.29082709
6 1951 4905 6642.70273902
5 1952 4909 6647.12054303
4 1953 4914 6655.12054303
3 1954 4917 6657.08170566
2 1955 4918 6662.29082709
3 1956 4919 6664.77372885
2 1957 4921 6665.21355362
3 1958 4922 6669.21705363
2 1959 4926 6681.77372885
3 1960 4930 6683.63767569
2 1961 4932 6692.21705363
3 1962 4936 6694.77270733
4 1963 4938 6700.03036461
3 1964 4944 6709.63767569
4 1965 4945 6714.66778046
3 1966 4947 6717.03036461
2 1967 4948 6720.77270733
1 1968 4951 6728.66778046
2 1969 4952 6758.65684552
3 1970 4955 6761.3851123
4 1971 4960 6772.17070162
3 1972 4962 6772.65684552
2 1973 4963 6775.65684552
3 1974 4966 6782.35985219
2 1975 4970 6792.17070162
1 1976 4971 6793.35985219
2 1977 4972 6800.57494702
3 1978 4974 6803.67558538
4 1979 4978 6808.18797863
3 1980 4982 6814.57494702
4 1981 4983 6816.02911833
5 1982 4985 6818.69667022
4 1983 4987 6820.67558538
3 1984 4992 6828.18797863
2 1985 4993 6833.02911833
1 1986 4996 6838.69667022
2 1987 4997 6844.90466306
3 1988 4999 6853.71389587
2 1989 5005 6867.90466306
3 1990 5006 6869.04481944
2 1991 5008 6873.71389587
1 1992 5011 6886.04481944
2 1993 5012 6888.36441658
3 1994 5016 6901.53806884
4 1995 5019 6903.595987
3 1996 5021 6908.36441658
4 1997 5025 6914.34929102
3 1998 5026 6915.53806884
2 1999 5033 6928.34929102
1 2000 5034 6931.34929102
0 2001 5035 6935.595987
0 2002 5035 6935.595987
