#data counter step time
0 1 0 0.0
1 2 1 0.0
2 3 12 17.449469268
3 4 14 18.6376449202
4 5 16 20.2749686974
3 6 24 34.2749686974
4 7 25 34.6269091593
3 8 27 35.6376449202
4 9 28 42.3695417384
5 10 31 43.0238982368
4 11 34 46.449469268
3 12 38 54.6269091593
4 13 39 55.6699173982
3 14 41 59.3695417384
4 15 42 60.2183141753
3 16 46 65.3695417384
4 17 49 66.7037684374
3 18 51 68.2183141753
2 19 52 72.6699173982
3 20 55 79.7470732846
4 21 57 80.0501347342
5 22 60 82.3868570086
4 23 61 83.7037684374
5 24 64 89.7255667049
4 25 69 91.0501347342
5 26 70 91.625281115
4 27 72 93.7470732846
5 28 73 95.3105935639
6 29 75 102.474456044
5 30 79 103.050134734
4 31 82 106.725566705
5 32 87 109.201962109
6 33 89 112.421847966
7 34 91 113.412916772
6 35 95 113.474456044
5 36 98 118.310593564
4 37 101 123.421847966
3 38 102 123.625281115
2 39 103 127.474456044
3 40 104 137.136645583
2 41 106 138.201962109
3 42 109 147.585883202
2 43 111 151.136645583
3 44 114 157.93534058
4 45 116 167.906177856
5 46 120 170.101104175
6 47 122 170.279852387
5 48 124 170.585883202
4 49 125 171.93534058
5 50 128 174.442934914
6 51 130 174.549892151
7 52 132 175.821062137
8 53 139 180.479573041
7 54 141 181.279852387
8 55 146 186.179364131
7 56 148 187.101104175
6 57 149 187.906177856
5 58 151 191.442934914
6 59 152 191.869626589
5 60 154 192.279852387
6 61 155 194.817746422
5 62 161 200.549892151
4 63 166 207.101104175
5 64 167 208.668317341
4 65 169 208.817746422
3 66 170 208.869626589
2 67 171 210.906177856
3 68 172 211.596262497
4 69 177 213.358936933
3 70 181 219.668317341
2 71 182 225.596262497
3 72 183 226.658627138
4 73 186 227.436138717
3 74 187 228.596262497
4 75 191 231.803265863
3 76 195 234.658627138
2 77 196 234.658627138
1 78 197 242.803265863
2 79 198 244.227177861
3 80 201 252.164467722
4 81 204 258.800269642
3 82 206 261.227177861
4 83 209 263.741434523
3 84 213 269.164467722
2 85 216 272.800269642
1 86 217 280.741434523
2 87 218 287.716647364
3 88 222 296.696447822
4 89 224 299.503846121
5 90 226 300.419730273
6 91 228 303.692019468
7 92 233 304.509789769
6 93 234 304.716647364
7 94 235 305.470365174
6 95 242 311.419730273
5 96 243 313.503846121
4 97 244 313.696447822
3 98 245 314.419730273
4 99 248 317.984768133
3 100 252 326.692019468
2 101 255 334.470365174
1 102 256 340.984768133
2 103 257 352.206985336
3 104 259 354.864958553
4 105 265 366.813911074
3 106 267 368.864958553
2 107 268 369.206985336
3 108 269 370.1438721
4 109 271 374.848932804
3 110 279 380.813911074
4 111 280 381.522503408
3 112 284 387.1438721
4 113 285 387.87037239
3 114 287 388.848932804
4 115 288 391.324475823
3 116 292 392.522503408
4 117 293 392.878459593
5 118 295 393.785014734
4 119 301 398.87037239
3 120 302 402.324475823
2 121 305 403.878459593
3 122 306 415.398867101
2 123 308 416.785014734
3 124 309 419.499895557
4 125 312 419.518153717
5 126 315 428.501981513
4 127 317 429.398867101
3 128 323 433.499895557
2 129 324 433.499895557
1 130 325 439.501981513
2 131 326 457.161588464
3 132 330 467.198760988
2 133 332 471.161588464
3 134 333 474.519626732
4 135 335 476.512769044
5 136 344 484.607789587
6 137 345 486.352971372
7 138 347 486.975357318
6 139 349 487.198760988
5 140 354 491.519626732
4 141 357 496.512769044
3 142 358 498.198760988
2 143 359 500.352971372
1 144 360 504.607789587
2 145 361 505.672108736
3 146 363 507.794432115
4 147 365 508.238552621
3 148 373 527.794432115
2 149 374 528.672108736
3 150 375 529.450183978
4 151 377 530.585716361
3 152 379 531.238552621
4 153 380 531.955278465
5 154 384 533.227184589
6 155 386 533.420752392
7 156 391 539.888813526
6 157 392 539.955278465
7 158 395 541.929505649
6 159 404 547.227184589
5 160 405 547.420752392
4 161 406 547.585716361
3 162 407 550.420752392
2 163 408 555.450183978
1 164 409 555.929505649
2 165 410 566.47861889
3 166 412 568.498624285
4 167 416 575.490372021
5 168 420 580.210857261
4 169 424 583.47861889
3 170 427 588.498624285
4 171 428 590.344315886
3 172 430 591.210857261
2 173 431 592.490372021
3 174 432 592.502861061
4 175 434 593.055425001
5 176 440 597.598237819
4 177 444 600.502861061
5 178 447 602.415281405
4 179 449 604.344315886
3 180 450 605.598237819
4 181 451 609.574518514
3 182 455 613.055425001
4 183 456 616.595864493
3 184 458 619.415281405
4 185 461 622.70553552
5 186 467 628.170509805
4 187 469 630.595864493
5 188 470 633.190092406
4 189 472 635.574518514
5 190 473 638.017380113
6 191 477 639.251357969
5 192 479 639.70553552
6 193 481 640.053374129
7 194 482 640.863024827
8 195 484 641.530763782
7 196 485 642.170509805
8 197 489 643.589465203
9 198 493 645.46549991
10 199 500 651.747823531
9 200 501 653.170509805
8 201 504 653.190092406
9 202 506 654.519758771
8 203 507 654.863024827
7 204 509 655.017380113
8 205 511 658.705209566
9 206 515 659.480475813
8 207 517 661.017380113
7 208 518 662.863024827
6 209 519 662.863024827
7 210 526 663.643146205
6 211 527 665.251357969
5 212 531 667.170509805
6 213 532 667.776844647
7 214 534 670.466085131
6 215 536 670.480475813
5 216 537 673.170509805
6 217 538 674.571928214
7 218 542 679.906736331
6 219 548 682.190092406
5 220 551 684.776844647
4 221 553 685.190092406
5 222 555 687.535615545
4 223 557 688.571928214
3 224 559 690.466085131
4 225 561 691.909183078
3 226 563 693.906736331
4 227 564 693.910199133
5 228 568 696.917838126
6 229 572 703.112338338
5 230 575 704.906736331
6 231 576 707.917497702
5 232 578 708.571928214
6 233 579 708.755983732
7 234 580 709.150775626
8 235 586 717.817991357
9 236 587 719.441451218
8 237 588 721.906736331
9 238 589 725.86675881
8 239 591 727.906736331
9 240 592 728.143211817
8 241 594 728.571928214
9 242 597 732.973985152
10 243 600 736.635726243
9 244 602 738.906736331
10 245 603 741.066412824
9 246 606 742.571928214
10 247 607 746.192363987
9 248 613 752.906736331
10 249 617 753.405509849
9 250 618 753.571928214
8 251 620 762.571928214
7 252 626 766.906736331
6 253 629 769.906736331
5 254 630 769.906736331
6 255 631 769.986852
7 256 632 771.721939397
8 257 635 777.204547337
9 258 636 777.678044879
8 259 638 785.571928214
7 260 641 786.906736331
8 261 642 787.610291644
9 262 643 790.595561423
8 263 648 797.906736331
9 264 649 799.236757549
10 265 650 801.420746323
11 266 653 803.239672009
10 267 654 803.906736331
9 268 658 808.571928214
8 269 661 814.906736331
9 270 662 817.112776949
10 271 665 821.684073269
9 272 666 825.571928214
10 273 672 829.872463555
9 274 677 837.906736331
10 275 678 838.222081452
9 276 679 840.906736331
10 277 680 842.073193185
9 278 681 842.571928214
8 279 686 845.571928214
9 280 687 849.290581967
10 281 691 854.514830116
9 282 693 854.906736331
10 283 694 859.946101911
11 284 695 860.19164102
10 285 699 865.571928214
9 286 700 865.571928214
10 287 701 870.552844845
11 288 702 870.939559225
10 289 703 871.906736331
11 290 711 877.26818617
10 291 712 879.906736331
9 292 715 882.571928214
10 293 717 884.508187672
9 294 718 885.906736331
8 295 724 890.906736331
9 296 725 896.215749759
8 297 726 899.571928214
7 298 735 902.906736331
8 299 736 906.063011314
7 300 740 910.571928214
8 301 744 912.89985267
9 302 748 913.246751035
10 303 749 913.614040452
9 304 753 916.190092406
8 305 754 916.906736331
9 306 761 918.958284247
8 307 762 919.571928214
9 308 768 921.820592644
8 309 769 922.776844647
9 310 771 924.706551618
8 311 772 925.776844647
7 312 773 925.776844647
6 313 775 927.190092406
5 314 777 928.466085131
4 315 780 931.776844647
3 316 781 939.571928214
2 317 787 944.190092406
1 318 788 948.466085131
2 319 790 951.90380413
3 320 793 966.707331824
4 321 797 969.149196589
5 322 799 971.584838774
4 323 801 974.90380413
5 324 802 975.687027825
4 325 806 977.90380413
5 326 809 981.517924291
4 327 811 982.584838774
3 328 816 986.149196589
4 329 817 989.029893628
3 330 821 996.584838774
4 331 822 997.910485867
3 332 824 998.687027825
2 333 825 1003.02989363
3 334 828 1006.22736318
2 335 830 1011.91048587
3 336 831 1015.77292192
2 337 835 1020.22736318
3 338 836 1021.96068152
2 339 842 1029.77292192
3 340 843 1032.76408134
2 341 845 1035.96068152
3 342 846 1040.87566482
4 343 850 1047.46023554
3 344 852 1048.87566482
4 345 855 1053.69971302
5 346 859 1054.5637553
6 347 862 1059.42997319
5 348 863 1061.46023554
6 349 865 1064.6578803
5 350 866 1064.69971302
4 351 869 1070.76408134
5 352 872 1074.30004884
6 353 877 1078.78280621
5 354 879 1081.46023554
4 355 880 1081.69971302
5 356 883 1086.78271824
4 357 887 1087.69971302
5 358 888 1090.78464834
6 359 889 1092.384816
5 360 890 1092.46023554
6 361 896 1100.04543469
5 362 898 1100.30004884
4 363 899 1103.46023554
3 364 901 1103.78271824
2 365 904 1114.30004884
3 366 905 1116.75035664
4 367 907 1117.33874736
5 368 909 1117.53414661
6 369 911 1118.10687606
7 370 912 1118.12833844
8 371 920 1127.4812525
7 372 921 1129.46023554
6 373 923 1130.75035664
5 374 925 1131.33874736
4 375 927 1132.46023554
5 376 928 1134.6272707
6 377 930 1136.53197733
5 378 936 1145.33874736
4 379 937 1145.33874736
3 380 941 1147.75035664
4 381 942 1149.27920272
3 382 948 1155.46023554
2 383 949 1156.33874736
3 384 950 1156.40512655
2 385 952 1160.27920272
3 386 955 1170.17888994
2 387 959 1179.40512655
1 388 960 1181.17888994
2 389 961 1182.22232625
1 390 965 1193.22232625
2 391 966 1201.64226059
3 392 969 1213.68895527
4 393 973 1216.06915711
5 394 975 1219.17479117
4 395 979 1221.64226059
5 396 980 1222.33718056
4 397 984 1227.06915711
3 398 985 1227.17479117
2 399 986 1227.64226059
3 400 987 1227.80910103
4 401 993 1229.56803989
3 402 995 1233.33718056
4 403 998 1236.74842456
3 404 1000 1238.80910103
2 405 1001 1240.56803989
1 406 1004 1247.74842456
2 407 1005 1249.16841103
3 408 1007 1250.27324235
4 409 1009 1250.4648257
5 410 1013 1260.67634057
4 411 1014 1261.27324235
5 412 1017 1261.9582094
4 413 1021 1266.16841103
3 414 1026 1269.16841103
4 415 1027 1269.66532678
3 416 1029 1272.27324235
2 417 1032 1276.4648257
1 418 1033 1277.66532678
2 419 1034 1292.59290813
3 420 1036 1295.13221052
4 421 1043 1307.66604799
3 422 1045 1309.59290813
4 423 1047 1312.48946362
3 424 1048 1315.13221052
4 425 1049 1316.38947427
5 426 1053 1320.34262704
4 427 1059 1323.48946362
5 428 1060 1327.07235447
4 429 1065 1330.38947427
5 430 1066 1330.75420105
4 431 1068 1334.34262704
3 432 1069 1336.66604799
4 433 1072 1337.59115327
5 434 1074 1338.68553801
4 435 1078 1344.07235447
3 436 1079 1347.75420105
4 437 1080 1349.12067441
5 438 1088 1351.930868
4 439 1090 1354.12067441
3 440 1091 1354.59115327
2 441 1092 1358.68553801
3 442 1096 1360.91933973
4 443 1098 1361.14243114
3 444 1100 1362.930868
4 445 1101 1364.70028956
5 446 1108 1368.55745659
6 447 1110 1370.09216751
5 448 1115 1376.55745659
4 449 1117 1377.91933973
3 450 1118 1378.14243114
4 451 1119 1378.94325593
5 452 1121 1378.97341161
6 453 1123 1383.30050792
5 454 1127 1384.70028956
6 455 1129 1386.28018677
5 456 1132 1390.55745659
6 457 1134 1395.2663379
5 458 1141 1398.94325593
6 459 1143 1400.05386243
7 460 1144 1404.64513999
8 461 1145 1404.66505465
7 462 1146 1404.97341161
6 463 1148 1404.97341161
5 464 1153 1410.70028956
4 465 1159 1415.70028956
3 466 1160 1415.70028956
2 467 1161 1415.94325593
3 468 1163 1418.97845149
4 469 1165 1421.37176999
3 470 1166 1421.97341161
4 471 1169 1424.94543246
5 472 1174 1433.50604315
6 473 1175 1435.7196234
5 474 1176 1435.97341161
4 475 1178 1441.97845149
5 476 1180 1443.8132099
6 477 1181 1444.93817585
5 478 1187 1452.97341161
6 479 1188 1455.50681236
7 480 1189 1456.94639446
6 481 1193 1458.97845149
7 482 1196 1463.09864665
8 483 1197 1465.8423895
7 484 1199 1466.97341161
8 485 1200 1472.0916669
7 486 1201 1475.97845149
8 487 1206 1482.90920513
7 488 1208 1486.97341161
8 489 1209 1492.65468812
9 490 1215 1496.94984768
10 491 1216 1498.97844464
9 492 1219 1498.97845149
8 493 1220 1500.97341161
9 494 1226 1504.78867581
8 495 1227 1504.97845149
7 496 1229 1505.97341161
6 497 1230 1508.97341161
5 498 1237 1518.97845149
4 499 1238 1521.97845149
5 500 1239 1522.48147077
4 501 1241 1525.97341161
5 502 1242 1526.98213998
6 503 1245 1534.61176961
7 504 1246 1535.18665015
6 505 1251 1541.97845149
5 506 1252 1545.97341161
6 507 1259 1556.16336656
5 508 1261 1556.97341161
4 509 1262 1558.97845149
3 510 1264 1561.97845149
4 511 1269 1569.41396444
3 512 1271 1569.97845149
4 513 1272 1570.34472887
3 514 1274 1573.97341161
2 515 1278 1580.97845149
3 516 1281 1586.35541935
4 517 1283 1590.34826873
3 518 1289 1596.97341161
4 519 1290 1597.75169872
5 520 1292 1599.95769458
6 521 1293 1600.09883026
5 522 1295 1601.34826873
6 523 1296 1602.85274489
7 524 1299 1607.99147414
6 525 1301 1609.35541935
5 526 1307 1611.75169872
6 527 1308 1613.4889703
7 528 1311 1618.5025577
8 529 1314 1621.93214718
7 530 1316 1623.35541935
6 531 1319 1624.34826873
7 532 1320 1625.54882466
6 533 1324 1631.75169872
7 534 1329 1636.91390531
8 535 1333 1638.38498232
9 536 1334 1639.72233267
8 537 1337 1640.55745659
9 538 1338 1640.80583774
8 539 1341 1643.35541935
7 540 1342 1644.34826873
6 541 1343 1645.75169872
7 542 1345 1646.80536088
6 543 1347 1647.34826873
5 544 1352 1651.35541935
6 545 1353 1653.46859428
7 546 1358 1653.65684281
6 547 1360 1657.55745659
5 548 1361 1660.35541935
6 549 1365 1660.70159326
7 550 1366 1661.7839976
6 551 1370 1663.55745659
7 552 1371 1663.64472948
8 553 1372 1669.1909087
9 554 1373 1669.82462316
8 555 1375 1670.46859428
7 556 1381 1675.80536088
6 557 1385 1680.35541935
5 558 1388 1680.55745659
6 559 1390 1681.07517168
7 560 1391 1681.51021887
6 561 1394 1687.46859428
7 562 1397 1688.40601452
8 563 1398 1689.27338152
7 564 1402 1691.55745659
6 565 1403 1692.80536088
5 566 1410 1700.35541935
6 567 1412 1701.78521264
5 568 1416 1704.46859428
4 569 1417 1705.55745659
3 570 1418 1706.80536088
2 571 1420 1707.46859428
1 572 1422 1715.80536088
2 573 1423 1741.31987113
1 574 1427 1758.31987113
2 575 1428 1772.27751758
3 576 1430 1776.84376195
4 577 1432 1779.20818776
3 578 1436 1783.27751758
4 579 1437 1785.29470106
5 580 1439 1786.61034572
6 581 1446 1790.99673088
5 582 1448 1796.20818776
4 583 1450 1796.84376195
3 584 1451 1799.29470106
4 585 1456 1817.59605853
3 586 1458 1819.20818776
2 587 1459 1819.84376195
1 588 1462 1828.59605853
2 589 1463 1828.71313774
1 590 1467 1839.71313774
2 591 1468 1857.43607969
1 592 1473 1880.43607969
2 593 1474 1881.09130517
3 594 1478 1891.32186597
4 595 1480 1896.91279143
3 596 1484 1901.09130517
2 597 1485 1904.91279143
1 598 1488 1914.32186597
2 599 1489 1923.15905738
3 600 1491 1930.13379364
4 601 1495 1934.22291332
3 602 1499 1938.13379364
4 603 1502 1944.69895485
3 604 1507 1952.15905738
2 605 1508 1957.22291332
1 606 1509 1958.69895485
2 607 1510 1959.69186703
3 608 1512 1968.17650634
2 609 1516 1979.69186703
3 610 1519 1981.86490171
4 611 1521 1983.79114054
5 612 1524 1987.60089999
6 613 1525 1988.27732613
5 614 1531 1991.17650634
4 615 1535 1995.86490171
3 616 1536 1995.86490171
2 617 1537 1997.79114054
1 618 1538 2005.27732613
2 619 1539 2013.41703981
3 620 1541 2019.6289109
4 621 1547 2029.65502144
5 622 1551 2033.73446233
4 623 1553 2039.41703981
5 624 1554 2039.7583141
4 625 1556 2042.6289109
3 626 1557 2043.65502144
4 627 1558 2044.5429891
3 628 1566 2053.73446233
2 629 1567 2055.5429891
1 630 1568 2059.7583141
2 631 1569 2083.37525297
1 632 1573 2094.37525297
2 633 1574 2099.13248448
3 634 1576 2099.50454334
4 635 1582 2113.25408071
5 636 1584 2113.54138772
6 637 1586 2117.89270375
7 638 1588 2118.98894959
6 639 1589 2122.13248448
5 640 1591 2122.50454334
6 641 1596 2128.37988489
7 642 1600 2129.90665461
6 643 1601 2131.89270375
5 644 1605 2136.13248448
4 645 1608 2142.25408071
3 646 1609 2142.54138772
4 647 1610 2144.18749539
5 648 1616 2150.90399131
4 649 1618 2151.37988489
5 650 1619 2152.87097429
4 651 1623 2157.89270375
3 652 1624 2158.90399131
2 653 1627 2164.18749539
3 654 1628 2166.56104994
2 655 1630 2172.87097429
3 656 1631 2177.21809736
2 657 1637 2183.56104994
3 658 1638 2185.10993314
4 659 1640 2191.89490145
3 660 1642 2194.21809736
2 661 1647 2202.10993314
3 662 1648 2214.6082396
2 663 1650 2214.89490145
3 664 1651 2219.07852669
4 665 1657 2226.3064102
3 666 1659 2230.07852669
4 667 1660 2230.94460086
5 668 1662 2231.66801504
6 669 1664 2232.79312739
7 670 1669 2233.52848939
8 671 1670 2233.76252824
7 672 1671 2234.6082396
6 673 1673 2237.3064102
5 674 1683 2247.94460086
4 675 1684 2248.6082396
3 676 1685 2251.66801504
2 677 1686 2253.94460086
3 678 1687 2254.20621147
4 679 1690 2254.68854724
3 680 1691 2255.79312739
4 681 1695 2258.30704246
5 682 1699 2262.61179872
4 683 1701 2265.20621147
3 684 1705 2271.20621147
2 685 1706 2275.30704246
1 686 1708 2279.61179872
2 687 1709 2280.65570169
3 688 1711 2288.26607394
4 689 1715 2294.25715715
3 690 1719 2297.65570169
2 691 1722 2302.26607394
1 692 1723 2314.25715715
2 693 1724 2319.72919032
3 694 1726 2327.55668534
2 695 1730 2333.72919032
3 696 1731 2335.57499354
4 697 1733 2339.14578029
5 698 1739 2343.64020348
4 699 1741 2347.55668534
3 700 1745 2350.14578029
4 701 1746 2351.11834356
5 702 1749 2351.1781203
6 703 1750 2353.41146572
7 704 1753 2355.61234386
6 705 1755 2358.57499354
5 706 1760 2363.64020348
4 707 1762 2365.11834356
5 708 1765 2365.787341
6 709 1767 2367.00887032
7 710 1768 2367.82114232
6 711 1769 2369.64020348
5 712 1773 2374.64020348
4 713 1774 2375.57499354
3 714 1778 2379.787341
4 715 1781 2384.81074524
3 716 1785 2385.64020348
4 717 1789 2398.1045789
3 718 1790 2398.57499354
4 719 1792 2398.7398248
3 720 1793 2398.81074524
4 721 1795 2401.20666387
5 722 1799 2410.16991866
6 723 1802 2414.34715873
7 724 1803 2414.86612061
6 725 1806 2415.57499354
5 726 1810 2418.81074524
6 727 1812 2422.48199991
7 728 1813 2422.65596977
6 729 1814 2426.57499354
5 730 1816 2426.57499354
4 731 1821 2432.81074524
5 732 1823 2433.03772663
6 733 1824 2433.18099597
5 734 1825 2434.57499354
6 735 1827 2438.94444459
7 736 1830 2442.97957104
6 737 1832 2446.81074524
5 738 1838 2457.57499354
6 739 1839 2460.23711477
7 740 1840 2460.55159812
6 741 1845 2466.81074524
7 742 1846 2467.69910618
8 743 1847 2472.80997408
9 744 1848 2473.04169823
8 745 1850 2474.57499354
9 746 1851 2475.87291349
10 747 1852 2478.77968538
11 748 1858 2492.32775169
10 749 1859 2492.81074524
9 750 1861 2492.81074524
10 751 1862 2493.3032486
11 752 1863 2495.14806505
12 753 1868 2497.38921557
13 754 1869 2499.78724382
12 755 1871 2500.57499354
13 756 1876 2507.34132949
14 757 1877 2507.73123117
15 758 1878 2508.87006062
14 759 1879 2509.81074524
15 760 1882 2510.07409439
14 761 1887 2514.57499354
15 762 1888 2514.62683425
16 763 1889 2515.66896004
17 764 1890 2515.78631161
16 765 1891 2517.20621147
15 766 1895 2517.81074524
14 767 1896 2517.81074524
15 768 1902 2527.06523077
14 769 1907 2528.57499354
15 770 1908 2529.54604911
14 771 1909 2531.20621147
13 772 1911 2534.20621147
12 773 1913 2537.81074524
11 774 1920 2548.81074524
10 775 1923 2551.57499354
9 776 1927 2554.57499354
10 777 1928 2555.22226802
9 778 1932 2560.20621147
8 779 1935 2562.81074524
7 780 1937 2565.57499354
8 781 1947 2575.90381004
7 782 1948 2579.81074524
6 783 1950 2583.20621147
5 784 1951 2585.57499354
4 785 1953 2585.81074524
5 786 1956 2586.53694862
6 787 1965 2590.50700788
7 788 1966 2591.30773092
8 789 1967 2593.10854975
7 790 1968 2593.57499354
8 791 1969 2594.64397741
9 792 1970 2595.83543825
10 793 1971 2596.66802311
9 794 1973 2597.20621147
8 795 1976 2598.55668534
7 796 1978 2599.57499354
6 797 1986 2609.55668534
5 798 1989 2611.20621147
4 799 1992 2616.57499354
3 800 1994 2618.55668534
2 801 1996 2622.20621147
3 802 2000 2627.30256013
4 803 2004 2629.85702537
3 804 2006 2632.55668534
2 805 2007 2641.30256013
3 806 2008 2642.74912311
4 807 2012 2645.02970701
3 808 2014 2649.85702537
4 809 2019 2659.74582922
5 810 2021 2660.32369394
4 811 2023 2665.02970701
3 812 2024 2665.74912311
4 813 2027 2672.00576227
3 814 2031 2673.74582922
4 815 2032 2678.25916728
3 816 2036 2679.02970701
2 817 2039 2686.00576227
3 818 2040 2692.13330325
2 819 2042 2692.25916728
3 820 2045 2703.64747344
4 821 2047 2703.75944271
5 822 2049 2708.98829279
4 823 2054 2717.75944271
3 824 2056 2718.13330325
4 825 2057 2721.55869972
3 826 2059 2726.64747344
4 827 2061 2727.74845643
3 828 2067 2734.75944271
4 829 2068 2738.19611085
3 830 2070 2738.55869972
2 831 2073 2743.19611085
1 832 2074 2747.55869972
2 833 2075 2758.48926505
3 834 2077 2758.54038528
2 835 2083 2766.48926505
3 836 2084 2767.76253959
4 837 2086 2774.67778301
5 838 2088 2779.68283266
4 839 2092 2781.54038528
5 840 2093 2781.70247964
4 841 2097 2790.76253959
3 842 2098 2791.67778301
2 843 2103 2804.54038528
1 844 2104 2804.76253959
2 845 2105 2808.88898304
3 846 2107 2812.5900564
4 847 2111 2816.46709063
5 848 2113 2817.85592307
4 849 2114 2819.88898304
5 850 2116 2822.76413898
6 851 2117 2825.55551451
7 852 2124 2832.8083395
6 853 2126 2833.46709063
5 854 2128 2836.88898304
4 855 2129 2841.5900564
5 856 2131 2841.65201687
6 857 2132 2841.93097289
7 858 2135 2845.30831237
6 859 2139 2847.46709063
7 860 2141 2850.67487717
8 861 2145 2855.64787665
9 862 2146 2856.19470168
8 863 2148 2856.88898304
9 864 2151 2857.94808929
8 865 2155 2864.5900564
7 866 2159 2867.5900564
6 867 2160 2870.46709063
5 868 2162 2870.88898304
4 869 2166 2872.81074524
5 870 2168 2877.14993668
6 871 2169 2878.57333833
5 872 2176 2884.81074524
4 873 2177 2887.5900564
5 874 2178 2890.06987271
6 875 2180 2890.57545302
5 876 2184 2893.46709063
4 877 2186 2895.57333833
5 878 2187 2896.42319936
6 879 2193 2899.36235435
5 880 2194 2899.46709063
6 881 2195 2902.57282389
5 882 2197 2904.57545302
4 883 2201 2907.06987271
5 884 2202 2907.48314122
4 885 2210 2916.42319936
5 886 2211 2921.37040675
4 887 2213 2921.48314122
3 888 2216 2921.57545302
2 889 2217 2928.57499354
3 890 2220 2944.73808318
4 891 2222 2946.2169811
3 892 2228 2955.73808318
2 893 2229 2956.37040675
1 894 2230 2957.2169811
2 895 2231 2963.40280472
3 896 2233 2965.62016606
4 897 2237 2970.47610025
5 898 2239 2970.85086978
6 899 2244 2973.26632186
5 900 2245 2974.40280472
6 901 2246 2974.71142713
5 902 2251 2981.85086978
6 903 2255 2984.62437111
5 904 2259 2984.85086978
6 905 2260 2987.48889669
5 906 2262 2988.62016606
4 907 2263 2990.47610025
3 908 2264 2991.71142713
2 909 2265 2991.71142713
1 910 2268 3010.48889669
2 911 2270 3012.91095264
3 912 2275 3027.06559744
2 913 2279 3032.91095264
3 914 2280 3035.42168209
4 915 2282 3036.12925969
3 916 2284 3038.06559744
4 917 2287 3040.16026378
5 918 2290 3042.17496835
4 919 2294 3050.12925969
5 920 2295 3053.22567723
6 921 2297 3054.30857601
7 922 2298 3056.67652375
6 923 2301 3058.42168209
5 924 2305 3061.42168209
4 925 2307 3063.16026378
5 926 2308 3067.55967327
4 927 2311 3070.22567723
5 928 2313 3070.50639266
4 929 2317 3075.42168209
5 930 2318 3076.82826583
6 931 2321 3077.31081259
5 932 2323 3086.16026378
4 933 2326 3090.22567723
5 934 2328 3093.42978764
6 935 2329 3094.49531433
7 936 2330 3095.78628733
8 937 2333 3100.86866453
7 938 2335 3101.42168209
8 939 2340 3107.59040373
9 940 2341 3108.1437099
10 941 2342 3109.69594846
9 942 2344 3112.16026378
8 943 2345 3115.42168209
7 944 2348 3116.22567723
8 945 2349 3116.81571331
9 946 2354 3121.9597261
8 947 2357 3123.42168209
7 948 2363 3129.16026378
8 949 2364 3130.31492001
9 950 2370 3134.42100751
8 951 2374 3139.22567723
7 952 2375 3140.16026378
6 953 2378 3140.42168209
5 954 2379 3141.46709063
6 955 2382 3148.69278278
5 956 2386 3149.42168209
4 957 2389 3160.16026378
3 958 2390 3160.42168209
2 959 2394 3162.22567723
3 960 2395 3166.77345252
2 961 2397 3168.69278278
3 962 2401 3182.39827982
4 963 2403 3183.26762285
3 964 2405 3183.77345252
4 965 2406 3184.7612621
5 966 2410 3190.0359618
6 967 2413 3193.10672685
7 968 2414 3194.68102351
8 969 2417 3198.96592769
7 970 2418 3199.39827982
6 971 2420 3200.26762285
5 972 2426 3204.7612621
6 973 2428 3207.0411143
5 974 2430 3208.26762285
6 975 2433 3209.86953939
5 976 2434 3213.39827982
4 977 2436 3215.7612621
5 978 2440 3219.54533889
4 979 2444 3222.26762285
5 980 2447 3223.46787338
4 981 2450 3230.39827982
3 982 2455 3235.7612621
2 983 2456 3236.48889669
1 984 2457 3245.26762285
2 985 2458 3245.29791502
3 986 2462 3252.40108996
4 987 2464 3253.39778625
5 988 2466 3254.41963644
4 989 2468 3256.29791502
5 990 2469 3258.02849415
6 991 2472 3261.19398752
7 992 2478 3264.77203267
8 993 2481 3266.00826821
7 994 2484 3270.39778625
6 995 2486 3271.41963644
5 996 2488 3272.02849415
4 997 2489 3273.39778625
5 998 2492 3277.60172993
4 999 2494 3278.40108996
5 1000 2497 3281.92525918
4 1001 2499 3283.02849415
5 1002 2504 3289.29249187
6 1003 2506 3290.1832453
5 1004 2507 3291.41963644
6 1005 2509 3292.54493858
5 1006 2514 3297.60172993
4 1007 2516 3298.92525918
3 1008 2519 3302.41963644
4 1009 2520 3302.67449588
5 1010 2522 3303.51702483
6 1011 2524 3303.53876276
5 1012 2528 3306.29249187
6 1013 2530 3307.44001834
5 1014 2534 3308.51702483
6 1015 2535 3308.85498261
5 1016 2539 3310.67449588
4 1017 2540 3311.60172993
3 1018 2541 3314.51702483
4 1019 2544 3316.81461183
3 1020 2546 3320.29249187
2 1021 2547 3322.85498261
3 1022 2550 3325.82016418
4 1023 2554 3327.48677063
5 1024 2557 3329.75413196
6 1025 2558 3331.82559395
5 1026 2563 3336.81461183
4 1027 2564 3339.82016418
5 1028 2565 3341.48993531
4 1029 2569 3347.48677063
5 1030 2570 3348.63124883
6 1031 2574 3349.99379807
5 1032 2576 3350.48677063
4 1033 2577 3351.82559395
3 1034 2580 3359.63124883
2 1035 2583 3361.48677063
3 1036 2585 3361.70334717
2 1037 2589 3367.48993531
3 1038 2590 3368.51705702
4 1039 2592 3369.21897967
3 1040 2594 3372.70334717
4 1041 2598 3376.91480338
3 1042 2604 3385.51705702
2 1043 2605 3386.21897967
1 1044 2607 3390.91480338
2 1045 2609 3409.46001305
3 1046 2611 3413.00387732
4 1047 2617 3422.98608695
3 1048 2619 3427.00387732
4 1049 2622 3431.39444506
3 1050 2623 3432.46001305
2 1051 2625 3435.00387732
3 1052 2626 3438.03336916
4 1053 2628 3441.79942518
3 1054 2635 3452.46001305
4 1055 2636 3452.88297651
3 1056 2642 3461.03336916
2 1057 2643 3465.42168209
1 1058 2644 3469.88297651
2 1059 2645 3472.04931688
3 1060 2648 3472.80963779
4 1061 2649 3473.02402422
5 1062 2651 3475.19631382
6 1063 2654 3475.43793054
7 1064 2655 3477.81759609
8 1065 2659 3481.55843134
7 1066 2664 3483.19631382
8 1067 2667 3489.15424478
7 1068 2668 3492.19631382
6 1069 2671 3495.04931688
5 1070 2673 3498.04931688
4 1071 2675 3500.19631382
5 1072 2676 3501.86379018
4 1073 2678 3505.02402422
5 1074 2681 3506.69881652
6 1075 2682 3512.95904816
5 1076 2688 3518.04931688
6 1077 2689 3519.17430381
7 1078 2690 3520.14314197
6 1079 2692 3525.02402422
5 1080 2696 3526.19631382
6 1081 2697 3530.70277743
5 1082 2701 3532.04931688
6 1083 2702 3535.72435259
5 1084 2703 3536.02402422
4 1085 2710 3546.04931688
3 1086 2711 3546.19631382
4 1087 2714 3549.71557422
3 1088 2716 3553.02402422
4 1089 2718 3554.81167208
3 1090 2724 3563.04931688
4 1091 2725 3563.74164203
3 1092 2727 3566.04931688
4 1093 2729 3568.36368196
3 1094 2730 3569.71557422
4 1095 2737 3579.24656839
3 1096 2739 3580.71557422
2 1097 2740 3580.74164203
3 1098 2741 3580.96124468
2 1099 2747 3600.71557422
1 1100 2748 3600.96124468
2 1101 2751 3606.80475196
1 1102 2755 3617.80475196
2 1103 2756 3624.76261364
3 1104 2760 3650.71560819
2 1105 2762 3650.76261364
3 1106 2763 3658.48978517
2 1107 2769 3670.71560819
1 1108 2770 3672.48978517
2 1109 2771 3678.48341731
3 1110 2775 3690.69166316
4 1111 2777 3697.12488236
3 1112 2779 3698.48341731
2 1113 2782 3704.69166316
3 1114 2785 3711.92493949
2 1115 2787 3714.12488236
3 1116 2788 3714.80746577
4 1117 2792 3718.05304087
3 1118 2794 3719.92493949
2 1119 2799 3728.80746577
1 1120 2800 3729.05304087
2 1121 2802 3734.45294603
3 1122 2804 3737.79176158
4 1123 2807 3737.84561999
3 1124 2814 3742.45294603
4 1125 2815 3743.38664185
5 1126 2817 3747.20343641
6 1127 2819 3747.79669478
5 1128 2820 3748.79176158
6 1129 2822 3749.36438567
7 1130 2825 3752.41103945
6 1131 2828 3757.79176158
5 1132 2830 3758.20343641
4 1133 2835 3763.38664185
3 1134 2837 3766.20343641
4 1135 2838 3767.46664761
5 1136 2842 3771.1244721
4 1137 2844 3774.79176158
3 1138 2845 3777.38664185
4 1139 2850 3781.71020123
5 1140 2852 3781.95978607
6 1141 2853 3787.57689329
5 1142 2858 3788.79176158
6 1143 2859 3791.40584095
5 1144 2860 3793.46664761
6 1145 2862 3793.94543949
5 1146 2863 3795.71020123
6 1147 2868 3796.87845486
5 1148 2869 3799.79176158
6 1149 2870 3800.8120566
5 1150 2872 3802.79176158
6 1151 2878 3804.32782244
7 1152 2879 3805.45866478
8 1153 2883 3807.3909115
7 1154 2885 3807.46664761
6 1155 2890 3815.71020123
7 1156 2891 3816.25913124
6 1157 2892 3816.79176158
5 1158 2896 3818.71020123
6 1159 2898 3820.35776383
5 1160 2901 3824.04931688
4 1161 2903 3824.46664761
3 1162 2904 3827.79176158
4 1163 2907 3829.4715185
3 1164 2909 3832.71020123
4 1165 2910 3833.2600435
3 1166 2918 3841.04931688
2 1167 2919 3844.2600435
3 1168 2920 3847.62853242
2 1169 2924 3849.4715185
3 1170 2925 3853.02413448
4 1171 2927 3854.11582458
5 1172 2929 3854.4404154
4 1173 2933 3858.62853242
3 1174 2934 3861.02413448
4 1175 2938 3866.30121287
3 1176 2942 3868.4404154
2 1177 2943 3871.11582458
1 1178 2944 3877.11582458
2 1179 2945 3892.99098182
3 1180 2947 3893.42417259
4 1181 2949 3895.60674939
3 1182 2957 3900.99098182
4 1183 2958 3903.25816986
3 1184 2960 3906.60674939
2 1185 2963 3907.42417259
3 1186 2964 3908.72442334
2 1187 2966 3911.25816986
3 1188 2969 3928.34752019
2 1189 2971 3928.72442334
3 1190 2972 3932.9482363
2 1191 2978 3945.34752019
3 1192 2979 3950.44518268
2 1193 2981 3952.9482363
1 1194 2985 3964.44518268
2 1195 2986 3969.10684534
3 1196 2990 3982.0000297
2 1197 2992 3983.10684534
3 1198 2995 3989.77002945
2 1199 2997 3993.0000297
3 1200 3000 3997.08859722
4 1201 3002 3999.71236224
3 1202 3006 4003.77002945
2 1203 3009 4013.71236224
1 1204 3010 4014.08859722
2 1205 3011 4024.10514056
3 1206 3013 4024.74745007
4 1207 3015 4028.34902504
5 1208 3021 4036.64493539
4 1209 3025 4041.10514056
5 1210 3026 4041.78061736
6 1211 3028 4041.84085838
5 1212 3030 4042.34902504
6 1213 3031 4045.69858863
5 1214 3037 4047.74745007
4 1215 3038 4050.64493539
3 1216 3041 4052.84085838
2 1217 3044 4058.78061736
1 1218 3045 4062.69858863
2 1219 3046 4092.95885563
3 1220 3048 4097.29307632
4 1221 3051 4105.88735367
3 1222 3057 4114.29307632
4 1223 3059 4115.37729321
3 1224 3061 4115.95885563
2 1225 3063 4121.95885563
3 1226 3064 4130.63492786
4 1227 3068 4132.05239351
5 1228 3072 4142.02743387
4 1229 3076 4147.37729321
5 1230 3077 4149.23832086
4 1231 3079 4150.63492786
3 1232 3082 4152.05239351
2 1233 3083 4159.02743387
1 1234 3086 4163.23832086
2 1235 3087 4177.21847808
3 1236 3091 4191.66959098
2 1237 3093 4194.21847808
3 1238 3094 4199.27770582
4 1239 3098 4209.18979371
3 1240 3104 4217.66959098
2 1241 3105 4219.27770582
3 1242 3106 4222.30463956
2 1243 3108 4223.18979371
3 1244 3111 4227.2703125
4 1245 3113 4229.89844235
5 1246 3115 4233.02275604
4 1247 3117 4233.30463956
3 1248 3122 4243.89844235
4 1249 3123 4244.21062566
3 1250 3125 4247.2703125
4 1251 3128 4250.31201543
5 1252 3130 4251.86098949
6 1253 3135 4253.00802465
5 1254 3139 4255.21062566
6 1255 3140 4257.93062396
5 1256 3142 4259.02275604
4 1257 3143 4259.86098949
3 1258 3146 4264.21062566
2 1259 3147 4264.31201543
3 1260 3148 4265.26170167
2 1261 3152 4273.26170167
3 1262 3155 4277.56633389
4 1263 3157 4281.32863029
5 1264 3159 4285.11196644
4 1265 3161 4286.93062396
5 1266 3164 4289.56376229
4 1267 3172 4300.56633389
5 1268 3174 4301.23882903
4 1269 3175 4301.32863029
3 1270 3177 4302.11196644
2 1271 3179 4303.56376229
3 1272 3183 4306.34684289
2 1273 3187 4312.32863029
3 1274 3188 4314.29170322
2 1275 3190 4314.34684289
3 1276 3192 4318.09933443
4 1277 3194 4318.60155875
5 1278 3199 4328.55501228
4 1279 3203 4332.09933443
5 1280 3204 4332.21421307
6 1281 3209 4342.79298658
5 1282 3210 4343.09933443
4 1283 3212 4343.29307632
3 1284 3216 4346.29170322
4 1285 3217 4346.68560836
5 1286 3219 4347.27279343
6 1287 3222 4349.27547858
5 1288 3224 4351.09933443
6 1289 3225 4353.49412666
5 1290 3226 4354.29307632
6 1291 3228 4359.41660286
7 1292 3231 4361.23206101
8 1293 3234 4363.08739075
9 1294 3237 4365.41642156
10 1295 3238 4365.72219744
9 1296 3240 4368.29307632
8 1297 3242 4369.68560836
7 1298 3245 4371.09933443
8 1299 3250 4376.54463203
9 1300 3251 4378.12029289
8 1301 3253 4379.29307632
9 1302 3254 4379.43098254
10 1303 3256 4381.47566104
9 1304 3261 4383.68560836
10 1305 3266 4384.32494516
11 1306 3267 4384.43814199
10 1307 3271 4388.09933443
9 1308 3274 4388.09933443
10 1309 3275 4390.09004433
9 1310 3278 4390.29307632
10 1311 3279 4390.64967759
9 1312 3280 4391.68560836
8 1313 3288 4396.09933443
7 1314 3289 4396.68560836
6 1315 3293 4399.09933443
5 1316 3294 4400.09933443
4 1317 3295 4400.68560836
5 1318 3296 4401.89676516
4 1319 3298 4404.29307632
5 1320 3299 4405.81836891
4 1321 3302 4407.29307632
5 1322 3306 4413.07239655
4 1323 3308 4416.09933443
3 1324 3311 4421.89676516
4 1325 3312 4422.48798905
5 1326 3316 4425.95114611
6 1327 3319 4435.52503569
5 1328 3321 4436.09933443
4 1329 3322 4436.29307632
3 1330 3324 4436.48798905
4 1331 3327 4442.83705489
3 1332 3331 4450.29307632
4 1333 3334 4454.00189771
3 1334 3336 4459.83705489
2 1335 3337 4462.09933443
3 1336 3340 4462.14705179
4 1337 3344 4469.32831005
3 1338 3346 4471.00189771
2 1339 3347 4471.00189771
3 1340 3351 4475.36264744
4 1341 3353 4476.90749136
3 1342 3354 4477.32831005
2 1343 3360 4482.32831005
1 1344 3361 4486.36264744
2 1345 3362 4495.00299816
3 1346 3364 4498.48083689
2 1347 3370 4506.48083689
3 1348 3371 4506.55313974
4 1349 3373 4507.85416982
5 1350 3376 4510.46663181
4 1351 3377 4512.00299816
5 1352 3383 4520.96520815
4 1353 3384 4523.00299816
3 1354 3387 4526.55313974
4 1355 3390 4529.24974877
3 1356 3395 4540.00299816
2 1357 3397 4540.55313974
3 1358 3400 4552.95720928
2 1359 3404 4557.00299816
3 1360 3405 4559.18644492
2 1361 3409 4566.95720928
1 1362 3411 4576.18644492
2 1363 3413 4589.58983141
3 1364 3415 4591.25763421
4 1365 3418 4597.86563521
5 1366 3419 4603.44868472
4 1367 3421 4603.58983141
5 1368 3422 4606.85431576
6 1369 3423 4609.54415612
7 1370 3426 4613.7403018
6 1371 3428 4614.58983141
7 1372 3429 4617.89750159
8 1373 3430 4618.4905608
9 1374 3433 4627.8157521
8 1375 3435 4628.58983141
9 1376 3436 4631.25665248
10 1377 3437 4634.77989407
11 1378 3438 4636.66637665
12 1379 3439 4640.09939092
13 1380 3442 4645.6775208
14 1381 3443 4645.90186155
15 1382 3444 4649.82378094
16 1383 3445 4650.5466188
15 1384 3448 4654.58983141
14 1385 3452 4659.58983141
13 1386 3464 4661.58983141
14 1387 3465 4663.56671166
13 1388 3466 4664.58983141
12 1389 3467 4665.58983141
11 1390 3471 4670.58983141
10 1391 3472 4670.58983141
11 1392 3473 4672.06431309
12 1393 3474 4672.2419859
11 1394 3478 4675.58983141
10 1395 3479 4681.58983141
11 1396 3480 4684.35182179
12 1397 3481 4687.88184242
13 1398 3486 4690.18845445
14 1399 3487 4692.14723069
15 1400 3488 4696.9512104
14 1401 3489 4698.58983141
13 1402 3490 4701.58983141
14 1403 3491 4704.44177376
13 1404 3494 4704.58983141
14 1405 3495 4705.99487063
15 1406 3496 4709.00772412
14 1407 3512 4724.58983141
13 1408 3515 4724.75043149
12 1409 3516 4727.58983141
13 1410 3519 4729.0503968
14 1411 3520 4729.31236107
13 1412 3525 4732.58983141
14 1413 3526 4733.42012518
13 1414 3527 4733.75043149
14 1415 3528 4734.58520325
15 1416 3534 4740.86310179
14 1417 3536 4741.75043149
13 1418 3538 4743.17831982
12 1419 3541 4749.58983141
11 1420 3545 4752.58983141
10 1421 3546 4755.75043149
9 1422 3551 4757.17831982
8 1423 3557 4768.17831982
7 1424 3560 4769.58983141
8 1425 3561 4772.51225422
7 1426 3563 4772.75043149
8 1427 3569 4781.13858078
7 1428 3574 4786.58983141
6 1429 3575 4786.58983141
5 1430 3576 4786.75043149
4 1431 3583 4797.17831982
3 1432 3586 4806.58983141
2 1433 3588 4809.58983141
1 1434 3589 4809.75043149
2 1435 3590 4818.6316958
3 1436 3592 4821.43979255
4 1437 3595 4823.64095823
5 1438 3598 4826.03382449
4 1439 3600 4829.43979255
5 1440 3603 4832.51084552
4 1441 3607 4838.6316958
3 1442 3610 4843.43979255
4 1443 3612 4843.87238442
5 1444 3613 4849.48973389
4 1445 3615 4852.6316958
3 1446 3618 4857.43979255
4 1447 3620 4857.51352199
5 1448 3623 4863.09349869
6 1449 3624 4863.42032174
7 1450 3627 4864.61722268
6 1451 3629 4869.6316958
7 1452 3630 4869.75503458
6 1453 3633 4871.43979255
7 1454 3634 4874.27997661
8 1455 3640 4882.96570938
7 1456 3642 4883.6316958
6 1457 3643 4888.43979255
5 1458 3645 4888.43979255
4 1459 3649 4897.6316958
5 1460 3652 4901.57782051
6 1461 3653 4902.70718686
7 1462 3655 4903.58421876
8 1463 3656 4904.52225179
7 1464 3660 4911.6316958
8 1465 3661 4914.31555385
7 1466 3662 4917.43979255
8 1467 3664 4917.55722226
7 1468 3665 4917.6316958
6 1469 3670 4928.6316958
7 1470 3671 4931.45716719
6 1471 3679 4943.43979255
5 1472 3681 4945.6316958
6 1473 3685 4954.56630436
5 1474 3692 4961.50883496
4 1475 3693 4969.43979255
3 1476 3697 4971.6316958
2 1477 3698 4975.50883496
1 1478 3699 4978.50883496
2 1479 3700 4982.27348519
3 1480 3702 4983.36868303
4 1481 3706 4988.30743389
5 1482 3708 4988.83034387
4 1483 3711 4996.27348519
5 1484 3715 5001.19730364
6 1485 3719 5002.96453871
5 1486 3720 5003.36868303
4 1487 3724 5008.30743389
5 1488 3726 5010.06732276
4 1489 3727 5013.27348519
5 1490 3732 5020.80249659
4 1491 3734 5021.19730364
5 1492 3737 5024.2412231
6 1493 3741 5025.29450938
5 1494 3743 5027.06732276
4 1495 3748 5035.2412231
3 1496 3749 5035.36868303
2 1497 3750 5041.06732276
1 1498 3751 5043.80249659
2 1499 3752 5046.99786178
3 1500 3754 5049.53919909
4 1501 3758 5052.32116353
5 1502 3760 5052.92686328
4 1503 3764 5057.99786178
3 1504 3767 5060.53919909
4 1505 3768 5062.12940311
5 1506 3772 5063.64945297
4 1507 3774 5066.92686328
5 1508 3776 5067.68922798
6 1509 3780 5070.14534399
7 1510 3782 5070.91826524
6 1511 3783 5072.32116353
7 1512 3785 5072.60139782
6 1513 3786 5073.12940311
7 1514 3794 5078.3129914
6 1515 3795 5079.12940311
7 1516 3796 5079.86198789
6 1517 3797 5080.64945297
5 1518 3799 5081.12940311
6 1519 3801 5081.37371969
5 1520 3806 5086.32116353
4 1521 3810 5091.64945297
3 1522 3812 5092.12940311
4 1523 3813 5092.56802946
3 1524 3817 5096.14534399
4 1525 3819 5099.37499907
3 1526 3821 5100.32116353
2 1527 3826 5116.37499907
1 1528 3827 5118.56802946
2 1529 3828 5125.92223497
3 1530 3832 5128.64545677
4 1531 3835 5131.79078457
3 1532 3836 5133.92223497
2 1533 3840 5136.64545677
1 1534 3841 5139.64545677
2 1535 3842 5143.58192104
3 1536 3844 5144.06289585
4 1537 3846 5145.90293563
5 1538 3848 5147.25528376
4 1539 3856 5159.90293563
3 1540 3857 5161.06289585
4 1541 3859 5165.01174046
3 1542 3863 5166.58192104
2 1543 3869 5173.90293563
3 1544 3870 5176.62124742
4 1545 3874 5182.75981746
3 1546 3875 5186.58192104
2 1547 3877 5187.62124742
3 1548 3878 5189.24514757
2 1549 3882 5197.58192104
3 1550 3883 5198.2440233
2 1551 3889 5209.24514757
3 1552 3890 5210.9796755
2 1553 3892 5212.2440233
3 1554 3893 5213.5635724
4 1555 3895 5214.80251592
5 1556 3898 5219.05737756
4 1557 3901 5221.9796755
3 1558 3904 5227.5635724
4 1559 3905 5231.99410122
5 1560 3910 5237.76428192
4 1561 3911 5238.9796755
5 1562 3915 5243.79431395
4 1563 3917 5250.5635724
5 1564 3918 5255.15082833
4 1565 3919 5255.9796755
5 1566 3921 5257.11752618
6 1567 3922 5259.87220796
7 1568 3925 5271.04558482
6 1569 3926 5273.5635724
7 1570 3932 5280.21203431
6 1571 3934 5281.5635724
7 1572 3935 5281.84901408
6 1573 3936 5281.9796755
7 1574 3938 5283.40072669
8 1575 3941 5289.67358939
9 1576 3942 5289.94600794
10 1577 3945 5297.12988826
9 1578 3947 5298.5635724
8 1579 3949 5304.9796755
9 1580 3952 5309.63188015
10 1581 3956 5310.96685725
11 1582 3958 5313.09736017
12 1583 3959 5313.11571252
11 1584 3962 5318.5635724
10 1585 3967 5321.9796755
9 1586 3972 5326.5635724
8 1587 3977 5329.5635724
7 1588 3978 5329.64945297
6 1589 3980 5332.5635724
5 1590 3981 5332.64945297
4 1591 3989 5335.64945297
5 1592 3990 5337.57314782
6 1593 3991 5340.21496401
5 1594 3993 5343.64945297
4 1595 3994 5344.9796755
5 1596 3996 5345.43934033
4 1597 4001 5349.5635724
3 1598 4003 5352.9796755
4 1599 4004 5353.56993029
3 1600 4006 5357.64945297
4 1601 4009 5364.81420176
5 1602 4011 5365.70465993
4 1603 4019 5372.5635724
5 1604 4021 5372.71209306
4 1605 4023 5372.81420176
5 1606 4026 5375.57369556
6 1607 4027 5377.02534907
7 1608 4028 5377.06033939
6 1609 4030 5379.56993029
5 1610 4033 5381.44896854
6 1611 4034 5382.33169223
7 1612 4037 5387.62173279
6 1613 4044 5392.81420176
7 1614 4048 5400.8205423
8 1615 4049 5401.39361592
7 1616 4051 5403.06289585
6 1617 4053 5404.44896854
5 1618 4057 5408.56993029
6 1619 4060 5412.03805848
7 1620 4061 5413.89354135
8 1621 4066 5419.78310126
9 1622 4067 5420.05352515
8 1623 4069 5420.06289585
7 1624 4072 5421.81420176
6 1625 4074 5424.44896854
5 1626 4075 5425.56993029
6 1627 4079 5432.88976492
5 1628 4081 5434.06289585
4 1629 4090 5442.06289585
5 1630 4091 5442.08147042
4 1631 4093 5444.44896854
5 1632 4094 5444.62136246
4 1633 4096 5444.81420176
3 1634 4097 5444.81420176
2 1635 4102 5455.62136246
3 1636 4104 5457.72257355
2 1637 4105 5465.08147042
3 1638 4107 5465.53490369
4 1639 4111 5478.58499218
3 1640 4113 5480.72257355
4 1641 4114 5482.86276937
3 1642 4116 5483.72257355
4 1643 4117 5484.91667409
5 1644 4119 5488.24686059
6 1645 4126 5500.89568398
5 1646 4128 5501.58499218
4 1647 4130 5501.91667409
5 1648 4133 5506.36563243
6 1649 4134 5506.67169876
5 1650 4135 5508.86276937
6 1651 4137 5511.27864341
5 1652 4141 5515.58499218
4 1653 4145 5515.91667409
3 1654 4146 5519.86276937
4 1655 4147 5521.60325051
5 1656 4150 5525.58710708
6 1657 4153 5527.33641656
7 1658 4154 5527.79530534
6 1659 4161 5529.60325051
5 1660 4162 5532.91667409
6 1661 4166 5533.76750279
5 1662 4168 5535.58499218
4 1663 4169 5537.60325051
3 1664 4170 5538.91667409
4 1665 4172 5539.52983871
3 1666 4176 5540.91667409
4 1667 4177 5541.65179749
5 1668 4179 5545.0500726
6 1669 4185 5546.75919363
7 1670 4186 5548.13458572
8 1671 4187 5548.75610995
7 1672 4189 5549.65179749
6 1673 4191 5552.58499218
5 1674 4192 5552.91667409
4 1675 4200 5560.65179749
3 1676 4201 5566.58499218
2 1677 4204 5571.0500726
3 1678 4205 5571.94750548
4 1679 4207 5576.59468711
3 1680 4209 5577.65179749
4 1681 4212 5579.8156171
3 1682 4214 5582.94750548
4 1683 4215 5589.29868915
3 1684 4223 5596.59468711
4 1685 4224 5597.73884052
5 1686 4226 5600.23668334
4 1687 4228 5602.8156171
5 1688 4229 5604.01964687
4 1689 4230 5609.29868915
3 1690 4238 5622.8156171
2 1691 4239 5623.29868915
1 1692 4240 5623.73884052
2 1693 4241 5624.64975287
3 1694 4246 5639.02286084
2 1695 4248 5647.64975287
3 1696 4251 5655.13021666
2 1697 4253 5656.02286084
3 1698 4257 5659.99138047
4 1699 4259 5663.49281979
3 1700 4261 5669.13021666
2 1701 4266 5674.49281979
3 1702 4267 5677.04124904
4 1703 4269 5679.02264115
3 1704 4275 5687.02264115
2 1705 4276 5688.04124904
1 1706 4277 5688.99138047
2 1707 4278 5689.51384979
3 1708 4282 5702.25412977
4 1709 4284 5702.62782696
3 1710 4286 5706.51384979
4 1711 4289 5712.1571767
3 1712 4291 5716.25412977
2 1713 4294 5722.62782696
3 1714 4295 5723.25043589
4 1715 4300 5729.32886953
5 1716 4301 5729.34402654
4 1717 4303 5735.1571767
3 1718 4307 5737.25043589
2 1719 4308 5743.25043589
1 1720 4311 5749.34402654
2 1721 4312 5755.06688931
3 1722 4314 5759.44758786
4 1723 4318 5765.03789521
5 1724 4320 5767.49472208
6 1725 4324 5770.32776382
5 1726 4328 5772.06688931
6 1727 4329 5773.25816482
7 1728 4331 5774.83809929
6 1729 4335 5778.32776382
7 1730 4338 5781.84794803
6 1731 4341 5785.03789521
5 1732 4345 5785.44758786
6 1733 4346 5786.18364137
5 1734 4348 5787.25816482
6 1735 4349 5793.3531033
7 1736 4355 5797.39885596
6 1737 4358 5798.32776382
5 1738 4360 5799.49472208
6 1739 4361 5802.15674263
7 1740 4363 5802.35692438
6 1741 4365 5807.3531033
5 1742 4366 5808.03789521
6 1743 4369 5811.12581322
5 1744 4373 5812.18364137
4 1745 4374 5812.32776382
5 1746 4377 5817.98931548
6 1747 4379 5818.75944372
5 1748 4385 5824.3531033
4 1749 4387 5826.75944372
3 1750 4390 5828.15674263
2 1751 4393 5831.12581322
1 1752 4395 5837.98931548
2 1753 4396 5844.31727822
3 1754 4398 5848.50492344
4 1755 4400 5848.89213178
5 1756 4406 5859.05918381
4 1757 4410 5864.31727822
3 1758 4411 5865.89213178
2 1759 4412 5868.50492344
3 1760 4413 5869.81584267
4 1761 4416 5871.66098467
3 1762 4422 5883.81584267
2 1763 4423 5886.81584267
1 1764 4424 5887.31727822
2 1765 4426 5887.38835904
3 1766 4431 5903.39505503
4 1767 4433 5908.45687745
3 1768 4434 5910.38835904
4 1769 4438 5912.43606993
3 1770 4439 5914.39505503
2 1771 4445 5919.39505503
3 1772 4446 5922.33456048
4 1773 4448 5922.9067636
3 1774 4450 5927.38835904
4 1775 4453 5933.39619029
3 1776 4456 5944.38835904
2 1777 4458 5948.33456048
3 1778 4459 5950.04781908
2 1779 4465 5958.38835904
1 1780 4466 5961.04781908
2 1781 4467 5982.6542046
3 1782 4469 5988.75518721
4 1783 4475 5999.39099848
3 1784 4476 5999.6542046
2 1785 4478 6005.75518721
3 1786 4479 6010.80914127
4 1787 4485 6015.55801613
3 1788 4486 6019.6542046
2 1789 4488 6021.80914127
3 1790 4491 6031.63298918
4 1791 4493 6032.79290874
5 1792 4496 6041.54718868
4 1793 4497 6042.6542046
3 1794 4500 6045.63298918
4 1795 4504 6050.32565164
5 1796 4507 6051.21572414
4 1797 4513 6059.63298918
5 1798 4514 6062.04969877
4 1799 4516 6062.21572414
3 1800 4517 6068.6542046
2 1801 4522 6076.32565164
1 1802 4523 6079.04969877
2 1803 4524 6083.69905645
1 1804 4528 6088.69905645
2 1805 4529 6112.26894054
3 1806 4532 6118.97092844
2 1807 4536 6129.26894054
3 1808 4539 6133.42949833
2 1809 4543 6141.97092844
1 1810 4544 6144.42949833
2 1811 4545 6145.77280176
3 1812 4549 6158.27979858
4 1813 4551 6159.15727616
3 1814 4553 6159.77280176
4 1815 4554 6159.94889306
3 1816 4562 6173.15727616
2 1817 4563 6173.94889306
3 1818 4564 6180.32563203
4 1819 4566 6180.93513073
3 1820 4568 6184.27979858
4 1821 4569 6184.94402843
5 1822 4575 6196.64692507
4 1823 4577 6200.93513073
3 1824 4580 6203.32563203
4 1825 4583 6205.4262905
3 1826 4585 6210.64692507
4 1827 4586 6214.32560158
5 1828 4590 6215.56567291
4 1829 4592 6216.94402843
3 1830 4597 6225.4262905
2 1831 4598 6226.56567291
3 1832 4599 6227.10568949
2 1833 4601 6228.32560158
3 1834 4603 6233.60845245
4 1835 4605 6236.27862497
5 1836 4610 6239.63355983
4 1837 4612 6241.60845245
5 1838 4615 6244.90613661
4 1839 4621 6253.10568949
3 1840 4624 6262.27862497
2 1841 4625 6262.63355983
3 1842 4626 6264.19050781
2 1843 4628 6264.90613661
1 1844 4631 6278.19050781
2 1845 4632 6279.89936004
3 1846 4636 6284.01959228
4 1847 4638 6284.61714664
5 1848 4640 6285.09474387
6 1849 4645 6288.00550425
7 1850 4646 6290.88297178
8 1851 4650 6291.7991923
7 1852 4652 6292.61714664
8 1853 4653 6292.67356205
9 1854 4655 6294.7895495
8 1855 4661 6296.09474387
7 1856 4665 6296.89936004
6 1857 4666 6299.09474387
7 1858 4667 6299.17135568
8 1859 4668 6299.24340225
7 1860 4670 6301.01959228
6 1861 4671 6302.09474387
5 1862 4672 6303.61714664
4 1863 4676 6308.09474387
5 1864 4677 6308.83643957
6 1865 4679 6309.96134844
5 1866 4686 6316.89936004
6 1867 4688 6317.43879046
5 1868 4689 6317.61714664
4 1869 4691 6319.83643957
5 1870 4694 6321.26761569
6 1871 4696 6322.29413893
5 1872 4698 6324.01959228
6 1873 4699 6326.63865007
5 1874 4703 6327.89936004
6 1875 4705 6328.39088717
5 1876 4713 6335.26761569
6 1877 4714 6336.95257364
7 1878 4716 6337.17966523
8 1879 4717 6337.99792718
9 1880 4718 6339.7068578
8 1881 4720 6340.61714664
7 1882 4721 6341.01959228
6 1883 4724 6344.01959228
5 1884 4726 6344.89936004
6 1885 4730 6351.02932785
7 1886 4733 6356.16040263
6 1887 4734 6356.95257364
5 1888 4739 6358.89936004
4 1889 4740 6360.61714664
5 1890 4744 6362.95581648
6 1891 4746 6367.29655935
7 1892 4747 6369.55592483
6 1893 4749 6370.01959228
5 1894 4751 6372.89936004
4 1895 4754 6382.95257364
3 1896 4762 6387.01959228
4 1897 4763 6390.8414365
3 1898 4765 6396.95257364
2 1899 4768 6401.89936004
1 1900 4769 6404.8414365
2 1901 4770 6408.59392507
3 1902 4772 6409.44949596
2 1903 4778 6420.44949596
3 1904 4779 6421.13107537
4 1905 4781 6424.46771166
3 1906 4785 6431.59392507
4 1907 4786 6432.23329578
5 1908 4788 6433.64512854
6 1909 4791 6436.36600603
7 1910 4792 6440.46160399
6 1911 4794 6441.46771166
5 1912 4796 6444.13107537
6 1913 4801 6446.8298626
7 1914 4806 6448.35992965
8 1915 4807 6452.55781566
7 1916 4810 6455.46771166
6 1917 4813 6458.13107537
5 1918 4814 6458.23329578
6 1919 4820 6463.19972613
5 1920 4823 6465.32560158
4 1921 4825 6469.13107537
3 1922 4826 6475.23329578
2 1923 4829 6481.46771166
1 1924 4830 6482.32560158
2 1925 4831 6482.59718714
3 1926 4835 6491.18819081
4 1927 4837 6495.5672508
5 1928 4841 6499.31019726
4 1929 4843 6499.59718714
3 1930 4846 6503.5672508
4 1931 4847 6507.5542906
3 1932 4849 6511.18819081
4 1933 4856 6515.76123044
3 1934 4858 6516.31019726
4 1935 4859 6519.20091045
3 1936 4861 6521.5542906
4 1937 4866 6524.96600154
5 1938 4868 6526.42204195
4 1939 4872 6533.20091045
3 1940 4873 6535.76123044
2 1941 4876 6538.96600154
3 1942 4877 6539.74853799
4 1943 4879 6542.41859872
5 1944 4881 6543.96130111
4 1945 4882 6547.20091045
5 1946 4888 6551.31567075
4 1947 4891 6553.41859872
5 1948 4893 6554.40018244
4 1949 4897 6558.20091045
3 1950 4898 6561.41859872
2 1951 4899 6565.74853799
1 1952 4902 6584.20091045
2 1953 4904 6587.17493372
3 1954 4907 6598.2658211
4 1955 4911 6602.39447837
5 1956 4914 6607.1011393
4 1957 4916 6607.17493372
5 1958 4917 6613.57231016
6 1959 4920 6615.34697364
5 1960 4926 6623.61714664
4 1961 4928 6627.2658211
3 1962 4929 6633.17493372
4 1963 4931 6636.84430486
3 1964 4937 6643.61714664
2 1965 4939 6644.2658211
3 1966 4940 6646.04927877
4 1967 4946 6655.30566782
3 1968 4948 6657.04927877
4 1969 4949 6657.41945119
5 1970 4952 6661.39725522
4 1971 4954 6666.61714664
5 1972 4955 6674.03744158
4 1973 4957 6674.04927877
5 1974 4958 6676.19952925
6 1975 4961 6681.06552388
7 1976 4962 6683.18171107
6 1977 4964 6686.61714664
7 1978 4967 6695.69024985
6 1979 4972 6700.04927877
7 1980 4973 6704.238225
6 1981 4975 6706.61714664
7 1982 4977 6708.12279345
8 1983 4984 6718.1862542
9 1984 4985 6721.36897735
8 1985 4990 6723.61714664
9 1986 4992 6724.01187659
8 1987 4994 6726.04927877
7 1988 4995 6726.04927877
8 1989 4996 6727.13859655
7 1990 5002 6732.04927877
8 1991 5003 6733.23730828
7 1992 5004 6734.61714664
6 1993 5005 6734.61714664
7 1994 5008 6737.92894109
6 1995 5015 6745.18819081
5 1996 5016 6746.04927877
4 1997 5018 6748.18819081
3 1998 5019 6748.61714664
2 1999 5020 6751.61714664
1 2000 5026 6766.04927877
0 2001 5027 6781.24118141
0 2002 5029 6874.17493372
