#data counter step time
0 1 0 0.0
1 2 1 0.0
2 3 12 3.44693683129
3 4 14 7.64378640522
4 5 16 11.1354252273
5 6 19 13.3260468744
6 7 23 15.1826369581
5 8 24 17.4469368313
6 9 31 23.0350204613
7 10 33 23.5374646555
8 11 35 25.7884181538
7 12 37 28.1354252273
6 13 38 28.1354252273
5 14 39 30.6437864052
4 15 42 33.6437864052
5 16 47 40.4304189056
4 17 49 40.5374646555
5 18 50 42.7457928465
4 19 52 43.0350204613
3 20 55 45.7884181538
2 21 56 51.4304189056
3 22 59 54.267793335
4 23 63 59.4264028509
5 24 67 67.183407419
4 25 69 68.7457928465
3 26 70 70.4264028509
4 27 71 70.9779660506
3 28 73 74.267793335
4 29 75 75.3271474626
5 30 81 78.2501394579
6 31 83 79.7635607242
7 32 85 81.2041134468
6 33 87 81.9779660506
5 34 92 86.2501394579
6 35 93 86.7763858073
5 36 97 87.9779660506
4 37 100 90.183407419
5 38 101 93.6094921683
4 39 103 93.7635607242
3 40 104 94.7763858073
4 41 107 101.087272415
3 42 109 101.204113447
4 43 112 109.455967555
3 44 114 110.609492168
4 45 115 110.789244592
5 46 119 120.865206832
4 47 121 121.087272415
5 48 124 123.802778305
4 49 126 126.455967555
3 50 127 130.789244592
4 51 130 135.245036799
5 52 133 139.795867559
4 53 137 146.802778305
5 54 139 148.237534937
4 55 143 149.865206832
5 56 144 151.550353011
4 57 146 152.802778305
5 58 147 154.037776538
6 59 151 157.623994313
5 60 155 158.245036799
4 61 156 158.245036799
5 62 158 158.950316245
6 63 159 163.224646565
5 64 161 165.550353011
4 65 164 171.037776538
5 66 165 171.216930605
4 67 170 174.224646565
5 68 173 178.222160698
4 69 175 180.623994313
5 70 176 181.705765295
4 71 178 182.216930605
5 72 179 184.128548554
6 73 181 184.201804669
5 74 185 186.623994313
4 75 190 192.705765295
5 76 191 193.83502164
6 77 193 194.998305215
5 78 195 195.222160698
4 79 198 198.128548554
5 80 203 206.66459928
4 81 205 210.201804669
3 82 206 210.83502164
4 83 207 214.261147466
3 84 211 217.998305215
4 85 212 218.183539839
3 86 216 226.66459928
4 87 217 227.829822801
3 88 221 234.261147466
2 89 222 241.183539839
3 90 225 246.095435119
2 91 227 250.829822801
3 92 228 254.117900861
4 93 232 259.672860888
5 94 238 267.965339213
6 95 240 268.230858948
7 96 242 268.455597145
6 97 243 269.095435119
5 98 247 270.672860888
4 99 248 271.117900861
5 100 249 271.959217169
6 101 253 272.74642475
7 102 255 273.609040192
8 103 258 276.702463059
9 104 259 277.329776721
10 105 260 278.817561633
9 106 264 278.965339213
8 107 269 283.095435119
7 108 270 283.965339213
6 109 272 285.230858948
5 110 273 285.959217169
6 111 276 289.234960912
5 112 281 292.74642475
4 113 286 297.095435119
3 114 287 300.095435119
2 115 288 300.965339213
1 116 289 306.234960912
2 117 290 310.296510554
3 118 292 310.990784644
4 119 296 314.357151318
3 120 298 318.296510554
4 121 303 330.526897213
3 122 305 331.357151318
4 123 306 336.506462554
5 124 309 337.612622214
4 125 310 339.990784644
5 126 316 350.481918227
4 127 318 350.506462554
3 128 321 356.506462554
2 129 322 359.526897213
1 130 323 367.481918227
2 131 324 367.721933281
3 132 326 375.68763569
4 133 328 378.902239468
3 134 336 392.68763569
2 135 337 396.721933281
3 136 338 397.758750056
2 137 340 398.902239468
3 138 343 403.598483425
2 139 347 405.758750056
1 140 348 414.598483425
2 141 349 424.005238692
3 142 351 431.55610896
4 143 355 435.486250175
5 144 357 441.316394399
4 145 359 444.005238692
3 146 366 451.55610896
2 147 367 452.316394399
3 148 368 455.733322596
2 149 370 458.486250175
3 150 373 464.583104029
4 151 376 465.512391056
3 152 380 469.733322596
4 153 381 473.201237232
3 154 383 475.583104029
4 155 384 477.081062988
5 156 386 477.879733503
4 157 390 481.583104029
3 158 391 485.081062988
4 159 392 485.231366427
5 160 395 485.775264501
6 161 398 489.927573339
7 162 407 494.379227084
6 163 409 496.231366427
5 164 410 497.879733503
4 165 411 497.879733503
3 166 412 500.927573339
4 167 413 501.252256323
3 168 415 502.201237232
4 169 418 508.934992494
5 170 422 514.629631679
6 171 424 514.975922637
5 172 428 517.379227084
4 173 429 518.252256323
3 174 432 519.934992494
4 175 433 521.224416078
5 176 435 521.409051649
4 177 439 522.975922637
3 178 444 532.224416078
2 179 445 532.409051649
3 180 446 533.528204182
2 181 450 534.629631679
3 182 451 535.379579342
2 183 453 538.528204182
3 184 454 545.249494002
2 185 460 552.379579342
3 186 461 553.02134449
4 187 463 553.879217001
3 188 469 562.249494002
2 189 470 564.02134449
1 190 471 564.879217001
2 191 472 569.70039657
3 192 474 571.646080387
2 193 478 580.70039657
1 194 481 585.646080387
2 195 482 595.321464557
3 196 484 597.352830455
4 197 486 605.651190425
5 198 491 608.200710779
6 199 494 611.390342189
7 200 496 612.073660006
8 201 501 618.148778004
7 202 503 618.321464557
6 203 504 619.651190425
5 204 505 620.352830455
6 205 510 625.072898891
5 206 514 625.651190425
4 207 515 628.390342189
5 208 516 629.131543148
6 209 518 630.389438882
5 210 522 635.073660006
4 211 525 638.321464557
3 212 528 643.131543148
2 213 529 645.072898891
3 214 530 648.177821514
4 215 532 652.390184948
3 216 534 653.389438882
4 217 535 653.749430521
5 218 538 654.177725916
4 219 541 659.177821514
5 220 542 663.812316987
4 221 549 673.749430521
3 222 552 678.390184948
2 223 553 683.812316987
1 224 554 685.749430521
2 225 555 689.318544422
3 226 557 695.452084896
4 227 561 701.124358085
5 228 563 701.320011132
4 229 565 703.318544422
5 230 570 709.39244857
6 231 574 711.571948202
5 232 576 712.124358085
6 233 577 712.326348997
5 234 579 712.452084896
4 235 582 717.39244857
5 236 587 722.119087491
6 237 589 722.503829518
5 238 591 722.571948202
4 239 592 723.326348997
3 240 593 724.320011132
2 241 598 736.119087491
3 242 599 741.386194559
2 243 601 742.503829518
3 244 602 745.536112614
4 245 605 747.533886008
5 246 606 750.178511786
6 247 609 752.490495311
5 248 616 755.386194559
4 249 617 758.178511786
3 250 620 761.386194559
4 251 621 763.257223702
3 252 623 764.386194559
4 253 624 765.732641243
3 254 626 768.536112614
4 255 627 772.199151101
3 256 633 779.732641243
4 257 636 782.356299808
5 258 638 785.222504798
4 259 644 792.199151101
3 260 645 792.257223702
2 261 646 793.222504798
3 262 647 793.856766152
2 263 649 796.356299808
3 264 650 798.313383581
4 265 652 798.63063879
5 266 656 800.915189146
4 267 660 804.856766152
3 268 665 814.915189146
2 269 666 818.313383581
1 270 667 821.63063879
2 271 668 823.57190691
3 272 672 831.18693328
4 273 675 833.961224875
3 274 676 834.57190691
4 275 677 837.079327283
5 276 679 837.30454765
6 277 684 843.066044711
7 278 688 846.279586642
8 279 690 848.587160175
7 280 694 851.18693328
6 281 695 851.18693328
5 282 698 854.30454765
4 283 701 857.066044711
3 284 704 860.079327283
2 285 705 865.18693328
1 286 706 866.279586642
2 287 707 870.641044373
3 288 711 885.483155041
2 289 713 887.641044373
3 290 716 900.76820694
4 291 719 902.522068341
3 292 723 905.483155041
2 293 724 908.76820694
1 294 725 911.76820694
2 295 726 915.594672179
3 296 728 920.400364919
4 297 734 930.267743322
3 298 736 931.400364919
4 299 737 932.001102292
5 300 739 933.596004781
6 301 741 935.754714839
5 302 745 938.594672179
6 303 746 938.945142275
7 304 748 941.702434767
8 305 750 942.805037732
7 306 752 943.001102292
8 307 753 945.07469572
9 308 762 948.195941801
8 309 766 950.267743322
7 310 769 950.596004781
6 311 770 952.754714839
5 312 771 955.945142275
4 313 772 957.001102292
3 314 773 958.754714839
2 315 778 973.596004781
3 316 779 975.654575124
2 317 781 979.267743322
1 318 784 986.654575124
2 319 785 1006.57672536
3 320 787 1012.9717757
4 321 790 1013.91607566
5 322 791 1017.66562308
6 323 793 1018.94938536
7 324 802 1025.18208713
6 325 806 1026.57672536
5 326 807 1026.9717757
4 327 808 1026.9717757
3 328 809 1028.66562308
4 329 811 1028.83049453
5 330 815 1029.53494719
6 331 817 1032.92572142
5 332 819 1035.94938536
4 333 820 1035.94938536
3 334 823 1039.18208713
2 335 824 1040.53494719
3 336 828 1047.60932959
2 337 829 1049.92572142
1 338 832 1064.60932959
2 339 833 1079.19235865
3 340 835 1081.0622001
2 341 841 1093.19235865
3 342 842 1094.30087124
2 343 844 1095.0622001
1 344 847 1111.30087124
2 345 848 1122.76392995
1 346 852 1133.76392995
2 347 854 1134.76967035
3 348 855 1136.53218359
4 349 861 1141.90879042
3 350 863 1150.53218359
4 351 864 1153.51943019
5 352 867 1154.24261415
4 353 868 1154.76967035
5 354 871 1161.01641035
4 355 876 1170.90879042
5 356 879 1171.09393604
6 357 881 1172.81534649
7 358 883 1173.1636929
6 359 885 1175.01641035
5 360 886 1176.51943019
6 361 889 1177.83624103
7 362 893 1178.71464258
8 363 894 1179.76075546
7 364 896 1182.51943019
8 365 901 1185.50564267
7 366 903 1186.81534649
6 367 905 1188.09393604
5 368 906 1190.1636929
6 369 911 1194.18806262
5 370 913 1194.81534649
4 371 914 1194.83624103
3 372 915 1199.51943019
4 373 918 1201.50034537
5 374 920 1201.7255381
6 375 924 1206.50199024
5 376 926 1211.09393604
4 377 929 1214.18806262
5 378 934 1221.37481829
4 379 936 1221.7255381
5 380 937 1223.64487382
6 381 939 1224.22597549
7 382 941 1226.3552341
6 383 942 1229.50199024
5 384 946 1233.50034537
6 385 952 1235.16215385
7 386 953 1237.94833071
8 387 955 1238.3661187
9 388 956 1238.48438171
10 389 957 1238.90424849
9 390 962 1241.37481829
8 391 965 1243.50199024
7 392 968 1243.50199024
6 393 969 1244.22597549
5 394 970 1246.64487382
4 395 976 1251.50199024
5 396 977 1255.51264781
4 397 979 1257.50199024
3 398 980 1258.37481829
2 399 981 1260.94833071
3 400 984 1273.33184433
2 401 988 1287.51264781
3 402 989 1288.01299938
4 403 991 1290.43434118
5 404 995 1294.97109916
4 405 997 1296.33184433
3 406 1002 1305.01299938
4 407 1003 1305.73038569
3 408 1005 1307.43434118
4 409 1006 1311.29241472
3 410 1008 1314.97109916
4 411 1009 1315.23893864
5 412 1013 1318.79416403
6 413 1019 1324.19165255
7 414 1021 1326.25543247
6 415 1023 1328.73038569
5 416 1024 1329.23893864
4 417 1025 1331.29241472
5 418 1026 1332.5633538
6 419 1030 1336.36032803
5 420 1036 1341.19165255
4 421 1037 1341.79416403
3 422 1042 1349.5633538
2 423 1043 1351.73038569
3 424 1044 1352.97397061
4 425 1046 1353.19392629
3 426 1048 1356.36032803
4 427 1051 1364.03906065
3 428 1053 1366.97397061
4 429 1056 1368.85248796
5 430 1058 1370.64864815
6 431 1064 1372.75508335
5 432 1066 1375.03906065
4 433 1071 1384.64864815
3 434 1072 1385.19392629
2 435 1073 1391.85248796
1 436 1074 1401.75508335
2 437 1076 1407.96443057
3 438 1078 1409.94507594
4 439 1081 1413.33813192
5 440 1088 1416.10457238
4 441 1089 1417.94507594
5 442 1090 1418.96265083
4 443 1092 1418.96443057
5 444 1096 1422.68253033
4 445 1100 1424.33813192
5 446 1101 1428.09041311
4 447 1103 1429.96265083
3 448 1104 1430.33813192
2 449 1109 1442.09041311
1 450 1110 1442.68253033
2 451 1111 1443.97083537
3 452 1113 1445.49035467
4 453 1117 1448.8239292
5 454 1119 1448.94159369
6 455 1121 1454.84311878
5 456 1124 1457.97083537
6 457 1128 1459.35469022
5 458 1130 1459.49035467
6 459 1135 1466.17091795
5 460 1136 1468.8239292
6 461 1138 1469.41172311
5 462 1139 1470.49035467
4 463 1143 1471.94159369
5 464 1144 1474.60694267
6 465 1146 1475.26726116
7 466 1151 1478.76410689
8 467 1154 1478.98478066
7 468 1156 1482.8239292
6 469 1157 1483.97083537
7 470 1160 1484.25923059
8 471 1161 1484.83614152
7 472 1162 1487.49035467
6 473 1165 1488.60694267
7 474 1168 1491.49933703
6 475 1175 1496.8239292
5 476 1176 1499.60694267
4 477 1181 1503.97083537
3 478 1183 1506.97083537
2 479 1184 1510.49035467
1 480 1186 1510.8239292
2 481 1189 1524.3259946
3 482 1193 1534.55729727
2 483 1197 1541.3259946
1 484 1198 1548.55729727
2 485 1199 1558.06714796
1 486 1203 1569.06714796
2 487 1204 1586.71516215
3 488 1206 1589.83802319
4 489 1210 1594.83401589
5 490 1211 1599.33306422
6 491 1214 1605.51524732
5 492 1216 1606.71516215
6 493 1217 1607.38278081
5 494 1219 1609.83802319
6 495 1220 1611.77620724
7 496 1221 1612.89786646
6 497 1225 1617.71516215
7 498 1228 1623.00968546
8 499 1229 1625.34049513
9 500 1230 1626.80411194
10 501 1233 1627.87478546
11 502 1234 1629.23369574
10 503 1236 1631.71516215
11 504 1237 1632.38544742
10 505 1240 1635.83802319
11 506 1246 1647.82225409
10 507 1248 1648.71516215
11 508 1249 1655.41522472
10 509 1252 1655.83802319
9 510 1253 1655.83802319
10 511 1255 1660.83091526
11 512 1256 1667.66215961
10 513 1258 1668.71516215
9 514 1261 1688.71516215
10 515 1265 1697.12416222
11 516 1266 1697.82801619
12 517 1267 1698.13763081
11 518 1268 1708.71516215
12 519 1270 1741.41513664
13 520 1271 1749.10889661
14 521 1272 1752.00062521
15 522 1273 1755.27558463
16 523 1274 1756.97636823
17 524 1275 1780.46923249
18 525 1276 1788.74443997
19 526 1277 1792.82674088
20 527 1278 1797.4021238
21 528 1279 1811.91839795
22 529 1280 1816.51851966
23 530 1281 1817.81695592
24 531 1282 1840.02007047
25 532 1283 1847.250714
26 533 1284 1860.10230529
27 534 1285 1863.62693162
28 535 1286 1866.00026617
29 536 1287 1868.28475905
30 537 1288 1881.62720617
31 538 1293 1892.31508977
32 539 1294 1895.97097304
31 540 1298 1910.75508335
30 541 1301 1919.75508335
31 542 1302 1920.09210505
30 543 1308 1930.75508335
31 544 1309 1932.70440418
30 545 1313 1936.75508335
29 546 1318 1938.75508335
30 547 1319 1939.72642364
31 548 1320 1941.1432721
30 549 1326 1944.75508335
31 550 1327 1946.07907715
30 551 1328 1946.75508335
29 552 1329 1949.75508335
28 553 1330 1949.75508335
29 554 1331 1951.25976056
28 555 1334 1952.75508335
29 556 1335 1953.4917195
28 557 1339 1963.75508335
29 558 1340 1963.87327646
28 559 1345 1969.75508335
29 560 1351 1980.36358253
28 561 1352 1980.75508335
27 562 1353 1980.75508335
26 563 1357 1983.75508335
25 564 1358 1986.75508335
26 565 1363 1994.23097421
25 566 1364 1994.75508335
26 567 1365 2002.00080316
25 568 1370 2003.75508335
26 569 1371 2007.06242785
27 570 1372 2008.68278004
26 571 1377 2009.75508335
27 572 1383 2013.28945415
28 573 1389 2017.22950714
29 574 1393 2020.65937637
28 575 1399 2023.75508335
27 576 1400 2023.75508335
26 577 1404 2025.97083537
25 578 1405 2025.97083537
24 579 1407 2026.75508335
23 580 1408 2026.75508335
22 581 1410 2029.49035467
21 582 1411 2029.49035467
20 583 1412 2029.49035467
19 584 1413 2032.49035467
20 585 1414 2032.84375644
19 586 1426 2042.97083537
18 587 1427 2042.97083537
17 588 1428 2042.97083537
16 589 1431 2046.49035467
17 590 1433 2049.80360757
16 591 1438 2052.75508335
15 592 1446 2057.49035467
14 593 1448 2060.49035467
13 594 1449 2062.97083537
12 595 1453 2062.97083537
11 596 1456 2065.97083537
10 597 1458 2066.75508335
11 598 1459 2068.47239495
10 599 1460 2068.49035467
9 600 1462 2068.97083537
8 601 1467 2076.49035467
7 602 1470 2080.75508335
6 603 1477 2085.97083537
5 604 1478 2088.97083537
6 605 1480 2089.45152643
7 606 1481 2090.35531447
6 607 1482 2091.97083537
5 608 1484 2093.49035467
4 609 1491 2100.75508335
3 610 1492 2100.75508335
2 611 1493 2101.49035467
3 612 1496 2105.53071177
2 613 1500 2117.97083537
3 614 1501 2121.08388352
2 615 1503 2122.53071177
3 616 1506 2126.82188816
2 617 1508 2129.08388352
3 618 1509 2130.22227515
4 619 1511 2133.8120557
5 620 1517 2137.36015856
6 621 1518 2137.61730411
5 622 1522 2144.22227515
4 623 1523 2146.82188816
5 624 1525 2149.48467474
4 625 1527 2153.8120557
5 626 1533 2159.87239822
4 627 1537 2161.22227515
5 628 1538 2161.35123023
4 629 1540 2166.82188816
5 630 1541 2171.82372827
6 631 1543 2172.03905508
5 632 1546 2173.8120557
4 633 1548 2173.8120557
5 634 1551 2177.56104181
6 635 1554 2182.49492111
5 636 1555 2182.82372827
6 637 1558 2184.20859161
7 638 1559 2184.38094512
6 639 1565 2193.35123023
5 640 1566 2193.8120557
6 641 1567 2196.51261065
7 642 1569 2199.71097459
6 643 1573 2202.82372827
5 644 1575 2202.82372827
6 645 1576 2207.69739079
7 646 1577 2209.03865455
6 647 1581 2210.35123023
7 648 1582 2210.42977666
8 649 1583 2211.81585316
7 650 1586 2213.35123023
6 651 1588 2216.51261065
5 652 1592 2222.82372827
6 653 1597 2227.18485969
5 654 1598 2227.35123023
4 655 1601 2227.82372827
3 656 1602 2230.51261065
4 657 1605 2233.46192051
5 658 1607 2234.69202474
6 659 1610 2234.88206793
7 660 1611 2235.06652301
6 661 1615 2238.35123023
7 662 1616 2238.44105412
8 663 1617 2240.78039721
7 664 1619 2241.82372827
8 665 1622 2243.20137578
7 666 1624 2247.46192051
6 667 1629 2252.35123023
5 668 1632 2255.82372827
6 669 1633 2256.23612824
5 670 1634 2258.46192051
4 671 1644 2275.35123023
3 672 1645 2275.82372827
2 673 1646 2278.46192051
1 674 1647 2278.46192051
2 675 1648 2282.46709813
3 676 1652 2296.82547883
4 677 1655 2302.65427257
3 678 1659 2305.46709813
4 679 1660 2306.83923984
3 680 1662 2310.82547883
2 681 1663 2310.82547883
3 682 1664 2310.96545348
4 683 1666 2312.41058215
3 684 1674 2321.96545348
4 685 1675 2323.88399342
3 686 1677 2326.41058215
2 687 1678 2329.83923984
3 688 1679 2330.46192253
4 689 1681 2333.52869717
3 690 1689 2343.88399342
4 691 1690 2347.61156372
3 692 1694 2356.52869717
4 693 1695 2359.22857783
3 694 1697 2362.46192253
2 695 1698 2364.61156372
1 696 1701 2376.22857783
2 697 1702 2376.80716232
3 698 1707 2391.23075413
2 699 1709 2396.80716232
3 700 1710 2398.77718441
2 701 1716 2405.23075413
1 702 1717 2406.77718441
2 703 1718 2410.80466012
3 704 1720 2413.21825865
2 705 1726 2424.80466012
1 706 1727 2430.21825865
2 707 1728 2433.46367536
3 708 1730 2434.911551
4 709 1732 2438.03193985
5 710 1740 2444.76153205
6 711 1742 2447.13724636
5 712 1744 2448.911551
6 713 1745 2451.48228061
5 714 1747 2453.46367536
4 715 1752 2455.03193985
3 716 1755 2467.46367536
4 717 1756 2468.09443007
3 718 1758 2470.76153205
2 719 1759 2474.911551
3 720 1760 2476.58726681
4 721 1766 2483.86842922
3 722 1768 2490.58726681
2 723 1769 2491.09443007
3 724 1770 2493.47156192
4 725 1776 2494.96215771
5 726 1778 2498.78284498
4 727 1780 2500.86842922
5 728 1781 2505.0444472
4 729 1788 2513.47156192
3 730 1791 2517.96215771
2 731 1792 2519.0444472
1 732 1793 2524.78284498
2 733 1794 2525.82134959
3 734 1798 2532.62313366
4 735 1800 2534.72788008
3 736 1802 2539.82134959
4 737 1807 2550.21617727
3 738 1809 2551.72788008
4 739 1810 2555.22861425
5 740 1813 2555.46742995
4 741 1814 2558.62313366
5 742 1819 2560.38532206
4 743 1825 2569.46742995
3 744 1826 2570.21617727
2 745 1827 2571.38532206
1 746 1828 2572.22861425
2 747 1829 2612.34163161
3 748 1833 2622.93534266
4 749 1835 2624.09121109
5 750 1837 2625.419648
4 751 1839 2632.34163161
3 752 1844 2636.93534266
4 753 1845 2637.04180419
3 754 1847 2638.09121109
4 755 1850 2638.57478298
5 756 1852 2640.74927068
6 757 1855 2640.89729779
7 758 1859 2642.87119694
6 759 1860 2645.04180419
7 760 1864 2653.62589057
6 761 1870 2654.419648
7 762 1871 2655.55968181
6 763 1873 2655.57478298
5 764 1874 2657.74927068
4 765 1875 2660.74927068
5 766 1877 2662.35385305
4 767 1881 2663.74927068
5 768 1882 2665.20142293
6 769 1884 2666.74552641
5 770 1886 2669.74927068
6 771 1887 2670.84719446
5 772 1889 2672.55968181
4 773 1896 2678.55968181
3 774 1897 2680.74552641
2 775 1898 2681.84719446
3 776 1899 2684.65279505
4 777 1901 2684.87067493
3 778 1903 2685.20142293
2 779 1908 2692.87067493
3 780 1909 2694.4906766
4 781 1911 2696.69123881
5 782 1913 2698.27354718
6 783 1916 2701.17957826
5 784 1920 2704.65279505
6 785 1923 2708.47328231
5 786 1925 2708.4906766
6 787 1928 2711.50256531
5 788 1930 2712.27354718
6 789 1933 2713.03897381
7 790 1935 2713.89016112
6 791 1937 2714.4906766
7 792 1938 2714.93119583
6 793 1940 2716.69123881
7 794 1945 2722.45074223
6 795 1947 2724.89016112
5 796 1948 2725.47328231
4 797 1953 2727.69123881
3 798 1954 2730.03897381
4 799 1957 2739.81263936
3 800 1959 2740.50256531
2 801 1962 2750.89016112
3 802 1964 2750.98949622
4 803 1966 2754.3249083
3 804 1968 2756.81263936
4 805 1974 2765.80270908
3 806 1976 2770.98949622
4 807 1977 2772.13503211
5 808 1981 2774.19659855
4 809 1983 2776.80270908
3 810 1984 2777.3249083
4 811 1987 2779.23721834
5 812 1989 2782.912693
4 813 1993 2786.13503211
5 814 1994 2786.43492471
4 815 1998 2790.23721834
5 816 2001 2795.66976484
4 817 2005 2802.912693
5 818 2006 2803.10889781
4 819 2008 2803.19659855
3 820 2011 2806.43492471
4 821 2014 2816.55458999
3 822 2016 2820.10889781
2 823 2017 2821.66976484
3 824 2020 2830.7124439
2 825 2022 2836.55458999
3 826 2025 2838.47054686
4 827 2027 2840.84141776
3 828 2031 2847.7124439
2 829 2032 2849.47054686
1 830 2035 2854.84141776
2 831 2036 2861.11450519
3 832 2038 2866.7536336
4 833 2042 2868.98006614
3 834 2046 2875.11450519
2 835 2049 2877.7536336
3 836 2050 2881.61192585
4 837 2052 2882.37442786
3 838 2054 2885.98006614
2 839 2059 2896.37442786
3 840 2060 2898.89410433
4 841 2062 2899.95718173
3 842 2064 2901.61192585
2 843 2069 2910.95718173
1 844 2070 2912.89410433
2 845 2071 2918.12799353
3 846 2073 2918.25526897
4 847 2075 2920.25467428
5 848 2077 2923.2863849
6 849 2079 2923.83712208
7 850 2083 2925.96528642
8 851 2089 2934.82656492
7 852 2091 2935.25526897
6 853 2093 2937.25467428
5 854 2094 2938.12799353
4 855 2097 2944.12799353
5 856 2100 2946.33724349
6 857 2104 2950.28768068
5 858 2106 2957.25467428
4 859 2107 2958.25526897
3 860 2108 2958.2863849
4 861 2111 2963.31719337
5 862 2113 2964.02919029
6 863 2116 2967.72089126
5 864 2117 2969.33724349
4 865 2125 2980.31719337
3 866 2126 2981.02919029
4 867 2127 2983.00805288
3 868 2129 2986.25467428
2 869 2132 2989.31719337
3 870 2133 2992.87849379
2 871 2135 2994.00805288
1 872 2138 3009.87849379
2 873 2139 3023.13993971
3 874 2141 3026.24698786
4 875 2145 3032.51235792
3 876 2149 3037.13993971
4 877 2150 3039.86240765
3 878 2152 3040.24698786
4 879 2153 3049.20979806
5 880 2157 3050.90620776
6 881 2161 3054.97366512
7 882 2163 3056.69400726
6 883 2165 3056.86240765
5 884 2173 3066.20979806
4 885 2174 3067.51235792
3 886 2176 3067.90620776
2 887 2177 3067.90620776
1 888 2179 3073.86240765
2 889 2180 3082.2132499
3 890 2183 3084.83985375
2 891 2187 3090.2132499
3 892 2188 3095.18465508
4 893 2190 3097.3965012
5 894 2192 3103.12356115
4 895 2196 3105.2132499
5 896 2201 3111.87052158
4 897 2202 3114.3965012
3 898 2204 3118.18465508
2 899 2205 3120.12356115
3 900 2206 3121.33549427
4 901 2212 3128.89051832
3 902 2214 3132.33549427
2 903 2215 3137.3965012
3 904 2216 3140.33537421
4 905 2221 3147.84108024
5 906 2225 3154.17836345
6 907 2227 3154.87450043
5 908 2229 3154.89051832
6 909 2232 3161.13940137
7 910 2235 3162.6696689
6 911 2236 3163.33537421
5 912 2237 3165.89051832
4 913 2240 3166.33537421
3 914 2241 3168.17836345
4 915 2244 3176.12573741
5 916 2246 3179.27633396
6 917 2247 3179.9058254
7 918 2248 3181.17874489
8 919 2249 3182.11805956
7 920 2251 3182.89051832
8 921 2256 3187.66276591
9 922 2259 3191.98540075
8 923 2261 3192.33537421
7 924 2263 3193.89051832
6 925 2265 3196.12573741
7 926 2266 3196.49824072
8 927 2267 3198.52593254
7 928 2274 3210.12573741
6 929 2277 3213.89051832
7 930 2278 3214.11228875
6 931 2279 3215.33537421
7 932 2283 3222.75131272
6 933 2287 3227.12573741
7 934 2291 3232.82347302
6 935 2295 3233.89051832
7 936 2296 3234.61436299
6 937 2297 3235.12573741
7 938 2299 3235.73687461
8 939 2306 3241.66894882
9 940 2307 3242.97768349
8 941 2310 3243.89016112
9 942 2311 3244.72617143
8 943 2313 3246.12573741
7 944 2315 3247.89051832
8 945 2317 3249.09232413
9 946 2322 3254.74015286
8 947 2328 3261.89051832
9 948 2330 3262.43726523
10 949 2331 3262.55283259
9 950 2333 3263.12573741
8 951 2334 3263.89016112
9 952 2335 3266.15259062
10 953 2336 3266.47616833
9 954 2338 3266.89016112
8 955 2339 3266.89016112
9 956 2340 3269.99252434
10 957 2341 3270.20529644
11 958 2343 3273.13701761
12 959 2347 3276.00581079
11 960 2350 3277.89016112
10 961 2355 3283.12573741
9 962 2358 3283.89016112
8 963 2359 3284.89051832
7 964 2366 3287.89051832
6 965 2368 3291.12573741
5 966 2369 3294.89016112
6 967 2374 3296.98060461
5 968 2375 3299.12573741
4 969 2378 3301.89051832
3 970 2379 3303.89016112
4 971 2381 3304.03203429
5 972 2382 3304.03811934
6 973 2384 3306.03256476
7 974 2385 3306.95606548
8 975 2386 3307.2434568
9 976 2392 3314.88361482
8 977 2394 3315.03203429
7 978 2396 3316.12573741
8 979 2399 3319.98131956
7 980 2404 3322.12573741
6 981 2406 3324.03811934
7 982 2409 3326.46398256
8 983 2410 3327.93432049
7 984 2413 3330.12573741
6 985 2414 3335.03203429
5 986 2417 3335.03811934
6 987 2418 3335.83215377
7 988 2420 3337.91689551
8 989 2421 3339.34926539
7 990 2427 3344.12573741
6 991 2433 3346.83215377
5 992 2434 3349.03203429
4 993 2435 3352.03203429
3 994 2438 3356.12573741
2 995 2439 3361.12573741
1 996 2442 3378.83215377
2 997 2443 3386.0032748
3 998 2445 3386.71550795
2 999 2451 3400.0032748
1 1000 2452 3403.71550795
2 1001 2453 3407.71288563
3 1002 2455 3408.58492382
4 1003 2457 3409.57016119
5 1004 2459 3412.44307915
6 1005 2462 3420.45104532
7 1006 2467 3426.07191066
6 1007 2469 3427.71288563
7 1008 2470 3430.8602864
6 1009 2471 3432.57016119
7 1010 2475 3436.07744994
6 1011 2477 3437.58492382
7 1012 2478 3439.52559826
8 1013 2481 3441.74624385
7 1014 2483 3443.57016119
8 1015 2486 3445.52879363
7 1016 2488 3447.71288563
8 1017 2489 3448.55937438
9 1018 2492 3450.72364998
10 1019 2495 3455.23941586
11 1020 2496 3455.25781597
12 1021 2497 3455.91542659
13 1022 2498 3457.84454798
12 1023 2500 3460.57016119
11 1024 2502 3460.58492382
10 1025 2506 3461.71288563
11 1026 2511 3470.86263284
10 1027 2513 3471.57016119
9 1028 2518 3478.71288563
8 1029 2519 3480.58492382
7 1030 2522 3488.57016119
6 1031 2531 3497.58492382
5 1032 2532 3499.57016119
4 1033 2536 3501.71288563
3 1034 2537 3504.71288563
4 1035 2540 3510.04486082
3 1036 2542 3511.58492382
2 1037 2543 3513.57016119
3 1038 2544 3514.75870179
4 1039 2548 3519.90965247
5 1040 2554 3530.1985599
4 1041 2555 3531.75870179
5 1042 2557 3531.8418782
4 1043 2558 3536.04486082
3 1044 2560 3536.90965247
4 1045 2563 3538.9611312
5 1046 2566 3539.60971257
4 1047 2569 3544.04486082
5 1048 2574 3547.76398743
6 1049 2576 3551.61147869
5 1050 2578 3551.75870179
4 1051 2580 3555.9611312
5 1052 2581 3556.9102738
4 1053 2583 3557.75870179
3 1054 2591 3564.9102738
4 1055 2592 3568.59754321
3 1056 2594 3568.61147869
2 1057 2595 3570.76398743
3 1058 2598 3583.24601114
4 1059 2600 3584.06718124
3 1060 2602 3585.59754321
4 1061 2605 3591.70487047
3 1062 2611 3594.24601114
4 1063 2613 3597.09026095
3 1064 2615 3604.06718124
4 1065 2616 3604.99564719
5 1066 2617 3605.65061485
4 1067 2618 3605.70487047
5 1068 2620 3607.47978316
6 1069 2626 3611.41195705
7 1070 2627 3615.02532088
6 1071 2629 3619.70487047
5 1072 2632 3621.06718124
4 1073 2638 3629.06718124
3 1074 2640 3630.70487047
2 1075 2641 3635.06718124
3 1076 2644 3638.63208252
4 1077 2646 3640.20706464
3 1078 2648 3647.70487047
4 1079 2651 3652.15090524
5 1080 2652 3653.95209793
4 1081 2654 3655.63208252
3 1082 2657 3667.70487047
4 1083 2661 3671.00707737
3 1084 2665 3678.63208252
4 1085 2666 3681.40518266
3 1086 2668 3681.70487047
2 1087 2671 3686.63208252
3 1088 2674 3689.91202786
4 1089 2678 3695.18354963
3 1090 2680 3697.91202786
2 1091 2681 3698.70487047
3 1092 2682 3704.18081072
4 1093 2686 3714.73899702
3 1094 2690 3720.91202786
2 1095 2691 3724.18081072
3 1096 2692 3724.75070337
4 1097 2695 3727.70081162
5 1098 2697 3728.29868667
4 1099 2705 3737.91202786
3 1100 2706 3738.70081162
4 1101 2708 3739.23774975
3 1102 2712 3750.75070337
4 1103 2713 3753.30680153
3 1104 2715 3754.91202786
2 1105 2716 3757.91202786
3 1106 2717 3759.17534798
4 1107 2719 3760.03155713
5 1108 2721 3761.81909632
4 1109 2726 3770.30680153
5 1110 2728 3770.31719866
4 1111 2731 3773.17534798
5 1112 2733 3773.51606423
6 1113 2736 3777.8594948
5 1114 2740 3781.30680153
4 1115 2742 3783.03155713
5 1116 2747 3789.0828371
6 1117 2748 3791.54154834
5 1118 2750 3793.17534798
6 1119 2751 3798.02858567
5 1120 2753 3798.30680153
4 1121 2754 3800.03155713
5 1122 2756 3801.0767816
6 1123 2757 3803.95342004
5 1124 2763 3809.30680153
4 1125 2767 3810.17534798
5 1126 2768 3813.92098537
6 1127 2769 3817.63734521
5 1128 2773 3820.03155713
6 1129 2774 3822.08396612
7 1130 2775 3823.11531544
6 1131 2779 3826.30680153
5 1132 2781 3827.17534798
6 1133 2784 3836.28550311
7 1134 2785 3836.61183429
6 1135 2791 3843.03155713
5 1136 2793 3844.17534798
4 1137 2797 3855.30680153
3 1138 2802 3863.03155713
2 1139 2803 3863.30680153
3 1140 2804 3866.48720343
2 1141 2806 3867.17534798
3 1142 2807 3870.85488939
4 1143 2809 3876.57013933
5 1144 2811 3877.39563372
6 1145 2816 3879.53454404
7 1146 2817 3882.30326874
8 1147 2818 3883.30091693
9 1148 2821 3884.78831736
10 1149 2822 3884.89867754
9 1150 2824 3887.57013933
10 1151 2825 3890.5812682
9 1152 2828 3890.85488939
10 1153 2829 3891.43737258
11 1154 2830 3891.45668775
10 1155 2835 3892.48720343
11 1156 2836 3894.68614521
10 1157 2841 3895.57013933
9 1158 2845 3901.85488939
8 1159 2846 3903.48720343
7 1160 2848 3904.85488939
6 1161 2850 3906.48720343
5 1162 2858 3918.57013933
4 1163 2859 3918.85488939
5 1164 2861 3919.54939281
4 1165 2865 3926.48720343
3 1166 2868 3932.57013933
2 1167 2869 3932.85488939
1 1168 2872 3937.48720343
2 1169 2873 3950.20810447
1 1170 2877 3967.20810447
2 1171 2878 3969.34871565
3 1172 2882 3972.84239002
4 1173 2884 3975.33528349
3 1174 2886 3980.34871565
2 1175 2891 3989.33528349
3 1176 2892 3989.35090399
4 1177 2894 3990.07460257
3 1178 2900 3995.07460257
4 1179 2901 4000.69088694
3 1180 2903 4003.35090399
2 1181 2904 4007.84239002
3 1182 2907 4011.11058182
4 1183 2909 4012.3832569
5 1184 2914 4018.93334753
6 1185 2915 4020.02506041
5 1186 2916 4020.69088694
6 1187 2918 4020.70006763
5 1188 2922 4029.3832569
6 1189 2924 4030.22312587
7 1190 2925 4030.23113118
8 1191 2928 4030.71287402
9 1192 2929 4030.93904591
8 1193 2930 4034.11058182
7 1194 2934 4037.69088694
6 1195 2938 4040.11058182
7 1196 2940 4045.40981822
8 1197 2943 4048.56415099
7 1198 2945 4049.3832569
6 1199 2951 4053.75870179
5 1200 2953 4057.69088694
4 1201 2958 4060.11058182
3 1202 2959 4066.3832569
2 1203 2960 4066.69088694
1 1204 2961 4067.75870179
2 1205 2962 4067.92171443
3 1206 2964 4069.1891869
2 1207 2968 4080.1891869
3 1208 2971 4080.9289316
2 1209 2974 4087.92171443
3 1210 2976 4091.76859895
4 1211 2983 4102.34683852
5 1212 2985 4103.55069204
6 1213 2987 4104.37198219
5 1214 2989 4109.9289316
4 1215 2994 4114.76859895
3 1216 2995 4116.34683852
2 1217 2998 4123.55069204
1 1218 2999 4123.9289316
2 1219 3000 4123.99662512
3 1220 3004 4132.15466285
4 1221 3006 4133.91490288
5 1222 3008 4135.14453265
6 1223 3010 4135.39974311
7 1224 3012 4136.55016358
6 1225 3015 4140.99662512
7 1226 3020 4144.06917581
8 1227 3023 4148.5657425
7 1228 3025 4150.91490288
8 1229 3026 4152.22988715
7 1230 3030 4155.14453265
6 1231 3031 4155.14453265
5 1232 3034 4160.99662512
4 1233 3036 4161.15466285
3 1234 3039 4164.91490288
4 1235 3042 4176.6593044
3 1236 3044 4177.99662512
2 1237 3045 4178.14453265
3 1238 3046 4181.24923233
4 1239 3049 4183.60671677
5 1240 3052 4186.55148038
6 1241 3054 4190.55703784
7 1242 3056 4192.20774217
8 1243 3058 4193.25251728
7 1244 3060 4193.6593044
6 1245 3069 4198.24923233
5 1246 3070 4200.55148038
6 1247 3073 4201.42615564
5 1248 3075 4203.55148038
4 1249 3076 4204.55703784
3 1250 3077 4204.6593044
2 1251 3078 4210.24923233
3 1252 3081 4212.16781022
4 1253 3085 4219.69136174
5 1254 3087 4221.14141608
4 1255 3089 4221.42615564
3 1256 3090 4226.16781022
4 1257 3093 4231.12689033
5 1258 3095 4236.63259136
4 1259 3103 4239.69136174
3 1260 3104 4242.12689033
4 1261 3105 4242.46892748
3 1262 3107 4244.14141608
4 1263 3108 4245.74713243
5 1264 3110 4247.38288406
4 1265 3112 4250.63259136
5 1266 3117 4257.95228364
4 1267 3121 4262.74713243
5 1268 3123 4263.90345872
4 1269 3124 4264.38288406
3 1270 3128 4268.46892748
2 1271 3129 4268.95228364
1 1272 3130 4271.95228364
2 1273 3131 4280.56078741
3 1274 3133 4281.9135268
4 1275 3139 4290.721738
3 1276 3141 4291.56078741
4 1277 3142 4292.30402027
5 1278 3144 4294.69565708
6 1279 3146 4298.84414292
5 1280 3148 4298.9135268
6 1281 3151 4301.46523761
7 1282 3156 4305.40830065
6 1283 3160 4307.721738
7 1284 3161 4311.43778873
6 1285 3163 4312.9135268
7 1286 3164 4313.46974493
6 1287 3166 4314.69565708
5 1288 3169 4315.30402027
4 1289 3173 4321.721738
3 1290 3176 4323.30402027
4 1291 3177 4324.37646769
3 1292 3183 4335.37646769
2 1293 3184 4335.9135268
1 1294 3185 4337.69565708
2 1295 3186 4353.48897888
3 1296 3188 4353.62954642
2 1297 3194 4370.62954642
3 1298 3195 4372.64798819
2 1299 3197 4373.48897888
3 1300 3200 4379.45531787
4 1301 3202 4381.92187367
5 1302 3205 4383.8124122
6 1303 3206 4384.34364813
7 1304 3208 4385.41477368
8 1305 3209 4386.50352992
7 1306 3211 4386.64798819
6 1307 3219 4396.45531787
5 1308 3221 4396.45531787
6 1309 3222 4397.05213502
5 1310 3224 4398.92187367
6 1311 3229 4407.86664566
5 1312 3231 4409.64798819
6 1313 3232 4409.83861106
5 1314 3233 4410.34364813
6 1315 3235 4411.21441921
5 1316 3238 4415.92187367
4 1317 3240 4419.45531787
3 1318 3245 4426.64798819
4 1319 3248 4429.90359287
3 1320 3250 4430.34364813
4 1321 3251 4430.63893686
3 1322 3253 4435.92187367
2 1323 3258 4449.90359287
1 1324 3259 4453.63893686
2 1325 3260 4464.72528742
3 1326 3262 4466.60512274
4 1327 3266 4477.79999397
3 1328 3270 4481.72528742
2 1329 3273 4489.60512274
3 1330 3274 4493.42187355
4 1331 3276 4496.88440103
3 1332 3278 4497.79999397
2 1333 3283 4507.42187355
3 1334 3285 4508.31947182
4 1335 3287 4510.00972796
5 1336 3289 4514.21494517
4 1337 3291 4516.88440103
5 1338 3295 4520.67609166
6 1339 3302 4527.77459164
7 1340 3303 4528.29387843
6 1341 3304 4528.31947182
5 1342 3307 4530.00972796
6 1343 3308 4532.10022255
7 1344 3311 4533.96579711
6 1345 3312 4536.88440103
5 1346 3313 4539.31947182
4 1347 3316 4539.88440103
5 1348 3318 4543.57753505
6 1349 3326 4546.41162991
7 1350 3327 4547.00657551
8 1351 3328 4547.57927877
7 1352 3329 4547.88440103
6 1353 3333 4550.31947182
5 1354 3334 4553.00972796
4 1355 3335 4553.31947182
3 1356 3339 4558.88440103
2 1357 3340 4561.88440103
3 1358 3343 4566.75875065
2 1359 3349 4576.31947182
1 1360 3350 4580.75875065
2 1361 3351 4598.07867328
3 1362 3355 4609.33793328
4 1363 3357 4610.319916
5 1364 3359 4612.70151296
4 1365 3364 4618.07867328
3 1366 3366 4621.319916
4 1367 3367 4624.3381497
3 1368 3369 4626.33793328
4 1369 3370 4630.60401749
5 1370 3374 4631.74213067
6 1371 3377 4638.74716061
7 1372 3378 4640.48925901
8 1373 3381 4641.3940575
9 1374 3382 4642.18130151
10 1375 3383 4643.69375585
9 1376 3385 4644.07867328
8 1377 3388 4644.3381497
9 1378 3392 4645.6947361
10 1379 3393 4648.0371993
9 1380 3398 4653.60401749
8 1381 3400 4655.07867328
7 1382 3401 4658.3381497
8 1383 3402 4659.60499531
9 1384 3403 4659.90486038
8 1385 3408 4661.3381497
9 1386 3409 4666.54934875
8 1387 3412 4667.60401749
9 1388 3415 4672.85348305
8 1389 3416 4673.60401749
7 1390 3421 4675.07867328
6 1391 3428 4680.07867328
5 1392 3430 4681.3381497
6 1393 3431 4681.53162175
5 1394 3433 4686.07867328
6 1395 3436 4690.16581885
5 1396 3438 4690.60401749
4 1397 3441 4693.60401749
5 1398 3442 4694.06725097
4 1399 3443 4694.07867328
5 1400 3447 4697.92531727
6 1401 3448 4702.21851437
5 1402 3449 4704.53162175
4 1403 3452 4704.60401749
5 1404 3455 4709.60320881
4 1405 3459 4717.07867328
5 1406 3460 4717.49878695
4 1407 3465 4717.60320881
5 1408 3466 4722.51064429
4 1409 3470 4724.53162175
5 1410 3471 4725.36467539
4 1411 3475 4727.53162175
3 1412 3476 4733.51064429
4 1413 3479 4736.04562569
3 1414 3481 4737.49878695
2 1415 3482 4745.36467539
3 1416 3483 4750.85918053
4 1417 3485 4751.30312033
5 1418 3489 4756.41289542
4 1419 3497 4764.85918053
3 1420 3498 4765.04562569
4 1421 3501 4765.84953129
5 1422 3503 4768.54843125
4 1423 3505 4771.30312033
3 1424 3508 4775.71664696
4 1425 3511 4775.90688012
3 1426 3515 4782.84953129
2 1427 3516 4783.90688012
1 1428 3517 4785.54843125
2 1429 3518 4786.11492852
3 1430 3520 4788.31209096
4 1431 3522 4788.78400693
5 1432 3524 4789.3121421
4 1433 3534 4797.3121421
3 1434 3535 4805.31209096
2 1435 3536 4806.11492852
3 1436 3537 4811.0002504
2 1437 3539 4811.78400693
3 1438 3540 4822.31643702
4 1439 3546 4828.88893062
5 1440 3548 4830.87864105
4 1441 3550 4831.0002504
5 1442 3551 4833.32549488
4 1443 3553 4836.31643702
3 1444 3560 4844.87864105
2 1445 3561 4853.32549488
1 1446 3562 4854.88893062
2 1447 3563 4867.82463181
3 1448 3565 4871.75831699
4 1449 3569 4876.74129931
3 1450 3571 4878.82463181
2 1451 3576 4893.74129931
1 1452 3577 4894.75831699
2 1453 3578 4908.06722731
3 1454 3582 4910.91308812
2 1455 3584 4913.06722731
3 1456 3585 4914.36516695
4 1457 3587 4915.64306151
5 1458 3589 4919.6187653
4 1459 3599 4931.36516695
3 1460 3600 4936.6187653
2 1461 3601 4936.91308812
3 1462 3603 4938.28086935
2 1463 3605 4938.64306151
3 1464 3609 4955.40339667
4 1465 3611 4955.47961023
5 1466 3613 4956.17828301
4 1467 3615 4958.28086935
5 1468 3616 4958.95900689
6 1469 3617 4959.17517507
7 1470 3622 4965.40049875
8 1471 3623 4966.22145207
7 1472 3624 4966.47961023
8 1473 3626 4967.70874134
7 1474 3630 4972.28086935
6 1475 3632 4972.40339667
7 1476 3635 4978.26134508
6 1477 3638 4983.47961023
5 1478 3646 4989.28086935
6 1479 3647 4992.35265636
5 1480 3649 4992.40339667
6 1481 3650 4995.89769079
5 1482 3655 4997.47961023
6 1483 3656 5000.59645714
5 1484 3661 5006.28086935
6 1485 3664 5011.50835959
5 1486 3665 5012.28086935
4 1487 3668 5014.47961023
5 1488 3671 5016.67109566
6 1489 3672 5021.02014475
5 1490 3674 5021.40339667
6 1491 3675 5022.35076992
7 1492 3676 5024.98220929
6 1493 3678 5026.28086935
5 1494 3684 5034.47961023
4 1495 3690 5043.28086935
3 1496 3691 5047.40339667
4 1497 3694 5051.03551977
3 1498 3696 5051.47961023
2 1499 3699 5065.03551977
3 1500 3700 5065.11738825
2 1501 3702 5069.28086935
3 1502 3703 5069.99845351
4 1503 3707 5075.15578788
5 1504 3709 5076.68889755
4 1505 3713 5079.11738825
5 1506 3715 5081.86723716
4 1507 3718 5086.99845351
5 1508 3719 5087.51217454
4 1509 3724 5089.15578788
5 1510 3726 5093.01862926
4 1511 3730 5096.11738825
5 1512 3732 5096.5844846
4 1513 3734 5098.15578788
5 1514 3735 5098.30253201
4 1515 3736 5098.51217454
5 1516 3739 5103.27988217
6 1517 3740 5105.40797352
5 1518 3744 5107.51217454
6 1519 3747 5111.55216436
7 1520 3748 5113.55325972
6 1521 3750 5115.51217454
5 1522 3752 5116.5844846
6 1523 3754 5118.32238772
5 1524 3755 5119.5844846
4 1525 3761 5132.51217454
5 1526 3762 5132.51834677
6 1527 3765 5134.06243352
5 1528 3766 5136.5844846
6 1529 3768 5137.76452987
5 1530 3770 5140.51217454
4 1531 3775 5153.5844846
5 1532 3777 5154.38001831
4 1533 3778 5157.51217454
5 1534 3780 5158.03130472
6 1535 3781 5160.31155303
7 1536 3782 5162.60459381
8 1537 3783 5163.31865673
9 1538 3784 5163.89909062
10 1539 3788 5172.82770117
9 1540 3791 5174.51217454
10 1541 3792 5178.94895125
11 1542 3793 5180.59017935
10 1543 3797 5182.51217454
11 1544 3799 5185.9544928
10 1545 3802 5194.51217454
9 1546 3805 5202.51217454
8 1547 3812 5210.51217454
7 1548 3814 5210.51217454
8 1549 3819 5215.82215295
9 1550 3820 5217.79442119
8 1551 3823 5220.15520878
7 1552 3829 5224.51217454
8 1553 3830 5227.12574607
7 1554 3831 5228.15520878
6 1555 3834 5228.15520878
7 1556 3835 5228.83552199
8 1557 3836 5232.94444692
7 1558 3843 5241.51217454
8 1559 3844 5241.88703795
7 1560 3845 5242.15520878
6 1561 3847 5248.15520878
5 1562 3848 5253.51217454
6 1563 3850 5254.17327255
7 1564 3851 5254.61953322
6 1565 3855 5268.15520878
7 1566 3860 5281.29052679
8 1567 3861 5282.65649261
7 1568 3863 5285.15520878
6 1569 3866 5288.51217454
5 1570 3872 5293.51217454
6 1571 3873 5294.05050116
7 1572 3874 5298.36046635
6 1573 3876 5302.51217454
5 1574 3878 5305.15520878
6 1575 3879 5309.22417579
5 1576 3883 5313.51217454
6 1577 3886 5318.07487407
5 1578 3889 5325.15520878
6 1579 3891 5327.18670167
7 1580 3892 5328.60948454
8 1581 3893 5334.18670643
9 1582 3894 5334.47572928
10 1583 3895 5340.62569608
11 1584 3896 5340.9479196
12 1585 3899 5342.20577468
11 1586 3902 5342.51217454
10 1587 3908 5348.15520878
9 1588 3910 5350.51217454
10 1589 3911 5354.70436169
9 1590 3912 5356.51217454
8 1591 3921 5364.51217454
9 1592 3922 5367.81109026
8 1593 3924 5371.15520878
7 1594 3929 5374.15520878
8 1595 3930 5374.77137271
7 1596 3931 5375.51217454
6 1597 3932 5381.51217454
7 1598 3935 5381.62574025
6 1599 3938 5387.51217454
5 1600 3944 5395.51217454
6 1601 3945 5395.63528053
5 1602 3949 5397.15520878
6 1603 3951 5397.28770558
5 1604 3952 5398.51217454
6 1605 3953 5402.17479943
5 1606 3955 5406.51217454
4 1607 3956 5409.51217454
5 1608 3959 5414.1338072
4 1609 3963 5420.51217454
5 1610 3964 5420.75191813
6 1611 3965 5420.86669044
7 1612 3969 5424.93647686
6 1613 3970 5426.15520878
5 1614 3975 5431.51217454
6 1615 3976 5432.5084328
7 1616 3977 5437.92775675
6 1617 3980 5440.51217454
7 1618 3983 5445.98633272
6 1619 3988 5458.15520878
7 1620 3990 5458.45493156
8 1621 3991 5459.83145652
7 1622 3993 5460.51217454
8 1623 3994 5463.28535725
7 1624 3995 5469.51217454
6 1625 4003 5475.15520878
5 1626 4004 5478.15520878
6 1627 4005 5478.94038292
7 1628 4006 5483.07344837
6 1629 4008 5483.51217454
7 1630 4012 5487.37509816
6 1631 4014 5489.15520878
5 1632 4015 5495.15520878
6 1633 4020 5499.35315256
5 1634 4022 5503.51217454
6 1635 4023 5506.08581853
7 1636 4024 5506.95718397
6 1637 4025 5512.15520878
7 1638 4029 5514.08767456
6 1639 4031 5523.51217454
7 1640 4034 5525.78196552
6 1641 4038 5532.15520878
5 1642 4041 5537.15520878
4 1643 4043 5540.51217454
5 1644 4051 5548.07903227
6 1645 4052 5549.35132023
5 1646 4054 5554.15520878
4 1647 4056 5557.51217454
5 1648 4057 5560.86517367
4 1649 4062 5563.51217454
3 1650 4064 5565.51217454
4 1651 4067 5574.74820788
3 1652 4069 5577.15520878
4 1653 4070 5581.46936163
3 1654 4071 5582.51217454
4 1655 4075 5586.68266828
3 1656 4076 5588.15520878
2 1657 4083 5608.15520878
3 1658 4085 5608.25887662
4 1659 4086 5616.2507838
5 1660 4087 5619.25896175
6 1661 4094 5623.46570162
7 1662 4095 5630.64707677
6 1663 4097 5631.15520878
7 1664 4103 5638.58299049
6 1665 4104 5639.27872808
5 1666 4106 5642.27872808
6 1667 4107 5644.27929702
5 1668 4109 5651.15520878
6 1669 4114 5656.47117066
5 1670 4116 5659.27872808
4 1671 4118 5668.15520878
5 1672 4125 5679.70765707
4 1673 4127 5682.15520878
3 1674 4129 5682.27872808
4 1675 4132 5690.87791309
5 1676 4133 5692.9672988
4 1677 4136 5696.27872808
3 1678 4138 5699.15520878
4 1679 4140 5701.59002078
5 1680 4141 5706.23919878
4 1681 4147 5719.27872808
5 1682 4148 5720.67779882
6 1683 4149 5720.98041582
5 1684 4151 5722.15520878
6 1685 4152 5722.72114633
7 1686 4153 5727.10679892
8 1687 4154 5727.28479315
9 1688 4159 5733.78728359
10 1689 4160 5734.27121899
11 1690 4161 5735.36654129
10 1691 4163 5742.15520878
9 1692 4167 5742.27872808
10 1693 4169 5745.71626664
9 1694 4175 5756.15520878
8 1695 4181 5762.27872808
9 1696 4182 5762.44481098
8 1697 4183 5765.27872808
7 1698 4189 5768.15520878
6 1699 4190 5768.27872808
5 1700 4191 5770.27872808
4 1701 4193 5776.15520878
3 1702 4196 5782.15520878
2 1703 4198 5784.27872808
3 1704 4199 5786.49564762
4 1705 4201 5786.52967588
5 1706 4202 5787.56948442
6 1707 4203 5787.84995414
7 1708 4204 5788.10828365
8 1709 4209 5795.9068996
9 1710 4210 5796.81348999
10 1711 4211 5797.06965917
9 1712 4213 5799.15520878
10 1713 4216 5801.35729615
9 1714 4218 5803.49564762
10 1715 4219 5803.90233822
11 1716 4225 5811.92186038
10 1717 4228 5813.15520878
11 1718 4229 5814.63735992
12 1719 4233 5818.83681643
11 1720 4237 5823.49564762
10 1721 4238 5827.15520878
9 1722 4240 5829.18242578
8 1723 4242 5830.15520878
9 1724 4245 5834.32820227
10 1725 4250 5836.66398254
9 1726 4252 5838.15520878
8 1727 4255 5843.18242578
7 1728 4258 5846.49564762
6 1729 4264 5855.15520878
5 1730 4271 5863.18242578
4 1731 4272 5863.49564762
3 1732 4273 5863.49564762
2 1733 4274 5866.18242578
1 1734 4275 5869.15520878
2 1735 4276 5879.01473256
3 1736 4282 5889.12329476
2 1737 4284 5890.01473256
3 1738 4285 5893.59815092
4 1739 4289 5898.79176376
5 1740 4293 5900.6087797
6 1741 4295 5902.28829692
7 1742 4298 5907.16746312
6 1743 4300 5907.59815092
7 1744 4303 5908.98336304
6 1745 4305 5909.12329476
7 1746 4306 5909.59316227
8 1747 4307 5910.59283487
7 1748 4309 5915.79176376
8 1749 4312 5916.31192379
7 1750 4316 5917.6087797
8 1751 4317 5917.9625617
9 1752 4318 5918.05813622
10 1753 4319 5918.38417165
11 1754 4323 5920.60191018
12 1755 4324 5922.05627501
11 1756 4326 5923.12329476
10 1757 4328 5923.79176376
9 1758 4331 5924.59815092
10 1759 4338 5926.44460276
11 1760 4339 5931.26256966
10 1761 4340 5931.6087797
9 1762 4342 5931.6087797
8 1763 4345 5935.59815092
7 1764 4348 5937.12329476
6 1765 4350 5938.59815092
7 1766 4354 5941.56024755
6 1767 4358 5945.6087797
5 1768 4361 5952.59815092
4 1769 4365 5954.12329476
3 1770 4366 5955.79176376
2 1771 4368 5959.6087797
3 1772 4369 5961.83337633
4 1773 4373 5967.55119531
3 1774 4380 5978.83337633
4 1775 4381 5980.79768303
3 1776 4383 5981.59815092
2 1777 4384 5984.55119531
3 1778 4387 5988.91916504
4 1779 4389 5989.05181636
3 1780 4391 5991.79768303
4 1781 4392 5993.48976858
3 1782 4398 6003.05181636
2 1783 4401 6007.48976858
3 1784 4402 6012.06369473
4 1785 4404 6013.42023901
3 1786 4406 6017.91916504
4 1787 4407 6018.46223215
5 1788 4409 6018.77492571
6 1789 4412 6021.88645239
5 1790 4417 6029.06369473
6 1791 4419 6029.3296901
7 1792 4422 6031.3187237
8 1793 4423 6031.62210048
9 1794 4424 6031.96890142
8 1795 4427 6035.46223215
7 1796 4429 6039.42023901
8 1797 4430 6043.50631442
7 1798 4435 6046.06369473
8 1799 4438 6047.56311693
7 1800 4442 6050.42023901
6 1801 4444 6052.46223215
5 1802 4446 6054.06369473
6 1803 4447 6054.59444669
5 1804 4448 6055.46223215
6 1805 4451 6057.72805911
7 1806 4454 6061.5432089
6 1807 4456 6064.42023901
5 1808 4460 6069.46223215
6 1809 4463 6070.84124692
7 1810 4464 6074.6375535
6 1811 4467 6075.42023901
5 1812 4473 6083.46223215
4 1813 4475 6086.06369473
3 1814 4476 6086.42023901
2 1815 4480 6095.42023901
3 1816 4481 6097.27834547
4 1817 4483 6099.8568324
3 1818 4485 6103.46223215
4 1819 4490 6118.3588057
3 1820 4492 6120.27834547
2 1821 4493 6122.8568324
3 1822 4494 6130.53365618
4 1823 4496 6130.79940632
3 1824 4502 6135.3588057
4 1825 4504 6136.74843008
3 1826 4505 6144.53365618
4 1827 4506 6144.73390621
5 1828 4513 6148.92984874
6 1829 4515 6150.34059344
7 1830 4517 6151.21819057
6 1831 4518 6153.79940632
7 1832 4521 6154.36192739
8 1833 4522 6157.06415727
7 1834 4524 6158.34059344
6 1835 4526 6158.73390621
7 1836 4530 6158.9795762
8 1837 4531 6159.37394742
7 1838 4533 6159.79940632
6 1839 4539 6165.92984874
7 1840 4541 6168.16643574
6 1841 4543 6169.73390621
5 1842 4544 6172.34059344
6 1843 4545 6174.39673858
7 1844 4548 6174.71046692
6 1845 4554 6178.34059344
5 1846 4559 6185.79940632
4 1847 4560 6185.92984874
5 1848 4561 6187.36311865
6 1849 4563 6187.44028159
5 1850 4565 6191.39673858
6 1851 4566 6191.48783964
5 1852 4568 6191.92984874
4 1853 4573 6195.73390621
3 1854 4576 6201.44028159
2 1855 4577 6204.36311865
1 1856 4578 6205.48783964
2 1857 4579 6219.20463763
3 1858 4583 6224.35558681
2 1859 4585 6230.20463763
3 1860 4586 6234.59064626
4 1861 4588 6234.69952263
3 1862 4596 6247.35558681
4 1863 4598 6250.83675441
3 1864 4599 6251.69952263
4 1865 4600 6252.96310944
5 1866 4603 6256.72428512
4 1867 4604 6257.59064626
3 1868 4610 6263.96310944
2 1869 4611 6264.83675441
3 1870 4612 6268.51549891
4 1871 4614 6269.24111736
3 1872 4616 6269.96310944
4 1873 4618 6270.07690525
5 1874 4619 6270.66380971
6 1875 4628 6277.03344886
5 1876 4630 6280.24111736
6 1877 4631 6282.27570609
5 1878 4633 6283.24111736
6 1879 4636 6284.13152212
5 1880 4638 6285.51549891
6 1881 4639 6285.78236606
5 1882 4643 6287.66380971
6 1883 4647 6289.41037492
5 1884 4648 6290.51549891
4 1885 4649 6291.03344886
5 1886 4653 6292.51060829
4 1887 4655 6296.27570609
3 1888 4656 6298.66380971
4 1889 4659 6305.24386464
3 1890 4661 6306.51060829
2 1891 4662 6307.66380971
3 1892 4663 6308.91303088
4 1893 4667 6310.94406264
5 1894 4669 6311.58487047
4 1895 4671 6313.24386464
3 1896 4674 6319.91303088
2 1897 4679 6325.58487047
1 1898 4680 6333.94406264
2 1899 4681 6344.67180161
3 1900 4685 6350.07928363
4 1901 4687 6354.18327759
5 1902 4689 6354.42442452
6 1903 4691 6355.60997264
5 1904 4696 6358.67180161
6 1905 4701 6363.58010027
5 1906 4705 6368.42442452
4 1907 4706 6370.07928363
5 1908 4707 6373.16183663
4 1909 4709 6374.18327759
3 1910 4710 6374.18327759
4 1911 4711 6376.33193002
3 1912 4715 6381.16183663
2 1913 4716 6381.67180161
3 1914 4717 6382.56522245
4 1915 4719 6382.59415501
5 1916 4721 6386.25605416
4 1917 4727 6390.59415501
3 1918 4730 6393.56522245
4 1919 4731 6394.6282103
5 1920 4735 6402.04735149
6 1921 4737 6404.62094676
5 1922 4739 6405.33193002
6 1923 4743 6410.47868988
5 1924 4744 6411.6282103
4 1925 4745 6412.25605416
3 1926 4749 6413.33193002
2 1927 4752 6419.33193002
1 1928 4753 6422.04735149
2 1929 4754 6422.11814183
3 1930 4758 6434.86077027
2 1931 4760 6436.11814183
1 1932 4764 6451.86077027
2 1933 4766 6453.05886491
3 1934 4767 6458.46754825
4 1935 4773 6469.33220358
5 1936 4775 6470.84391825
4 1937 4777 6473.05886491
3 1938 4778 6475.46754825
4 1939 4783 6480.91608717
5 1940 4785 6482.74917165
4 1941 4787 6484.84391825
3 1942 4790 6489.33220358
2 1943 4791 6491.91608717
3 1944 4794 6499.54366683
4 1945 4796 6504.58967411
3 1946 4800 6511.74917165
2 1947 4801 6513.54366683
3 1948 4802 6515.00215294
4 1949 4806 6517.87581915
3 1950 4812 6529.00215294
2 1951 4813 6530.58967411
3 1952 4814 6534.77837281
2 1953 4816 6537.87581915
3 1954 4817 6538.84457166
4 1955 4819 6543.56854599
5 1956 4821 6544.31249217
6 1957 4827 6546.86792837
7 1958 4829 6551.74964878
8 1959 4834 6554.4328092
9 1960 4835 6556.30672027
8 1961 4837 6557.77837281
7 1962 4838 6558.31249217
6 1963 4841 6558.84457166
5 1964 4844 6560.56854599
6 1965 4845 6562.14571155
7 1966 4847 6563.42444781
8 1967 4850 6564.85471382
7 1968 4856 6568.77837281
6 1969 4857 6569.86792837
5 1970 4861 6572.84457166
6 1971 4863 6573.79410628
5 1972 4864 6578.31249217
4 1973 4867 6582.14571155
5 1974 4868 6582.50720291
4 1975 4873 6585.77837281
5 1976 4876 6590.03072415
4 1977 4878 6590.50720291
5 1978 4880 6591.27826227
4 1979 4881 6592.86792837
5 1980 4885 6594.4635711
4 1981 4887 6595.86792837
5 1982 4888 6597.44040589
6 1983 4890 6598.64368339
5 1984 4892 6601.03072415
4 1985 4897 6608.4635711
3 1986 4898 6610.03072415
2 1987 4899 6611.44040589
3 1988 4901 6614.62960619
2 1989 4905 6618.64368339
1 1990 4906 6621.64368339
2 1991 4907 6623.74614972
3 1992 4909 6625.4679123
4 1993 4913 6634.33649319
3 1994 4917 6639.33649319
4 1995 4920 6642.37463225
3 1996 4922 6645.4679123
4 1997 4923 6646.05509241
3 1998 4927 6649.74614972
2 1999 4932 6659.37463225
1 2000 4933 6663.05509241
0 2001 4934 6669.05509241
0 2002 4934 6669.05509241
