#data counter step time
0 1 0 0.0
1 2 1 0.0
2 3 12 1.61138341943
3 4 16 13.1089543722
2 5 18 15.6113834194
3 6 19 18.3142533295
4 7 23 27.0599950071
3 8 27 33.1089543722
2 9 30 38.0599950071
1 10 31 44.3142533295
2 11 32 44.6718852516
3 12 34 62.3972706187
4 13 38 64.8337760406
3 14 40 67.6718852516
2 15 45 76.3972706187
1 16 46 81.8337760406
2 17 47 86.9652202624
3 18 49 87.5639756179
2 19 55 97.9652202624
1 20 56 98.5639756179
2 21 57 99.2113245519
3 22 59 101.94767826
4 23 61 104.266107882
5 24 63 106.150452116
6 25 67 109.063063426
7 26 69 112.008346683
8 27 77 114.302002155
9 28 78 115.764518909
8 29 80 115.94767826
7 30 85 116.211324552
6 31 88 121.211324552
5 32 91 123.150452116
4 33 92 126.063063426
3 34 93 126.150452116
2 35 94 127.266107882
1 36 95 129.94767826
2 37 96 133.53747793
3 38 98 142.657889885
2 39 104 147.53747793
3 40 105 151.064361892
4 41 107 153.263029399
3 42 109 153.657889885
4 43 114 163.643135662
5 44 116 164.667696976
6 45 118 166.63215639
7 46 120 167.71815534
6 47 121 168.064361892
5 48 125 176.263029399
4 49 132 183.643135662
5 50 133 184.031016905
4 51 135 185.064361892
3 52 136 186.63215639
4 53 137 187.283665898
3 54 141 190.667696976
2 55 144 195.031016905
3 56 145 199.546568495
2 57 147 207.283665898
3 58 148 207.494977248
4 59 151 208.600716354
3 60 157 219.546568495
2 61 158 222.546568495
1 62 159 227.494977248
2 63 160 230.013563731
3 64 162 230.928056258
4 65 164 233.724204067
5 66 168 239.0855423
4 67 170 241.928056258
5 68 171 245.862684641
4 69 179 250.013563731
3 70 180 250.724204067
4 71 181 257.778668772
5 72 187 261.888245204
4 73 189 262.0855423
3 74 190 262.862684641
2 75 191 265.778668772
3 76 192 268.403356824
4 77 194 268.775555574
5 78 198 270.300056387
6 79 201 273.173914355
7 80 202 274.951329542
8 81 204 276.922986381
7 82 207 278.888245204
8 83 211 283.213702457
7 84 213 284.300056387
6 85 216 285.403356824
7 86 222 288.972322164
8 87 224 291.613439064
7 88 225 291.951329542
8 89 227 294.591595829
9 90 229 296.893457107
8 91 233 298.888245204
7 92 239 300.775555574
6 93 240 303.775555574
5 94 241 305.972322164
4 95 242 307.300056387
5 96 243 307.821396066
4 97 247 308.951329542
5 98 248 311.474723536
4 99 252 311.972322164
5 100 253 313.464196277
4 101 255 315.888245204
3 102 260 318.821396066
2 103 261 324.464196277
1 104 262 325.474723536
2 105 263 326.776281099
3 106 265 329.946060975
4 107 267 330.768918077
5 108 271 334.457904177
4 109 275 340.776281099
3 110 280 345.457904177
2 111 281 346.946060975
1 112 282 347.768918077
2 113 283 358.374696482
3 114 285 365.011132899
4 115 287 365.813225656
5 116 289 368.054275109
6 117 294 368.906349735
7 118 295 369.642632018
8 119 300 370.369003233
7 120 305 373.813225656
6 121 306 376.813225656
5 122 308 377.642632018
4 123 309 378.374696482
3 124 310 379.054275109
4 125 313 381.554525422
5 126 317 386.050875389
6 127 319 387.087621486
7 128 325 391.236769317
8 129 326 392.882305106
9 130 327 392.92525252
8 131 329 393.813225656
9 132 332 396.229941975
8 133 333 397.011132899
7 134 336 398.087621486
6 135 338 398.554525422
5 136 339 400.050875389
6 137 344 409.705137233
5 138 348 413.813225656
4 139 349 414.011132899
3 140 352 418.554525422
4 141 355 420.664258881
5 142 357 428.617598162
4 143 359 429.705137233
3 144 360 430.087621486
2 145 365 442.617598162
3 146 366 446.1784781
2 147 368 446.664258881
3 148 371 453.369142219
4 149 373 460.724597453
5 150 375 462.90221078
4 151 377 466.1784781
3 152 382 470.369142219
4 153 383 470.70961861
5 154 387 470.766192775
6 155 389 473.34256272
7 156 393 475.947918913
6 157 397 477.724597453
5 158 398 482.90221078
4 159 401 484.34256272
5 160 402 484.368629187
4 161 406 487.766192775
5 162 407 488.423240362
4 163 409 491.724597453
5 164 412 495.439984992
4 165 414 496.70961861
5 166 419 500.781716118
6 167 421 505.538356734
5 168 423 506.439984992
6 169 426 510.085807681
5 170 428 510.368629187
4 171 429 511.423240362
5 172 432 513.697340453
4 173 434 514.781716118
5 174 435 516.006968187
4 175 437 519.538356734
5 176 442 522.381891636
4 177 444 524.697340453
5 178 447 529.682328796
6 179 449 530.008201429
5 180 451 530.085807681
4 181 454 536.006968187
5 182 459 544.970005002
4 183 461 545.381891636
5 184 462 548.091661311
4 185 464 549.682328796
3 186 467 553.008201429
4 187 468 554.738961194
5 188 470 556.449352803
4 189 474 559.091661311
5 190 477 563.578916277
6 191 479 563.735123933
5 192 481 565.738961194
6 193 483 566.27466073
5 194 488 567.970005002
6 195 489 568.188793695
5 196 491 570.449352803
4 197 495 574.735123933
5 198 496 574.908249544
4 199 502 580.578916277
3 200 503 583.578916277
2 201 504 585.908249544
1 202 505 588.188793695
2 203 506 600.664567219
3 204 508 602.871319277
4 205 511 606.134258276
5 206 517 614.490469189
6 207 519 615.912402717
5 208 521 616.871319277
4 209 524 620.664567219
3 210 525 623.664567219
4 211 526 628.272929928
3 212 528 628.490469189
2 213 531 635.912402717
3 214 532 635.965662327
4 215 536 641.065938837
3 216 540 645.272929928
4 217 541 647.798620306
5 218 543 648.779445312
4 219 551 658.798620306
5 220 552 659.258576811
4 221 554 661.965662327
3 222 555 662.779445312
4 223 556 664.119232548
3 224 558 667.065938837
4 225 561 674.577876999
3 226 563 676.258576811
4 227 568 683.701670105
3 228 570 684.119232548
2 229 571 685.577876999
3 230 574 698.397455452
4 231 576 701.833294655
3 232 580 703.701670105
2 233 581 709.397455452
3 234 582 712.936801922
4 235 586 717.602234869
5 236 588 719.368561728
4 237 592 724.833294655
3 238 597 732.936801922
2 239 598 733.368561728
1 240 599 734.602234869
2 241 600 735.028539626
3 242 604 742.27010996
4 243 606 743.448436389
3 244 608 746.028539626
4 245 609 748.224072107
5 246 617 762.852880315
4 247 619 765.224072107
3 248 622 768.27010996
4 249 623 768.470496622
3 250 625 772.448436389
2 251 626 773.852880315
1 252 629 791.470496622
2 253 630 797.831721748
1 254 634 808.831721748
2 255 635 820.127844695
3 256 637 820.745230497
4 257 643 825.44479825
3 258 645 828.745230497
2 259 646 831.127844695
3 260 649 836.252435155
2 261 651 845.44479825
3 262 654 847.767643243
4 263 656 852.193311206
5 264 658 852.424569413
4 265 660 853.252435155
5 266 661 854.05076459
6 267 663 854.055319034
7 268 669 857.716248499
8 269 675 860.154101629
9 270 676 862.669883345
8 271 678 863.424569413
7 272 683 864.767643243
6 273 684 865.055319034
7 274 685 865.933678941
8 275 688 866.158177891
7 276 689 866.193311206
6 277 690 868.05076459
5 278 693 871.05076459
4 279 699 877.424569413
5 280 700 877.907411897
4 281 702 879.933678941
3 282 703 881.767643243
2 283 704 883.424569413
3 284 707 895.367918032
4 285 709 896.931481527
5 286 711 898.173910264
4 287 713 900.907411897
3 288 716 906.173910264
4 289 717 907.068876845
5 290 721 909.276077626
6 291 728 910.731563504
5 292 732 912.068876845
4 293 733 914.276077626
3 294 734 918.367918032
4 295 735 919.855333266
3 296 737 919.931481527
2 297 738 927.068876845
3 298 741 933.705555175
4 299 744 935.573000684
5 300 745 938.097425071
6 301 747 940.199451923
5 302 751 945.855333266
4 303 757 951.199451923
3 304 758 955.097425071
2 305 759 956.705555175
1 306 760 956.705555175
2 307 761 956.871049304
3 308 763 958.028479393
4 309 765 962.360458481
3 310 771 969.028479393
2 311 772 970.871049304
3 312 773 972.432733428
4 313 775 974.80822263
5 314 778 975.374611546
6 315 783 978.731994655
7 316 786 980.80684622
8 317 787 980.830732925
7 318 790 983.432733428
6 319 797 988.80822263
5 320 800 991.360458481
6 321 801 992.074777459
7 322 803 992.19762884
6 323 805 992.374611546
5 324 806 994.80822263
6 325 808 995.245120021
7 326 814 996.973066861
6 327 816 1000.43273343
5 328 819 1001.73199466
4 329 820 1003.07477746
5 330 821 1005.64727861
6 331 823 1005.82464154
5 332 825 1006.37461155
6 333 826 1006.37555528
5 334 828 1009.37461155
4 335 831 1010.97306686
5 336 836 1014.01115749
4 337 838 1019.64727861
3 338 839 1019.82464154
2 339 840 1020.37555528
3 340 843 1028.08885106
4 341 845 1029.8993058
3 342 849 1034.01115749
4 343 852 1037.25237888
3 344 854 1039.08885106
4 345 855 1039.48774444
3 346 857 1043.8993058
2 347 862 1053.48774444
3 348 863 1055.65722223
4 349 865 1060.71812459
5 350 868 1063.74523542
4 351 874 1066.25237888
3 352 875 1071.71812459
2 353 876 1072.65722223
3 354 877 1072.70321038
2 355 879 1074.71812459
1 356 882 1092.70321038
2 357 883 1101.74324084
3 358 885 1108.77431269
4 359 887 1109.83979154
5 360 889 1110.34673563
6 361 898 1119.75161185
5 362 899 1119.77431269
4 363 903 1124.74324084
3 364 904 1126.83979154
4 365 905 1130.68688284
5 366 907 1130.81021348
4 367 909 1133.34673563
5 368 910 1136.09794521
4 369 912 1136.34673563
5 370 913 1137.85244908
6 371 915 1138.54557781
5 372 925 1148.85244908
6 373 928 1149.47857446
5 374 930 1153.09794521
4 375 931 1156.68688284
3 376 932 1158.54557781
2 377 933 1159.81021348
3 378 936 1165.08334274
4 379 938 1166.82328665
3 380 944 1175.47857446
2 381 945 1183.82328665
1 382 946 1185.08334274
2 383 947 1188.14683326
3 384 951 1203.43658062
4 385 954 1207.23848273
3 386 958 1211.14683326
2 387 959 1211.43658062
1 388 960 1217.43658062
2 389 961 1224.81858404
3 390 963 1225.98519044
4 391 969 1237.84657736
5 392 971 1239.62529718
4 393 973 1245.98519044
3 394 974 1247.81858404
4 395 977 1249.32210311
3 396 983 1259.62529718
4 397 984 1262.34552421
3 398 986 1263.84657736
2 399 987 1269.32210311
3 400 991 1278.80013346
2 401 993 1279.34552421
3 402 994 1280.40101046
4 403 997 1280.97806869
3 404 1001 1283.80013346
2 405 1005 1297.40101046
1 406 1006 1298.80013346
2 407 1007 1304.27421654
3 408 1009 1311.97959065
4 409 1013 1317.83927892
3 410 1017 1324.27421654
2 411 1021 1325.97959065
3 412 1023 1330.97337136
4 413 1025 1333.6741455
3 414 1027 1334.83927892
4 415 1032 1344.75429441
5 416 1034 1347.2421679
6 417 1035 1348.67997356
7 418 1036 1348.71811278
6 419 1037 1350.6741455
5 420 1040 1350.97337136
6 421 1042 1352.14892603
7 422 1044 1354.13857626
8 423 1051 1355.5812592
7 424 1053 1355.6741455
6 425 1058 1361.75429441
5 426 1059 1361.97337136
4 427 1060 1364.6741455
3 428 1061 1364.75429441
2 429 1065 1367.75429441
3 430 1066 1369.45223016
2 431 1069 1375.6741455
3 432 1072 1380.91750454
2 433 1074 1383.45223016
1 434 1077 1391.91750454
2 435 1078 1399.8144368
3 436 1080 1406.68302849
2 437 1084 1410.8144368
3 438 1085 1414.53638714
2 439 1089 1420.68302849
3 440 1090 1426.40409669
2 441 1096 1431.53638714
1 442 1098 1437.40409669
2 443 1099 1444.46178428
3 444 1101 1444.57247073
4 445 1102 1447.741464
3 446 1106 1461.46178428
4 447 1107 1462.29473526
5 448 1109 1463.00029059
6 449 1113 1477.60452472
5 450 1114 1481.46178428
6 451 1115 1483.91654846
5 452 1117 1484.46178428
6 453 1118 1487.86581907
7 454 1119 1489.65220567
8 455 1122 1494.35419691
7 456 1124 1498.46178428
8 457 1127 1505.65178571
7 458 1129 1509.46178428
6 459 1133 1532.46178428
7 460 1134 1542.61128758
8 461 1135 1546.34335067
9 462 1136 1546.89824312
8 463 1139 1552.46178428
9 464 1141 1560.5750179
10 465 1144 1564.79997019
11 466 1145 1564.85613078
12 467 1146 1567.15503852
11 468 1148 1569.46178428
12 469 1151 1572.48097891
13 470 1152 1579.33042382
14 471 1153 1583.16187633
13 472 1154 1586.46178428
14 473 1156 1596.47910453
15 474 1157 1597.53215088
16 475 1158 1601.49495682
17 476 1159 1601.81636627
18 477 1160 1603.52280746
19 478 1161 1628.43337392
20 479 1162 1642.76557262
21 480 1163 1656.04125612
22 481 1164 1667.59631509
23 482 1165 1670.52707229
24 483 1166 1680.89005996
25 484 1167 1680.95131869
26 485 1168 1703.93290959
27 486 1169 1712.47833285
28 487 1170 1719.55703777
29 488 1177 1731.69094648
30 489 1178 1734.07757891
31 490 1184 1741.5744895
32 491 1185 1745.108685
31 492 1186 1745.32210311
30 493 1191 1748.32210311
29 494 1192 1748.32210311
30 495 1193 1749.39978947
29 496 1194 1754.32210311
30 497 1207 1764.93601409
29 498 1210 1765.32210311
28 499 1211 1768.32210311
29 500 1212 1768.33567241
28 501 1213 1769.27421654
29 502 1214 1770.86432307
28 503 1218 1774.32210311
27 504 1219 1774.32210311
26 505 1223 1775.27421654
27 506 1224 1776.07345712
28 507 1225 1777.17279035
27 508 1226 1779.32210311
28 509 1228 1779.83682336
29 510 1229 1780.18346493
28 511 1232 1782.32210311
29 512 1233 1784.08821233
30 513 1234 1784.66322395
31 514 1240 1786.66355679
32 515 1241 1787.29736461
33 516 1242 1787.47752682
32 517 1243 1789.27421654
31 518 1247 1792.27421654
30 519 1251 1795.27421654
29 520 1252 1795.27421654
28 521 1257 1802.32210311
27 522 1260 1802.32210311
28 523 1266 1804.07906537
29 524 1270 1808.54336854
28 525 1271 1809.27421654
27 526 1272 1809.27421654
26 527 1274 1812.27421654
25 528 1277 1813.32210311
24 529 1280 1816.32210311
23 530 1286 1822.75429441
22 531 1288 1823.27421654
21 532 1291 1825.75429441
22 533 1295 1829.16901314
21 534 1297 1831.75429441
20 535 1298 1831.75429441
21 536 1299 1832.2432551
20 537 1303 1834.27421654
19 538 1306 1839.32210311
20 539 1307 1840.84894066
19 540 1316 1842.32210311
18 541 1320 1845.75429441
17 542 1321 1848.27421654
18 543 1322 1848.60441768
19 544 1328 1850.34117072
18 545 1329 1851.27421654
17 546 1332 1851.27421654
16 547 1337 1853.32210311
15 548 1341 1856.32210311
14 549 1342 1856.32210311
13 550 1343 1856.75429441
12 551 1346 1859.32210311
13 552 1347 1860.59043398
12 553 1348 1865.27421654
11 554 1349 1865.75429441
10 555 1352 1868.27421654
9 556 1354 1868.75429441
10 557 1355 1869.65592704
11 558 1356 1871.63129989
12 559 1360 1877.01549538
11 560 1366 1879.32210311
12 561 1367 1879.90942153
11 562 1369 1882.27421654
10 563 1371 1882.32210311
9 564 1374 1885.27421654
8 565 1377 1887.32210311
7 566 1379 1888.75429441
6 567 1387 1893.27421654
5 568 1390 1898.32210311
4 569 1391 1899.75429441
3 570 1395 1901.32210311
4 571 1396 1902.62140547
5 572 1398 1905.74202635
4 573 1400 1907.27421654
3 574 1401 1907.27421654
2 575 1406 1916.74202635
1 576 1407 1922.62140547
2 577 1408 1952.55882167
3 578 1410 1956.97223035
4 579 1413 1957.93320091
5 580 1419 1966.09806109
4 581 1421 1967.97223035
5 582 1422 1968.42237154
4 583 1426 1969.55882167
3 584 1427 1969.55882167
2 585 1430 1973.42237154
3 586 1431 1976.00451712
2 587 1433 1977.09806109
3 588 1436 1986.92875866
2 589 1438 1993.00451712
3 590 1439 1993.14286147
2 591 1443 2003.92875866
1 592 1446 2022.14286147
2 593 1447 2024.58638598
3 594 1449 2025.08433999
4 595 1452 2037.03472124
3 596 1458 2044.58638598
2 597 1459 2045.08433999
1 598 1460 2057.08433999
2 599 1461 2071.21780866
3 600 1465 2080.03867345
4 601 1469 2088.73779615
5 602 1471 2089.56291482
4 603 1473 2091.21780866
5 604 1476 2093.44819227
4 605 1479 2102.73779615
3 606 1481 2103.03867345
4 607 1482 2103.39096497
3 608 1484 2105.21780866
4 609 1485 2106.28653104
5 610 1491 2113.07302258
4 611 1492 2113.73779615
5 612 1494 2116.00170451
6 613 1497 2119.71104885
7 614 1498 2122.84669798
6 615 1500 2123.39096497
5 616 1504 2129.28653104
6 617 1506 2129.58473533
7 618 1507 2129.94762254
8 619 1508 2130.59646154
9 620 1509 2132.8960277
8 621 1516 2136.73779615
7 622 1517 2137.39096497
8 623 1520 2141.43080576
9 624 1521 2142.82501974
8 625 1523 2146.39096497
9 626 1524 2147.30017429
8 627 1526 2149.28653104
7 628 1528 2150.73779615
6 629 1533 2157.39096497
5 630 1536 2161.73779615
6 631 1541 2164.49481689
5 632 1548 2174.39096497
4 633 1551 2175.28653104
3 634 1552 2175.49481689
2 635 1553 2177.39096497
1 636 1554 2181.73779615
2 637 1555 2191.48675074
3 638 1559 2204.77214669
2 639 1561 2205.48675074
3 640 1562 2206.08837117
4 641 1565 2213.62893976
5 642 1566 2214.07531647
6 643 1568 2216.03530339
5 644 1579 2223.08837117
4 645 1580 2224.77214669
3 646 1581 2225.07531647
4 647 1582 2226.14045328
3 648 1584 2229.08837117
4 649 1585 2232.1699677
5 650 1589 2234.45026254
6 651 1592 2237.57658997
5 652 1593 2239.03530339
4 653 1599 2251.45026254
3 654 1600 2252.14045328
2 655 1601 2254.45026254
1 656 1602 2258.1699677
2 657 1604 2263.82124829
3 658 1606 2269.42407762
2 659 1610 2280.82124829
3 660 1613 2287.3781347
4 661 1615 2290.01006568
3 662 1617 2292.42407762
4 663 1620 2301.2131775
3 664 1622 2304.3781347
4 665 1625 2311.6195337
5 666 1627 2312.33131996
4 667 1635 2322.01006568
3 668 1636 2325.6195337
2 669 1637 2327.2131775
3 670 1638 2332.19905803
2 671 1640 2332.33131996
3 672 1643 2340.55354596
2 673 1645 2346.19905803
1 674 1648 2357.55354596
2 675 1649 2360.52881447
3 676 1651 2365.23975949
2 677 1657 2374.52881447
1 678 1658 2382.23975949
2 679 1659 2384.20446546
3 680 1663 2392.71962382
4 681 1665 2396.13442613
5 682 1667 2397.30083893
6 683 1671 2400.97017686
5 684 1673 2401.20446546
6 685 1680 2405.75752649
5 686 1682 2407.13442613
6 687 1683 2407.97079112
7 688 1685 2408.92090692
8 689 1687 2409.58446794
7 690 1688 2409.71962382
6 691 1690 2414.30083893
5 692 1691 2414.97017686
6 693 1697 2419.58917052
7 694 1701 2423.14087546
6 695 1703 2423.71962382
5 696 1704 2424.97079112
4 697 1705 2425.75752649
5 698 1706 2426.10057529
6 699 1710 2431.6817634
5 700 1712 2431.75752649
6 701 1714 2434.76500286
5 702 1719 2440.10057529
4 703 1720 2442.58917052
3 704 1724 2446.14087546
2 705 1725 2448.6817634
1 706 1726 2448.6817634
2 707 1727 2460.45236278
3 708 1729 2465.94072188
4 709 1733 2469.71103445
3 710 1739 2479.94072188
2 711 1740 2480.45236278
3 712 1741 2484.69742141
2 713 1743 2486.71103445
1 714 1746 2492.69742141
2 715 1747 2508.37041069
3 716 1749 2508.97361528
4 717 1751 2509.16115103
3 718 1759 2525.37041069
4 719 1760 2525.44420628
3 720 1762 2526.16115103
2 721 1763 2531.97361528
3 722 1766 2536.88769823
4 723 1768 2537.25820503
5 724 1772 2538.65416565
6 725 1775 2538.96308957
5 726 1776 2539.44420628
6 727 1779 2541.78763632
5 728 1781 2542.25820503
4 729 1782 2543.65416565
5 730 1786 2545.02998035
4 731 1792 2553.88769823
3 732 1793 2556.88769823
2 733 1794 2559.02998035
1 734 1795 2561.78763632
2 735 1796 2561.87340291
3 736 1800 2566.52620648
2 737 1802 2569.87340291
3 738 1803 2570.25495292
4 739 1807 2572.75819665
3 740 1809 2577.52620648
4 741 1812 2582.30860462
5 742 1816 2587.34321126
4 743 1820 2589.75819665
5 744 1821 2589.83352521
6 745 1823 2593.43015355
5 746 1827 2596.25495292
6 747 1828 2597.54050283
5 748 1830 2598.34321126
4 749 1831 2599.30860462
3 750 1836 2604.43015355
4 751 1837 2605.00146323
3 752 1841 2609.83352521
2 753 1844 2616.00146323
1 754 1845 2617.54050283
2 755 1846 2618.94712427
3 756 1848 2621.56464718
4 757 1850 2624.81349275
3 758 1858 2644.56464718
2 759 1859 2644.94712427
3 760 1860 2647.54884735
2 761 1862 2647.81349275
3 762 1863 2650.38772315
2 763 1867 2658.38772315
3 764 1870 2669.07684153
4 765 1872 2669.74875901
3 766 1874 2670.54884735
4 767 1877 2679.01486753
5 768 1881 2682.33162923
4 769 1883 2683.74875901
5 770 1884 2685.13514436
4 771 1886 2689.07684153
5 772 1889 2693.64825381
4 773 1895 2696.33162923
3 774 1896 2699.01486753
2 775 1899 2702.13514436
1 776 1900 2704.64825381
2 777 1901 2714.73284349
3 778 1904 2720.65696208
2 779 1907 2725.65696208
1 780 1910 2734.73284349
2 781 1911 2739.42842501
3 782 1913 2747.7770741
4 783 1919 2756.75638314
5 784 1921 2756.88901241
4 785 1923 2759.42842501
5 786 1924 2760.65695933
4 787 1928 2764.7770741
5 788 1929 2765.46577549
6 789 1935 2771.50535042
5 790 1937 2773.75638314
4 791 1938 2773.88901241
5 792 1939 2776.73825121
6 793 1942 2781.40126235
7 794 1947 2782.92393649
6 795 1949 2786.65695933
5 796 1953 2788.50535042
4 797 1957 2790.73825121
5 798 1958 2790.95940404
6 799 1961 2794.41817688
7 800 1962 2795.90883679
6 801 1963 2796.73825121
5 802 1965 2797.46577549
4 803 1966 2799.92393649
5 804 1970 2801.46089784
4 805 1975 2804.95940404
5 806 1977 2806.59693091
4 807 1979 2807.73825121
3 808 1980 2807.95940404
4 809 1981 2810.22529641
3 810 1990 2820.59693091
2 811 1991 2821.46089784
3 812 1992 2825.07444484
2 813 1994 2830.22529641
3 814 1995 2836.69161926
2 815 1999 2842.07444484
1 816 2002 2850.69161926
2 817 2003 2880.16936612
3 818 2005 2884.26968568
4 819 2007 2884.53254826
5 820 2011 2891.10756793
4 821 2017 2894.16936612
3 822 2018 2895.53254826
4 823 2020 2897.81270271
3 824 2024 2905.16936612
2 825 2025 2907.26968568
1 826 2026 2908.16936612
2 827 2027 2908.17207475
3 828 2029 2908.71032383
4 829 2033 2912.03050512
5 830 2039 2917.67464779
4 831 2041 2919.71032383
3 832 2042 2922.17207475
2 833 2043 2923.03050512
3 834 2044 2925.78322104
4 835 2047 2928.93254857
5 836 2048 2929.64120993
4 837 2053 2936.71032383
3 838 2055 2939.78322104
4 839 2059 2944.93852631
3 840 2063 2947.71032383
4 841 2064 2948.03434255
3 842 2066 2954.93254857
2 843 2067 2956.71032383
3 844 2070 2961.82639712
2 845 2074 2968.03434255
1 846 2075 2969.82639712
2 847 2076 2969.87118377
3 848 2079 2973.80554011
4 849 2080 2977.94126172
5 850 2082 2978.41749421
6 851 2084 2979.61868692
7 852 2088 2984.78245596
6 853 2094 2989.87118377
7 854 2095 2992.34373951
6 855 2096 2992.87118377
5 856 2099 2997.94126172
4 857 2101 2998.41749421
3 858 2105 3006.87118377
4 859 2107 3007.82515717
3 860 2108 3009.41749421
4 861 2114 3019.15866088
5 862 2118 3025.97375061
4 863 2120 3026.94126172
5 864 2123 3028.87340009
4 865 2124 3029.41749421
5 866 2125 3031.1087148
4 867 2126 3032.41749421
3 868 2129 3037.94126172
4 869 2130 3042.56520655
3 870 2137 3055.41749421
2 871 2138 3058.41749421
1 872 2139 3059.56520655
2 873 2140 3063.80782787
3 874 2142 3067.53876122
4 875 2146 3071.61444299
5 876 2149 3075.76974179
6 877 2150 3080.69174519
5 878 2152 3080.80782787
4 879 2154 3081.53876122
3 880 2159 3092.53876122
2 881 2161 3097.80782787
3 882 2162 3100.52318138
4 883 2164 3100.56462793
5 884 2167 3107.56169064
6 885 2168 3109.05357151
7 886 2169 3109.15474145
6 887 2171 3109.53876122
5 888 2177 3120.52318138
6 889 2178 3123.30882005
7 890 2179 3128.52520302
6 891 2181 3129.53876122
7 892 2182 3133.21584727
6 893 2188 3140.52318138
7 894 2190 3141.13433448
8 895 2191 3142.48487868
9 896 2192 3144.24300503
10 897 2196 3144.87413035
9 898 2198 3146.53876122
8 899 2199 3151.52318138
7 900 2203 3157.52318138
8 901 2204 3160.54838764
9 902 2205 3161.380163
10 903 2206 3162.84359504
9 904 2211 3169.53876122
8 905 2213 3171.52318138
9 906 2214 3172.8424529
10 907 2216 3173.67157551
11 908 2217 3176.23115476
10 909 2222 3180.53876122
11 910 2223 3182.58322756
10 911 2225 3186.53876122
9 912 2226 3186.53876122
10 913 2228 3187.09845638
9 914 2234 3188.52318138
10 915 2235 3189.64388588
11 916 2236 3192.66096334
10 917 2242 3200.52318138
11 918 2243 3200.86365538
12 919 2244 3202.97315015
11 920 2246 3203.53876122
12 921 2247 3209.07897777
11 922 2249 3211.52318138
10 923 2250 3211.52318138
11 924 2254 3216.7773048
10 925 2259 3226.53876122
9 926 2263 3231.52318138
8 927 2266 3237.52318138
7 928 2271 3239.52318138
6 929 2273 3240.53876122
7 930 2274 3244.05215932
8 931 2275 3245.81220291
7 932 2286 3253.52318138
8 933 2289 3256.22874721
7 934 2290 3257.53876122
6 935 2292 3259.50535042
5 936 2293 3259.50535042
6 937 2297 3260.92427229
5 938 2298 3264.52318138
4 939 2300 3266.95940404
5 940 2303 3270.78546726
6 941 2311 3278.20667336
7 942 2312 3278.41283947
6 943 2314 3278.52318138
5 944 2315 3280.53876122
6 945 2317 3280.73860749
7 946 2321 3282.77206373
6 947 2323 3284.78546726
5 948 2324 3285.50535042
4 949 2328 3288.53876122
5 950 2330 3288.61325485
6 951 2335 3293.01829616
7 952 2336 3295.07568013
6 953 2337 3295.52318138
5 954 2339 3296.61325485
4 955 2347 3304.52318138
5 956 2348 3306.32428927
6 957 2349 3307.45507293
5 958 2351 3307.61325485
4 959 2353 3307.78546726
5 960 2354 3308.35884513
4 961 2358 3309.52318138
3 962 2363 3315.61325485
2 963 2364 3318.78546726
3 964 2365 3321.60158499
2 965 2367 3323.52318138
3 966 2369 3325.02671507
2 967 2376 3332.60158499
3 968 2377 3333.3230251
2 969 2381 3339.02671507
1 970 2382 3341.3230251
2 971 2383 3345.04040864
3 972 2385 3345.45017835
4 973 2387 3346.2173422
5 974 2388 3349.08028375
6 975 2391 3352.34823069
7 976 2394 3356.10247208
6 977 2396 3362.45017835
5 978 2400 3371.04040864
6 979 2401 3371.55485505
7 980 2402 3377.29239279
6 981 2406 3379.45017835
5 982 2408 3385.04040864
6 983 2411 3392.76009387
7 984 2414 3396.17290523
8 985 2415 3397.33535666
9 986 2416 3397.82063106
8 987 2417 3399.04040864
9 988 2419 3399.97837227
8 989 2422 3402.45017835
9 990 2425 3406.42236769
10 991 2426 3408.17726848
9 992 2431 3410.04040864
8 993 2433 3410.45017835
7 994 2434 3416.45017835
6 995 2438 3421.04040864
7 996 2439 3421.57211379
6 997 2442 3427.45017835
7 998 2444 3428.98510605
8 999 2445 3430.64730514
9 1000 2448 3437.93726279
10 1001 2449 3439.4217648
11 1002 2452 3440.84898891
10 1003 2454 3441.04040864
9 1004 2456 3444.45017835
10 1005 2459 3446.52548639
9 1006 2462 3452.04040864
10 1007 2463 3452.20989356
11 1008 2464 3452.70260201
12 1009 2469 3459.0314965
11 1010 2474 3467.45017835
10 1011 2480 3472.04040864
9 1012 2481 3475.04040864
10 1013 2482 3476.08664679
9 1014 2484 3478.87118377
8 1015 2488 3481.45017835
7 1016 2489 3486.04040864
8 1017 2493 3487.64242055
9 1018 2499 3495.14966403
8 1019 2501 3495.45017835
7 1020 2507 3501.87118377
6 1021 2508 3501.87118377
5 1022 2509 3503.04040864
6 1023 2515 3508.79634084
5 1024 2516 3512.04040864
4 1025 2518 3515.45017835
5 1026 2519 3515.66419711
6 1027 2521 3515.85759509
5 1028 2523 3515.87118377
6 1029 2524 3517.39715982
5 1030 2525 3518.87118377
6 1031 2528 3520.96408984
5 1032 2532 3523.04040864
4 1033 2538 3529.87118377
3 1034 2539 3531.04040864
4 1035 2540 3532.06734845
3 1036 2542 3532.66419711
4 1037 2545 3535.29900623
5 1038 2547 3538.53993131
4 1039 2548 3540.87118377
3 1040 2552 3546.06734845
4 1041 2553 3547.18798642
5 1042 2555 3547.27757199
6 1043 2560 3549.03161365
7 1044 2561 3550.57648996
6 1045 2565 3552.18798642
5 1046 2568 3560.87118377
4 1047 2571 3561.29900623
3 1048 2576 3569.29900623
2 1049 2577 3575.18798642
1 1050 2578 3577.87118377
2 1051 2579 3590.34063449
3 1052 2583 3595.53438735
4 1053 2586 3598.94932975
3 1054 2587 3601.34063449
4 1055 2588 3602.05433913
5 1056 2593 3605.37117343
4 1057 2595 3606.53438735
5 1058 2596 3609.41251088
4 1059 2597 3609.53438735
5 1060 2600 3613.43421087
6 1061 2601 3617.59882561
7 1062 2605 3618.16058117
8 1063 2610 3626.44947418
7 1064 2611 3628.05433913
6 1065 2613 3628.37117343
7 1066 2614 3630.20938584
8 1067 2615 3630.33819671
9 1068 2616 3630.58902414
8 1069 2620 3631.05433913
7 1070 2621 3632.53438735
8 1071 2626 3636.24937969
9 1072 2630 3637.71252027
10 1073 2631 3639.10352316
9 1074 2633 3639.37117343
8 1075 2634 3640.53438735
7 1076 2640 3645.05433913
6 1077 2641 3646.53438735
5 1078 2649 3656.05433913
4 1079 2650 3657.05433913
3 1080 2651 3657.05433913
4 1081 2652 3658.40215721
3 1082 2654 3659.37117343
2 1083 2655 3660.53438735
1 1084 2658 3669.40215721
2 1085 2659 3674.83061572
3 1086 2663 3680.54949877
2 1087 2667 3688.54949877
1 1088 2668 3688.83061572
2 1089 2670 3723.82393687
3 1090 2674 3731.26781083
2 1091 2676 3737.82393687
3 1092 2677 3741.48404982
4 1093 2683 3750.89233192
3 1094 2685 3754.26781083
2 1095 2689 3755.48404982
1 1096 2690 3758.89233192
2 1097 2691 3766.52285526
3 1098 2693 3771.28113333
4 1099 2695 3776.08865327
5 1100 2697 3776.13949058
6 1101 2700 3776.43524633
7 1102 2708 3786.25212219
6 1103 2710 3786.52285526
7 1104 2711 3786.73581427
8 1105 2715 3792.5956968
9 1106 2716 3793.0274824
8 1107 2717 3796.13949058
7 1108 2726 3800.28113333
6 1109 2729 3802.08865327
5 1110 2730 3803.28113333
4 1111 2731 3806.73581427
3 1112 2732 3812.25212219
2 1113 2733 3813.13949058
1 1114 2734 3814.28113333
2 1115 2735 3817.35253652
3 1116 2737 3823.69698814
4 1117 2740 3824.24222581
5 1118 2745 3829.74261329
4 1119 2749 3831.35253652
3 1120 2752 3837.69698814
4 1121 2753 3838.24444201
5 1122 2755 3838.30021933
4 1123 2757 3840.74261329
5 1124 2758 3841.05410263
4 1125 2762 3844.24222581
5 1126 2765 3845.48055035
6 1127 2767 3845.78399693
7 1128 2771 3847.42984817
6 1129 2774 3849.24444201
7 1130 2778 3854.00772527
6 1131 2779 3855.30021933
7 1132 2783 3856.57596186
8 1133 2784 3860.27539311
9 1134 2785 3860.74841341
8 1135 2787 3862.78399693
7 1136 2789 3863.24444201
6 1137 2791 3864.05410263
7 1138 2792 3867.92520069
6 1139 2798 3871.48055035
7 1140 2803 3877.27911282
8 1141 2804 3879.43983765
9 1142 2805 3879.71521904
8 1143 2806 3879.78399693
7 1144 2810 3880.24444201
6 1145 2811 3881.05410263
5 1146 2812 3881.30021933
4 1147 2820 3888.48055035
5 1148 2821 3890.24641794
4 1149 2823 3896.78399693
3 1150 2824 3897.24444201
4 1151 2827 3899.40789052
5 1152 2829 3899.66195979
4 1153 2831 3899.78399693
5 1154 2832 3903.10517208
4 1155 2836 3907.24641794
3 1156 2839 3914.10517208
2 1157 2842 3916.66195979
3 1158 2843 3917.22760993
2 1159 2845 3928.40789052
3 1160 2848 3934.14567965
2 1161 2850 3934.22760993
3 1162 2851 3939.86835451
4 1163 2853 3940.2000252
3 1164 2861 3944.86835451
4 1165 2862 3949.24561855
3 1166 2864 3951.2000252
4 1167 2865 3951.97681285
3 1168 2869 3957.14567965
4 1169 2870 3959.74440292
3 1170 2872 3960.24561855
4 1171 2877 3969.55426863
5 1172 2879 3969.58679997
4 1173 2881 3970.74440292
5 1174 2882 3973.09173052
6 1175 2885 3973.50208099
7 1176 2890 3977.86450521
6 1177 2892 3980.97681285
5 1178 2893 3981.09173052
6 1179 2899 3985.79132398
5 1180 2901 3986.58679997
4 1181 2902 3988.86450521
5 1182 2904 3991.74340979
4 1183 2905 3992.55426863
3 1184 2909 3995.55426863
2 1185 2910 3999.79132398
1 1186 2911 4002.79132398
2 1187 2912 4004.75236673
3 1188 2916 4013.14559414
2 1189 2918 4015.75236673
3 1190 2921 4023.79949606
4 1191 2923 4024.38433196
3 1192 2925 4030.14559414
4 1193 2930 4037.50957808
5 1194 2932 4039.04555228
6 1195 2934 4041.00074774
5 1196 2938 4043.79949606
4 1197 2939 4044.38433196
3 1198 2944 4051.50957808
4 1199 2945 4051.93962946
3 1200 2947 4052.00074774
2 1201 2948 4056.04555228
3 1202 2951 4062.35229123
2 1203 2953 4065.93962946
3 1204 2954 4066.30656984
4 1205 2958 4067.79417483
5 1206 2960 4071.52897736
6 1207 2962 4071.63473955
7 1208 2966 4073.31865302
6 1209 2967 4073.35229123
7 1210 2969 4074.004175
8 1211 2974 4079.95172931
7 1212 2975 4080.30656984
8 1213 2979 4081.27560853
7 1214 2983 4084.79417483
8 1215 2984 4085.20401864
7 1216 2986 4085.63473955
8 1217 2988 4086.41559775
7 1218 2993 4087.35229123
6 1219 2994 4088.52897736
7 1220 2995 4088.79094925
6 1221 2997 4094.30656984
5 1222 3006 4100.30656984
6 1223 3007 4101.01673363
5 1224 3011 4105.63473955
4 1225 3012 4105.79094925
3 1226 3013 4107.35229123
2 1227 3014 4107.79417483
3 1228 3015 4109.57295842
4 1229 3019 4111.18913904
5 1230 3022 4113.37314788
4 1231 3023 4115.01673363
5 1232 3024 4115.51933907
6 1233 3027 4121.72314906
5 1234 3028 4123.57295842
4 1235 3035 4126.51933907
3 1236 3036 4128.18913904
2 1237 3037 4131.18913904
3 1238 3038 4131.57141327
2 1239 3040 4132.51933907
3 1240 3041 4133.21865361
4 1241 3046 4136.11202619
5 1242 3047 4136.56003678
6 1243 3049 4137.17436614
5 1244 3051 4139.57141327
6 1245 3054 4141.95865985
7 1246 3061 4146.99792031
6 1247 3065 4147.56003678
5 1248 3066 4152.95865985
4 1249 3067 4153.21865361
3 1250 3069 4156.21865361
2 1251 3072 4157.17436614
3 1252 3073 4158.30712236
4 1253 3076 4161.58759684
3 1254 3077 4163.99792031
2 1255 3082 4169.30712236
3 1256 3083 4169.79641185
2 1257 3085 4175.30712236
3 1258 3086 4180.04096016
4 1259 3088 4181.36173359
5 1260 3091 4181.6923267
6 1261 3093 4182.9247104
5 1262 3100 4189.36173359
6 1263 3103 4193.25927362
5 1264 3105 4195.36173359
4 1265 3106 4198.79641185
3 1266 3107 4200.04096016
2 1267 3110 4201.79641185
3 1268 3111 4203.81645124
4 1269 3113 4205.76369542
3 1270 3115 4213.25927362
4 1271 3120 4221.06635098
3 1272 3124 4228.76369542
4 1273 3125 4229.9654615
5 1274 3127 4230.20885654
4 1275 3129 4232.06635098
3 1276 3130 4232.81645124
4 1277 3131 4236.36967272
3 1278 3139 4244.36967272
2 1279 3140 4246.9654615
3 1280 3141 4252.27511691
4 1281 3143 4252.67757054
3 1282 3145 4253.20885654
4 1283 3150 4264.75357716
5 1284 3153 4268.76965884
4 1285 3154 4269.27511691
3 1286 3158 4275.67757054
4 1287 3159 4277.46592458
5 1288 3161 4278.62709226
4 1289 3163 4278.75357716
3 1290 3164 4278.75357716
4 1291 3165 4281.64080883
5 1292 3169 4284.33016053
4 1293 3173 4289.62709226
5 1294 3174 4291.26742393
6 1295 3176 4292.53313939
7 1296 3178 4293.84919633
8 1297 3186 4296.53436409
7 1298 3188 4297.46592458
6 1299 3190 4301.64080883
5 1300 3191 4302.26742393
6 1301 3193 4302.96868368
5 1302 3194 4304.33016053
4 1303 3195 4305.26742393
3 1304 3201 4315.64080883
2 1305 3202 4320.46592458
1 1306 3204 4321.64080883
2 1307 3205 4322.62645589
3 1308 3207 4323.5971875
2 1309 3212 4334.5971875
3 1310 3215 4339.22073183
2 1311 3217 4345.62645589
3 1312 3220 4350.31851862
2 1313 3222 4356.22073183
3 1314 3223 4360.00450648
4 1315 3227 4364.24295392
5 1316 3229 4364.30514334
6 1317 3230 4366.51401682
5 1318 3232 4367.31851862
6 1319 3233 4368.12050492
7 1320 3234 4369.30315205
8 1321 3237 4375.39817549
7 1322 3239 4377.00450648
8 1323 3246 4385.52069088
9 1324 3247 4387.19499726
8 1325 3249 4387.24295392
9 1326 3250 4389.9798317
8 1327 3253 4390.31851862
7 1328 3255 4394.00450648
8 1329 3259 4402.1936122
7 1330 3266 4407.31851862
6 1331 3267 4410.31851862
5 1332 3272 4415.31851862
6 1333 3273 4415.41406813
5 1334 3275 4416.24295392
4 1335 3276 4417.00450648
3 1336 3277 4418.31851862
4 1337 3278 4422.30598037
5 1338 3284 4429.14931441
4 1339 3286 4430.24295392
3 1340 3287 4432.31851862
2 1341 3292 4439.30598037
1 1342 3293 4444.24295392
2 1343 3294 4445.91560475
3 1344 3296 4455.14270054
2 1345 3300 4462.91560475
3 1346 3301 4465.05442728
4 1347 3307 4472.13492303
3 1348 3309 4472.14270054
4 1349 3312 4475.53638273
5 1350 3315 4475.77192877
4 1351 3316 4477.13492303
3 1352 3317 4479.05442728
4 1353 3319 4481.9667896
3 1354 3327 4495.53638273
4 1355 3328 4495.67449392
3 1356 3330 4498.53638273
2 1357 3331 4498.9667896
3 1358 3332 4500.58975246
2 1359 3336 4511.58975246
3 1360 3339 4512.3858509
4 1361 3341 4513.96706862
5 1362 3342 4515.38984523
6 1363 3345 4520.7741067
5 1364 3347 4521.67449392
4 1365 3349 4523.3858509
5 1366 3351 4524.48007046
6 1367 3352 4529.09210202
7 1368 3356 4530.57997076
6 1369 3359 4540.3858509
5 1370 3361 4541.67449392
4 1371 3363 4543.3858509
3 1372 3366 4549.67449392
4 1373 3368 4551.68935522
5 1374 3369 4553.66574842
6 1375 3371 4557.77131256
7 1376 3372 4559.01841117
8 1377 3378 4563.18588761
7 1378 3379 4563.67449392
6 1379 3381 4566.3858509
5 1380 3382 4569.67449392
6 1381 3388 4581.51705468
5 1382 3390 4583.67449392
6 1383 3391 4585.06579932
5 1384 3392 4586.3858509
4 1385 3397 4597.3858509
3 1386 3405 4612.67449392
4 1387 3406 4613.48745028
3 1388 3407 4614.3858509
4 1389 3409 4616.31692031
5 1390 3412 4620.7303765
6 1391 3414 4622.18609934
7 1392 3415 4623.86917526
8 1393 3419 4628.03583894
7 1394 3421 4632.67449392
6 1395 3423 4634.3858509
5 1396 3424 4634.3858509
6 1397 3427 4640.33692103
7 1398 3428 4640.40423123
8 1399 3429 4640.42327452
7 1400 3433 4646.67449392
8 1401 3434 4648.54409473
9 1402 3437 4653.54025429
8 1403 3438 4654.3858509
7 1404 3441 4660.67449392
8 1405 3442 4661.33663303
9 1406 3445 4664.47425203
10 1407 3448 4673.20501102
9 1408 3450 4674.3858509
8 1409 3451 4674.67449392
9 1410 3455 4681.92901625
10 1411 3456 4682.80683777
9 1412 3460 4688.67449392
10 1413 3463 4696.387856
11 1414 3464 4696.73825457
10 1415 3467 4697.3858509
9 1416 3472 4699.67449392
10 1417 3473 4700.03278587
11 1418 3474 4702.36518739
10 1419 3476 4702.3858509
9 1420 3477 4702.3858509
10 1421 3478 4702.47196951
11 1422 3481 4711.50950279
12 1423 3482 4712.14567604
11 1424 3486 4713.67449392
12 1425 3487 4715.83801598
11 1426 3490 4719.3858509
12 1427 3493 4727.3905569
13 1428 3494 4729.12645588
14 1429 3498 4730.06024736
13 1430 3500 4733.67449392
14 1431 3501 4734.91316403
15 1432 3502 4738.1880886
16 1433 3503 4739.4411162
15 1434 3507 4742.3858509
14 1435 3508 4742.3858509
15 1436 3509 4750.3805457
14 1437 3512 4750.67449392
15 1438 3513 4750.77471119
16 1439 3516 4752.65069212
15 1440 3521 4756.3858509
16 1441 3522 4757.38249017
15 1442 3523 4758.67449392
14 1443 3526 4761.67449392
13 1444 3533 4767.3858509
14 1445 3534 4768.03465315
15 1446 3535 4769.48000658
14 1447 3539 4769.67449392
15 1448 3540 4771.62537414
16 1449 3541 4772.36075607
17 1450 3542 4772.91288191
16 1451 3545 4775.67449392
17 1452 3550 4777.29919524
16 1453 3553 4780.67449392
15 1454 3554 4783.67449392
14 1455 3556 4784.3858509
13 1456 3560 4786.67449392
14 1457 3561 4791.93787293
13 1458 3562 4795.3858509
14 1459 3564 4798.04086306
15 1460 3572 4809.5714133
14 1461 3574 4812.67449392
15 1462 3575 4812.73231649
16 1463 3576 4814.50443865
17 1464 3577 4814.97021406
18 1465 3583 4823.3386503
17 1466 3585 4824.93684392
16 1467 3586 4826.67449392
15 1468 3590 4830.93684392
14 1469 3591 4834.67449392
13 1470 3597 4845.67449392
12 1471 3600 4847.93684392
13 1472 3602 4857.83760717
14 1473 3605 4861.73976848
15 1474 3606 4865.862049
14 1475 3610 4873.93684392
15 1476 3615 4879.17506809
14 1477 3616 4881.93684392
13 1478 3617 4884.93684392
14 1479 3618 4887.20329459
13 1480 3621 4887.93684392
14 1481 3625 4904.61331011
15 1482 3626 4916.18927633
14 1483 3629 4916.93684392
13 1484 3630 4919.93684392
14 1485 3631 4923.98456353
15 1486 3634 4928.88284903
16 1487 3638 4931.85267829
15 1488 3640 4936.93684392
14 1489 3641 4942.93684392
15 1490 3642 4946.59229879
16 1491 3645 4953.17871162
17 1492 3646 4955.91408535
16 1493 3650 4959.93684392
17 1494 3651 4963.10983154
18 1495 3652 4963.26885131
19 1496 3653 4964.81159544
18 1497 3662 4973.93684392
19 1498 3663 4974.08655841
18 1499 3667 4976.93684392
17 1500 3670 4979.93684392
16 1501 3671 4983.10004207
15 1502 3674 4986.10004207
16 1503 3678 4995.31847744
15 1504 3681 4996.93684392
14 1505 3682 4996.93684392
15 1506 3683 4997.69901806
14 1507 3690 5009.10004207
13 1508 3694 5012.10004207
12 1509 3702 5013.93684392
11 1510 3703 5016.93684392
10 1511 3704 5017.10004207
9 1512 3709 5020.10004207
10 1513 3710 5020.4792147
11 1514 3711 5021.27441888
10 1515 3713 5021.93684392
9 1516 3714 5024.93684392
8 1517 3715 5024.93684392
7 1518 3718 5026.10004207
6 1519 3723 5032.93684392
5 1520 3727 5037.10004207
6 1521 3729 5040.83052858
5 1522 3730 5043.10004207
6 1523 3732 5045.06384572
7 1524 3733 5046.314797
8 1525 3740 5050.74650633
7 1526 3743 5052.93684392
6 1527 3744 5055.93684392
5 1528 3745 5055.93684392
4 1529 3746 5060.10004207
5 1530 3751 5063.86681652
6 1531 3752 5067.97525032
7 1532 3753 5068.45803044
6 1533 3754 5069.93684392
7 1534 3757 5072.51887111
8 1535 3758 5073.82473541
7 1536 3759 5075.93684392
8 1537 3761 5076.26905482
7 1538 3763 5077.10004207
8 1539 3764 5082.0947745
9 1540 3765 5083.87238912
10 1541 3768 5090.69206728
11 1542 3771 5095.50010291
10 1543 3773 5095.93684392
11 1544 3774 5102.32204701
10 1545 3779 5106.10004207
11 1546 3780 5107.91146487
12 1547 3781 5110.6772159
13 1548 3782 5112.19566935
12 1549 3786 5112.93684392
13 1550 3790 5114.21916406
14 1551 3791 5115.08166706
15 1552 3793 5115.95185056
16 1553 3794 5116.30600745
17 1554 3800 5119.02215053
16 1555 3801 5120.10004207
15 1556 3802 5120.93684392
14 1557 3803 5120.93684392
15 1558 3804 5124.25475536
16 1559 3805 5125.43423637
15 1560 3806 5126.93684392
14 1561 3808 5129.10004207
13 1562 3810 5129.93684392
14 1563 3818 5144.14022009
13 1564 3820 5146.10004207
14 1565 3825 5152.03475882
13 1566 3826 5152.93684392
12 1567 3831 5156.65036165
13 1568 3836 5160.66502862
12 1569 3838 5160.93684392
11 1570 3839 5163.10004207
10 1571 3841 5163.93684392
11 1572 3844 5169.31819455
10 1573 3849 5173.65036165
11 1574 3850 5174.49761686
10 1575 3851 5174.93684392
9 1576 3858 5176.65036165
8 1577 3859 5176.65036165
7 1578 3861 5180.10004207
8 1579 3866 5186.10617045
9 1580 3869 5187.41232096
8 1581 3873 5190.65036165
7 1582 3874 5191.93684392
6 1583 3876 5194.93684392
5 1584 3877 5197.10004207
4 1585 3879 5197.93684392
5 1586 3882 5202.61076602
4 1587 3887 5210.65036165
3 1588 3889 5214.93684392
4 1589 3892 5217.68707479
3 1590 3896 5223.10004207
2 1591 3897 5224.65036165
1 1592 3898 5225.68707479
2 1593 3899 5233.19731223
1 1594 3903 5250.19731223
2 1595 3904 5257.08040847
3 1596 3906 5258.93597481
4 1597 3912 5268.05395685
5 1598 3914 5269.15903401
6 1599 3915 5274.5260266
7 1600 3916 5274.56399159
6 1601 3918 5275.93597481
5 1602 3919 5277.08040847
4 1603 3926 5291.05395685
3 1604 3927 5292.93597481
4 1605 3930 5297.25065177
5 1606 3934 5298.97252134
4 1607 3935 5300.08040847
3 1608 3943 5311.05395685
2 1609 3944 5311.25065177
1 1610 3945 5317.08040847
2 1611 3946 5317.97946766
3 1612 3948 5323.7080449
4 1613 3953 5326.57178365
3 1614 3956 5331.97946766
4 1615 3957 5334.42517985
3 1616 3959 5337.7080449
4 1617 3964 5347.55353801
5 1618 3966 5349.99460404
4 1619 3969 5352.57178365
3 1620 3973 5360.42517985
2 1621 3974 5361.55353801
3 1622 3977 5366.35696689
2 1623 3979 5366.57178365
3 1624 3980 5368.06087143
4 1625 3982 5368.35063483
5 1626 3985 5371.5512949
6 1627 3993 5373.65304947
7 1628 3994 5377.27797057
6 1629 3996 5379.35063483
5 1630 3997 5382.35063483
4 1631 4001 5383.35696689
3 1632 4002 5385.06087143
2 1633 4003 5387.35063483
3 1634 4006 5390.56507748
2 1635 4008 5400.35696689
3 1636 4009 5400.38735703
4 1637 4013 5401.88281699
5 1638 4015 5403.36962935
4 1639 4019 5407.56507748
3 1640 4022 5414.38735703
4 1641 4023 5415.43322447
5 1642 4028 5417.93798875
4 1643 4029 5418.88281699
5 1644 4030 5421.18918225
4 1645 4032 5424.56507748
5 1646 4033 5427.20324732
6 1647 4040 5432.0186963
5 1648 4041 5432.43322447
4 1649 4047 5438.18918225
3 1650 4048 5438.43322447
4 1651 4049 5440.24773966
3 1652 4051 5441.20324732
2 1653 4054 5446.43322447
3 1654 4055 5447.55492266
2 1655 4057 5454.24773966
3 1656 4058 5456.48418161
4 1657 4060 5456.67410054
5 1658 4066 5465.30414306
4 1659 4070 5470.48418161
3 1660 4071 5470.55492266
4 1661 4072 5470.92620955
3 1662 4074 5476.67410054
4 1663 4080 5482.1488058
3 1664 4083 5487.48418161
2 1665 4084 5493.92620955
1 1666 4087 5498.48418161
2 1667 4088 5503.17660228
3 1668 4092 5507.02942157
4 1669 4096 5507.51534328
3 1670 4098 5514.17660228
4 1671 4101 5517.83302907
3 1672 4105 5521.51534328
2 1673 4106 5524.02942157
3 1674 4109 5526.55231295
2 1675 4111 5534.83302907
3 1676 4114 5542.02442181
4 1677 4116 5546.6393339
3 1678 4118 5549.55231295
4 1679 4123 5558.45633517
5 1680 4127 5560.05107651
4 1681 4129 5562.02442181
3 1682 4130 5563.6393339
2 1683 4133 5569.45633517
1 1684 4136 5577.05107651
2 1685 4137 5581.10322787
3 1686 4140 5581.66830844
4 1687 4141 5584.84834163
5 1688 4143 5585.77307458
4 1689 4148 5592.10322787
5 1690 4150 5594.66594593
4 1691 4151 5595.10322787
3 1692 4157 5608.77307458
4 1693 4159 5609.27739642
3 1694 4162 5610.84834163
2 1695 4163 5613.84834163
3 1696 4164 5616.42587447
4 1697 4166 5619.53090284
5 1698 4168 5623.18541508
4 1699 4170 5623.27739642
3 1700 4177 5636.42587447
2 1701 4178 5640.18541508
1 1702 4179 5642.53090284
2 1703 4180 5649.25882402
1 1704 4184 5657.25882402
2 1705 4185 5665.28138347
3 1706 4188 5666.5752484
4 1707 4192 5671.40148519
3 1708 4194 5673.28138347
2 1709 4195 5676.28138347
3 1710 4198 5685.92479027
4 1711 4202 5690.79032534
3 1712 4204 5690.92479027
2 1713 4205 5691.40148519
3 1714 4208 5699.15791258
2 1715 4210 5701.79032534
3 1716 4211 5702.39744743
4 1717 4215 5708.12686304
5 1718 4219 5709.98441201
4 1719 4223 5713.15791258
5 1720 4224 5714.80982442
4 1721 4228 5719.12686304
3 1722 4229 5719.39744743
4 1723 4232 5728.97285894
3 1724 4234 5729.98441201
4 1725 4235 5730.95341209
3 1726 4237 5731.80982442
4 1727 4238 5732.66330757
5 1728 4240 5740.52697254
4 1729 4248 5749.66330757
3 1730 4249 5750.95341209
4 1731 4250 5752.42361195
5 1732 4252 5754.35997459
4 1733 4254 5754.97285894
5 1734 4257 5758.60800899
4 1735 4259 5760.52697254
5 1736 4264 5768.60425812
4 1737 4266 5771.35997459
5 1738 4269 5775.53849752
4 1739 4271 5775.60800899
3 1740 4272 5778.42361195
4 1741 4277 5779.8939813
3 1742 4279 5785.60425812
4 1743 4280 5786.20529814
3 1744 4282 5789.53849752
4 1745 4285 5795.6038352
3 1746 4289 5799.8939813
2 1747 4290 5803.20529814
3 1748 4291 5810.75719707
4 1749 4295 5811.86983506
5 1750 4297 5818.43383619
6 1751 4301 5820.48938089
7 1752 4304 5824.12794804
6 1753 4306 5827.6038352
5 1754 4308 5827.75719707
6 1755 4313 5833.96507155
5 1756 4316 5834.86983506
4 1757 4318 5835.75719707
3 1758 4319 5838.43383619
2 1759 4320 5841.6038352
3 1760 4321 5844.30422381
4 1761 4323 5846.26827666
5 1762 4327 5849.56829111
4 1763 4333 5854.86983506
5 1764 4337 5857.68982521
6 1765 4338 5858.09360355
5 1766 4341 5858.30422381
4 1767 4342 5863.56829111
3 1768 4344 5866.26827666
4 1769 4348 5880.38635673
3 1770 4350 5881.30422381
2 1771 4351 5881.30422381
3 1772 4352 5890.67626334
4 1773 4357 5900.15867909
3 1774 4358 5900.38635673
4 1775 4362 5902.7078822
3 1776 4364 5904.67626334
2 1777 4365 5907.67626334
3 1778 4368 5914.773353
4 1779 4370 5915.39894711
5 1780 4373 5917.51357965
6 1781 4375 5917.52299367
5 1782 4381 5919.7078822
6 1783 4382 5923.63835372
7 1784 4386 5925.92139943
6 1785 4388 5926.39894711
5 1786 4389 5926.39894711
4 1787 4390 5926.39894711
5 1788 4392 5928.13941266
4 1789 4398 5933.92139943
5 1790 4399 5935.98707696
4 1791 4401 5936.92139943
3 1792 4402 5937.773353
4 1793 4403 5939.45572457
3 1794 4407 5946.63835372
2 1795 4410 5952.98707696
1 1796 4411 5956.45572457
2 1797 4412 5963.16839142
1 1798 4416 5971.16839142
2 1799 4418 5991.17810631
3 1800 4419 5991.31693808
4 1801 4423 5998.8916349
3 1802 4429 6008.17810631
4 1803 4430 6008.88212101
3 1804 4432 6009.8916349
2 1805 4433 6011.31693808
3 1806 4434 6012.21241139
4 1807 4436 6012.26030952
5 1808 4442 6020.89397652
6 1809 4444 6021.41522945
5 1810 4449 6028.88212101
4 1811 4451 6029.26030952
3 1812 4452 6031.89397652
2 1813 4453 6032.21241139
1 1814 4456 6048.88212101
2 1815 4457 6060.31982589
3 1816 4459 6064.36757617
4 1817 4461 6066.27345922
5 1818 4464 6066.77010807
6 1819 4472 6077.29615299
7 1820 4474 6077.70581191
6 1821 4476 6078.36757617
5 1822 4477 6080.27345922
4 1823 4482 6086.31982589
3 1824 4483 6086.31982589
4 1825 4484 6090.27392775
3 1826 4486 6091.29615299
2 1827 4487 6098.36757617
3 1828 4488 6098.86374917
4 1829 4494 6106.03337845
3 1830 4496 6109.86374917
2 1831 4497 6110.27392775
3 1832 4499 6112.12704547
4 1833 4503 6115.65207811
3 1834 4505 6117.03337845
2 1835 4506 6117.03337845
3 1836 4509 6131.11623963
4 1837 4513 6135.98280214
3 1838 4515 6138.65207811
2 1839 4516 6139.11623963
3 1840 4519 6157.52520285
4 1841 4521 6159.9219663
3 1842 4523 6161.98280214
4 1843 4524 6164.02265379
5 1844 4531 6169.2100683
6 1845 4532 6169.71167061
7 1846 4536 6172.35440072
8 1847 4537 6172.96367825
7 1848 4539 6173.9219663
6 1849 4545 6180.52520285
5 1850 4547 6180.71167061
4 1851 4550 6184.02265379
3 1852 4551 6187.9219663
2 1853 4552 6188.52520285
1 1854 4553 6190.02265379
2 1855 4554 6192.24287445
3 1856 4556 6193.52244986
2 1857 4562 6206.24287445
3 1858 4563 6211.47499043
4 1859 4566 6211.91757102
3 1860 4567 6213.52244986
4 1861 4568 6214.7248355
3 1862 4575 6228.47499043
2 1863 4576 6228.47499043
1 1864 4577 6228.7248355
2 1865 4578 6230.63733512
3 1866 4580 6238.82542278
4 1867 4582 6243.32057959
5 1868 4588 6249.68706217
4 1869 4592 6252.82542278
5 1870 4595 6254.09125026
6 1871 4597 6255.22206821
5 1872 4599 6256.63733512
6 1873 4601 6256.70749886
7 1874 4603 6257.10978525
6 1875 4607 6260.68706217
7 1876 4608 6260.9950945
6 1877 4610 6265.09125026
5 1878 4611 6266.32057959
4 1879 4618 6271.09125026
5 1880 4620 6272.40782534
6 1881 4622 6272.66084903
5 1882 4623 6273.63733512
4 1883 4625 6276.63733512
3 1884 4628 6283.9950945
4 1885 4629 6286.66926617
3 1886 4631 6290.63733512
2 1887 4634 6298.40782534
3 1888 4637 6300.35974653
2 1889 4639 6303.66926617
3 1890 4643 6317.96636307
2 1891 4645 6323.35974653
1 1892 4648 6337.96636307
2 1893 4649 6342.37475683
3 1894 4651 6343.21472328
4 1895 4653 6345.93463125
3 1896 4661 6356.93463125
4 1897 4662 6358.08387847
3 1898 4664 6362.37475683
2 1899 4665 6363.21472328
3 1900 4666 6363.94214014
4 1901 4670 6367.00174824
3 1902 4672 6369.08387847
4 1903 4675 6371.60712368
3 1904 4677 6374.94214014
4 1905 4680 6382.61044902
3 1906 4682 6384.00174824
4 1907 4683 6384.32878673
5 1908 4685 6384.94414337
4 1909 4693 6394.60712368
3 1910 4696 6395.32878673
4 1911 4697 6398.18121069
3 1912 4699 6399.61044902
4 1913 4700 6401.92269455
5 1914 4704 6408.21508363
6 1915 4707 6409.85894598
5 1916 4708 6410.94414337
6 1917 4712 6418.44261255
5 1918 4714 6418.92269455
4 1919 4715 6421.18121069
5 1920 4718 6421.55054676
6 1921 4720 6421.58595124
5 1922 4722 6421.92269455
6 1923 4725 6427.36914248
7 1924 4728 6430.50696921
8 1925 4729 6430.88277021
7 1926 4731 6431.21508363
6 1927 4732 6432.92269455
5 1928 4738 6438.44261255
6 1929 4740 6440.14949001
5 1930 4744 6447.55054676
4 1931 4747 6449.92269455
5 1932 4748 6450.14502247
6 1933 4753 6451.98702346
5 1934 4754 6454.21508363
4 1935 4758 6461.44261255
3 1936 4759 6461.55054676
2 1937 4760 6464.14502247
1 1938 4761 6467.14502247
2 1939 4762 6468.9496051
3 1940 4766 6473.37162218
4 1941 4768 6475.77828679
3 1942 4770 6479.9496051
4 1943 4775 6486.999979
3 1944 4777 6489.77828679
4 1945 4780 6492.08507709
3 1946 4782 6493.37162218
2 1947 4783 6497.999979
3 1948 4784 6503.92797319
4 1949 4788 6506.55421555
5 1950 4790 6507.83294964
6 1951 4793 6509.22605767
7 1952 4794 6511.01166668
8 1953 4795 6511.07994604
7 1954 4799 6512.08507709
8 1955 4803 6514.60933896
9 1956 4807 6517.61516245
8 1957 4812 6521.83294964
7 1958 4814 6523.08507709
8 1959 4815 6525.58868911
7 1960 4816 6526.55421555
6 1961 4818 6526.55421555
5 1962 4819 6526.92797319
6 1963 4820 6528.5279154
5 1964 4822 6532.08507709
6 1965 4828 6533.11918418
5 1966 4834 6540.08507709
4 1967 4836 6545.5279154
3 1968 4837 6549.55421555
2 1969 4838 6550.83294964
1 1970 4839 6552.55421555
2 1971 4841 6565.35454936
3 1972 4843 6567.10387448
4 1973 4845 6567.78321724
3 1974 4851 6572.78321724
4 1975 4852 6573.73808328
3 1976 4856 6578.10387448
4 1977 4859 6582.37826616
3 1978 4861 6584.73808328
2 1979 4862 6585.35454936
3 1980 4863 6588.16294217
2 1981 4869 6605.16294217
3 1982 4870 6607.58295725
2 1983 4872 6611.37826616
3 1984 4875 6620.09704519
2 1985 4877 6621.58295725
3 1986 4880 6633.86467514
2 1987 4882 6634.09704519
1 1988 4885 6644.86467514
2 1989 4886 6647.23819195
3 1990 4888 6650.78849299
4 1991 4892 6653.02862195
5 1992 4894 6657.24065616
4 1993 4899 6661.23819195
5 1994 4901 6666.34893282
4 1995 4902 6667.02862195
3 1996 4906 6673.78849299
2 1997 4909 6681.23819195
3 1998 4910 6682.0801455
2 1999 4912 6684.02862195
1 2000 4918 6702.0801455
0 2001 4919 6704.90107483
0 2002 4921 7007.08507709
