#data counter step time
0 1 0 0.0
1 2 1 0.0
2 3 12 20.9155521109
3 4 14 21.8407485083
4 5 18 31.0609865297
5 6 22 34.8262482639
4 7 26 40.9155521109
5 8 27 42.3149169251
4 9 31 44.8407485083
3 10 32 48.0609865297
2 11 33 48.8262482639
3 12 34 49.4025761885
4 13 38 56.256958497
3 14 42 65.3149169251
2 15 45 66.4025761885
3 16 46 71.0302593677
2 17 48 79.256958497
1 18 51 88.0302593677
2 19 52 93.3677875059
3 20 54 104.234045143
2 21 60 119.367787506
1 22 61 127.234045143
2 23 62 141.337624131
3 24 66 154.737761591
2 25 68 155.337624131
3 26 69 158.948102899
4 27 75 163.305533114
5 28 77 164.462181182
4 29 79 165.737761591
3 30 82 172.948102899
4 31 85 176.162470267
3 32 89 181.462181182
4 33 90 182.130114871
3 34 94 186.305533114
2 35 95 187.162470267
1 36 96 190.130114871
2 37 97 197.021094473
3 38 99 198.745219638
4 39 101 201.29509817
3 40 107 208.021094473
2 41 108 209.745219638
1 42 111 224.29509817
2 43 112 234.425962209
3 44 114 237.220520358
2 45 120 245.425962209
1 46 121 248.220520358
2 47 122 254.431287418
3 48 124 255.029931267
4 49 127 260.659576473
5 50 128 260.813343261
6 51 130 263.522149987
7 52 132 265.590404144
6 53 141 270.590404144
5 54 142 271.431287418
4 55 147 277.522149987
5 56 148 278.546665478
4 57 150 281.029931267
3 58 151 283.431287418
2 59 152 283.813343261
3 60 155 286.070758637
4 61 159 292.853023958
5 62 161 297.535190071
6 63 164 298.441446766
5 64 165 298.546665478
4 65 168 300.070758637
5 66 169 300.892296645
4 67 174 303.853023958
3 68 175 308.535190071
2 69 176 308.535190071
3 70 179 320.888429945
4 71 181 322.021837634
3 72 183 326.892296645
4 73 186 329.767077995
5 74 190 330.874651744
4 75 192 331.888429945
3 76 197 342.021837634
2 77 198 343.767077995
3 78 199 344.07579656
2 79 201 344.874651744
1 80 204 358.07579656
2 81 205 359.424231978
3 82 207 362.78852942
4 83 213 372.61719986
3 84 215 373.424231978
2 85 216 373.78852942
3 86 219 387.983630166
2 87 221 389.61719986
1 88 224 398.983630166
2 89 225 408.930855443
3 90 227 415.467864359
4 91 233 426.019597865
3 92 235 426.467864359
2 93 236 428.930855443
3 94 237 429.739109607
4 95 240 429.904410824
5 96 244 435.812171065
4 97 250 446.019597865
3 98 251 446.739109607
2 99 252 449.019597865
1 100 253 455.812171065
2 101 254 459.137738017
1 102 258 479.137738017
2 103 259 480.482648526
3 104 261 481.317803726
4 105 263 489.011926855
5 106 269 495.84690677
6 107 273 498.912439127
5 108 277 503.482648526
4 109 278 504.317803726
3 110 279 509.011926855
4 111 282 514.74506416
3 112 284 515.84690677
2 113 285 521.912439127
1 114 288 531.74506416
2 115 289 535.813816432
1 116 293 543.813816432
2 117 295 549.870475265
1 118 298 557.870475265
2 119 299 559.791989621
3 120 301 561.639037663
4 121 303 566.757644488
5 122 305 567.331776878
6 123 308 569.116188934
7 124 315 577.405802977
6 125 317 578.639037663
5 126 321 585.791989621
4 127 322 586.757644488
3 128 323 587.331776878
2 129 326 589.757644488
1 130 327 597.405802977
2 131 328 598.085645196
3 132 330 604.238268509
4 133 334 612.478590464
3 134 340 620.478590464
2 135 341 621.085645196
1 136 342 624.238268509
2 137 343 631.494259701
3 138 345 633.253731283
4 139 351 641.000034012
3 140 353 642.494259701
2 141 354 644.253731283
1 142 357 664.000034012
2 143 358 672.615700817
1 144 362 680.615700817
2 145 364 697.637261703
3 146 367 703.571268797
4 147 369 704.880491961
3 148 371 705.637261703
4 149 372 706.69814558
5 150 377 710.598869536
6 151 380 714.548318069
5 152 382 717.571268797
6 153 383 718.950012502
5 154 392 726.69814558
4 155 393 729.950012502
3 156 394 733.880491961
2 157 395 733.880491961
3 158 396 735.310684098
2 159 398 737.548318069
3 160 399 748.2723684
4 161 403 755.136107676
3 162 405 755.310684098
4 163 406 757.740184333
5 164 410 762.936919334
4 165 416 769.136107676
3 166 419 774.740184333
4 167 420 775.398073692
5 168 422 777.597674858
4 169 426 779.936919334
3 170 427 780.2723684
4 171 428 781.906797911
5 172 432 789.798243815
4 173 434 792.398073692
5 174 435 792.537577734
6 175 437 794.561028048
7 176 440 794.823774152
8 177 446 797.651177494
9 178 447 798.235350003
10 179 450 800.957647734
9 180 451 801.906797911
8 181 456 803.597674858
7 182 457 807.906797911
6 183 459 808.561028048
5 184 462 812.537577734
6 185 463 812.857723718
5 186 470 817.597674858
4 187 472 818.798243815
3 188 473 820.597674858
2 189 474 820.857723718
3 190 475 821.169457782
4 191 477 821.36894358
5 192 479 821.610240873
4 193 481 821.906797911
5 194 484 826.612342531
4 195 486 829.169457782
5 196 490 836.060016433
6 197 494 836.740230187
7 198 497 842.285799574
6 199 501 843.612342531
5 200 502 844.610240873
6 201 504 845.954921984
5 202 505 847.060016433
6 203 508 847.432604665
5 204 509 850.36894358
6 205 516 851.791025451
5 206 519 854.612342531
6 207 520 855.860131702
7 208 522 860.243660297
6 209 523 860.612342531
7 210 525 862.233856258
8 211 526 863.821022812
7 212 528 864.060016433
6 213 530 864.610240873
5 214 537 871.612342531
4 215 541 878.060016433
3 216 543 879.612342531
4 217 546 887.709145403
3 218 548 888.612342531
2 219 549 890.610240873
3 220 552 893.826360719
4 221 553 894.96838854
3 222 557 905.612342531
4 223 560 912.967410169
5 224 561 913.204055617
6 225 562 915.273288636
5 226 563 919.612342531
6 227 566 922.473500779
7 228 570 935.16402981
8 229 571 938.021869185
9 230 572 938.257647253
10 231 573 939.467786577
9 232 576 939.612342531
8 233 577 939.612342531
9 234 578 941.705418385
8 235 582 953.612342531
7 236 584 953.612342531
6 237 588 967.612342531
7 238 589 968.609354231
8 239 592 984.561367443
7 240 594 987.612342531
8 241 597 999.847319315
9 242 598 1003.98694941
10 243 599 1006.9326173
9 244 601 1007.61234253
8 245 605 1018.61234253
9 246 608 1023.18025827
8 247 610 1026.61234253
9 248 613 1049.23885317
10 249 614 1050.32039726
9 250 621 1052.61234253
10 251 622 1053.81409867
11 252 623 1056.71036071
10 253 627 1063.61234253
9 254 629 1063.61234253
10 255 633 1066.55728915
11 256 634 1070.53087919
12 257 635 1070.58829357
13 258 638 1074.11267616
12 259 640 1075.59767486
11 260 641 1075.59767486
10 261 649 1083.61234253
9 262 655 1087.36894358
8 263 659 1089.59767486
7 264 660 1090.36894358
8 265 661 1092.63282744
7 266 663 1095.36894358
6 267 664 1096.36894358
7 268 669 1101.05232487
6 269 671 1103.61234253
5 270 677 1106.59767486
6 271 678 1106.99656367
5 272 681 1108.61234253
4 273 688 1115.36894358
5 274 689 1116.42400554
4 275 691 1119.61234253
3 276 693 1122.61234253
4 277 694 1124.23332416
3 278 696 1126.59767486
4 279 698 1128.9161795
3 280 705 1139.42400554
2 281 706 1141.23332416
1 282 707 1141.23332416
2 283 708 1157.5301051
3 284 710 1158.86679521
4 285 714 1169.41095232
3 286 716 1169.86679521
4 287 719 1173.91014033
5 288 725 1184.10289088
4 289 727 1186.5301051
3 290 728 1190.91014033
2 291 729 1195.41095232
3 292 732 1200.02283518
2 293 734 1203.5301051
3 294 735 1203.92528134
4 295 739 1217.03234205
3 296 741 1220.02283518
4 297 744 1226.70493917
5 298 748 1232.01466417
6 299 749 1233.92200379
5 300 751 1235.92528134
4 301 753 1237.03234205
5 302 758 1245.42443297
4 303 761 1249.70493917
3 304 763 1254.03234205
4 305 764 1254.20360745
3 306 766 1255.92528134
4 307 770 1260.4416912
3 308 771 1266.70493917
4 309 776 1269.54901211
5 310 779 1271.83146536
6 311 780 1273.53709992
7 312 785 1277.039849
6 313 787 1277.20360745
5 314 790 1280.20360745
4 315 793 1280.54901211
3 316 794 1283.54901211
2 317 795 1285.039849
3 318 796 1288.36966192
2 319 798 1290.53709992
3 320 801 1306.40512342
4 321 804 1308.28826709
5 322 805 1308.83998977
4 323 807 1311.36966192
5 324 813 1314.17528693
6 325 817 1315.95285202
5 326 819 1317.40512342
6 327 822 1321.20429892
5 328 823 1322.83998977
4 329 825 1323.40512342
3 330 826 1326.95285202
2 331 827 1331.17528693
3 332 828 1331.2414145
4 333 830 1337.95283796
3 334 836 1342.83998977
4 335 837 1343.8153681
3 336 841 1345.2414145
2 337 844 1354.8153681
3 338 845 1355.74902706
2 339 849 1363.95283796
1 340 850 1369.74902706
2 341 851 1374.24823095
3 342 853 1377.65270527
4 343 855 1383.54734629
5 344 859 1386.22518495
6 345 865 1388.57761176
5 346 866 1391.24823095
4 347 868 1391.65270527
5 348 869 1392.32606713
4 349 871 1394.54734629
5 350 872 1398.6156821
6 351 878 1403.21166883
5 352 884 1408.24823095
4 353 885 1412.22518495
3 354 886 1412.32606713
2 355 887 1415.6156821
3 356 888 1423.85745219
2 357 892 1431.24823095
3 358 893 1431.70146607
4 359 898 1437.27786036
5 360 899 1438.28133977
4 361 906 1446.85745219
3 362 907 1448.70146607
2 363 908 1448.70146607
3 364 909 1448.98407648
2 365 911 1452.28133977
1 366 914 1465.98407648
2 367 915 1472.65915559
3 368 917 1474.4907997
4 369 919 1475.73770631
5 370 922 1476.17585526
4 371 928 1483.73770631
3 372 929 1486.73770631
2 373 930 1488.4907997
3 374 933 1494.25145403
4 375 935 1494.57045607
3 376 937 1498.65915559
4 377 938 1498.79490173
5 378 943 1501.49656295
6 379 945 1503.84409362
5 380 955 1511.57045607
4 381 956 1512.79490173
5 382 957 1513.98679542
4 383 959 1514.25145403
5 384 960 1517.20566982
4 385 962 1517.84409362
3 386 963 1521.49656295
4 387 964 1522.8336778
5 388 970 1524.7600347
4 389 974 1527.98679542
3 390 975 1531.20566982
4 391 976 1531.90699317
5 392 978 1532.31601563
4 393 980 1533.8336778
5 394 984 1535.14902777
6 395 985 1537.59269199
7 396 989 1541.47318508
8 397 990 1541.82008144
9 398 991 1542.15372209
10 399 994 1546.0757
9 400 996 1546.14902777
10 401 997 1547.43834998
11 402 998 1547.65654509
10 403 1000 1547.7600347
9 404 1005 1551.90699317
8 405 1008 1552.31601563
9 406 1009 1552.67952735
10 407 1014 1557.94222611
9 408 1019 1560.59269199
8 409 1021 1561.7600347
7 410 1024 1563.31601563
8 411 1027 1565.07739911
7 412 1029 1569.14902777
6 413 1032 1571.90699317
5 414 1036 1574.59269199
6 415 1039 1579.07259131
5 416 1043 1580.31601563
4 417 1045 1583.14902777
3 418 1047 1584.7600347
4 419 1048 1588.81445586
5 420 1051 1591.73369903
4 421 1052 1591.90699317
5 422 1056 1592.60041461
6 423 1057 1596.13270537
5 424 1060 1599.07259131
4 425 1065 1602.90699317
5 426 1067 1603.22618209
6 427 1068 1611.40555589
7 428 1069 1611.71233828
6 429 1070 1611.81445586
7 430 1076 1613.31873022
6 431 1077 1619.07259131
5 432 1083 1625.90699317
4 433 1085 1630.07259131
5 434 1089 1637.28252072
4 435 1090 1639.90699317
3 436 1094 1643.81445586
2 437 1095 1647.07259131
3 438 1098 1655.86233147
4 439 1100 1656.61166852
3 440 1102 1656.90699317
4 441 1105 1660.19318183
5 442 1106 1662.27743639
6 443 1108 1664.63986502
7 444 1109 1665.17011031
6 445 1117 1672.86233147
5 446 1118 1676.61166852
6 447 1122 1677.97025652
7 448 1123 1681.18783028
6 449 1124 1681.86233147
5 450 1126 1681.86233147
4 451 1127 1684.61166852
5 452 1129 1686.53903306
6 453 1130 1688.0831299
7 454 1133 1692.02330713
6 455 1136 1695.61166852
7 456 1138 1697.73663309
8 457 1139 1698.14408728
9 458 1142 1705.05192375
8 459 1144 1707.86233147
7 460 1147 1712.61166852
8 461 1150 1720.70574919
9 462 1151 1721.94871138
8 463 1155 1732.61166852
7 464 1158 1733.86233147
8 465 1159 1734.50554397
7 466 1162 1735.61166852
8 467 1163 1737.72943748
9 468 1164 1740.64464652
8 469 1166 1741.86233147
9 470 1171 1746.36072433
10 471 1172 1746.36604045
11 472 1173 1749.0516402
12 473 1174 1751.8665407
11 474 1177 1755.61166852
10 475 1179 1755.86233147
11 476 1180 1756.48672001
10 477 1187 1760.61166852
11 478 1188 1760.63067223
12 479 1191 1762.11586353
11 480 1192 1766.61166852
10 481 1194 1766.86233147
11 482 1195 1767.88416562
12 483 1196 1774.04736735
11 484 1199 1774.61166852
12 485 1201 1776.36485053
13 486 1205 1781.94741618
12 487 1206 1786.86233147
11 488 1211 1789.86233147
10 489 1213 1794.61166852
11 490 1214 1795.66512993
10 491 1215 1797.61166852
11 492 1218 1805.31047592
12 493 1222 1808.48609166
13 494 1226 1810.26225364
12 495 1229 1813.31601563
11 496 1232 1815.86233147
10 497 1234 1820.61166852
9 498 1237 1822.31601563
10 499 1238 1822.69043289
11 500 1239 1825.78080487
12 501 1245 1827.8454338
13 502 1246 1829.13417452
12 503 1248 1832.86233147
11 504 1249 1832.86233147
10 505 1250 1834.61166852
9 506 1259 1842.31601563
10 507 1262 1845.4614848
9 508 1264 1846.86233147
8 509 1270 1848.31601563
7 510 1271 1849.14902777
8 511 1273 1850.91503546
7 512 1280 1859.31601563
6 513 1281 1862.31601563
7 514 1285 1863.21542644
6 515 1287 1863.61166852
5 516 1288 1868.31601563
4 517 1289 1869.14902777
5 518 1290 1872.0763181
4 519 1294 1872.86233147
3 520 1300 1876.31601563
4 521 1301 1877.60756287
3 522 1303 1880.0763181
2 523 1304 1880.61166852
3 524 1307 1885.67453723
4 525 1309 1886.90952398
5 526 1312 1888.55498498
4 527 1320 1900.60756287
5 528 1321 1901.71060631
4 529 1322 1903.60756287
3 530 1324 1906.60756287
2 531 1325 1906.90952398
1 532 1328 1914.60756287
2 533 1330 1919.00210344
3 534 1332 1923.79220283
4 535 1336 1930.95274804
3 536 1340 1936.00210344
4 537 1341 1940.98913403
5 538 1343 1942.68455245
6 539 1346 1947.66525688
7 540 1347 1949.81155062
6 541 1349 1950.95274804
5 542 1352 1955.79220283
4 543 1354 1957.98913403
5 544 1358 1960.28638971
6 545 1362 1962.31897074
5 546 1363 1966.79220283
4 547 1365 1967.95274804
3 548 1369 1974.98913403
2 549 1370 1977.98913403
3 550 1373 1984.04705747
2 551 1375 1992.79220283
3 552 1376 1993.14600574
2 553 1382 2007.04705747
3 554 1383 2007.99380271
4 555 1387 2012.04574634
3 556 1389 2016.14600574
2 557 1392 2023.04574634
1 558 1393 2027.99380271
2 559 1394 2047.40839437
3 560 1396 2049.25402098
4 561 1400 2061.02223815
5 562 1402 2062.18753332
6 563 1405 2062.64406087
7 564 1406 2063.04362678
8 565 1407 2063.12501934
7 566 1409 2067.40839437
6 567 1410 2069.25402098
5 568 1417 2081.02223815
6 569 1418 2081.83146108
5 570 1424 2084.40839437
4 571 1425 2086.02223815
5 572 1428 2091.46681619
4 573 1434 2095.25402098
5 574 1435 2095.26554798
4 575 1437 2097.02223815
5 576 1438 2098.88572425
4 577 1440 2101.40839437
3 578 1441 2104.40839437
4 579 1446 2116.79269505
5 580 1449 2118.25058244
4 581 1450 2118.26554798
3 582 1451 2121.88572425
4 583 1456 2124.23803382
5 584 1459 2126.17467783
4 585 1460 2127.79269505
3 586 1461 2136.79269505
2 587 1465 2141.23803382
1 588 1466 2144.23803382
2 589 1467 2168.55003152
3 590 1471 2183.3136086
4 591 1473 2185.45034618
3 592 1477 2188.55003152
4 593 1478 2188.62195356
3 594 1482 2194.3136086
2 595 1486 2199.45034618
1 596 1487 2202.62195356
2 597 1488 2212.45967827
3 598 1490 2212.52162012
4 599 1494 2219.86016296
5 600 1496 2220.6176742
4 601 1502 2229.45967827
5 602 1503 2229.59680103
4 603 1509 2233.86016296
3 604 1510 2235.52162012
2 605 1511 2240.59680103
1 606 1512 2240.6176742
2 607 1513 2245.0198067
3 608 1515 2246.66192908
4 609 1519 2249.11673647
3 610 1521 2256.0198067
4 611 1524 2261.12798048
3 612 1528 2263.66192908
4 613 1529 2266.20098598
3 614 1531 2269.11673647
4 615 1534 2272.60407556
3 616 1538 2278.12798048
2 617 1541 2283.60407556
1 618 1542 2286.20098598
2 619 1544 2287.46066497
3 620 1548 2300.4953648
2 621 1551 2301.46066497
1 622 1554 2311.4953648
2 623 1555 2322.26443732
3 624 1557 2331.4224362
2 625 1563 2336.26443732
1 626 1564 2342.4224362
2 627 1565 2342.78634718
3 628 1567 2349.99603365
2 629 1573 2360.99603365
1 630 1574 2368.78634718
2 631 1575 2371.23729174
3 632 1577 2373.47014482
4 633 1579 2376.83715196
3 634 1585 2387.47014482
2 635 1586 2388.23729174
3 636 1587 2391.18535357
4 637 1591 2397.05601878
5 638 1593 2399.7713594
6 639 1596 2401.26553158
7 640 1602 2407.65364302
6 641 1603 2408.18535357
5 642 1605 2408.83715196
6 643 1608 2411.3775303
7 644 1610 2413.98537025
6 645 1613 2416.7713594
5 646 1615 2417.18535357
4 647 1618 2419.3775303
3 648 1621 2423.05601878
2 649 1623 2427.7713594
1 650 1625 2431.18535357
2 651 1626 2432.60415493
3 652 1628 2434.06016905
4 653 1634 2445.19119016
3 654 1636 2446.60415493
2 655 1637 2451.06016905
3 656 1638 2451.92585486
2 657 1642 2462.19119016
3 658 1645 2473.03730296
4 659 1647 2477.38144031
3 660 1649 2483.92585486
4 661 1652 2486.4029836
3 662 1658 2493.03730296
4 663 1659 2493.79392363
3 664 1661 2497.4029836
2 665 1662 2500.38144031
3 666 1665 2508.80074113
4 667 1667 2512.63904135
3 668 1670 2513.79392363
4 669 1671 2518.05356626
5 670 1677 2520.79902981
6 671 1681 2525.07950391
5 672 1683 2526.63904135
4 673 1684 2528.80074113
5 674 1689 2537.19231253
4 675 1691 2538.05356626
3 676 1692 2540.63904135
4 677 1693 2543.90460587
3 678 1695 2546.79902981
4 679 1696 2547.15596885
3 680 1704 2557.19231253
2 681 1706 2557.90460587
3 682 1707 2560.05440886
2 683 1709 2564.15596885
3 684 1710 2566.36508424
4 685 1712 2567.27306785
5 686 1714 2567.90350901
6 687 1720 2570.70364961
7 688 1721 2571.77129506
8 689 1724 2580.01863988
7 690 1726 2580.05440886
8 691 1727 2580.64007606
7 692 1729 2581.27306785
6 693 1734 2583.36508424
5 694 1736 2589.27306785
6 695 1739 2590.40928868
7 696 1740 2593.27823875
8 697 1742 2594.88123886
9 698 1746 2597.04301091
8 699 1748 2597.05440886
7 700 1752 2603.27306785
6 701 1756 2606.36508424
5 702 1757 2609.36508424
4 703 1759 2611.05440886
3 704 1760 2612.27306785
4 705 1763 2616.22730193
5 706 1767 2623.88107855
4 707 1769 2625.05440886
3 708 1772 2626.36508424
4 709 1773 2627.81263351
5 710 1777 2633.21468643
4 711 1779 2636.22730193
5 712 1780 2636.41106648
4 713 1785 2638.81263351
5 714 1786 2642.69186683
4 715 1792 2651.05440886
3 716 1795 2653.22730193
4 717 1796 2655.07598147
5 718 1799 2655.19723879
4 719 1800 2657.05601878
5 720 1802 2659.06920814
6 721 1803 2659.49325327
5 722 1805 2659.69186683
6 723 1810 2668.99481173
5 724 1814 2675.07598147
4 725 1815 2678.07598147
3 726 1816 2678.07598147
2 727 1819 2682.49325327
3 728 1821 2690.85017841
4 729 1824 2691.49746771
3 730 1826 2691.99481173
4 731 1829 2701.10086622
3 732 1831 2702.49746771
4 733 1834 2704.07537001
5 734 1836 2707.65620003
6 735 1837 2709.70079087
5 736 1838 2710.85017841
6 737 1840 2711.06586874
7 738 1841 2711.07055013
8 739 1846 2720.07560464
7 740 1847 2721.07537001
6 741 1851 2721.10086622
5 742 1859 2732.10086622
4 743 1861 2733.85017841
3 744 1863 2735.10086622
4 745 1864 2735.14750933
3 746 1866 2738.07537001
4 747 1871 2744.08734029
5 748 1872 2744.20412397
6 749 1873 2747.78895685
7 750 1874 2748.84079411
6 751 1877 2749.07537001
5 752 1880 2755.10086622
6 753 1882 2761.74906738
5 754 1886 2763.07537001
6 755 1887 2763.28828445
7 756 1888 2771.81029196
8 757 1889 2773.45289081
9 758 1890 2775.31053995
8 759 1893 2781.10086622
9 760 1899 2783.4621494
10 761 1900 2787.5496943
9 762 1901 2792.07537001
10 763 1904 2794.48126598
11 764 1905 2795.18907889
10 765 1909 2798.10086622
9 766 1911 2804.19231253
8 767 1919 2815.07537001
7 768 1921 2815.10086622
6 769 1923 2818.07537001
5 770 1924 2821.19231253
6 771 1928 2822.56550282
7 772 1929 2827.84947055
6 773 1935 2832.10086622
5 774 1937 2835.07537001
4 775 1939 2838.19231253
5 776 1944 2846.76626798
4 777 1946 2849.10086622
5 778 1949 2853.00402004
4 779 1950 2855.07537001
5 780 1954 2856.59869419
4 781 1956 2858.19231253
5 782 1957 2862.61015578
4 783 1960 2866.10086622
3 784 1964 2869.19231253
4 785 1967 2875.34508597
5 786 1969 2875.68390734
4 787 1971 2880.10086622
3 788 1972 2881.07537001
4 789 1975 2886.56452551
5 790 1977 2887.30342406
4 791 1979 2889.34508597
3 792 1986 2897.56452551
2 793 1987 2900.34508597
1 794 1988 2903.10086622
2 795 1992 2914.04104517
3 796 1994 2916.33272201
4 797 1998 2923.78137935
3 798 2004 2930.33272201
2 799 2005 2931.78137935
3 800 2006 2932.58636873
4 801 2008 2932.85485823
5 802 2010 2934.28008553
6 803 2011 2939.23707974
5 804 2013 2940.04104517
4 805 2019 2952.85485823
3 806 2022 2955.58636873
4 807 2023 2958.3796048
3 808 2025 2960.04104517
4 809 2028 2966.05841042
5 810 2032 2969.93452724
4 811 2035 2975.85485823
3 812 2038 2984.3796048
4 813 2039 2985.15659582
5 814 2042 2985.26285399
4 815 2048 2989.05841042
5 816 2049 2989.2302894
6 817 2052 2993.51763545
5 818 2053 2996.15659582
4 819 2054 2996.15659582
3 820 2055 2998.85017841
2 821 2059 3009.2302894
1 822 2060 3009.2302894
2 823 2061 3011.44925779
3 824 2063 3015.56146669
4 825 2066 3017.0323566
3 826 2069 3025.44925779
4 827 2073 3027.95456359
3 828 2075 3032.56146669
4 829 2076 3034.17492231
5 830 2078 3035.63084535
4 831 2080 3038.56146669
5 832 2082 3042.22466689
6 833 2085 3044.47443691
5 834 2092 3052.63084535
4 835 2093 3053.95456359
5 836 2095 3054.19857561
4 837 2097 3060.17492231
3 838 2098 3060.17492231
2 839 2104 3073.47443691
1 840 2105 3074.19857561
2 841 2106 3074.39273661
3 842 2110 3090.26138887
4 843 2112 3094.15867573
3 844 2116 3100.39273661
4 845 2117 3100.7716199
5 846 2119 3102.17058578
6 847 2120 3103.37517692
7 848 2123 3110.62887453
6 849 2127 3114.7716199
7 850 2128 3114.93722079
6 851 2129 3116.26138887
5 852 2132 3120.15867573
6 853 2133 3122.31980402
5 854 2141 3134.15867573
4 855 2144 3136.26138887
5 856 2145 3140.42566258
4 857 2147 3140.7716199
5 858 2148 3141.49336343
6 859 2158 3153.22858527
5 860 2159 3154.15867573
4 861 2161 3154.42566258
3 862 2164 3159.10086622
2 863 2165 3165.15867573
3 864 2166 3165.25088053
4 865 2169 3166.28565703
3 866 2170 3167.49336343
4 867 2172 3168.02478218
5 868 2175 3171.16624023
4 869 2182 3179.02478218
5 870 2183 3180.6109688
4 871 2185 3182.25088053
5 872 2187 3182.92928872
6 873 2188 3183.27631167
5 874 2190 3185.25088053
6 875 2192 3186.1633075
5 876 2199 3191.02478218
6 877 2200 3193.65894639
5 878 2202 3194.1633075
4 879 2203 3194.6109688
5 880 2206 3196.73185627
4 881 2208 3200.6109688
5 882 2213 3203.05910875
4 883 2215 3203.27631167
5 884 2216 3205.64086037
4 885 2217 3207.73185627
3 886 2219 3208.1633075
4 887 2222 3210.40436565
3 888 2226 3220.27631167
2 889 2227 3221.40436565
3 890 2230 3231.18254365
2 891 2232 3236.73185627
3 892 2235 3241.37784015
4 893 2238 3243.78491297
5 894 2239 3248.80977501
4 895 2241 3251.18254365
5 896 2245 3258.71141864
4 897 2249 3261.37784015
3 898 2250 3267.37784015
2 899 2251 3268.80977501
3 900 2252 3273.29917659
2 901 2259 3287.29917659
1 902 2260 3287.71141864
2 903 2261 3291.22540035
3 904 2263 3296.23321638
4 905 2269 3301.54347501
3 906 2271 3310.23321638
2 907 2272 3314.22540035
3 908 2273 3314.42294559
2 909 2277 3318.54347501
3 910 2278 3321.6461353
4 911 2282 3326.22036733
5 912 2284 3329.95055065
4 913 2286 3331.42294559
5 914 2287 3333.12734904
6 915 2289 3333.68266253
5 916 2298 3343.95055065
4 917 2300 3344.12734904
3 918 2301 3344.6461353
4 919 2302 3346.05970717
5 920 2304 3347.75283227
6 921 2307 3348.14658522
7 922 2308 3350.24125682
6 923 2312 3352.22036733
7 924 2315 3353.97672323
6 925 2323 3363.22036733
5 926 2324 3363.95055065
4 927 2325 3363.95055065
3 928 2326 3364.75283227
2 929 2327 3366.05970717
1 930 2328 3370.75283227
2 931 2329 3377.32053625
3 932 2333 3380.36105114
4 933 2335 3381.19455446
5 934 2338 3381.3591802
4 935 2341 3385.36105114
3 936 2345 3394.32053625
2 937 2347 3395.19455446
3 938 2348 3399.44077111
4 939 2350 3399.84399137
3 940 2356 3404.19455446
4 941 2357 3406.8016624
5 942 2359 3409.40510686
6 943 2363 3413.58818347
5 944 2365 3416.84399137
4 945 2368 3419.44077111
3 946 2371 3423.40510686
2 947 2372 3429.8016624
3 948 2375 3430.50194767
2 949 2377 3436.84399137
3 950 2379 3438.78366383
4 951 2381 3440.29502176
5 952 2383 3440.73417176
6 953 2385 3442.97859621
7 954 2388 3444.28540048
8 955 2391 3446.17655709
9 956 2392 3448.06341114
10 957 2393 3448.79967061
11 958 2395 3449.15384322
10 959 2397 3450.50194767
11 960 2401 3452.25672331
12 961 2402 3452.45801979
11 962 2404 3454.29502176
12 963 2405 3456.38657579
13 964 2406 3459.47188448
14 965 2409 3461.43568203
13 966 2410 3461.78366383
12 967 2412 3464.78366383
11 968 2416 3470.50194767
10 969 2422 3477.29502176
11 970 2423 3477.65869886
10 971 2425 3478.78366383
9 972 2426 3481.50194767
10 973 2428 3482.36096292
11 974 2429 3483.48154885
12 975 2432 3488.14450921
13 976 2435 3489.15330281
14 977 2436 3491.25682961
13 978 2438 3491.29502176
12 979 2443 3495.78366383
13 980 2445 3498.60509027
14 981 2446 3500.56527937
15 982 2449 3501.7114447
14 983 2457 3506.78366383
15 984 2458 3509.37923829
14 985 2460 3510.50194767
13 986 2466 3511.29502176
12 987 2467 3512.78366383
11 988 2469 3514.78366383
10 989 2470 3514.78366383
11 990 2474 3516.43398385
10 991 2478 3517.78366383
9 992 2479 3518.78366383
8 993 2481 3519.29502176
7 994 2482 3524.50194767
6 995 2485 3524.50194767
5 996 2494 3529.50194767
4 997 2495 3529.50194767
3 998 2496 3530.29502176
4 999 2497 3532.12155741
3 1000 2499 3534.78366383
4 1001 2500 3534.83556241
3 1002 2508 3545.83556241
2 1003 2509 3546.50194767
1 1004 2510 3549.12155741
2 1005 2511 3557.41833091
3 1006 2513 3560.1857518
2 1007 2519 3571.41833091
1 1008 2520 3577.1857518
2 1009 2522 3584.79864807
3 1010 2526 3587.59693161
4 1011 2527 3588.15358931
3 1012 2534 3595.79864807
2 1013 2535 3598.79864807
1 1014 2536 3605.15358931
2 1015 2537 3607.68090758
3 1016 2540 3613.18337429
4 1017 2542 3613.27452283
5 1018 2544 3613.96963219
6 1019 2547 3616.20668967
5 1020 2551 3618.68090758
4 1021 2556 3633.27452283
3 1022 2558 3635.68090758
4 1023 2559 3636.31448454
5 1024 2564 3637.82368192
4 1025 2565 3639.18337429
3 1026 2569 3641.27452283
2 1027 2570 3644.31448454
1 1028 2571 3644.31448454
2 1029 2572 3646.78444685
3 1030 2575 3658.44551726
4 1031 2579 3661.65054019
5 1032 2581 3662.02746619
6 1033 2585 3665.64369834
5 1034 2586 3666.78444685
6 1035 2588 3666.85585914
7 1036 2593 3671.72107791
8 1037 2594 3674.39777493
9 1038 2597 3677.55369004
8 1039 2599 3678.44551726
7 1040 2600 3679.02746619
8 1041 2602 3681.2376255
7 1042 2604 3681.65054019
8 1043 2605 3688.53920323
9 1044 2607 3688.60468599
8 1045 2611 3689.78444685
9 1046 2617 3692.78116185
10 1047 2618 3693.1023363
9 1048 2620 3695.44551726
8 1049 2623 3695.65054019
7 1050 2627 3699.02746619
8 1051 2628 3700.38845904
7 1052 2629 3701.44551726
6 1053 2636 3706.65054019
5 1054 2637 3706.78444685
4 1055 2641 3709.44551726
3 1056 2642 3709.65054019
2 1057 2643 3713.02746619
3 1058 2646 3721.49255322
2 1059 2651 3726.65054019
3 1060 2652 3729.27335988
4 1061 2654 3730.43043758
3 1062 2660 3735.49255322
4 1063 2661 3739.26323183
3 1064 2663 3743.27335988
2 1065 2664 3744.43043758
3 1066 2665 3748.33006603
4 1067 2667 3749.22276033
3 1068 2673 3753.26323183
4 1069 2674 3754.70849117
3 1070 2680 3759.33006603
4 1071 2681 3759.67604678
3 1072 2683 3760.22276033
4 1073 2684 3765.40650453
3 1074 2686 3765.70849117
4 1075 2687 3768.33078984
5 1076 2691 3770.71332926
6 1077 2694 3775.10394951
7 1078 2695 3779.74207848
8 1079 2696 3779.91105902
7 1080 2698 3782.40650453
8 1081 2701 3785.85494366
7 1082 2703 3788.33078984
6 1083 2705 3788.67604678
7 1084 2706 3789.15886616
6 1085 2710 3793.40650453
7 1086 2711 3797.0333563
8 1087 2717 3798.70568133
7 1088 2720 3802.67604678
8 1089 2722 3802.93805408
7 1090 2729 3808.33078984
6 1091 2732 3810.40650453
5 1092 2734 3815.1857518
4 1093 2735 3815.1857518
3 1094 2738 3816.67604678
4 1095 2739 3819.13241681
3 1096 2741 3819.33078984
4 1097 2742 3819.895535
5 1098 2744 3822.23182059
4 1099 2752 3830.40650453
3 1100 2755 3833.895535
2 1101 2757 3836.13241681
3 1102 2758 3837.18420557
2 1103 2762 3839.23182059
3 1104 2764 3849.37948376
4 1105 2766 3852.29328431
3 1106 2768 3854.18420557
4 1107 2769 3854.55971793
5 1108 2772 3860.81366668
6 1109 2778 3864.35166831
7 1110 2779 3865.09709901
6 1111 2783 3868.55971793
5 1112 2784 3871.55971793
6 1113 2785 3872.11757772
5 1114 2786 3875.29328431
4 1115 2789 3875.37948376
3 1116 2795 3883.29328431
4 1117 2796 3884.20310303
3 1118 2798 3885.55971793
4 1119 2799 3887.46679682
3 1120 2805 3892.29328431
2 1121 2806 3895.20310303
3 1122 2807 3901.45552438
2 1123 2809 3901.46679682
3 1124 2812 3910.94160853
4 1125 2814 3916.30166371
5 1126 2818 3917.71591728
4 1127 2822 3918.45552438
5 1128 2825 3919.65844149
6 1129 2826 3919.93978104
7 1130 2827 3920.87439747
8 1131 2828 3923.41332918
7 1132 2830 3924.94160853
8 1133 2831 3924.98796762
9 1134 2832 3926.07906953
8 1135 2836 3927.30166371
7 1136 2837 3929.45552438
8 1137 2842 3936.65129977
9 1138 2843 3937.02681694
10 1139 2849 3937.55661493
9 1140 2851 3938.30166371
8 1141 2854 3941.30166371
7 1142 2855 3941.30166371
6 1143 2858 3944.94160853
5 1144 2861 3946.30166371
4 1145 2862 3946.45552438
3 1146 2863 3947.30166371
4 1147 2864 3948.87222908
5 1148 2866 3951.86018955
6 1149 2867 3952.18049074
7 1150 2876 3957.9096468
6 1151 2878 3959.87222908
5 1152 2880 3960.30166371
4 1153 2885 3967.94160853
3 1154 2888 3971.30166371
2 1155 2889 3971.78444685
3 1156 2890 3980.42347863
2 1157 2892 3982.87222908
3 1158 2893 3983.45660716
4 1159 2895 3986.25030882
5 1160 2901 3990.99568197
4 1161 2903 3991.42347863
5 1162 2904 3996.87561833
6 1163 2906 3996.93995931
5 1164 2912 4003.25030882
6 1165 2913 4003.55314221
5 1166 2915 4004.99568197
6 1167 2916 4007.10688091
7 1168 2920 4010.08859708
8 1169 2921 4010.18223546
9 1170 2924 4012.18849967
10 1171 2926 4013.07420722
9 1172 2929 4014.25030882
10 1173 2930 4014.66228015
9 1174 2932 4015.45660716
10 1175 2942 4024.38427423
9 1176 2943 4024.99568197
8 1177 2945 4025.25030882
7 1178 2946 4025.87561833
6 1179 2948 4027.99568197
5 1180 2949 4027.99568197
4 1181 2950 4028.25030882
3 1182 2953 4029.45660716
4 1183 2954 4032.2417258
5 1184 2956 4032.30006745
4 1185 2962 4039.25030882
5 1186 2964 4040.71305865
4 1187 2969 4048.87561833
3 1188 2970 4055.2417258
4 1189 2971 4059.66001867
5 1190 2974 4060.29479014
6 1191 2977 4062.00701646
7 1192 2978 4063.67126263
6 1193 2979 4064.30006745
5 1194 2983 4065.87561833
6 1195 2988 4071.08681118
7 1196 2989 4073.87265634
6 1197 2994 4075.895535
5 1198 2995 4076.66001867
6 1199 2996 4078.67192761
5 1200 3002 4082.66001867
4 1201 3005 4084.895535
3 1202 3006 4087.30006745
2 1203 3008 4087.87265634
1 1204 3009 4089.67192761
2 1205 3011 4094.42415502
3 1206 3015 4107.53054686
4 1207 3017 4112.54242693
3 1208 3019 4114.42415502
4 1209 3022 4115.67916149
5 1210 3026 4118.45516949
6 1211 3027 4120.09891337
5 1212 3030 4124.53054686
6 1213 3033 4124.60726241
7 1214 3035 4129.45552528
6 1215 3036 4129.67916149
5 1216 3042 4135.54242693
6 1217 3043 4138.14797091
5 1218 3047 4141.53054686
4 1219 3048 4141.53054686
5 1220 3049 4143.37120774
4 1221 3051 4144.53054686
3 1222 3054 4146.67916149
4 1223 3055 4146.70607969
3 1224 3061 4154.70607969
2 1225 3062 4155.14797091
1 1226 3063 4166.37120774
2 1227 3066 4183.8336128
3 1228 3068 4184.54470517
4 1229 3071 4187.78194446
5 1230 3072 4187.94093303
6 1231 3076 4188.86808511
7 1232 3077 4189.00296358
6 1233 3080 4192.54470517
5 1234 3082 4195.54470517
4 1235 3085 4200.8336128
3 1236 3088 4206.54470517
4 1237 3089 4210.69968256
3 1238 3095 4217.8336128
4 1239 3096 4217.99109625
3 1240 3098 4220.54470517
4 1241 3100 4221.74578248
5 1242 3101 4226.9128132
6 1243 3107 4231.05661587
5 1244 3108 4240.54470517
4 1245 3110 4240.8336128
3 1246 3111 4243.8336128
2 1247 3119 4260.54470517
1 1248 3120 4260.8336128
2 1249 3121 4269.33270553
3 1250 3123 4270.7785757
4 1251 3125 4273.34950713
5 1252 3126 4273.56040069
6 1253 3131 4283.97602695
7 1254 3132 4284.0929362
6 1255 3134 4289.33270553
5 1256 3136 4290.7785757
6 1257 3137 4292.71560681
7 1258 3138 4296.90398843
8 1259 3139 4297.21144057
7 1260 3143 4304.7785757
8 1261 3146 4308.62554417
7 1262 3152 4315.33270553
8 1263 3153 4315.9319169
9 1264 3154 4316.29849347
8 1265 3157 4324.7785757
9 1266 3161 4329.31603918
8 1267 3164 4333.30006745
7 1268 3166 4335.7785757
6 1269 3170 4338.33270553
7 1270 3174 4340.21189347
6 1271 3179 4346.7785757
7 1272 3180 4346.86513434
6 1273 3182 4349.7785757
5 1274 3185 4350.30006745
4 1275 3186 4352.33270553
5 1276 3188 4356.11729823
6 1277 3195 4362.38189099
5 1278 3197 4364.30006745
4 1279 3200 4366.7785757
3 1280 3202 4372.30006745
2 1281 3203 4373.30006745
3 1282 3208 4377.85691872
4 1283 3210 4379.56453866
5 1284 3211 4381.65081563
6 1285 3212 4381.74194774
7 1286 3214 4382.14131831
6 1287 3216 4386.7785757
7 1288 3217 4387.49793513
8 1289 3221 4390.02112141
9 1290 3222 4391.0184061
8 1291 3223 4391.85691872
9 1292 3226 4394.59203689
8 1293 3228 4394.85691872
9 1294 3231 4402.1163821
8 1295 3232 4403.7785757
7 1296 3235 4405.85691872
8 1297 3239 4414.49113276
9 1298 3243 4417.03485569
8 1299 3245 4417.7785757
9 1300 3246 4420.85274053
8 1301 3247 4422.85691872
9 1302 3252 4427.54734863
10 1303 3253 4428.0511326
9 1304 3257 4428.7785757
8 1305 3259 4429.7785757
9 1306 3263 4431.50778037
10 1307 3264 4431.62793294
9 1308 3268 4433.7785757
8 1309 3269 4433.7785757
7 1310 3270 4436.7785757
6 1311 3272 4439.85691872
7 1312 3273 4440.08842994
6 1313 3277 4447.7785757
5 1314 3278 4448.85691872
6 1315 3280 4449.93913924
7 1316 3284 4456.56669013
6 1317 3287 4464.7785757
7 1318 3291 4468.41357368
8 1319 3292 4468.62894452
9 1320 3297 4476.02423201
8 1321 3299 4478.7785757
9 1322 3300 4480.81998746
8 1323 3302 4482.223662
7 1324 3304 4483.85691872
8 1325 3307 4486.87309886
9 1326 3309 4489.39866369
10 1327 3310 4491.16573224
9 1328 3312 4492.7785757
10 1329 3314 4493.87602253
9 1330 3323 4499.223662
10 1331 3325 4503.14402705
9 1332 3327 4503.7785757
8 1333 3328 4503.7785757
7 1334 3329 4508.223662
8 1335 3330 4509.00814342
7 1336 3332 4509.85691872
8 1337 3335 4513.52039153
7 1338 3338 4514.7785757
8 1339 3341 4518.21930677
7 1340 3345 4520.85691872
6 1341 3352 4528.7785757
5 1342 3353 4531.7785757
4 1343 3356 4534.223662
3 1344 3358 4534.85691872
2 1345 3361 4545.223662
1 1346 3362 4545.7785757
2 1347 3364 4548.4494281
3 1348 3370 4553.23624972
4 1349 3371 4559.9531147
3 1350 3372 4562.4494281
4 1351 3376 4565.99490143
3 1352 3382 4570.23624972
2 1353 3385 4573.4494281
1 1354 3386 4575.23624972
2 1355 3387 4576.58804899
3 1356 3389 4581.6433556
2 1357 3397 4589.6433556
3 1358 3398 4591.36357402
4 1359 3400 4598.33271475
3 1360 3404 4599.58804899
4 1361 3405 4602.95656222
5 1362 3407 4603.49515496
6 1363 3408 4604.87618223
5 1364 3409 4605.36357402
6 1365 3415 4610.95308226
5 1366 3417 4613.36357402
4 1367 3418 4613.95656222
5 1368 3422 4614.94936179
6 1369 3427 4618.47358011
5 1370 3429 4621.33271475
6 1371 3430 4626.39545146
5 1372 3431 4627.95656222
4 1373 3436 4633.36357402
3 1374 3437 4635.33271475
4 1375 3438 4636.71210561
5 1376 3442 4637.98467168
6 1377 3443 4641.38088015
5 1378 3444 4641.95656222
6 1379 3446 4642.1083876
7 1380 3450 4645.19173277
8 1381 3451 4646.24719591
7 1382 3457 4650.36357402
6 1383 3459 4650.71210561
7 1384 3462 4652.84263945
6 1385 3464 4653.71210561
5 1386 3468 4658.95656222
6 1387 3469 4663.82202907
5 1388 3471 4664.71210561
4 1389 3475 4667.36357402
5 1390 3476 4669.71321317
6 1391 3479 4678.50887402
5 1392 3480 4678.95656222
4 1393 3483 4684.71210561
5 1394 3486 4687.72389535
6 1395 3488 4688.60910326
7 1396 3492 4689.41118138
8 1397 3493 4691.35389468
9 1398 3494 4694.73269437
8 1399 3496 4695.95656222
9 1400 3501 4704.39303621
8 1401 3502 4704.95656222
7 1402 3504 4705.36357402
8 1403 3505 4706.62754389
9 1404 3506 4709.71126618
8 1405 3508 4709.95656222
7 1406 3509 4713.72389535
8 1407 3515 4718.80922026
9 1408 3518 4720.73292747
8 1409 3522 4721.72389535
7 1410 3524 4726.95656222
8 1411 3525 4728.14038706
7 1412 3526 4728.36357402
8 1413 3534 4734.75735076
7 1414 3537 4738.72389535
6 1415 3539 4741.72389535
5 1416 3540 4741.72389535
4 1417 3542 4743.95656222
3 1418 3543 4745.36357402
2 1419 3547 4749.72389535
3 1420 3550 4754.21102547
4 1421 3554 4758.67925913
5 1422 3555 4758.79006256
4 1423 3558 4760.95656222
3 1424 3560 4762.21102547
4 1425 3563 4766.12697224
3 1426 3567 4771.95656222
4 1427 3568 4775.06573719
5 1428 3573 4777.5812873
4 1429 3574 4779.21102547
3 1430 3580 4789.63622786
2 1431 3581 4789.63622786
1 1432 3582 4798.06573719
2 1433 3585 4806.4221231
3 1434 3587 4806.42460402
4 1435 3589 4808.10854216
5 1436 3590 4809.16122971
6 1437 3595 4816.7397958
5 1438 3596 4820.4221231
4 1439 3601 4826.42460402
5 1440 3606 4832.69915379
6 1441 3607 4838.84829187
5 1442 3610 4840.4221231
6 1443 3612 4840.48471674
7 1444 3613 4841.3142421
8 1445 3614 4842.8950695
7 1446 3615 4843.4221231
6 1447 3617 4846.42460402
7 1448 3618 4846.52184262
8 1449 3621 4852.12250378
7 1450 3624 4857.4221231
8 1451 3627 4857.84250728
9 1452 3628 4859.29888001
10 1453 3632 4864.41402667
11 1454 3633 4864.67284643
10 1455 3634 4865.4221231
9 1456 3636 4868.4221231
8 1457 3638 4869.42460402
9 1458 3641 4878.39497912
10 1459 3642 4879.83339986
9 1460 3644 4880.42460402
10 1461 3647 4881.76596234
11 1462 3648 4884.42395332
10 1463 3650 4888.4221231
9 1464 3655 4896.4221231
10 1465 3658 4897.68835966
9 1466 3664 4900.42460402
8 1467 3665 4907.4221231
7 1468 3666 4907.4221231
6 1469 3674 4914.42460402
7 1470 3675 4914.47031496
6 1471 3676 4917.42460402
5 1472 3677 4918.4221231
4 1473 3684 4931.42460402
5 1474 3685 4936.32829678
4 1475 3687 4938.4221231
5 1476 3688 4939.14656408
6 1477 3689 4939.45683845
7 1478 3690 4945.24657242
8 1479 3695 4947.5771701
7 1480 3696 4952.4221231
6 1481 3700 4954.42460402
7 1482 3706 4959.09198577
8 1483 3707 4961.54830496
9 1484 3708 4965.70399538
10 1485 3709 4966.03831533
9 1486 3710 4966.4221231
8 1487 3712 4966.4221231
9 1488 3713 4966.48327232
8 1489 3718 4968.42460402
7 1490 3726 4973.42460402
6 1491 3728 4976.42460402
5 1492 3729 4979.42460402
6 1493 3732 4983.52977072
7 1494 3733 4984.37470172
6 1495 3734 4985.42460402
5 1496 3735 4986.4221231
6 1497 3738 4986.91755951
5 1498 3739 4990.42460402
6 1499 3744 5006.94296994
5 1500 3745 5009.4221231
4 1501 3749 5012.4221231
3 1502 3751 5016.42460402
4 1503 3754 5020.16932294
5 1504 3764 5028.19078584
4 1505 3766 5029.4221231
3 1506 3767 5030.42460402
2 1507 3768 5030.42460402
3 1508 3770 5031.70107982
4 1509 3772 5031.90571152
5 1510 3778 5037.41257803
4 1511 3782 5039.19078584
5 1512 3785 5050.91914398
4 1513 3787 5051.70107982
5 1514 3788 5053.42209617
4 1515 3790 5054.90571152
3 1516 3791 5054.90571152
4 1517 3793 5055.40578144
5 1518 3794 5055.89257562
4 1519 3803 5064.42209617
5 1520 3804 5067.41718309
4 1521 3806 5067.42209617
3 1522 3807 5067.91914398
2 1523 3810 5075.41718309
3 1524 3812 5075.667318
2 1525 3814 5075.89257562
3 1526 3815 5076.61553873
2 1527 3822 5092.667318
1 1528 3823 5096.61553873
2 1529 3824 5099.76693846
3 1530 3826 5102.57012429
4 1531 3828 5103.86493726
5 1532 3829 5108.16671146
4 1533 3835 5116.76693846
3 1534 3836 5119.57012429
2 1535 3842 5133.57012429
1 1536 3843 5133.76693846
2 1537 3844 5146.8248867
3 1538 3846 5152.32211662
4 1539 3850 5154.09786733
5 1540 3851 5154.45623438
6 1541 3852 5157.31781914
5 1542 3854 5157.8248867
6 1543 3855 5158.53224791
7 1544 3858 5160.57769116
8 1545 3861 5170.14360977
7 1546 3864 5172.32211662
6 1547 3869 5177.8248867
5 1548 3870 5183.32211662
6 1549 3871 5183.8786319
5 1550 3873 5186.32211662
6 1551 3874 5186.86480841
7 1552 3878 5188.20517951
8 1553 3882 5191.13669274
9 1554 3883 5191.21438005
8 1555 3885 5191.32211662
7 1556 3887 5194.8248867
6 1557 3888 5200.32211662
7 1558 3889 5200.60368746
8 1559 3892 5202.08452635
7 1560 3898 5208.32211662
8 1561 3903 5213.842571
7 1562 3905 5216.32211662
6 1563 3906 5216.32211662
5 1564 3907 5219.32211662
6 1565 3912 5223.14326595
7 1566 3913 5223.81955477
6 1567 3915 5223.8248867
7 1568 3920 5231.14898008
8 1569 3924 5235.18687736
7 1570 3925 5235.91928255
6 1571 3927 5237.8248867
5 1572 3932 5239.32211662
6 1573 3935 5243.93691764
5 1574 3936 5247.91928255
4 1575 3937 5251.8248867
3 1576 3941 5256.32211662
4 1577 3942 5256.64700805
3 1578 3946 5258.91928255
2 1579 3947 5262.8248867
3 1580 3949 5265.15547363
4 1581 3953 5272.92589676
3 1582 3955 5279.64700805
2 1583 3958 5282.64700805
1 1584 3959 5289.92589676
2 1585 3962 5313.31847153
3 1586 3964 5318.23594162
4 1587 3966 5322.7662473
5 1588 3974 5328.44940342
4 1589 3976 5330.7662473
3 1590 3977 5336.31847153
4 1591 3978 5337.15545991
3 1592 3980 5338.23594162
4 1593 3985 5350.39525884
3 1594 3989 5351.44940342
4 1595 3990 5353.57524812
5 1596 3992 5353.99254433
4 1597 3994 5354.15545991
3 1598 3999 5364.39525884
2 1599 4000 5364.99254433
3 1600 4001 5367.08914495
4 1601 4003 5367.44158875
3 1602 4005 5367.57524812
4 1603 4006 5369.42948731
3 1604 4014 5381.08914495
2 1605 4015 5383.42948731
1 1606 4016 5384.44158875
2 1607 4017 5387.07496399
1 1608 4021 5404.07496399
2 1609 4022 5422.34213068
3 1610 4024 5422.40867076
4 1611 4027 5423.04184342
5 1612 4029 5428.80619223
6 1613 4030 5432.31549524
7 1614 4038 5437.78358828
6 1615 4044 5442.34213068
5 1616 4045 5445.34213068
4 1617 4046 5446.31549524
3 1618 4047 5448.34213068
2 1619 4048 5448.40867076
1 1620 4049 5451.78358828
2 1621 4052 5466.92471136
1 1622 4056 5483.92471136
2 1623 4057 5486.94833488
3 1624 4060 5493.70859565
4 1625 4064 5497.25779521
5 1626 4068 5504.43749869
6 1627 4071 5506.43857093
5 1628 4072 5506.94833488
4 1629 4073 5506.94833488
5 1630 4075 5510.64458443
4 1631 4076 5511.25779521
3 1632 4081 5512.43749869
4 1633 4082 5518.3856912
3 1634 4084 5521.43749869
2 1635 4085 5524.43749869
3 1636 4088 5533.0400201
2 1637 4092 5538.3856912
3 1638 4093 5542.77405528
2 1639 4095 5544.0400201
3 1640 4096 5552.39121346
4 1641 4100 5558.2440018
3 1642 4102 5559.77405528
4 1643 4105 5565.03657465
3 1644 4111 5566.39121346
2 1645 4112 5569.2440018
1 1646 4113 5576.03657465
2 1647 4114 5579.92425273
3 1648 4116 5582.60199944
4 1649 4118 5583.62376854
5 1650 4121 5585.47833802
4 1651 4125 5590.60199944
3 1652 4128 5596.60199944
4 1653 4131 5598.08781042
3 1654 4133 5599.92425273
2 1655 4134 5600.62376854
3 1656 4135 5603.73915061
4 1657 4141 5608.03718303
5 1658 4143 5608.42573572
4 1659 4145 5608.73915061
3 1660 4148 5618.08781042
2 1661 4151 5625.42573572
3 1662 4153 5630.57549481
2 1663 4155 5631.03718303
3 1664 4159 5640.48940634
2 1665 4161 5641.57549481
3 1666 4164 5655.95726803
4 1667 4166 5659.83220568
3 1668 4168 5660.48940634
4 1669 4169 5661.65459881
5 1670 4173 5666.32960162
6 1671 4176 5667.7254359
5 1672 4179 5672.95726803
4 1673 4183 5676.83220568
5 1674 4185 5678.1102411
4 1675 4186 5681.65459881
5 1676 4192 5685.04124253
4 1677 4194 5689.78358828
3 1678 4195 5689.95726803
2 1679 4196 5689.95726803
3 1680 4197 5691.04544252
4 1681 4199 5694.69527915
5 1682 4203 5696.02015082
6 1683 4208 5700.4880447
5 1684 4211 5704.02015082
6 1685 4212 5706.28227507
7 1686 4214 5706.59381991
6 1687 4218 5708.04124253
7 1688 4223 5713.0956872
6 1689 4227 5714.04544252
5 1690 4228 5714.69527915
6 1691 4229 5717.44355687
5 1692 4231 5720.69527915
4 1693 4232 5722.04124253
3 1694 4233 5723.28227507
4 1695 4234 5724.17945239
5 1696 4238 5724.789712
6 1697 4241 5726.22613823
7 1698 4242 5727.83437451
6 1699 4245 5729.28227507
5 1700 4247 5731.44355687
4 1701 4248 5732.17945239
5 1702 4251 5734.17350839
4 1703 4258 5735.789712
3 1704 4259 5740.28227507
2 1705 4260 5742.17350839
1 1706 4261 5744.789712
2 1707 4262 5749.68756206
3 1708 4266 5766.35957114
2 1709 4268 5766.68756206
3 1710 4269 5768.23739434
2 1711 4275 5788.23739434
1 1712 4276 5792.35957114
2 1713 4277 5813.17428222
3 1714 4281 5817.25742666
2 1715 4283 5818.17428222
3 1716 4286 5824.20199721
2 1717 4288 5825.25742666
3 1718 4291 5831.77816721
2 1719 4293 5835.20199721
1 1720 4296 5848.77816721
2 1721 4297 5854.81051355
3 1722 4302 5866.61466615
2 1723 4304 5868.81051355
3 1724 4306 5874.29069247
4 1725 4307 5875.97779494
5 1726 4309 5878.53828091
6 1727 4315 5879.74423213
7 1728 4316 5884.54217392
6 1729 4322 5886.61466615
7 1730 4324 5886.69897126
6 1731 4325 5889.54217392
5 1732 4326 5889.61466615
4 1733 4331 5892.97779494
3 1734 4332 5895.53828091
2 1735 4333 5898.53828091
1 1736 4334 5901.53828091
2 1737 4335 5902.25372607
1 1738 4339 5910.25372607
2 1739 4340 5924.71382356
3 1740 4342 5932.03082249
4 1741 4344 5932.05622478
5 1742 4350 5938.21565284
6 1743 4354 5943.11099893
5 1744 4356 5944.71382356
4 1745 4359 5946.03082249
3 1746 4360 5952.21565284
4 1747 4361 5954.15961308
3 1748 4363 5955.05622478
4 1749 4367 5955.16451641
3 1750 4371 5962.15961308
2 1751 4372 5966.11099893
1 1752 4373 5966.11099893
2 1753 4374 5968.95425881
1 1754 4378 5985.95425881
2 1755 4379 5990.28254534
3 1756 4381 5993.60440227
4 1757 4383 5994.53624504
5 1758 4387 5996.57478377
4 1759 4391 6001.60440227
3 1760 4396 6013.28254534
2 1761 4397 6019.57478377
1 1762 4398 6020.53624504
2 1763 4399 6027.60883355
3 1764 4401 6030.71276631
4 1765 4407 6038.58716777
3 1766 4409 6038.60883355
4 1767 4410 6039.69350175
5 1768 4412 6041.39454439
6 1769 4418 6045.70045309
5 1770 4420 6047.71276631
6 1771 4423 6049.73946682
7 1772 4427 6051.77397289
6 1773 4429 6055.39454439
5 1774 4430 6056.69350175
6 1775 4432 6056.77293449
7 1776 4433 6056.91854103
8 1777 4434 6059.4512167
7 1778 4435 6059.70045309
6 1779 4438 6061.58716777
7 1780 4443 6063.59256323
6 1781 4448 6069.39454439
5 1782 4449 6070.70045309
6 1783 4451 6071.15665537
7 1784 4454 6072.48237237
6 1785 4455 6072.73946682
7 1786 4459 6074.20423524
6 1787 4461 6078.58716777
5 1788 4465 6080.39454439
4 1789 4468 6086.73946682
3 1790 4469 6087.70045309
4 1791 4474 6091.8690027
5 1792 4478 6096.06052458
6 1793 4480 6098.07574021
5 1794 4481 6100.39454439
4 1795 4483 6101.58716777
3 1796 4485 6102.8690027
4 1797 4490 6107.55012567
5 1798 4493 6111.21635439
4 1799 4496 6116.06052458
3 1800 4498 6117.39454439
2 1801 4500 6121.55012567
1 1802 4503 6130.06052458
2 1803 4505 6158.13559877
3 1804 4507 6166.61577117
4 1805 4513 6174.9338104
3 1806 4515 6180.61577117
4 1807 4516 6181.10142167
5 1808 4517 6189.16026429
6 1809 4518 6189.47139492
5 1810 4521 6190.13559877
6 1811 4522 6196.11849108
7 1812 4523 6196.36287514
6 1813 4529 6203.61577117
5 1814 4531 6204.13559877
4 1815 4532 6210.13559877
3 1816 4539 6221.13559877
2 1817 4540 6226.61577117
3 1818 4542 6230.18446989
4 1819 4543 6230.61751569
3 1820 4548 6232.13559877
2 1821 4551 6241.61751569
1 1822 4552 6247.13559877
2 1823 4553 6249.15480139
3 1824 4555 6252.8151163
4 1825 4557 6256.3767342
3 1826 4563 6263.8151163
2 1827 4566 6275.15480139
1 1828 4567 6277.8151163
2 1829 4569 6283.07130823
3 1830 4572 6285.33736919
2 1831 4579 6300.07130823
3 1832 4580 6304.21573801
2 1833 4582 6305.33736919
1 1834 4585 6312.21573801
2 1835 4586 6317.53319018
3 1836 4588 6319.21872089
4 1837 4590 6321.16558267
5 1838 4591 6322.50164736
6 1839 4595 6327.24757909
7 1840 4599 6329.39539652
6 1841 4600 6334.53319018
7 1842 4602 6334.96945816
8 1843 4603 6340.99196285
9 1844 4604 6341.9645429
8 1845 4612 6345.21872089
7 1846 4615 6348.21872089
6 1847 4619 6354.53319018
7 1848 4625 6358.38306715
6 1849 4627 6359.58716777
5 1850 4628 6361.39454439
6 1851 4630 6362.10682455
5 1852 4631 6362.58716777
6 1853 4632 6363.08264719
5 1854 4634 6367.39454439
4 1855 4638 6371.21872089
3 1856 4641 6378.38306715
2 1857 4642 6381.38306715
3 1858 4644 6382.77017488
4 1859 4647 6383.44515785
3 1860 4648 6389.08264719
4 1861 4650 6391.59303847
5 1862 4657 6399.33609866
4 1863 4659 6399.77017488
3 1864 4660 6402.77017488
4 1865 4661 6403.11145559
5 1866 4663 6403.80782337
6 1867 4664 6404.73530937
5 1868 4666 6405.59303847
6 1869 4671 6414.00455184
5 1870 4675 6416.33609866
6 1871 4676 6417.01418126
5 1872 4677 6419.59303847
4 1873 4679 6420.11145559
3 1874 4685 6424.33609866
4 1875 4688 6427.47029483
3 1876 4690 6427.59303847
4 1877 4691 6431.01411857
3 1878 4693 6434.11145559
4 1879 4698 6439.41729911
3 1880 4700 6441.47029483
2 1881 4701 6442.01411857
1 1882 4704 6453.41729911
2 1883 4705 6456.74424529
3 1884 4707 6458.45734769
2 1885 4713 6467.74424529
1 1886 4714 6472.45734769
2 1887 4715 6475.53891204
3 1888 4717 6475.59496759
4 1889 4719 6475.79321831
5 1890 4721 6475.98202052
6 1891 4722 6475.9883788
5 1892 4730 6483.59496759
4 1893 4732 6486.79321831
3 1894 4735 6492.53891204
4 1895 4738 6495.09086384
3 1896 4743 6503.79321831
2 1897 4744 6506.59496759
3 1898 4745 6510.25502974
2 1899 4747 6512.09086384
1 1900 4750 6530.25502974
2 1901 4751 6534.71997328
1 1902 4755 6542.71997328
2 1903 4756 6546.02288765
3 1904 4758 6550.26901343
4 1905 4760 6552.06415678
5 1906 4766 6554.63523502
6 1907 4768 6556.85376844
5 1908 4769 6557.02288765
4 1909 4771 6557.06415678
5 1910 4776 6563.46353041
6 1911 4778 6565.06595024
7 1912 4779 6565.99763477
6 1913 4781 6567.26901343
5 1914 4784 6571.02288765
6 1915 4790 6582.66577607
5 1916 4793 6583.46353041
4 1917 4795 6585.02288765
5 1918 4796 6586.53200201
4 1919 4798 6587.26901343
3 1920 4801 6589.63523502
2 1921 4804 6591.53200201
1 1922 4805 6606.46353041
2 1923 4806 6611.0570296
3 1924 4811 6619.32878505
2 1925 4815 6628.0570296
1 1926 4816 6633.32878505
2 1927 4817 6637.89670952
3 1928 4819 6639.74931564
4 1929 4821 6640.55221515
5 1930 4823 6641.10795888
4 1931 4833 6651.55221515
5 1932 4834 6653.20932206
4 1933 4836 6653.74931564
3 1934 4837 6657.89670952
2 1935 4838 6658.10795888
3 1936 4841 6670.14334354
2 1937 4843 6676.20932206
3 1938 4846 6680.10196409
4 1939 4848 6683.02728278
3 1940 4854 6687.14334354
2 1941 4855 6691.02728278
1 1942 4856 6691.10196409
2 1943 4857 6707.61604797
1 1944 4861 6715.61604797
2 1945 4862 6718.46537671
3 1946 4866 6724.55109961
2 1947 4868 6726.46537671
3 1948 4869 6727.74200314
4 1949 4871 6728.29465605
3 1950 4875 6735.55109961
4 1951 4876 6736.31482926
5 1952 4884 6748.05412837
4 1953 4886 6750.74200314
3 1954 4887 6751.29465605
2 1955 4888 6753.31482926
3 1956 4889 6754.32619872
4 1957 4894 6756.34779457
5 1958 4898 6762.46450144
4 1959 4900 6765.32619872
5 1960 4901 6769.40041077
4 1961 4903 6771.05412837
3 1962 4906 6774.05412837
2 1963 4907 6776.46450144
1 1964 4910 6789.40041077
2 1965 4911 6792.03956935
3 1966 4913 6793.36768915
4 1967 4915 6794.62517763
5 1968 4918 6795.20540533
6 1969 4919 6797.2398911
7 1970 4923 6801.72774722
8 1971 4926 6803.61514987
9 1972 4928 6804.64450216
8 1973 4935 6808.62517763
7 1974 4936 6809.03956935
8 1975 4937 6810.21325549
7 1976 4941 6812.03956935
6 1977 4943 6813.36768915
5 1978 4944 6815.20540533
4 1979 4947 6817.2398911
5 1980 4950 6820.85043271
4 1981 4952 6823.03956935
3 1982 4953 6824.36768915
4 1983 4956 6825.74781834
5 1984 4961 6827.86865184
6 1985 4962 6830.66434805
5 1986 4964 6834.85043271
6 1987 4970 6841.59740007
5 1988 4974 6843.62517763
4 1989 4975 6844.66434805
3 1990 4976 6851.74781834
2 1991 4977 6851.74781834
1 1992 4978 6852.59740007
2 1993 4979 6859.39332688
3 1994 4983 6870.05619116
4 1995 4985 6877.37541083
3 1996 4987 6879.39332688
4 1997 4990 6891.17674459
3 1998 4997 6899.05619116
2 1999 5000 6905.17674459
1 2000 5002 6909.37541083
0 2001 5003 6909.56653299
0 2002 5005 7133.17674459
