#data counter step time
0 1 0 0.0
1 2 1 0.0
2 3 13 1.04683873937
3 4 14 2.00521341251
4 5 16 2.43092420687
5 6 18 10.052981084
4 7 26 19.0052134125
3 8 27 24.0468387394
2 9 28 28.4309242069
1 10 31 42.052981084
2 11 32 46.7300481198
3 12 36 51.6155935522
2 13 40 68.6155935522
1 14 41 69.7300481198
2 15 42 73.0236589596
3 16 44 79.8031247931
2 17 50 87.0236589596
1 18 51 93.8031247931
2 19 52 99.9257524971
3 20 54 100.26925585
4 21 60 122.654882859
5 22 62 123.2769075
6 23 64 124.077718289
5 24 66 125.925752497
4 25 67 126.26925585
5 26 68 127.855987644
6 27 72 129.841413044
7 28 78 132.38754374
6 29 84 137.2769075
7 30 85 137.972362512
6 31 86 138.077718289
5 32 88 138.855987644
6 33 89 140.627068906
7 34 93 143.204445192
8 35 94 143.482020357
7 36 95 143.841413044
8 37 98 143.989692645
7 38 100 145.2769075
8 39 104 147.968387608
9 40 105 148.546177734
8 41 109 151.654882859
7 42 112 154.841413044
6 43 114 155.077718289
7 44 117 155.646570261
6 45 119 157.841413044
5 46 126 163.627068906
6 47 127 164.175295048
5 48 129 165.2769075
4 49 132 171.841413044
3 50 133 172.646570261
2 51 134 174.654882859
1 52 135 181.175295048
2 53 136 182.803783372
3 54 140 191.005248841
4 55 142 194.053432114
5 56 144 196.725784586
4 57 146 196.803783372
5 58 148 197.171091171
6 59 156 206.249252932
5 60 158 208.053432114
6 61 161 210.38955693
5 62 163 210.725784586
4 63 164 211.005248841
3 64 165 211.005248841
4 65 166 212.470951663
5 66 168 212.744719667
4 67 174 220.249252932
3 68 177 224.38955693
2 69 178 226.470951663
3 70 179 228.70542083
2 71 183 235.744719667
1 72 184 242.70542083
2 73 185 244.97251459
3 74 187 247.27377751
4 75 191 256.290617954
5 76 197 262.397529637
4 77 199 264.27377751
3 78 200 264.97251459
4 79 201 272.42568188
3 80 203 273.290617954
4 81 208 278.610746206
5 82 210 279.430499349
4 83 212 283.42568188
5 84 213 284.566206539
6 85 215 284.828130925
7 86 219 287.840576521
6 87 221 288.397529637
7 88 225 290.20279614
6 89 229 293.397529637
5 90 230 293.430499349
6 91 233 298.440830489
5 92 235 298.610746206
4 93 236 298.828130925
3 94 237 299.397529637
4 95 238 300.491787922
3 96 244 307.566206539
2 97 245 308.491787922
3 98 248 320.451709158
2 99 250 324.440830489
3 100 251 325.80124804
4 101 255 328.461415058
3 102 257 331.451709158
4 103 258 333.553841781
5 104 262 337.331255353
6 105 264 337.569564095
7 106 266 339.890647292
6 107 273 347.553841781
5 108 277 348.331255353
4 109 278 348.461415058
3 110 281 351.80124804
2 111 282 354.569564095
1 112 283 358.553841781
2 113 284 360.466442225
3 114 286 366.448397108
4 115 290 372.709585899
3 116 294 377.448397108
4 117 295 378.024810228
3 118 299 380.466442225
4 119 301 382.541574718
3 120 302 383.709585899
4 121 303 384.736783805
5 122 310 389.903063855
4 123 312 392.024810228
3 124 313 392.736783805
2 125 314 395.024810228
3 126 315 395.882350934
2 127 319 403.903063855
3 128 322 409.361073175
2 129 326 415.882350934
1 130 327 426.361073175
2 131 328 439.505210641
3 132 330 440.420211777
4 133 332 444.477414123
5 134 334 445.949914466
6 135 337 446.274057535
7 136 347 455.825166703
6 137 349 456.505210641
5 138 350 460.420211777
4 139 351 462.505210641
3 140 352 462.949914466
2 141 353 464.477414123
1 142 356 469.825166703
2 143 357 476.051856325
3 144 361 491.649568878
2 145 363 493.051856325
3 146 365 496.349256005
2 147 369 508.649568878
1 148 370 511.649568878
2 149 371 516.316530018
3 150 373 520.790642897
4 151 377 526.654293271
5 152 379 526.673618767
6 153 381 530.189491068
7 154 387 532.707950195
6 155 389 536.316530018
5 156 392 540.654293271
4 157 393 540.790642897
3 158 396 544.189491068
2 159 399 552.673618767
1 160 400 559.316530018
2 161 401 576.171954429
3 162 403 579.653749156
2 163 407 584.171954429
3 164 409 585.856094057
4 165 410 588.380488566
5 166 414 590.026894485
4 167 422 596.653749156
3 168 423 596.856094057
2 169 424 598.026894485
3 170 425 598.406234013
2 171 427 599.380488566
3 172 430 610.345120499
4 173 432 611.393060896
3 174 434 612.406234013
4 175 437 615.995211002
5 176 442 624.935012678
4 177 443 625.393060896
3 178 447 630.345120499
2 179 449 635.995211002
1 180 450 635.995211002
2 181 452 666.350767861
3 182 454 668.304620782
4 183 456 670.58923013
5 184 458 671.084338969
6 185 460 672.61840804
7 186 463 676.655718341
6 187 471 685.084338969
5 188 472 689.350767861
4 189 474 691.304620782
5 190 477 693.845724833
6 191 479 694.467036687
5 192 481 696.58923013
6 193 484 698.887969484
5 194 485 702.084338969
4 195 487 703.350767861
3 196 494 710.845724833
2 197 495 713.58923013
3 198 497 714.043147272
2 199 499 716.084338969
3 200 502 720.659209658
4 201 504 721.387369475
3 202 506 722.043147272
2 203 513 728.659209658
1 204 515 732.387369475
2 205 516 733.535395815
3 206 518 734.118024187
4 207 522 744.368107293
5 208 523 745.754887263
4 209 527 748.118024187
5 210 528 748.477622899
6 211 531 754.014647013
7 212 532 754.337558281
6 213 534 759.118024187
5 214 536 759.535395815
6 215 539 765.654074043
5 216 543 773.535395815
6 217 544 775.724742638
5 218 547 779.118024187
6 219 549 779.172723652
7 220 550 779.385453064
8 221 551 781.318876788
7 222 553 781.535395815
6 223 559 787.118024187
5 224 561 792.535395815
6 225 566 800.932038151
5 226 567 801.118024187
6 227 569 802.127112264
5 228 572 803.535395815
6 229 578 810.240138284
5 230 580 815.118024187
4 231 581 817.535395815
5 232 582 818.395403467
6 233 583 819.663248177
5 234 585 820.535395815
6 235 588 825.792605608
7 236 591 828.877934307
8 237 592 831.132361408
7 238 594 831.535395815
8 239 595 831.936431182
9 240 598 839.643403848
8 241 601 842.535395815
7 242 602 847.118024187
8 243 607 852.464310901
9 244 608 853.00586893
10 245 609 853.339999351
9 246 610 853.535395815
8 247 612 853.535395815
9 248 617 859.682678084
8 249 622 861.118024187
9 250 625 862.59672491
8 251 627 864.535395815
7 252 633 869.118024187
8 253 634 870.377233726
7 254 636 871.345120499
6 255 638 875.118024187
5 256 642 884.535395815
4 257 646 885.345120499
5 258 647 887.704737777
6 259 648 890.398000201
7 260 649 891.975079354
6 261 650 895.118024187
5 262 658 902.345120499
4 263 664 907.345120499
3 264 665 907.345120499
2 265 666 907.535395815
1 266 668 909.118024187
2 267 671 922.567118399
3 268 673 924.162018846
4 269 675 926.283489297
5 270 676 930.999673927
6 271 677 934.944816052
7 272 686 939.433555479
8 273 687 942.630437288
7 274 689 945.567118399
6 275 690 945.567118399
7 276 691 945.936329481
6 277 699 953.043147272
7 278 702 954.19270032
8 279 703 962.168511437
7 280 705 962.567118399
8 281 706 962.859883311
7 282 708 964.58923013
6 283 710 967.043147272
7 284 717 974.729020252
6 285 719 976.567118399
5 286 721 978.043147272
4 287 723 978.58923013
5 288 724 979.953790145
6 289 727 981.086320773
5 290 732 989.58923013
6 291 734 992.857819759
5 292 735 993.567118399
4 293 737 998.043147272
5 294 739 998.680953587
6 295 742 1003.5098013
7 296 744 1004.00936283
6 297 749 1006.58923013
7 298 752 1009.74513446
8 299 753 1009.87206174
9 300 754 1013.30627772
8 301 755 1015.04314727
9 302 758 1016.41012919
8 303 759 1016.5671184
7 304 760 1016.5671184
8 305 764 1021.95573228
9 306 768 1026.0672948
10 307 771 1028.64490886
9 308 773 1029.04314727
8 309 774 1029.04314727
9 310 775 1032.60854616
8 311 777 1033.5671184
9 312 778 1034.11298615
8 313 780 1035.58923013
9 314 781 1035.66750066
10 315 783 1037.01566779
11 316 786 1039.95988755
12 317 787 1045.62863647
11 318 789 1046.04314727
12 319 792 1047.43497151
11 320 798 1053.5671184
12 321 801 1057.47600395
11 322 805 1058.58923013
10 323 806 1061.5671184
9 324 808 1064.5671184
8 325 810 1064.58923013
7 326 812 1069.04314727
8 327 813 1069.29651105
9 328 819 1077.79702936
10 329 820 1078.38536757
9 330 824 1086.04314727
8 331 826 1087.5671184
7 332 828 1090.58923013
6 333 830 1092.04314727
7 334 831 1094.37801809
8 335 834 1096.72374464
9 336 839 1102.72284993
10 337 840 1104.23443396
9 338 842 1104.5671184
8 339 844 1106.04314727
7 340 846 1107.58923013
8 341 849 1109.09754622
7 342 853 1112.5671184
8 343 856 1119.02146227
7 344 860 1123.04314727
6 345 862 1123.5671184
5 346 866 1124.58923013
6 347 867 1125.34764529
7 348 870 1127.51431569
6 349 871 1129.58923013
5 350 874 1131.04314727
4 351 879 1139.04314727
5 352 883 1139.73487977
4 353 884 1140.58923013
3 354 888 1143.5671184
4 355 889 1146.01978796
3 356 893 1151.58923013
2 357 896 1156.04314727
3 358 897 1160.05289797
2 359 899 1163.01978796
3 360 900 1164.85399113
4 361 902 1165.84295094
5 362 905 1169.3473113
6 363 909 1170.94091126
5 364 913 1174.05289797
6 365 916 1179.00605688
5 366 918 1179.84295094
4 367 921 1181.85399113
3 368 922 1183.05289797
2 369 923 1185.05289797
3 370 924 1189.52620228
2 371 930 1202.84295094
1 372 932 1209.52620228
2 373 934 1216.56861644
3 374 936 1217.33192123
2 375 944 1224.56861644
3 376 945 1225.67409584
4 377 947 1226.12014889
5 378 949 1230.68498501
6 379 955 1235.46728095
5 380 958 1235.68498501
6 381 960 1235.98571709
5 382 962 1237.12014889
4 383 963 1237.33192123
5 384 964 1240.09644172
6 385 967 1241.43767029
7 386 968 1242.25794747
6 387 974 1248.67409584
7 388 978 1250.2907596
6 389 979 1251.09644172
5 390 981 1251.12014889
6 391 983 1253.6597497
5 392 984 1255.68498501
4 393 985 1258.68498501
5 394 991 1268.5393352
6 395 993 1269.45567248
5 396 995 1271.67409584
6 397 996 1272.63476717
5 398 998 1274.09644172
4 399 999 1277.67409584
5 400 1002 1279.94634315
4 401 1008 1283.45567248
5 402 1009 1283.80432287
6 403 1012 1286.70090046
7 404 1013 1288.9368626
6 405 1014 1289.63476717
5 406 1021 1291.5393352
4 407 1022 1293.94634315
3 408 1024 1297.80432287
2 409 1027 1302.94634315
1 410 1029 1309.63476717
2 411 1030 1316.00416981
3 412 1032 1317.57247241
4 413 1034 1323.37933411
5 414 1039 1326.54702706
4 415 1045 1337.57247241
3 416 1046 1339.00416981
4 417 1047 1339.40494209
3 418 1049 1346.37933411
2 419 1053 1346.57247241
3 420 1054 1348.37732955
2 421 1057 1350.40494209
3 422 1058 1352.65320339
2 423 1064 1359.37732955
3 424 1065 1361.73613848
2 425 1069 1366.65320339
1 426 1070 1366.73613848
2 427 1071 1367.06611637
3 428 1073 1368.67010606
4 429 1075 1370.41930413
3 430 1080 1378.06611637
2 431 1082 1379.67010606
3 432 1083 1383.17254814
2 433 1089 1394.17254814
1 434 1090 1398.06611637
2 435 1091 1399.02301269
3 436 1093 1400.22061971
4 437 1095 1400.33468044
3 438 1101 1408.22061971
4 439 1103 1408.41232401
5 440 1104 1409.82956463
6 441 1105 1412.38894515
5 442 1107 1413.02301269
6 443 1108 1414.51850404
7 444 1112 1416.71543048
6 445 1116 1422.22061971
5 446 1117 1422.22061971
6 447 1118 1423.58872852
5 448 1120 1424.02301269
4 449 1124 1430.22061971
5 450 1133 1440.85782208
4 451 1134 1441.22061971
5 452 1136 1442.77356954
4 453 1137 1444.52620228
5 454 1141 1450.33186382
4 455 1143 1452.52620228
3 456 1144 1453.02301269
4 457 1147 1454.64203661
5 458 1149 1455.17217731
6 459 1152 1461.47379448
7 460 1153 1463.50433785
8 461 1154 1464.8867561
7 462 1156 1467.22061971
8 463 1157 1468.71551279
9 464 1158 1469.0237717
8 465 1165 1472.52620228
7 466 1166 1478.22061971
8 467 1168 1478.33541902
7 468 1170 1483.64203661
6 469 1179 1495.22061971
5 470 1180 1495.52620228
6 471 1181 1497.90407693
5 472 1184 1498.52620228
6 473 1185 1499.12414335
7 474 1186 1499.50845726
6 475 1188 1500.64203661
5 476 1198 1512.52620228
4 477 1199 1512.52620228
5 478 1200 1516.97668159
4 479 1202 1517.64203661
3 480 1203 1518.22061971
4 481 1204 1523.76003943
5 482 1208 1528.38610173
4 483 1212 1533.97668159
5 484 1217 1541.71097594
4 485 1219 1545.38610173
3 486 1222 1545.94634315
2 487 1223 1546.76003943
3 488 1224 1551.61479888
4 489 1226 1552.57541137
3 490 1230 1552.71097594
2 491 1234 1565.61479888
1 492 1235 1569.57541137
2 493 1236 1570.03389306
3 494 1240 1582.03205684
4 495 1242 1582.46297291
3 496 1244 1584.03389306
2 497 1249 1596.46297291
3 498 1250 1600.11900119
2 499 1252 1602.03205684
3 500 1255 1615.16844025
2 501 1259 1620.11900119
3 502 1260 1625.4406549
2 503 1262 1626.16844025
3 504 1263 1626.8542523
2 505 1267 1639.4406549
3 506 1270 1643.68122282
4 507 1272 1644.81598023
3 508 1274 1646.8542523
4 509 1278 1650.07478263
5 510 1282 1651.55269926
4 511 1286 1655.81598023
3 512 1290 1657.68122282
2 513 1291 1665.55269926
1 514 1292 1670.07478263
2 515 1293 1671.48016475
3 516 1295 1674.91220115
4 517 1297 1675.58440247
5 518 1299 1678.93168128
4 519 1307 1689.58440247
5 520 1310 1694.23386748
4 521 1312 1694.91220115
3 522 1315 1700.48016475
4 523 1316 1700.63080723
3 524 1320 1701.93168128
2 525 1321 1705.23386748
1 526 1324 1717.63080723
2 527 1325 1721.55821252
3 528 1327 1725.42529184
4 529 1329 1726.72487562
5 530 1332 1729.45676591
4 531 1340 1735.55821252
5 532 1341 1742.06317163
4 533 1343 1742.42529184
3 534 1344 1744.55821252
4 535 1345 1745.46379212
3 536 1349 1746.72487562
4 537 1350 1755.23512061
5 538 1354 1761.09716561
4 539 1355 1762.46379212
5 540 1357 1763.72294813
4 541 1358 1765.42529184
5 542 1360 1767.08183414
6 543 1367 1772.43459691
5 544 1368 1773.46379212
4 545 1370 1779.42529184
3 546 1374 1787.23512061
2 547 1375 1790.46379212
3 548 1378 1795.14562617
4 549 1380 1797.45542829
3 550 1386 1805.42529184
2 551 1387 1808.45542829
1 552 1388 1809.14562617
2 553 1389 1814.69652463
3 554 1393 1830.28498611
4 555 1395 1832.12553061
5 556 1397 1833.17337514
4 557 1401 1834.69652463
5 558 1402 1835.47946112
6 559 1404 1838.04567003
5 560 1405 1841.28498611
4 561 1412 1851.69652463
3 562 1413 1855.12553061
2 563 1414 1855.12553061
3 564 1417 1859.10911464
4 565 1419 1861.53175675
3 566 1423 1870.28498611
4 567 1424 1871.2126903
5 568 1429 1875.60293724
6 569 1431 1875.69239922
5 570 1433 1876.10911464
4 571 1436 1881.53175675
3 572 1437 1888.2126903
4 573 1440 1892.99728719
5 574 1443 1893.35137265
6 575 1444 1894.54620705
7 576 1450 1896.03269943
8 577 1451 1897.45981486
9 578 1454 1900.35723272
8 579 1456 1901.60293724
7 580 1462 1904.60293724
6 581 1463 1905.10911464
7 582 1467 1907.42240832
8 583 1468 1907.59529966
7 584 1470 1908.54620705
8 585 1472 1908.69447459
7 586 1477 1909.60293724
6 587 1478 1909.99728719
5 588 1479 1909.99728719
4 589 1480 1912.91220115
3 590 1483 1918.91220115
2 591 1484 1921.59529966
1 592 1485 1924.91220115
2 593 1486 1940.30682001
3 594 1490 1955.85084045
4 595 1492 1958.44352499
5 596 1494 1959.52383323
4 597 1496 1960.30682001
5 598 1502 1969.31559684
6 599 1506 1973.81046122
5 600 1508 1975.44352499
6 601 1510 1975.63433019
5 602 1512 1975.85084045
4 603 1513 1976.52383323
5 604 1514 1978.24297384
4 605 1518 1979.52383323
5 606 1519 1980.66984022
6 607 1521 1981.70515473
7 608 1524 1984.96253099
8 609 1526 1985.93261018
7 610 1531 1989.24297384
8 611 1533 1990.40434139
7 612 1536 1992.63433019
6 613 1538 1993.81046122
5 614 1540 1994.66984022
6 615 1541 1995.30371503
5 616 1543 1998.63433019
6 617 1552 2002.77129026
7 618 1553 2005.37028385
6 619 1555 2006.24297384
5 620 1556 2007.81046122
4 621 1558 2011.66984022
3 622 1559 2012.63433019
4 623 1564 2020.26433236
5 624 1566 2020.68384825
6 625 1569 2021.31136923
5 626 1570 2023.24297384
6 627 1574 2028.79437928
7 628 1576 2028.85359128
6 629 1580 2030.81046122
5 630 1581 2031.26433236
4 631 1584 2034.26433236
3 632 1587 2041.81046122
4 633 1588 2043.02092941
3 634 1590 2043.68384825
2 635 1591 2045.79437928
3 636 1593 2048.51035337
2 637 1597 2054.02092941
3 638 1598 2054.78003664
2 639 1600 2057.02092941
3 640 1603 2071.05582264
2 641 1605 2071.78003664
3 642 1606 2072.66100141
4 643 1608 2078.4309994
5 644 1614 2081.8505128
6 645 1618 2083.83310073
7 646 1619 2083.98662841
6 647 1620 2089.66100141
5 648 1623 2091.05582264
4 649 1626 2092.4309994
5 650 1627 2093.17755855
4 651 1631 2099.05582264
5 652 1637 2104.74863098
4 653 1639 2107.17755855
5 654 1640 2109.46757038
4 655 1642 2110.8505128
3 656 1643 2112.66100141
2 657 1649 2121.17755855
3 658 1650 2122.76202607
2 659 1652 2124.8505128
3 660 1654 2125.19971218
4 661 1656 2125.34779451
5 662 1659 2128.66693681
4 663 1662 2130.19971218
3 664 1666 2136.76202607
2 665 1669 2141.19971218
3 666 1672 2155.34018552
2 667 1674 2156.76202607
3 668 1675 2157.63529638
4 669 1679 2168.03884923
5 670 1682 2174.39332673
4 671 1684 2175.34018552
3 672 1685 2177.63529638
4 673 1689 2186.15862286
3 674 1692 2192.34018552
4 675 1696 2201.21030206
3 676 1699 2203.63529638
4 677 1700 2204.39795372
5 678 1702 2204.4745973
6 679 1703 2205.68673502
5 680 1704 2206.34018552
6 681 1706 2209.91418791
7 682 1707 2212.76530646
8 683 1708 2212.92798896
9 684 1709 2214.22252034
8 685 1717 2226.34018552
7 686 1719 2226.44352499
8 687 1722 2229.10668769
7 688 1724 2230.39795372
8 689 1725 2232.25216179
9 690 1726 2232.6485138
10 691 1729 2236.23962629
11 692 1732 2239.29520811
12 693 1733 2239.98547455
11 694 1734 2240.34018552
12 695 1737 2242.6547014
11 696 1739 2246.44352499
10 697 1740 2250.39795372
11 698 1745 2253.4831008
12 699 1746 2254.84003516
13 700 1749 2257.5029147
14 701 1750 2258.25417155
13 702 1753 2266.34018552
14 703 1754 2266.77660718
13 704 1756 2269.34018552
12 705 1759 2270.39795372
13 706 1761 2271.67215704
14 707 1762 2272.04365011
13 708 1766 2272.44352499
14 709 1773 2277.0861818
13 710 1774 2278.39795372
12 711 1780 2281.39795372
11 712 1781 2281.39795372
10 713 1784 2283.34018552
11 714 1785 2284.76486268
10 715 1787 2286.44352499
11 716 1791 2287.54680609
12 717 1792 2287.90177787
11 718 1793 2289.44352499
12 719 1794 2290.02954248
13 720 1795 2290.0543045
14 721 1796 2290.06146793
13 722 1799 2291.34018552
12 723 1802 2292.44352499
11 724 1804 2294.34018552
10 725 1806 2297.44352499
9 726 1810 2301.39795372
8 727 1814 2305.34018552
7 728 1820 2311.44352499
8 729 1821 2311.61600341
9 730 1822 2316.55621364
8 731 1824 2319.34018552
7 732 1828 2321.39795372
8 733 1831 2328.29399317
7 734 1837 2328.44352499
6 735 1838 2329.39795372
5 736 1839 2332.39795372
4 737 1844 2335.39795372
3 738 1847 2342.34018552
4 739 1851 2347.94819271
3 740 1854 2349.39795372
2 741 1856 2351.44352499
3 742 1858 2355.13911043
2 743 1863 2361.94819271
1 744 1865 2367.94819271
2 745 1866 2369.56671307
3 746 1870 2382.02130518
2 747 1872 2386.56671307
3 748 1876 2390.44748159
4 749 1877 2393.37741555
5 750 1879 2397.42601878
4 751 1881 2399.02130518
5 752 1884 2401.04017692
6 753 1885 2401.99152814
5 754 1889 2410.44748159
6 755 1892 2412.23938165
5 756 1894 2419.02130518
4 757 1896 2419.37741555
3 758 1903 2433.37741555
2 759 1904 2436.02130518
1 760 1905 2436.44748159
2 761 1906 2437.09627496
3 762 1909 2443.23065535
4 763 1910 2446.81783558
5 764 1914 2452.84292593
6 765 1919 2462.82579031
5 766 1922 2463.09627496
4 767 1923 2463.23065535
5 768 1924 2463.42173113
6 769 1926 2466.47634678
5 770 1930 2469.81783558
4 771 1932 2471.09627496
5 772 1933 2472.00327874
4 773 1934 2474.09627496
3 774 1940 2483.42173113
2 775 1943 2492.81783558
3 776 1944 2493.57087401
2 777 1948 2503.09627496
1 778 1949 2504.57087401
2 779 1950 2505.56620563
1 780 1954 2519.56620563
2 781 1955 2519.59520609
3 782 1957 2521.45015955
4 783 1961 2527.23087661
3 784 1963 2530.59520609
4 785 1966 2536.6657868
5 786 1968 2538.80126266
6 787 1969 2539.33160312
7 788 1970 2539.83629302
6 789 1974 2544.45015955
7 790 1975 2544.62730374
6 791 1979 2553.23087661
5 792 1981 2553.6657868
6 793 1984 2554.61770277
7 794 1985 2557.42709908
8 795 1988 2561.11921685
7 796 1990 2561.45015955
6 797 1994 2564.6657868
7 798 1995 2565.77001743
6 799 1997 2570.23087661
5 800 2004 2581.45015955
6 801 2006 2582.47978239
7 802 2007 2583.09455025
6 803 2008 2584.6657868
7 804 2010 2587.92794601
6 805 2016 2592.45015955
7 806 2019 2594.39686867
8 807 2022 2594.99617738
9 808 2025 2595.65431527
8 809 2027 2596.23087661
9 810 2028 2599.64951691
8 811 2031 2600.45015955
7 812 2033 2605.34018552
6 813 2038 2607.6657868
5 814 2039 2610.23087661
6 815 2048 2616.54837066
5 816 2050 2620.39795372
4 817 2051 2620.45015955
3 818 2055 2622.34018552
4 819 2056 2624.84336721
3 820 2058 2626.45015955
2 821 2059 2627.54837066
3 822 2062 2638.55362035
4 823 2064 2641.40012345
3 824 2066 2641.84336721
4 825 2071 2645.4815224
5 826 2073 2647.54009882
6 827 2075 2647.63184785
5 828 2078 2652.55362035
6 829 2080 2653.51553146
5 830 2081 2661.40012345
4 831 2085 2662.4815224
3 832 2090 2669.40012345
4 833 2091 2670.17400172
3 834 2093 2672.55362035
4 835 2094 2673.83682617
5 836 2096 2674.23063152
4 837 2100 2676.54009882
5 838 2103 2677.56891477
6 839 2105 2679.03653838
7 840 2106 2680.73560648
6 841 2109 2685.23063152
5 842 2112 2687.17400172
6 843 2113 2687.41494458
5 844 2116 2693.83682617
4 845 2120 2697.56891477
3 846 2125 2702.23063152
4 847 2126 2707.96015111
5 848 2129 2708.12310378
4 849 2130 2710.17400172
3 850 2131 2716.83682617
4 851 2132 2720.28365044
5 852 2134 2721.79828693
6 853 2141 2728.37502655
7 854 2145 2730.29616699
6 855 2146 2730.96015111
5 856 2148 2730.96015111
4 857 2149 2732.79828693
3 858 2150 2737.28365044
4 859 2155 2742.42047297
3 860 2157 2745.37502655
4 861 2159 2745.39733907
5 862 2161 2747.01724427
6 863 2163 2753.44285028
5 864 2165 2753.96015111
4 865 2172 2758.96015111
5 866 2174 2759.17537473
4 867 2175 2762.39733907
5 868 2179 2764.63821287
4 869 2181 2765.42047297
5 870 2183 2765.77892055
6 871 2184 2766.78168286
7 872 2185 2768.69892024
6 873 2191 2772.96015111
7 874 2193 2773.13268875
8 875 2194 2778.11209864
7 876 2196 2779.39733907
6 877 2197 2782.39733907
5 878 2199 2785.42047297
6 879 2202 2786.87987312
5 880 2208 2795.96015111
4 881 2211 2799.42047297
3 882 2213 2800.96015111
4 883 2214 2801.41523712
3 884 2216 2802.39733907
2 885 2222 2809.41523712
1 886 2223 2813.42047297
2 887 2225 2826.15870194
3 888 2227 2831.90069373
4 889 2231 2838.82664007
5 890 2234 2839.40921353
4 891 2238 2846.15870194
5 892 2239 2846.58173822
6 893 2240 2847.19765945
7 894 2241 2848.31243233
8 895 2242 2849.47907833
7 896 2243 2851.90069373
6 897 2252 2865.23087661
7 898 2253 2865.85576698
8 899 2254 2868.70858349
7 900 2256 2868.90069373
6 901 2258 2869.15870194
5 902 2262 2873.23087661
6 903 2267 2879.72232205
5 904 2268 2880.15870194
6 905 2272 2881.90283496
5 906 2274 2882.90069373
4 907 2276 2887.23087661
3 908 2279 2892.23087661
2 909 2284 2899.90069373
3 910 2285 2901.0188162
2 911 2289 2909.15870194
1 912 2290 2912.0188162
2 913 2291 2913.73738448
3 914 2295 2929.68302523
4 915 2297 2933.32157075
3 916 2299 2936.73738448
4 917 2300 2942.29925445
3 918 2308 2949.68302523
2 919 2309 2950.32157075
1 920 2310 2956.29925445
2 921 2312 2962.6559038
3 922 2314 2970.20370184
2 923 2320 2982.6559038
1 924 2321 2987.20370184
2 925 2322 2989.78383071
3 926 2324 2998.21805515
4 927 2326 2998.85644011
5 928 2331 3003.08986773
6 929 2332 3005.6505795
7 930 2338 3011.018787
6 931 2342 3012.78383071
7 932 2344 3014.15154313
8 933 2346 3014.77215387
7 934 2348 3015.85644011
6 935 2351 3018.21805515
5 936 2352 3019.6505795
4 937 2353 3021.21805515
3 938 2358 3026.85644011
4 939 2359 3028.97786059
5 940 2361 3030.00590237
4 941 2363 3032.78383071
3 942 2364 3032.78383071
2 943 2367 3036.97786059
3 944 2368 3039.15989656
4 945 2372 3041.1331841
5 946 2374 3048.29038224
4 947 2380 3050.00590237
3 948 2383 3053.29038224
2 949 2386 3061.1331841
3 950 2387 3063.20885018
2 951 2391 3068.15989656
3 952 2392 3070.87959266
4 953 2394 3070.91906695
3 954 2396 3071.20885018
4 955 2397 3079.70230007
5 956 2401 3082.60097642
6 957 2406 3090.66809815
5 958 2407 3090.87959266
6 959 2411 3092.86189076
5 960 2413 3093.91906695
4 961 2414 3096.70230007
3 962 2415 3096.70230007
2 963 2420 3111.60097642
1 964 2421 3112.86189076
2 965 2422 3118.04296394
3 966 2424 3118.25704624
4 967 2426 3123.43082863
5 968 2430 3125.72330147
6 969 2432 3126.34980638
5 970 2436 3129.04296394
6 971 2437 3129.25239028
7 972 2438 3129.65088285
8 973 2441 3133.97157833
7 974 2447 3140.43082863
6 975 2448 3141.25704624
5 976 2453 3146.04296394
4 977 2458 3151.72330147
5 978 2459 3152.57392654
4 979 2461 3154.43082863
5 980 2462 3159.26290649
4 981 2466 3160.04296394
3 982 2467 3164.25704624
2 983 2469 3166.57392654
3 984 2471 3173.04937279
2 985 2475 3185.26290649
3 986 2478 3189.10433561
2 987 2480 3193.04937279
3 988 2481 3195.1614574
4 989 2483 3198.46086739
5 990 2491 3208.47995765
4 991 2493 3209.46086739
5 992 2494 3213.26652137
4 993 2496 3215.1614574
5 994 2497 3215.81491321
4 995 2500 3218.10433561
5 996 2504 3219.74409855
6 997 2505 3221.64752011
5 998 2509 3223.1614574
6 999 2510 3225.3510188
5 1000 2511 3229.46086739
4 1001 2516 3232.10433561
3 1002 2519 3240.46086739
4 1003 2520 3244.2518387
5 1004 2524 3245.93482767
4 1005 2526 3246.1614574
5 1006 2527 3248.26163341
6 1007 2528 3248.97720592
7 1008 2533 3253.44423714
6 1009 2534 3255.10433561
7 1010 2536 3257.67241091
6 1011 2538 3258.2518387
7 1012 2539 3260.14602403
6 1013 2543 3263.1614574
7 1014 2544 3264.6631648
8 1015 2553 3274.23526185
7 1016 2555 3277.1614574
6 1017 2557 3278.00590237
5 1018 2558 3278.2518387
6 1019 2560 3280.15807082
5 1020 2562 3284.10433561
6 1021 2565 3286.00603752
7 1022 2572 3291.91555846
6 1023 2574 3294.1614574
5 1024 2575 3298.10433561
4 1025 2577 3298.2518387
5 1026 2582 3302.62410849
4 1027 2584 3304.00590237
3 1028 2585 3308.1614574
2 1029 2587 3312.10433561
3 1030 2591 3319.65845414
2 1031 2593 3322.62410849
3 1032 2594 3328.24139431
2 1033 2598 3336.65845414
3 1034 2601 3341.66153074
4 1035 2603 3343.55103297
5 1036 2605 3344.37424996
6 1037 2608 3346.05462605
7 1038 2609 3347.49884115
6 1039 2610 3349.66153074
5 1040 2612 3351.24139431
4 1041 2620 3366.55103297
3 1042 2622 3369.66153074
2 1043 2623 3371.24139431
3 1044 2624 3371.5450142
2 1045 2628 3377.55103297
3 1046 2629 3379.22092734
4 1047 2631 3380.17187163
3 1048 2639 3394.17187163
2 1049 2640 3394.5450142
3 1050 2641 3395.4462832
2 1051 2643 3399.22092734
3 1052 2644 3400.11354936
4 1053 2649 3405.07917872
5 1054 2653 3407.20967396
4 1055 2655 3408.11354936
3 1056 2656 3415.4462832
2 1057 2661 3427.20967396
1 1058 2662 3428.07917872
2 1059 2663 3437.25171741
3 1060 2666 3439.25376503
4 1061 2670 3441.4650931
3 1062 2674 3445.25171741
4 1063 2675 3448.31847107
3 1064 2677 3451.25171741
2 1065 2680 3455.4650931
1 1066 2681 3459.31847107
2 1067 2682 3476.00792253
3 1068 2684 3479.87403931
2 1069 2690 3490.00792253
3 1070 2691 3491.38178036
4 1071 2694 3492.26150182
5 1072 2695 3492.59421322
6 1073 2697 3494.30312018
5 1074 2701 3496.87403931
4 1075 2702 3499.38178036
5 1076 2709 3504.13499171
4 1077 2710 3509.26150182
3 1078 2711 3509.59421322
4 1079 2715 3513.43785977
3 1080 2717 3513.87403931
4 1081 2720 3517.51753096
3 1082 2724 3524.43785977
2 1083 2725 3525.87403931
3 1084 2728 3533.45395958
4 1085 2732 3535.64310595
5 1086 2734 3541.34566959
4 1087 2736 3543.51753096
5 1088 2739 3546.58056267
4 1089 2745 3552.64310595
5 1090 2746 3557.02633493
4 1091 2750 3562.45395958
3 1092 2751 3566.51753096
2 1093 2752 3572.64310595
3 1094 2755 3578.38045305
4 1095 2757 3578.87745366
5 1096 2759 3585.21219172
4 1097 2763 3591.45395958
5 1098 2765 3591.67413191
6 1099 2769 3595.23599727
7 1100 2770 3598.08315284
6 1101 2772 3598.38045305
5 1102 2775 3601.87745366
6 1103 2776 3603.0898479
7 1104 2777 3604.71627798
6 1105 2779 3604.87745366
5 1106 2781 3608.45395958
6 1107 2782 3608.88125528
7 1108 2785 3614.51862194
8 1109 2788 3617.69730674
9 1110 2789 3617.8630835
8 1111 2792 3621.87745366
7 1112 2797 3624.38045305
8 1113 2798 3627.14390611
7 1114 2802 3631.45395958
8 1115 2807 3633.95802444
7 1116 2809 3635.38045305
8 1117 2812 3638.21253765
7 1118 2813 3638.38045305
8 1119 2816 3641.54424625
7 1120 2818 3641.87745366
6 1121 2819 3641.87745366
7 1122 2820 3642.80115162
6 1123 2822 3645.45395958
5 1124 2824 3649.38045305
4 1125 2830 3653.45395958
5 1126 2833 3656.49462825
4 1127 2835 3661.87745366
3 1128 2838 3666.38045305
2 1129 2839 3667.45395958
3 1130 2840 3672.02960229
4 1131 2843 3672.65609883
5 1132 2847 3675.36397707
4 1133 2851 3678.87745366
3 1134 2852 3681.87745366
4 1135 2854 3683.67916078
5 1136 2858 3688.75883359
4 1137 2860 3689.02960229
3 1138 2861 3692.36397707
4 1139 2862 3692.83130731
5 1140 2864 3693.39837336
4 1141 2866 3698.36397707
3 1142 2873 3709.36397707
2 1143 2874 3712.83130731
3 1144 2875 3714.1694432
2 1145 2877 3717.75883359
1 1146 2881 3722.1694432
2 1147 2884 3740.0355777
3 1148 2886 3740.95762618
4 1149 2892 3754.51227747
3 1150 2894 3754.95762618
2 1151 2896 3757.0355777
3 1152 2897 3757.1069969
4 1153 2901 3763.50127148
3 1154 2905 3765.51227747
4 1155 2906 3766.72777293
5 1156 2909 3770.09867221
4 1157 2912 3774.1069969
5 1158 2916 3780.48004745
4 1159 2918 3780.50127148
3 1160 2919 3786.72777293
4 1161 2922 3791.89025161
3 1162 2924 3795.72777293
2 1163 2925 3800.48004745
3 1164 2928 3806.25891457
2 1165 2930 3808.89025161
3 1166 2933 3812.46847957
2 1167 2937 3814.25891457
3 1168 2938 3816.93702426
2 1169 2940 3817.46847957
3 1170 2941 3820.55053885
4 1171 2943 3821.97084986
5 1172 2947 3827.31701932
6 1173 2953 3832.27625107
5 1174 2956 3837.55053885
4 1175 2958 3838.31701932
5 1176 2959 3838.76784416
4 1177 2961 3839.93702426
3 1178 2964 3841.97084986
4 1179 2967 3846.92476408
3 1180 2969 3848.55053885
2 1181 2970 3849.76784416
3 1182 2971 3850.36026104
4 1183 2975 3852.70447394
3 1184 2981 3863.70447394
2 1185 2982 3863.92476408
1 1186 2983 3864.36026104
2 1187 2984 3869.28603195
3 1188 2986 3871.42894602
4 1189 2990 3878.17970343
3 1190 2994 3883.28603195
2 1191 2995 3885.42894602
3 1192 2996 3886.55781728
2 1193 3002 3897.55781728
1 1194 3003 3904.17970343
2 1195 3004 3906.80324692
3 1196 3006 3908.26428282
2 1197 3012 3922.26428282
1 1198 3013 3926.80324692
2 1199 3016 3927.45266139
3 1200 3017 3929.52476543
2 1201 3023 3944.45266139
3 1202 3025 3949.06338463
2 1203 3027 3949.52476543
3 1204 3028 3949.74076755
4 1205 3033 3950.79790862
5 1206 3035 3952.47551869
4 1207 3042 3957.74076755
3 1208 3043 3960.06338463
2 1209 3044 3960.74076755
3 1210 3045 3963.0398827
2 1211 3047 3963.74076755
1 1212 3050 3983.0398827
2 1213 3051 3989.03754016
3 1214 3054 3989.08751747
2 1215 3058 4003.03754016
3 1216 3059 4004.65269932
2 1217 3061 4006.03754016
3 1218 3062 4009.70211187
2 1219 3068 4020.70211187
3 1220 3069 4020.82890864
4 1221 3071 4027.33350281
3 1222 3073 4027.65269932
4 1223 3074 4027.81133462
3 1224 3080 4041.81133462
4 1225 3081 4043.26181174
5 1226 3085 4043.95971043
4 1227 3086 4046.82890864
5 1228 3088 4049.93423459
4 1229 3092 4056.33350281
3 1230 3095 4060.26181174
2 1231 3098 4063.82890864
1 1232 3099 4070.33350281
2 1233 3101 4073.42434268
3 1234 3103 4078.09129122
4 1235 3105 4078.99689998
3 1236 3112 4093.42434268
4 1237 3113 4093.57840776
5 1238 3114 4094.6920564
4 1239 3116 4101.09129122
5 1240 3117 4104.58888499
6 1241 3118 4105.52368536
7 1242 3123 4113.97549086
6 1243 3126 4116.42434268
5 1244 3127 4118.09129122
6 1245 3129 4120.09388847
7 1246 3133 4122.94733005
6 1247 3138 4130.42434268
5 1248 3139 4130.42434268
6 1249 3140 4134.85961587
5 1250 3145 4138.09129122
4 1251 3146 4144.42434268
3 1252 3148 4147.42434268
4 1253 3151 4149.72230341
5 1254 3152 4154.66875282
4 1255 3156 4155.09129122
5 1256 3158 4157.15722053
6 1257 3162 4158.83342375
7 1258 3164 4159.14661424
6 1259 3166 4164.42434268
7 1260 3167 4164.66479749
8 1261 3170 4167.40130866
9 1262 3177 4170.82274438
10 1263 3178 4171.91420828
9 1264 3182 4174.89917969
10 1265 3183 4177.49399362
9 1266 3184 4178.09129122
8 1267 3185 4180.89917969
7 1268 3186 4181.09129122
6 1269 3188 4184.42434268
7 1270 3194 4189.72586498
8 1271 3195 4191.07449114
7 1272 3197 4192.09129122
8 1273 3198 4193.43730238
7 1274 3202 4194.89917969
8 1275 3207 4202.74320902
7 1276 3209 4204.42434268
8 1277 3210 4205.70225783
7 1278 3211 4208.89917969
6 1279 3214 4209.09129122
7 1280 3218 4210.55446356
6 1281 3224 4213.89917969
5 1282 3227 4214.09129122
4 1283 3228 4215.42434268
5 1284 3230 4215.50355699
6 1285 3231 4219.87920506
5 1286 3233 4222.89917969
4 1287 3239 4236.89917969
3 1288 3240 4240.09129122
4 1289 3244 4244.54098975
5 1290 3245 4248.4655327
4 1291 3249 4253.89917969
5 1292 3250 4258.21628605
4 1293 3252 4260.09129122
5 1294 3253 4263.70421385
4 1295 3260 4273.89917969
3 1296 3261 4277.09129122
4 1297 3267 4284.24904697
3 1298 3268 4284.89917969
2 1299 3269 4287.89917969
1 1300 3275 4307.89917969
2 1301 3276 4310.5908857
3 1302 3279 4313.82032477
2 1303 3283 4327.5908857
1 1304 3284 4327.5908857
2 1305 3285 4333.50857768
3 1306 3287 4334.93825276
4 1307 3288 4340.12899498
3 1308 3291 4350.50857768
4 1309 3293 4357.03941807
5 1310 3294 4357.29864975
6 1311 3297 4370.72060118
5 1312 3302 4376.50857768
6 1313 3305 4383.89272416
5 1314 3309 4390.92017853
6 1315 3310 4392.60066461
5 1316 3312 4393.50857768
6 1317 3313 4393.68899783
5 1318 3317 4401.92017853
6 1319 3320 4408.53029897
5 1320 3322 4410.50857768
6 1321 3325 4416.08613065
7 1322 3328 4420.40032931
6 1323 3331 4421.92017853
7 1324 3332 4423.62458617
6 1325 3334 4424.50857768
7 1326 3340 4440.23046976
6 1327 3341 4441.92017853
5 1328 3343 4441.92017853
6 1329 3344 4443.66241648
5 1330 3348 4450.50857768
4 1331 3352 4464.92017853
5 1332 3353 4465.34275685
6 1333 3358 4474.43356807
7 1334 3359 4481.25325871
6 1335 3361 4481.92017853
5 1336 3363 4482.50857768
6 1337 3364 4486.21863844
5 1338 3371 4502.50857768
4 1339 3376 4507.92017853
3 1340 3380 4510.50857768
4 1341 3382 4510.65464053
3 1342 3388 4521.92017853
2 1343 3390 4522.44411636
3 1344 3391 4528.16281665
4 1345 3393 4528.19603289
5 1346 3394 4529.02956797
6 1347 3395 4529.69551457
7 1348 3397 4531.14342323
8 1349 3400 4535.01676545
7 1350 3405 4544.92017853
6 1351 3406 4545.16281665
5 1352 3408 4551.16281665
4 1353 3414 4561.92017853
3 1354 3418 4568.16281665
4 1355 3419 4568.64088513
3 1356 3421 4575.92017853
4 1357 3426 4580.6687618
3 1358 3427 4582.16281665
4 1359 3429 4584.91678255
3 1360 3431 4589.92017853
4 1361 3436 4594.39268329
5 1362 3437 4597.23325196
4 1363 3440 4599.16281665
3 1364 3444 4600.92017853
4 1365 3445 4605.71536404
5 1366 3447 4606.29730445
6 1367 3448 4607.80348344
5 1368 3451 4610.16281665
4 1369 3452 4610.16281665
5 1370 3454 4615.68409891
4 1371 3456 4616.71536404
3 1372 3462 4630.16281665
4 1373 3463 4637.67492269
3 1374 3466 4642.71536404
2 1375 3468 4647.16281665
1 1376 3473 4662.71536404
2 1377 3474 4663.74264626
3 1378 3476 4670.17701793
2 1379 3480 4674.74264626
1 1380 3483 4687.17701793
2 1381 3486 4708.72137716
3 1382 3489 4715.97595354
4 1383 3490 4717.64833753
5 1384 3496 4723.51690991
6 1385 3498 4724.58264352
5 1386 3503 4725.72137716
4 1387 3504 4728.64833753
5 1388 3505 4731.03017972
4 1389 3507 4731.72137716
5 1390 3508 4737.58989467
4 1391 3510 4737.64833753
3 1392 3511 4737.64833753
4 1393 3512 4739.30969025
3 1394 3518 4751.03017972
2 1395 3519 4751.58989467
3 1396 3523 4756.0038411
2 1397 3525 4759.30969025
3 1398 3528 4768.68861864
4 1399 3530 4769.98264628
3 1400 3532 4776.0038411
4 1401 3535 4782.68840797
3 1402 3537 4782.68861864
4 1403 3539 4783.3179357
5 1404 3541 4785.29807797
4 1405 3548 4787.68840797
5 1406 3549 4789.40546353
4 1407 3551 4790.68840797
5 1408 3553 4796.34847186
4 1409 3557 4796.68840797
5 1410 3558 4798.61559015
4 1411 3560 4798.98264628
3 1412 3561 4803.40546353
2 1413 3562 4806.40546353
3 1414 3563 4810.53980674
2 1415 3569 4827.53980674
3 1416 3570 4829.86660271
2 1417 3572 4830.61559015
3 1418 3576 4843.51592774
2 1419 3578 4846.86660271
3 1420 3581 4848.26255227
4 1421 3584 4849.19608873
3 1422 3586 4857.51592774
4 1423 3591 4870.5739257
3 1424 3593 4871.26255227
4 1425 3594 4875.54402116
3 1426 3596 4878.19608873
4 1427 3599 4881.84837963
3 1428 3603 4884.5739257
2 1429 3606 4895.54402116
1 1430 3607 4898.84837963
2 1431 3608 4901.35819129
3 1432 3610 4902.65101994
4 1433 3614 4905.74909798
3 1434 3616 4907.65101994
4 1435 3617 4909.70740588
3 1436 3625 4918.35819129
2 1437 3626 4919.74909798
3 1438 3627 4920.46458427
4 1439 3629 4925.14093467
3 1440 3633 4929.70740588
2 1441 3634 4933.14093467
3 1442 3637 4938.82724654
2 1443 3639 4940.46458427
3 1444 3640 4944.51670882
4 1445 3644 4949.12582202
5 1446 3648 4954.0492583
4 1447 3652 4958.51670882
3 1448 3653 4958.82724654
2 1449 3654 4960.12582202
3 1450 3657 4961.52132757
4 1451 3659 4961.64713031
5 1452 3661 4968.3603004
6 1453 3665 4969.78894427
7 1454 3670 4973.78564409
6 1455 3672 4974.0492583
5 1456 3673 4978.64713031
4 1457 3675 4981.52132757
3 1458 3676 4982.3603004
2 1459 3681 4998.64713031
1 1460 3682 5000.0492583
2 1461 3684 5004.4265472
3 1462 3686 5008.83303505
4 1463 3689 5009.87814633
5 1464 3695 5013.60069701
4 1465 3697 5015.4265472
5 1466 3698 5017.01186698
4 1467 3702 5019.83303505
5 1468 3705 5024.75008981
4 1469 3706 5026.4265472
3 1470 3710 5029.87814633
4 1471 3711 5031.04033949
5 1472 3713 5031.88993493
4 1473 3716 5033.83303505
3 1474 3718 5037.4265472
4 1475 3719 5038.49163946
5 1476 3724 5045.95469887
4 1477 3730 5050.83303505
5 1478 3731 5052.16199301
4 1479 3733 5052.49163946
5 1480 3734 5053.92684787
6 1481 3736 5054.38635088
7 1482 3737 5054.58107277
6 1483 3738 5057.04033949
7 1484 3741 5058.36526693
6 1485 3743 5063.04033949
7 1486 3749 5066.63706548
6 1487 3751 5067.92684787
5 1488 3757 5077.04033949
4 1489 3760 5078.16199301
3 1490 3761 5078.61559015
2 1491 3762 5080.04033949
3 1492 3763 5089.88447552
2 1493 3767 5096.92684787
1 1494 3768 5103.88447552
2 1495 3769 5104.79263891
3 1496 3773 5119.62561096
4 1497 3775 5122.9867857
5 1498 3777 5123.17186424
4 1499 3783 5127.79263891
3 1500 3784 5128.17186424
2 1501 3785 5133.62561096
3 1502 3788 5139.85637381
2 1503 3790 5139.9867857
3 1504 3793 5152.39590264
2 1505 3797 5159.85637381
3 1506 3798 5160.71458354
4 1507 3800 5161.17763284
3 1508 3802 5163.39590264
4 1509 3804 5163.88800821
3 1510 3810 5172.17763284
2 1511 3811 5174.71458354
1 1512 3812 5177.71458354
2 1513 3813 5178.77783396
3 1514 3817 5195.16087422
2 1515 3821 5201.77783396
3 1516 3822 5203.90619739
2 1517 3824 5209.16087422
3 1518 3825 5210.81155912
4 1519 3831 5218.63492038
5 1520 3834 5222.92580417
4 1521 3836 5223.90619739
3 1522 3837 5227.81155912
4 1523 3839 5229.23178908
5 1524 3845 5234.4006571
4 1525 3847 5236.92580417
3 1526 3848 5236.92580417
4 1527 3849 5240.41285631
5 1528 3853 5246.63408326
6 1529 3855 5247.01982614
7 1530 3857 5249.51231684
6 1531 3863 5250.63492038
7 1532 3864 5250.84263149
6 1533 3866 5251.4006571
7 1534 3871 5258.60699984
8 1535 3872 5260.38374838
7 1536 3874 5263.41285631
6 1537 3876 5263.63408326
5 1538 3879 5265.4006571
4 1539 3880 5267.01982614
3 1540 3881 5270.63492038
4 1541 3886 5284.40209127
3 1542 3890 5286.41285631
2 1543 3892 5286.63408326
3 1544 3893 5293.6718154
2 1545 3895 5295.40209127
3 1546 3898 5300.99439292
4 1547 3901 5308.99450736
3 1548 3903 5310.6718154
4 1549 3905 5315.19336903
3 1550 3911 5320.99439292
2 1551 3912 5322.99450736
3 1552 3913 5327.93781676
2 1553 3915 5328.99450736
3 1554 3917 5334.33439092
4 1555 3920 5340.52404715
5 1556 3926 5348.36362087
6 1557 3927 5349.14039784
5 1558 3931 5351.33439092
4 1559 3932 5353.93781676
3 1560 3936 5357.52404715
4 1561 3937 5361.33344755
5 1562 3939 5365.30175449
4 1563 3941 5365.33439092
5 1564 3947 5372.97488755
4 1565 3948 5373.93781676
3 1566 3953 5384.33344755
2 1567 3954 5385.33439092
1 1568 3955 5388.33439092
2 1569 3957 5389.41805285
1 1570 3961 5397.41805285
2 1571 3962 5398.64711809
3 1572 3964 5398.77182733
2 1573 3970 5415.64711809
1 1574 3971 5415.77182733
2 1575 3972 5417.68761916
3 1576 3974 5421.76642733
4 1577 3980 5430.53033121
3 1578 3982 5431.68761916
4 1579 3983 5432.56218709
3 1580 3984 5438.76642733
4 1581 3986 5439.00659118
5 1582 3989 5445.52921068
4 1583 3990 5445.68761916
5 1584 3994 5446.79690833
6 1585 3995 5449.13047543
7 1586 3996 5449.68850919
8 1587 3997 5450.5610172
9 1588 3998 5451.82107951
8 1589 4000 5452.76642733
9 1590 4001 5455.62883906
10 1591 4004 5457.59742452
9 1592 4009 5465.68761916
10 1593 4010 5471.12264468
9 1594 4014 5475.76642733
10 1595 4016 5476.26798615
9 1596 4019 5476.68761916
10 1597 4020 5478.27794022
9 1598 4024 5482.68761916
8 1599 4025 5484.68761916
7 1600 4029 5496.68761916
6 1601 4034 5504.76642733
7 1602 4035 5505.50715401
8 1603 4036 5507.62369472
9 1604 4040 5512.16168745
8 1605 4043 5512.76642733
7 1606 4045 5513.68761916
8 1607 4046 5515.28774257
9 1608 4050 5520.66312925
8 1609 4051 5521.76642733
9 1610 4052 5524.68348116
10 1611 4059 5530.94587404
9 1612 4060 5532.76642733
8 1613 4062 5535.76642733
9 1614 4065 5539.81670255
10 1615 4066 5541.30429418
9 1616 4069 5542.68761916
8 1617 4070 5542.68761916
7 1618 4075 5544.68761916
8 1619 4076 5544.73225798
7 1620 4085 5546.41285631
6 1621 4086 5547.68761916
5 1622 4087 5549.68761916
4 1623 4089 5552.76642733
3 1624 4095 5559.99450736
2 1625 4096 5562.99450736
1 1626 4097 5565.99450736
2 1627 4098 5568.83013852
3 1628 4100 5570.77178105
4 1629 4102 5574.03927389
5 1630 4108 5582.80038651
4 1631 4109 5582.83013852
3 1632 4113 5584.77178105
4 1633 4114 5585.87740716
5 1634 4116 5586.79235533
4 1635 4117 5588.03927389
5 1636 4119 5589.55918368
4 1637 4126 5596.03927389
3 1638 4128 5596.83013852
2 1639 4129 5599.87740716
1 1640 4132 5607.03927389
2 1641 4134 5621.21070446
3 1642 4138 5631.25863433
2 1643 4140 5635.21070446
3 1644 4141 5639.16018511
4 1645 4143 5640.13644628
5 1646 4151 5655.43124639
4 1647 4153 5657.25863433
3 1648 4154 5660.13644628
4 1649 4155 5664.1131123
5 1650 4157 5666.35043576
6 1651 4159 5670.09417602
5 1652 4165 5674.16018511
4 1653 4166 5678.43124639
5 1654 4171 5682.66029167
4 1655 4173 5684.1131123
3 1656 4177 5692.35043576
2 1657 4178 5694.16018511
1 1658 4179 5696.66029167
2 1659 4181 5703.23386837
3 1660 4185 5705.94125373
2 1661 4189 5717.23386837
1 1662 4190 5719.94125373
2 1663 4191 5720.46607313
1 1664 4195 5734.46607313
2 1665 4196 5740.66574709
3 1666 4198 5746.55835587
4 1667 4200 5748.17334026
3 1668 4206 5760.55835587
4 1669 4209 5765.12949268
5 1670 4211 5766.62482579
4 1671 4212 5766.66574709
3 1672 4215 5771.17334026
2 1673 4218 5777.66574709
3 1674 4221 5785.99428963
2 1675 4223 5791.12949268
1 1676 4226 5796.99428963
2 1677 4227 5797.91807116
3 1678 4229 5807.48039229
2 1679 4235 5814.91807116
3 1680 4236 5815.68733493
2 1681 4238 5818.48039229
3 1682 4239 5819.15018623
4 1683 4241 5821.5687725
5 1684 4243 5829.10182996
4 1685 4253 5833.15018623
3 1686 4254 5835.5687725
2 1687 4255 5843.10182996
1 1688 4256 5844.68733493
2 1689 4257 5848.75843564
1 1690 4261 5868.75843564
2 1691 4262 5874.71765289
3 1692 4264 5874.79103942
4 1693 4266 5875.394489
5 1694 4270 5881.35575933
6 1695 4274 5884.00646692
5 1696 4279 5888.79103942
6 1697 4281 5889.62843365
5 1698 4283 5892.394489
4 1699 4284 5895.35575933
3 1700 4287 5897.71765289
4 1701 4288 5897.79779568
3 1702 4292 5902.79103942
4 1703 4293 5904.46962002
3 1704 4297 5911.79779568
2 1705 4298 5912.394489
1 1706 4302 5930.46962002
2 1707 4303 5938.96296732
3 1708 4306 5941.95032181
4 1709 4307 5942.46149537
5 1710 4309 5948.39816562
4 1711 4316 5955.96296732
3 1712 4317 5956.46149537
2 1713 4320 5961.96296732
3 1714 4321 5966.4339676
4 1715 4323 5968.85140682
3 1716 4327 5974.39816562
4 1717 4328 5976.26834766
5 1718 4330 5980.84263112
4 1719 4334 5983.4339676
5 1720 4335 5985.38176298
4 1721 4337 5988.85140682
5 1722 4344 5997.03234486
4 1723 4346 5999.38176298
3 1724 4347 6003.84263112
2 1725 4348 6005.26834766
3 1726 4349 6006.61258812
4 1727 4355 6011.00214083
5 1728 4358 6011.77431365
4 1729 4359 6014.61258812
5 1730 4363 6017.11210664
6 1731 4365 6017.4985683
7 1732 4367 6017.58448624
8 1733 4371 6018.67169237
7 1734 4372 6020.03234486
6 1735 4374 6022.00214083
5 1736 4375 6022.00214083
6 1737 4376 6023.14684621
5 1738 4382 6028.4985683
4 1739 4387 6031.58448624
3 1740 4388 6037.11210664
2 1741 4389 6040.03234486
3 1742 4390 6040.26276661
2 1743 4392 6043.14684621
3 1744 4394 6048.88362883
4 1745 4395 6050.48090868
3 1746 4403 6061.48090868
2 1747 4404 6065.88362883
1 1748 4405 6069.26276661
2 1749 4406 6075.18126167
3 1750 4410 6089.08659458
2 1751 4412 6095.18126167
3 1752 4413 6096.4176197
2 1753 4417 6106.08659458
3 1754 4419 6107.08315838
4 1755 4421 6107.28994188
5 1756 4430 6117.90831704
4 1757 4432 6119.4176197
3 1758 4433 6121.08315838
2 1759 4436 6127.28994188
3 1760 4437 6131.28029457
2 1761 4441 6137.90831704
1 1762 4442 6145.28029457
2 1763 4443 6145.86733747
3 1764 4445 6154.58555804
4 1765 4449 6155.87188732
3 1766 4453 6165.86733747
2 1767 4456 6171.58555804
3 1768 4457 6172.88297047
4 1769 4460 6173.76465531
3 1770 4461 6175.87188732
4 1771 4462 6176.82768683
3 1772 4469 6187.82768683
2 1773 4470 6189.88297047
3 1774 4471 6195.15145816
2 1775 4473 6195.88297047
3 1776 4474 6196.71215425
4 1777 4476 6200.9942317
3 1778 4484 6218.15145816
2 1779 4485 6219.71215425
3 1780 4486 6222.38173752
2 1781 4490 6226.9942317
3 1782 4491 6227.31196605
2 1783 4493 6233.38173752
3 1784 4496 6239.56226523
4 1785 4499 6246.04030541
3 1786 4503 6250.31196605
2 1787 4504 6253.56226523
3 1788 4506 6256.45824651
2 1789 4508 6256.56226523
3 1790 4509 6258.33186989
4 1791 4511 6258.57780879
3 1792 4516 6267.45824651
4 1793 4517 6267.96785714
5 1794 4525 6275.11709358
6 1795 4526 6275.28942976
5 1796 4528 6278.33186989
4 1797 4530 6278.96785714
3 1798 4531 6281.57780879
4 1799 4532 6285.87798604
5 1800 4538 6290.48300788
4 1801 4542 6292.96785714
5 1802 4543 6293.47714833
4 1803 4545 6295.33186989
3 1804 4548 6300.96785714
2 1805 4551 6302.87798604
1 1806 4552 6315.33186989
2 1807 4554 6316.31419794
3 1808 4558 6329.07888179
4 1809 4564 6330.40657512
5 1810 4566 6332.73591502
4 1811 4568 6333.31419794
3 1812 4569 6334.07888179
4 1813 4570 6338.74734243
3 1814 4576 6344.31419794
2 1815 4577 6344.40657512
3 1816 4580 6350.07399382
2 1817 4582 6352.74734243
3 1818 4583 6354.32784666
4 1819 4585 6359.16099233
5 1820 4591 6361.68881151
6 1821 4592 6362.47157218
7 1822 4593 6363.95822923
8 1823 4596 6368.91380345
7 1824 4598 6370.07399382
8 1825 4599 6370.77561911
7 1826 4600 6371.32784666
8 1827 4602 6377.29797063
7 1828 4606 6379.16099233
6 1829 4610 6385.32784666
7 1830 4613 6394.09192768
6 1831 4615 6396.07399382
7 1832 4616 6397.73045364
6 1833 4618 6399.16099233
5 1834 4622 6405.32784666
6 1835 4623 6406.01568068
5 1836 4629 6410.07399382
6 1837 4632 6415.57517748
7 1838 4633 6415.61318962
8 1839 4634 6416.19932456
7 1840 4638 6422.16099233
6 1841 4640 6422.32784666
7 1842 4641 6428.68907028
6 1843 4644 6430.07399382
7 1844 4648 6432.36846234
8 1845 4649 6432.96259397
9 1846 4650 6434.57147018
8 1847 4652 6435.07399382
7 1848 4658 6442.32784666
6 1849 4659 6444.07399382
5 1850 4662 6445.16099233
6 1851 4665 6448.47242774
5 1852 4667 6449.07399382
6 1853 4668 6450.74131271
5 1854 4676 6457.07399382
4 1855 4680 6459.16099233
3 1856 4682 6462.32784666
2 1857 4683 6468.16099233
1 1858 4685 6474.07399382
2 1859 4688 6481.86918441
3 1860 4691 6488.82979919
2 1861 4697 6504.86918441
3 1862 4698 6507.19417706
2 1863 4700 6508.82979919
3 1864 4701 6517.9354745
4 1865 4705 6522.50460483
3 1866 4706 6530.19417706
2 1867 4712 6538.19417706
3 1868 4713 6543.83774046
2 1869 4715 6543.9354745
1 1870 4718 6557.83774046
2 1871 4719 6558.93198941
3 1872 4722 6565.72602484
4 1873 4724 6567.4135922
5 1874 4728 6569.1141085
4 1875 4732 6572.93198941
5 1876 4733 6573.11717935
4 1877 4736 6579.72602484
5 1878 4740 6583.47947106
4 1879 4742 6586.93198941
3 1880 4743 6587.4135922
4 1881 4744 6590.27479664
5 1882 4746 6593.65866898
6 1883 4753 6597.60916332
5 1884 4755 6601.27479664
4 1885 4756 6603.93198941
3 1886 4760 6605.72602484
2 1887 4763 6615.27479664
3 1888 4764 6616.07605684
4 1889 4766 6618.10858471
3 1890 4768 6623.93198941
4 1891 4773 6631.40176742
3 1892 4775 6632.10858471
2 1893 4776 6636.07605684
3 1894 4779 6644.86450847
4 1895 4781 6651.35449718
3 1896 4783 6651.40176742
4 1897 4784 6652.65549211
5 1898 4786 6654.58549533
6 1899 4793 6659.43723786
5 1900 4795 6661.86450847
4 1901 4797 6662.35449718
3 1902 4800 6666.65549211
2 1903 4803 6679.35449718
3 1904 4804 6680.84263863
4 1905 4806 6683.86042392
3 1906 4810 6690.86450847
4 1907 4814 6696.0466865
3 1908 4816 6697.84263863
2 1909 4817 6697.86042392
3 1910 4818 6703.81987519
4 1911 4820 6705.08799057
5 1912 4822 6706.26673426
6 1913 4828 6709.55226787
7 1914 4831 6713.9469712
6 1915 4835 6717.81987519
5 1916 4837 6719.0466865
4 1917 4838 6719.08799057
3 1918 4839 6720.26673426
4 1919 4842 6725.3111294
3 1920 4849 6733.3111294
4 1921 4850 6735.24005144
3 1922 4852 6737.81987519
4 1923 4853 6739.43267648
3 1924 4855 6742.0466865
4 1925 4860 6748.45702544
5 1926 4862 6753.08403632
6 1927 4864 6753.47028083
5 1928 4868 6756.43267648
6 1929 4869 6758.09485036
5 1930 4873 6759.45702544
4 1931 4876 6763.09485036
3 1932 4879 6767.08403632
2 1933 4880 6767.24005144
1 1934 4881 6770.47028083
2 1935 4882 6786.49207795
3 1936 4884 6790.64487913
4 1937 4886 6791.73344341
5 1938 4888 6794.97478861
6 1939 4892 6798.11965022
7 1940 4895 6798.80040266
6 1941 4899 6799.73344341
5 1942 4904 6804.64487913
6 1943 4907 6809.05974206
5 1944 4909 6809.11965022
4 1945 4910 6809.49207795
5 1946 4911 6810.65629515
4 1947 4913 6811.97478861
3 1948 4915 6812.49207795
4 1949 4916 6815.8372179
5 1950 4925 6821.34386056
6 1951 4929 6827.82590766
5 1952 4931 6829.05974206
4 1953 4932 6833.65629515
5 1954 4933 6834.13283951
6 1955 4937 6838.31615804
5 1956 4938 6838.8372179
6 1957 4941 6840.19838472
5 1958 4942 6841.34386056
6 1959 4943 6843.00554519
5 1960 4945 6843.05974206
4 1961 4953 6849.8372179
3 1962 4954 6851.00554519
4 1963 4955 6851.91264863
5 1964 4957 6854.74521639
4 1965 4959 6857.13283951
3 1966 4960 6858.8372179
4 1967 4963 6860.48222162
3 1968 4965 6862.91264863
4 1969 4966 6863.19801776
3 1970 4972 6874.48222162
2 1971 4973 6874.74521639
3 1972 4976 6885.0713698
2 1973 4978 6889.19801776
3 1974 4982 6896.49630204
4 1975 4985 6902.71133404
3 1976 4987 6908.0713698
4 1977 4992 6919.05357777
3 1978 4994 6925.49630204
2 1979 4995 6925.71133404
3 1980 4996 6930.86513969
2 1981 5002 6936.05357777
3 1982 5003 6944.64441573
2 1983 5005 6944.86513969
3 1984 5006 6950.84253681
4 1985 5008 6951.65505251
5 1986 5013 6955.81206384
4 1987 5017 6961.64441573
3 1988 5020 6967.64441573
4 1989 5021 6967.70497648
3 1990 5023 6967.84253681
2 1991 5024 6971.65505251
3 1992 5025 6975.07427747
2 1993 5031 6984.70497648
3 1994 5032 6987.87439299
4 1995 5034 6990.9696769
5 1996 5036 6991.18108709
4 1997 5037 6995.07427747
3 1998 5044 7001.87439299
2 1999 5047 7004.9696769
1 2000 5050 7012.07427747
0 2001 5051 7018.87439299
0 2002 5053 7117.19801776
